2026-04-26 13:25:29.462: [INFO] VisibilityChanged: 0
2026-04-26 13:25:29.475: [INFO] RecordSyncInitDuration has_sync_been_enabled: 0 state: 0
2026-04-26 13:25:29.476: [INFO] RecordSyncInitDuration has_sync_been_enabled: 0 state: 0
2026-04-26 13:25:29.476: [INFO] RecordSyncInitDuration has_sync_been_enabled: 0 state: 0
2026-04-26 13:25:29.477: [INFO] RecordSyncInitDuration has_sync_been_enabled: 0 state: 0
2026-04-26 13:25:29.477: [INFO] RecordSyncInitDuration has_sync_been_enabled: 0 state: 0
2026-04-26 13:25:29.478: [INFO] RecordSyncInitDuration has_sync_been_enabled: 0 state: 0
2026-04-26 13:25:29.479: [INFO] RecordSyncInitDuration has_sync_been_enabled: 0 state: 0
2026-04-26 13:25:29.479: [INFO] RecordSyncInitDuration has_sync_been_enabled: 0 state: 0
2026-04-26 13:25:29.480: [INFO] RecordSyncInitDuration has_sync_been_enabled: 0 state: 0
2026-04-26 13:25:29.480: [INFO] RecordSyncInitDuration has_sync_been_enabled: 0 state: 0
2026-04-26 13:25:29.481: [INFO] RecordSyncInitDuration has_sync_been_enabled: 0 state: 0
2026-04-26 13:25:29.481: [INFO] RecordSyncInitDuration has_sync_been_enabled: 0 state: 0
2026-04-26 13:25:29.489: [INFO] BookmarkModelLoaded, ids_reassigned: 0
2026-04-26 13:25:29.489: [INFO] OnDoneLoading sync enabled: 0
2026-04-26 13:25:29.531: [INFO] RecordSyncInitDuration has_sync_been_enabled: 0 state: 0
2026-04-26 13:25:30.333: [INFO] RecordSyncInitDuration has_sync_been_enabled: 0 state: 0
2026-04-26 13:25:30.335: [INFO] RecordSyncInitDuration has_sync_been_enabled: 0 state: 3
2026-04-26 13:25:30.337: [INFO] Primary account changed.
2026-04-26 13:25:30.337: [INFO] OnPrimaryAccountChanged PrimaryAccountChangeEvent::Type::kSet
2026-04-26 13:25:30.339: [INFO] RecordSyncInitDuration has_sync_been_enabled: 0 state: 3
2026-04-26 13:25:30.345: [INFO] RecordSyncInitDuration has_sync_been_enabled: 0 state: 3
2026-04-26 13:25:31.274: [INFO] BookmarkNodeAdded, ABU: 0
2026-04-26 13:25:31.275: [INFO] BookmarkNodeAdded, ABU: 0
2026-04-26 13:25:31.275: [INFO] BookmarkNodeAdded, ABU: 0
2026-04-26 13:25:31.275: [INFO] BookmarkNodeAdded, ABU: 0
2026-04-26 13:25:31.276: [INFO] BookmarkNodeAdded, ABU: 0
2026-04-26 13:25:31.276: [INFO] BookmarkNodeAdded, ABU: 0
2026-04-26 13:25:31.276: [INFO] BookmarkNodeAdded, ABU: 0
2026-04-26 13:25:31.277: [INFO] BookmarkNodeAdded, ABU: 0
2026-04-26 13:25:31.277: [INFO] BookmarkNodeAdded, ABU: 0
2026-04-26 13:25:31.277: [INFO] BookmarkNodeAdded, ABU: 0
