{"logTime": "0426/132607", "correlationVector":"qlPnwMWa8tGGHPgcCcTatL.1","action":"SyncServerConnectionManagerRequest", "result":"SYNC_SERVER_OK", "context":{"environment":"Prod_westus2_prod-s01-035-nam-westus2", "migrationStage":"NotStarted", "server":"akswtt11300000n"}}
{"logTime": "0426/132607", "correlationVector":"qlPnwMWa8tGGHPgcCcTatL.2","action":"ProcessGetUpdates", "result":"Done", "context":{"dataType":"Encryption Keys", "deleted":"0", "process_failed_to_decrypt":"0", "process_pending_decryption":"0", "process_success":"1", "total":"1"}}
{"logTime": "0426/132608", "correlationVector":"7lTHpRsB5livCRVNP33F08","action":"SyncServerConnectionManagerRequest", "result":"SYNC_SERVER_OK", "context":{"environment":"", "migrationStage":"", "server":""}}
{"logTime": "0426/132608", "correlationVector":"7lTHpRsB5livCRVNP33F08.0","action":"EncryptionKeysFetcher.DownloadKeys:", "result":"Success", "context":Key count: 5, Last key timestamp: 2026-04-18T03:48:13Z}
{"logTime": "0426/132608", "correlationVector":"7lTHpRsB5livCRVNP33F08.1","action":"EncryptionKeysManager::SetEncryptionKeys:", "result":"Success", "context":Key names[5]:[lBLlivP0tL7DaZCLOxY0Ms4GCmsztTwaiZZnWuhIrvxf62WQbQQOrEOZFqDAc6XX8sNCG3UdMSQXoQPb7570QQ==][lVznK7+X4kMFXxOXBoPhpSbjH3WghWADowbo4a72vMU6iWo8i79nPTR5N+6F83VtFpBywxdhc0xV21a2Jm/A6g==][Rkjhz4tCaGQHbFM9iina6dfubiNJH3/8Nb0P3dtJ1SeLsFRspz/UbUDes0Q9ENkkHUncnfUvSXI6M+uJbc+N9w==][qNbI0n6v/hh0ojvUbrBt2zg5a/wjTFo4ReIKDxAcek9QLy5Lb4ncifiaiqLrQxn4dHE7159KCWd7txz5PXG7pA==][EQnJNat9nLGhQ3sWluAQbvJNaL11ABTMNp2x6WBZFViiXC6pyhYenoSQCzCxCCt+LnXbXP/vleqfYDQYpxNb5A==]}
{"logTime": "0426/132608", "correlationVector":"7lTHpRsB5livCRVNP33F08.2","action":"EncryptionKeysManager::SetEncryptionKeysWithTimestamps:", "result":"Success", "context":Key timestamps[5]:[2024-04-18T22:10:58Z][2024-10-16T20:23:03Z][2025-04-14T23:12:43Z][2025-10-14T00:38:14Z][2026-04-18T03:48:13Z]}
{"logTime": "0426/132608", "correlationVector":"qlPnwMWa8tGGHPgcCcTatL","action":"Initial GetUpdates", "result":"", "context":Reason: NEW_CLIENT. cV=qlPnwMWa8tGGHPgcCcTatL}
{"logTime": "0426/132608", "correlationVector":"qlPnwMWa8tGGHPgcCcTatL.3","action":"GetUpdates Response", "result":"Success", "context":Received 1 update(s). cV=qlPnwMWa8tGGHPgcCcTatL.0;server=akswtt11300000n;cloudType=Consumer;environment=Prod_westus2_prod-s01-035-nam-westus2;migrationStage=NotStarted}
{"logTime": "0426/132608", "correlationVector":"x1twtmHEMW/eqETEjKG++E","action":"Initial GetUpdates", "result":"", "context":Reason: NEWLY_SUPPORTED_DATATYPE. cV=x1twtmHEMW/eqETEjKG++E}
{"logTime": "0426/132608", "correlationVector":"x1twtmHEMW/eqETEjKG++E.1","action":"SyncServerConnectionManagerRequest", "result":"SYNC_SERVER_OK", "context":{"environment":"Prod_westus2_prod-s01-035-nam-westus2", "migrationStage":"NotStarted", "server":"akswtt113000009"}}
{"logTime": "0426/132608", "correlationVector":"x1twtmHEMW/eqETEjKG++E.2","action":"ProcessGetUpdates", "result":"Done", "context":{"dataType":"Preferences", "deleted":"0", "process_failed_to_decrypt":"0", "process_pending_decryption":"0", "process_success":"89", "total":"89"}}
{"logTime": "0426/132608", "correlationVector":"x1twtmHEMW/eqETEjKG++E.3","action":"ProcessGetUpdates", "result":"Done", "context":{"dataType":"Passwords", "deleted":"0", "process_failed_to_decrypt":"0", "process_pending_decryption":"0", "process_success":"52", "total":"52"}}
{"logTime": "0426/132608", "correlationVector":"x1twtmHEMW/eqETEjKG++E.4","action":"ProcessGetUpdates", "result":"Done", "context":{"dataType":"Device Info", "deleted":"0", "process_failed_to_decrypt":"0", "process_pending_decryption":"0", "process_success":"10", "total":"10"}}
{"logTime": "0426/132608", "correlationVector":"x1twtmHEMW/eqETEjKG++E.5","action":"GetUpdates Response", "result":"Success", "context":Received 151 update(s). cV=x1twtmHEMW/eqETEjKG++E.0;server=akswtt113000009;cloudType=Consumer;environment=Prod_westus2_prod-s01-035-nam-westus2;migrationStage=NotStarted}
{"logTime": "0426/132608", "correlationVector":"ww698Dk0ZcfxDR4m0mDCRC","action":"Initial GetUpdates", "result":"", "context":Reason: NEWLY_SUPPORTED_DATATYPE. cV=ww698Dk0ZcfxDR4m0mDCRC}
{"logTime": "0426/132608", "correlationVector":"ww698Dk0ZcfxDR4m0mDCRC.1","action":"SyncServerConnectionManagerRequest", "result":"SYNC_SERVER_OK", "context":{"environment":"Prod_westus2_prod-s01-035-nam-westus2", "migrationStage":"NotStarted", "server":"akswtt11300000n"}}
{"logTime": "0426/132608", "correlationVector":"ww698Dk0ZcfxDR4m0mDCRC.2","action":"ProcessGetUpdates", "result":"Done", "context":{"dataType":"Bookmarks", "deleted":"1", "process_failed_to_decrypt":"0", "process_pending_decryption":"0", "process_success":"17", "total":"17"}}
{"logTime": "0426/132608", "correlationVector":"ww698Dk0ZcfxDR4m0mDCRC.3","action":"GetUpdates Response", "result":"Success", "context":Received 17 update(s). cV=ww698Dk0ZcfxDR4m0mDCRC.0;server=akswtt11300000n;cloudType=Consumer;environment=Prod_westus2_prod-s01-035-nam-westus2;migrationStage=NotStarted}
{"logTime": "0426/132608", "correlationVector":"nNuxoassPUQnt8NpYyL7iF","action":"Initial GetUpdates", "result":"", "context":Reason: NEWLY_SUPPORTED_DATATYPE. cV=nNuxoassPUQnt8NpYyL7iF}
{"logTime": "0426/132609", "correlationVector":"nNuxoassPUQnt8NpYyL7iF.1","action":"SyncServerConnectionManagerRequest", "result":"SYNC_SERVER_OK", "context":{"environment":"Prod_westus2_prod-s01-035-nam-westus2", "migrationStage":"NotStarted", "server":"akswtt113000009"}}
{"logTime": "0426/132609", "correlationVector":"nNuxoassPUQnt8NpYyL7iF.2","action":"ProcessGetUpdates", "result":"Done", "context":{"dataType":"Autofill", "deleted":"0", "process_failed_to_decrypt":"0", "process_pending_decryption":"0", "process_success":"236", "total":"236"}}
{"logTime": "0426/132609", "correlationVector":"nNuxoassPUQnt8NpYyL7iF.3","action":"ProcessGetUpdates", "result":"Done", "context":{"dataType":"Sessions", "deleted":"14", "process_failed_to_decrypt":"0", "process_pending_decryption":"0", "process_success":"14", "total":"14"}}
{"logTime": "0426/132609", "correlationVector":"nNuxoassPUQnt8NpYyL7iF.4","action":"GetUpdates Response", "result":"Success", "context":Received 250 update(s). cV=nNuxoassPUQnt8NpYyL7iF.0;server=akswtt113000009;cloudType=Consumer;environment=Prod_westus2_prod-s01-035-nam-westus2;migrationStage=NotStarted Some updates remain.}
{"logTime": "0426/132609", "correlationVector":"1OvPG4IXbDhmjcIOIlaWVr","action":"Initial GetUpdates", "result":"", "context":Reason: NEWLY_SUPPORTED_DATATYPE. cV=1OvPG4IXbDhmjcIOIlaWVr}
{"logTime": "0426/132609", "correlationVector":"1OvPG4IXbDhmjcIOIlaWVr.1","action":"SyncServerConnectionManagerRequest", "result":"SYNC_SERVER_OK", "context":{"environment":"Prod_westus2_prod-s01-035-nam-westus2", "migrationStage":"NotStarted", "server":"akswtt113000007"}}
{"logTime": "0426/132609", "correlationVector":"1OvPG4IXbDhmjcIOIlaWVr.2","action":"ProcessGetUpdates", "result":"Done", "context":{"dataType":"Sessions", "deleted":"248", "process_failed_to_decrypt":"0", "process_pending_decryption":"0", "process_success":"248", "total":"248"}}
{"logTime": "0426/132609", "correlationVector":"1OvPG4IXbDhmjcIOIlaWVr.3","action":"ProcessGetUpdates", "result":"Done", "context":{"dataType":"Edge Hub App Usage", "deleted":"1", "process_failed_to_decrypt":"0", "process_pending_decryption":"0", "process_success":"2", "total":"2"}}
{"logTime": "0426/132609", "correlationVector":"1OvPG4IXbDhmjcIOIlaWVr.4","action":"GetUpdates Response", "result":"Success", "context":Received 250 update(s). cV=1OvPG4IXbDhmjcIOIlaWVr.0;server=akswtt113000007;cloudType=Consumer;environment=Prod_westus2_prod-s01-035-nam-westus2;migrationStage=NotStarted Some updates remain.}
{"logTime": "0426/132609", "correlationVector":"wMEo4sDAdLUlFFI/S30Gsn","action":"Initial GetUpdates", "result":"", "context":Reason: NEWLY_SUPPORTED_DATATYPE. cV=wMEo4sDAdLUlFFI/S30Gsn}
{"logTime": "0426/132611", "correlationVector":"wMEo4sDAdLUlFFI/S30Gsn.1","action":"SyncServerConnectionManagerRequest", "result":"SYNC_SERVER_OK", "context":{"environment":"Prod_westus2_prod-s01-035-nam-westus2", "migrationStage":"NotStarted", "server":"akswtt113000000"}}
{"logTime": "0426/132611", "correlationVector":"wMEo4sDAdLUlFFI/S30Gsn.2","action":"ProcessGetUpdates", "result":"Done", "context":{"dataType":"Sessions", "deleted":"243", "process_failed_to_decrypt":"0", "process_pending_decryption":"0", "process_success":"243", "total":"243"}}
{"logTime": "0426/132611", "correlationVector":"wMEo4sDAdLUlFFI/S30Gsn.3","action":"ProcessGetUpdates", "result":"Done", "context":{"dataType":"Saved Tab Group", "deleted":"0", "process_failed_to_decrypt":"0", "process_pending_decryption":"0", "process_success":"4", "total":"4"}}
{"logTime": "0426/132611", "correlationVector":"wMEo4sDAdLUlFFI/S30Gsn.4","action":"ProcessGetUpdates", "result":"Done", "context":{"dataType":"Edge Hub App Usage", "deleted":"3", "process_failed_to_decrypt":"0", "process_pending_decryption":"0", "process_success":"3", "total":"3"}}
{"logTime": "0426/132611", "correlationVector":"wMEo4sDAdLUlFFI/S30Gsn.5","action":"GetUpdates Response", "result":"Success", "context":Received 250 update(s). cV=wMEo4sDAdLUlFFI/S30Gsn.0;server=akswtt113000000;cloudType=Consumer;environment=Prod_westus2_prod-s01-035-nam-westus2;migrationStage=NotStarted Some updates remain.}
{"logTime": "0426/132611", "correlationVector":"qFdsbqNkxYciIYQPNa0x25","action":"Initial GetUpdates", "result":"", "context":Reason: NEWLY_SUPPORTED_DATATYPE. cV=qFdsbqNkxYciIYQPNa0x25}
