{"logTime": "0426/175000", "correlationVector":"nIDy7KYWbARrieRCfoUosh.1","action":"SyncServerConnectionManagerRequest", "result":"SYNC_SERVER_OK", "context":{"environment":"Prod_westus2_prod-s01-035-nam-westus2", "migrationStage":"NotStarted", "server":"akswtt11300000e"}}
{"logTime": "0426/175000", "correlationVector":"nIDy7KYWbARrieRCfoUosh.2","action":"ProcessGetUpdates", "result":"Done", "context":{"dataType":"Encryption Keys", "deleted":"0", "process_failed_to_decrypt":"0", "process_pending_decryption":"0", "process_success":"1", "total":"1"}}
{"logTime": "0426/175000", "correlationVector":"1wSUj+wK5iC5d5mbrtQxGE","action":"SyncServerConnectionManagerRequest", "result":"SYNC_SERVER_OK", "context":{"environment":"", "migrationStage":"", "server":""}}
{"logTime": "0426/175000", "correlationVector":"1wSUj+wK5iC5d5mbrtQxGE.0","action":"EncryptionKeysFetcher.DownloadKeys:", "result":"Success", "context":Key count: 5, Last key timestamp: 2026-04-18T03:48:13Z}
{"logTime": "0426/175000", "correlationVector":"1wSUj+wK5iC5d5mbrtQxGE.1","action":"EncryptionKeysManager::SetEncryptionKeys:", "result":"Success", "context":Key names[5]:[lBLlivP0tL7DaZCLOxY0Ms4GCmsztTwaiZZnWuhIrvxf62WQbQQOrEOZFqDAc6XX8sNCG3UdMSQXoQPb7570QQ==][lVznK7+X4kMFXxOXBoPhpSbjH3WghWADowbo4a72vMU6iWo8i79nPTR5N+6F83VtFpBywxdhc0xV21a2Jm/A6g==][Rkjhz4tCaGQHbFM9iina6dfubiNJH3/8Nb0P3dtJ1SeLsFRspz/UbUDes0Q9ENkkHUncnfUvSXI6M+uJbc+N9w==][qNbI0n6v/hh0ojvUbrBt2zg5a/wjTFo4ReIKDxAcek9QLy5Lb4ncifiaiqLrQxn4dHE7159KCWd7txz5PXG7pA==][EQnJNat9nLGhQ3sWluAQbvJNaL11ABTMNp2x6WBZFViiXC6pyhYenoSQCzCxCCt+LnXbXP/vleqfYDQYpxNb5A==]}
{"logTime": "0426/175000", "correlationVector":"1wSUj+wK5iC5d5mbrtQxGE.2","action":"EncryptionKeysManager::SetEncryptionKeysWithTimestamps:", "result":"Success", "context":Key timestamps[5]:[2024-04-18T22:10:58Z][2024-10-16T20:23:03Z][2025-04-14T23:12:43Z][2025-10-14T00:38:14Z][2026-04-18T03:48:13Z]}
{"logTime": "0426/175000", "correlationVector":"nIDy7KYWbARrieRCfoUosh","action":"Initial GetUpdates", "result":"", "context":Reason: NEW_CLIENT. cV=nIDy7KYWbARrieRCfoUosh}
{"logTime": "0426/175000", "correlationVector":"nIDy7KYWbARrieRCfoUosh.3","action":"GetUpdates Response", "result":"Success", "context":Received 1 update(s). cV=nIDy7KYWbARrieRCfoUosh.0;server=akswtt11300000e;cloudType=Consumer;environment=Prod_westus2_prod-s01-035-nam-westus2;migrationStage=NotStarted}
{"logTime": "0426/175000", "correlationVector":"SuUc0rSEVHZKcLdx2atJNr","action":"Initial GetUpdates", "result":"", "context":Reason: NEWLY_SUPPORTED_DATATYPE. cV=SuUc0rSEVHZKcLdx2atJNr}
{"logTime": "0426/175001", "correlationVector":"SuUc0rSEVHZKcLdx2atJNr.1","action":"SyncServerConnectionManagerRequest", "result":"SYNC_SERVER_OK", "context":{"environment":"Prod_westus2_prod-s01-035-nam-westus2", "migrationStage":"NotStarted", "server":"akswtt113000005"}}
{"logTime": "0426/175001", "correlationVector":"SuUc0rSEVHZKcLdx2atJNr.2","action":"ProcessGetUpdates", "result":"Done", "context":{"dataType":"Preferences", "deleted":"0", "process_failed_to_decrypt":"0", "process_pending_decryption":"0", "process_success":"89", "total":"89"}}
{"logTime": "0426/175001", "correlationVector":"SuUc0rSEVHZKcLdx2atJNr.3","action":"ProcessGetUpdates", "result":"Done", "context":{"dataType":"Passwords", "deleted":"0", "process_failed_to_decrypt":"0", "process_pending_decryption":"0", "process_success":"52", "total":"52"}}
{"logTime": "0426/175001", "correlationVector":"SuUc0rSEVHZKcLdx2atJNr.4","action":"ProcessGetUpdates", "result":"Done", "context":{"dataType":"Device Info", "deleted":"0", "process_failed_to_decrypt":"0", "process_pending_decryption":"0", "process_success":"31", "total":"31"}}
{"logTime": "0426/175001", "correlationVector":"SuUc0rSEVHZKcLdx2atJNr.5","action":"GetUpdates Response", "result":"Success", "context":Received 172 update(s). cV=SuUc0rSEVHZKcLdx2atJNr.0;server=akswtt113000005;cloudType=Consumer;environment=Prod_westus2_prod-s01-035-nam-westus2;migrationStage=NotStarted}
{"logTime": "0426/175001", "correlationVector":"8uFIp9loNwr/qhWu2ZQgHk","action":"Initial GetUpdates", "result":"", "context":Reason: NEWLY_SUPPORTED_DATATYPE. cV=8uFIp9loNwr/qhWu2ZQgHk}
{"logTime": "0426/175001", "correlationVector":"8uFIp9loNwr/qhWu2ZQgHk.1","action":"SyncServerConnectionManagerRequest", "result":"SYNC_SERVER_OK", "context":{"environment":"Prod_westus2_prod-s01-035-nam-westus2", "migrationStage":"NotStarted", "server":"akswtt11300000g"}}
{"logTime": "0426/175001", "correlationVector":"8uFIp9loNwr/qhWu2ZQgHk.2","action":"ProcessGetUpdates", "result":"Done", "context":{"dataType":"Bookmarks", "deleted":"1", "process_failed_to_decrypt":"0", "process_pending_decryption":"0", "process_success":"17", "total":"17"}}
{"logTime": "0426/175001", "correlationVector":"8uFIp9loNwr/qhWu2ZQgHk.3","action":"GetUpdates Response", "result":"Success", "context":Received 17 update(s). cV=8uFIp9loNwr/qhWu2ZQgHk.0;server=akswtt11300000g;cloudType=Consumer;environment=Prod_westus2_prod-s01-035-nam-westus2;migrationStage=NotStarted}
{"logTime": "0426/175001", "correlationVector":"coUCYjtZrvXLlcSEvplz5f","action":"Initial GetUpdates", "result":"", "context":Reason: NEWLY_SUPPORTED_DATATYPE. cV=coUCYjtZrvXLlcSEvplz5f}
{"logTime": "0426/175001", "correlationVector":"coUCYjtZrvXLlcSEvplz5f.1","action":"SyncServerConnectionManagerRequest", "result":"SYNC_SERVER_OK", "context":{"environment":"Prod_westus2_prod-s01-035-nam-westus2", "migrationStage":"NotStarted", "server":"akswtt11300000l"}}
{"logTime": "0426/175001", "correlationVector":"coUCYjtZrvXLlcSEvplz5f.2","action":"ProcessGetUpdates", "result":"Done", "context":{"dataType":"Autofill", "deleted":"0", "process_failed_to_decrypt":"0", "process_pending_decryption":"0", "process_success":"236", "total":"236"}}
{"logTime": "0426/175001", "correlationVector":"coUCYjtZrvXLlcSEvplz5f.3","action":"ProcessGetUpdates", "result":"Done", "context":{"dataType":"Sessions", "deleted":"14", "process_failed_to_decrypt":"0", "process_pending_decryption":"0", "process_success":"14", "total":"14"}}
{"logTime": "0426/175001", "correlationVector":"coUCYjtZrvXLlcSEvplz5f.4","action":"GetUpdates Response", "result":"Success", "context":Received 250 update(s). cV=coUCYjtZrvXLlcSEvplz5f.0;server=akswtt11300000l;cloudType=Consumer;environment=Prod_westus2_prod-s01-035-nam-westus2;migrationStage=NotStarted Some updates remain.}
{"logTime": "0426/175001", "correlationVector":"lHS7zYivmisfpo6Q/0E1Gv","action":"Initial GetUpdates", "result":"", "context":Reason: NEWLY_SUPPORTED_DATATYPE. cV=lHS7zYivmisfpo6Q/0E1Gv}
{"logTime": "0426/175002", "correlationVector":"lHS7zYivmisfpo6Q/0E1Gv.1","action":"SyncServerConnectionManagerRequest", "result":"SYNC_SERVER_OK", "context":{"environment":"Prod_westus2_prod-s01-035-nam-westus2", "migrationStage":"NotStarted", "server":"akswtt11300000f"}}
{"logTime": "0426/175002", "correlationVector":"lHS7zYivmisfpo6Q/0E1Gv.2","action":"ProcessGetUpdates", "result":"Done", "context":{"dataType":"Sessions", "deleted":"248", "process_failed_to_decrypt":"0", "process_pending_decryption":"0", "process_success":"248", "total":"248"}}
{"logTime": "0426/175002", "correlationVector":"lHS7zYivmisfpo6Q/0E1Gv.3","action":"ProcessGetUpdates", "result":"Done", "context":{"dataType":"Edge Hub App Usage", "deleted":"1", "process_failed_to_decrypt":"0", "process_pending_decryption":"0", "process_success":"2", "total":"2"}}
{"logTime": "0426/175002", "correlationVector":"lHS7zYivmisfpo6Q/0E1Gv.4","action":"GetUpdates Response", "result":"Success", "context":Received 250 update(s). cV=lHS7zYivmisfpo6Q/0E1Gv.0;server=akswtt11300000f;cloudType=Consumer;environment=Prod_westus2_prod-s01-035-nam-westus2;migrationStage=NotStarted Some updates remain.}
{"logTime": "0426/175002", "correlationVector":"PK00DVbM4rm39ThzZeI4IC","action":"Initial GetUpdates", "result":"", "context":Reason: NEWLY_SUPPORTED_DATATYPE. cV=PK00DVbM4rm39ThzZeI4IC}
{"logTime": "0426/175002", "correlationVector":"PK00DVbM4rm39ThzZeI4IC.1","action":"SyncServerConnectionManagerRequest", "result":"SYNC_SERVER_OK", "context":{"environment":"Prod_westus2_prod-s01-035-nam-westus2", "migrationStage":"NotStarted", "server":"akswtt11300000r"}}
{"logTime": "0426/175002", "correlationVector":"PK00DVbM4rm39ThzZeI4IC.2","action":"ProcessGetUpdates", "result":"Done", "context":{"dataType":"Sessions", "deleted":"243", "process_failed_to_decrypt":"0", "process_pending_decryption":"0", "process_success":"243", "total":"243"}}
{"logTime": "0426/175002", "correlationVector":"PK00DVbM4rm39ThzZeI4IC.3","action":"ProcessGetUpdates", "result":"Done", "context":{"dataType":"Saved Tab Group", "deleted":"0", "process_failed_to_decrypt":"0", "process_pending_decryption":"0", "process_success":"4", "total":"4"}}
{"logTime": "0426/175002", "correlationVector":"PK00DVbM4rm39ThzZeI4IC.4","action":"ProcessGetUpdates", "result":"Done", "context":{"dataType":"Edge Hub App Usage", "deleted":"3", "process_failed_to_decrypt":"0", "process_pending_decryption":"0", "process_success":"3", "total":"3"}}
{"logTime": "0426/175002", "correlationVector":"PK00DVbM4rm39ThzZeI4IC.5","action":"GetUpdates Response", "result":"Success", "context":Received 250 update(s). cV=PK00DVbM4rm39ThzZeI4IC.0;server=akswtt11300000r;cloudType=Consumer;environment=Prod_westus2_prod-s01-035-nam-westus2;migrationStage=NotStarted Some updates remain.}
{"logTime": "0426/175002", "correlationVector":"REc8128zMf0wdewh7i84Dh","action":"Initial GetUpdates", "result":"", "context":Reason: NEWLY_SUPPORTED_DATATYPE. cV=REc8128zMf0wdewh7i84Dh}
{"logTime": "0426/175002", "correlationVector":"REc8128zMf0wdewh7i84Dh.1","action":"SyncServerConnectionManagerRequest", "result":"SYNC_SERVER_OK", "context":{"environment":"Prod_westus2_prod-s01-035-nam-westus2", "migrationStage":"NotStarted", "server":"akswtt11300000u"}}
{"logTime": "0426/175002", "correlationVector":"REc8128zMf0wdewh7i84Dh.2","action":"ProcessGetUpdates", "result":"Done", "context":{"dataType":"Extensions", "deleted":"0", "process_failed_to_decrypt":"0", "process_pending_decryption":"0", "process_success":"1", "total":"1"}}
{"logTime": "0426/175002", "correlationVector":"REc8128zMf0wdewh7i84Dh.3","action":"ProcessGetUpdates", "result":"Done", "context":{"dataType":"Sessions", "deleted":"248", "process_failed_to_decrypt":"0", "process_pending_decryption":"0", "process_success":"248", "total":"248"}}
{"logTime": "0426/175002", "correlationVector":"REc8128zMf0wdewh7i84Dh.4","action":"ProcessGetUpdates", "result":"Done", "context":{"dataType":"Edge Hub App Usage", "deleted":"1", "process_failed_to_decrypt":"0", "process_pending_decryption":"0", "process_success":"1", "total":"1"}}
{"logTime": "0426/175002", "correlationVector":"REc8128zMf0wdewh7i84Dh.5","action":"GetUpdates Response", "result":"Success", "context":Received 250 update(s). cV=REc8128zMf0wdewh7i84Dh.0;server=akswtt11300000u;cloudType=Consumer;environment=Prod_westus2_prod-s01-035-nam-westus2;migrationStage=NotStarted Some updates remain.}
{"logTime": "0426/175002", "correlationVector":"ns3DDoLRVS0nIM9GeoahUT","action":"Initial GetUpdates", "result":"", "context":Reason: NEWLY_SUPPORTED_DATATYPE. cV=ns3DDoLRVS0nIM9GeoahUT}
{"logTime": "0426/175003", "correlationVector":"ns3DDoLRVS0nIM9GeoahUT.1","action":"SyncServerConnectionManagerRequest", "result":"SYNC_SERVER_OK", "context":{"environment":"Prod_westus2_prod-s01-035-nam-westus2", "migrationStage":"NotStarted", "server":"akswtt11300000r"}}
{"logTime": "0426/175003", "correlationVector":"ns3DDoLRVS0nIM9GeoahUT.2","action":"ProcessGetUpdates", "result":"Done", "context":{"dataType":"Sessions", "deleted":"248", "process_failed_to_decrypt":"0", "process_pending_decryption":"0", "process_success":"248", "total":"248"}}
{"logTime": "0426/175003", "correlationVector":"ns3DDoLRVS0nIM9GeoahUT.3","action":"ProcessGetUpdates", "result":"Done", "context":{"dataType":"Edge Hub App Usage", "deleted":"1", "process_failed_to_decrypt":"0", "process_pending_decryption":"0", "process_success":"2", "total":"2"}}
{"logTime": "0426/175003", "correlationVector":"ns3DDoLRVS0nIM9GeoahUT.4","action":"GetUpdates Response", "result":"Success", "context":Received 250 update(s). cV=ns3DDoLRVS0nIM9GeoahUT.0;server=akswtt11300000r;cloudType=Consumer;environment=Prod_westus2_prod-s01-035-nam-westus2;migrationStage=NotStarted Some updates remain.}
{"logTime": "0426/175003", "correlationVector":"RcuVTj+nrhtyCnmxPMfgRS","action":"Initial GetUpdates", "result":"", "context":Reason: NEWLY_SUPPORTED_DATATYPE. cV=RcuVTj+nrhtyCnmxPMfgRS}
{"logTime": "0426/175003", "correlationVector":"RcuVTj+nrhtyCnmxPMfgRS.1","action":"SyncServerConnectionManagerRequest", "result":"SYNC_SERVER_OK", "context":{"environment":"Prod_westus2_prod-s01-035-nam-westus2", "migrationStage":"NotStarted", "server":"akswtt11300000u"}}
{"logTime": "0426/175003", "correlationVector":"RcuVTj+nrhtyCnmxPMfgRS.2","action":"ProcessGetUpdates", "result":"Done", "context":{"dataType":"Autofill Profiles", "deleted":"0", "process_failed_to_decrypt":"0", "process_pending_decryption":"0", "process_success":"10", "total":"10"}}
{"logTime": "0426/175003", "correlationVector":"RcuVTj+nrhtyCnmxPMfgRS.3","action":"ProcessGetUpdates", "result":"Done", "context":{"dataType":"Autofill", "deleted":"0", "process_failed_to_decrypt":"0", "process_pending_decryption":"0", "process_success":"231", "total":"231"}}
{"logTime": "0426/175003", "correlationVector":"RcuVTj+nrhtyCnmxPMfgRS.4","action":"ProcessGetUpdates", "result":"Done", "context":{"dataType":"Sessions", "deleted":"9", "process_failed_to_decrypt":"0", "process_pending_decryption":"0", "process_success":"9", "total":"9"}}
{"logTime": "0426/175003", "correlationVector":"RcuVTj+nrhtyCnmxPMfgRS.5","action":"GetUpdates Response", "result":"Success", "context":Received 250 update(s). cV=RcuVTj+nrhtyCnmxPMfgRS.0;server=akswtt11300000u;cloudType=Consumer;environment=Prod_westus2_prod-s01-035-nam-westus2;migrationStage=NotStarted Some updates remain.}
{"logTime": "0426/175003", "correlationVector":"p/itBw4BgZUmMwF6nFGxMn","action":"Initial GetUpdates", "result":"", "context":Reason: NEWLY_SUPPORTED_DATATYPE. cV=p/itBw4BgZUmMwF6nFGxMn}
{"logTime": "0426/175004", "correlationVector":"p/itBw4BgZUmMwF6nFGxMn.1","action":"SyncServerConnectionManagerRequest", "result":"SYNC_SERVER_OK", "context":{"environment":"Prod_westus2_prod-s01-035-nam-westus2", "migrationStage":"NotStarted", "server":"akswtt11300000f"}}
{"logTime": "0426/175004", "correlationVector":"p/itBw4BgZUmMwF6nFGxMn.2","action":"ProcessGetUpdates", "result":"Done", "context":{"dataType":"Autofill Profiles", "deleted":"0", "process_failed_to_decrypt":"0", "process_pending_decryption":"0", "process_success":"1", "total":"1"}}
{"logTime": "0426/175004", "correlationVector":"p/itBw4BgZUmMwF6nFGxMn.3","action":"ProcessGetUpdates", "result":"Done", "context":{"dataType":"Autofill", "deleted":"0", "process_failed_to_decrypt":"0", "process_pending_decryption":"0", "process_success":"234", "total":"234"}}
{"logTime": "0426/175004", "correlationVector":"p/itBw4BgZUmMwF6nFGxMn.4","action":"ProcessGetUpdates", "result":"Done", "context":{"dataType":"Sessions", "deleted":"15", "process_failed_to_decrypt":"0", "process_pending_decryption":"0", "process_success":"15", "total":"15"}}
{"logTime": "0426/175004", "correlationVector":"p/itBw4BgZUmMwF6nFGxMn.5","action":"GetUpdates Response", "result":"Success", "context":Received 250 update(s). cV=p/itBw4BgZUmMwF6nFGxMn.0;server=akswtt11300000f;cloudType=Consumer;environment=Prod_westus2_prod-s01-035-nam-westus2;migrationStage=NotStarted Some updates remain.}
{"logTime": "0426/175004", "correlationVector":"vlR1wqcB/4kFD7fp4pPa+K","action":"Initial GetUpdates", "result":"", "context":Reason: NEWLY_SUPPORTED_DATATYPE. cV=vlR1wqcB/4kFD7fp4pPa+K}
{"logTime": "0426/175004", "correlationVector":"vlR1wqcB/4kFD7fp4pPa+K.1","action":"SyncServerConnectionManagerRequest", "result":"SYNC_SERVER_OK", "context":{"environment":"Prod_westus2_prod-s01-035-nam-westus2", "migrationStage":"NotStarted", "server":"akswtt11300000b"}}
{"logTime": "0426/175004", "correlationVector":"vlR1wqcB/4kFD7fp4pPa+K.2","action":"ProcessGetUpdates", "result":"Done", "context":{"dataType":"Autofill Profiles", "deleted":"0", "process_failed_to_decrypt":"0", "process_pending_decryption":"0", "process_success":"2", "total":"2"}}
{"logTime": "0426/175004", "correlationVector":"vlR1wqcB/4kFD7fp4pPa+K.3","action":"ProcessGetUpdates", "result":"Done", "context":{"dataType":"Autofill", "deleted":"0", "process_failed_to_decrypt":"0", "process_pending_decryption":"0", "process_success":"48", "total":"48"}}
{"logTime": "0426/175004", "correlationVector":"vlR1wqcB/4kFD7fp4pPa+K.4","action":"ProcessGetUpdates", "result":"Done", "context":{"dataType":"Extensions", "deleted":"0", "process_failed_to_decrypt":"0", "process_pending_decryption":"0", "process_success":"1", "total":"1"}}
{"logTime": "0426/175004", "correlationVector":"vlR1wqcB/4kFD7fp4pPa+K.5","action":"ProcessGetUpdates", "result":"Done", "context":{"dataType":"Sessions", "deleted":"175", "process_failed_to_decrypt":"0", "process_pending_decryption":"0", "process_success":"199", "total":"199"}}
{"logTime": "0426/175004", "correlationVector":"vlR1wqcB/4kFD7fp4pPa+K.6","action":"GetUpdates Response", "result":"Success", "context":Received 250 update(s). cV=vlR1wqcB/4kFD7fp4pPa+K.0;server=akswtt11300000b;cloudType=Consumer;environment=Prod_westus2_prod-s01-035-nam-westus2;migrationStage=NotStarted Some updates remain.}
{"logTime": "0426/175004", "correlationVector":"FCczDxcz7NPr6IyNJS/50K","action":"Initial GetUpdates", "result":"", "context":Reason: NEWLY_SUPPORTED_DATATYPE. cV=FCczDxcz7NPr6IyNJS/50K}
{"logTime": "0426/175004", "correlationVector":"FCczDxcz7NPr6IyNJS/50K.1","action":"SyncServerConnectionManagerRequest", "result":"SYNC_SERVER_OK", "context":{"environment":"Prod_westus2_prod-s01-035-nam-westus2", "migrationStage":"NotStarted", "server":"akswtt11300000f"}}
{"logTime": "0426/175004", "correlationVector":"FCczDxcz7NPr6IyNJS/50K.2","action":"ProcessGetUpdates", "result":"Done", "context":{"dataType":"Sessions", "deleted":"9", "process_failed_to_decrypt":"0", "process_pending_decryption":"0", "process_success":"81", "total":"81"}}
{"logTime": "0426/175004", "correlationVector":"FCczDxcz7NPr6IyNJS/50K.3","action":"GetUpdates Response", "result":"Success", "context":Received 81 update(s). cV=FCczDxcz7NPr6IyNJS/50K.0;server=akswtt11300000f;cloudType=Consumer;environment=Prod_westus2_prod-s01-035-nam-westus2;migrationStage=NotStarted}
{"logTime": "0426/175004", "correlationVector":"0D+ojXcRbCR5cU4BLh9zR2","action":"Initial GetUpdates", "result":"", "context":Reason: NEWLY_SUPPORTED_DATATYPE. cV=0D+ojXcRbCR5cU4BLh9zR2}
{"logTime": "0426/175004", "correlationVector":"0D+ojXcRbCR5cU4BLh9zR2.1","action":"SyncServerConnectionManagerRequest", "result":"SYNC_SERVER_OK", "context":{"environment":"Prod_westus2_prod-s01-035-nam-westus2", "migrationStage":"NotStarted", "server":"akswtt11300000u"}}
{"logTime": "0426/175004", "correlationVector":"0D+ojXcRbCR5cU4BLh9zR2.2","action":"ProcessGetUpdates", "result":"Done", "context":{"dataType":"History", "deleted":"0", "process_failed_to_decrypt":"0", "process_pending_decryption":"0", "process_success":"250", "total":"250"}}
{"logTime": "0426/175004", "correlationVector":"0D+ojXcRbCR5cU4BLh9zR2.3","action":"GetUpdates Response", "result":"Success", "context":Received 250 update(s). cV=0D+ojXcRbCR5cU4BLh9zR2.0;server=akswtt11300000u;cloudType=Consumer;environment=Prod_westus2_prod-s01-035-nam-westus2;migrationStage=NotStarted Some updates remain.}
{"logTime": "0426/175004", "correlationVector":"USpuykZ4rnyc+COp2IbukH","action":"Initial GetUpdates", "result":"", "context":Reason: NEWLY_SUPPORTED_DATATYPE. cV=USpuykZ4rnyc+COp2IbukH}
{"logTime": "0426/175005", "correlationVector":"USpuykZ4rnyc+COp2IbukH.1","action":"SyncServerConnectionManagerRequest", "result":"SYNC_SERVER_OK", "context":{"environment":"Prod_westus2_prod-s01-035-nam-westus2", "migrationStage":"NotStarted", "server":"akswtt11300000m"}}
{"logTime": "0426/175005", "correlationVector":"USpuykZ4rnyc+COp2IbukH.2","action":"ProcessGetUpdates", "result":"Done", "context":{"dataType":"History", "deleted":"0", "process_failed_to_decrypt":"0", "process_pending_decryption":"0", "process_success":"250", "total":"250"}}
{"logTime": "0426/175005", "correlationVector":"USpuykZ4rnyc+COp2IbukH.3","action":"GetUpdates Response", "result":"Success", "context":Received 250 update(s). cV=USpuykZ4rnyc+COp2IbukH.0;server=akswtt11300000m;cloudType=Consumer;environment=Prod_westus2_prod-s01-035-nam-westus2;migrationStage=NotStarted Some updates remain.}
{"logTime": "0426/175005", "correlationVector":"BfSwAUr98nR7v/OMUPyMnj","action":"Initial GetUpdates", "result":"", "context":Reason: NEWLY_SUPPORTED_DATATYPE. cV=BfSwAUr98nR7v/OMUPyMnj}
{"logTime": "0426/175005", "correlationVector":"BfSwAUr98nR7v/OMUPyMnj.1","action":"SyncServerConnectionManagerRequest", "result":"SYNC_SERVER_OK", "context":{"environment":"Prod_westus2_prod-s01-035-nam-westus2", "migrationStage":"NotStarted", "server":"akswtt11300000b"}}
{"logTime": "0426/175005", "correlationVector":"BfSwAUr98nR7v/OMUPyMnj.2","action":"ProcessGetUpdates", "result":"Done", "context":{"dataType":"History", "deleted":"0", "process_failed_to_decrypt":"0", "process_pending_decryption":"0", "process_success":"250", "total":"250"}}
{"logTime": "0426/175005", "correlationVector":"BfSwAUr98nR7v/OMUPyMnj.3","action":"GetUpdates Response", "result":"Success", "context":Received 250 update(s). cV=BfSwAUr98nR7v/OMUPyMnj.0;server=akswtt11300000b;cloudType=Consumer;environment=Prod_westus2_prod-s01-035-nam-westus2;migrationStage=NotStarted Some updates remain.}
{"logTime": "0426/175005", "correlationVector":"CBvDHsXffZnRSKGNEqO0YJ","action":"Initial GetUpdates", "result":"", "context":Reason: NEWLY_SUPPORTED_DATATYPE. cV=CBvDHsXffZnRSKGNEqO0YJ}
{"logTime": "0426/175006", "correlationVector":"CBvDHsXffZnRSKGNEqO0YJ.1","action":"SyncServerConnectionManagerRequest", "result":"SYNC_SERVER_OK", "context":{"environment":"Prod_westus2_prod-s01-035-nam-westus2", "migrationStage":"NotStarted", "server":"akswtt11300000u"}}
{"logTime": "0426/175006", "correlationVector":"CBvDHsXffZnRSKGNEqO0YJ.2","action":"ProcessGetUpdates", "result":"Done", "context":{"dataType":"History", "deleted":"0", "process_failed_to_decrypt":"0", "process_pending_decryption":"0", "process_success":"250", "total":"250"}}
{"logTime": "0426/175006", "correlationVector":"CBvDHsXffZnRSKGNEqO0YJ.3","action":"GetUpdates Response", "result":"Success", "context":Received 250 update(s). cV=CBvDHsXffZnRSKGNEqO0YJ.0;server=akswtt11300000u;cloudType=Consumer;environment=Prod_westus2_prod-s01-035-nam-westus2;migrationStage=NotStarted Some updates remain.}
{"logTime": "0426/175006", "correlationVector":"A+gD5UHV2B3zIOVNsqFjQs","action":"Initial GetUpdates", "result":"", "context":Reason: NEWLY_SUPPORTED_DATATYPE. cV=A+gD5UHV2B3zIOVNsqFjQs}
{"logTime": "0426/175006", "correlationVector":"A+gD5UHV2B3zIOVNsqFjQs.1","action":"SyncServerConnectionManagerRequest", "result":"SYNC_SERVER_OK", "context":{"environment":"Prod_westus2_prod-s01-035-nam-westus2", "migrationStage":"NotStarted", "server":"akswtt11300000m"}}
{"logTime": "0426/175006", "correlationVector":"A+gD5UHV2B3zIOVNsqFjQs.2","action":"ProcessGetUpdates", "result":"Done", "context":{"dataType":"History", "deleted":"0", "process_failed_to_decrypt":"0", "process_pending_decryption":"0", "process_success":"250", "total":"250"}}
{"logTime": "0426/175006", "correlationVector":"A+gD5UHV2B3zIOVNsqFjQs.3","action":"GetUpdates Response", "result":"Success", "context":Received 250 update(s). cV=A+gD5UHV2B3zIOVNsqFjQs.0;server=akswtt11300000m;cloudType=Consumer;environment=Prod_westus2_prod-s01-035-nam-westus2;migrationStage=NotStarted Some updates remain.}
{"logTime": "0426/175006", "correlationVector":"IvPI3kYvoPdhqLByPJtP5i","action":"Initial GetUpdates", "result":"", "context":Reason: NEWLY_SUPPORTED_DATATYPE. cV=IvPI3kYvoPdhqLByPJtP5i}
{"logTime": "0426/175007", "correlationVector":"IvPI3kYvoPdhqLByPJtP5i.1","action":"SyncServerConnectionManagerRequest", "result":"SYNC_SERVER_OK", "context":{"environment":"Prod_westus2_prod-s01-035-nam-westus2", "migrationStage":"NotStarted", "server":"akswtt11300000f"}}
{"logTime": "0426/175007", "correlationVector":"IvPI3kYvoPdhqLByPJtP5i.2","action":"ProcessGetUpdates", "result":"Done", "context":{"dataType":"History", "deleted":"0", "process_failed_to_decrypt":"0", "process_pending_decryption":"0", "process_success":"250", "total":"250"}}
{"logTime": "0426/175007", "correlationVector":"IvPI3kYvoPdhqLByPJtP5i.3","action":"GetUpdates Response", "result":"Success", "context":Received 250 update(s). cV=IvPI3kYvoPdhqLByPJtP5i.0;server=akswtt11300000f;cloudType=Consumer;environment=Prod_westus2_prod-s01-035-nam-westus2;migrationStage=NotStarted Some updates remain.}
{"logTime": "0426/175007", "correlationVector":"Uz1OaPKNYCzjZ24DxEDKzW","action":"Initial GetUpdates", "result":"", "context":Reason: NEWLY_SUPPORTED_DATATYPE. cV=Uz1OaPKNYCzjZ24DxEDKzW}
{"logTime": "0426/175007", "correlationVector":"Uz1OaPKNYCzjZ24DxEDKzW.1","action":"SyncServerConnectionManagerRequest", "result":"SYNC_SERVER_OK", "context":{"environment":"Prod_westus2_prod-s01-035-nam-westus2", "migrationStage":"NotStarted", "server":"akswtt11300000m"}}
{"logTime": "0426/175007", "correlationVector":"Uz1OaPKNYCzjZ24DxEDKzW.2","action":"ProcessGetUpdates", "result":"Done", "context":{"dataType":"History", "deleted":"0", "process_failed_to_decrypt":"0", "process_pending_decryption":"0", "process_success":"250", "total":"250"}}
{"logTime": "0426/175007", "correlationVector":"Uz1OaPKNYCzjZ24DxEDKzW.3","action":"GetUpdates Response", "result":"Success", "context":Received 250 update(s). cV=Uz1OaPKNYCzjZ24DxEDKzW.0;server=akswtt11300000m;cloudType=Consumer;environment=Prod_westus2_prod-s01-035-nam-westus2;migrationStage=NotStarted Some updates remain.}
{"logTime": "0426/175007", "correlationVector":"7tYTgee0s76GTMqo6t+cA6","action":"Initial GetUpdates", "result":"", "context":Reason: NEWLY_SUPPORTED_DATATYPE. cV=7tYTgee0s76GTMqo6t+cA6}
{"logTime": "0426/175007", "correlationVector":"7tYTgee0s76GTMqo6t+cA6.1","action":"SyncServerConnectionManagerRequest", "result":"SYNC_SERVER_OK", "context":{"environment":"Prod_westus2_prod-s01-035-nam-westus2", "migrationStage":"NotStarted", "server":"akswtt11300000t"}}
{"logTime": "0426/175007", "correlationVector":"7tYTgee0s76GTMqo6t+cA6.2","action":"ProcessGetUpdates", "result":"Done", "context":{"dataType":"History", "deleted":"0", "process_failed_to_decrypt":"0", "process_pending_decryption":"0", "process_success":"250", "total":"250"}}
{"logTime": "0426/175007", "correlationVector":"7tYTgee0s76GTMqo6t+cA6.3","action":"GetUpdates Response", "result":"Success", "context":Received 250 update(s). cV=7tYTgee0s76GTMqo6t+cA6.0;server=akswtt11300000t;cloudType=Consumer;environment=Prod_westus2_prod-s01-035-nam-westus2;migrationStage=NotStarted Some updates remain.}
{"logTime": "0426/175007", "correlationVector":"dDu5nvLW1QTa7lcB0SDzFE","action":"Initial GetUpdates", "result":"", "context":Reason: NEWLY_SUPPORTED_DATATYPE. cV=dDu5nvLW1QTa7lcB0SDzFE}
{"logTime": "0426/175008", "correlationVector":"dDu5nvLW1QTa7lcB0SDzFE.1","action":"SyncServerConnectionManagerRequest", "result":"SYNC_SERVER_OK", "context":{"environment":"Prod_westus2_prod-s01-035-nam-westus2", "migrationStage":"NotStarted", "server":"akswtt11300000r"}}
{"logTime": "0426/175008", "correlationVector":"dDu5nvLW1QTa7lcB0SDzFE.2","action":"ProcessGetUpdates", "result":"Done", "context":{"dataType":"History", "deleted":"0", "process_failed_to_decrypt":"0", "process_pending_decryption":"0", "process_success":"250", "total":"250"}}
{"logTime": "0426/175008", "correlationVector":"dDu5nvLW1QTa7lcB0SDzFE.3","action":"GetUpdates Response", "result":"Success", "context":Received 250 update(s). cV=dDu5nvLW1QTa7lcB0SDzFE.0;server=akswtt11300000r;cloudType=Consumer;environment=Prod_westus2_prod-s01-035-nam-westus2;migrationStage=NotStarted Some updates remain.}
{"logTime": "0426/175008", "correlationVector":"7tLZ1Vc5jEc0yypFZcVkO6","action":"Initial GetUpdates", "result":"", "context":Reason: NEWLY_SUPPORTED_DATATYPE. cV=7tLZ1Vc5jEc0yypFZcVkO6}
{"logTime": "0426/175008", "correlationVector":"7tLZ1Vc5jEc0yypFZcVkO6.1","action":"SyncServerConnectionManagerRequest", "result":"SYNC_SERVER_OK", "context":{"environment":"Prod_westus2_prod-s01-035-nam-westus2", "migrationStage":"NotStarted", "server":"akswtt11300000t"}}
{"logTime": "0426/175008", "correlationVector":"7tLZ1Vc5jEc0yypFZcVkO6.2","action":"ProcessGetUpdates", "result":"Done", "context":{"dataType":"History", "deleted":"0", "process_failed_to_decrypt":"0", "process_pending_decryption":"0", "process_success":"250", "total":"250"}}
{"logTime": "0426/175008", "correlationVector":"7tLZ1Vc5jEc0yypFZcVkO6.3","action":"GetUpdates Response", "result":"Success", "context":Received 250 update(s). cV=7tLZ1Vc5jEc0yypFZcVkO6.0;server=akswtt11300000t;cloudType=Consumer;environment=Prod_westus2_prod-s01-035-nam-westus2;migrationStage=NotStarted Some updates remain.}
{"logTime": "0426/175008", "correlationVector":"oQXoVRdQ43n34zfGYwCTFi","action":"Initial GetUpdates", "result":"", "context":Reason: NEWLY_SUPPORTED_DATATYPE. cV=oQXoVRdQ43n34zfGYwCTFi}
{"logTime": "0426/175009", "correlationVector":"oQXoVRdQ43n34zfGYwCTFi.1","action":"SyncServerConnectionManagerRequest", "result":"SYNC_SERVER_OK", "context":{"environment":"Prod_westus2_prod-s01-035-nam-westus2", "migrationStage":"NotStarted", "server":"akswtt11300000m"}}
{"logTime": "0426/175009", "correlationVector":"oQXoVRdQ43n34zfGYwCTFi.2","action":"ProcessGetUpdates", "result":"Done", "context":{"dataType":"History", "deleted":"0", "process_failed_to_decrypt":"0", "process_pending_decryption":"0", "process_success":"250", "total":"250"}}
{"logTime": "0426/175009", "correlationVector":"oQXoVRdQ43n34zfGYwCTFi.3","action":"GetUpdates Response", "result":"Success", "context":Received 250 update(s). cV=oQXoVRdQ43n34zfGYwCTFi.0;server=akswtt11300000m;cloudType=Consumer;environment=Prod_westus2_prod-s01-035-nam-westus2;migrationStage=NotStarted Some updates remain.}
{"logTime": "0426/175009", "correlationVector":"hVK34Ru17FGKkSdNXhIzLV","action":"Initial GetUpdates", "result":"", "context":Reason: NEWLY_SUPPORTED_DATATYPE. cV=hVK34Ru17FGKkSdNXhIzLV}
{"logTime": "0426/175009", "correlationVector":"hVK34Ru17FGKkSdNXhIzLV.1","action":"SyncServerConnectionManagerRequest", "result":"SYNC_SERVER_OK", "context":{"environment":"Prod_westus2_prod-s01-035-nam-westus2", "migrationStage":"NotStarted", "server":"akswtt11300000r"}}
{"logTime": "0426/175009", "correlationVector":"hVK34Ru17FGKkSdNXhIzLV.2","action":"ProcessGetUpdates", "result":"Done", "context":{"dataType":"History", "deleted":"0", "process_failed_to_decrypt":"0", "process_pending_decryption":"0", "process_success":"250", "total":"250"}}
{"logTime": "0426/175009", "correlationVector":"hVK34Ru17FGKkSdNXhIzLV.3","action":"GetUpdates Response", "result":"Success", "context":Received 250 update(s). cV=hVK34Ru17FGKkSdNXhIzLV.0;server=akswtt11300000r;cloudType=Consumer;environment=Prod_westus2_prod-s01-035-nam-westus2;migrationStage=NotStarted Some updates remain.}
{"logTime": "0426/175009", "correlationVector":"bAnsoOgN0GRbZAQsz3efnJ","action":"Initial GetUpdates", "result":"", "context":Reason: NEWLY_SUPPORTED_DATATYPE. cV=bAnsoOgN0GRbZAQsz3efnJ}
{"logTime": "0426/175010", "correlationVector":"bAnsoOgN0GRbZAQsz3efnJ.1","action":"SyncServerConnectionManagerRequest", "result":"SYNC_SERVER_OK", "context":{"environment":"Prod_westus2_prod-s01-035-nam-westus2", "migrationStage":"NotStarted", "server":"akswtt11300000f"}}
{"logTime": "0426/175010", "correlationVector":"bAnsoOgN0GRbZAQsz3efnJ.2","action":"ProcessGetUpdates", "result":"Done", "context":{"dataType":"History", "deleted":"0", "process_failed_to_decrypt":"0", "process_pending_decryption":"0", "process_success":"250", "total":"250"}}
{"logTime": "0426/175010", "correlationVector":"bAnsoOgN0GRbZAQsz3efnJ.3","action":"GetUpdates Response", "result":"Success", "context":Received 250 update(s). cV=bAnsoOgN0GRbZAQsz3efnJ.0;server=akswtt11300000f;cloudType=Consumer;environment=Prod_westus2_prod-s01-035-nam-westus2;migrationStage=NotStarted Some updates remain.}
{"logTime": "0426/175010", "correlationVector":"N8YxAziC4NKljeWkDqi7IA","action":"Initial GetUpdates", "result":"", "context":Reason: NEWLY_SUPPORTED_DATATYPE. cV=N8YxAziC4NKljeWkDqi7IA}
{"logTime": "0426/175010", "correlationVector":"N8YxAziC4NKljeWkDqi7IA.1","action":"SyncServerConnectionManagerRequest", "result":"SYNC_SERVER_OK", "context":{"environment":"Prod_westus2_prod-s01-035-nam-westus2", "migrationStage":"NotStarted", "server":"akswtt11300000h"}}
{"logTime": "0426/175010", "correlationVector":"N8YxAziC4NKljeWkDqi7IA.2","action":"ProcessGetUpdates", "result":"Done", "context":{"dataType":"History", "deleted":"0", "process_failed_to_decrypt":"0", "process_pending_decryption":"0", "process_success":"250", "total":"250"}}
{"logTime": "0426/175010", "correlationVector":"N8YxAziC4NKljeWkDqi7IA.3","action":"GetUpdates Response", "result":"Success", "context":Received 250 update(s). cV=N8YxAziC4NKljeWkDqi7IA.0;server=akswtt11300000h;cloudType=Consumer;environment=Prod_westus2_prod-s01-035-nam-westus2;migrationStage=NotStarted Some updates remain.}
{"logTime": "0426/175010", "correlationVector":"RRxSh1nNM6gra0j/0OA5TA","action":"Initial GetUpdates", "result":"", "context":Reason: NEWLY_SUPPORTED_DATATYPE. cV=RRxSh1nNM6gra0j/0OA5TA}
{"logTime": "0426/175010", "correlationVector":"RRxSh1nNM6gra0j/0OA5TA.1","action":"SyncServerConnectionManagerRequest", "result":"SYNC_SERVER_OK", "context":{"environment":"Prod_westus2_prod-s01-035-nam-westus2", "migrationStage":"NotStarted", "server":"akswtt11300000f"}}
{"logTime": "0426/175010", "correlationVector":"RRxSh1nNM6gra0j/0OA5TA.2","action":"ProcessGetUpdates", "result":"Done", "context":{"dataType":"History", "deleted":"0", "process_failed_to_decrypt":"0", "process_pending_decryption":"0", "process_success":"212", "total":"212"}}
{"logTime": "0426/175010", "correlationVector":"RRxSh1nNM6gra0j/0OA5TA.3","action":"GetUpdates Response", "result":"Success", "context":Received 212 update(s). cV=RRxSh1nNM6gra0j/0OA5TA.0;server=akswtt11300000f;cloudType=Consumer;environment=Prod_westus2_prod-s01-035-nam-westus2;migrationStage=NotStarted}
{"logTime": "0426/175010", "correlationVector":"slPdyFf4xQh4yK/yQZP5C2","action":"Normal GetUpdate request", "result":"", "context":cV=slPdyFf4xQh4yK/yQZP5C2
Nudged types: Sessions, Device Info, User Consents, History
Refresh requested types: Bookmarks, Preferences, Passwords, Autofill Profiles, Autofill, Extensions, Sessions, Extension settings, History Delete Directives, Device Info, User Consents, Send Tab To Self, Web Apps, History, Saved Tab Group, WebAuthn Credentials, Collection, Edge E Drop, Edge Hub App Usage, Edge Wallet, Edge Workspace, Encryption Keys}
{"logTime": "0426/175010", "correlationVector":"slPdyFf4xQh4yK/yQZP5C2.1","action":"SyncServerConnectionManagerRequest", "result":"SYNC_SERVER_OK", "context":{"environment":"Prod_westus2_prod-s01-035-nam-westus2", "migrationStage":"NotStarted", "server":"akswtt11300000m"}}
{"logTime": "0426/175010", "correlationVector":"slPdyFf4xQh4yK/yQZP5C2.2","action":"GetUpdates Response", "result":"Success", "context":Received 0 update(s). cV=slPdyFf4xQh4yK/yQZP5C2.0;server=akswtt11300000m;cloudType=Consumer;environment=Prod_westus2_prod-s01-035-nam-westus2;migrationStage=NotStarted}
{"logTime": "0426/175010", "correlationVector":"HQbSWw1D8GzOPUl1BbVgpz","action":"Commit Request", "result":"", "context":Item count: 9
Contributing types: Sessions, Device Info, User Consents, History}
{"logTime": "0426/175011", "correlationVector":"HQbSWw1D8GzOPUl1BbVgpz.1","action":"SyncServerConnectionManagerRequest", "result":"SYNC_SERVER_OK", "context":{"environment":"Prod_westus2_prod-s01-035-nam-westus2", "migrationStage":"NotStarted", "server":"akswtt11300000m"}}
{"logTime": "0426/175011", "correlationVector":"HQbSWw1D8GzOPUl1BbVgpz.2","action":"Commit Response", "result":"Success", "context":Result: Success. cV=HQbSWw1D8GzOPUl1BbVgpz.0;server=akswtt11300000m;cloudType=Consumer;environment=Prod_westus2_prod-s01-035-nam-westus2;migrationStage=NotStarted}
{"logTime": "0426/175011", "correlationVector":"ZT5zpMZtNgHz7UU6a6I20V","action":"Commit Request", "result":"", "context":Item count: 3
Contributing types: Sessions, History}
{"logTime": "0426/175012", "correlationVector":"ZT5zpMZtNgHz7UU6a6I20V.1","action":"SyncServerConnectionManagerRequest", "result":"SYNC_SERVER_OK", "context":{"environment":"Prod_westus2_prod-s01-035-nam-westus2", "migrationStage":"NotStarted", "server":"akswtt11300000f"}}
{"logTime": "0426/175012", "correlationVector":"ZT5zpMZtNgHz7UU6a6I20V.2","action":"Commit Response", "result":"Success", "context":Result: Success. cV=ZT5zpMZtNgHz7UU6a6I20V.0;server=akswtt11300000f;cloudType=Consumer;environment=Prod_westus2_prod-s01-035-nam-westus2;migrationStage=NotStarted}
{"logTime": "0426/175059", "correlationVector":"AHEPY2UFvNIqiF4lnPJaKA","action":"Commit Request", "result":"", "context":Item count: 40
Contributing types: Passwords}
{"logTime": "0426/175100", "correlationVector":"AHEPY2UFvNIqiF4lnPJaKA.1","action":"SyncServerConnectionManagerRequest", "result":"SYNC_SERVER_OK", "context":{"environment":"Prod_westus2_prod-s01-035-nam-westus2", "migrationStage":"NotStarted", "server":"akswtt11300000t"}}
{"logTime": "0426/175100", "correlationVector":"AHEPY2UFvNIqiF4lnPJaKA.2","action":"Commit Response", "result":"Success", "context":Result: Success. cV=AHEPY2UFvNIqiF4lnPJaKA.0;server=akswtt11300000t;cloudType=Consumer;environment=Prod_westus2_prod-s01-035-nam-westus2;migrationStage=NotStarted}
{"logTime": "0426/175100", "correlationVector":"uiDzHx6Lk+rN6cMDS8Abr/","action":"Commit Request", "result":"", "context":Item count: 17
Contributing types: Passwords, Sessions, History}
{"logTime": "0426/175101", "correlationVector":"uiDzHx6Lk+rN6cMDS8Abr/.1","action":"SyncServerConnectionManagerRequest", "result":"SYNC_SERVER_OK", "context":{"environment":"Prod_westus2_prod-s01-035-nam-westus2", "migrationStage":"NotStarted", "server":"akswtt11300000m"}}
{"logTime": "0426/175101", "correlationVector":"uiDzHx6Lk+rN6cMDS8Abr/.2","action":"Commit Response", "result":"Success", "context":Result: Success. cV=uiDzHx6Lk+rN6cMDS8Abr/.0;server=akswtt11300000m;cloudType=Consumer;environment=Prod_westus2_prod-s01-035-nam-westus2;migrationStage=NotStarted}
{"logTime": "0426/175101", "correlationVector":"d5gwe/s0XikaJ/azrCcpTv","action":"Commit Request", "result":"", "context":Item count: 3
Contributing types: Sessions, History}
{"logTime": "0426/175102", "correlationVector":"d5gwe/s0XikaJ/azrCcpTv.1","action":"SyncServerConnectionManagerRequest", "result":"SYNC_SERVER_OK", "context":{"environment":"Prod_westus2_prod-s01-035-nam-westus2", "migrationStage":"NotStarted", "server":"akswtt11300000m"}}
{"logTime": "0426/175102", "correlationVector":"d5gwe/s0XikaJ/azrCcpTv.2","action":"Commit Response", "result":"Success", "context":Result: Success. cV=d5gwe/s0XikaJ/azrCcpTv.0;server=akswtt11300000m;cloudType=Consumer;environment=Prod_westus2_prod-s01-035-nam-westus2;migrationStage=NotStarted}
{"logTime": "0426/175203", "correlationVector":"uB+GPduz+d8b8/8txHLIM2","action":"Commit Request", "result":"", "context":Item count: 9
Contributing types: Sessions, History}
{"logTime": "0426/175203", "correlationVector":"uB+GPduz+d8b8/8txHLIM2.1","action":"SyncServerConnectionManagerRequest", "result":"SYNC_SERVER_OK", "context":{"environment":"Prod_westus2_prod-s01-035-nam-westus2", "migrationStage":"NotStarted", "server":"akswtt11300000u"}}
{"logTime": "0426/175203", "correlationVector":"uB+GPduz+d8b8/8txHLIM2.2","action":"Commit Response", "result":"Success", "context":Result: Success. cV=uB+GPduz+d8b8/8txHLIM2.0;server=akswtt11300000u;cloudType=Consumer;environment=Prod_westus2_prod-s01-035-nam-westus2;migrationStage=NotStarted}
{"logTime": "0426/175303", "correlationVector":"+Esr0zuiOvmgtkwC9SZ+Tv","action":"Commit Request", "result":"", "context":Item count: 8
Contributing types: Sessions, History}
{"logTime": "0426/175304", "correlationVector":"+Esr0zuiOvmgtkwC9SZ+Tv.1","action":"SyncServerConnectionManagerRequest", "result":"SYNC_SERVER_OK", "context":{"environment":"Prod_westus2_prod-s01-035-nam-westus2", "migrationStage":"NotStarted", "server":"akswtt11300000b"}}
{"logTime": "0426/175304", "correlationVector":"+Esr0zuiOvmgtkwC9SZ+Tv.2","action":"Commit Response", "result":"Success", "context":Result: Success. cV=+Esr0zuiOvmgtkwC9SZ+Tv.0;server=akswtt11300000b;cloudType=Consumer;environment=Prod_westus2_prod-s01-035-nam-westus2;migrationStage=NotStarted}
{"logTime": "0426/175404", "correlationVector":"sh1P9cNPfOMcwMeAWxmjkV","action":"Commit Request", "result":"", "context":Item count: 8
Contributing types: Sessions, History}
{"logTime": "0426/175405", "correlationVector":"sh1P9cNPfOMcwMeAWxmjkV.1","action":"SyncServerConnectionManagerRequest", "result":"SYNC_SERVER_OK", "context":{"environment":"Prod_westus2_prod-s01-035-nam-westus2", "migrationStage":"NotStarted", "server":"akswtt113000003"}}
{"logTime": "0426/175405", "correlationVector":"sh1P9cNPfOMcwMeAWxmjkV.2","action":"Commit Response", "result":"Success", "context":Result: Success. cV=sh1P9cNPfOMcwMeAWxmjkV.0;server=akswtt113000003;cloudType=Consumer;environment=Prod_westus2_prod-s01-035-nam-westus2;migrationStage=NotStarted}
{"logTime": "0426/175505", "correlationVector":"TNQODB1JKs0tgMOeUwYiXT","action":"Commit Request", "result":"", "context":Item count: 8
Contributing types: Sessions, History}
{"logTime": "0426/175506", "correlationVector":"TNQODB1JKs0tgMOeUwYiXT.1","action":"SyncServerConnectionManagerRequest", "result":"SYNC_SERVER_OK", "context":{"environment":"Prod_westus2_prod-s01-035-nam-westus2", "migrationStage":"NotStarted", "server":"akswtt11300000x"}}
{"logTime": "0426/175506", "correlationVector":"TNQODB1JKs0tgMOeUwYiXT.2","action":"Commit Response", "result":"Success", "context":Result: Success. cV=TNQODB1JKs0tgMOeUwYiXT.0;server=akswtt11300000x;cloudType=Consumer;environment=Prod_westus2_prod-s01-035-nam-westus2;migrationStage=NotStarted}
