2026-04-26 16:00:58.449: [INFO] VisibilityChanged: 0
2026-04-26 16:00:58.462: [INFO] RecordSyncInitDuration has_sync_been_enabled: 0 state: 0
2026-04-26 16:00:58.462: [INFO] RecordSyncInitDuration has_sync_been_enabled: 0 state: 0
2026-04-26 16:00:58.462: [INFO] RecordSyncInitDuration has_sync_been_enabled: 0 state: 0
2026-04-26 16:00:58.463: [INFO] RecordSyncInitDuration has_sync_been_enabled: 0 state: 0
2026-04-26 16:00:58.463: [INFO] RecordSyncInitDuration has_sync_been_enabled: 0 state: 0
2026-04-26 16:00:58.463: [INFO] RecordSyncInitDuration has_sync_been_enabled: 0 state: 0
2026-04-26 16:00:58.464: [INFO] RecordSyncInitDuration has_sync_been_enabled: 0 state: 0
2026-04-26 16:00:58.464: [INFO] RecordSyncInitDuration has_sync_been_enabled: 0 state: 0
2026-04-26 16:00:58.465: [INFO] RecordSyncInitDuration has_sync_been_enabled: 0 state: 0
2026-04-26 16:00:58.465: [INFO] RecordSyncInitDuration has_sync_been_enabled: 0 state: 0
2026-04-26 16:00:58.465: [INFO] RecordSyncInitDuration has_sync_been_enabled: 0 state: 0
2026-04-26 16:00:58.465: [INFO] RecordSyncInitDuration has_sync_been_enabled: 0 state: 0
2026-04-26 16:00:58.471: [INFO] BookmarkModelLoaded, ids_reassigned: 0
2026-04-26 16:00:58.471: [INFO] OnDoneLoading sync enabled: 0
2026-04-26 16:00:58.511: [INFO] RecordSyncInitDuration has_sync_been_enabled: 0 state: 0
2026-04-26 16:00:58.805: [INFO] RecordSyncInitDuration has_sync_been_enabled: 0 state: 0
2026-04-26 16:00:58.807: [INFO] RecordSyncInitDuration has_sync_been_enabled: 0 state: 3
2026-04-26 16:00:58.809: [INFO] Primary account changed.
2026-04-26 16:00:58.809: [INFO] OnPrimaryAccountChanged PrimaryAccountChangeEvent::Type::kSet
2026-04-26 16:00:58.813: [INFO] RecordSyncInitDuration has_sync_been_enabled: 0 state: 3
2026-04-26 16:00:58.831: [INFO] RecordSyncInitDuration has_sync_been_enabled: 0 state: 3
2026-04-26 16:00:59.752: [INFO] BookmarkNodeAdded, ABU: 0
2026-04-26 16:00:59.752: [INFO] BookmarkNodeAdded, ABU: 0
2026-04-26 16:00:59.753: [INFO] BookmarkNodeAdded, ABU: 0
2026-04-26 16:00:59.754: [INFO] BookmarkNodeAdded, ABU: 0
2026-04-26 16:00:59.754: [INFO] BookmarkNodeAdded, ABU: 0
2026-04-26 16:00:59.755: [INFO] BookmarkNodeAdded, ABU: 0
2026-04-26 16:00:59.756: [INFO] BookmarkNodeAdded, ABU: 0
2026-04-26 16:00:59.756: [INFO] BookmarkNodeAdded, ABU: 0
2026-04-26 16:00:59.757: [INFO] BookmarkNodeAdded, ABU: 0
2026-04-26 16:00:59.758: [INFO] BookmarkNodeAdded, ABU: 0
