2026-04-26 13:31:05.215: [INFO] VisibilityChanged: 0
2026-04-26 13:31:05.232: [INFO] RecordSyncInitDuration has_sync_been_enabled: 0 state: 0
2026-04-26 13:31:05.232: [INFO] RecordSyncInitDuration has_sync_been_enabled: 0 state: 0
2026-04-26 13:31:05.233: [INFO] RecordSyncInitDuration has_sync_been_enabled: 0 state: 0
2026-04-26 13:31:05.234: [INFO] RecordSyncInitDuration has_sync_been_enabled: 0 state: 0
2026-04-26 13:31:05.234: [INFO] RecordSyncInitDuration has_sync_been_enabled: 0 state: 0
2026-04-26 13:31:05.235: [INFO] RecordSyncInitDuration has_sync_been_enabled: 0 state: 0
2026-04-26 13:31:05.236: [INFO] RecordSyncInitDuration has_sync_been_enabled: 0 state: 0
2026-04-26 13:31:05.236: [INFO] RecordSyncInitDuration has_sync_been_enabled: 0 state: 0
2026-04-26 13:31:05.237: [INFO] RecordSyncInitDuration has_sync_been_enabled: 0 state: 0
2026-04-26 13:31:05.237: [INFO] RecordSyncInitDuration has_sync_been_enabled: 0 state: 0
2026-04-26 13:31:05.238: [INFO] RecordSyncInitDuration has_sync_been_enabled: 0 state: 0
2026-04-26 13:31:05.239: [INFO] RecordSyncInitDuration has_sync_been_enabled: 0 state: 0
2026-04-26 13:31:05.252: [INFO] BookmarkModelLoaded, ids_reassigned: 0
2026-04-26 13:31:05.252: [INFO] OnDoneLoading sync enabled: 0
2026-04-26 13:31:05.292: [INFO] RecordSyncInitDuration has_sync_been_enabled: 0 state: 0
2026-04-26 13:31:06.290: [INFO] RecordSyncInitDuration has_sync_been_enabled: 0 state: 0
2026-04-26 13:31:06.292: [INFO] RecordSyncInitDuration has_sync_been_enabled: 0 state: 3
2026-04-26 13:31:06.293: [INFO] Primary account changed.
2026-04-26 13:31:06.293: [INFO] OnPrimaryAccountChanged PrimaryAccountChangeEvent::Type::kSet
2026-04-26 13:31:06.296: [INFO] RecordSyncInitDuration has_sync_been_enabled: 0 state: 3
2026-04-26 13:31:06.312: [INFO] RecordSyncInitDuration has_sync_been_enabled: 0 state: 3
2026-04-26 13:31:07.559: [INFO] BookmarkNodeAdded, ABU: 0
2026-04-26 13:31:07.560: [INFO] BookmarkNodeAdded, ABU: 0
2026-04-26 13:31:07.560: [INFO] BookmarkNodeAdded, ABU: 0
2026-04-26 13:31:07.561: [INFO] BookmarkNodeAdded, ABU: 0
2026-04-26 13:31:07.561: [INFO] BookmarkNodeAdded, ABU: 0
2026-04-26 13:31:07.562: [INFO] BookmarkNodeAdded, ABU: 0
2026-04-26 13:31:07.562: [INFO] BookmarkNodeAdded, ABU: 0
2026-04-26 13:31:07.563: [INFO] BookmarkNodeAdded, ABU: 0
2026-04-26 13:31:07.563: [INFO] BookmarkNodeAdded, ABU: 0
2026-04-26 13:31:07.564: [INFO] BookmarkNodeAdded, ABU: 0
