2026-04-26 17:06:12.880: [INFO] VisibilityChanged: 0
2026-04-26 17:06:12.895: [INFO] RecordSyncInitDuration has_sync_been_enabled: 0 state: 0
2026-04-26 17:06:12.896: [INFO] RecordSyncInitDuration has_sync_been_enabled: 0 state: 0
2026-04-26 17:06:12.896: [INFO] RecordSyncInitDuration has_sync_been_enabled: 0 state: 0
2026-04-26 17:06:12.896: [INFO] RecordSyncInitDuration has_sync_been_enabled: 0 state: 0
2026-04-26 17:06:12.897: [INFO] RecordSyncInitDuration has_sync_been_enabled: 0 state: 0
2026-04-26 17:06:12.897: [INFO] RecordSyncInitDuration has_sync_been_enabled: 0 state: 0
2026-04-26 17:06:12.897: [INFO] RecordSyncInitDuration has_sync_been_enabled: 0 state: 0
2026-04-26 17:06:12.897: [INFO] RecordSyncInitDuration has_sync_been_enabled: 0 state: 0
2026-04-26 17:06:12.898: [INFO] RecordSyncInitDuration has_sync_been_enabled: 0 state: 0
2026-04-26 17:06:12.898: [INFO] RecordSyncInitDuration has_sync_been_enabled: 0 state: 0
2026-04-26 17:06:12.898: [INFO] RecordSyncInitDuration has_sync_been_enabled: 0 state: 0
2026-04-26 17:06:12.898: [INFO] RecordSyncInitDuration has_sync_been_enabled: 0 state: 0
2026-04-26 17:06:12.903: [INFO] BookmarkModelLoaded, ids_reassigned: 0
2026-04-26 17:06:12.903: [INFO] OnDoneLoading sync enabled: 0
2026-04-26 17:06:12.938: [INFO] RecordSyncInitDuration has_sync_been_enabled: 0 state: 0
2026-04-26 17:06:14.032: [INFO] RecordSyncInitDuration has_sync_been_enabled: 0 state: 0
2026-04-26 17:06:14.033: [INFO] RecordSyncInitDuration has_sync_been_enabled: 0 state: 3
2026-04-26 17:06:14.035: [INFO] Primary account changed.
2026-04-26 17:06:14.035: [INFO] OnPrimaryAccountChanged PrimaryAccountChangeEvent::Type::kSet
2026-04-26 17:06:14.039: [INFO] RecordSyncInitDuration has_sync_been_enabled: 0 state: 3
2026-04-26 17:06:14.047: [INFO] RecordSyncInitDuration has_sync_been_enabled: 0 state: 3
2026-04-26 17:06:15.517: [INFO] BookmarkNodeAdded, ABU: 0
2026-04-26 17:06:15.517: [INFO] BookmarkNodeAdded, ABU: 0
2026-04-26 17:06:15.518: [INFO] BookmarkNodeAdded, ABU: 0
2026-04-26 17:06:15.518: [INFO] BookmarkNodeAdded, ABU: 0
2026-04-26 17:06:15.519: [INFO] BookmarkNodeAdded, ABU: 0
2026-04-26 17:06:15.520: [INFO] BookmarkNodeAdded, ABU: 0
2026-04-26 17:06:15.520: [INFO] BookmarkNodeAdded, ABU: 0
2026-04-26 17:06:15.521: [INFO] BookmarkNodeAdded, ABU: 0
2026-04-26 17:06:15.521: [INFO] BookmarkNodeAdded, ABU: 0
2026-04-26 17:06:15.522: [INFO] BookmarkNodeAdded, ABU: 0
2026-04-26 17:06:18.753: [INFO] Sync initialization duration: 4658ms
