2026-04-26 13:27:20.054: [INFO] VisibilityChanged: 0
2026-04-26 13:27:20.070: [INFO] RecordSyncInitDuration has_sync_been_enabled: 0 state: 0
2026-04-26 13:27:20.070: [INFO] RecordSyncInitDuration has_sync_been_enabled: 0 state: 0
2026-04-26 13:27:20.071: [INFO] RecordSyncInitDuration has_sync_been_enabled: 0 state: 0
2026-04-26 13:27:20.071: [INFO] RecordSyncInitDuration has_sync_been_enabled: 0 state: 0
2026-04-26 13:27:20.072: [INFO] RecordSyncInitDuration has_sync_been_enabled: 0 state: 0
2026-04-26 13:27:20.072: [INFO] RecordSyncInitDuration has_sync_been_enabled: 0 state: 0
2026-04-26 13:27:20.073: [INFO] RecordSyncInitDuration has_sync_been_enabled: 0 state: 0
2026-04-26 13:27:20.073: [INFO] RecordSyncInitDuration has_sync_been_enabled: 0 state: 0
2026-04-26 13:27:20.074: [INFO] RecordSyncInitDuration has_sync_been_enabled: 0 state: 0
2026-04-26 13:27:20.074: [INFO] RecordSyncInitDuration has_sync_been_enabled: 0 state: 0
2026-04-26 13:27:20.075: [INFO] RecordSyncInitDuration has_sync_been_enabled: 0 state: 0
2026-04-26 13:27:20.076: [INFO] RecordSyncInitDuration has_sync_been_enabled: 0 state: 0
2026-04-26 13:27:20.087: [INFO] BookmarkModelLoaded, ids_reassigned: 0
2026-04-26 13:27:20.087: [INFO] OnDoneLoading sync enabled: 0
2026-04-26 13:27:20.123: [INFO] RecordSyncInitDuration has_sync_been_enabled: 0 state: 0
2026-04-26 13:27:20.334: [INFO] RecordSyncInitDuration has_sync_been_enabled: 0 state: 0
2026-04-26 13:27:20.335: [INFO] RecordSyncInitDuration has_sync_been_enabled: 0 state: 3
2026-04-26 13:27:20.337: [INFO] Primary account changed.
2026-04-26 13:27:20.337: [INFO] OnPrimaryAccountChanged PrimaryAccountChangeEvent::Type::kSet
2026-04-26 13:27:20.339: [INFO] RecordSyncInitDuration has_sync_been_enabled: 0 state: 3
2026-04-26 13:27:20.353: [INFO] RecordSyncInitDuration has_sync_been_enabled: 0 state: 3
2026-04-26 13:27:21.306: [INFO] BookmarkNodeAdded, ABU: 0
2026-04-26 13:27:21.307: [INFO] BookmarkNodeAdded, ABU: 0
2026-04-26 13:27:21.307: [INFO] BookmarkNodeAdded, ABU: 0
2026-04-26 13:27:21.307: [INFO] BookmarkNodeAdded, ABU: 0
2026-04-26 13:27:21.308: [INFO] BookmarkNodeAdded, ABU: 0
2026-04-26 13:27:21.308: [INFO] BookmarkNodeAdded, ABU: 0
2026-04-26 13:27:21.309: [INFO] BookmarkNodeAdded, ABU: 0
2026-04-26 13:27:21.309: [INFO] BookmarkNodeAdded, ABU: 0
2026-04-26 13:27:21.309: [INFO] BookmarkNodeAdded, ABU: 0
2026-04-26 13:27:21.310: [INFO] BookmarkNodeAdded, ABU: 0
