{"logTime": "0426/170614", "correlationVector":"PaeeDWZzrEtsa1R5JHomcl.1","action":"SyncServerConnectionManagerRequest", "result":"SYNC_SERVER_OK", "context":{"environment":"Prod_westus2_prod-s01-035-nam-westus2", "migrationStage":"NotStarted", "server":"akswtt11300000s"}}
{"logTime": "0426/170614", "correlationVector":"PaeeDWZzrEtsa1R5JHomcl.2","action":"ProcessGetUpdates", "result":"Done", "context":{"dataType":"Encryption Keys", "deleted":"0", "process_failed_to_decrypt":"0", "process_pending_decryption":"0", "process_success":"1", "total":"1"}}
{"logTime": "0426/170615", "correlationVector":"3mUCX1HNZbOWybUt2TWH47","action":"SyncServerConnectionManagerRequest", "result":"SYNC_SERVER_OK", "context":{"environment":"", "migrationStage":"", "server":""}}
{"logTime": "0426/170615", "correlationVector":"3mUCX1HNZbOWybUt2TWH47.0","action":"EncryptionKeysFetcher.DownloadKeys:", "result":"Success", "context":Key count: 5, Last key timestamp: 2026-04-18T03:48:13Z}
{"logTime": "0426/170615", "correlationVector":"3mUCX1HNZbOWybUt2TWH47.1","action":"EncryptionKeysManager::SetEncryptionKeys:", "result":"Success", "context":Key names[5]:[lBLlivP0tL7DaZCLOxY0Ms4GCmsztTwaiZZnWuhIrvxf62WQbQQOrEOZFqDAc6XX8sNCG3UdMSQXoQPb7570QQ==][lVznK7+X4kMFXxOXBoPhpSbjH3WghWADowbo4a72vMU6iWo8i79nPTR5N+6F83VtFpBywxdhc0xV21a2Jm/A6g==][Rkjhz4tCaGQHbFM9iina6dfubiNJH3/8Nb0P3dtJ1SeLsFRspz/UbUDes0Q9ENkkHUncnfUvSXI6M+uJbc+N9w==][qNbI0n6v/hh0ojvUbrBt2zg5a/wjTFo4ReIKDxAcek9QLy5Lb4ncifiaiqLrQxn4dHE7159KCWd7txz5PXG7pA==][EQnJNat9nLGhQ3sWluAQbvJNaL11ABTMNp2x6WBZFViiXC6pyhYenoSQCzCxCCt+LnXbXP/vleqfYDQYpxNb5A==]}
{"logTime": "0426/170615", "correlationVector":"3mUCX1HNZbOWybUt2TWH47.2","action":"EncryptionKeysManager::SetEncryptionKeysWithTimestamps:", "result":"Success", "context":Key timestamps[5]:[2024-04-18T22:10:58Z][2024-10-16T20:23:03Z][2025-04-14T23:12:43Z][2025-10-14T00:38:14Z][2026-04-18T03:48:13Z]}
{"logTime": "0426/170615", "correlationVector":"PaeeDWZzrEtsa1R5JHomcl","action":"Initial GetUpdates", "result":"", "context":Reason: NEW_CLIENT. cV=PaeeDWZzrEtsa1R5JHomcl}
{"logTime": "0426/170615", "correlationVector":"PaeeDWZzrEtsa1R5JHomcl.3","action":"GetUpdates Response", "result":"Success", "context":Received 1 update(s). cV=PaeeDWZzrEtsa1R5JHomcl.0;server=akswtt11300000s;cloudType=Consumer;environment=Prod_westus2_prod-s01-035-nam-westus2;migrationStage=NotStarted}
{"logTime": "0426/170615", "correlationVector":"yJz/xt7OgidoIbWurwcqzG","action":"Initial GetUpdates", "result":"", "context":Reason: NEWLY_SUPPORTED_DATATYPE. cV=yJz/xt7OgidoIbWurwcqzG}
{"logTime": "0426/170615", "correlationVector":"yJz/xt7OgidoIbWurwcqzG.1","action":"SyncServerConnectionManagerRequest", "result":"SYNC_SERVER_OK", "context":{"environment":"Prod_westus2_prod-s01-035-nam-westus2", "migrationStage":"NotStarted", "server":"akswtt11300000x"}}
{"logTime": "0426/170615", "correlationVector":"yJz/xt7OgidoIbWurwcqzG.2","action":"ProcessGetUpdates", "result":"Done", "context":{"dataType":"Preferences", "deleted":"0", "process_failed_to_decrypt":"0", "process_pending_decryption":"0", "process_success":"89", "total":"89"}}
{"logTime": "0426/170615", "correlationVector":"yJz/xt7OgidoIbWurwcqzG.3","action":"ProcessGetUpdates", "result":"Done", "context":{"dataType":"Passwords", "deleted":"0", "process_failed_to_decrypt":"0", "process_pending_decryption":"0", "process_success":"52", "total":"52"}}
{"logTime": "0426/170615", "correlationVector":"yJz/xt7OgidoIbWurwcqzG.4","action":"ProcessGetUpdates", "result":"Done", "context":{"dataType":"Device Info", "deleted":"0", "process_failed_to_decrypt":"0", "process_pending_decryption":"0", "process_success":"26", "total":"26"}}
{"logTime": "0426/170615", "correlationVector":"yJz/xt7OgidoIbWurwcqzG.5","action":"GetUpdates Response", "result":"Success", "context":Received 167 update(s). cV=yJz/xt7OgidoIbWurwcqzG.0;server=akswtt11300000x;cloudType=Consumer;environment=Prod_westus2_prod-s01-035-nam-westus2;migrationStage=NotStarted}
{"logTime": "0426/170615", "correlationVector":"QNjyeLmhWMGAMN1BK8OAmP","action":"Initial GetUpdates", "result":"", "context":Reason: NEWLY_SUPPORTED_DATATYPE. cV=QNjyeLmhWMGAMN1BK8OAmP}
{"logTime": "0426/170615", "correlationVector":"QNjyeLmhWMGAMN1BK8OAmP.1","action":"SyncServerConnectionManagerRequest", "result":"SYNC_SERVER_OK", "context":{"environment":"Prod_westus2_prod-s01-035-nam-westus2", "migrationStage":"NotStarted", "server":"akswtt113000008"}}
{"logTime": "0426/170615", "correlationVector":"QNjyeLmhWMGAMN1BK8OAmP.2","action":"ProcessGetUpdates", "result":"Done", "context":{"dataType":"Bookmarks", "deleted":"1", "process_failed_to_decrypt":"0", "process_pending_decryption":"0", "process_success":"17", "total":"17"}}
{"logTime": "0426/170615", "correlationVector":"QNjyeLmhWMGAMN1BK8OAmP.3","action":"GetUpdates Response", "result":"Success", "context":Received 17 update(s). cV=QNjyeLmhWMGAMN1BK8OAmP.0;server=akswtt113000008;cloudType=Consumer;environment=Prod_westus2_prod-s01-035-nam-westus2;migrationStage=NotStarted}
{"logTime": "0426/170615", "correlationVector":"on+vn0o3gkNznSITtxJ/o5","action":"Initial GetUpdates", "result":"", "context":Reason: NEWLY_SUPPORTED_DATATYPE. cV=on+vn0o3gkNznSITtxJ/o5}
{"logTime": "0426/170615", "correlationVector":"on+vn0o3gkNznSITtxJ/o5.1","action":"SyncServerConnectionManagerRequest", "result":"SYNC_SERVER_OK", "context":{"environment":"Prod_westus2_prod-s01-035-nam-westus2", "migrationStage":"NotStarted", "server":"akswtt11300000p"}}
{"logTime": "0426/170615", "correlationVector":"on+vn0o3gkNznSITtxJ/o5.2","action":"ProcessGetUpdates", "result":"Done", "context":{"dataType":"Autofill", "deleted":"0", "process_failed_to_decrypt":"0", "process_pending_decryption":"0", "process_success":"236", "total":"236"}}
{"logTime": "0426/170615", "correlationVector":"on+vn0o3gkNznSITtxJ/o5.3","action":"ProcessGetUpdates", "result":"Done", "context":{"dataType":"Sessions", "deleted":"14", "process_failed_to_decrypt":"0", "process_pending_decryption":"0", "process_success":"14", "total":"14"}}
{"logTime": "0426/170615", "correlationVector":"on+vn0o3gkNznSITtxJ/o5.4","action":"GetUpdates Response", "result":"Success", "context":Received 250 update(s). cV=on+vn0o3gkNznSITtxJ/o5.0;server=akswtt11300000p;cloudType=Consumer;environment=Prod_westus2_prod-s01-035-nam-westus2;migrationStage=NotStarted Some updates remain.}
{"logTime": "0426/170615", "correlationVector":"gmVNaj1gZd7//fqyXEZ5Gc","action":"Initial GetUpdates", "result":"", "context":Reason: NEWLY_SUPPORTED_DATATYPE. cV=gmVNaj1gZd7//fqyXEZ5Gc}
{"logTime": "0426/170616", "correlationVector":"gmVNaj1gZd7//fqyXEZ5Gc.1","action":"SyncServerConnectionManagerRequest", "result":"SYNC_SERVER_OK", "context":{"environment":"Prod_westus2_prod-s01-035-nam-westus2", "migrationStage":"NotStarted", "server":"akswtt11300000p"}}
{"logTime": "0426/170616", "correlationVector":"gmVNaj1gZd7//fqyXEZ5Gc.2","action":"ProcessGetUpdates", "result":"Done", "context":{"dataType":"Sessions", "deleted":"248", "process_failed_to_decrypt":"0", "process_pending_decryption":"0", "process_success":"248", "total":"248"}}
{"logTime": "0426/170616", "correlationVector":"gmVNaj1gZd7//fqyXEZ5Gc.3","action":"ProcessGetUpdates", "result":"Done", "context":{"dataType":"Edge Hub App Usage", "deleted":"1", "process_failed_to_decrypt":"0", "process_pending_decryption":"0", "process_success":"2", "total":"2"}}
{"logTime": "0426/170616", "correlationVector":"gmVNaj1gZd7//fqyXEZ5Gc.4","action":"GetUpdates Response", "result":"Success", "context":Received 250 update(s). cV=gmVNaj1gZd7//fqyXEZ5Gc.0;server=akswtt11300000p;cloudType=Consumer;environment=Prod_westus2_prod-s01-035-nam-westus2;migrationStage=NotStarted Some updates remain.}
{"logTime": "0426/170616", "correlationVector":"fvJGz8vSBJZ65/2vQVuYQk","action":"Initial GetUpdates", "result":"", "context":Reason: NEWLY_SUPPORTED_DATATYPE. cV=fvJGz8vSBJZ65/2vQVuYQk}
{"logTime": "0426/170616", "correlationVector":"fvJGz8vSBJZ65/2vQVuYQk.1","action":"SyncServerConnectionManagerRequest", "result":"SYNC_SERVER_OK", "context":{"environment":"Prod_westus2_prod-s01-035-nam-westus2", "migrationStage":"NotStarted", "server":"akswtt11300000m"}}
{"logTime": "0426/170616", "correlationVector":"fvJGz8vSBJZ65/2vQVuYQk.2","action":"ProcessGetUpdates", "result":"Done", "context":{"dataType":"Sessions", "deleted":"243", "process_failed_to_decrypt":"0", "process_pending_decryption":"0", "process_success":"243", "total":"243"}}
{"logTime": "0426/170616", "correlationVector":"fvJGz8vSBJZ65/2vQVuYQk.3","action":"ProcessGetUpdates", "result":"Done", "context":{"dataType":"Saved Tab Group", "deleted":"0", "process_failed_to_decrypt":"0", "process_pending_decryption":"0", "process_success":"4", "total":"4"}}
{"logTime": "0426/170616", "correlationVector":"fvJGz8vSBJZ65/2vQVuYQk.4","action":"ProcessGetUpdates", "result":"Done", "context":{"dataType":"Edge Hub App Usage", "deleted":"3", "process_failed_to_decrypt":"0", "process_pending_decryption":"0", "process_success":"3", "total":"3"}}
{"logTime": "0426/170616", "correlationVector":"fvJGz8vSBJZ65/2vQVuYQk.5","action":"GetUpdates Response", "result":"Success", "context":Received 250 update(s). cV=fvJGz8vSBJZ65/2vQVuYQk.0;server=akswtt11300000m;cloudType=Consumer;environment=Prod_westus2_prod-s01-035-nam-westus2;migrationStage=NotStarted Some updates remain.}
{"logTime": "0426/170616", "correlationVector":"A4WrqHJPBFT8X+Qxdc7nOc","action":"Initial GetUpdates", "result":"", "context":Reason: NEWLY_SUPPORTED_DATATYPE. cV=A4WrqHJPBFT8X+Qxdc7nOc}
{"logTime": "0426/170617", "correlationVector":"A4WrqHJPBFT8X+Qxdc7nOc.1","action":"SyncServerConnectionManagerRequest", "result":"SYNC_SERVER_OK", "context":{"environment":"Prod_westus2_prod-s01-035-nam-westus2", "migrationStage":"NotStarted", "server":"akswtt11300000m"}}
{"logTime": "0426/170617", "correlationVector":"A4WrqHJPBFT8X+Qxdc7nOc.2","action":"ProcessGetUpdates", "result":"Done", "context":{"dataType":"Extensions", "deleted":"0", "process_failed_to_decrypt":"0", "process_pending_decryption":"0", "process_success":"1", "total":"1"}}
{"logTime": "0426/170617", "correlationVector":"A4WrqHJPBFT8X+Qxdc7nOc.3","action":"ProcessGetUpdates", "result":"Done", "context":{"dataType":"Sessions", "deleted":"248", "process_failed_to_decrypt":"0", "process_pending_decryption":"0", "process_success":"248", "total":"248"}}
{"logTime": "0426/170617", "correlationVector":"A4WrqHJPBFT8X+Qxdc7nOc.4","action":"ProcessGetUpdates", "result":"Done", "context":{"dataType":"Edge Hub App Usage", "deleted":"1", "process_failed_to_decrypt":"0", "process_pending_decryption":"0", "process_success":"1", "total":"1"}}
{"logTime": "0426/170617", "correlationVector":"A4WrqHJPBFT8X+Qxdc7nOc.5","action":"GetUpdates Response", "result":"Success", "context":Received 250 update(s). cV=A4WrqHJPBFT8X+Qxdc7nOc.0;server=akswtt11300000m;cloudType=Consumer;environment=Prod_westus2_prod-s01-035-nam-westus2;migrationStage=NotStarted Some updates remain.}
{"logTime": "0426/170617", "correlationVector":"oeOGyjjfE7jxqXbQ/8WZ1o","action":"Initial GetUpdates", "result":"", "context":Reason: NEWLY_SUPPORTED_DATATYPE. cV=oeOGyjjfE7jxqXbQ/8WZ1o}
{"logTime": "0426/170617", "correlationVector":"oeOGyjjfE7jxqXbQ/8WZ1o.1","action":"SyncServerConnectionManagerRequest", "result":"SYNC_SERVER_OK", "context":{"environment":"Prod_westus2_prod-s01-035-nam-westus2", "migrationStage":"NotStarted", "server":"akswtt11300000o"}}
{"logTime": "0426/170617", "correlationVector":"oeOGyjjfE7jxqXbQ/8WZ1o.2","action":"ProcessGetUpdates", "result":"Done", "context":{"dataType":"Sessions", "deleted":"248", "process_failed_to_decrypt":"0", "process_pending_decryption":"0", "process_success":"248", "total":"248"}}
{"logTime": "0426/170617", "correlationVector":"oeOGyjjfE7jxqXbQ/8WZ1o.3","action":"ProcessGetUpdates", "result":"Done", "context":{"dataType":"Edge Hub App Usage", "deleted":"1", "process_failed_to_decrypt":"0", "process_pending_decryption":"0", "process_success":"2", "total":"2"}}
{"logTime": "0426/170617", "correlationVector":"oeOGyjjfE7jxqXbQ/8WZ1o.4","action":"GetUpdates Response", "result":"Success", "context":Received 250 update(s). cV=oeOGyjjfE7jxqXbQ/8WZ1o.0;server=akswtt11300000o;cloudType=Consumer;environment=Prod_westus2_prod-s01-035-nam-westus2;migrationStage=NotStarted Some updates remain.}
{"logTime": "0426/170617", "correlationVector":"h1uDT9137bIpp2cf6l/leB","action":"Initial GetUpdates", "result":"", "context":Reason: NEWLY_SUPPORTED_DATATYPE. cV=h1uDT9137bIpp2cf6l/leB}
{"logTime": "0426/170617", "correlationVector":"h1uDT9137bIpp2cf6l/leB.1","action":"SyncServerConnectionManagerRequest", "result":"SYNC_SERVER_OK", "context":{"environment":"Prod_westus2_prod-s01-035-nam-westus2", "migrationStage":"NotStarted", "server":"akswtt11300000m"}}
{"logTime": "0426/170617", "correlationVector":"h1uDT9137bIpp2cf6l/leB.2","action":"ProcessGetUpdates", "result":"Done", "context":{"dataType":"Autofill Profiles", "deleted":"0", "process_failed_to_decrypt":"0", "process_pending_decryption":"0", "process_success":"10", "total":"10"}}
{"logTime": "0426/170617", "correlationVector":"h1uDT9137bIpp2cf6l/leB.3","action":"ProcessGetUpdates", "result":"Done", "context":{"dataType":"Autofill", "deleted":"0", "process_failed_to_decrypt":"0", "process_pending_decryption":"0", "process_success":"231", "total":"231"}}
{"logTime": "0426/170617", "correlationVector":"h1uDT9137bIpp2cf6l/leB.4","action":"ProcessGetUpdates", "result":"Done", "context":{"dataType":"Sessions", "deleted":"9", "process_failed_to_decrypt":"0", "process_pending_decryption":"0", "process_success":"9", "total":"9"}}
{"logTime": "0426/170617", "correlationVector":"h1uDT9137bIpp2cf6l/leB.5","action":"GetUpdates Response", "result":"Success", "context":Received 250 update(s). cV=h1uDT9137bIpp2cf6l/leB.0;server=akswtt11300000m;cloudType=Consumer;environment=Prod_westus2_prod-s01-035-nam-westus2;migrationStage=NotStarted Some updates remain.}
{"logTime": "0426/170617", "correlationVector":"EO/rF/4NQs2xU3Pb/IUpBb","action":"Initial GetUpdates", "result":"", "context":Reason: NEWLY_SUPPORTED_DATATYPE. cV=EO/rF/4NQs2xU3Pb/IUpBb}
{"logTime": "0426/170618", "correlationVector":"EO/rF/4NQs2xU3Pb/IUpBb.1","action":"SyncServerConnectionManagerRequest", "result":"SYNC_SERVER_OK", "context":{"environment":"Prod_westus2_prod-s01-035-nam-westus2", "migrationStage":"NotStarted", "server":"akswtt11300000p"}}
{"logTime": "0426/170618", "correlationVector":"EO/rF/4NQs2xU3Pb/IUpBb.2","action":"ProcessGetUpdates", "result":"Done", "context":{"dataType":"Autofill Profiles", "deleted":"0", "process_failed_to_decrypt":"0", "process_pending_decryption":"0", "process_success":"1", "total":"1"}}
{"logTime": "0426/170618", "correlationVector":"EO/rF/4NQs2xU3Pb/IUpBb.3","action":"ProcessGetUpdates", "result":"Done", "context":{"dataType":"Autofill", "deleted":"0", "process_failed_to_decrypt":"0", "process_pending_decryption":"0", "process_success":"234", "total":"234"}}
{"logTime": "0426/170618", "correlationVector":"EO/rF/4NQs2xU3Pb/IUpBb.4","action":"ProcessGetUpdates", "result":"Done", "context":{"dataType":"Sessions", "deleted":"15", "process_failed_to_decrypt":"0", "process_pending_decryption":"0", "process_success":"15", "total":"15"}}
{"logTime": "0426/170618", "correlationVector":"EO/rF/4NQs2xU3Pb/IUpBb.5","action":"GetUpdates Response", "result":"Success", "context":Received 250 update(s). cV=EO/rF/4NQs2xU3Pb/IUpBb.0;server=akswtt11300000p;cloudType=Consumer;environment=Prod_westus2_prod-s01-035-nam-westus2;migrationStage=NotStarted Some updates remain.}
{"logTime": "0426/170618", "correlationVector":"kdcFmcxPwFA6+sUkDncqkZ","action":"Initial GetUpdates", "result":"", "context":Reason: NEWLY_SUPPORTED_DATATYPE. cV=kdcFmcxPwFA6+sUkDncqkZ}
{"logTime": "0426/170618", "correlationVector":"kdcFmcxPwFA6+sUkDncqkZ.1","action":"SyncServerConnectionManagerRequest", "result":"SYNC_SERVER_OK", "context":{"environment":"Prod_westus2_prod-s01-035-nam-westus2", "migrationStage":"NotStarted", "server":"akswtt11300000m"}}
{"logTime": "0426/170618", "correlationVector":"kdcFmcxPwFA6+sUkDncqkZ.2","action":"ProcessGetUpdates", "result":"Done", "context":{"dataType":"Autofill Profiles", "deleted":"0", "process_failed_to_decrypt":"0", "process_pending_decryption":"0", "process_success":"2", "total":"2"}}
{"logTime": "0426/170618", "correlationVector":"kdcFmcxPwFA6+sUkDncqkZ.3","action":"ProcessGetUpdates", "result":"Done", "context":{"dataType":"Autofill", "deleted":"0", "process_failed_to_decrypt":"0", "process_pending_decryption":"0", "process_success":"48", "total":"48"}}
{"logTime": "0426/170618", "correlationVector":"kdcFmcxPwFA6+sUkDncqkZ.4","action":"ProcessGetUpdates", "result":"Done", "context":{"dataType":"Extensions", "deleted":"0", "process_failed_to_decrypt":"0", "process_pending_decryption":"0", "process_success":"1", "total":"1"}}
{"logTime": "0426/170618", "correlationVector":"kdcFmcxPwFA6+sUkDncqkZ.5","action":"ProcessGetUpdates", "result":"Done", "context":{"dataType":"Sessions", "deleted":"175", "process_failed_to_decrypt":"0", "process_pending_decryption":"0", "process_success":"199", "total":"199"}}
{"logTime": "0426/170618", "correlationVector":"kdcFmcxPwFA6+sUkDncqkZ.6","action":"GetUpdates Response", "result":"Success", "context":Received 250 update(s). cV=kdcFmcxPwFA6+sUkDncqkZ.0;server=akswtt11300000m;cloudType=Consumer;environment=Prod_westus2_prod-s01-035-nam-westus2;migrationStage=NotStarted Some updates remain.}
{"logTime": "0426/170618", "correlationVector":"7Ffsxb7PZQA4MK/10sxz5R","action":"Initial GetUpdates", "result":"", "context":Reason: NEWLY_SUPPORTED_DATATYPE. cV=7Ffsxb7PZQA4MK/10sxz5R}
{"logTime": "0426/170618", "correlationVector":"7Ffsxb7PZQA4MK/10sxz5R.1","action":"SyncServerConnectionManagerRequest", "result":"SYNC_SERVER_OK", "context":{"environment":"Prod_westus2_prod-s01-035-nam-westus2", "migrationStage":"NotStarted", "server":"akswtt11300000p"}}
{"logTime": "0426/170618", "correlationVector":"7Ffsxb7PZQA4MK/10sxz5R.2","action":"ProcessGetUpdates", "result":"Done", "context":{"dataType":"Sessions", "deleted":"9", "process_failed_to_decrypt":"0", "process_pending_decryption":"0", "process_success":"65", "total":"65"}}
{"logTime": "0426/170618", "correlationVector":"7Ffsxb7PZQA4MK/10sxz5R.3","action":"GetUpdates Response", "result":"Success", "context":Received 65 update(s). cV=7Ffsxb7PZQA4MK/10sxz5R.0;server=akswtt11300000p;cloudType=Consumer;environment=Prod_westus2_prod-s01-035-nam-westus2;migrationStage=NotStarted}
{"logTime": "0426/170618", "correlationVector":"YHtxcM2kP8zUUOQHD/0FyY","action":"Initial GetUpdates", "result":"", "context":Reason: NEWLY_SUPPORTED_DATATYPE. cV=YHtxcM2kP8zUUOQHD/0FyY}
{"logTime": "0426/170619", "correlationVector":"YHtxcM2kP8zUUOQHD/0FyY.1","action":"SyncServerConnectionManagerRequest", "result":"SYNC_SERVER_OK", "context":{"environment":"Prod_westus2_prod-s01-035-nam-westus2", "migrationStage":"NotStarted", "server":"akswtt11300000o"}}
{"logTime": "0426/170619", "correlationVector":"YHtxcM2kP8zUUOQHD/0FyY.2","action":"ProcessGetUpdates", "result":"Done", "context":{"dataType":"History", "deleted":"0", "process_failed_to_decrypt":"0", "process_pending_decryption":"0", "process_success":"250", "total":"250"}}
{"logTime": "0426/170619", "correlationVector":"YHtxcM2kP8zUUOQHD/0FyY.3","action":"GetUpdates Response", "result":"Success", "context":Received 250 update(s). cV=YHtxcM2kP8zUUOQHD/0FyY.0;server=akswtt11300000o;cloudType=Consumer;environment=Prod_westus2_prod-s01-035-nam-westus2;migrationStage=NotStarted Some updates remain.}
{"logTime": "0426/170619", "correlationVector":"fWmTIdstHO4WTSOxxcw93p","action":"Initial GetUpdates", "result":"", "context":Reason: NEWLY_SUPPORTED_DATATYPE. cV=fWmTIdstHO4WTSOxxcw93p}
{"logTime": "0426/170619", "correlationVector":"fWmTIdstHO4WTSOxxcw93p.1","action":"SyncServerConnectionManagerRequest", "result":"SYNC_SERVER_OK", "context":{"environment":"Prod_westus2_prod-s01-035-nam-westus2", "migrationStage":"NotStarted", "server":"akswtt11300000p"}}
{"logTime": "0426/170619", "correlationVector":"fWmTIdstHO4WTSOxxcw93p.2","action":"ProcessGetUpdates", "result":"Done", "context":{"dataType":"History", "deleted":"0", "process_failed_to_decrypt":"0", "process_pending_decryption":"0", "process_success":"250", "total":"250"}}
{"logTime": "0426/170619", "correlationVector":"fWmTIdstHO4WTSOxxcw93p.3","action":"GetUpdates Response", "result":"Success", "context":Received 250 update(s). cV=fWmTIdstHO4WTSOxxcw93p.0;server=akswtt11300000p;cloudType=Consumer;environment=Prod_westus2_prod-s01-035-nam-westus2;migrationStage=NotStarted Some updates remain.}
{"logTime": "0426/170619", "correlationVector":"/2AXHHr6bZfjLhzWFEkPx8","action":"Initial GetUpdates", "result":"", "context":Reason: NEWLY_SUPPORTED_DATATYPE. cV=/2AXHHr6bZfjLhzWFEkPx8}
{"logTime": "0426/170620", "correlationVector":"/2AXHHr6bZfjLhzWFEkPx8.1","action":"SyncServerConnectionManagerRequest", "result":"SYNC_SERVER_OK", "context":{"environment":"Prod_westus2_prod-s01-035-nam-westus2", "migrationStage":"NotStarted", "server":"akswtt11300000m"}}
{"logTime": "0426/170620", "correlationVector":"/2AXHHr6bZfjLhzWFEkPx8.2","action":"ProcessGetUpdates", "result":"Done", "context":{"dataType":"History", "deleted":"0", "process_failed_to_decrypt":"0", "process_pending_decryption":"0", "process_success":"250", "total":"250"}}
{"logTime": "0426/170620", "correlationVector":"/2AXHHr6bZfjLhzWFEkPx8.3","action":"GetUpdates Response", "result":"Success", "context":Received 250 update(s). cV=/2AXHHr6bZfjLhzWFEkPx8.0;server=akswtt11300000m;cloudType=Consumer;environment=Prod_westus2_prod-s01-035-nam-westus2;migrationStage=NotStarted Some updates remain.}
{"logTime": "0426/170620", "correlationVector":"CYixvOIy/06feHh2y2zleW","action":"Initial GetUpdates", "result":"", "context":Reason: NEWLY_SUPPORTED_DATATYPE. cV=CYixvOIy/06feHh2y2zleW}
{"logTime": "0426/170621", "correlationVector":"CYixvOIy/06feHh2y2zleW.1","action":"SyncServerConnectionManagerRequest", "result":"SYNC_SERVER_OK", "context":{"environment":"Prod_westus2_prod-s01-035-nam-westus2", "migrationStage":"NotStarted", "server":"akswtt11300000m"}}
{"logTime": "0426/170621", "correlationVector":"CYixvOIy/06feHh2y2zleW.2","action":"ProcessGetUpdates", "result":"Done", "context":{"dataType":"History", "deleted":"0", "process_failed_to_decrypt":"0", "process_pending_decryption":"0", "process_success":"250", "total":"250"}}
{"logTime": "0426/170621", "correlationVector":"CYixvOIy/06feHh2y2zleW.3","action":"GetUpdates Response", "result":"Success", "context":Received 250 update(s). cV=CYixvOIy/06feHh2y2zleW.0;server=akswtt11300000m;cloudType=Consumer;environment=Prod_westus2_prod-s01-035-nam-westus2;migrationStage=NotStarted Some updates remain.}
{"logTime": "0426/170621", "correlationVector":"Za/3IlesZEJnHq4CbV0XUH","action":"Initial GetUpdates", "result":"", "context":Reason: NEWLY_SUPPORTED_DATATYPE. cV=Za/3IlesZEJnHq4CbV0XUH}
{"logTime": "0426/170621", "correlationVector":"Za/3IlesZEJnHq4CbV0XUH.1","action":"SyncServerConnectionManagerRequest", "result":"SYNC_SERVER_OK", "context":{"environment":"Prod_westus2_prod-s01-035-nam-westus2", "migrationStage":"NotStarted", "server":"akswtt11300000p"}}
{"logTime": "0426/170621", "correlationVector":"Za/3IlesZEJnHq4CbV0XUH.2","action":"ProcessGetUpdates", "result":"Done", "context":{"dataType":"History", "deleted":"0", "process_failed_to_decrypt":"0", "process_pending_decryption":"0", "process_success":"250", "total":"250"}}
{"logTime": "0426/170621", "correlationVector":"Za/3IlesZEJnHq4CbV0XUH.3","action":"GetUpdates Response", "result":"Success", "context":Received 250 update(s). cV=Za/3IlesZEJnHq4CbV0XUH.0;server=akswtt11300000p;cloudType=Consumer;environment=Prod_westus2_prod-s01-035-nam-westus2;migrationStage=NotStarted Some updates remain.}
{"logTime": "0426/170621", "correlationVector":"sFJxujIMewgqr23/ImPSIj","action":"Initial GetUpdates", "result":"", "context":Reason: NEWLY_SUPPORTED_DATATYPE. cV=sFJxujIMewgqr23/ImPSIj}
{"logTime": "0426/170622", "correlationVector":"sFJxujIMewgqr23/ImPSIj.1","action":"SyncServerConnectionManagerRequest", "result":"SYNC_SERVER_OK", "context":{"environment":"Prod_westus2_prod-s01-035-nam-westus2", "migrationStage":"NotStarted", "server":"akswtt11300000p"}}
{"logTime": "0426/170622", "correlationVector":"sFJxujIMewgqr23/ImPSIj.2","action":"ProcessGetUpdates", "result":"Done", "context":{"dataType":"History", "deleted":"0", "process_failed_to_decrypt":"0", "process_pending_decryption":"0", "process_success":"250", "total":"250"}}
{"logTime": "0426/170622", "correlationVector":"sFJxujIMewgqr23/ImPSIj.3","action":"GetUpdates Response", "result":"Success", "context":Received 250 update(s). cV=sFJxujIMewgqr23/ImPSIj.0;server=akswtt11300000p;cloudType=Consumer;environment=Prod_westus2_prod-s01-035-nam-westus2;migrationStage=NotStarted Some updates remain.}
{"logTime": "0426/170622", "correlationVector":"WZocSODjundKwEPAJLcYAO","action":"Initial GetUpdates", "result":"", "context":Reason: NEWLY_SUPPORTED_DATATYPE. cV=WZocSODjundKwEPAJLcYAO}
{"logTime": "0426/170622", "correlationVector":"WZocSODjundKwEPAJLcYAO.1","action":"SyncServerConnectionManagerRequest", "result":"SYNC_SERVER_OK", "context":{"environment":"Prod_westus2_prod-s01-035-nam-westus2", "migrationStage":"NotStarted", "server":"akswtt11300000p"}}
{"logTime": "0426/170622", "correlationVector":"WZocSODjundKwEPAJLcYAO.2","action":"ProcessGetUpdates", "result":"Done", "context":{"dataType":"History", "deleted":"0", "process_failed_to_decrypt":"0", "process_pending_decryption":"0", "process_success":"250", "total":"250"}}
{"logTime": "0426/170622", "correlationVector":"WZocSODjundKwEPAJLcYAO.3","action":"GetUpdates Response", "result":"Success", "context":Received 250 update(s). cV=WZocSODjundKwEPAJLcYAO.0;server=akswtt11300000p;cloudType=Consumer;environment=Prod_westus2_prod-s01-035-nam-westus2;migrationStage=NotStarted Some updates remain.}
{"logTime": "0426/170622", "correlationVector":"2QZnPR/PiCufkvfTfqZQtl","action":"Initial GetUpdates", "result":"", "context":Reason: NEWLY_SUPPORTED_DATATYPE. cV=2QZnPR/PiCufkvfTfqZQtl}
{"logTime": "0426/170623", "correlationVector":"2QZnPR/PiCufkvfTfqZQtl.1","action":"SyncServerConnectionManagerRequest", "result":"SYNC_SERVER_OK", "context":{"environment":"Prod_westus2_prod-s01-035-nam-westus2", "migrationStage":"NotStarted", "server":"akswtt11300000i"}}
{"logTime": "0426/170623", "correlationVector":"2QZnPR/PiCufkvfTfqZQtl.2","action":"ProcessGetUpdates", "result":"Done", "context":{"dataType":"History", "deleted":"0", "process_failed_to_decrypt":"0", "process_pending_decryption":"0", "process_success":"250", "total":"250"}}
{"logTime": "0426/170623", "correlationVector":"2QZnPR/PiCufkvfTfqZQtl.3","action":"GetUpdates Response", "result":"Success", "context":Received 250 update(s). cV=2QZnPR/PiCufkvfTfqZQtl.0;server=akswtt11300000i;cloudType=Consumer;environment=Prod_westus2_prod-s01-035-nam-westus2;migrationStage=NotStarted Some updates remain.}
{"logTime": "0426/170623", "correlationVector":"uasA3kUUcpHnhMDyR0JEuh","action":"Initial GetUpdates", "result":"", "context":Reason: NEWLY_SUPPORTED_DATATYPE. cV=uasA3kUUcpHnhMDyR0JEuh}
{"logTime": "0426/170623", "correlationVector":"uasA3kUUcpHnhMDyR0JEuh.1","action":"SyncServerConnectionManagerRequest", "result":"SYNC_SERVER_OK", "context":{"environment":"Prod_westus2_prod-s01-035-nam-westus2", "migrationStage":"NotStarted", "server":"akswtt11300000p"}}
{"logTime": "0426/170623", "correlationVector":"uasA3kUUcpHnhMDyR0JEuh.2","action":"ProcessGetUpdates", "result":"Done", "context":{"dataType":"History", "deleted":"0", "process_failed_to_decrypt":"0", "process_pending_decryption":"0", "process_success":"250", "total":"250"}}
{"logTime": "0426/170623", "correlationVector":"uasA3kUUcpHnhMDyR0JEuh.3","action":"GetUpdates Response", "result":"Success", "context":Received 250 update(s). cV=uasA3kUUcpHnhMDyR0JEuh.0;server=akswtt11300000p;cloudType=Consumer;environment=Prod_westus2_prod-s01-035-nam-westus2;migrationStage=NotStarted Some updates remain.}
{"logTime": "0426/170623", "correlationVector":"H0XuwoZO1kTbNabLVuhrJt","action":"Initial GetUpdates", "result":"", "context":Reason: NEWLY_SUPPORTED_DATATYPE. cV=H0XuwoZO1kTbNabLVuhrJt}
{"logTime": "0426/170624", "correlationVector":"H0XuwoZO1kTbNabLVuhrJt.1","action":"SyncServerConnectionManagerRequest", "result":"SYNC_SERVER_OK", "context":{"environment":"Prod_westus2_prod-s01-035-nam-westus2", "migrationStage":"NotStarted", "server":"akswtt11300000p"}}
{"logTime": "0426/170624", "correlationVector":"H0XuwoZO1kTbNabLVuhrJt.2","action":"ProcessGetUpdates", "result":"Done", "context":{"dataType":"History", "deleted":"0", "process_failed_to_decrypt":"0", "process_pending_decryption":"0", "process_success":"250", "total":"250"}}
{"logTime": "0426/170624", "correlationVector":"H0XuwoZO1kTbNabLVuhrJt.3","action":"GetUpdates Response", "result":"Success", "context":Received 250 update(s). cV=H0XuwoZO1kTbNabLVuhrJt.0;server=akswtt11300000p;cloudType=Consumer;environment=Prod_westus2_prod-s01-035-nam-westus2;migrationStage=NotStarted Some updates remain.}
{"logTime": "0426/170624", "correlationVector":"Xm8JRAHMbcfQ+euFgP7dKw","action":"Initial GetUpdates", "result":"", "context":Reason: NEWLY_SUPPORTED_DATATYPE. cV=Xm8JRAHMbcfQ+euFgP7dKw}
{"logTime": "0426/170624", "correlationVector":"Xm8JRAHMbcfQ+euFgP7dKw.1","action":"SyncServerConnectionManagerRequest", "result":"SYNC_SERVER_OK", "context":{"environment":"Prod_westus2_prod-s01-035-nam-westus2", "migrationStage":"NotStarted", "server":"akswtt11300000p"}}
{"logTime": "0426/170624", "correlationVector":"Xm8JRAHMbcfQ+euFgP7dKw.2","action":"ProcessGetUpdates", "result":"Done", "context":{"dataType":"History", "deleted":"0", "process_failed_to_decrypt":"0", "process_pending_decryption":"0", "process_success":"250", "total":"250"}}
{"logTime": "0426/170624", "correlationVector":"Xm8JRAHMbcfQ+euFgP7dKw.3","action":"GetUpdates Response", "result":"Success", "context":Received 250 update(s). cV=Xm8JRAHMbcfQ+euFgP7dKw.0;server=akswtt11300000p;cloudType=Consumer;environment=Prod_westus2_prod-s01-035-nam-westus2;migrationStage=NotStarted Some updates remain.}
{"logTime": "0426/170624", "correlationVector":"iG8Zgu34F8YMSIh2q40jJl","action":"Initial GetUpdates", "result":"", "context":Reason: NEWLY_SUPPORTED_DATATYPE. cV=iG8Zgu34F8YMSIh2q40jJl}
{"logTime": "0426/170625", "correlationVector":"iG8Zgu34F8YMSIh2q40jJl.1","action":"SyncServerConnectionManagerRequest", "result":"SYNC_SERVER_OK", "context":{"environment":"Prod_westus2_prod-s01-035-nam-westus2", "migrationStage":"NotStarted", "server":"akswtt11300000i"}}
{"logTime": "0426/170625", "correlationVector":"iG8Zgu34F8YMSIh2q40jJl.2","action":"ProcessGetUpdates", "result":"Done", "context":{"dataType":"History", "deleted":"0", "process_failed_to_decrypt":"0", "process_pending_decryption":"0", "process_success":"250", "total":"250"}}
{"logTime": "0426/170625", "correlationVector":"iG8Zgu34F8YMSIh2q40jJl.3","action":"GetUpdates Response", "result":"Success", "context":Received 250 update(s). cV=iG8Zgu34F8YMSIh2q40jJl.0;server=akswtt11300000i;cloudType=Consumer;environment=Prod_westus2_prod-s01-035-nam-westus2;migrationStage=NotStarted Some updates remain.}
{"logTime": "0426/170625", "correlationVector":"cDPhj3ZWGLhPAPutGSMoB5","action":"Initial GetUpdates", "result":"", "context":Reason: NEWLY_SUPPORTED_DATATYPE. cV=cDPhj3ZWGLhPAPutGSMoB5}
{"logTime": "0426/170625", "correlationVector":"cDPhj3ZWGLhPAPutGSMoB5.1","action":"SyncServerConnectionManagerRequest", "result":"SYNC_SERVER_OK", "context":{"environment":"Prod_westus2_prod-s01-035-nam-westus2", "migrationStage":"NotStarted", "server":"akswtt11300000m"}}
{"logTime": "0426/170625", "correlationVector":"cDPhj3ZWGLhPAPutGSMoB5.2","action":"ProcessGetUpdates", "result":"Done", "context":{"dataType":"History", "deleted":"0", "process_failed_to_decrypt":"0", "process_pending_decryption":"0", "process_success":"250", "total":"250"}}
{"logTime": "0426/170625", "correlationVector":"cDPhj3ZWGLhPAPutGSMoB5.3","action":"GetUpdates Response", "result":"Success", "context":Received 250 update(s). cV=cDPhj3ZWGLhPAPutGSMoB5.0;server=akswtt11300000m;cloudType=Consumer;environment=Prod_westus2_prod-s01-035-nam-westus2;migrationStage=NotStarted Some updates remain.}
{"logTime": "0426/170625", "correlationVector":"VSKZQ6Pyu4U0+y/vsNdx1h","action":"Initial GetUpdates", "result":"", "context":Reason: NEWLY_SUPPORTED_DATATYPE. cV=VSKZQ6Pyu4U0+y/vsNdx1h}
{"logTime": "0426/170626", "correlationVector":"VSKZQ6Pyu4U0+y/vsNdx1h.1","action":"SyncServerConnectionManagerRequest", "result":"SYNC_SERVER_OK", "context":{"environment":"Prod_westus2_prod-s01-035-nam-westus2", "migrationStage":"NotStarted", "server":"akswtt11300000p"}}
{"logTime": "0426/170626", "correlationVector":"VSKZQ6Pyu4U0+y/vsNdx1h.2","action":"ProcessGetUpdates", "result":"Done", "context":{"dataType":"History", "deleted":"0", "process_failed_to_decrypt":"0", "process_pending_decryption":"0", "process_success":"222", "total":"222"}}
{"logTime": "0426/170626", "correlationVector":"VSKZQ6Pyu4U0+y/vsNdx1h.3","action":"GetUpdates Response", "result":"Success", "context":Received 222 update(s). cV=VSKZQ6Pyu4U0+y/vsNdx1h.0;server=akswtt11300000p;cloudType=Consumer;environment=Prod_westus2_prod-s01-035-nam-westus2;migrationStage=NotStarted}
{"logTime": "0426/170626", "correlationVector":"5mywfVvU3V2I1ecSuFnLFS","action":"Normal GetUpdate request", "result":"", "context":cV=5mywfVvU3V2I1ecSuFnLFS
Nudged types: Sessions, Device Info, User Consents, History
Refresh requested types: Bookmarks, Preferences, Passwords, Autofill Profiles, Autofill, Extensions, Sessions, Extension settings, History Delete Directives, Device Info, User Consents, Send Tab To Self, Web Apps, History, Saved Tab Group, WebAuthn Credentials, Collection, Edge E Drop, Edge Hub App Usage, Edge Wallet, Edge Workspace, Encryption Keys}
{"logTime": "0426/170626", "correlationVector":"5mywfVvU3V2I1ecSuFnLFS.1","action":"SyncServerConnectionManagerRequest", "result":"SYNC_SERVER_OK", "context":{"environment":"Prod_westus2_prod-s01-035-nam-westus2", "migrationStage":"NotStarted", "server":"akswtt11300000m"}}
{"logTime": "0426/170626", "correlationVector":"5mywfVvU3V2I1ecSuFnLFS.2","action":"GetUpdates Response", "result":"Success", "context":Received 0 update(s). cV=5mywfVvU3V2I1ecSuFnLFS.0;server=akswtt11300000m;cloudType=Consumer;environment=Prod_westus2_prod-s01-035-nam-westus2;migrationStage=NotStarted}
{"logTime": "0426/170626", "correlationVector":"zcO839vjOh+4AqLOlqduiz","action":"Commit Request", "result":"", "context":Item count: 10
Contributing types: Sessions, Device Info, User Consents, History}
{"logTime": "0426/170627", "correlationVector":"zcO839vjOh+4AqLOlqduiz.1","action":"SyncServerConnectionManagerRequest", "result":"SYNC_SERVER_OK", "context":{"environment":"Prod_westus2_prod-s01-035-nam-westus2", "migrationStage":"NotStarted", "server":"akswtt11300000m"}}
{"logTime": "0426/170627", "correlationVector":"zcO839vjOh+4AqLOlqduiz.2","action":"Commit Response", "result":"Success", "context":Result: Success. cV=zcO839vjOh+4AqLOlqduiz.0;server=akswtt11300000m;cloudType=Consumer;environment=Prod_westus2_prod-s01-035-nam-westus2;migrationStage=NotStarted}
{"logTime": "0426/170712", "correlationVector":"ZPd1n8w48Fz/LiOCVTF0q9","action":"Commit Request", "result":"", "context":Item count: 40
Contributing types: Passwords}
{"logTime": "0426/170714", "correlationVector":"ZPd1n8w48Fz/LiOCVTF0q9.1","action":"SyncServerConnectionManagerRequest", "result":"SYNC_SERVER_OK", "context":{"environment":"Prod_westus2_prod-s01-035-nam-westus2", "migrationStage":"NotStarted", "server":"akswtt11300000p"}}
{"logTime": "0426/170714", "correlationVector":"ZPd1n8w48Fz/LiOCVTF0q9.2","action":"Commit Response", "result":"Success", "context":Result: Success. cV=ZPd1n8w48Fz/LiOCVTF0q9.0;server=akswtt11300000p;cloudType=Consumer;environment=Prod_westus2_prod-s01-035-nam-westus2;migrationStage=NotStarted}
{"logTime": "0426/170714", "correlationVector":"CyDAx0gCk9+PKi60REfAVF","action":"Commit Request", "result":"", "context":Item count: 29
Contributing types: Passwords, Sessions, History}
{"logTime": "0426/170716", "correlationVector":"CyDAx0gCk9+PKi60REfAVF.1","action":"SyncServerConnectionManagerRequest", "result":"SYNC_SERVER_OK", "context":{"environment":"Prod_westus2_prod-s01-035-nam-westus2", "migrationStage":"NotStarted", "server":"akswtt11300000o"}}
{"logTime": "0426/170716", "correlationVector":"CyDAx0gCk9+PKi60REfAVF.2","action":"Commit Response", "result":"Success", "context":Result: Success. cV=CyDAx0gCk9+PKi60REfAVF.0;server=akswtt11300000o;cloudType=Consumer;environment=Prod_westus2_prod-s01-035-nam-westus2;migrationStage=NotStarted}
{"logTime": "0426/170816", "correlationVector":"QxoAid4b00kPMz9er7UkI2","action":"Commit Request", "result":"", "context":Item count: 1
Contributing types: History}
{"logTime": "0426/170816", "correlationVector":"QxoAid4b00kPMz9er7UkI2.1","action":"SyncServerConnectionManagerRequest", "result":"SYNC_SERVER_OK", "context":{"environment":"Prod_westus2_prod-s01-035-nam-westus2", "migrationStage":"NotStarted", "server":"akswtt11300000o"}}
{"logTime": "0426/170816", "correlationVector":"QxoAid4b00kPMz9er7UkI2.2","action":"Commit Response", "result":"Success", "context":Result: Success. cV=QxoAid4b00kPMz9er7UkI2.0;server=akswtt11300000o;cloudType=Consumer;environment=Prod_westus2_prod-s01-035-nam-westus2;migrationStage=NotStarted}
{"logTime": "0426/170817", "correlationVector":"Afmj1Ryo9691T1jBqaYz/A","action":"Normal GetUpdate request", "result":"", "context":cV=Afmj1Ryo9691T1jBqaYz/A
Nudged types: Sessions, History
Notified types: History}
{"logTime": "0426/170818", "correlationVector":"Afmj1Ryo9691T1jBqaYz/A.1","action":"SyncServerConnectionManagerRequest", "result":"SYNC_SERVER_OK", "context":{"environment":"Prod_westus2_prod-s01-035-nam-westus2", "migrationStage":"NotStarted", "server":"akswtt11300000m"}}
{"logTime": "0426/170818", "correlationVector":"Afmj1Ryo9691T1jBqaYz/A.2","action":"ProcessGetUpdates", "result":"Done", "context":{"dataType":"Passwords", "deleted":"0", "process_failed_to_decrypt":"0", "process_pending_decryption":"0", "process_success":"51", "total":"51"}}
{"logTime": "0426/170818", "correlationVector":"Afmj1Ryo9691T1jBqaYz/A.3","action":"ProcessGetUpdates", "result":"Done", "context":{"dataType":"Sessions", "deleted":"0", "process_failed_to_decrypt":"0", "process_pending_decryption":"0", "process_success":"5", "total":"5"}}
{"logTime": "0426/170818", "correlationVector":"Afmj1Ryo9691T1jBqaYz/A.4","action":"ProcessGetUpdates", "result":"Done", "context":{"dataType":"Device Info", "deleted":"0", "process_failed_to_decrypt":"0", "process_pending_decryption":"0", "process_success":"1", "total":"1"}}
{"logTime": "0426/170818", "correlationVector":"Afmj1Ryo9691T1jBqaYz/A.5","action":"ProcessGetUpdates", "result":"Done", "context":{"dataType":"History", "deleted":"0", "process_failed_to_decrypt":"0", "process_pending_decryption":"0", "process_success":"22", "total":"22"}}
{"logTime": "0426/170818", "correlationVector":"Afmj1Ryo9691T1jBqaYz/A.6","action":"GetUpdates Response", "result":"Success", "context":Received 79 update(s). cV=Afmj1Ryo9691T1jBqaYz/A.0;server=akswtt11300000m;cloudType=Consumer;environment=Prod_westus2_prod-s01-035-nam-westus2;migrationStage=NotStarted}
{"logTime": "0426/170818", "correlationVector":"00NFcq6NneG2eODkobnjOG","action":"DoCompareDataConsistency: ", "result":"has local changes and skip compare"}
{"logTime": "0426/170818", "correlationVector":"G5cVH5py4lCNMZQPLUFUhZ","action":"Commit Request", "result":"", "context":Item count: 3
Contributing types: Sessions, History}
{"logTime": "0426/170818", "correlationVector":"G5cVH5py4lCNMZQPLUFUhZ.1","action":"SyncServerConnectionManagerRequest", "result":"SYNC_SERVER_OK", "context":{"environment":"Prod_westus2_prod-s01-035-nam-westus2", "migrationStage":"NotStarted", "server":"akswtt11300000o"}}
{"logTime": "0426/170818", "correlationVector":"G5cVH5py4lCNMZQPLUFUhZ.2","action":"Commit Response", "result":"Success", "context":Result: Success. cV=G5cVH5py4lCNMZQPLUFUhZ.0;server=akswtt11300000o;cloudType=Consumer;environment=Prod_westus2_prod-s01-035-nam-westus2;migrationStage=NotStarted}
{"logTime": "0426/170918", "correlationVector":"KzbWwrvJeOrMTxw0/b6w2e","action":"Commit Request", "result":"", "context":Item count: 7
Contributing types: Sessions, History}
{"logTime": "0426/170918", "correlationVector":"KzbWwrvJeOrMTxw0/b6w2e.1","action":"SyncServerConnectionManagerRequest", "result":"SYNC_SERVER_OK", "context":{"environment":"Prod_westus2_prod-s01-035-nam-westus2", "migrationStage":"NotStarted", "server":"akswtt11300000i"}}
{"logTime": "0426/170918", "correlationVector":"KzbWwrvJeOrMTxw0/b6w2e.2","action":"Commit Response", "result":"Success", "context":Result: Success. cV=KzbWwrvJeOrMTxw0/b6w2e.0;server=akswtt11300000i;cloudType=Consumer;environment=Prod_westus2_prod-s01-035-nam-westus2;migrationStage=NotStarted}
