{"logTime": "0426/145858", "correlationVector":"Sgy/1LfsGv4DIlL3qJJQ8w.1","action":"SyncServerConnectionManagerRequest", "result":"SYNC_SERVER_OK", "context":{"environment":"Prod_westus2_prod-s01-035-nam-westus2", "migrationStage":"NotStarted", "server":"akswtt113000000"}}
{"logTime": "0426/145858", "correlationVector":"Sgy/1LfsGv4DIlL3qJJQ8w.2","action":"ProcessGetUpdates", "result":"Done", "context":{"dataType":"Encryption Keys", "deleted":"0", "process_failed_to_decrypt":"0", "process_pending_decryption":"0", "process_success":"1", "total":"1"}}
{"logTime": "0426/145858", "correlationVector":"3nsAjLBBCJiv8OgwHwu6jV","action":"SyncServerConnectionManagerRequest", "result":"SYNC_SERVER_OK", "context":{"environment":"", "migrationStage":"", "server":""}}
{"logTime": "0426/145858", "correlationVector":"3nsAjLBBCJiv8OgwHwu6jV.0","action":"EncryptionKeysFetcher.DownloadKeys:", "result":"Success", "context":Key count: 5, Last key timestamp: 2026-04-18T03:48:13Z}
{"logTime": "0426/145858", "correlationVector":"3nsAjLBBCJiv8OgwHwu6jV.1","action":"EncryptionKeysManager::SetEncryptionKeys:", "result":"Success", "context":Key names[5]:[lBLlivP0tL7DaZCLOxY0Ms4GCmsztTwaiZZnWuhIrvxf62WQbQQOrEOZFqDAc6XX8sNCG3UdMSQXoQPb7570QQ==][lVznK7+X4kMFXxOXBoPhpSbjH3WghWADowbo4a72vMU6iWo8i79nPTR5N+6F83VtFpBywxdhc0xV21a2Jm/A6g==][Rkjhz4tCaGQHbFM9iina6dfubiNJH3/8Nb0P3dtJ1SeLsFRspz/UbUDes0Q9ENkkHUncnfUvSXI6M+uJbc+N9w==][qNbI0n6v/hh0ojvUbrBt2zg5a/wjTFo4ReIKDxAcek9QLy5Lb4ncifiaiqLrQxn4dHE7159KCWd7txz5PXG7pA==][EQnJNat9nLGhQ3sWluAQbvJNaL11ABTMNp2x6WBZFViiXC6pyhYenoSQCzCxCCt+LnXbXP/vleqfYDQYpxNb5A==]}
{"logTime": "0426/145858", "correlationVector":"3nsAjLBBCJiv8OgwHwu6jV.2","action":"EncryptionKeysManager::SetEncryptionKeysWithTimestamps:", "result":"Success", "context":Key timestamps[5]:[2024-04-18T22:10:58Z][2024-10-16T20:23:03Z][2025-04-14T23:12:43Z][2025-10-14T00:38:14Z][2026-04-18T03:48:13Z]}
{"logTime": "0426/145858", "correlationVector":"Sgy/1LfsGv4DIlL3qJJQ8w","action":"Initial GetUpdates", "result":"", "context":Reason: NEW_CLIENT. cV=Sgy/1LfsGv4DIlL3qJJQ8w}
{"logTime": "0426/145858", "correlationVector":"Sgy/1LfsGv4DIlL3qJJQ8w.3","action":"GetUpdates Response", "result":"Success", "context":Received 1 update(s). cV=Sgy/1LfsGv4DIlL3qJJQ8w.0;server=akswtt113000000;cloudType=Consumer;environment=Prod_westus2_prod-s01-035-nam-westus2;migrationStage=NotStarted}
{"logTime": "0426/145858", "correlationVector":"n+I3wW4Lk3Xl7XFM91YIE8","action":"Initial GetUpdates", "result":"", "context":Reason: NEWLY_SUPPORTED_DATATYPE. cV=n+I3wW4Lk3Xl7XFM91YIE8}
{"logTime": "0426/145859", "correlationVector":"n+I3wW4Lk3Xl7XFM91YIE8.1","action":"SyncServerConnectionManagerRequest", "result":"SYNC_SERVER_OK", "context":{"environment":"Prod_westus2_prod-s01-035-nam-westus2", "migrationStage":"NotStarted", "server":"akswtt11300000j"}}
{"logTime": "0426/145859", "correlationVector":"n+I3wW4Lk3Xl7XFM91YIE8.2","action":"ProcessGetUpdates", "result":"Done", "context":{"dataType":"Preferences", "deleted":"0", "process_failed_to_decrypt":"0", "process_pending_decryption":"0", "process_success":"89", "total":"89"}}
{"logTime": "0426/145859", "correlationVector":"n+I3wW4Lk3Xl7XFM91YIE8.3","action":"ProcessGetUpdates", "result":"Done", "context":{"dataType":"Passwords", "deleted":"0", "process_failed_to_decrypt":"0", "process_pending_decryption":"0", "process_success":"52", "total":"52"}}
{"logTime": "0426/145859", "correlationVector":"n+I3wW4Lk3Xl7XFM91YIE8.4","action":"ProcessGetUpdates", "result":"Done", "context":{"dataType":"Device Info", "deleted":"0", "process_failed_to_decrypt":"0", "process_pending_decryption":"0", "process_success":"12", "total":"12"}}
{"logTime": "0426/145859", "correlationVector":"n+I3wW4Lk3Xl7XFM91YIE8.5","action":"GetUpdates Response", "result":"Success", "context":Received 153 update(s). cV=n+I3wW4Lk3Xl7XFM91YIE8.0;server=akswtt11300000j;cloudType=Consumer;environment=Prod_westus2_prod-s01-035-nam-westus2;migrationStage=NotStarted}
{"logTime": "0426/145859", "correlationVector":"2iNcLL0umgcpxjpojs24yU","action":"Initial GetUpdates", "result":"", "context":Reason: NEWLY_SUPPORTED_DATATYPE. cV=2iNcLL0umgcpxjpojs24yU}
{"logTime": "0426/145859", "correlationVector":"2iNcLL0umgcpxjpojs24yU.1","action":"SyncServerConnectionManagerRequest", "result":"SYNC_SERVER_OK", "context":{"environment":"Prod_westus2_prod-s01-035-nam-westus2", "migrationStage":"NotStarted", "server":"akswtt113000000"}}
{"logTime": "0426/145859", "correlationVector":"2iNcLL0umgcpxjpojs24yU.2","action":"ProcessGetUpdates", "result":"Done", "context":{"dataType":"Bookmarks", "deleted":"1", "process_failed_to_decrypt":"0", "process_pending_decryption":"0", "process_success":"17", "total":"17"}}
{"logTime": "0426/145859", "correlationVector":"2iNcLL0umgcpxjpojs24yU.3","action":"GetUpdates Response", "result":"Success", "context":Received 17 update(s). cV=2iNcLL0umgcpxjpojs24yU.0;server=akswtt113000000;cloudType=Consumer;environment=Prod_westus2_prod-s01-035-nam-westus2;migrationStage=NotStarted}
{"logTime": "0426/145859", "correlationVector":"rv0pN7H/ghhu/fd9WACf3b","action":"Initial GetUpdates", "result":"", "context":Reason: NEWLY_SUPPORTED_DATATYPE. cV=rv0pN7H/ghhu/fd9WACf3b}
{"logTime": "0426/145859", "correlationVector":"rv0pN7H/ghhu/fd9WACf3b.1","action":"SyncServerConnectionManagerRequest", "result":"SYNC_SERVER_OK", "context":{"environment":"Prod_westus2_prod-s01-035-nam-westus2", "migrationStage":"NotStarted", "server":"akswtt11300000j"}}
{"logTime": "0426/145859", "correlationVector":"rv0pN7H/ghhu/fd9WACf3b.2","action":"ProcessGetUpdates", "result":"Done", "context":{"dataType":"Autofill", "deleted":"0", "process_failed_to_decrypt":"0", "process_pending_decryption":"0", "process_success":"236", "total":"236"}}
{"logTime": "0426/145859", "correlationVector":"rv0pN7H/ghhu/fd9WACf3b.3","action":"ProcessGetUpdates", "result":"Done", "context":{"dataType":"Sessions", "deleted":"14", "process_failed_to_decrypt":"0", "process_pending_decryption":"0", "process_success":"14", "total":"14"}}
{"logTime": "0426/145859", "correlationVector":"rv0pN7H/ghhu/fd9WACf3b.4","action":"GetUpdates Response", "result":"Success", "context":Received 250 update(s). cV=rv0pN7H/ghhu/fd9WACf3b.0;server=akswtt11300000j;cloudType=Consumer;environment=Prod_westus2_prod-s01-035-nam-westus2;migrationStage=NotStarted Some updates remain.}
{"logTime": "0426/145859", "correlationVector":"1aQW7dhahKxYaau5jQ1sWM","action":"Initial GetUpdates", "result":"", "context":Reason: NEWLY_SUPPORTED_DATATYPE. cV=1aQW7dhahKxYaau5jQ1sWM}
{"logTime": "0426/145859", "correlationVector":"1aQW7dhahKxYaau5jQ1sWM.1","action":"SyncServerConnectionManagerRequest", "result":"SYNC_SERVER_OK", "context":{"environment":"Prod_westus2_prod-s01-035-nam-westus2", "migrationStage":"NotStarted", "server":"akswtt11300000g"}}
{"logTime": "0426/145859", "correlationVector":"1aQW7dhahKxYaau5jQ1sWM.2","action":"ProcessGetUpdates", "result":"Done", "context":{"dataType":"Sessions", "deleted":"248", "process_failed_to_decrypt":"0", "process_pending_decryption":"0", "process_success":"248", "total":"248"}}
{"logTime": "0426/145859", "correlationVector":"1aQW7dhahKxYaau5jQ1sWM.3","action":"ProcessGetUpdates", "result":"Done", "context":{"dataType":"Edge Hub App Usage", "deleted":"1", "process_failed_to_decrypt":"0", "process_pending_decryption":"0", "process_success":"2", "total":"2"}}
{"logTime": "0426/145859", "correlationVector":"1aQW7dhahKxYaau5jQ1sWM.4","action":"GetUpdates Response", "result":"Success", "context":Received 250 update(s). cV=1aQW7dhahKxYaau5jQ1sWM.0;server=akswtt11300000g;cloudType=Consumer;environment=Prod_westus2_prod-s01-035-nam-westus2;migrationStage=NotStarted Some updates remain.}
{"logTime": "0426/145859", "correlationVector":"hHtXibEuppBnUWhgPtqKt+","action":"Initial GetUpdates", "result":"", "context":Reason: NEWLY_SUPPORTED_DATATYPE. cV=hHtXibEuppBnUWhgPtqKt+}
{"logTime": "0426/145900", "correlationVector":"hHtXibEuppBnUWhgPtqKt+.1","action":"SyncServerConnectionManagerRequest", "result":"SYNC_SERVER_OK", "context":{"environment":"Prod_westus2_prod-s01-035-nam-westus2", "migrationStage":"NotStarted", "server":"akswtt11300000a"}}
{"logTime": "0426/145900", "correlationVector":"hHtXibEuppBnUWhgPtqKt+.2","action":"ProcessGetUpdates", "result":"Done", "context":{"dataType":"Sessions", "deleted":"243", "process_failed_to_decrypt":"0", "process_pending_decryption":"0", "process_success":"243", "total":"243"}}
{"logTime": "0426/145900", "correlationVector":"hHtXibEuppBnUWhgPtqKt+.3","action":"ProcessGetUpdates", "result":"Done", "context":{"dataType":"Saved Tab Group", "deleted":"0", "process_failed_to_decrypt":"0", "process_pending_decryption":"0", "process_success":"4", "total":"4"}}
{"logTime": "0426/145900", "correlationVector":"hHtXibEuppBnUWhgPtqKt+.4","action":"ProcessGetUpdates", "result":"Done", "context":{"dataType":"Edge Hub App Usage", "deleted":"3", "process_failed_to_decrypt":"0", "process_pending_decryption":"0", "process_success":"3", "total":"3"}}
{"logTime": "0426/145900", "correlationVector":"hHtXibEuppBnUWhgPtqKt+.5","action":"GetUpdates Response", "result":"Success", "context":Received 250 update(s). cV=hHtXibEuppBnUWhgPtqKt+.0;server=akswtt11300000a;cloudType=Consumer;environment=Prod_westus2_prod-s01-035-nam-westus2;migrationStage=NotStarted Some updates remain.}
{"logTime": "0426/145900", "correlationVector":"eDqdVzcnTDdeIhRiELbRGz","action":"Initial GetUpdates", "result":"", "context":Reason: NEWLY_SUPPORTED_DATATYPE. cV=eDqdVzcnTDdeIhRiELbRGz}
{"logTime": "0426/145900", "correlationVector":"eDqdVzcnTDdeIhRiELbRGz.1","action":"SyncServerConnectionManagerRequest", "result":"SYNC_SERVER_OK", "context":{"environment":"Prod_westus2_prod-s01-035-nam-westus2", "migrationStage":"NotStarted", "server":"akswtt113000006"}}
{"logTime": "0426/145900", "correlationVector":"eDqdVzcnTDdeIhRiELbRGz.2","action":"ProcessGetUpdates", "result":"Done", "context":{"dataType":"Extensions", "deleted":"0", "process_failed_to_decrypt":"0", "process_pending_decryption":"0", "process_success":"1", "total":"1"}}
{"logTime": "0426/145900", "correlationVector":"eDqdVzcnTDdeIhRiELbRGz.3","action":"ProcessGetUpdates", "result":"Done", "context":{"dataType":"Sessions", "deleted":"248", "process_failed_to_decrypt":"0", "process_pending_decryption":"0", "process_success":"248", "total":"248"}}
{"logTime": "0426/145900", "correlationVector":"eDqdVzcnTDdeIhRiELbRGz.4","action":"ProcessGetUpdates", "result":"Done", "context":{"dataType":"Edge Hub App Usage", "deleted":"1", "process_failed_to_decrypt":"0", "process_pending_decryption":"0", "process_success":"1", "total":"1"}}
{"logTime": "0426/145900", "correlationVector":"eDqdVzcnTDdeIhRiELbRGz.5","action":"GetUpdates Response", "result":"Success", "context":Received 250 update(s). cV=eDqdVzcnTDdeIhRiELbRGz.0;server=akswtt113000006;cloudType=Consumer;environment=Prod_westus2_prod-s01-035-nam-westus2;migrationStage=NotStarted Some updates remain.}
{"logTime": "0426/145900", "correlationVector":"PUMZhqOHXLyds3Uzb5AOVg","action":"Initial GetUpdates", "result":"", "context":Reason: NEWLY_SUPPORTED_DATATYPE. cV=PUMZhqOHXLyds3Uzb5AOVg}
{"logTime": "0426/145900", "correlationVector":"PUMZhqOHXLyds3Uzb5AOVg.1","action":"SyncServerConnectionManagerRequest", "result":"SYNC_SERVER_OK", "context":{"environment":"Prod_westus2_prod-s01-035-nam-westus2", "migrationStage":"NotStarted", "server":"akswtt11300000k"}}
{"logTime": "0426/145900", "correlationVector":"PUMZhqOHXLyds3Uzb5AOVg.2","action":"ProcessGetUpdates", "result":"Done", "context":{"dataType":"Sessions", "deleted":"248", "process_failed_to_decrypt":"0", "process_pending_decryption":"0", "process_success":"248", "total":"248"}}
{"logTime": "0426/145900", "correlationVector":"PUMZhqOHXLyds3Uzb5AOVg.3","action":"ProcessGetUpdates", "result":"Done", "context":{"dataType":"Edge Hub App Usage", "deleted":"1", "process_failed_to_decrypt":"0", "process_pending_decryption":"0", "process_success":"2", "total":"2"}}
{"logTime": "0426/145900", "correlationVector":"PUMZhqOHXLyds3Uzb5AOVg.4","action":"GetUpdates Response", "result":"Success", "context":Received 250 update(s). cV=PUMZhqOHXLyds3Uzb5AOVg.0;server=akswtt11300000k;cloudType=Consumer;environment=Prod_westus2_prod-s01-035-nam-westus2;migrationStage=NotStarted Some updates remain.}
{"logTime": "0426/145900", "correlationVector":"gR1aTtpqPfabUBUaTuH1gP","action":"Initial GetUpdates", "result":"", "context":Reason: NEWLY_SUPPORTED_DATATYPE. cV=gR1aTtpqPfabUBUaTuH1gP}
{"logTime": "0426/145901", "correlationVector":"gR1aTtpqPfabUBUaTuH1gP.1","action":"SyncServerConnectionManagerRequest", "result":"SYNC_SERVER_OK", "context":{"environment":"Prod_westus2_prod-s01-035-nam-westus2", "migrationStage":"NotStarted", "server":"akswtt11300000g"}}
{"logTime": "0426/145901", "correlationVector":"gR1aTtpqPfabUBUaTuH1gP.2","action":"ProcessGetUpdates", "result":"Done", "context":{"dataType":"Autofill Profiles", "deleted":"0", "process_failed_to_decrypt":"0", "process_pending_decryption":"0", "process_success":"10", "total":"10"}}
{"logTime": "0426/145901", "correlationVector":"gR1aTtpqPfabUBUaTuH1gP.3","action":"ProcessGetUpdates", "result":"Done", "context":{"dataType":"Autofill", "deleted":"0", "process_failed_to_decrypt":"0", "process_pending_decryption":"0", "process_success":"231", "total":"231"}}
{"logTime": "0426/145901", "correlationVector":"gR1aTtpqPfabUBUaTuH1gP.4","action":"ProcessGetUpdates", "result":"Done", "context":{"dataType":"Sessions", "deleted":"9", "process_failed_to_decrypt":"0", "process_pending_decryption":"0", "process_success":"9", "total":"9"}}
{"logTime": "0426/145901", "correlationVector":"gR1aTtpqPfabUBUaTuH1gP.5","action":"GetUpdates Response", "result":"Success", "context":Received 250 update(s). cV=gR1aTtpqPfabUBUaTuH1gP.0;server=akswtt11300000g;cloudType=Consumer;environment=Prod_westus2_prod-s01-035-nam-westus2;migrationStage=NotStarted Some updates remain.}
{"logTime": "0426/145901", "correlationVector":"SgM5UT/f6J15HUXPA5P9IW","action":"Initial GetUpdates", "result":"", "context":Reason: NEWLY_SUPPORTED_DATATYPE. cV=SgM5UT/f6J15HUXPA5P9IW}
{"logTime": "0426/145901", "correlationVector":"SgM5UT/f6J15HUXPA5P9IW.1","action":"SyncServerConnectionManagerRequest", "result":"SYNC_SERVER_OK", "context":{"environment":"Prod_westus2_prod-s01-035-nam-westus2", "migrationStage":"NotStarted", "server":"akswtt113000001"}}
{"logTime": "0426/145901", "correlationVector":"SgM5UT/f6J15HUXPA5P9IW.2","action":"ProcessGetUpdates", "result":"Done", "context":{"dataType":"Autofill Profiles", "deleted":"0", "process_failed_to_decrypt":"0", "process_pending_decryption":"0", "process_success":"1", "total":"1"}}
{"logTime": "0426/145901", "correlationVector":"SgM5UT/f6J15HUXPA5P9IW.3","action":"ProcessGetUpdates", "result":"Done", "context":{"dataType":"Autofill", "deleted":"0", "process_failed_to_decrypt":"0", "process_pending_decryption":"0", "process_success":"234", "total":"234"}}
{"logTime": "0426/145901", "correlationVector":"SgM5UT/f6J15HUXPA5P9IW.4","action":"ProcessGetUpdates", "result":"Done", "context":{"dataType":"Sessions", "deleted":"15", "process_failed_to_decrypt":"0", "process_pending_decryption":"0", "process_success":"15", "total":"15"}}
{"logTime": "0426/145901", "correlationVector":"SgM5UT/f6J15HUXPA5P9IW.5","action":"GetUpdates Response", "result":"Success", "context":Received 250 update(s). cV=SgM5UT/f6J15HUXPA5P9IW.0;server=akswtt113000001;cloudType=Consumer;environment=Prod_westus2_prod-s01-035-nam-westus2;migrationStage=NotStarted Some updates remain.}
{"logTime": "0426/145901", "correlationVector":"j+KTZolAh1bXNpOWg/UnEg","action":"Initial GetUpdates", "result":"", "context":Reason: NEWLY_SUPPORTED_DATATYPE. cV=j+KTZolAh1bXNpOWg/UnEg}
{"logTime": "0426/145901", "correlationVector":"j+KTZolAh1bXNpOWg/UnEg.1","action":"SyncServerConnectionManagerRequest", "result":"SYNC_SERVER_OK", "context":{"environment":"Prod_westus2_prod-s01-035-nam-westus2", "migrationStage":"NotStarted", "server":"akswtt11300000h"}}
{"logTime": "0426/145901", "correlationVector":"j+KTZolAh1bXNpOWg/UnEg.2","action":"ProcessGetUpdates", "result":"Done", "context":{"dataType":"Autofill Profiles", "deleted":"0", "process_failed_to_decrypt":"0", "process_pending_decryption":"0", "process_success":"2", "total":"2"}}
{"logTime": "0426/145901", "correlationVector":"j+KTZolAh1bXNpOWg/UnEg.3","action":"ProcessGetUpdates", "result":"Done", "context":{"dataType":"Autofill", "deleted":"0", "process_failed_to_decrypt":"0", "process_pending_decryption":"0", "process_success":"48", "total":"48"}}
{"logTime": "0426/145901", "correlationVector":"j+KTZolAh1bXNpOWg/UnEg.4","action":"ProcessGetUpdates", "result":"Done", "context":{"dataType":"Extensions", "deleted":"0", "process_failed_to_decrypt":"0", "process_pending_decryption":"0", "process_success":"1", "total":"1"}}
{"logTime": "0426/145901", "correlationVector":"j+KTZolAh1bXNpOWg/UnEg.5","action":"ProcessGetUpdates", "result":"Done", "context":{"dataType":"Sessions", "deleted":"175", "process_failed_to_decrypt":"0", "process_pending_decryption":"0", "process_success":"199", "total":"199"}}
{"logTime": "0426/145901", "correlationVector":"j+KTZolAh1bXNpOWg/UnEg.6","action":"GetUpdates Response", "result":"Success", "context":Received 250 update(s). cV=j+KTZolAh1bXNpOWg/UnEg.0;server=akswtt11300000h;cloudType=Consumer;environment=Prod_westus2_prod-s01-035-nam-westus2;migrationStage=NotStarted Some updates remain.}
{"logTime": "0426/145901", "correlationVector":"DDqX21YyFtXSWkUQSiQvcg","action":"Initial GetUpdates", "result":"", "context":Reason: NEWLY_SUPPORTED_DATATYPE. cV=DDqX21YyFtXSWkUQSiQvcg}
{"logTime": "0426/145902", "correlationVector":"DDqX21YyFtXSWkUQSiQvcg.1","action":"SyncServerConnectionManagerRequest", "result":"SYNC_SERVER_OK", "context":{"environment":"Prod_westus2_prod-s01-035-nam-westus2", "migrationStage":"NotStarted", "server":"akswtt11300000p"}}
{"logTime": "0426/145902", "correlationVector":"DDqX21YyFtXSWkUQSiQvcg.2","action":"ProcessGetUpdates", "result":"Done", "context":{"dataType":"Sessions", "deleted":"9", "process_failed_to_decrypt":"0", "process_pending_decryption":"0", "process_success":"19", "total":"19"}}
{"logTime": "0426/145902", "correlationVector":"DDqX21YyFtXSWkUQSiQvcg.3","action":"GetUpdates Response", "result":"Success", "context":Received 19 update(s). cV=DDqX21YyFtXSWkUQSiQvcg.0;server=akswtt11300000p;cloudType=Consumer;environment=Prod_westus2_prod-s01-035-nam-westus2;migrationStage=NotStarted}
{"logTime": "0426/145902", "correlationVector":"fjrsNwiNV1K4M3uA4xA+ph","action":"Initial GetUpdates", "result":"", "context":Reason: NEWLY_SUPPORTED_DATATYPE. cV=fjrsNwiNV1K4M3uA4xA+ph}
{"logTime": "0426/145902", "correlationVector":"fjrsNwiNV1K4M3uA4xA+ph.1","action":"SyncServerConnectionManagerRequest", "result":"SYNC_SERVER_OK", "context":{"environment":"Prod_westus2_prod-s01-035-nam-westus2", "migrationStage":"NotStarted", "server":"akswtt11300000g"}}
{"logTime": "0426/145902", "correlationVector":"fjrsNwiNV1K4M3uA4xA+ph.2","action":"ProcessGetUpdates", "result":"Done", "context":{"dataType":"History", "deleted":"0", "process_failed_to_decrypt":"0", "process_pending_decryption":"0", "process_success":"250", "total":"250"}}
{"logTime": "0426/145902", "correlationVector":"fjrsNwiNV1K4M3uA4xA+ph.3","action":"GetUpdates Response", "result":"Success", "context":Received 250 update(s). cV=fjrsNwiNV1K4M3uA4xA+ph.0;server=akswtt11300000g;cloudType=Consumer;environment=Prod_westus2_prod-s01-035-nam-westus2;migrationStage=NotStarted Some updates remain.}
{"logTime": "0426/145902", "correlationVector":"cE7JCCs+XF2ikyDaQ6+WBY","action":"Initial GetUpdates", "result":"", "context":Reason: NEWLY_SUPPORTED_DATATYPE. cV=cE7JCCs+XF2ikyDaQ6+WBY}
{"logTime": "0426/145902", "correlationVector":"cE7JCCs+XF2ikyDaQ6+WBY.1","action":"SyncServerConnectionManagerRequest", "result":"SYNC_SERVER_OK", "context":{"environment":"Prod_westus2_prod-s01-035-nam-westus2", "migrationStage":"NotStarted", "server":"akswtt113000006"}}
{"logTime": "0426/145902", "correlationVector":"cE7JCCs+XF2ikyDaQ6+WBY.2","action":"ProcessGetUpdates", "result":"Done", "context":{"dataType":"History", "deleted":"0", "process_failed_to_decrypt":"0", "process_pending_decryption":"0", "process_success":"250", "total":"250"}}
{"logTime": "0426/145902", "correlationVector":"cE7JCCs+XF2ikyDaQ6+WBY.3","action":"GetUpdates Response", "result":"Success", "context":Received 250 update(s). cV=cE7JCCs+XF2ikyDaQ6+WBY.0;server=akswtt113000006;cloudType=Consumer;environment=Prod_westus2_prod-s01-035-nam-westus2;migrationStage=NotStarted Some updates remain.}
{"logTime": "0426/145902", "correlationVector":"Vs1/TWogXLOpK6ScEEy5ha","action":"Initial GetUpdates", "result":"", "context":Reason: NEWLY_SUPPORTED_DATATYPE. cV=Vs1/TWogXLOpK6ScEEy5ha}
{"logTime": "0426/145903", "correlationVector":"Vs1/TWogXLOpK6ScEEy5ha.1","action":"SyncServerConnectionManagerRequest", "result":"SYNC_SERVER_OK", "context":{"environment":"Prod_westus2_prod-s01-035-nam-westus2", "migrationStage":"NotStarted", "server":"akswtt11300000g"}}
{"logTime": "0426/145903", "correlationVector":"Vs1/TWogXLOpK6ScEEy5ha.2","action":"ProcessGetUpdates", "result":"Done", "context":{"dataType":"History", "deleted":"0", "process_failed_to_decrypt":"0", "process_pending_decryption":"0", "process_success":"250", "total":"250"}}
{"logTime": "0426/145903", "correlationVector":"Vs1/TWogXLOpK6ScEEy5ha.3","action":"GetUpdates Response", "result":"Success", "context":Received 250 update(s). cV=Vs1/TWogXLOpK6ScEEy5ha.0;server=akswtt11300000g;cloudType=Consumer;environment=Prod_westus2_prod-s01-035-nam-westus2;migrationStage=NotStarted Some updates remain.}
{"logTime": "0426/145903", "correlationVector":"LsDPRzEks3dooeYf5N8kYT","action":"Initial GetUpdates", "result":"", "context":Reason: NEWLY_SUPPORTED_DATATYPE. cV=LsDPRzEks3dooeYf5N8kYT}
{"logTime": "0426/145903", "correlationVector":"LsDPRzEks3dooeYf5N8kYT.1","action":"SyncServerConnectionManagerRequest", "result":"SYNC_SERVER_OK", "context":{"environment":"Prod_westus2_prod-s01-035-nam-westus2", "migrationStage":"NotStarted", "server":"akswtt11300000h"}}
{"logTime": "0426/145903", "correlationVector":"LsDPRzEks3dooeYf5N8kYT.2","action":"ProcessGetUpdates", "result":"Done", "context":{"dataType":"History", "deleted":"0", "process_failed_to_decrypt":"0", "process_pending_decryption":"0", "process_success":"250", "total":"250"}}
{"logTime": "0426/145903", "correlationVector":"LsDPRzEks3dooeYf5N8kYT.3","action":"GetUpdates Response", "result":"Success", "context":Received 250 update(s). cV=LsDPRzEks3dooeYf5N8kYT.0;server=akswtt11300000h;cloudType=Consumer;environment=Prod_westus2_prod-s01-035-nam-westus2;migrationStage=NotStarted Some updates remain.}
{"logTime": "0426/145903", "correlationVector":"X81r0pG0nbCm63AXxAmVmo","action":"Initial GetUpdates", "result":"", "context":Reason: NEWLY_SUPPORTED_DATATYPE. cV=X81r0pG0nbCm63AXxAmVmo}
{"logTime": "0426/145903", "correlationVector":"X81r0pG0nbCm63AXxAmVmo.1","action":"SyncServerConnectionManagerRequest", "result":"SYNC_SERVER_OK", "context":{"environment":"Prod_westus2_prod-s01-035-nam-westus2", "migrationStage":"NotStarted", "server":"akswtt113000001"}}
{"logTime": "0426/145903", "correlationVector":"X81r0pG0nbCm63AXxAmVmo.2","action":"ProcessGetUpdates", "result":"Done", "context":{"dataType":"History", "deleted":"0", "process_failed_to_decrypt":"0", "process_pending_decryption":"0", "process_success":"250", "total":"250"}}
{"logTime": "0426/145903", "correlationVector":"X81r0pG0nbCm63AXxAmVmo.3","action":"GetUpdates Response", "result":"Success", "context":Received 250 update(s). cV=X81r0pG0nbCm63AXxAmVmo.0;server=akswtt113000001;cloudType=Consumer;environment=Prod_westus2_prod-s01-035-nam-westus2;migrationStage=NotStarted Some updates remain.}
{"logTime": "0426/145903", "correlationVector":"jOLt210p4UdOTkSEnIJhYI","action":"Initial GetUpdates", "result":"", "context":Reason: NEWLY_SUPPORTED_DATATYPE. cV=jOLt210p4UdOTkSEnIJhYI}
{"logTime": "0426/145904", "correlationVector":"jOLt210p4UdOTkSEnIJhYI.1","action":"SyncServerConnectionManagerRequest", "result":"SYNC_SERVER_OK", "context":{"environment":"Prod_westus2_prod-s01-035-nam-westus2", "migrationStage":"NotStarted", "server":"akswtt11300000h"}}
{"logTime": "0426/145904", "correlationVector":"jOLt210p4UdOTkSEnIJhYI.2","action":"ProcessGetUpdates", "result":"Done", "context":{"dataType":"History", "deleted":"0", "process_failed_to_decrypt":"0", "process_pending_decryption":"0", "process_success":"250", "total":"250"}}
{"logTime": "0426/145904", "correlationVector":"jOLt210p4UdOTkSEnIJhYI.3","action":"GetUpdates Response", "result":"Success", "context":Received 250 update(s). cV=jOLt210p4UdOTkSEnIJhYI.0;server=akswtt11300000h;cloudType=Consumer;environment=Prod_westus2_prod-s01-035-nam-westus2;migrationStage=NotStarted Some updates remain.}
{"logTime": "0426/145904", "correlationVector":"/71qY/z1MpOwTt4sU1qBGH","action":"Initial GetUpdates", "result":"", "context":Reason: NEWLY_SUPPORTED_DATATYPE. cV=/71qY/z1MpOwTt4sU1qBGH}
{"logTime": "0426/145904", "correlationVector":"/71qY/z1MpOwTt4sU1qBGH.1","action":"SyncServerConnectionManagerRequest", "result":"SYNC_SERVER_OK", "context":{"environment":"Prod_westus2_prod-s01-035-nam-westus2", "migrationStage":"NotStarted", "server":"akswtt11300000b"}}
{"logTime": "0426/145904", "correlationVector":"/71qY/z1MpOwTt4sU1qBGH.2","action":"ProcessGetUpdates", "result":"Done", "context":{"dataType":"History", "deleted":"0", "process_failed_to_decrypt":"0", "process_pending_decryption":"0", "process_success":"250", "total":"250"}}
{"logTime": "0426/145904", "correlationVector":"/71qY/z1MpOwTt4sU1qBGH.3","action":"GetUpdates Response", "result":"Success", "context":Received 250 update(s). cV=/71qY/z1MpOwTt4sU1qBGH.0;server=akswtt11300000b;cloudType=Consumer;environment=Prod_westus2_prod-s01-035-nam-westus2;migrationStage=NotStarted Some updates remain.}
{"logTime": "0426/145904", "correlationVector":"rSn6fmefnVVlppPxagNXj7","action":"Initial GetUpdates", "result":"", "context":Reason: NEWLY_SUPPORTED_DATATYPE. cV=rSn6fmefnVVlppPxagNXj7}
{"logTime": "0426/145904", "correlationVector":"rSn6fmefnVVlppPxagNXj7.1","action":"SyncServerConnectionManagerRequest", "result":"SYNC_SERVER_OK", "context":{"environment":"Prod_westus2_prod-s01-035-nam-westus2", "migrationStage":"NotStarted", "server":"akswtt113000004"}}
{"logTime": "0426/145904", "correlationVector":"rSn6fmefnVVlppPxagNXj7.2","action":"ProcessGetUpdates", "result":"Done", "context":{"dataType":"History", "deleted":"0", "process_failed_to_decrypt":"0", "process_pending_decryption":"0", "process_success":"250", "total":"250"}}
{"logTime": "0426/145904", "correlationVector":"rSn6fmefnVVlppPxagNXj7.3","action":"GetUpdates Response", "result":"Success", "context":Received 250 update(s). cV=rSn6fmefnVVlppPxagNXj7.0;server=akswtt113000004;cloudType=Consumer;environment=Prod_westus2_prod-s01-035-nam-westus2;migrationStage=NotStarted Some updates remain.}
{"logTime": "0426/145904", "correlationVector":"xXDCYUrQUH6rRzjDlij9dd","action":"Initial GetUpdates", "result":"", "context":Reason: NEWLY_SUPPORTED_DATATYPE. cV=xXDCYUrQUH6rRzjDlij9dd}
{"logTime": "0426/145905", "correlationVector":"xXDCYUrQUH6rRzjDlij9dd.1","action":"SyncServerConnectionManagerRequest", "result":"SYNC_SERVER_OK", "context":{"environment":"Prod_westus2_prod-s01-035-nam-westus2", "migrationStage":"NotStarted", "server":"akswtt11300000a"}}
{"logTime": "0426/145905", "correlationVector":"xXDCYUrQUH6rRzjDlij9dd.2","action":"ProcessGetUpdates", "result":"Done", "context":{"dataType":"History", "deleted":"0", "process_failed_to_decrypt":"0", "process_pending_decryption":"0", "process_success":"250", "total":"250"}}
{"logTime": "0426/145905", "correlationVector":"xXDCYUrQUH6rRzjDlij9dd.3","action":"GetUpdates Response", "result":"Success", "context":Received 250 update(s). cV=xXDCYUrQUH6rRzjDlij9dd.0;server=akswtt11300000a;cloudType=Consumer;environment=Prod_westus2_prod-s01-035-nam-westus2;migrationStage=NotStarted Some updates remain.}
{"logTime": "0426/145905", "correlationVector":"OpRJEfNFJnVA8pntpdgtq+","action":"Initial GetUpdates", "result":"", "context":Reason: NEWLY_SUPPORTED_DATATYPE. cV=OpRJEfNFJnVA8pntpdgtq+}
{"logTime": "0426/145905", "correlationVector":"OpRJEfNFJnVA8pntpdgtq+.1","action":"SyncServerConnectionManagerRequest", "result":"SYNC_SERVER_OK", "context":{"environment":"Prod_westus2_prod-s01-035-nam-westus2", "migrationStage":"NotStarted", "server":"akswtt113000004"}}
{"logTime": "0426/145905", "correlationVector":"OpRJEfNFJnVA8pntpdgtq+.2","action":"ProcessGetUpdates", "result":"Done", "context":{"dataType":"History", "deleted":"0", "process_failed_to_decrypt":"0", "process_pending_decryption":"0", "process_success":"250", "total":"250"}}
{"logTime": "0426/145905", "correlationVector":"OpRJEfNFJnVA8pntpdgtq+.3","action":"GetUpdates Response", "result":"Success", "context":Received 250 update(s). cV=OpRJEfNFJnVA8pntpdgtq+.0;server=akswtt113000004;cloudType=Consumer;environment=Prod_westus2_prod-s01-035-nam-westus2;migrationStage=NotStarted Some updates remain.}
{"logTime": "0426/145905", "correlationVector":"ryemBdOWrmjC2tX4Zp4I0q","action":"Initial GetUpdates", "result":"", "context":Reason: NEWLY_SUPPORTED_DATATYPE. cV=ryemBdOWrmjC2tX4Zp4I0q}
{"logTime": "0426/145906", "correlationVector":"ryemBdOWrmjC2tX4Zp4I0q.1","action":"SyncServerConnectionManagerRequest", "result":"SYNC_SERVER_OK", "context":{"environment":"Prod_westus2_prod-s01-035-nam-westus2", "migrationStage":"NotStarted", "server":"akswtt11300000b"}}
{"logTime": "0426/145906", "correlationVector":"ryemBdOWrmjC2tX4Zp4I0q.2","action":"ProcessGetUpdates", "result":"Done", "context":{"dataType":"History", "deleted":"0", "process_failed_to_decrypt":"0", "process_pending_decryption":"0", "process_success":"250", "total":"250"}}
{"logTime": "0426/145906", "correlationVector":"ryemBdOWrmjC2tX4Zp4I0q.3","action":"GetUpdates Response", "result":"Success", "context":Received 250 update(s). cV=ryemBdOWrmjC2tX4Zp4I0q.0;server=akswtt11300000b;cloudType=Consumer;environment=Prod_westus2_prod-s01-035-nam-westus2;migrationStage=NotStarted Some updates remain.}
{"logTime": "0426/145906", "correlationVector":"sqfruTurbSLnHV+hcUA2pB","action":"Initial GetUpdates", "result":"", "context":Reason: NEWLY_SUPPORTED_DATATYPE. cV=sqfruTurbSLnHV+hcUA2pB}
{"logTime": "0426/145906", "correlationVector":"sqfruTurbSLnHV+hcUA2pB.1","action":"SyncServerConnectionManagerRequest", "result":"SYNC_SERVER_OK", "context":{"environment":"Prod_westus2_prod-s01-035-nam-westus2", "migrationStage":"NotStarted", "server":"akswtt11300000h"}}
{"logTime": "0426/145906", "correlationVector":"sqfruTurbSLnHV+hcUA2pB.2","action":"ProcessGetUpdates", "result":"Done", "context":{"dataType":"History", "deleted":"0", "process_failed_to_decrypt":"0", "process_pending_decryption":"0", "process_success":"250", "total":"250"}}
{"logTime": "0426/145906", "correlationVector":"sqfruTurbSLnHV+hcUA2pB.3","action":"GetUpdates Response", "result":"Success", "context":Received 250 update(s). cV=sqfruTurbSLnHV+hcUA2pB.0;server=akswtt11300000h;cloudType=Consumer;environment=Prod_westus2_prod-s01-035-nam-westus2;migrationStage=NotStarted Some updates remain.}
{"logTime": "0426/145906", "correlationVector":"Z+AqChLFUaonSbYjPMq7Cn","action":"Initial GetUpdates", "result":"", "context":Reason: NEWLY_SUPPORTED_DATATYPE. cV=Z+AqChLFUaonSbYjPMq7Cn}
{"logTime": "0426/145906", "correlationVector":"Z+AqChLFUaonSbYjPMq7Cn.1","action":"SyncServerConnectionManagerRequest", "result":"SYNC_SERVER_OK", "context":{"environment":"Prod_westus2_prod-s01-035-nam-westus2", "migrationStage":"NotStarted", "server":"akswtt113000001"}}
{"logTime": "0426/145906", "correlationVector":"Z+AqChLFUaonSbYjPMq7Cn.2","action":"ProcessGetUpdates", "result":"Done", "context":{"dataType":"History", "deleted":"0", "process_failed_to_decrypt":"0", "process_pending_decryption":"0", "process_success":"241", "total":"241"}}
{"logTime": "0426/145906", "correlationVector":"Z+AqChLFUaonSbYjPMq7Cn.3","action":"GetUpdates Response", "result":"Success", "context":Received 241 update(s). cV=Z+AqChLFUaonSbYjPMq7Cn.0;server=akswtt113000001;cloudType=Consumer;environment=Prod_westus2_prod-s01-035-nam-westus2;migrationStage=NotStarted}
{"logTime": "0426/145906", "correlationVector":"yJsRKyQ6VJbdiYGQvumtYk","action":"Normal GetUpdate request", "result":"", "context":cV=yJsRKyQ6VJbdiYGQvumtYk
Nudged types: Sessions, Device Info, User Consents, History
Refresh requested types: Bookmarks, Preferences, Passwords, Autofill Profiles, Autofill, Extensions, Sessions, Extension settings, History Delete Directives, Device Info, User Consents, Send Tab To Self, Web Apps, History, Saved Tab Group, WebAuthn Credentials, Collection, Edge E Drop, Edge Hub App Usage, Edge Wallet, Edge Workspace, Encryption Keys}
{"logTime": "0426/145906", "correlationVector":"yJsRKyQ6VJbdiYGQvumtYk.1","action":"SyncServerConnectionManagerRequest", "result":"SYNC_SERVER_OK", "context":{"environment":"Prod_westus2_prod-s01-035-nam-westus2", "migrationStage":"NotStarted", "server":"akswtt11300000p"}}
{"logTime": "0426/145906", "correlationVector":"yJsRKyQ6VJbdiYGQvumtYk.2","action":"GetUpdates Response", "result":"Success", "context":Received 0 update(s). cV=yJsRKyQ6VJbdiYGQvumtYk.0;server=akswtt11300000p;cloudType=Consumer;environment=Prod_westus2_prod-s01-035-nam-westus2;migrationStage=NotStarted}
{"logTime": "0426/145906", "correlationVector":"AkTYdOn7KYyRt4PDIOyIxL","action":"Commit Request", "result":"", "context":Item count: 9
Contributing types: Sessions, Device Info, User Consents, History}
{"logTime": "0426/145907", "correlationVector":"AkTYdOn7KYyRt4PDIOyIxL.1","action":"SyncServerConnectionManagerRequest", "result":"SYNC_SERVER_OK", "context":{"environment":"Prod_westus2_prod-s01-035-nam-westus2", "migrationStage":"NotStarted", "server":"akswtt11300000g"}}
{"logTime": "0426/145907", "correlationVector":"AkTYdOn7KYyRt4PDIOyIxL.2","action":"Commit Response", "result":"Success", "context":Result: Success. cV=AkTYdOn7KYyRt4PDIOyIxL.0;server=akswtt11300000g;cloudType=Consumer;environment=Prod_westus2_prod-s01-035-nam-westus2;migrationStage=NotStarted}
