{"logTime": "0425/194623", "correlationVector":"TkycuaUYeTlgKC7/AmMoeB.1","action":"SyncServerConnectionManagerRequest", "result":"SYNC_SERVER_OK", "context":{"environment":"Prod_westus2_prod-s01-035-nam-westus2", "migrationStage":"NotStarted", "server":"akswtt113000005"}}
{"logTime": "0425/194623", "correlationVector":"TkycuaUYeTlgKC7/AmMoeB.2","action":"ProcessGetUpdates", "result":"Done", "context":{"dataType":"Encryption Keys", "deleted":"0", "process_failed_to_decrypt":"0", "process_pending_decryption":"0", "process_success":"1", "total":"1"}}
{"logTime": "0425/194624", "correlationVector":"znbHaDMr6a5eDbAbOEQIZC","action":"SyncServerConnectionManagerRequest", "result":"SYNC_SERVER_OK", "context":{"environment":"", "migrationStage":"", "server":""}}
{"logTime": "0425/194624", "correlationVector":"znbHaDMr6a5eDbAbOEQIZC.0","action":"EncryptionKeysFetcher.DownloadKeys:", "result":"Success", "context":Key count: 5, Last key timestamp: 2026-04-18T03:48:13Z}
{"logTime": "0425/194624", "correlationVector":"znbHaDMr6a5eDbAbOEQIZC.1","action":"EncryptionKeysManager::SetEncryptionKeys:", "result":"Success", "context":Key names[5]:[lBLlivP0tL7DaZCLOxY0Ms4GCmsztTwaiZZnWuhIrvxf62WQbQQOrEOZFqDAc6XX8sNCG3UdMSQXoQPb7570QQ==][lVznK7+X4kMFXxOXBoPhpSbjH3WghWADowbo4a72vMU6iWo8i79nPTR5N+6F83VtFpBywxdhc0xV21a2Jm/A6g==][Rkjhz4tCaGQHbFM9iina6dfubiNJH3/8Nb0P3dtJ1SeLsFRspz/UbUDes0Q9ENkkHUncnfUvSXI6M+uJbc+N9w==][qNbI0n6v/hh0ojvUbrBt2zg5a/wjTFo4ReIKDxAcek9QLy5Lb4ncifiaiqLrQxn4dHE7159KCWd7txz5PXG7pA==][EQnJNat9nLGhQ3sWluAQbvJNaL11ABTMNp2x6WBZFViiXC6pyhYenoSQCzCxCCt+LnXbXP/vleqfYDQYpxNb5A==]}
{"logTime": "0425/194624", "correlationVector":"znbHaDMr6a5eDbAbOEQIZC.2","action":"EncryptionKeysManager::SetEncryptionKeysWithTimestamps:", "result":"Success", "context":Key timestamps[5]:[2024-04-18T22:10:58Z][2024-10-16T20:23:03Z][2025-04-14T23:12:43Z][2025-10-14T00:38:14Z][2026-04-18T03:48:13Z]}
{"logTime": "0425/194624", "correlationVector":"TkycuaUYeTlgKC7/AmMoeB","action":"Initial GetUpdates", "result":"", "context":Reason: NEW_CLIENT. cV=TkycuaUYeTlgKC7/AmMoeB}
{"logTime": "0425/194624", "correlationVector":"TkycuaUYeTlgKC7/AmMoeB.3","action":"GetUpdates Response", "result":"Success", "context":Received 1 update(s). cV=TkycuaUYeTlgKC7/AmMoeB.0;server=akswtt113000005;cloudType=Consumer;environment=Prod_westus2_prod-s01-035-nam-westus2;migrationStage=NotStarted}
{"logTime": "0425/194624", "correlationVector":"HyvdytJnC+EqEq0IipFPUi","action":"Initial GetUpdates", "result":"", "context":Reason: NEWLY_SUPPORTED_DATATYPE. cV=HyvdytJnC+EqEq0IipFPUi}
{"logTime": "0425/194624", "correlationVector":"HyvdytJnC+EqEq0IipFPUi.1","action":"SyncServerConnectionManagerRequest", "result":"SYNC_SERVER_OK", "context":{"environment":"Prod_westus2_prod-s01-035-nam-westus2", "migrationStage":"NotStarted", "server":"akswtt11300000b"}}
{"logTime": "0425/194624", "correlationVector":"HyvdytJnC+EqEq0IipFPUi.2","action":"ProcessGetUpdates", "result":"Done", "context":{"dataType":"Preferences", "deleted":"0", "process_failed_to_decrypt":"0", "process_pending_decryption":"0", "process_success":"89", "total":"89"}}
{"logTime": "0425/194624", "correlationVector":"HyvdytJnC+EqEq0IipFPUi.3","action":"ProcessGetUpdates", "result":"Done", "context":{"dataType":"Passwords", "deleted":"0", "process_failed_to_decrypt":"0", "process_pending_decryption":"0", "process_success":"52", "total":"52"}}
{"logTime": "0425/194624", "correlationVector":"HyvdytJnC+EqEq0IipFPUi.4","action":"ProcessGetUpdates", "result":"Done", "context":{"dataType":"Device Info", "deleted":"0", "process_failed_to_decrypt":"0", "process_pending_decryption":"0", "process_success":"4", "total":"4"}}
{"logTime": "0425/194624", "correlationVector":"HyvdytJnC+EqEq0IipFPUi.5","action":"GetUpdates Response", "result":"Success", "context":Received 145 update(s). cV=HyvdytJnC+EqEq0IipFPUi.0;server=akswtt11300000b;cloudType=Consumer;environment=Prod_westus2_prod-s01-035-nam-westus2;migrationStage=NotStarted}
{"logTime": "0425/194624", "correlationVector":"kr+F9w67VOwWj6HtddRRr5","action":"Initial GetUpdates", "result":"", "context":Reason: NEWLY_SUPPORTED_DATATYPE. cV=kr+F9w67VOwWj6HtddRRr5}
{"logTime": "0425/194624", "correlationVector":"kr+F9w67VOwWj6HtddRRr5.1","action":"SyncServerConnectionManagerRequest", "result":"SYNC_SERVER_OK", "context":{"environment":"Prod_westus2_prod-s01-035-nam-westus2", "migrationStage":"NotStarted", "server":"akswtt11300000u"}}
{"logTime": "0425/194624", "correlationVector":"kr+F9w67VOwWj6HtddRRr5.2","action":"ProcessGetUpdates", "result":"Done", "context":{"dataType":"Bookmarks", "deleted":"1", "process_failed_to_decrypt":"0", "process_pending_decryption":"0", "process_success":"17", "total":"17"}}
{"logTime": "0425/194624", "correlationVector":"kr+F9w67VOwWj6HtddRRr5.3","action":"GetUpdates Response", "result":"Success", "context":Received 17 update(s). cV=kr+F9w67VOwWj6HtddRRr5.0;server=akswtt11300000u;cloudType=Consumer;environment=Prod_westus2_prod-s01-035-nam-westus2;migrationStage=NotStarted}
{"logTime": "0425/194624", "correlationVector":"6IQQrHTJ4i/ljy1EQ4CAnx","action":"Initial GetUpdates", "result":"", "context":Reason: NEWLY_SUPPORTED_DATATYPE. cV=6IQQrHTJ4i/ljy1EQ4CAnx}
{"logTime": "0425/194625", "correlationVector":"6IQQrHTJ4i/ljy1EQ4CAnx.1","action":"SyncServerConnectionManagerRequest", "result":"SYNC_SERVER_OK", "context":{"environment":"Prod_westus2_prod-s01-035-nam-westus2", "migrationStage":"NotStarted", "server":"akswtt113000004"}}
{"logTime": "0425/194625", "correlationVector":"6IQQrHTJ4i/ljy1EQ4CAnx.2","action":"ProcessGetUpdates", "result":"Done", "context":{"dataType":"Autofill", "deleted":"0", "process_failed_to_decrypt":"0", "process_pending_decryption":"0", "process_success":"236", "total":"236"}}
{"logTime": "0425/194625", "correlationVector":"6IQQrHTJ4i/ljy1EQ4CAnx.3","action":"ProcessGetUpdates", "result":"Done", "context":{"dataType":"Sessions", "deleted":"14", "process_failed_to_decrypt":"0", "process_pending_decryption":"0", "process_success":"14", "total":"14"}}
{"logTime": "0425/194625", "correlationVector":"6IQQrHTJ4i/ljy1EQ4CAnx.4","action":"GetUpdates Response", "result":"Success", "context":Received 250 update(s). cV=6IQQrHTJ4i/ljy1EQ4CAnx.0;server=akswtt113000004;cloudType=Consumer;environment=Prod_westus2_prod-s01-035-nam-westus2;migrationStage=NotStarted Some updates remain.}
{"logTime": "0425/194625", "correlationVector":"BsxGySJJnEAtsJ3B5TyTO9","action":"Initial GetUpdates", "result":"", "context":Reason: NEWLY_SUPPORTED_DATATYPE. cV=BsxGySJJnEAtsJ3B5TyTO9}
{"logTime": "0425/194625", "correlationVector":"BsxGySJJnEAtsJ3B5TyTO9.1","action":"SyncServerConnectionManagerRequest", "result":"SYNC_SERVER_OK", "context":{"environment":"Prod_westus2_prod-s01-035-nam-westus2", "migrationStage":"NotStarted", "server":"akswtt11300000e"}}
{"logTime": "0425/194625", "correlationVector":"BsxGySJJnEAtsJ3B5TyTO9.2","action":"ProcessGetUpdates", "result":"Done", "context":{"dataType":"Sessions", "deleted":"248", "process_failed_to_decrypt":"0", "process_pending_decryption":"0", "process_success":"248", "total":"248"}}
{"logTime": "0425/194625", "correlationVector":"BsxGySJJnEAtsJ3B5TyTO9.3","action":"ProcessGetUpdates", "result":"Done", "context":{"dataType":"Edge Hub App Usage", "deleted":"1", "process_failed_to_decrypt":"0", "process_pending_decryption":"0", "process_success":"2", "total":"2"}}
{"logTime": "0425/194625", "correlationVector":"BsxGySJJnEAtsJ3B5TyTO9.4","action":"GetUpdates Response", "result":"Success", "context":Received 250 update(s). cV=BsxGySJJnEAtsJ3B5TyTO9.0;server=akswtt11300000e;cloudType=Consumer;environment=Prod_westus2_prod-s01-035-nam-westus2;migrationStage=NotStarted Some updates remain.}
{"logTime": "0425/194625", "correlationVector":"oOzGLlTH5ETjMhgCYfYlFF","action":"Initial GetUpdates", "result":"", "context":Reason: NEWLY_SUPPORTED_DATATYPE. cV=oOzGLlTH5ETjMhgCYfYlFF}
{"logTime": "0425/194625", "correlationVector":"oOzGLlTH5ETjMhgCYfYlFF.1","action":"SyncServerConnectionManagerRequest", "result":"SYNC_SERVER_OK", "context":{"environment":"Prod_westus2_prod-s01-035-nam-westus2", "migrationStage":"NotStarted", "server":"akswtt11300000i"}}
{"logTime": "0425/194625", "correlationVector":"oOzGLlTH5ETjMhgCYfYlFF.2","action":"ProcessGetUpdates", "result":"Done", "context":{"dataType":"Sessions", "deleted":"243", "process_failed_to_decrypt":"0", "process_pending_decryption":"0", "process_success":"243", "total":"243"}}
{"logTime": "0425/194625", "correlationVector":"oOzGLlTH5ETjMhgCYfYlFF.3","action":"ProcessGetUpdates", "result":"Done", "context":{"dataType":"Saved Tab Group", "deleted":"0", "process_failed_to_decrypt":"0", "process_pending_decryption":"0", "process_success":"4", "total":"4"}}
{"logTime": "0425/194625", "correlationVector":"oOzGLlTH5ETjMhgCYfYlFF.4","action":"ProcessGetUpdates", "result":"Done", "context":{"dataType":"Edge Hub App Usage", "deleted":"3", "process_failed_to_decrypt":"0", "process_pending_decryption":"0", "process_success":"3", "total":"3"}}
{"logTime": "0425/194625", "correlationVector":"oOzGLlTH5ETjMhgCYfYlFF.5","action":"GetUpdates Response", "result":"Success", "context":Received 250 update(s). cV=oOzGLlTH5ETjMhgCYfYlFF.0;server=akswtt11300000i;cloudType=Consumer;environment=Prod_westus2_prod-s01-035-nam-westus2;migrationStage=NotStarted Some updates remain.}
{"logTime": "0425/194625", "correlationVector":"sD3CyFi57S/9mrlhKLrOkj","action":"Initial GetUpdates", "result":"", "context":Reason: NEWLY_SUPPORTED_DATATYPE. cV=sD3CyFi57S/9mrlhKLrOkj}
{"logTime": "0425/194626", "correlationVector":"sD3CyFi57S/9mrlhKLrOkj.1","action":"SyncServerConnectionManagerRequest", "result":"SYNC_SERVER_OK", "context":{"environment":"Prod_westus2_prod-s01-035-nam-westus2", "migrationStage":"NotStarted", "server":"akswtt11300000e"}}
{"logTime": "0425/194626", "correlationVector":"sD3CyFi57S/9mrlhKLrOkj.2","action":"ProcessGetUpdates", "result":"Done", "context":{"dataType":"Extensions", "deleted":"0", "process_failed_to_decrypt":"0", "process_pending_decryption":"0", "process_success":"1", "total":"1"}}
{"logTime": "0425/194626", "correlationVector":"sD3CyFi57S/9mrlhKLrOkj.3","action":"ProcessGetUpdates", "result":"Done", "context":{"dataType":"Sessions", "deleted":"248", "process_failed_to_decrypt":"0", "process_pending_decryption":"0", "process_success":"248", "total":"248"}}
{"logTime": "0425/194626", "correlationVector":"sD3CyFi57S/9mrlhKLrOkj.4","action":"ProcessGetUpdates", "result":"Done", "context":{"dataType":"Edge Hub App Usage", "deleted":"1", "process_failed_to_decrypt":"0", "process_pending_decryption":"0", "process_success":"1", "total":"1"}}
{"logTime": "0425/194626", "correlationVector":"sD3CyFi57S/9mrlhKLrOkj.5","action":"GetUpdates Response", "result":"Success", "context":Received 250 update(s). cV=sD3CyFi57S/9mrlhKLrOkj.0;server=akswtt11300000e;cloudType=Consumer;environment=Prod_westus2_prod-s01-035-nam-westus2;migrationStage=NotStarted Some updates remain.}
{"logTime": "0425/194626", "correlationVector":"rR5f8r+awgtt6hrDaMsC/x","action":"Initial GetUpdates", "result":"", "context":Reason: NEWLY_SUPPORTED_DATATYPE. cV=rR5f8r+awgtt6hrDaMsC/x}
{"logTime": "0425/194626", "correlationVector":"rR5f8r+awgtt6hrDaMsC/x.1","action":"SyncServerConnectionManagerRequest", "result":"SYNC_SERVER_OK", "context":{"environment":"Prod_westus2_prod-s01-035-nam-westus2", "migrationStage":"NotStarted", "server":"akswtt113000001"}}
{"logTime": "0425/194626", "correlationVector":"rR5f8r+awgtt6hrDaMsC/x.2","action":"ProcessGetUpdates", "result":"Done", "context":{"dataType":"Sessions", "deleted":"248", "process_failed_to_decrypt":"0", "process_pending_decryption":"0", "process_success":"248", "total":"248"}}
{"logTime": "0425/194626", "correlationVector":"rR5f8r+awgtt6hrDaMsC/x.3","action":"ProcessGetUpdates", "result":"Done", "context":{"dataType":"Edge Hub App Usage", "deleted":"1", "process_failed_to_decrypt":"0", "process_pending_decryption":"0", "process_success":"2", "total":"2"}}
{"logTime": "0425/194626", "correlationVector":"rR5f8r+awgtt6hrDaMsC/x.4","action":"GetUpdates Response", "result":"Success", "context":Received 250 update(s). cV=rR5f8r+awgtt6hrDaMsC/x.0;server=akswtt113000001;cloudType=Consumer;environment=Prod_westus2_prod-s01-035-nam-westus2;migrationStage=NotStarted Some updates remain.}
{"logTime": "0425/194626", "correlationVector":"+EoalUhDO0qeh3Se9LWzdb","action":"Initial GetUpdates", "result":"", "context":Reason: NEWLY_SUPPORTED_DATATYPE. cV=+EoalUhDO0qeh3Se9LWzdb}
{"logTime": "0425/194626", "correlationVector":"+EoalUhDO0qeh3Se9LWzdb.1","action":"SyncServerConnectionManagerRequest", "result":"SYNC_SERVER_OK", "context":{"environment":"Prod_westus2_prod-s01-035-nam-westus2", "migrationStage":"NotStarted", "server":"akswtt11300000m"}}
{"logTime": "0425/194626", "correlationVector":"+EoalUhDO0qeh3Se9LWzdb.2","action":"ProcessGetUpdates", "result":"Done", "context":{"dataType":"Autofill Profiles", "deleted":"0", "process_failed_to_decrypt":"0", "process_pending_decryption":"0", "process_success":"10", "total":"10"}}
{"logTime": "0425/194626", "correlationVector":"+EoalUhDO0qeh3Se9LWzdb.3","action":"ProcessGetUpdates", "result":"Done", "context":{"dataType":"Autofill", "deleted":"0", "process_failed_to_decrypt":"0", "process_pending_decryption":"0", "process_success":"215", "total":"215"}}
{"logTime": "0425/194626", "correlationVector":"+EoalUhDO0qeh3Se9LWzdb.4","action":"ProcessGetUpdates", "result":"Done", "context":{"dataType":"Sessions", "deleted":"25", "process_failed_to_decrypt":"0", "process_pending_decryption":"0", "process_success":"25", "total":"25"}}
{"logTime": "0425/194626", "correlationVector":"+EoalUhDO0qeh3Se9LWzdb.5","action":"GetUpdates Response", "result":"Success", "context":Received 250 update(s). cV=+EoalUhDO0qeh3Se9LWzdb.0;server=akswtt11300000m;cloudType=Consumer;environment=Prod_westus2_prod-s01-035-nam-westus2;migrationStage=NotStarted Some updates remain.}
{"logTime": "0425/194626", "correlationVector":"gcttvCrvOp0FI1H0V6Omqr","action":"Initial GetUpdates", "result":"", "context":Reason: NEWLY_SUPPORTED_DATATYPE. cV=gcttvCrvOp0FI1H0V6Omqr}
{"logTime": "0425/194627", "correlationVector":"gcttvCrvOp0FI1H0V6Omqr.1","action":"SyncServerConnectionManagerRequest", "result":"SYNC_SERVER_OK", "context":{"environment":"Prod_westus2_prod-s01-035-nam-westus2", "migrationStage":"NotStarted", "server":"akswtt11300000j"}}
{"logTime": "0425/194627", "correlationVector":"gcttvCrvOp0FI1H0V6Omqr.2","action":"ProcessGetUpdates", "result":"Done", "context":{"dataType":"Autofill Profiles", "deleted":"0", "process_failed_to_decrypt":"0", "process_pending_decryption":"0", "process_success":"1", "total":"1"}}
{"logTime": "0425/194627", "correlationVector":"gcttvCrvOp0FI1H0V6Omqr.3","action":"ProcessGetUpdates", "result":"Done", "context":{"dataType":"Autofill", "deleted":"0", "process_failed_to_decrypt":"0", "process_pending_decryption":"0", "process_success":"234", "total":"234"}}
{"logTime": "0425/194627", "correlationVector":"gcttvCrvOp0FI1H0V6Omqr.4","action":"ProcessGetUpdates", "result":"Done", "context":{"dataType":"Sessions", "deleted":"15", "process_failed_to_decrypt":"0", "process_pending_decryption":"0", "process_success":"15", "total":"15"}}
{"logTime": "0425/194627", "correlationVector":"gcttvCrvOp0FI1H0V6Omqr.5","action":"GetUpdates Response", "result":"Success", "context":Received 250 update(s). cV=gcttvCrvOp0FI1H0V6Omqr.0;server=akswtt11300000j;cloudType=Consumer;environment=Prod_westus2_prod-s01-035-nam-westus2;migrationStage=NotStarted Some updates remain.}
{"logTime": "0425/194627", "correlationVector":"aFIdvG6K8ko+8t7zJY/hWf","action":"Initial GetUpdates", "result":"", "context":Reason: NEWLY_SUPPORTED_DATATYPE. cV=aFIdvG6K8ko+8t7zJY/hWf}
{"logTime": "0425/194627", "correlationVector":"aFIdvG6K8ko+8t7zJY/hWf.1","action":"SyncServerConnectionManagerRequest", "result":"SYNC_SERVER_OK", "context":{"environment":"Prod_westus2_prod-s01-035-nam-westus2", "migrationStage":"NotStarted", "server":"akswtt113000001"}}
{"logTime": "0425/194627", "correlationVector":"aFIdvG6K8ko+8t7zJY/hWf.2","action":"ProcessGetUpdates", "result":"Done", "context":{"dataType":"Autofill Profiles", "deleted":"0", "process_failed_to_decrypt":"0", "process_pending_decryption":"0", "process_success":"2", "total":"2"}}
{"logTime": "0425/194627", "correlationVector":"aFIdvG6K8ko+8t7zJY/hWf.3","action":"ProcessGetUpdates", "result":"Done", "context":{"dataType":"Autofill", "deleted":"0", "process_failed_to_decrypt":"0", "process_pending_decryption":"0", "process_success":"64", "total":"64"}}
{"logTime": "0425/194627", "correlationVector":"aFIdvG6K8ko+8t7zJY/hWf.4","action":"ProcessGetUpdates", "result":"Done", "context":{"dataType":"Extensions", "deleted":"0", "process_failed_to_decrypt":"0", "process_pending_decryption":"0", "process_success":"1", "total":"1"}}
{"logTime": "0425/194627", "correlationVector":"aFIdvG6K8ko+8t7zJY/hWf.5","action":"ProcessGetUpdates", "result":"Done", "context":{"dataType":"Sessions", "deleted":"164", "process_failed_to_decrypt":"0", "process_pending_decryption":"0", "process_success":"178", "total":"178"}}
{"logTime": "0425/194627", "correlationVector":"aFIdvG6K8ko+8t7zJY/hWf.6","action":"GetUpdates Response", "result":"Success", "context":Received 245 update(s). cV=aFIdvG6K8ko+8t7zJY/hWf.0;server=akswtt113000001;cloudType=Consumer;environment=Prod_westus2_prod-s01-035-nam-westus2;migrationStage=NotStarted}
{"logTime": "0425/194627", "correlationVector":"gMwrU+9S4b3EU0cdF/BWwj","action":"Initial GetUpdates", "result":"", "context":Reason: NEWLY_SUPPORTED_DATATYPE. cV=gMwrU+9S4b3EU0cdF/BWwj}
{"logTime": "0425/194627", "correlationVector":"gMwrU+9S4b3EU0cdF/BWwj.1","action":"SyncServerConnectionManagerRequest", "result":"SYNC_SERVER_OK", "context":{"environment":"Prod_westus2_prod-s01-035-nam-westus2", "migrationStage":"NotStarted", "server":"akswtt113000004"}}
{"logTime": "0425/194627", "correlationVector":"gMwrU+9S4b3EU0cdF/BWwj.2","action":"ProcessGetUpdates", "result":"Done", "context":{"dataType":"History", "deleted":"0", "process_failed_to_decrypt":"0", "process_pending_decryption":"0", "process_success":"250", "total":"250"}}
{"logTime": "0425/194627", "correlationVector":"gMwrU+9S4b3EU0cdF/BWwj.3","action":"GetUpdates Response", "result":"Success", "context":Received 250 update(s). cV=gMwrU+9S4b3EU0cdF/BWwj.0;server=akswtt113000004;cloudType=Consumer;environment=Prod_westus2_prod-s01-035-nam-westus2;migrationStage=NotStarted Some updates remain.}
{"logTime": "0425/194627", "correlationVector":"PSYQlZL4RNqNKJD1sD5aub","action":"Initial GetUpdates", "result":"", "context":Reason: NEWLY_SUPPORTED_DATATYPE. cV=PSYQlZL4RNqNKJD1sD5aub}
{"logTime": "0425/194628", "correlationVector":"PSYQlZL4RNqNKJD1sD5aub.1","action":"SyncServerConnectionManagerRequest", "result":"SYNC_SERVER_OK", "context":{"environment":"Prod_westus2_prod-s01-035-nam-westus2", "migrationStage":"NotStarted", "server":"akswtt11300000e"}}
{"logTime": "0425/194628", "correlationVector":"PSYQlZL4RNqNKJD1sD5aub.2","action":"ProcessGetUpdates", "result":"Done", "context":{"dataType":"History", "deleted":"0", "process_failed_to_decrypt":"0", "process_pending_decryption":"0", "process_success":"250", "total":"250"}}
{"logTime": "0425/194628", "correlationVector":"PSYQlZL4RNqNKJD1sD5aub.3","action":"GetUpdates Response", "result":"Success", "context":Received 250 update(s). cV=PSYQlZL4RNqNKJD1sD5aub.0;server=akswtt11300000e;cloudType=Consumer;environment=Prod_westus2_prod-s01-035-nam-westus2;migrationStage=NotStarted Some updates remain.}
{"logTime": "0425/194628", "correlationVector":"XpK7pLexg/PaoKFjS27KC1","action":"Initial GetUpdates", "result":"", "context":Reason: NEWLY_SUPPORTED_DATATYPE. cV=XpK7pLexg/PaoKFjS27KC1}
{"logTime": "0425/194628", "correlationVector":"XpK7pLexg/PaoKFjS27KC1.1","action":"SyncServerConnectionManagerRequest", "result":"SYNC_SERVER_OK", "context":{"environment":"Prod_westus2_prod-s01-035-nam-westus2", "migrationStage":"NotStarted", "server":"akswtt11300000j"}}
{"logTime": "0425/194628", "correlationVector":"XpK7pLexg/PaoKFjS27KC1.2","action":"ProcessGetUpdates", "result":"Done", "context":{"dataType":"History", "deleted":"0", "process_failed_to_decrypt":"0", "process_pending_decryption":"0", "process_success":"250", "total":"250"}}
{"logTime": "0425/194628", "correlationVector":"XpK7pLexg/PaoKFjS27KC1.3","action":"GetUpdates Response", "result":"Success", "context":Received 250 update(s). cV=XpK7pLexg/PaoKFjS27KC1.0;server=akswtt11300000j;cloudType=Consumer;environment=Prod_westus2_prod-s01-035-nam-westus2;migrationStage=NotStarted Some updates remain.}
{"logTime": "0425/194628", "correlationVector":"U6Kp4Q4pcJnydTWWPvdsLy","action":"Initial GetUpdates", "result":"", "context":Reason: NEWLY_SUPPORTED_DATATYPE. cV=U6Kp4Q4pcJnydTWWPvdsLy}
{"logTime": "0425/194629", "correlationVector":"U6Kp4Q4pcJnydTWWPvdsLy.1","action":"SyncServerConnectionManagerRequest", "result":"SYNC_SERVER_OK", "context":{"environment":"Prod_westus2_prod-s01-035-nam-westus2", "migrationStage":"NotStarted", "server":"akswtt11300000e"}}
{"logTime": "0425/194629", "correlationVector":"U6Kp4Q4pcJnydTWWPvdsLy.2","action":"ProcessGetUpdates", "result":"Done", "context":{"dataType":"History", "deleted":"0", "process_failed_to_decrypt":"0", "process_pending_decryption":"0", "process_success":"250", "total":"250"}}
{"logTime": "0425/194629", "correlationVector":"U6Kp4Q4pcJnydTWWPvdsLy.3","action":"GetUpdates Response", "result":"Success", "context":Received 250 update(s). cV=U6Kp4Q4pcJnydTWWPvdsLy.0;server=akswtt11300000e;cloudType=Consumer;environment=Prod_westus2_prod-s01-035-nam-westus2;migrationStage=NotStarted Some updates remain.}
{"logTime": "0425/194629", "correlationVector":"gmkUbN3sZ3gYxDCmN/EkuM","action":"Initial GetUpdates", "result":"", "context":Reason: NEWLY_SUPPORTED_DATATYPE. cV=gmkUbN3sZ3gYxDCmN/EkuM}
{"logTime": "0425/194629", "correlationVector":"gmkUbN3sZ3gYxDCmN/EkuM.1","action":"SyncServerConnectionManagerRequest", "result":"SYNC_SERVER_OK", "context":{"environment":"Prod_westus2_prod-s01-035-nam-westus2", "migrationStage":"NotStarted", "server":"akswtt11300000b"}}
{"logTime": "0425/194629", "correlationVector":"gmkUbN3sZ3gYxDCmN/EkuM.2","action":"ProcessGetUpdates", "result":"Done", "context":{"dataType":"History", "deleted":"0", "process_failed_to_decrypt":"0", "process_pending_decryption":"0", "process_success":"250", "total":"250"}}
{"logTime": "0425/194629", "correlationVector":"gmkUbN3sZ3gYxDCmN/EkuM.3","action":"GetUpdates Response", "result":"Success", "context":Received 250 update(s). cV=gmkUbN3sZ3gYxDCmN/EkuM.0;server=akswtt11300000b;cloudType=Consumer;environment=Prod_westus2_prod-s01-035-nam-westus2;migrationStage=NotStarted Some updates remain.}
{"logTime": "0425/194629", "correlationVector":"5PYY5SemrR4CDeyfmwrojs","action":"Initial GetUpdates", "result":"", "context":Reason: NEWLY_SUPPORTED_DATATYPE. cV=5PYY5SemrR4CDeyfmwrojs}
{"logTime": "0425/194630", "correlationVector":"5PYY5SemrR4CDeyfmwrojs.1","action":"SyncServerConnectionManagerRequest", "result":"SYNC_SERVER_OK", "context":{"environment":"Prod_westus2_prod-s01-035-nam-westus2", "migrationStage":"NotStarted", "server":"akswtt11300000m"}}
{"logTime": "0425/194630", "correlationVector":"5PYY5SemrR4CDeyfmwrojs.2","action":"ProcessGetUpdates", "result":"Done", "context":{"dataType":"History", "deleted":"0", "process_failed_to_decrypt":"0", "process_pending_decryption":"0", "process_success":"250", "total":"250"}}
{"logTime": "0425/194630", "correlationVector":"5PYY5SemrR4CDeyfmwrojs.3","action":"GetUpdates Response", "result":"Success", "context":Received 250 update(s). cV=5PYY5SemrR4CDeyfmwrojs.0;server=akswtt11300000m;cloudType=Consumer;environment=Prod_westus2_prod-s01-035-nam-westus2;migrationStage=NotStarted Some updates remain.}
{"logTime": "0425/194630", "correlationVector":"nTM4tjkvo+0ZTEYaW7vBYw","action":"Initial GetUpdates", "result":"", "context":Reason: NEWLY_SUPPORTED_DATATYPE. cV=nTM4tjkvo+0ZTEYaW7vBYw}
{"logTime": "0425/194630", "correlationVector":"nTM4tjkvo+0ZTEYaW7vBYw.1","action":"SyncServerConnectionManagerRequest", "result":"SYNC_SERVER_OK", "context":{"environment":"Prod_westus2_prod-s01-035-nam-westus2", "migrationStage":"NotStarted", "server":"akswtt11300000b"}}
{"logTime": "0425/194630", "correlationVector":"nTM4tjkvo+0ZTEYaW7vBYw.2","action":"ProcessGetUpdates", "result":"Done", "context":{"dataType":"History", "deleted":"0", "process_failed_to_decrypt":"0", "process_pending_decryption":"0", "process_success":"250", "total":"250"}}
{"logTime": "0425/194630", "correlationVector":"nTM4tjkvo+0ZTEYaW7vBYw.3","action":"GetUpdates Response", "result":"Success", "context":Received 250 update(s). cV=nTM4tjkvo+0ZTEYaW7vBYw.0;server=akswtt11300000b;cloudType=Consumer;environment=Prod_westus2_prod-s01-035-nam-westus2;migrationStage=NotStarted Some updates remain.}
{"logTime": "0425/194630", "correlationVector":"fu4ebXho/duTfNrqgol/AH","action":"Initial GetUpdates", "result":"", "context":Reason: NEWLY_SUPPORTED_DATATYPE. cV=fu4ebXho/duTfNrqgol/AH}
{"logTime": "0425/194631", "correlationVector":"fu4ebXho/duTfNrqgol/AH.1","action":"SyncServerConnectionManagerRequest", "result":"SYNC_SERVER_OK", "context":{"environment":"Prod_westus2_prod-s01-035-nam-westus2", "migrationStage":"NotStarted", "server":"akswtt11300000x"}}
{"logTime": "0425/194631", "correlationVector":"fu4ebXho/duTfNrqgol/AH.2","action":"ProcessGetUpdates", "result":"Done", "context":{"dataType":"History", "deleted":"0", "process_failed_to_decrypt":"0", "process_pending_decryption":"0", "process_success":"250", "total":"250"}}
{"logTime": "0425/194631", "correlationVector":"fu4ebXho/duTfNrqgol/AH.3","action":"GetUpdates Response", "result":"Success", "context":Received 250 update(s). cV=fu4ebXho/duTfNrqgol/AH.0;server=akswtt11300000x;cloudType=Consumer;environment=Prod_westus2_prod-s01-035-nam-westus2;migrationStage=NotStarted Some updates remain.}
{"logTime": "0425/194631", "correlationVector":"NrJb12Xhj/gnI9LYIRorLL","action":"Initial GetUpdates", "result":"", "context":Reason: NEWLY_SUPPORTED_DATATYPE. cV=NrJb12Xhj/gnI9LYIRorLL}
{"logTime": "0425/194631", "correlationVector":"NrJb12Xhj/gnI9LYIRorLL.1","action":"SyncServerConnectionManagerRequest", "result":"SYNC_SERVER_OK", "context":{"environment":"Prod_westus2_prod-s01-035-nam-westus2", "migrationStage":"NotStarted", "server":"akswtt11300000b"}}
{"logTime": "0425/194631", "correlationVector":"NrJb12Xhj/gnI9LYIRorLL.2","action":"ProcessGetUpdates", "result":"Done", "context":{"dataType":"History", "deleted":"0", "process_failed_to_decrypt":"0", "process_pending_decryption":"0", "process_success":"250", "total":"250"}}
{"logTime": "0425/194631", "correlationVector":"NrJb12Xhj/gnI9LYIRorLL.3","action":"GetUpdates Response", "result":"Success", "context":Received 250 update(s). cV=NrJb12Xhj/gnI9LYIRorLL.0;server=akswtt11300000b;cloudType=Consumer;environment=Prod_westus2_prod-s01-035-nam-westus2;migrationStage=NotStarted Some updates remain.}
{"logTime": "0425/194631", "correlationVector":"CqKCU29Sybkz3qwBZqRaOv","action":"Initial GetUpdates", "result":"", "context":Reason: NEWLY_SUPPORTED_DATATYPE. cV=CqKCU29Sybkz3qwBZqRaOv}
{"logTime": "0425/194632", "correlationVector":"CqKCU29Sybkz3qwBZqRaOv.1","action":"SyncServerConnectionManagerRequest", "result":"SYNC_SERVER_OK", "context":{"environment":"Prod_westus2_prod-s01-035-nam-westus2", "migrationStage":"NotStarted", "server":"akswtt113000004"}}
{"logTime": "0425/194632", "correlationVector":"CqKCU29Sybkz3qwBZqRaOv.2","action":"ProcessGetUpdates", "result":"Done", "context":{"dataType":"History", "deleted":"0", "process_failed_to_decrypt":"0", "process_pending_decryption":"0", "process_success":"250", "total":"250"}}
{"logTime": "0425/194632", "correlationVector":"CqKCU29Sybkz3qwBZqRaOv.3","action":"GetUpdates Response", "result":"Success", "context":Received 250 update(s). cV=CqKCU29Sybkz3qwBZqRaOv.0;server=akswtt113000004;cloudType=Consumer;environment=Prod_westus2_prod-s01-035-nam-westus2;migrationStage=NotStarted Some updates remain.}
{"logTime": "0425/194632", "correlationVector":"IWsap1DyimxYy40lh+ipQ1","action":"Initial GetUpdates", "result":"", "context":Reason: NEWLY_SUPPORTED_DATATYPE. cV=IWsap1DyimxYy40lh+ipQ1}
{"logTime": "0425/194632", "correlationVector":"IWsap1DyimxYy40lh+ipQ1.1","action":"SyncServerConnectionManagerRequest", "result":"SYNC_SERVER_OK", "context":{"environment":"Prod_westus2_prod-s01-035-nam-westus2", "migrationStage":"NotStarted", "server":"akswtt11300000j"}}
{"logTime": "0425/194632", "correlationVector":"IWsap1DyimxYy40lh+ipQ1.2","action":"ProcessGetUpdates", "result":"Done", "context":{"dataType":"History", "deleted":"0", "process_failed_to_decrypt":"0", "process_pending_decryption":"0", "process_success":"250", "total":"250"}}
{"logTime": "0425/194632", "correlationVector":"IWsap1DyimxYy40lh+ipQ1.3","action":"GetUpdates Response", "result":"Success", "context":Received 250 update(s). cV=IWsap1DyimxYy40lh+ipQ1.0;server=akswtt11300000j;cloudType=Consumer;environment=Prod_westus2_prod-s01-035-nam-westus2;migrationStage=NotStarted Some updates remain.}
{"logTime": "0425/194632", "correlationVector":"oxqdGx0q3IP5l56NWncGd/","action":"Initial GetUpdates", "result":"", "context":Reason: NEWLY_SUPPORTED_DATATYPE. cV=oxqdGx0q3IP5l56NWncGd/}
{"logTime": "0425/194633", "correlationVector":"oxqdGx0q3IP5l56NWncGd/.1","action":"SyncServerConnectionManagerRequest", "result":"SYNC_SERVER_OK", "context":{"environment":"Prod_westus2_prod-s01-035-nam-westus2", "migrationStage":"NotStarted", "server":"akswtt11300000b"}}
{"logTime": "0425/194633", "correlationVector":"oxqdGx0q3IP5l56NWncGd/.2","action":"ProcessGetUpdates", "result":"Done", "context":{"dataType":"History", "deleted":"0", "process_failed_to_decrypt":"0", "process_pending_decryption":"0", "process_success":"250", "total":"250"}}
{"logTime": "0425/194633", "correlationVector":"oxqdGx0q3IP5l56NWncGd/.3","action":"GetUpdates Response", "result":"Success", "context":Received 250 update(s). cV=oxqdGx0q3IP5l56NWncGd/.0;server=akswtt11300000b;cloudType=Consumer;environment=Prod_westus2_prod-s01-035-nam-westus2;migrationStage=NotStarted Some updates remain.}
{"logTime": "0425/194633", "correlationVector":"CdyWkp+4NvFRtldB3xJceF","action":"Initial GetUpdates", "result":"", "context":Reason: NEWLY_SUPPORTED_DATATYPE. cV=CdyWkp+4NvFRtldB3xJceF}
{"logTime": "0425/194633", "correlationVector":"CdyWkp+4NvFRtldB3xJceF.1","action":"SyncServerConnectionManagerRequest", "result":"SYNC_SERVER_OK", "context":{"environment":"Prod_westus2_prod-s01-035-nam-westus2", "migrationStage":"NotStarted", "server":"akswtt11300000b"}}
{"logTime": "0425/194633", "correlationVector":"CdyWkp+4NvFRtldB3xJceF.2","action":"ProcessGetUpdates", "result":"Done", "context":{"dataType":"History", "deleted":"0", "process_failed_to_decrypt":"0", "process_pending_decryption":"0", "process_success":"27", "total":"27"}}
{"logTime": "0425/194633", "correlationVector":"CdyWkp+4NvFRtldB3xJceF.3","action":"GetUpdates Response", "result":"Success", "context":Received 27 update(s). cV=CdyWkp+4NvFRtldB3xJceF.0;server=akswtt11300000b;cloudType=Consumer;environment=Prod_westus2_prod-s01-035-nam-westus2;migrationStage=NotStarted}
{"logTime": "0425/194633", "correlationVector":"XZibJvFytrAraJl3GSHQtP","action":"Normal GetUpdate request", "result":"", "context":cV=XZibJvFytrAraJl3GSHQtP
Nudged types: Sessions, Device Info, User Consents, History
Refresh requested types: Bookmarks, Preferences, Passwords, Autofill Profiles, Autofill, Extensions, Sessions, Extension settings, History Delete Directives, Device Info, User Consents, Send Tab To Self, Web Apps, History, Saved Tab Group, WebAuthn Credentials, Collection, Edge E Drop, Edge Hub App Usage, Edge Wallet, Edge Workspace, Encryption Keys}
{"logTime": "0425/194633", "correlationVector":"XZibJvFytrAraJl3GSHQtP.1","action":"SyncServerConnectionManagerRequest", "result":"SYNC_SERVER_OK", "context":{"environment":"Prod_westus2_prod-s01-035-nam-westus2", "migrationStage":"NotStarted", "server":"akswtt11300000g"}}
{"logTime": "0425/194633", "correlationVector":"XZibJvFytrAraJl3GSHQtP.2","action":"ProcessGetUpdates", "result":"Done", "context":{"dataType":"Passwords", "deleted":"0", "process_failed_to_decrypt":"0", "process_pending_decryption":"0", "process_success":"40", "total":"40"}}
{"logTime": "0425/194633", "correlationVector":"XZibJvFytrAraJl3GSHQtP.3","action":"GetUpdates Response", "result":"Success", "context":Received 40 update(s). cV=XZibJvFytrAraJl3GSHQtP.0;server=akswtt11300000g;cloudType=Consumer;environment=Prod_westus2_prod-s01-035-nam-westus2;migrationStage=NotStarted}
{"logTime": "0425/194633", "correlationVector":"g9UHMJZIM5wu4DxvK5XBy7","action":"Commit Request", "result":"", "context":Item count: 7
Contributing types: Sessions, Device Info, User Consents, History}
{"logTime": "0425/194634", "correlationVector":"g9UHMJZIM5wu4DxvK5XBy7.1","action":"SyncServerConnectionManagerRequest", "result":"SYNC_SERVER_OK", "context":{"environment":"Prod_westus2_prod-s01-035-nam-westus2", "migrationStage":"NotStarted", "server":"akswtt11300000e"}}
{"logTime": "0425/194634", "correlationVector":"g9UHMJZIM5wu4DxvK5XBy7.2","action":"Commit Response", "result":"Success", "context":Result: Success. cV=g9UHMJZIM5wu4DxvK5XBy7.0;server=akswtt11300000e;cloudType=Consumer;environment=Prod_westus2_prod-s01-035-nam-westus2;migrationStage=NotStarted}
{"logTime": "0425/194634", "correlationVector":"4iSMBn+cZjJ0CSH9f8WISD","action":"Normal GetUpdate request", "result":"", "context":cV=4iSMBn+cZjJ0CSH9f8WISD
Nudged types: Sessions, Device Info, History
Notified types: Passwords, History}
{"logTime": "0425/194634", "correlationVector":"4iSMBn+cZjJ0CSH9f8WISD.1","action":"SyncServerConnectionManagerRequest", "result":"SYNC_SERVER_OK", "context":{"environment":"Prod_westus2_prod-s01-035-nam-westus2", "migrationStage":"NotStarted", "server":"akswtt113000008"}}
{"logTime": "0425/194634", "correlationVector":"4iSMBn+cZjJ0CSH9f8WISD.2","action":"ProcessGetUpdates", "result":"Done", "context":{"dataType":"Passwords", "deleted":"0", "process_failed_to_decrypt":"0", "process_pending_decryption":"0", "process_success":"11", "total":"11"}}
{"logTime": "0425/194634", "correlationVector":"4iSMBn+cZjJ0CSH9f8WISD.3","action":"ProcessGetUpdates", "result":"Done", "context":{"dataType":"Sessions", "deleted":"0", "process_failed_to_decrypt":"0", "process_pending_decryption":"0", "process_success":"5", "total":"5"}}
{"logTime": "0425/194634", "correlationVector":"4iSMBn+cZjJ0CSH9f8WISD.4","action":"ProcessGetUpdates", "result":"Done", "context":{"dataType":"Device Info", "deleted":"0", "process_failed_to_decrypt":"0", "process_pending_decryption":"0", "process_success":"1", "total":"1"}}
{"logTime": "0425/194634", "correlationVector":"4iSMBn+cZjJ0CSH9f8WISD.5","action":"ProcessGetUpdates", "result":"Done", "context":{"dataType":"History", "deleted":"0", "process_failed_to_decrypt":"0", "process_pending_decryption":"0", "process_success":"9", "total":"9"}}
{"logTime": "0425/194634", "correlationVector":"4iSMBn+cZjJ0CSH9f8WISD.6","action":"GetUpdates Response", "result":"Success", "context":Received 26 update(s). cV=4iSMBn+cZjJ0CSH9f8WISD.0;server=akswtt113000008;cloudType=Consumer;environment=Prod_westus2_prod-s01-035-nam-westus2;migrationStage=NotStarted}
{"logTime": "0425/194634", "correlationVector":"yaZfT85wYHseynt29k5Owq","action":"DoCompareDataConsistency requsted types: ", "result":"Bookmarks, Preferences, Passwords, Extensions, Extension settings, History Delete Directives, Send Tab To Self, Web Apps, History, Saved Tab Group, WebAuthn Credentials, Collection, Edge E Drop, Edge Wallet, Edge Workspace, Encryption Keys"}
{"logTime": "0425/194634", "correlationVector":"yaZfT85wYHseynt29k5Owq.0","action":"CompareDataConsistency result: ", "result":"Compare result: Encryption Keys is consistent. local entities count is: 1 local entities hash is: mnXhMM6uWcTDhSXh+l/E9Dko8pQ="}
{"logTime": "0425/194634", "correlationVector":"yaZfT85wYHseynt29k5Owq.1","action":"CompareDataConsistency result: ", "result":"Compare result: Bookmarks is consistent. local entities count is: 10 local entities hash is: dRIJ8LTqVVfWU0uUl/z6w63RNiE="}
{"logTime": "0425/194634", "correlationVector":"yaZfT85wYHseynt29k5Owq.2","action":"CompareDataConsistency result: ", "result":"Compare result: Preferences is consistent. local entities count is: 89 local entities hash is: bZ+mUtNKYg6qEOWYuKzN6yBhk48="}
{"logTime": "0425/194634", "correlationVector":"yaZfT85wYHseynt29k5Owq.3","action":"CompareDataConsistency result: ", "result":"Compare result: Extensions is consistent. local entities count is: 2 local entities hash is: lJF09PksAwK+l2NzLIAVbQptmSg="}
{"logTime": "0425/194634", "correlationVector":"yaZfT85wYHseynt29k5Owq.4","action":"CompareDataConsistency result: ", "result":"Compare result: Extension settings is consistent. local entities count is: 0 local entities hash is: "}
{"logTime": "0425/194634", "correlationVector":"yaZfT85wYHseynt29k5Owq.5","action":"CompareDataConsistency result: ", "result":"Compare result: History Delete Directives is consistent. local entities count is: 0 local entities hash is: "}
{"logTime": "0425/194634", "correlationVector":"yaZfT85wYHseynt29k5Owq.6","action":"CompareDataConsistency result: ", "result":"Server did not send this Send Tab To Self local entities count is: 0 local entities hash is: "}
{"logTime": "0425/194634", "correlationVector":"yaZfT85wYHseynt29k5Owq.7","action":"CompareDataConsistency result: ", "result":"Compare result: Web Apps is consistent. local entities count is: 0 local entities hash is: "}
{"logTime": "0425/194634", "correlationVector":"yaZfT85wYHseynt29k5Owq.8","action":"CompareDataConsistency result: ", "result":"Server did not send this History local entities count is: 0 local entities hash is: "}
{"logTime": "0425/194634", "correlationVector":"yaZfT85wYHseynt29k5Owq.9","action":"CompareDataConsistency result: ", "result":"Compare result: Saved Tab Group is consistent. local entities count is: 4 local entities hash is: +GFk7KIWm5+J1ieLQgUiX21jXXI="}
{"logTime": "0425/194634", "correlationVector":"yaZfT85wYHseynt29k5Owq.10","action":"CompareDataConsistency result: ", "result":"Server did not send this WebAuthn Credentials local entities count is: 0 local entities hash is: "}
{"logTime": "0425/194634", "correlationVector":"yaZfT85wYHseynt29k5Owq.11","action":"CompareDataConsistency result: ", "result":"Compare result: Collection is consistent. local entities count is: 0 local entities hash is: "}
{"logTime": "0425/194634", "correlationVector":"yaZfT85wYHseynt29k5Owq.12","action":"CompareDataConsistency result: ", "result":"Compare result: Edge E Drop is consistent. local entities count is: 0 local entities hash is: "}
{"logTime": "0425/194634", "correlationVector":"yaZfT85wYHseynt29k5Owq.13","action":"CompareDataConsistency result: ", "result":"Compare result: Edge Wallet is consistent. local entities count is: 0 local entities hash is: "}
{"logTime": "0425/194634", "correlationVector":"yaZfT85wYHseynt29k5Owq.14","action":"CompareDataConsistency result: ", "result":"Server did not send this Edge Workspace local entities count is: 0 local entities hash is: "}
{"logTime": "0425/194634", "correlationVector":"yaZfT85wYHseynt29k5Owq.15","action":"CompareDataConsistency result: ", "result":"Compare result: Passwords is consistent. local entities count is: 52 local entities hash is: BS7A+tFbVwGnr5ixOOg8Sej1BTI="}
{"logTime": "0425/194634", "correlationVector":"","action":"DIAGNOSTIC_REQUEST|v1/diagnosticData/Diagnostic.SendCheckResult()|SUCCESS", "result":""}
{"logTime": "0425/194635", "correlationVector":"8m+0VzCfa4RoK67+uhh14d","action":"Normal GetUpdate request", "result":"", "context":cV=8m+0VzCfa4RoK67+uhh14d
Notified types: History}
{"logTime": "0425/194635", "correlationVector":"8m+0VzCfa4RoK67+uhh14d.1","action":"SyncServerConnectionManagerRequest", "result":"SYNC_SERVER_OK", "context":{"environment":"Prod_westus2_prod-s01-035-nam-westus2", "migrationStage":"NotStarted", "server":"akswtt11300000u"}}
{"logTime": "0425/194635", "correlationVector":"8m+0VzCfa4RoK67+uhh14d.2","action":"GetUpdates Response", "result":"Success", "context":Received 0 update(s). cV=8m+0VzCfa4RoK67+uhh14d.0;server=akswtt11300000u;cloudType=Consumer;environment=Prod_westus2_prod-s01-035-nam-westus2;migrationStage=NotStarted}
{"logTime": "0425/194655", "correlationVector":"7dvHssEU8GPXISgDuJ8oiG","action":"Normal GetUpdate request", "result":"", "context":cV=7dvHssEU8GPXISgDuJ8oiG
Nudged types: Sessions, History
Notified types: Passwords}
{"logTime": "0425/194655", "correlationVector":"7dvHssEU8GPXISgDuJ8oiG.1","action":"SyncServerConnectionManagerRequest", "result":"SYNC_SERVER_OK", "context":{"environment":"Prod_westus2_prod-s01-035-nam-westus2", "migrationStage":"NotStarted", "server":"akswtt11300000u"}}
{"logTime": "0425/194655", "correlationVector":"7dvHssEU8GPXISgDuJ8oiG.2","action":"ProcessGetUpdates", "result":"Done", "context":{"dataType":"Passwords", "deleted":"0", "process_failed_to_decrypt":"0", "process_pending_decryption":"0", "process_success":"44", "total":"44"}}
{"logTime": "0425/194655", "correlationVector":"7dvHssEU8GPXISgDuJ8oiG.3","action":"GetUpdates Response", "result":"Success", "context":Received 44 update(s). cV=7dvHssEU8GPXISgDuJ8oiG.0;server=akswtt11300000u;cloudType=Consumer;environment=Prod_westus2_prod-s01-035-nam-westus2;migrationStage=NotStarted}
{"logTime": "0425/194655", "correlationVector":"6YSikRM2fXSG3NlqTBDDXJ","action":"Commit Request", "result":"", "context":Item count: 2
Contributing types: Sessions, History}
{"logTime": "0425/194655", "correlationVector":"6YSikRM2fXSG3NlqTBDDXJ.1","action":"SyncServerConnectionManagerRequest", "result":"SYNC_SERVER_OK", "context":{"environment":"Prod_westus2_prod-s01-035-nam-westus2", "migrationStage":"NotStarted", "server":"akswtt11300000n"}}
{"logTime": "0425/194655", "correlationVector":"6YSikRM2fXSG3NlqTBDDXJ.2","action":"Commit Response", "result":"Success", "context":Result: Success. cV=6YSikRM2fXSG3NlqTBDDXJ.0;server=akswtt11300000n;cloudType=Consumer;environment=Prod_westus2_prod-s01-035-nam-westus2;migrationStage=NotStarted}
{"logTime": "0425/194656", "correlationVector":"RZmJmgsE2em7Se7aAJvDy0","action":"Normal GetUpdate request", "result":"", "context":cV=RZmJmgsE2em7Se7aAJvDy0
Nudged types: Sessions, History
Notified types: Passwords}
{"logTime": "0425/194656", "correlationVector":"RZmJmgsE2em7Se7aAJvDy0.1","action":"SyncServerConnectionManagerRequest", "result":"SYNC_SERVER_OK", "context":{"environment":"Prod_westus2_prod-s01-035-nam-westus2", "migrationStage":"NotStarted", "server":"akswtt113000008"}}
{"logTime": "0425/194656", "correlationVector":"RZmJmgsE2em7Se7aAJvDy0.2","action":"ProcessGetUpdates", "result":"Done", "context":{"dataType":"Passwords", "deleted":"0", "process_failed_to_decrypt":"0", "process_pending_decryption":"0", "process_success":"7", "total":"7"}}
{"logTime": "0425/194656", "correlationVector":"RZmJmgsE2em7Se7aAJvDy0.3","action":"ProcessGetUpdates", "result":"Done", "context":{"dataType":"Sessions", "deleted":"0", "process_failed_to_decrypt":"0", "process_pending_decryption":"0", "process_success":"2", "total":"2"}}
{"logTime": "0425/194656", "correlationVector":"RZmJmgsE2em7Se7aAJvDy0.4","action":"ProcessGetUpdates", "result":"Done", "context":{"dataType":"History", "deleted":"0", "process_failed_to_decrypt":"0", "process_pending_decryption":"0", "process_success":"4", "total":"4"}}
{"logTime": "0425/194656", "correlationVector":"RZmJmgsE2em7Se7aAJvDy0.5","action":"GetUpdates Response", "result":"Success", "context":Received 13 update(s). cV=RZmJmgsE2em7Se7aAJvDy0.0;server=akswtt113000008;cloudType=Consumer;environment=Prod_westus2_prod-s01-035-nam-westus2;migrationStage=NotStarted}
{"logTime": "0425/194657", "correlationVector":"PsgXlC55oIlxB3VzsN3nua","action":"Normal GetUpdate request", "result":"", "context":cV=PsgXlC55oIlxB3VzsN3nua
Notified types: History}
{"logTime": "0425/194657", "correlationVector":"PsgXlC55oIlxB3VzsN3nua.1","action":"SyncServerConnectionManagerRequest", "result":"SYNC_SERVER_OK", "context":{"environment":"Prod_westus2_prod-s01-035-nam-westus2", "migrationStage":"NotStarted", "server":"akswtt11300000u"}}
{"logTime": "0425/194657", "correlationVector":"PsgXlC55oIlxB3VzsN3nua.2","action":"GetUpdates Response", "result":"Success", "context":Received 0 update(s). cV=PsgXlC55oIlxB3VzsN3nua.0;server=akswtt11300000u;cloudType=Consumer;environment=Prod_westus2_prod-s01-035-nam-westus2;migrationStage=NotStarted}
{"logTime": "0425/194723", "correlationVector":"qg3QUvn9j5d7CHM68+Wi47","action":"Commit Request", "result":"", "context":Item count: 40
Contributing types: Passwords}
{"logTime": "0425/194725", "correlationVector":"qg3QUvn9j5d7CHM68+Wi47.1","action":"SyncServerConnectionManagerRequest", "result":"SYNC_SERVER_OK", "context":{"environment":"Prod_westus2_prod-s01-035-nam-westus2", "migrationStage":"NotStarted", "server":"akswtt11300000m"}}
{"logTime": "0425/194725", "correlationVector":"qg3QUvn9j5d7CHM68+Wi47.2","action":"Commit Response", "result":"Success", "context":Result: Success. cV=qg3QUvn9j5d7CHM68+Wi47.0;server=akswtt11300000m;cloudType=Consumer;environment=Prod_westus2_prod-s01-035-nam-westus2;migrationStage=NotStarted}
{"logTime": "0425/194725", "correlationVector":"VRgwqxA0IR4gkpXrkHTdiJ","action":"Commit Request", "result":"", "context":Item count: 15
Contributing types: Passwords, Sessions, History}
{"logTime": "0425/194726", "correlationVector":"VRgwqxA0IR4gkpXrkHTdiJ.1","action":"SyncServerConnectionManagerRequest", "result":"SYNC_SERVER_OK", "context":{"environment":"Prod_westus2_prod-s01-035-nam-westus2", "migrationStage":"NotStarted", "server":"akswtt11300000b"}}
{"logTime": "0425/194726", "correlationVector":"VRgwqxA0IR4gkpXrkHTdiJ.2","action":"Commit Response", "result":"Success", "context":Result: Success. cV=VRgwqxA0IR4gkpXrkHTdiJ.0;server=akswtt11300000b;cloudType=Consumer;environment=Prod_westus2_prod-s01-035-nam-westus2;migrationStage=NotStarted}
{"logTime": "0425/194726", "correlationVector":"zj95o4J/8Ks3UFnUXc16/Q","action":"Normal GetUpdate request", "result":"", "context":cV=zj95o4J/8Ks3UFnUXc16/Q
Notified types: History}
{"logTime": "0425/194726", "correlationVector":"zj95o4J/8Ks3UFnUXc16/Q.1","action":"SyncServerConnectionManagerRequest", "result":"SYNC_SERVER_OK", "context":{"environment":"Prod_westus2_prod-s01-035-nam-westus2", "migrationStage":"NotStarted", "server":"akswtt113000008"}}
{"logTime": "0425/194726", "correlationVector":"zj95o4J/8Ks3UFnUXc16/Q.2","action":"ProcessGetUpdates", "result":"Done", "context":{"dataType":"Passwords", "deleted":"0", "process_failed_to_decrypt":"0", "process_pending_decryption":"0", "process_success":"51", "total":"51"}}
{"logTime": "0425/194726", "correlationVector":"zj95o4J/8Ks3UFnUXc16/Q.3","action":"ProcessGetUpdates", "result":"Done", "context":{"dataType":"Sessions", "deleted":"0", "process_failed_to_decrypt":"0", "process_pending_decryption":"0", "process_success":"3", "total":"3"}}
{"logTime": "0425/194726", "correlationVector":"zj95o4J/8Ks3UFnUXc16/Q.4","action":"ProcessGetUpdates", "result":"Done", "context":{"dataType":"History", "deleted":"0", "process_failed_to_decrypt":"0", "process_pending_decryption":"0", "process_success":"10", "total":"10"}}
{"logTime": "0425/194726", "correlationVector":"zj95o4J/8Ks3UFnUXc16/Q.5","action":"GetUpdates Response", "result":"Success", "context":Received 64 update(s). cV=zj95o4J/8Ks3UFnUXc16/Q.0;server=akswtt113000008;cloudType=Consumer;environment=Prod_westus2_prod-s01-035-nam-westus2;migrationStage=NotStarted}
{"logTime": "0425/194727", "correlationVector":"08HKU/YJ7viPJOzA/DZLTV","action":"Normal GetUpdate request", "result":"", "context":cV=08HKU/YJ7viPJOzA/DZLTV
Notified types: History}
{"logTime": "0425/194727", "correlationVector":"08HKU/YJ7viPJOzA/DZLTV.1","action":"SyncServerConnectionManagerRequest", "result":"SYNC_SERVER_OK", "context":{"environment":"Prod_westus2_prod-s01-035-nam-westus2", "migrationStage":"NotStarted", "server":"akswtt11300000c"}}
{"logTime": "0425/194727", "correlationVector":"08HKU/YJ7viPJOzA/DZLTV.2","action":"GetUpdates Response", "result":"Success", "context":Received 0 update(s). cV=08HKU/YJ7viPJOzA/DZLTV.0;server=akswtt11300000c;cloudType=Consumer;environment=Prod_westus2_prod-s01-035-nam-westus2;migrationStage=NotStarted}
{"logTime": "0425/194801", "correlationVector":"hLItXVGpqd1y2cnEl3s7MS","action":"Normal GetUpdate request", "result":"", "context":cV=hLItXVGpqd1y2cnEl3s7MS
Notified types: Device Info, History}
{"logTime": "0425/194801", "correlationVector":"hLItXVGpqd1y2cnEl3s7MS.1","action":"SyncServerConnectionManagerRequest", "result":"SYNC_SERVER_OK", "context":{"environment":"Prod_westus2_prod-s01-035-nam-westus2", "migrationStage":"NotStarted", "server":"akswtt11300000n"}}
{"logTime": "0425/194801", "correlationVector":"hLItXVGpqd1y2cnEl3s7MS.2","action":"ProcessGetUpdates", "result":"Done", "context":{"dataType":"Sessions", "deleted":"0", "process_failed_to_decrypt":"0", "process_pending_decryption":"0", "process_success":"3", "total":"3"}}
{"logTime": "0425/194801", "correlationVector":"hLItXVGpqd1y2cnEl3s7MS.3","action":"ProcessGetUpdates", "result":"Done", "context":{"dataType":"Device Info", "deleted":"0", "process_failed_to_decrypt":"0", "process_pending_decryption":"0", "process_success":"1", "total":"1"}}
{"logTime": "0425/194801", "correlationVector":"hLItXVGpqd1y2cnEl3s7MS.4","action":"ProcessGetUpdates", "result":"Done", "context":{"dataType":"History", "deleted":"0", "process_failed_to_decrypt":"0", "process_pending_decryption":"0", "process_success":"2", "total":"2"}}
{"logTime": "0425/194801", "correlationVector":"hLItXVGpqd1y2cnEl3s7MS.5","action":"GetUpdates Response", "result":"Success", "context":Received 6 update(s). cV=hLItXVGpqd1y2cnEl3s7MS.0;server=akswtt11300000n;cloudType=Consumer;environment=Prod_westus2_prod-s01-035-nam-westus2;migrationStage=NotStarted}
{"logTime": "0425/194853", "correlationVector":"poRtyYhpFIQtRlMRYGSEyQ","action":"Normal GetUpdate request", "result":"", "context":cV=poRtyYhpFIQtRlMRYGSEyQ
Notified types: Passwords}
{"logTime": "0425/194853", "correlationVector":"poRtyYhpFIQtRlMRYGSEyQ.1","action":"SyncServerConnectionManagerRequest", "result":"SYNC_SERVER_OK", "context":{"environment":"Prod_westus2_prod-s01-035-nam-westus2", "migrationStage":"NotStarted", "server":"akswtt113000001"}}
{"logTime": "0425/194853", "correlationVector":"poRtyYhpFIQtRlMRYGSEyQ.2","action":"ProcessGetUpdates", "result":"Done", "context":{"dataType":"Passwords", "deleted":"0", "process_failed_to_decrypt":"0", "process_pending_decryption":"0", "process_success":"42", "total":"42"}}
{"logTime": "0425/194853", "correlationVector":"poRtyYhpFIQtRlMRYGSEyQ.3","action":"GetUpdates Response", "result":"Success", "context":Received 42 update(s). cV=poRtyYhpFIQtRlMRYGSEyQ.0;server=akswtt113000001;cloudType=Consumer;environment=Prod_westus2_prod-s01-035-nam-westus2;migrationStage=NotStarted}
{"logTime": "0425/194854", "correlationVector":"vnTM/pgIkrKhFFyAHuqnDK","action":"Normal GetUpdate request", "result":"", "context":cV=vnTM/pgIkrKhFFyAHuqnDK
Notified types: History}
{"logTime": "0425/194854", "correlationVector":"vnTM/pgIkrKhFFyAHuqnDK.1","action":"SyncServerConnectionManagerRequest", "result":"SYNC_SERVER_OK", "context":{"environment":"Prod_westus2_prod-s01-035-nam-westus2", "migrationStage":"NotStarted", "server":"akswtt11300000c"}}
{"logTime": "0425/194854", "correlationVector":"vnTM/pgIkrKhFFyAHuqnDK.2","action":"ProcessGetUpdates", "result":"Done", "context":{"dataType":"Passwords", "deleted":"0", "process_failed_to_decrypt":"0", "process_pending_decryption":"0", "process_success":"9", "total":"9"}}
{"logTime": "0425/194854", "correlationVector":"vnTM/pgIkrKhFFyAHuqnDK.3","action":"ProcessGetUpdates", "result":"Done", "context":{"dataType":"Sessions", "deleted":"0", "process_failed_to_decrypt":"0", "process_pending_decryption":"0", "process_success":"2", "total":"2"}}
{"logTime": "0425/194854", "correlationVector":"vnTM/pgIkrKhFFyAHuqnDK.4","action":"ProcessGetUpdates", "result":"Done", "context":{"dataType":"History", "deleted":"0", "process_failed_to_decrypt":"0", "process_pending_decryption":"0", "process_success":"4", "total":"4"}}
{"logTime": "0425/194854", "correlationVector":"vnTM/pgIkrKhFFyAHuqnDK.5","action":"GetUpdates Response", "result":"Success", "context":Received 15 update(s). cV=vnTM/pgIkrKhFFyAHuqnDK.0;server=akswtt11300000c;cloudType=Consumer;environment=Prod_westus2_prod-s01-035-nam-westus2;migrationStage=NotStarted}
{"logTime": "0425/194855", "correlationVector":"2M93LE4qxCCoa++FRVwNW+","action":"Normal GetUpdate request", "result":"", "context":cV=2M93LE4qxCCoa++FRVwNW+
Notified types: Passwords, History}
{"logTime": "0425/194855", "correlationVector":"2M93LE4qxCCoa++FRVwNW+.1","action":"SyncServerConnectionManagerRequest", "result":"SYNC_SERVER_OK", "context":{"environment":"Prod_westus2_prod-s01-035-nam-westus2", "migrationStage":"NotStarted", "server":"akswtt11300000e"}}
{"logTime": "0425/194855", "correlationVector":"2M93LE4qxCCoa++FRVwNW+.2","action":"GetUpdates Response", "result":"Success", "context":Received 0 update(s). cV=2M93LE4qxCCoa++FRVwNW+.0;server=akswtt11300000e;cloudType=Consumer;environment=Prod_westus2_prod-s01-035-nam-westus2;migrationStage=NotStarted}
{"logTime": "0425/194856", "correlationVector":"DOsqbceU8+3uaVS0wmJpfq","action":"Normal GetUpdate request", "result":"", "context":cV=DOsqbceU8+3uaVS0wmJpfq
Notified types: Device Info, History}
{"logTime": "0425/194856", "correlationVector":"DOsqbceU8+3uaVS0wmJpfq.1","action":"SyncServerConnectionManagerRequest", "result":"SYNC_SERVER_OK", "context":{"environment":"Prod_westus2_prod-s01-035-nam-westus2", "migrationStage":"NotStarted", "server":"akswtt113000009"}}
{"logTime": "0425/194856", "correlationVector":"DOsqbceU8+3uaVS0wmJpfq.2","action":"ProcessGetUpdates", "result":"Done", "context":{"dataType":"Sessions", "deleted":"0", "process_failed_to_decrypt":"0", "process_pending_decryption":"0", "process_success":"6", "total":"6"}}
{"logTime": "0425/194856", "correlationVector":"DOsqbceU8+3uaVS0wmJpfq.3","action":"ProcessGetUpdates", "result":"Done", "context":{"dataType":"Device Info", "deleted":"0", "process_failed_to_decrypt":"0", "process_pending_decryption":"0", "process_success":"2", "total":"2"}}
{"logTime": "0425/194856", "correlationVector":"DOsqbceU8+3uaVS0wmJpfq.4","action":"ProcessGetUpdates", "result":"Done", "context":{"dataType":"History", "deleted":"0", "process_failed_to_decrypt":"0", "process_pending_decryption":"0", "process_success":"2", "total":"2"}}
{"logTime": "0425/194856", "correlationVector":"DOsqbceU8+3uaVS0wmJpfq.5","action":"GetUpdates Response", "result":"Success", "context":Received 10 update(s). cV=DOsqbceU8+3uaVS0wmJpfq.0;server=akswtt113000009;cloudType=Consumer;environment=Prod_westus2_prod-s01-035-nam-westus2;migrationStage=NotStarted}
{"logTime": "0425/194857", "correlationVector":"7/8ZXDe5lbSuB+e5tQbOf9","action":"Normal GetUpdate request", "result":"", "context":cV=7/8ZXDe5lbSuB+e5tQbOf9
Notified types: Device Info, History}
{"logTime": "0425/194857", "correlationVector":"7/8ZXDe5lbSuB+e5tQbOf9.1","action":"SyncServerConnectionManagerRequest", "result":"SYNC_SERVER_OK", "context":{"environment":"Prod_westus2_prod-s01-035-nam-westus2", "migrationStage":"NotStarted", "server":"akswtt11300000l"}}
{"logTime": "0425/194857", "correlationVector":"7/8ZXDe5lbSuB+e5tQbOf9.2","action":"GetUpdates Response", "result":"Success", "context":Received 0 update(s). cV=7/8ZXDe5lbSuB+e5tQbOf9.0;server=akswtt11300000l;cloudType=Consumer;environment=Prod_westus2_prod-s01-035-nam-westus2;migrationStage=NotStarted}
{"logTime": "0425/194904", "correlationVector":"w83xTzHYSxGt8M+FXuTBMJ","action":"Normal GetUpdate request", "result":"", "context":cV=w83xTzHYSxGt8M+FXuTBMJ
Notified types: Preferences, Device Info}
{"logTime": "0425/194904", "correlationVector":"w83xTzHYSxGt8M+FXuTBMJ.1","action":"SyncServerConnectionManagerRequest", "result":"SYNC_SERVER_OK", "context":{"environment":"Prod_westus2_prod-s01-035-nam-westus2", "migrationStage":"NotStarted", "server":"akswtt11300000c"}}
{"logTime": "0425/194904", "correlationVector":"w83xTzHYSxGt8M+FXuTBMJ.2","action":"ProcessGetUpdates", "result":"Done", "context":{"dataType":"Preferences", "deleted":"0", "process_failed_to_decrypt":"0", "process_pending_decryption":"0", "process_success":"1", "total":"1"}}
{"logTime": "0425/194904", "correlationVector":"w83xTzHYSxGt8M+FXuTBMJ.3","action":"ProcessGetUpdates", "result":"Done", "context":{"dataType":"Device Info", "deleted":"0", "process_failed_to_decrypt":"0", "process_pending_decryption":"0", "process_success":"1", "total":"1"}}
{"logTime": "0425/194904", "correlationVector":"w83xTzHYSxGt8M+FXuTBMJ.4","action":"GetUpdates Response", "result":"Success", "context":Received 2 update(s). cV=w83xTzHYSxGt8M+FXuTBMJ.0;server=akswtt11300000c;cloudType=Consumer;environment=Prod_westus2_prod-s01-035-nam-westus2;migrationStage=NotStarted}
{"logTime": "0425/194905", "correlationVector":"qJJEWumGUwp3/GfLr6UDal","action":"Normal GetUpdate request", "result":"", "context":cV=qJJEWumGUwp3/GfLr6UDal
Notified types: History}
{"logTime": "0425/194905", "correlationVector":"qJJEWumGUwp3/GfLr6UDal.1","action":"SyncServerConnectionManagerRequest", "result":"SYNC_SERVER_OK", "context":{"environment":"Prod_westus2_prod-s01-035-nam-westus2", "migrationStage":"NotStarted", "server":"akswtt113000004"}}
{"logTime": "0425/194905", "correlationVector":"qJJEWumGUwp3/GfLr6UDal.2","action":"ProcessGetUpdates", "result":"Done", "context":{"dataType":"Preferences", "deleted":"0", "process_failed_to_decrypt":"0", "process_pending_decryption":"0", "process_success":"1", "total":"1"}}
{"logTime": "0425/194905", "correlationVector":"qJJEWumGUwp3/GfLr6UDal.3","action":"ProcessGetUpdates", "result":"Done", "context":{"dataType":"Sessions", "deleted":"0", "process_failed_to_decrypt":"0", "process_pending_decryption":"0", "process_success":"2", "total":"2"}}
{"logTime": "0425/194905", "correlationVector":"qJJEWumGUwp3/GfLr6UDal.4","action":"ProcessGetUpdates", "result":"Done", "context":{"dataType":"History", "deleted":"0", "process_failed_to_decrypt":"0", "process_pending_decryption":"0", "process_success":"4", "total":"4"}}
{"logTime": "0425/194905", "correlationVector":"qJJEWumGUwp3/GfLr6UDal.5","action":"GetUpdates Response", "result":"Success", "context":Received 7 update(s). cV=qJJEWumGUwp3/GfLr6UDal.0;server=akswtt113000004;cloudType=Consumer;environment=Prod_westus2_prod-s01-035-nam-westus2;migrationStage=NotStarted}
{"logTime": "0425/194906", "correlationVector":"W+QfOdR4zcG70Zgdr6Otw6","action":"Normal GetUpdate request", "result":"", "context":cV=W+QfOdR4zcG70Zgdr6Otw6
Notified types: Preferences}
{"logTime": "0425/194906", "correlationVector":"W+QfOdR4zcG70Zgdr6Otw6.1","action":"SyncServerConnectionManagerRequest", "result":"SYNC_SERVER_OK", "context":{"environment":"Prod_westus2_prod-s01-035-nam-westus2", "migrationStage":"NotStarted", "server":"akswtt113000009"}}
{"logTime": "0425/194906", "correlationVector":"W+QfOdR4zcG70Zgdr6Otw6.2","action":"GetUpdates Response", "result":"Success", "context":Received 0 update(s). cV=W+QfOdR4zcG70Zgdr6Otw6.0;server=akswtt113000009;cloudType=Consumer;environment=Prod_westus2_prod-s01-035-nam-westus2;migrationStage=NotStarted}
