{"logTime": "0425/194845", "correlationVector":"Js6950RmglPhOXbdoIr1yH.1","action":"SyncServerConnectionManagerRequest", "result":"SYNC_SERVER_OK", "context":{"environment":"Prod_westus2_prod-s01-035-nam-westus2", "migrationStage":"NotStarted", "server":"akswtt11300000n"}}
{"logTime": "0425/194845", "correlationVector":"Js6950RmglPhOXbdoIr1yH.2","action":"ProcessGetUpdates", "result":"Done", "context":{"dataType":"Encryption Keys", "deleted":"0", "process_failed_to_decrypt":"0", "process_pending_decryption":"0", "process_success":"1", "total":"1"}}
{"logTime": "0425/194846", "correlationVector":"ZjuX89mr4YoLXwMIpuHeJE","action":"SyncServerConnectionManagerRequest", "result":"SYNC_SERVER_OK", "context":{"environment":"", "migrationStage":"", "server":""}}
{"logTime": "0425/194846", "correlationVector":"ZjuX89mr4YoLXwMIpuHeJE.0","action":"EncryptionKeysFetcher.DownloadKeys:", "result":"Success", "context":Key count: 5, Last key timestamp: 2026-04-18T03:48:13Z}
{"logTime": "0425/194846", "correlationVector":"ZjuX89mr4YoLXwMIpuHeJE.1","action":"EncryptionKeysManager::SetEncryptionKeys:", "result":"Success", "context":Key names[5]:[lBLlivP0tL7DaZCLOxY0Ms4GCmsztTwaiZZnWuhIrvxf62WQbQQOrEOZFqDAc6XX8sNCG3UdMSQXoQPb7570QQ==][lVznK7+X4kMFXxOXBoPhpSbjH3WghWADowbo4a72vMU6iWo8i79nPTR5N+6F83VtFpBywxdhc0xV21a2Jm/A6g==][Rkjhz4tCaGQHbFM9iina6dfubiNJH3/8Nb0P3dtJ1SeLsFRspz/UbUDes0Q9ENkkHUncnfUvSXI6M+uJbc+N9w==][qNbI0n6v/hh0ojvUbrBt2zg5a/wjTFo4ReIKDxAcek9QLy5Lb4ncifiaiqLrQxn4dHE7159KCWd7txz5PXG7pA==][EQnJNat9nLGhQ3sWluAQbvJNaL11ABTMNp2x6WBZFViiXC6pyhYenoSQCzCxCCt+LnXbXP/vleqfYDQYpxNb5A==]}
{"logTime": "0425/194846", "correlationVector":"ZjuX89mr4YoLXwMIpuHeJE.2","action":"EncryptionKeysManager::SetEncryptionKeysWithTimestamps:", "result":"Success", "context":Key timestamps[5]:[2024-04-18T22:10:58Z][2024-10-16T20:23:03Z][2025-04-14T23:12:43Z][2025-10-14T00:38:14Z][2026-04-18T03:48:13Z]}
{"logTime": "0425/194846", "correlationVector":"Js6950RmglPhOXbdoIr1yH","action":"Initial GetUpdates", "result":"", "context":Reason: NEW_CLIENT. cV=Js6950RmglPhOXbdoIr1yH}
{"logTime": "0425/194846", "correlationVector":"Js6950RmglPhOXbdoIr1yH.3","action":"GetUpdates Response", "result":"Success", "context":Received 1 update(s). cV=Js6950RmglPhOXbdoIr1yH.0;server=akswtt11300000n;cloudType=Consumer;environment=Prod_westus2_prod-s01-035-nam-westus2;migrationStage=NotStarted}
{"logTime": "0425/194846", "correlationVector":"c7rO6zf1Id+9VDQG9Iyszv","action":"Initial GetUpdates", "result":"", "context":Reason: NEWLY_SUPPORTED_DATATYPE. cV=c7rO6zf1Id+9VDQG9Iyszv}
{"logTime": "0425/194846", "correlationVector":"c7rO6zf1Id+9VDQG9Iyszv.1","action":"SyncServerConnectionManagerRequest", "result":"SYNC_SERVER_OK", "context":{"environment":"Prod_westus2_prod-s01-035-nam-westus2", "migrationStage":"NotStarted", "server":"akswtt11300000q"}}
{"logTime": "0425/194846", "correlationVector":"c7rO6zf1Id+9VDQG9Iyszv.2","action":"ProcessGetUpdates", "result":"Done", "context":{"dataType":"Preferences", "deleted":"0", "process_failed_to_decrypt":"0", "process_pending_decryption":"0", "process_success":"89", "total":"89"}}
{"logTime": "0425/194846", "correlationVector":"c7rO6zf1Id+9VDQG9Iyszv.3","action":"ProcessGetUpdates", "result":"Done", "context":{"dataType":"Passwords", "deleted":"0", "process_failed_to_decrypt":"0", "process_pending_decryption":"0", "process_success":"52", "total":"52"}}
{"logTime": "0425/194846", "correlationVector":"c7rO6zf1Id+9VDQG9Iyszv.4","action":"ProcessGetUpdates", "result":"Done", "context":{"dataType":"Device Info", "deleted":"0", "process_failed_to_decrypt":"0", "process_pending_decryption":"0", "process_success":"6", "total":"6"}}
{"logTime": "0425/194846", "correlationVector":"c7rO6zf1Id+9VDQG9Iyszv.5","action":"GetUpdates Response", "result":"Success", "context":Received 147 update(s). cV=c7rO6zf1Id+9VDQG9Iyszv.0;server=akswtt11300000q;cloudType=Consumer;environment=Prod_westus2_prod-s01-035-nam-westus2;migrationStage=NotStarted}
{"logTime": "0425/194846", "correlationVector":"AxBoazaBS49SPmbaiPN9vj","action":"Initial GetUpdates", "result":"", "context":Reason: NEWLY_SUPPORTED_DATATYPE. cV=AxBoazaBS49SPmbaiPN9vj}
{"logTime": "0425/194846", "correlationVector":"AxBoazaBS49SPmbaiPN9vj.1","action":"SyncServerConnectionManagerRequest", "result":"SYNC_SERVER_OK", "context":{"environment":"Prod_westus2_prod-s01-035-nam-westus2", "migrationStage":"NotStarted", "server":"akswtt11300000e"}}
{"logTime": "0425/194846", "correlationVector":"AxBoazaBS49SPmbaiPN9vj.2","action":"ProcessGetUpdates", "result":"Done", "context":{"dataType":"Bookmarks", "deleted":"1", "process_failed_to_decrypt":"0", "process_pending_decryption":"0", "process_success":"17", "total":"17"}}
{"logTime": "0425/194846", "correlationVector":"AxBoazaBS49SPmbaiPN9vj.3","action":"GetUpdates Response", "result":"Success", "context":Received 17 update(s). cV=AxBoazaBS49SPmbaiPN9vj.0;server=akswtt11300000e;cloudType=Consumer;environment=Prod_westus2_prod-s01-035-nam-westus2;migrationStage=NotStarted}
{"logTime": "0425/194846", "correlationVector":"wg8gSc41S/nO9eZzEJxRVA","action":"Initial GetUpdates", "result":"", "context":Reason: NEWLY_SUPPORTED_DATATYPE. cV=wg8gSc41S/nO9eZzEJxRVA}
{"logTime": "0425/194847", "correlationVector":"wg8gSc41S/nO9eZzEJxRVA.1","action":"SyncServerConnectionManagerRequest", "result":"SYNC_SERVER_OK", "context":{"environment":"Prod_westus2_prod-s01-035-nam-westus2", "migrationStage":"NotStarted", "server":"akswtt113000004"}}
{"logTime": "0425/194847", "correlationVector":"wg8gSc41S/nO9eZzEJxRVA.2","action":"ProcessGetUpdates", "result":"Done", "context":{"dataType":"Autofill", "deleted":"0", "process_failed_to_decrypt":"0", "process_pending_decryption":"0", "process_success":"236", "total":"236"}}
{"logTime": "0425/194847", "correlationVector":"wg8gSc41S/nO9eZzEJxRVA.3","action":"ProcessGetUpdates", "result":"Done", "context":{"dataType":"Sessions", "deleted":"14", "process_failed_to_decrypt":"0", "process_pending_decryption":"0", "process_success":"14", "total":"14"}}
{"logTime": "0425/194847", "correlationVector":"wg8gSc41S/nO9eZzEJxRVA.4","action":"GetUpdates Response", "result":"Success", "context":Received 250 update(s). cV=wg8gSc41S/nO9eZzEJxRVA.0;server=akswtt113000004;cloudType=Consumer;environment=Prod_westus2_prod-s01-035-nam-westus2;migrationStage=NotStarted Some updates remain.}
{"logTime": "0425/194847", "correlationVector":"yysDEdfwaUvVnmwh8s7Pjd","action":"Initial GetUpdates", "result":"", "context":Reason: NEWLY_SUPPORTED_DATATYPE. cV=yysDEdfwaUvVnmwh8s7Pjd}
{"logTime": "0425/194847", "correlationVector":"yysDEdfwaUvVnmwh8s7Pjd.1","action":"SyncServerConnectionManagerRequest", "result":"SYNC_SERVER_OK", "context":{"environment":"Prod_westus2_prod-s01-035-nam-westus2", "migrationStage":"NotStarted", "server":"akswtt11300000u"}}
{"logTime": "0425/194847", "correlationVector":"yysDEdfwaUvVnmwh8s7Pjd.2","action":"ProcessGetUpdates", "result":"Done", "context":{"dataType":"Sessions", "deleted":"248", "process_failed_to_decrypt":"0", "process_pending_decryption":"0", "process_success":"248", "total":"248"}}
{"logTime": "0425/194847", "correlationVector":"yysDEdfwaUvVnmwh8s7Pjd.3","action":"ProcessGetUpdates", "result":"Done", "context":{"dataType":"Edge Hub App Usage", "deleted":"1", "process_failed_to_decrypt":"0", "process_pending_decryption":"0", "process_success":"2", "total":"2"}}
{"logTime": "0425/194847", "correlationVector":"yysDEdfwaUvVnmwh8s7Pjd.4","action":"GetUpdates Response", "result":"Success", "context":Received 250 update(s). cV=yysDEdfwaUvVnmwh8s7Pjd.0;server=akswtt11300000u;cloudType=Consumer;environment=Prod_westus2_prod-s01-035-nam-westus2;migrationStage=NotStarted Some updates remain.}
{"logTime": "0425/194847", "correlationVector":"XUnfJBcEHvds/uOU35cr6R","action":"Initial GetUpdates", "result":"", "context":Reason: NEWLY_SUPPORTED_DATATYPE. cV=XUnfJBcEHvds/uOU35cr6R}
{"logTime": "0425/194847", "correlationVector":"XUnfJBcEHvds/uOU35cr6R.1","action":"SyncServerConnectionManagerRequest", "result":"SYNC_SERVER_OK", "context":{"environment":"Prod_westus2_prod-s01-035-nam-westus2", "migrationStage":"NotStarted", "server":"akswtt11300000c"}}
{"logTime": "0425/194847", "correlationVector":"XUnfJBcEHvds/uOU35cr6R.2","action":"ProcessGetUpdates", "result":"Done", "context":{"dataType":"Sessions", "deleted":"243", "process_failed_to_decrypt":"0", "process_pending_decryption":"0", "process_success":"243", "total":"243"}}
{"logTime": "0425/194847", "correlationVector":"XUnfJBcEHvds/uOU35cr6R.3","action":"ProcessGetUpdates", "result":"Done", "context":{"dataType":"Saved Tab Group", "deleted":"0", "process_failed_to_decrypt":"0", "process_pending_decryption":"0", "process_success":"4", "total":"4"}}
{"logTime": "0425/194847", "correlationVector":"XUnfJBcEHvds/uOU35cr6R.4","action":"ProcessGetUpdates", "result":"Done", "context":{"dataType":"Edge Hub App Usage", "deleted":"3", "process_failed_to_decrypt":"0", "process_pending_decryption":"0", "process_success":"3", "total":"3"}}
{"logTime": "0425/194847", "correlationVector":"XUnfJBcEHvds/uOU35cr6R.5","action":"GetUpdates Response", "result":"Success", "context":Received 250 update(s). cV=XUnfJBcEHvds/uOU35cr6R.0;server=akswtt11300000c;cloudType=Consumer;environment=Prod_westus2_prod-s01-035-nam-westus2;migrationStage=NotStarted Some updates remain.}
{"logTime": "0425/194847", "correlationVector":"sUK6trO5UfCK3bbbDloGox","action":"Initial GetUpdates", "result":"", "context":Reason: NEWLY_SUPPORTED_DATATYPE. cV=sUK6trO5UfCK3bbbDloGox}
{"logTime": "0425/194848", "correlationVector":"sUK6trO5UfCK3bbbDloGox.1","action":"SyncServerConnectionManagerRequest", "result":"SYNC_SERVER_OK", "context":{"environment":"Prod_westus2_prod-s01-035-nam-westus2", "migrationStage":"NotStarted", "server":"akswtt113000008"}}
{"logTime": "0425/194848", "correlationVector":"sUK6trO5UfCK3bbbDloGox.2","action":"ProcessGetUpdates", "result":"Done", "context":{"dataType":"Extensions", "deleted":"0", "process_failed_to_decrypt":"0", "process_pending_decryption":"0", "process_success":"1", "total":"1"}}
{"logTime": "0425/194848", "correlationVector":"sUK6trO5UfCK3bbbDloGox.3","action":"ProcessGetUpdates", "result":"Done", "context":{"dataType":"Sessions", "deleted":"248", "process_failed_to_decrypt":"0", "process_pending_decryption":"0", "process_success":"248", "total":"248"}}
{"logTime": "0425/194848", "correlationVector":"sUK6trO5UfCK3bbbDloGox.4","action":"ProcessGetUpdates", "result":"Done", "context":{"dataType":"Edge Hub App Usage", "deleted":"1", "process_failed_to_decrypt":"0", "process_pending_decryption":"0", "process_success":"1", "total":"1"}}
{"logTime": "0425/194848", "correlationVector":"sUK6trO5UfCK3bbbDloGox.5","action":"GetUpdates Response", "result":"Success", "context":Received 250 update(s). cV=sUK6trO5UfCK3bbbDloGox.0;server=akswtt113000008;cloudType=Consumer;environment=Prod_westus2_prod-s01-035-nam-westus2;migrationStage=NotStarted Some updates remain.}
{"logTime": "0425/194848", "correlationVector":"qPI4aIZHbnLjxl0oTCvPbI","action":"Initial GetUpdates", "result":"", "context":Reason: NEWLY_SUPPORTED_DATATYPE. cV=qPI4aIZHbnLjxl0oTCvPbI}
{"logTime": "0425/194848", "correlationVector":"qPI4aIZHbnLjxl0oTCvPbI.1","action":"SyncServerConnectionManagerRequest", "result":"SYNC_SERVER_OK", "context":{"environment":"Prod_westus2_prod-s01-035-nam-westus2", "migrationStage":"NotStarted", "server":"akswtt11300000j"}}
{"logTime": "0425/194848", "correlationVector":"qPI4aIZHbnLjxl0oTCvPbI.2","action":"ProcessGetUpdates", "result":"Done", "context":{"dataType":"Sessions", "deleted":"248", "process_failed_to_decrypt":"0", "process_pending_decryption":"0", "process_success":"248", "total":"248"}}
{"logTime": "0425/194848", "correlationVector":"qPI4aIZHbnLjxl0oTCvPbI.3","action":"ProcessGetUpdates", "result":"Done", "context":{"dataType":"Edge Hub App Usage", "deleted":"1", "process_failed_to_decrypt":"0", "process_pending_decryption":"0", "process_success":"2", "total":"2"}}
{"logTime": "0425/194848", "correlationVector":"qPI4aIZHbnLjxl0oTCvPbI.4","action":"GetUpdates Response", "result":"Success", "context":Received 250 update(s). cV=qPI4aIZHbnLjxl0oTCvPbI.0;server=akswtt11300000j;cloudType=Consumer;environment=Prod_westus2_prod-s01-035-nam-westus2;migrationStage=NotStarted Some updates remain.}
{"logTime": "0425/194848", "correlationVector":"1q1sQevP6ktmxbJVaB40hw","action":"Initial GetUpdates", "result":"", "context":Reason: NEWLY_SUPPORTED_DATATYPE. cV=1q1sQevP6ktmxbJVaB40hw}
{"logTime": "0425/194849", "correlationVector":"1q1sQevP6ktmxbJVaB40hw.1","action":"SyncServerConnectionManagerRequest", "result":"SYNC_SERVER_OK", "context":{"environment":"Prod_westus2_prod-s01-035-nam-westus2", "migrationStage":"NotStarted", "server":"akswtt113000001"}}
{"logTime": "0425/194849", "correlationVector":"1q1sQevP6ktmxbJVaB40hw.2","action":"ProcessGetUpdates", "result":"Done", "context":{"dataType":"Autofill Profiles", "deleted":"0", "process_failed_to_decrypt":"0", "process_pending_decryption":"0", "process_success":"10", "total":"10"}}
{"logTime": "0425/194849", "correlationVector":"1q1sQevP6ktmxbJVaB40hw.3","action":"ProcessGetUpdates", "result":"Done", "context":{"dataType":"Autofill", "deleted":"0", "process_failed_to_decrypt":"0", "process_pending_decryption":"0", "process_success":"215", "total":"215"}}
{"logTime": "0425/194849", "correlationVector":"1q1sQevP6ktmxbJVaB40hw.4","action":"ProcessGetUpdates", "result":"Done", "context":{"dataType":"Sessions", "deleted":"25", "process_failed_to_decrypt":"0", "process_pending_decryption":"0", "process_success":"25", "total":"25"}}
{"logTime": "0425/194849", "correlationVector":"1q1sQevP6ktmxbJVaB40hw.5","action":"GetUpdates Response", "result":"Success", "context":Received 250 update(s). cV=1q1sQevP6ktmxbJVaB40hw.0;server=akswtt113000001;cloudType=Consumer;environment=Prod_westus2_prod-s01-035-nam-westus2;migrationStage=NotStarted Some updates remain.}
{"logTime": "0425/194849", "correlationVector":"nAOU4gWWDX/KyZGHEJ8SIc","action":"Initial GetUpdates", "result":"", "context":Reason: NEWLY_SUPPORTED_DATATYPE. cV=nAOU4gWWDX/KyZGHEJ8SIc}
{"logTime": "0425/194849", "correlationVector":"nAOU4gWWDX/KyZGHEJ8SIc.1","action":"SyncServerConnectionManagerRequest", "result":"SYNC_SERVER_OK", "context":{"environment":"Prod_westus2_prod-s01-035-nam-westus2", "migrationStage":"NotStarted", "server":"akswtt11300000g"}}
{"logTime": "0425/194849", "correlationVector":"nAOU4gWWDX/KyZGHEJ8SIc.2","action":"ProcessGetUpdates", "result":"Done", "context":{"dataType":"Autofill Profiles", "deleted":"0", "process_failed_to_decrypt":"0", "process_pending_decryption":"0", "process_success":"1", "total":"1"}}
{"logTime": "0425/194849", "correlationVector":"nAOU4gWWDX/KyZGHEJ8SIc.3","action":"ProcessGetUpdates", "result":"Done", "context":{"dataType":"Autofill", "deleted":"0", "process_failed_to_decrypt":"0", "process_pending_decryption":"0", "process_success":"234", "total":"234"}}
{"logTime": "0425/194849", "correlationVector":"nAOU4gWWDX/KyZGHEJ8SIc.4","action":"ProcessGetUpdates", "result":"Done", "context":{"dataType":"Sessions", "deleted":"15", "process_failed_to_decrypt":"0", "process_pending_decryption":"0", "process_success":"15", "total":"15"}}
{"logTime": "0425/194849", "correlationVector":"nAOU4gWWDX/KyZGHEJ8SIc.5","action":"GetUpdates Response", "result":"Success", "context":Received 250 update(s). cV=nAOU4gWWDX/KyZGHEJ8SIc.0;server=akswtt11300000g;cloudType=Consumer;environment=Prod_westus2_prod-s01-035-nam-westus2;migrationStage=NotStarted Some updates remain.}
{"logTime": "0425/194849", "correlationVector":"drOwc/G6ZZ3U7snJzdXZ0z","action":"Initial GetUpdates", "result":"", "context":Reason: NEWLY_SUPPORTED_DATATYPE. cV=drOwc/G6ZZ3U7snJzdXZ0z}
{"logTime": "0425/194849", "correlationVector":"drOwc/G6ZZ3U7snJzdXZ0z.1","action":"SyncServerConnectionManagerRequest", "result":"SYNC_SERVER_OK", "context":{"environment":"Prod_westus2_prod-s01-035-nam-westus2", "migrationStage":"NotStarted", "server":"akswtt113000001"}}
{"logTime": "0425/194849", "correlationVector":"drOwc/G6ZZ3U7snJzdXZ0z.2","action":"ProcessGetUpdates", "result":"Done", "context":{"dataType":"Autofill Profiles", "deleted":"0", "process_failed_to_decrypt":"0", "process_pending_decryption":"0", "process_success":"2", "total":"2"}}
{"logTime": "0425/194849", "correlationVector":"drOwc/G6ZZ3U7snJzdXZ0z.3","action":"ProcessGetUpdates", "result":"Done", "context":{"dataType":"Autofill", "deleted":"0", "process_failed_to_decrypt":"0", "process_pending_decryption":"0", "process_success":"64", "total":"64"}}
{"logTime": "0425/194849", "correlationVector":"drOwc/G6ZZ3U7snJzdXZ0z.4","action":"ProcessGetUpdates", "result":"Done", "context":{"dataType":"Extensions", "deleted":"0", "process_failed_to_decrypt":"0", "process_pending_decryption":"0", "process_success":"1", "total":"1"}}
{"logTime": "0425/194849", "correlationVector":"drOwc/G6ZZ3U7snJzdXZ0z.5","action":"ProcessGetUpdates", "result":"Done", "context":{"dataType":"Sessions", "deleted":"164", "process_failed_to_decrypt":"0", "process_pending_decryption":"0", "process_success":"183", "total":"183"}}
{"logTime": "0425/194849", "correlationVector":"drOwc/G6ZZ3U7snJzdXZ0z.6","action":"GetUpdates Response", "result":"Success", "context":Received 250 update(s). cV=drOwc/G6ZZ3U7snJzdXZ0z.0;server=akswtt113000001;cloudType=Consumer;environment=Prod_westus2_prod-s01-035-nam-westus2;migrationStage=NotStarted Some updates remain.}
{"logTime": "0425/194849", "correlationVector":"eHfzG6Puotqvo2w3n2BMyW","action":"Initial GetUpdates", "result":"", "context":Reason: NEWLY_SUPPORTED_DATATYPE. cV=eHfzG6Puotqvo2w3n2BMyW}
{"logTime": "0425/194849", "correlationVector":"eHfzG6Puotqvo2w3n2BMyW.1","action":"SyncServerConnectionManagerRequest", "result":"SYNC_SERVER_OK", "context":{"environment":"Prod_westus2_prod-s01-035-nam-westus2", "migrationStage":"NotStarted", "server":"akswtt11300000o"}}
{"logTime": "0425/194849", "correlationVector":"eHfzG6Puotqvo2w3n2BMyW.2","action":"ProcessGetUpdates", "result":"Done", "context":{"dataType":"Sessions", "deleted":"0", "process_failed_to_decrypt":"0", "process_pending_decryption":"0", "process_success":"1", "total":"1"}}
{"logTime": "0425/194849", "correlationVector":"eHfzG6Puotqvo2w3n2BMyW.3","action":"GetUpdates Response", "result":"Success", "context":Received 1 update(s). cV=eHfzG6Puotqvo2w3n2BMyW.0;server=akswtt11300000o;cloudType=Consumer;environment=Prod_westus2_prod-s01-035-nam-westus2;migrationStage=NotStarted}
{"logTime": "0425/194849", "correlationVector":"byeLJeN0nm7bvzOMH/zc6D","action":"Initial GetUpdates", "result":"", "context":Reason: NEWLY_SUPPORTED_DATATYPE. cV=byeLJeN0nm7bvzOMH/zc6D}
{"logTime": "0425/194850", "correlationVector":"byeLJeN0nm7bvzOMH/zc6D.1","action":"SyncServerConnectionManagerRequest", "result":"SYNC_SERVER_OK", "context":{"environment":"Prod_westus2_prod-s01-035-nam-westus2", "migrationStage":"NotStarted", "server":"akswtt113000003"}}
{"logTime": "0425/194850", "correlationVector":"byeLJeN0nm7bvzOMH/zc6D.2","action":"ProcessGetUpdates", "result":"Done", "context":{"dataType":"History", "deleted":"0", "process_failed_to_decrypt":"0", "process_pending_decryption":"0", "process_success":"250", "total":"250"}}
{"logTime": "0425/194850", "correlationVector":"byeLJeN0nm7bvzOMH/zc6D.3","action":"GetUpdates Response", "result":"Success", "context":Received 250 update(s). cV=byeLJeN0nm7bvzOMH/zc6D.0;server=akswtt113000003;cloudType=Consumer;environment=Prod_westus2_prod-s01-035-nam-westus2;migrationStage=NotStarted Some updates remain.}
{"logTime": "0425/194850", "correlationVector":"fpRnhfpmNbIfyszI5HpMvd","action":"Initial GetUpdates", "result":"", "context":Reason: NEWLY_SUPPORTED_DATATYPE. cV=fpRnhfpmNbIfyszI5HpMvd}
{"logTime": "0425/194850", "correlationVector":"fpRnhfpmNbIfyszI5HpMvd.1","action":"SyncServerConnectionManagerRequest", "result":"SYNC_SERVER_OK", "context":{"environment":"Prod_westus2_prod-s01-035-nam-westus2", "migrationStage":"NotStarted", "server":"akswtt11300000n"}}
{"logTime": "0425/194850", "correlationVector":"fpRnhfpmNbIfyszI5HpMvd.2","action":"ProcessGetUpdates", "result":"Done", "context":{"dataType":"History", "deleted":"0", "process_failed_to_decrypt":"0", "process_pending_decryption":"0", "process_success":"250", "total":"250"}}
{"logTime": "0425/194850", "correlationVector":"fpRnhfpmNbIfyszI5HpMvd.3","action":"GetUpdates Response", "result":"Success", "context":Received 250 update(s). cV=fpRnhfpmNbIfyszI5HpMvd.0;server=akswtt11300000n;cloudType=Consumer;environment=Prod_westus2_prod-s01-035-nam-westus2;migrationStage=NotStarted Some updates remain.}
{"logTime": "0425/194850", "correlationVector":"ctW11DTPBoMksa00s2YTWg","action":"Initial GetUpdates", "result":"", "context":Reason: NEWLY_SUPPORTED_DATATYPE. cV=ctW11DTPBoMksa00s2YTWg}
{"logTime": "0425/194851", "correlationVector":"ctW11DTPBoMksa00s2YTWg.1","action":"SyncServerConnectionManagerRequest", "result":"SYNC_SERVER_OK", "context":{"environment":"Prod_westus2_prod-s01-035-nam-westus2", "migrationStage":"NotStarted", "server":"akswtt11300000o"}}
{"logTime": "0425/194851", "correlationVector":"ctW11DTPBoMksa00s2YTWg.2","action":"ProcessGetUpdates", "result":"Done", "context":{"dataType":"History", "deleted":"0", "process_failed_to_decrypt":"0", "process_pending_decryption":"0", "process_success":"250", "total":"250"}}
{"logTime": "0425/194851", "correlationVector":"ctW11DTPBoMksa00s2YTWg.3","action":"GetUpdates Response", "result":"Success", "context":Received 250 update(s). cV=ctW11DTPBoMksa00s2YTWg.0;server=akswtt11300000o;cloudType=Consumer;environment=Prod_westus2_prod-s01-035-nam-westus2;migrationStage=NotStarted Some updates remain.}
{"logTime": "0425/194851", "correlationVector":"hJkQ3FO/hbMXtIxX25NJJx","action":"Initial GetUpdates", "result":"", "context":Reason: NEWLY_SUPPORTED_DATATYPE. cV=hJkQ3FO/hbMXtIxX25NJJx}
{"logTime": "0425/194851", "correlationVector":"hJkQ3FO/hbMXtIxX25NJJx.1","action":"SyncServerConnectionManagerRequest", "result":"SYNC_SERVER_OK", "context":{"environment":"Prod_westus2_prod-s01-035-nam-westus2", "migrationStage":"NotStarted", "server":"akswtt11300000g"}}
{"logTime": "0425/194851", "correlationVector":"hJkQ3FO/hbMXtIxX25NJJx.2","action":"ProcessGetUpdates", "result":"Done", "context":{"dataType":"History", "deleted":"0", "process_failed_to_decrypt":"0", "process_pending_decryption":"0", "process_success":"250", "total":"250"}}
{"logTime": "0425/194851", "correlationVector":"hJkQ3FO/hbMXtIxX25NJJx.3","action":"GetUpdates Response", "result":"Success", "context":Received 250 update(s). cV=hJkQ3FO/hbMXtIxX25NJJx.0;server=akswtt11300000g;cloudType=Consumer;environment=Prod_westus2_prod-s01-035-nam-westus2;migrationStage=NotStarted Some updates remain.}
{"logTime": "0425/194851", "correlationVector":"gWeQRYFb3uTwHbM5GYiFW4","action":"Initial GetUpdates", "result":"", "context":Reason: NEWLY_SUPPORTED_DATATYPE. cV=gWeQRYFb3uTwHbM5GYiFW4}
{"logTime": "0425/194851", "correlationVector":"gWeQRYFb3uTwHbM5GYiFW4.1","action":"SyncServerConnectionManagerRequest", "result":"SYNC_SERVER_OK", "context":{"environment":"Prod_westus2_prod-s01-035-nam-westus2", "migrationStage":"NotStarted", "server":"akswtt113000001"}}
{"logTime": "0425/194851", "correlationVector":"gWeQRYFb3uTwHbM5GYiFW4.2","action":"ProcessGetUpdates", "result":"Done", "context":{"dataType":"History", "deleted":"0", "process_failed_to_decrypt":"0", "process_pending_decryption":"0", "process_success":"250", "total":"250"}}
{"logTime": "0425/194851", "correlationVector":"gWeQRYFb3uTwHbM5GYiFW4.3","action":"GetUpdates Response", "result":"Success", "context":Received 250 update(s). cV=gWeQRYFb3uTwHbM5GYiFW4.0;server=akswtt113000001;cloudType=Consumer;environment=Prod_westus2_prod-s01-035-nam-westus2;migrationStage=NotStarted Some updates remain.}
{"logTime": "0425/194851", "correlationVector":"rHeIh0HjwjHqrcAUBpZPP6","action":"Initial GetUpdates", "result":"", "context":Reason: NEWLY_SUPPORTED_DATATYPE. cV=rHeIh0HjwjHqrcAUBpZPP6}
{"logTime": "0425/194852", "correlationVector":"rHeIh0HjwjHqrcAUBpZPP6.1","action":"SyncServerConnectionManagerRequest", "result":"SYNC_SERVER_OK", "context":{"environment":"Prod_westus2_prod-s01-035-nam-westus2", "migrationStage":"NotStarted", "server":"akswtt11300000g"}}
{"logTime": "0425/194852", "correlationVector":"rHeIh0HjwjHqrcAUBpZPP6.2","action":"ProcessGetUpdates", "result":"Done", "context":{"dataType":"History", "deleted":"0", "process_failed_to_decrypt":"0", "process_pending_decryption":"0", "process_success":"250", "total":"250"}}
{"logTime": "0425/194852", "correlationVector":"rHeIh0HjwjHqrcAUBpZPP6.3","action":"GetUpdates Response", "result":"Success", "context":Received 250 update(s). cV=rHeIh0HjwjHqrcAUBpZPP6.0;server=akswtt11300000g;cloudType=Consumer;environment=Prod_westus2_prod-s01-035-nam-westus2;migrationStage=NotStarted Some updates remain.}
{"logTime": "0425/194852", "correlationVector":"7ETWoQ2xR21vfeeAkADP6w","action":"Initial GetUpdates", "result":"", "context":Reason: NEWLY_SUPPORTED_DATATYPE. cV=7ETWoQ2xR21vfeeAkADP6w}
{"logTime": "0425/194852", "correlationVector":"7ETWoQ2xR21vfeeAkADP6w.1","action":"SyncServerConnectionManagerRequest", "result":"SYNC_SERVER_OK", "context":{"environment":"Prod_westus2_prod-s01-035-nam-westus2", "migrationStage":"NotStarted", "server":"akswtt11300000n"}}
{"logTime": "0425/194852", "correlationVector":"7ETWoQ2xR21vfeeAkADP6w.2","action":"ProcessGetUpdates", "result":"Done", "context":{"dataType":"History", "deleted":"0", "process_failed_to_decrypt":"0", "process_pending_decryption":"0", "process_success":"250", "total":"250"}}
{"logTime": "0425/194852", "correlationVector":"7ETWoQ2xR21vfeeAkADP6w.3","action":"GetUpdates Response", "result":"Success", "context":Received 250 update(s). cV=7ETWoQ2xR21vfeeAkADP6w.0;server=akswtt11300000n;cloudType=Consumer;environment=Prod_westus2_prod-s01-035-nam-westus2;migrationStage=NotStarted Some updates remain.}
{"logTime": "0425/194852", "correlationVector":"2xkpdmfPifsNONKSfrkFfj","action":"Initial GetUpdates", "result":"", "context":Reason: NEWLY_SUPPORTED_DATATYPE. cV=2xkpdmfPifsNONKSfrkFfj}
{"logTime": "0425/194853", "correlationVector":"2xkpdmfPifsNONKSfrkFfj.1","action":"SyncServerConnectionManagerRequest", "result":"SYNC_SERVER_OK", "context":{"environment":"Prod_westus2_prod-s01-035-nam-westus2", "migrationStage":"NotStarted", "server":"akswtt11300000o"}}
{"logTime": "0425/194853", "correlationVector":"2xkpdmfPifsNONKSfrkFfj.2","action":"ProcessGetUpdates", "result":"Done", "context":{"dataType":"History", "deleted":"0", "process_failed_to_decrypt":"0", "process_pending_decryption":"0", "process_success":"250", "total":"250"}}
{"logTime": "0425/194853", "correlationVector":"2xkpdmfPifsNONKSfrkFfj.3","action":"GetUpdates Response", "result":"Success", "context":Received 250 update(s). cV=2xkpdmfPifsNONKSfrkFfj.0;server=akswtt11300000o;cloudType=Consumer;environment=Prod_westus2_prod-s01-035-nam-westus2;migrationStage=NotStarted Some updates remain.}
{"logTime": "0425/194853", "correlationVector":"GCSlCOjhTco42MPSOkz2q+","action":"Initial GetUpdates", "result":"", "context":Reason: NEWLY_SUPPORTED_DATATYPE. cV=GCSlCOjhTco42MPSOkz2q+}
{"logTime": "0425/194853", "correlationVector":"GCSlCOjhTco42MPSOkz2q+.1","action":"SyncServerConnectionManagerRequest", "result":"SYNC_SERVER_OK", "context":{"environment":"Prod_westus2_prod-s01-035-nam-westus2", "migrationStage":"NotStarted", "server":"akswtt11300000g"}}
{"logTime": "0425/194853", "correlationVector":"GCSlCOjhTco42MPSOkz2q+.2","action":"ProcessGetUpdates", "result":"Done", "context":{"dataType":"History", "deleted":"0", "process_failed_to_decrypt":"0", "process_pending_decryption":"0", "process_success":"250", "total":"250"}}
{"logTime": "0425/194853", "correlationVector":"GCSlCOjhTco42MPSOkz2q+.3","action":"GetUpdates Response", "result":"Success", "context":Received 250 update(s). cV=GCSlCOjhTco42MPSOkz2q+.0;server=akswtt11300000g;cloudType=Consumer;environment=Prod_westus2_prod-s01-035-nam-westus2;migrationStage=NotStarted Some updates remain.}
{"logTime": "0425/194853", "correlationVector":"/nHSg34zuaMFS6mVDdVg6U","action":"Initial GetUpdates", "result":"", "context":Reason: NEWLY_SUPPORTED_DATATYPE. cV=/nHSg34zuaMFS6mVDdVg6U}
{"logTime": "0425/194854", "correlationVector":"/nHSg34zuaMFS6mVDdVg6U.1","action":"SyncServerConnectionManagerRequest", "result":"SYNC_SERVER_OK", "context":{"environment":"Prod_westus2_prod-s01-035-nam-westus2", "migrationStage":"NotStarted", "server":"akswtt113000003"}}
{"logTime": "0425/194854", "correlationVector":"/nHSg34zuaMFS6mVDdVg6U.2","action":"ProcessGetUpdates", "result":"Done", "context":{"dataType":"History", "deleted":"0", "process_failed_to_decrypt":"0", "process_pending_decryption":"0", "process_success":"250", "total":"250"}}
{"logTime": "0425/194854", "correlationVector":"/nHSg34zuaMFS6mVDdVg6U.3","action":"GetUpdates Response", "result":"Success", "context":Received 250 update(s). cV=/nHSg34zuaMFS6mVDdVg6U.0;server=akswtt113000003;cloudType=Consumer;environment=Prod_westus2_prod-s01-035-nam-westus2;migrationStage=NotStarted Some updates remain.}
{"logTime": "0425/194854", "correlationVector":"Xtcwok93uHeeoCTv+bJEIJ","action":"Initial GetUpdates", "result":"", "context":Reason: NEWLY_SUPPORTED_DATATYPE. cV=Xtcwok93uHeeoCTv+bJEIJ}
{"logTime": "0425/194854", "correlationVector":"Xtcwok93uHeeoCTv+bJEIJ.1","action":"SyncServerConnectionManagerRequest", "result":"SYNC_SERVER_OK", "context":{"environment":"Prod_westus2_prod-s01-035-nam-westus2", "migrationStage":"NotStarted", "server":"akswtt11300000n"}}
{"logTime": "0425/194854", "correlationVector":"Xtcwok93uHeeoCTv+bJEIJ.2","action":"ProcessGetUpdates", "result":"Done", "context":{"dataType":"History", "deleted":"0", "process_failed_to_decrypt":"0", "process_pending_decryption":"0", "process_success":"250", "total":"250"}}
{"logTime": "0425/194854", "correlationVector":"Xtcwok93uHeeoCTv+bJEIJ.3","action":"GetUpdates Response", "result":"Success", "context":Received 250 update(s). cV=Xtcwok93uHeeoCTv+bJEIJ.0;server=akswtt11300000n;cloudType=Consumer;environment=Prod_westus2_prod-s01-035-nam-westus2;migrationStage=NotStarted Some updates remain.}
{"logTime": "0425/194854", "correlationVector":"/00NAiRurX2WRBcFfRySDL","action":"Initial GetUpdates", "result":"", "context":Reason: NEWLY_SUPPORTED_DATATYPE. cV=/00NAiRurX2WRBcFfRySDL}
{"logTime": "0425/194854", "correlationVector":"/00NAiRurX2WRBcFfRySDL.1","action":"SyncServerConnectionManagerRequest", "result":"SYNC_SERVER_OK", "context":{"environment":"Prod_westus2_prod-s01-035-nam-westus2", "migrationStage":"NotStarted", "server":"akswtt113000001"}}
{"logTime": "0425/194854", "correlationVector":"/00NAiRurX2WRBcFfRySDL.2","action":"ProcessGetUpdates", "result":"Done", "context":{"dataType":"History", "deleted":"0", "process_failed_to_decrypt":"0", "process_pending_decryption":"0", "process_success":"250", "total":"250"}}
{"logTime": "0425/194854", "correlationVector":"/00NAiRurX2WRBcFfRySDL.3","action":"GetUpdates Response", "result":"Success", "context":Received 250 update(s). cV=/00NAiRurX2WRBcFfRySDL.0;server=akswtt113000001;cloudType=Consumer;environment=Prod_westus2_prod-s01-035-nam-westus2;migrationStage=NotStarted Some updates remain.}
{"logTime": "0425/194854", "correlationVector":"hZ6+yRkMwhbkVzZ8IuegKN","action":"Initial GetUpdates", "result":"", "context":Reason: NEWLY_SUPPORTED_DATATYPE. cV=hZ6+yRkMwhbkVzZ8IuegKN}
{"logTime": "0425/194854", "correlationVector":"hZ6+yRkMwhbkVzZ8IuegKN.1","action":"SyncServerConnectionManagerRequest", "result":"SYNC_SERVER_OK", "context":{"environment":"Prod_westus2_prod-s01-035-nam-westus2", "migrationStage":"NotStarted", "server":"akswtt11300000o"}}
{"logTime": "0425/194854", "correlationVector":"hZ6+yRkMwhbkVzZ8IuegKN.2","action":"ProcessGetUpdates", "result":"Done", "context":{"dataType":"History", "deleted":"0", "process_failed_to_decrypt":"0", "process_pending_decryption":"0", "process_success":"42", "total":"42"}}
{"logTime": "0425/194854", "correlationVector":"hZ6+yRkMwhbkVzZ8IuegKN.3","action":"GetUpdates Response", "result":"Success", "context":Received 42 update(s). cV=hZ6+yRkMwhbkVzZ8IuegKN.0;server=akswtt11300000o;cloudType=Consumer;environment=Prod_westus2_prod-s01-035-nam-westus2;migrationStage=NotStarted}
{"logTime": "0425/194854", "correlationVector":"/tkJbZxdqpCzsa06YfjOOG","action":"Normal GetUpdate request", "result":"", "context":cV=/tkJbZxdqpCzsa06YfjOOG
Nudged types: Sessions, Device Info, User Consents, History
Refresh requested types: Bookmarks, Preferences, Passwords, Autofill Profiles, Autofill, Extensions, Sessions, Extension settings, History Delete Directives, Device Info, User Consents, Send Tab To Self, Web Apps, History, Saved Tab Group, WebAuthn Credentials, Collection, Edge E Drop, Edge Hub App Usage, Edge Wallet, Edge Workspace, Encryption Keys}
{"logTime": "0425/194855", "correlationVector":"/tkJbZxdqpCzsa06YfjOOG.1","action":"SyncServerConnectionManagerRequest", "result":"SYNC_SERVER_OK", "context":{"environment":"Prod_westus2_prod-s01-035-nam-westus2", "migrationStage":"NotStarted", "server":"akswtt113000003"}}
{"logTime": "0425/194855", "correlationVector":"/tkJbZxdqpCzsa06YfjOOG.2","action":"ProcessGetUpdates", "result":"Done", "context":{"dataType":"Passwords", "deleted":"0", "process_failed_to_decrypt":"0", "process_pending_decryption":"0", "process_success":"51", "total":"51"}}
{"logTime": "0425/194855", "correlationVector":"/tkJbZxdqpCzsa06YfjOOG.3","action":"ProcessGetUpdates", "result":"Done", "context":{"dataType":"Sessions", "deleted":"0", "process_failed_to_decrypt":"0", "process_pending_decryption":"0", "process_success":"2", "total":"2"}}
{"logTime": "0425/194855", "correlationVector":"/tkJbZxdqpCzsa06YfjOOG.4","action":"GetUpdates Response", "result":"Success", "context":Received 53 update(s). cV=/tkJbZxdqpCzsa06YfjOOG.0;server=akswtt113000003;cloudType=Consumer;environment=Prod_westus2_prod-s01-035-nam-westus2;migrationStage=NotStarted}
{"logTime": "0425/194855", "correlationVector":"iaxG+jaOXfhF6WtcATrZyv","action":"Commit Request", "result":"", "context":Item count: 6
Contributing types: Sessions, Device Info, User Consents, History}
{"logTime": "0425/194855", "correlationVector":"iaxG+jaOXfhF6WtcATrZyv.1","action":"SyncServerConnectionManagerRequest", "result":"SYNC_SERVER_OK", "context":{"environment":"Prod_westus2_prod-s01-035-nam-westus2", "migrationStage":"NotStarted", "server":"akswtt11300000o"}}
{"logTime": "0425/194855", "correlationVector":"iaxG+jaOXfhF6WtcATrZyv.2","action":"Commit Response", "result":"Success", "context":Result: Success. cV=iaxG+jaOXfhF6WtcATrZyv.0;server=akswtt11300000o;cloudType=Consumer;environment=Prod_westus2_prod-s01-035-nam-westus2;migrationStage=NotStarted}
{"logTime": "0425/194855", "correlationVector":"TNxPzsZtr0EsfT9K3P72C2","action":"Normal GetUpdate request", "result":"", "context":cV=TNxPzsZtr0EsfT9K3P72C2
Nudged types: Sessions, Device Info, History
Notified types: Device Info, History}
{"logTime": "0425/194856", "correlationVector":"TNxPzsZtr0EsfT9K3P72C2.1","action":"SyncServerConnectionManagerRequest", "result":"SYNC_SERVER_OK", "context":{"environment":"Prod_westus2_prod-s01-035-nam-westus2", "migrationStage":"NotStarted", "server":"akswtt11300000r"}}
{"logTime": "0425/194856", "correlationVector":"TNxPzsZtr0EsfT9K3P72C2.2","action":"ProcessGetUpdates", "result":"Done", "context":{"dataType":"Sessions", "deleted":"0", "process_failed_to_decrypt":"0", "process_pending_decryption":"0", "process_success":"6", "total":"6"}}
{"logTime": "0425/194856", "correlationVector":"TNxPzsZtr0EsfT9K3P72C2.3","action":"ProcessGetUpdates", "result":"Done", "context":{"dataType":"Device Info", "deleted":"0", "process_failed_to_decrypt":"0", "process_pending_decryption":"0", "process_success":"2", "total":"2"}}
{"logTime": "0425/194856", "correlationVector":"TNxPzsZtr0EsfT9K3P72C2.4","action":"ProcessGetUpdates", "result":"Done", "context":{"dataType":"History", "deleted":"0", "process_failed_to_decrypt":"0", "process_pending_decryption":"0", "process_success":"2", "total":"2"}}
{"logTime": "0425/194856", "correlationVector":"TNxPzsZtr0EsfT9K3P72C2.5","action":"GetUpdates Response", "result":"Success", "context":Received 10 update(s). cV=TNxPzsZtr0EsfT9K3P72C2.0;server=akswtt11300000r;cloudType=Consumer;environment=Prod_westus2_prod-s01-035-nam-westus2;migrationStage=NotStarted}
{"logTime": "0425/194856", "correlationVector":"zm9a7Ejsby7VSKB2LoZZjq","action":"DoCompareDataConsistency requsted types: ", "result":"Bookmarks, Preferences, Passwords, Extensions, Extension settings, History Delete Directives, Send Tab To Self, Web Apps, History, Saved Tab Group, WebAuthn Credentials, Collection, Edge E Drop, Edge Wallet, Edge Workspace, Encryption Keys"}
{"logTime": "0425/194856", "correlationVector":"zm9a7Ejsby7VSKB2LoZZjq.0","action":"CompareDataConsistency result: ", "result":"Compare result: Encryption Keys is consistent. local entities count is: 1 local entities hash is: mnXhMM6uWcTDhSXh+l/E9Dko8pQ="}
{"logTime": "0425/194856", "correlationVector":"zm9a7Ejsby7VSKB2LoZZjq.1","action":"CompareDataConsistency result: ", "result":"Compare result: Bookmarks is consistent. local entities count is: 10 local entities hash is: dRIJ8LTqVVfWU0uUl/z6w63RNiE="}
{"logTime": "0425/194856", "correlationVector":"zm9a7Ejsby7VSKB2LoZZjq.2","action":"CompareDataConsistency result: ", "result":"Compare result: Preferences is consistent. local entities count is: 89 local entities hash is: bZ+mUtNKYg6qEOWYuKzN6yBhk48="}
{"logTime": "0425/194856", "correlationVector":"zm9a7Ejsby7VSKB2LoZZjq.3","action":"CompareDataConsistency result: ", "result":"Compare result: Extensions is consistent. local entities count is: 2 local entities hash is: lJF09PksAwK+l2NzLIAVbQptmSg="}
{"logTime": "0425/194856", "correlationVector":"zm9a7Ejsby7VSKB2LoZZjq.4","action":"CompareDataConsistency result: ", "result":"Compare result: Extension settings is consistent. local entities count is: 0 local entities hash is: "}
{"logTime": "0425/194856", "correlationVector":"zm9a7Ejsby7VSKB2LoZZjq.5","action":"CompareDataConsistency result: ", "result":"Compare result: History Delete Directives is consistent. local entities count is: 0 local entities hash is: "}
{"logTime": "0425/194856", "correlationVector":"zm9a7Ejsby7VSKB2LoZZjq.6","action":"CompareDataConsistency result: ", "result":"Server did not send this Send Tab To Self local entities count is: 0 local entities hash is: "}
{"logTime": "0425/194856", "correlationVector":"zm9a7Ejsby7VSKB2LoZZjq.7","action":"CompareDataConsistency result: ", "result":"Compare result: Web Apps is consistent. local entities count is: 0 local entities hash is: "}
{"logTime": "0425/194856", "correlationVector":"zm9a7Ejsby7VSKB2LoZZjq.8","action":"CompareDataConsistency result: ", "result":"Server did not send this History local entities count is: 0 local entities hash is: "}
{"logTime": "0425/194856", "correlationVector":"zm9a7Ejsby7VSKB2LoZZjq.9","action":"CompareDataConsistency result: ", "result":"Compare result: Saved Tab Group is consistent. local entities count is: 4 local entities hash is: +GFk7KIWm5+J1ieLQgUiX21jXXI="}
{"logTime": "0425/194856", "correlationVector":"zm9a7Ejsby7VSKB2LoZZjq.10","action":"CompareDataConsistency result: ", "result":"Server did not send this WebAuthn Credentials local entities count is: 0 local entities hash is: "}
{"logTime": "0425/194856", "correlationVector":"zm9a7Ejsby7VSKB2LoZZjq.11","action":"CompareDataConsistency result: ", "result":"Compare result: Collection is consistent. local entities count is: 0 local entities hash is: "}
{"logTime": "0425/194856", "correlationVector":"zm9a7Ejsby7VSKB2LoZZjq.12","action":"CompareDataConsistency result: ", "result":"Compare result: Edge E Drop is consistent. local entities count is: 0 local entities hash is: "}
{"logTime": "0425/194856", "correlationVector":"zm9a7Ejsby7VSKB2LoZZjq.13","action":"CompareDataConsistency result: ", "result":"Compare result: Edge Wallet is consistent. local entities count is: 0 local entities hash is: "}
{"logTime": "0425/194856", "correlationVector":"zm9a7Ejsby7VSKB2LoZZjq.14","action":"CompareDataConsistency result: ", "result":"Server did not send this Edge Workspace local entities count is: 0 local entities hash is: "}
{"logTime": "0425/194856", "correlationVector":"zm9a7Ejsby7VSKB2LoZZjq.15","action":"CompareDataConsistency result: ", "result":"Compare result: Passwords is consistent. local entities count is: 52 local entities hash is: spxTvXddBrcWKwpolH7HAWoxIJQ="}
{"logTime": "0425/194856", "correlationVector":"","action":"DIAGNOSTIC_REQUEST|v1/diagnosticData/Diagnostic.SendCheckResult()|SUCCESS", "result":""}
{"logTime": "0425/194904", "correlationVector":"SXVfYCXb3IQqGuWisPbwwE","action":"Normal GetUpdate request", "result":"", "context":cV=SXVfYCXb3IQqGuWisPbwwE
Nudged types: Sessions, History
Notified types: Preferences, Device Info}
{"logTime": "0425/194904", "correlationVector":"SXVfYCXb3IQqGuWisPbwwE.1","action":"SyncServerConnectionManagerRequest", "result":"SYNC_SERVER_OK", "context":{"environment":"Prod_westus2_prod-s01-035-nam-westus2", "migrationStage":"NotStarted", "server":"akswtt11300000b"}}
{"logTime": "0425/194904", "correlationVector":"SXVfYCXb3IQqGuWisPbwwE.2","action":"ProcessGetUpdates", "result":"Done", "context":{"dataType":"Preferences", "deleted":"0", "process_failed_to_decrypt":"0", "process_pending_decryption":"0", "process_success":"1", "total":"1"}}
{"logTime": "0425/194904", "correlationVector":"SXVfYCXb3IQqGuWisPbwwE.3","action":"ProcessGetUpdates", "result":"Done", "context":{"dataType":"Device Info", "deleted":"0", "process_failed_to_decrypt":"0", "process_pending_decryption":"0", "process_success":"1", "total":"1"}}
{"logTime": "0425/194904", "correlationVector":"SXVfYCXb3IQqGuWisPbwwE.4","action":"GetUpdates Response", "result":"Success", "context":Received 2 update(s). cV=SXVfYCXb3IQqGuWisPbwwE.0;server=akswtt11300000b;cloudType=Consumer;environment=Prod_westus2_prod-s01-035-nam-westus2;migrationStage=NotStarted}
{"logTime": "0425/194904", "correlationVector":"T8MqBkBr2MS8LpLsOmK9OS","action":"Commit Request", "result":"", "context":Item count: 3
Contributing types: Sessions, History}
{"logTime": "0425/194904", "correlationVector":"T8MqBkBr2MS8LpLsOmK9OS.1","action":"SyncServerConnectionManagerRequest", "result":"SYNC_SERVER_OK", "context":{"environment":"Prod_westus2_prod-s01-035-nam-westus2", "migrationStage":"NotStarted", "server":"akswtt113000001"}}
{"logTime": "0425/194904", "correlationVector":"T8MqBkBr2MS8LpLsOmK9OS.2","action":"Commit Response", "result":"Success", "context":Result: Success. cV=T8MqBkBr2MS8LpLsOmK9OS.0;server=akswtt113000001;cloudType=Consumer;environment=Prod_westus2_prod-s01-035-nam-westus2;migrationStage=NotStarted}
{"logTime": "0425/194905", "correlationVector":"t/hj1pmZxxhR3Rm9IYBjV+","action":"Normal GetUpdate request", "result":"", "context":cV=t/hj1pmZxxhR3Rm9IYBjV+
Nudged types: Sessions, History
Notified types: History}
{"logTime": "0425/194905", "correlationVector":"t/hj1pmZxxhR3Rm9IYBjV+.1","action":"SyncServerConnectionManagerRequest", "result":"SYNC_SERVER_OK", "context":{"environment":"Prod_westus2_prod-s01-035-nam-westus2", "migrationStage":"NotStarted", "server":"akswtt11300000o"}}
{"logTime": "0425/194905", "correlationVector":"t/hj1pmZxxhR3Rm9IYBjV+.2","action":"ProcessGetUpdates", "result":"Done", "context":{"dataType":"Preferences", "deleted":"0", "process_failed_to_decrypt":"0", "process_pending_decryption":"0", "process_success":"1", "total":"1"}}
{"logTime": "0425/194905", "correlationVector":"t/hj1pmZxxhR3Rm9IYBjV+.3","action":"ProcessGetUpdates", "result":"Done", "context":{"dataType":"Sessions", "deleted":"0", "process_failed_to_decrypt":"0", "process_pending_decryption":"0", "process_success":"2", "total":"2"}}
{"logTime": "0425/194905", "correlationVector":"t/hj1pmZxxhR3Rm9IYBjV+.4","action":"ProcessGetUpdates", "result":"Done", "context":{"dataType":"History", "deleted":"0", "process_failed_to_decrypt":"0", "process_pending_decryption":"0", "process_success":"4", "total":"4"}}
{"logTime": "0425/194905", "correlationVector":"t/hj1pmZxxhR3Rm9IYBjV+.5","action":"GetUpdates Response", "result":"Success", "context":Received 7 update(s). cV=t/hj1pmZxxhR3Rm9IYBjV+.0;server=akswtt11300000o;cloudType=Consumer;environment=Prod_westus2_prod-s01-035-nam-westus2;migrationStage=NotStarted}
{"logTime": "0425/194906", "correlationVector":"8w4o7O9Fj4o3jCp9znR7cE","action":"Normal GetUpdate request", "result":"", "context":cV=8w4o7O9Fj4o3jCp9znR7cE
Notified types: Preferences}
{"logTime": "0425/194906", "correlationVector":"8w4o7O9Fj4o3jCp9znR7cE.1","action":"SyncServerConnectionManagerRequest", "result":"SYNC_SERVER_OK", "context":{"environment":"Prod_westus2_prod-s01-035-nam-westus2", "migrationStage":"NotStarted", "server":"akswtt11300000o"}}
{"logTime": "0425/194906", "correlationVector":"8w4o7O9Fj4o3jCp9znR7cE.2","action":"GetUpdates Response", "result":"Success", "context":Received 0 update(s). cV=8w4o7O9Fj4o3jCp9znR7cE.0;server=akswtt11300000o;cloudType=Consumer;environment=Prod_westus2_prod-s01-035-nam-westus2;migrationStage=NotStarted}
