2026-04-26 13:28:18.603: [INFO] VisibilityChanged: 0
2026-04-26 13:28:18.616: [INFO] RecordSyncInitDuration has_sync_been_enabled: 0 state: 0
2026-04-26 13:28:18.616: [INFO] RecordSyncInitDuration has_sync_been_enabled: 0 state: 0
2026-04-26 13:28:18.617: [INFO] RecordSyncInitDuration has_sync_been_enabled: 0 state: 0
2026-04-26 13:28:18.617: [INFO] RecordSyncInitDuration has_sync_been_enabled: 0 state: 0
2026-04-26 13:28:18.618: [INFO] RecordSyncInitDuration has_sync_been_enabled: 0 state: 0
2026-04-26 13:28:18.619: [INFO] RecordSyncInitDuration has_sync_been_enabled: 0 state: 0
2026-04-26 13:28:18.619: [INFO] RecordSyncInitDuration has_sync_been_enabled: 0 state: 0
2026-04-26 13:28:18.620: [INFO] RecordSyncInitDuration has_sync_been_enabled: 0 state: 0
2026-04-26 13:28:18.620: [INFO] RecordSyncInitDuration has_sync_been_enabled: 0 state: 0
2026-04-26 13:28:18.621: [INFO] RecordSyncInitDuration has_sync_been_enabled: 0 state: 0
2026-04-26 13:28:18.622: [INFO] RecordSyncInitDuration has_sync_been_enabled: 0 state: 0
2026-04-26 13:28:18.622: [INFO] RecordSyncInitDuration has_sync_been_enabled: 0 state: 0
2026-04-26 13:28:18.633: [INFO] BookmarkModelLoaded, ids_reassigned: 0
2026-04-26 13:28:18.633: [INFO] OnDoneLoading sync enabled: 0
2026-04-26 13:28:18.672: [INFO] RecordSyncInitDuration has_sync_been_enabled: 0 state: 0
2026-04-26 13:28:18.883: [INFO] RecordSyncInitDuration has_sync_been_enabled: 0 state: 0
2026-04-26 13:28:18.885: [INFO] RecordSyncInitDuration has_sync_been_enabled: 0 state: 3
2026-04-26 13:28:18.886: [INFO] Primary account changed.
2026-04-26 13:28:18.886: [INFO] OnPrimaryAccountChanged PrimaryAccountChangeEvent::Type::kSet
2026-04-26 13:28:18.888: [INFO] RecordSyncInitDuration has_sync_been_enabled: 0 state: 3
2026-04-26 13:28:18.902: [INFO] RecordSyncInitDuration has_sync_been_enabled: 0 state: 3
2026-04-26 13:28:19.754: [INFO] BookmarkNodeAdded, ABU: 0
2026-04-26 13:28:19.754: [INFO] BookmarkNodeAdded, ABU: 0
2026-04-26 13:28:19.755: [INFO] BookmarkNodeAdded, ABU: 0
2026-04-26 13:28:19.755: [INFO] BookmarkNodeAdded, ABU: 0
2026-04-26 13:28:19.756: [INFO] BookmarkNodeAdded, ABU: 0
2026-04-26 13:28:19.756: [INFO] BookmarkNodeAdded, ABU: 0
2026-04-26 13:28:19.757: [INFO] BookmarkNodeAdded, ABU: 0
2026-04-26 13:28:19.757: [INFO] BookmarkNodeAdded, ABU: 0
2026-04-26 13:28:19.758: [INFO] BookmarkNodeAdded, ABU: 0
2026-04-26 13:28:19.758: [INFO] BookmarkNodeAdded, ABU: 0
