{"logTime": "0426/160059", "correlationVector":"pMlbkAENoFgIlBXOJdsDd0.1","action":"SyncServerConnectionManagerRequest", "result":"SYNC_SERVER_OK", "context":{"environment":"Prod_westus2_prod-s01-035-nam-westus2", "migrationStage":"NotStarted", "server":"akswtt11300000s"}}
{"logTime": "0426/160059", "correlationVector":"pMlbkAENoFgIlBXOJdsDd0.2","action":"ProcessGetUpdates", "result":"Done", "context":{"dataType":"Encryption Keys", "deleted":"0", "process_failed_to_decrypt":"0", "process_pending_decryption":"0", "process_success":"1", "total":"1"}}
{"logTime": "0426/160059", "correlationVector":"pP+EamSfhon/xrhSGBDGk+","action":"SyncServerConnectionManagerRequest", "result":"SYNC_SERVER_OK", "context":{"environment":"", "migrationStage":"", "server":""}}
{"logTime": "0426/160059", "correlationVector":"pP+EamSfhon/xrhSGBDGk+.0","action":"EncryptionKeysFetcher.DownloadKeys:", "result":"Success", "context":Key count: 5, Last key timestamp: 2026-04-18T03:48:13Z}
{"logTime": "0426/160059", "correlationVector":"pP+EamSfhon/xrhSGBDGk+.1","action":"EncryptionKeysManager::SetEncryptionKeys:", "result":"Success", "context":Key names[5]:[lBLlivP0tL7DaZCLOxY0Ms4GCmsztTwaiZZnWuhIrvxf62WQbQQOrEOZFqDAc6XX8sNCG3UdMSQXoQPb7570QQ==][lVznK7+X4kMFXxOXBoPhpSbjH3WghWADowbo4a72vMU6iWo8i79nPTR5N+6F83VtFpBywxdhc0xV21a2Jm/A6g==][Rkjhz4tCaGQHbFM9iina6dfubiNJH3/8Nb0P3dtJ1SeLsFRspz/UbUDes0Q9ENkkHUncnfUvSXI6M+uJbc+N9w==][qNbI0n6v/hh0ojvUbrBt2zg5a/wjTFo4ReIKDxAcek9QLy5Lb4ncifiaiqLrQxn4dHE7159KCWd7txz5PXG7pA==][EQnJNat9nLGhQ3sWluAQbvJNaL11ABTMNp2x6WBZFViiXC6pyhYenoSQCzCxCCt+LnXbXP/vleqfYDQYpxNb5A==]}
{"logTime": "0426/160059", "correlationVector":"pP+EamSfhon/xrhSGBDGk+.2","action":"EncryptionKeysManager::SetEncryptionKeysWithTimestamps:", "result":"Success", "context":Key timestamps[5]:[2024-04-18T22:10:58Z][2024-10-16T20:23:03Z][2025-04-14T23:12:43Z][2025-10-14T00:38:14Z][2026-04-18T03:48:13Z]}
{"logTime": "0426/160059", "correlationVector":"pMlbkAENoFgIlBXOJdsDd0","action":"Initial GetUpdates", "result":"", "context":Reason: NEW_CLIENT. cV=pMlbkAENoFgIlBXOJdsDd0}
{"logTime": "0426/160059", "correlationVector":"pMlbkAENoFgIlBXOJdsDd0.3","action":"GetUpdates Response", "result":"Success", "context":Received 1 update(s). cV=pMlbkAENoFgIlBXOJdsDd0.0;server=akswtt11300000s;cloudType=Consumer;environment=Prod_westus2_prod-s01-035-nam-westus2;migrationStage=NotStarted}
{"logTime": "0426/160059", "correlationVector":"o0Lp6f+QM1VwxShzdZuHtE","action":"Initial GetUpdates", "result":"", "context":Reason: NEWLY_SUPPORTED_DATATYPE. cV=o0Lp6f+QM1VwxShzdZuHtE}
{"logTime": "0426/160059", "correlationVector":"o0Lp6f+QM1VwxShzdZuHtE.1","action":"SyncServerConnectionManagerRequest", "result":"SYNC_SERVER_OK", "context":{"environment":"Prod_westus2_prod-s01-035-nam-westus2", "migrationStage":"NotStarted", "server":"akswtt11300000s"}}
{"logTime": "0426/160059", "correlationVector":"o0Lp6f+QM1VwxShzdZuHtE.2","action":"ProcessGetUpdates", "result":"Done", "context":{"dataType":"Preferences", "deleted":"0", "process_failed_to_decrypt":"0", "process_pending_decryption":"0", "process_success":"89", "total":"89"}}
{"logTime": "0426/160059", "correlationVector":"o0Lp6f+QM1VwxShzdZuHtE.3","action":"ProcessGetUpdates", "result":"Done", "context":{"dataType":"Passwords", "deleted":"0", "process_failed_to_decrypt":"0", "process_pending_decryption":"0", "process_success":"52", "total":"52"}}
{"logTime": "0426/160059", "correlationVector":"o0Lp6f+QM1VwxShzdZuHtE.4","action":"ProcessGetUpdates", "result":"Done", "context":{"dataType":"Device Info", "deleted":"0", "process_failed_to_decrypt":"0", "process_pending_decryption":"0", "process_success":"21", "total":"21"}}
{"logTime": "0426/160059", "correlationVector":"o0Lp6f+QM1VwxShzdZuHtE.5","action":"GetUpdates Response", "result":"Success", "context":Received 162 update(s). cV=o0Lp6f+QM1VwxShzdZuHtE.0;server=akswtt11300000s;cloudType=Consumer;environment=Prod_westus2_prod-s01-035-nam-westus2;migrationStage=NotStarted}
{"logTime": "0426/160059", "correlationVector":"PcJ4ahOeXo6c7qaCTtj7J9","action":"Initial GetUpdates", "result":"", "context":Reason: NEWLY_SUPPORTED_DATATYPE. cV=PcJ4ahOeXo6c7qaCTtj7J9}
{"logTime": "0426/160059", "correlationVector":"PcJ4ahOeXo6c7qaCTtj7J9.1","action":"SyncServerConnectionManagerRequest", "result":"SYNC_SERVER_OK", "context":{"environment":"Prod_westus2_prod-s01-035-nam-westus2", "migrationStage":"NotStarted", "server":"akswtt113000006"}}
{"logTime": "0426/160059", "correlationVector":"PcJ4ahOeXo6c7qaCTtj7J9.2","action":"ProcessGetUpdates", "result":"Done", "context":{"dataType":"Bookmarks", "deleted":"1", "process_failed_to_decrypt":"0", "process_pending_decryption":"0", "process_success":"17", "total":"17"}}
{"logTime": "0426/160059", "correlationVector":"PcJ4ahOeXo6c7qaCTtj7J9.3","action":"GetUpdates Response", "result":"Success", "context":Received 17 update(s). cV=PcJ4ahOeXo6c7qaCTtj7J9.0;server=akswtt113000006;cloudType=Consumer;environment=Prod_westus2_prod-s01-035-nam-westus2;migrationStage=NotStarted}
{"logTime": "0426/160059", "correlationVector":"Hy87C1TB7H8tCfqGksnikP","action":"Initial GetUpdates", "result":"", "context":Reason: NEWLY_SUPPORTED_DATATYPE. cV=Hy87C1TB7H8tCfqGksnikP}
{"logTime": "0426/160100", "correlationVector":"Hy87C1TB7H8tCfqGksnikP.1","action":"SyncServerConnectionManagerRequest", "result":"SYNC_SERVER_OK", "context":{"environment":"Prod_westus2_prod-s01-035-nam-westus2", "migrationStage":"NotStarted", "server":"akswtt11300000s"}}
{"logTime": "0426/160100", "correlationVector":"Hy87C1TB7H8tCfqGksnikP.2","action":"ProcessGetUpdates", "result":"Done", "context":{"dataType":"Autofill", "deleted":"0", "process_failed_to_decrypt":"0", "process_pending_decryption":"0", "process_success":"236", "total":"236"}}
{"logTime": "0426/160100", "correlationVector":"Hy87C1TB7H8tCfqGksnikP.3","action":"ProcessGetUpdates", "result":"Done", "context":{"dataType":"Sessions", "deleted":"14", "process_failed_to_decrypt":"0", "process_pending_decryption":"0", "process_success":"14", "total":"14"}}
{"logTime": "0426/160100", "correlationVector":"Hy87C1TB7H8tCfqGksnikP.4","action":"GetUpdates Response", "result":"Success", "context":Received 250 update(s). cV=Hy87C1TB7H8tCfqGksnikP.0;server=akswtt11300000s;cloudType=Consumer;environment=Prod_westus2_prod-s01-035-nam-westus2;migrationStage=NotStarted Some updates remain.}
{"logTime": "0426/160100", "correlationVector":"KRenWStRjZCBysu7cWSdFE","action":"Initial GetUpdates", "result":"", "context":Reason: NEWLY_SUPPORTED_DATATYPE. cV=KRenWStRjZCBysu7cWSdFE}
{"logTime": "0426/160100", "correlationVector":"KRenWStRjZCBysu7cWSdFE.1","action":"SyncServerConnectionManagerRequest", "result":"SYNC_SERVER_OK", "context":{"environment":"Prod_westus2_prod-s01-035-nam-westus2", "migrationStage":"NotStarted", "server":"akswtt11300000u"}}
{"logTime": "0426/160100", "correlationVector":"KRenWStRjZCBysu7cWSdFE.2","action":"ProcessGetUpdates", "result":"Done", "context":{"dataType":"Sessions", "deleted":"248", "process_failed_to_decrypt":"0", "process_pending_decryption":"0", "process_success":"248", "total":"248"}}
{"logTime": "0426/160100", "correlationVector":"KRenWStRjZCBysu7cWSdFE.3","action":"ProcessGetUpdates", "result":"Done", "context":{"dataType":"Edge Hub App Usage", "deleted":"1", "process_failed_to_decrypt":"0", "process_pending_decryption":"0", "process_success":"2", "total":"2"}}
{"logTime": "0426/160100", "correlationVector":"KRenWStRjZCBysu7cWSdFE.4","action":"GetUpdates Response", "result":"Success", "context":Received 250 update(s). cV=KRenWStRjZCBysu7cWSdFE.0;server=akswtt11300000u;cloudType=Consumer;environment=Prod_westus2_prod-s01-035-nam-westus2;migrationStage=NotStarted Some updates remain.}
{"logTime": "0426/160100", "correlationVector":"Rv9Uww6JfTJJ1PmjCPYPUh","action":"Initial GetUpdates", "result":"", "context":Reason: NEWLY_SUPPORTED_DATATYPE. cV=Rv9Uww6JfTJJ1PmjCPYPUh}
{"logTime": "0426/160100", "correlationVector":"Rv9Uww6JfTJJ1PmjCPYPUh.1","action":"SyncServerConnectionManagerRequest", "result":"SYNC_SERVER_OK", "context":{"environment":"Prod_westus2_prod-s01-035-nam-westus2", "migrationStage":"NotStarted", "server":"akswtt11300000o"}}
{"logTime": "0426/160100", "correlationVector":"Rv9Uww6JfTJJ1PmjCPYPUh.2","action":"ProcessGetUpdates", "result":"Done", "context":{"dataType":"Sessions", "deleted":"243", "process_failed_to_decrypt":"0", "process_pending_decryption":"0", "process_success":"243", "total":"243"}}
{"logTime": "0426/160100", "correlationVector":"Rv9Uww6JfTJJ1PmjCPYPUh.3","action":"ProcessGetUpdates", "result":"Done", "context":{"dataType":"Saved Tab Group", "deleted":"0", "process_failed_to_decrypt":"0", "process_pending_decryption":"0", "process_success":"4", "total":"4"}}
{"logTime": "0426/160100", "correlationVector":"Rv9Uww6JfTJJ1PmjCPYPUh.4","action":"ProcessGetUpdates", "result":"Done", "context":{"dataType":"Edge Hub App Usage", "deleted":"3", "process_failed_to_decrypt":"0", "process_pending_decryption":"0", "process_success":"3", "total":"3"}}
{"logTime": "0426/160100", "correlationVector":"Rv9Uww6JfTJJ1PmjCPYPUh.5","action":"GetUpdates Response", "result":"Success", "context":Received 250 update(s). cV=Rv9Uww6JfTJJ1PmjCPYPUh.0;server=akswtt11300000o;cloudType=Consumer;environment=Prod_westus2_prod-s01-035-nam-westus2;migrationStage=NotStarted Some updates remain.}
{"logTime": "0426/160100", "correlationVector":"JOnS4BPaJvbAkV2msR9dXC","action":"Initial GetUpdates", "result":"", "context":Reason: NEWLY_SUPPORTED_DATATYPE. cV=JOnS4BPaJvbAkV2msR9dXC}
{"logTime": "0426/160101", "correlationVector":"JOnS4BPaJvbAkV2msR9dXC.1","action":"SyncServerConnectionManagerRequest", "result":"SYNC_SERVER_OK", "context":{"environment":"Prod_westus2_prod-s01-035-nam-westus2", "migrationStage":"NotStarted", "server":"akswtt11300000u"}}
{"logTime": "0426/160101", "correlationVector":"JOnS4BPaJvbAkV2msR9dXC.2","action":"ProcessGetUpdates", "result":"Done", "context":{"dataType":"Extensions", "deleted":"0", "process_failed_to_decrypt":"0", "process_pending_decryption":"0", "process_success":"1", "total":"1"}}
{"logTime": "0426/160101", "correlationVector":"JOnS4BPaJvbAkV2msR9dXC.3","action":"ProcessGetUpdates", "result":"Done", "context":{"dataType":"Sessions", "deleted":"248", "process_failed_to_decrypt":"0", "process_pending_decryption":"0", "process_success":"248", "total":"248"}}
{"logTime": "0426/160101", "correlationVector":"JOnS4BPaJvbAkV2msR9dXC.4","action":"ProcessGetUpdates", "result":"Done", "context":{"dataType":"Edge Hub App Usage", "deleted":"1", "process_failed_to_decrypt":"0", "process_pending_decryption":"0", "process_success":"1", "total":"1"}}
{"logTime": "0426/160101", "correlationVector":"JOnS4BPaJvbAkV2msR9dXC.5","action":"GetUpdates Response", "result":"Success", "context":Received 250 update(s). cV=JOnS4BPaJvbAkV2msR9dXC.0;server=akswtt11300000u;cloudType=Consumer;environment=Prod_westus2_prod-s01-035-nam-westus2;migrationStage=NotStarted Some updates remain.}
{"logTime": "0426/160101", "correlationVector":"QfaUbnZhvOYLUsS1J0D5W6","action":"Initial GetUpdates", "result":"", "context":Reason: NEWLY_SUPPORTED_DATATYPE. cV=QfaUbnZhvOYLUsS1J0D5W6}
{"logTime": "0426/160101", "correlationVector":"QfaUbnZhvOYLUsS1J0D5W6.1","action":"SyncServerConnectionManagerRequest", "result":"SYNC_SERVER_OK", "context":{"environment":"Prod_westus2_prod-s01-035-nam-westus2", "migrationStage":"NotStarted", "server":"akswtt113000007"}}
{"logTime": "0426/160101", "correlationVector":"QfaUbnZhvOYLUsS1J0D5W6.2","action":"ProcessGetUpdates", "result":"Done", "context":{"dataType":"Sessions", "deleted":"248", "process_failed_to_decrypt":"0", "process_pending_decryption":"0", "process_success":"248", "total":"248"}}
{"logTime": "0426/160101", "correlationVector":"QfaUbnZhvOYLUsS1J0D5W6.3","action":"ProcessGetUpdates", "result":"Done", "context":{"dataType":"Edge Hub App Usage", "deleted":"1", "process_failed_to_decrypt":"0", "process_pending_decryption":"0", "process_success":"2", "total":"2"}}
{"logTime": "0426/160101", "correlationVector":"QfaUbnZhvOYLUsS1J0D5W6.4","action":"GetUpdates Response", "result":"Success", "context":Received 250 update(s). cV=QfaUbnZhvOYLUsS1J0D5W6.0;server=akswtt113000007;cloudType=Consumer;environment=Prod_westus2_prod-s01-035-nam-westus2;migrationStage=NotStarted Some updates remain.}
{"logTime": "0426/160101", "correlationVector":"/g1N1/jyPE2GCCq0AOMfGY","action":"Initial GetUpdates", "result":"", "context":Reason: NEWLY_SUPPORTED_DATATYPE. cV=/g1N1/jyPE2GCCq0AOMfGY}
{"logTime": "0426/160101", "correlationVector":"/g1N1/jyPE2GCCq0AOMfGY.1","action":"SyncServerConnectionManagerRequest", "result":"SYNC_SERVER_OK", "context":{"environment":"Prod_westus2_prod-s01-035-nam-westus2", "migrationStage":"NotStarted", "server":"akswtt11300000i"}}
{"logTime": "0426/160101", "correlationVector":"/g1N1/jyPE2GCCq0AOMfGY.2","action":"ProcessGetUpdates", "result":"Done", "context":{"dataType":"Autofill Profiles", "deleted":"0", "process_failed_to_decrypt":"0", "process_pending_decryption":"0", "process_success":"10", "total":"10"}}
{"logTime": "0426/160101", "correlationVector":"/g1N1/jyPE2GCCq0AOMfGY.3","action":"ProcessGetUpdates", "result":"Done", "context":{"dataType":"Autofill", "deleted":"0", "process_failed_to_decrypt":"0", "process_pending_decryption":"0", "process_success":"231", "total":"231"}}
{"logTime": "0426/160101", "correlationVector":"/g1N1/jyPE2GCCq0AOMfGY.4","action":"ProcessGetUpdates", "result":"Done", "context":{"dataType":"Sessions", "deleted":"9", "process_failed_to_decrypt":"0", "process_pending_decryption":"0", "process_success":"9", "total":"9"}}
{"logTime": "0426/160101", "correlationVector":"/g1N1/jyPE2GCCq0AOMfGY.5","action":"GetUpdates Response", "result":"Success", "context":Received 250 update(s). cV=/g1N1/jyPE2GCCq0AOMfGY.0;server=akswtt11300000i;cloudType=Consumer;environment=Prod_westus2_prod-s01-035-nam-westus2;migrationStage=NotStarted Some updates remain.}
{"logTime": "0426/160101", "correlationVector":"4vhoMXV1AEUwI48UUJUGfs","action":"Initial GetUpdates", "result":"", "context":Reason: NEWLY_SUPPORTED_DATATYPE. cV=4vhoMXV1AEUwI48UUJUGfs}
{"logTime": "0426/160102", "correlationVector":"4vhoMXV1AEUwI48UUJUGfs.1","action":"SyncServerConnectionManagerRequest", "result":"SYNC_SERVER_OK", "context":{"environment":"Prod_westus2_prod-s01-035-nam-westus2", "migrationStage":"NotStarted", "server":"akswtt113000000"}}
{"logTime": "0426/160102", "correlationVector":"4vhoMXV1AEUwI48UUJUGfs.2","action":"ProcessGetUpdates", "result":"Done", "context":{"dataType":"Autofill Profiles", "deleted":"0", "process_failed_to_decrypt":"0", "process_pending_decryption":"0", "process_success":"1", "total":"1"}}
{"logTime": "0426/160102", "correlationVector":"4vhoMXV1AEUwI48UUJUGfs.3","action":"ProcessGetUpdates", "result":"Done", "context":{"dataType":"Autofill", "deleted":"0", "process_failed_to_decrypt":"0", "process_pending_decryption":"0", "process_success":"234", "total":"234"}}
{"logTime": "0426/160102", "correlationVector":"4vhoMXV1AEUwI48UUJUGfs.4","action":"ProcessGetUpdates", "result":"Done", "context":{"dataType":"Sessions", "deleted":"15", "process_failed_to_decrypt":"0", "process_pending_decryption":"0", "process_success":"15", "total":"15"}}
{"logTime": "0426/160102", "correlationVector":"4vhoMXV1AEUwI48UUJUGfs.5","action":"GetUpdates Response", "result":"Success", "context":Received 250 update(s). cV=4vhoMXV1AEUwI48UUJUGfs.0;server=akswtt113000000;cloudType=Consumer;environment=Prod_westus2_prod-s01-035-nam-westus2;migrationStage=NotStarted Some updates remain.}
{"logTime": "0426/160102", "correlationVector":"dGqCwx8xAgol3Iw83LMmj3","action":"Initial GetUpdates", "result":"", "context":Reason: NEWLY_SUPPORTED_DATATYPE. cV=dGqCwx8xAgol3Iw83LMmj3}
{"logTime": "0426/160102", "correlationVector":"dGqCwx8xAgol3Iw83LMmj3.1","action":"SyncServerConnectionManagerRequest", "result":"SYNC_SERVER_OK", "context":{"environment":"Prod_westus2_prod-s01-035-nam-westus2", "migrationStage":"NotStarted", "server":"akswtt11300000g"}}
{"logTime": "0426/160102", "correlationVector":"dGqCwx8xAgol3Iw83LMmj3.2","action":"ProcessGetUpdates", "result":"Done", "context":{"dataType":"Autofill Profiles", "deleted":"0", "process_failed_to_decrypt":"0", "process_pending_decryption":"0", "process_success":"2", "total":"2"}}
{"logTime": "0426/160102", "correlationVector":"dGqCwx8xAgol3Iw83LMmj3.3","action":"ProcessGetUpdates", "result":"Done", "context":{"dataType":"Autofill", "deleted":"0", "process_failed_to_decrypt":"0", "process_pending_decryption":"0", "process_success":"48", "total":"48"}}
{"logTime": "0426/160102", "correlationVector":"dGqCwx8xAgol3Iw83LMmj3.4","action":"ProcessGetUpdates", "result":"Done", "context":{"dataType":"Extensions", "deleted":"0", "process_failed_to_decrypt":"0", "process_pending_decryption":"0", "process_success":"1", "total":"1"}}
{"logTime": "0426/160102", "correlationVector":"dGqCwx8xAgol3Iw83LMmj3.5","action":"ProcessGetUpdates", "result":"Done", "context":{"dataType":"Sessions", "deleted":"175", "process_failed_to_decrypt":"0", "process_pending_decryption":"0", "process_success":"199", "total":"199"}}
{"logTime": "0426/160102", "correlationVector":"dGqCwx8xAgol3Iw83LMmj3.6","action":"GetUpdates Response", "result":"Success", "context":Received 250 update(s). cV=dGqCwx8xAgol3Iw83LMmj3.0;server=akswtt11300000g;cloudType=Consumer;environment=Prod_westus2_prod-s01-035-nam-westus2;migrationStage=NotStarted Some updates remain.}
{"logTime": "0426/160102", "correlationVector":"+inX9R4Pww6meaSVblCzx0","action":"Initial GetUpdates", "result":"", "context":Reason: NEWLY_SUPPORTED_DATATYPE. cV=+inX9R4Pww6meaSVblCzx0}
{"logTime": "0426/160102", "correlationVector":"+inX9R4Pww6meaSVblCzx0.1","action":"SyncServerConnectionManagerRequest", "result":"SYNC_SERVER_OK", "context":{"environment":"Prod_westus2_prod-s01-035-nam-westus2", "migrationStage":"NotStarted", "server":"akswtt11300000f"}}
{"logTime": "0426/160102", "correlationVector":"+inX9R4Pww6meaSVblCzx0.2","action":"ProcessGetUpdates", "result":"Done", "context":{"dataType":"Sessions", "deleted":"9", "process_failed_to_decrypt":"0", "process_pending_decryption":"0", "process_success":"46", "total":"46"}}
{"logTime": "0426/160102", "correlationVector":"+inX9R4Pww6meaSVblCzx0.3","action":"GetUpdates Response", "result":"Success", "context":Received 46 update(s). cV=+inX9R4Pww6meaSVblCzx0.0;server=akswtt11300000f;cloudType=Consumer;environment=Prod_westus2_prod-s01-035-nam-westus2;migrationStage=NotStarted}
{"logTime": "0426/160102", "correlationVector":"6XpbAT7tvpEd2CYdGNOnGb","action":"Initial GetUpdates", "result":"", "context":Reason: NEWLY_SUPPORTED_DATATYPE. cV=6XpbAT7tvpEd2CYdGNOnGb}
{"logTime": "0426/160103", "correlationVector":"6XpbAT7tvpEd2CYdGNOnGb.1","action":"SyncServerConnectionManagerRequest", "result":"SYNC_SERVER_OK", "context":{"environment":"Prod_westus2_prod-s01-035-nam-westus2", "migrationStage":"NotStarted", "server":"akswtt113000009"}}
{"logTime": "0426/160103", "correlationVector":"6XpbAT7tvpEd2CYdGNOnGb.2","action":"ProcessGetUpdates", "result":"Done", "context":{"dataType":"History", "deleted":"0", "process_failed_to_decrypt":"0", "process_pending_decryption":"0", "process_success":"250", "total":"250"}}
{"logTime": "0426/160103", "correlationVector":"6XpbAT7tvpEd2CYdGNOnGb.3","action":"GetUpdates Response", "result":"Success", "context":Received 250 update(s). cV=6XpbAT7tvpEd2CYdGNOnGb.0;server=akswtt113000009;cloudType=Consumer;environment=Prod_westus2_prod-s01-035-nam-westus2;migrationStage=NotStarted Some updates remain.}
{"logTime": "0426/160103", "correlationVector":"345v8VsSV8d1gZLoHIKuK+","action":"Initial GetUpdates", "result":"", "context":Reason: NEWLY_SUPPORTED_DATATYPE. cV=345v8VsSV8d1gZLoHIKuK+}
{"logTime": "0426/160103", "correlationVector":"345v8VsSV8d1gZLoHIKuK+.1","action":"SyncServerConnectionManagerRequest", "result":"SYNC_SERVER_OK", "context":{"environment":"Prod_westus2_prod-s01-035-nam-westus2", "migrationStage":"NotStarted", "server":"akswtt11300000l"}}
{"logTime": "0426/160103", "correlationVector":"345v8VsSV8d1gZLoHIKuK+.2","action":"ProcessGetUpdates", "result":"Done", "context":{"dataType":"History", "deleted":"0", "process_failed_to_decrypt":"0", "process_pending_decryption":"0", "process_success":"250", "total":"250"}}
{"logTime": "0426/160103", "correlationVector":"345v8VsSV8d1gZLoHIKuK+.3","action":"GetUpdates Response", "result":"Success", "context":Received 250 update(s). cV=345v8VsSV8d1gZLoHIKuK+.0;server=akswtt11300000l;cloudType=Consumer;environment=Prod_westus2_prod-s01-035-nam-westus2;migrationStage=NotStarted Some updates remain.}
{"logTime": "0426/160103", "correlationVector":"SXCLwpe/vkfaD8N8rOjplI","action":"Initial GetUpdates", "result":"", "context":Reason: NEWLY_SUPPORTED_DATATYPE. cV=SXCLwpe/vkfaD8N8rOjplI}
{"logTime": "0426/160104", "correlationVector":"ej2ynWJSWmri2fXrmR7l/F.1","action":"SyncServerConnectionManagerRequest", "result":"SYNC_SERVER_OK", "context":{"environment":"Prod_westus2_prod-s01-035-nam-westus2", "migrationStage":"NotStarted", "server":"akswtt11300000f"}}
{"logTime": "0426/160104", "correlationVector":"ej2ynWJSWmri2fXrmR7l/F.2","action":"ProcessGetUpdates", "result":"Done", "context":{"dataType":"History", "deleted":"0", "process_failed_to_decrypt":"0", "process_pending_decryption":"0", "process_success":"250", "total":"250"}}
{"logTime": "0426/160104", "correlationVector":"ej2ynWJSWmri2fXrmR7l/F.3","action":"GetUpdates Response", "result":"Success", "context":Received 250 update(s). cV=ej2ynWJSWmri2fXrmR7l/F.0;server=akswtt11300000f;cloudType=Consumer;environment=Prod_westus2_prod-s01-035-nam-westus2;migrationStage=NotStarted Some updates remain.}
{"logTime": "0426/160104", "correlationVector":"Q0j9HaAqD19rvD5ZQtmPpe","action":"Initial GetUpdates", "result":"", "context":Reason: NEWLY_SUPPORTED_DATATYPE. cV=Q0j9HaAqD19rvD5ZQtmPpe}
{"logTime": "0426/160105", "correlationVector":"Q0j9HaAqD19rvD5ZQtmPpe.1","action":"SyncServerConnectionManagerRequest", "result":"SYNC_SERVER_OK", "context":{"environment":"Prod_westus2_prod-s01-035-nam-westus2", "migrationStage":"NotStarted", "server":"akswtt113000003"}}
{"logTime": "0426/160105", "correlationVector":"Q0j9HaAqD19rvD5ZQtmPpe.2","action":"ProcessGetUpdates", "result":"Done", "context":{"dataType":"History", "deleted":"0", "process_failed_to_decrypt":"0", "process_pending_decryption":"0", "process_success":"250", "total":"250"}}
{"logTime": "0426/160105", "correlationVector":"Q0j9HaAqD19rvD5ZQtmPpe.3","action":"GetUpdates Response", "result":"Success", "context":Received 250 update(s). cV=Q0j9HaAqD19rvD5ZQtmPpe.0;server=akswtt113000003;cloudType=Consumer;environment=Prod_westus2_prod-s01-035-nam-westus2;migrationStage=NotStarted Some updates remain.}
{"logTime": "0426/160105", "correlationVector":"PQP2lKb4DOCc9s55/7FK80","action":"Initial GetUpdates", "result":"", "context":Reason: NEWLY_SUPPORTED_DATATYPE. cV=PQP2lKb4DOCc9s55/7FK80}
{"logTime": "0426/160105", "correlationVector":"PQP2lKb4DOCc9s55/7FK80.1","action":"SyncServerConnectionManagerRequest", "result":"SYNC_SERVER_OK", "context":{"environment":"Prod_westus2_prod-s01-035-nam-westus2", "migrationStage":"NotStarted", "server":"akswtt11300000j"}}
{"logTime": "0426/160105", "correlationVector":"PQP2lKb4DOCc9s55/7FK80.2","action":"ProcessGetUpdates", "result":"Done", "context":{"dataType":"History", "deleted":"0", "process_failed_to_decrypt":"0", "process_pending_decryption":"0", "process_success":"250", "total":"250"}}
{"logTime": "0426/160105", "correlationVector":"PQP2lKb4DOCc9s55/7FK80.3","action":"GetUpdates Response", "result":"Success", "context":Received 250 update(s). cV=PQP2lKb4DOCc9s55/7FK80.0;server=akswtt11300000j;cloudType=Consumer;environment=Prod_westus2_prod-s01-035-nam-westus2;migrationStage=NotStarted Some updates remain.}
{"logTime": "0426/160105", "correlationVector":"BrW9u81qSFIjMuiuyn8Rhe","action":"Initial GetUpdates", "result":"", "context":Reason: NEWLY_SUPPORTED_DATATYPE. cV=BrW9u81qSFIjMuiuyn8Rhe}
{"logTime": "0426/160105", "correlationVector":"BrW9u81qSFIjMuiuyn8Rhe.1","action":"SyncServerConnectionManagerRequest", "result":"SYNC_SERVER_OK", "context":{"environment":"Prod_westus2_prod-s01-035-nam-westus2", "migrationStage":"NotStarted", "server":"akswtt113000008"}}
{"logTime": "0426/160105", "correlationVector":"BrW9u81qSFIjMuiuyn8Rhe.2","action":"ProcessGetUpdates", "result":"Done", "context":{"dataType":"History", "deleted":"0", "process_failed_to_decrypt":"0", "process_pending_decryption":"0", "process_success":"250", "total":"250"}}
{"logTime": "0426/160105", "correlationVector":"BrW9u81qSFIjMuiuyn8Rhe.3","action":"GetUpdates Response", "result":"Success", "context":Received 250 update(s). cV=BrW9u81qSFIjMuiuyn8Rhe.0;server=akswtt113000008;cloudType=Consumer;environment=Prod_westus2_prod-s01-035-nam-westus2;migrationStage=NotStarted Some updates remain.}
{"logTime": "0426/160105", "correlationVector":"uHvD9tAmHIL0bNVkUR/Tbh","action":"Initial GetUpdates", "result":"", "context":Reason: NEWLY_SUPPORTED_DATATYPE. cV=uHvD9tAmHIL0bNVkUR/Tbh}
{"logTime": "0426/160106", "correlationVector":"uHvD9tAmHIL0bNVkUR/Tbh.1","action":"SyncServerConnectionManagerRequest", "result":"SYNC_SERVER_OK", "context":{"environment":"Prod_westus2_prod-s01-035-nam-westus2", "migrationStage":"NotStarted", "server":"akswtt113000003"}}
{"logTime": "0426/160106", "correlationVector":"uHvD9tAmHIL0bNVkUR/Tbh.2","action":"ProcessGetUpdates", "result":"Done", "context":{"dataType":"History", "deleted":"0", "process_failed_to_decrypt":"0", "process_pending_decryption":"0", "process_success":"250", "total":"250"}}
{"logTime": "0426/160106", "correlationVector":"uHvD9tAmHIL0bNVkUR/Tbh.3","action":"GetUpdates Response", "result":"Success", "context":Received 250 update(s). cV=uHvD9tAmHIL0bNVkUR/Tbh.0;server=akswtt113000003;cloudType=Consumer;environment=Prod_westus2_prod-s01-035-nam-westus2;migrationStage=NotStarted Some updates remain.}
{"logTime": "0426/160106", "correlationVector":"Wmh/yBqAI5DO2mylPfCarL","action":"Initial GetUpdates", "result":"", "context":Reason: NEWLY_SUPPORTED_DATATYPE. cV=Wmh/yBqAI5DO2mylPfCarL}
{"logTime": "0426/160106", "correlationVector":"Wmh/yBqAI5DO2mylPfCarL.1","action":"SyncServerConnectionManagerRequest", "result":"SYNC_SERVER_OK", "context":{"environment":"Prod_westus2_prod-s01-035-nam-westus2", "migrationStage":"NotStarted", "server":"akswtt11300000o"}}
{"logTime": "0426/160106", "correlationVector":"Wmh/yBqAI5DO2mylPfCarL.2","action":"ProcessGetUpdates", "result":"Done", "context":{"dataType":"History", "deleted":"0", "process_failed_to_decrypt":"0", "process_pending_decryption":"0", "process_success":"250", "total":"250"}}
{"logTime": "0426/160106", "correlationVector":"Wmh/yBqAI5DO2mylPfCarL.3","action":"GetUpdates Response", "result":"Success", "context":Received 250 update(s). cV=Wmh/yBqAI5DO2mylPfCarL.0;server=akswtt11300000o;cloudType=Consumer;environment=Prod_westus2_prod-s01-035-nam-westus2;migrationStage=NotStarted Some updates remain.}
{"logTime": "0426/160106", "correlationVector":"/R4gNN00JKSijncypmWHe5","action":"Initial GetUpdates", "result":"", "context":Reason: NEWLY_SUPPORTED_DATATYPE. cV=/R4gNN00JKSijncypmWHe5}
{"logTime": "0426/160106", "correlationVector":"/R4gNN00JKSijncypmWHe5.1","action":"SyncServerConnectionManagerRequest", "result":"SYNC_SERVER_OK", "context":{"environment":"Prod_westus2_prod-s01-035-nam-westus2", "migrationStage":"NotStarted", "server":"akswtt11300000t"}}
{"logTime": "0426/160106", "correlationVector":"/R4gNN00JKSijncypmWHe5.2","action":"ProcessGetUpdates", "result":"Done", "context":{"dataType":"History", "deleted":"0", "process_failed_to_decrypt":"0", "process_pending_decryption":"0", "process_success":"250", "total":"250"}}
{"logTime": "0426/160106", "correlationVector":"/R4gNN00JKSijncypmWHe5.3","action":"GetUpdates Response", "result":"Success", "context":Received 250 update(s). cV=/R4gNN00JKSijncypmWHe5.0;server=akswtt11300000t;cloudType=Consumer;environment=Prod_westus2_prod-s01-035-nam-westus2;migrationStage=NotStarted Some updates remain.}
{"logTime": "0426/160106", "correlationVector":"e56uV8tNlmoz+1xDMCOZci","action":"Initial GetUpdates", "result":"", "context":Reason: NEWLY_SUPPORTED_DATATYPE. cV=e56uV8tNlmoz+1xDMCOZci}
{"logTime": "0426/160107", "correlationVector":"e56uV8tNlmoz+1xDMCOZci.1","action":"SyncServerConnectionManagerRequest", "result":"SYNC_SERVER_OK", "context":{"environment":"Prod_westus2_prod-s01-035-nam-westus2", "migrationStage":"NotStarted", "server":"akswtt113000003"}}
{"logTime": "0426/160107", "correlationVector":"e56uV8tNlmoz+1xDMCOZci.2","action":"ProcessGetUpdates", "result":"Done", "context":{"dataType":"History", "deleted":"0", "process_failed_to_decrypt":"0", "process_pending_decryption":"0", "process_success":"250", "total":"250"}}
{"logTime": "0426/160107", "correlationVector":"e56uV8tNlmoz+1xDMCOZci.3","action":"GetUpdates Response", "result":"Success", "context":Received 250 update(s). cV=e56uV8tNlmoz+1xDMCOZci.0;server=akswtt113000003;cloudType=Consumer;environment=Prod_westus2_prod-s01-035-nam-westus2;migrationStage=NotStarted Some updates remain.}
{"logTime": "0426/160107", "correlationVector":"7keXzMxOi/2kx7Bol1E1ph","action":"Initial GetUpdates", "result":"", "context":Reason: NEWLY_SUPPORTED_DATATYPE. cV=7keXzMxOi/2kx7Bol1E1ph}
{"logTime": "0426/160107", "correlationVector":"7keXzMxOi/2kx7Bol1E1ph.1","action":"SyncServerConnectionManagerRequest", "result":"SYNC_SERVER_OK", "context":{"environment":"Prod_westus2_prod-s01-035-nam-westus2", "migrationStage":"NotStarted", "server":"akswtt113000008"}}
{"logTime": "0426/160107", "correlationVector":"7keXzMxOi/2kx7Bol1E1ph.2","action":"ProcessGetUpdates", "result":"Done", "context":{"dataType":"History", "deleted":"0", "process_failed_to_decrypt":"0", "process_pending_decryption":"0", "process_success":"250", "total":"250"}}
{"logTime": "0426/160107", "correlationVector":"7keXzMxOi/2kx7Bol1E1ph.3","action":"GetUpdates Response", "result":"Success", "context":Received 250 update(s). cV=7keXzMxOi/2kx7Bol1E1ph.0;server=akswtt113000008;cloudType=Consumer;environment=Prod_westus2_prod-s01-035-nam-westus2;migrationStage=NotStarted Some updates remain.}
{"logTime": "0426/160107", "correlationVector":"A75YYawHabitpcXBqgYV6C","action":"Initial GetUpdates", "result":"", "context":Reason: NEWLY_SUPPORTED_DATATYPE. cV=A75YYawHabitpcXBqgYV6C}
{"logTime": "0426/160107", "correlationVector":"A75YYawHabitpcXBqgYV6C.1","action":"SyncServerConnectionManagerRequest", "result":"SYNC_SERVER_OK", "context":{"environment":"Prod_westus2_prod-s01-035-nam-westus2", "migrationStage":"NotStarted", "server":"akswtt11300000c"}}
{"logTime": "0426/160107", "correlationVector":"A75YYawHabitpcXBqgYV6C.2","action":"ProcessGetUpdates", "result":"Done", "context":{"dataType":"History", "deleted":"0", "process_failed_to_decrypt":"0", "process_pending_decryption":"0", "process_success":"64", "total":"64"}}
{"logTime": "0426/160107", "correlationVector":"A75YYawHabitpcXBqgYV6C.3","action":"GetUpdates Response", "result":"Success", "context":Received 64 update(s). cV=A75YYawHabitpcXBqgYV6C.0;server=akswtt11300000c;cloudType=Consumer;environment=Prod_westus2_prod-s01-035-nam-westus2;migrationStage=NotStarted}
{"logTime": "0426/160107", "correlationVector":"MUxOLzqT9rlKP4sEu7JJr0","action":"Normal GetUpdate request", "result":"", "context":cV=MUxOLzqT9rlKP4sEu7JJr0
Nudged types: Sessions, Device Info, User Consents, History
Refresh requested types: Bookmarks, Preferences, Passwords, Autofill Profiles, Autofill, Extensions, Sessions, Extension settings, History Delete Directives, Device Info, User Consents, Send Tab To Self, Web Apps, History, Saved Tab Group, WebAuthn Credentials, Collection, Edge E Drop, Edge Hub App Usage, Edge Wallet, Edge Workspace, Encryption Keys}
{"logTime": "0426/160108", "correlationVector":"MUxOLzqT9rlKP4sEu7JJr0.1","action":"SyncServerConnectionManagerRequest", "result":"SYNC_SERVER_OK", "context":{"environment":"Prod_westus2_prod-s01-035-nam-westus2", "migrationStage":"NotStarted", "server":"akswtt113000005"}}
{"logTime": "0426/160108", "correlationVector":"MUxOLzqT9rlKP4sEu7JJr0.2","action":"GetUpdates Response", "result":"Success", "context":Received 0 update(s). cV=MUxOLzqT9rlKP4sEu7JJr0.0;server=akswtt113000005;cloudType=Consumer;environment=Prod_westus2_prod-s01-035-nam-westus2;migrationStage=NotStarted}
{"logTime": "0426/160108", "correlationVector":"Me+Y6ZYxaetqrSRb1O967Y","action":"Commit Request", "result":"", "context":Item count: 9
Contributing types: Sessions, Device Info, User Consents, History}
{"logTime": "0426/160108", "correlationVector":"Me+Y6ZYxaetqrSRb1O967Y.1","action":"SyncServerConnectionManagerRequest", "result":"SYNC_SERVER_OK", "context":{"environment":"Prod_westus2_prod-s01-035-nam-westus2", "migrationStage":"NotStarted", "server":"akswtt11300000f"}}
{"logTime": "0426/160108", "correlationVector":"Me+Y6ZYxaetqrSRb1O967Y.2","action":"Commit Response", "result":"Success", "context":Result: Success. cV=Me+Y6ZYxaetqrSRb1O967Y.0;server=akswtt11300000f;cloudType=Consumer;environment=Prod_westus2_prod-s01-035-nam-westus2;migrationStage=NotStarted}
{"logTime": "0426/160109", "correlationVector":"A6oHZWg8BtKEgXX7OKlhLS","action":"Normal GetUpdate request", "result":"", "context":cV=A6oHZWg8BtKEgXX7OKlhLS
Notified types: History}
{"logTime": "0426/160110", "correlationVector":"A6oHZWg8BtKEgXX7OKlhLS.1","action":"SyncServerConnectionManagerRequest", "result":"SYNC_SERVER_OK", "context":{"environment":"Prod_westus2_prod-s01-035-nam-westus2", "migrationStage":"NotStarted", "server":"akswtt11300000o"}}
{"logTime": "0426/160110", "correlationVector":"A6oHZWg8BtKEgXX7OKlhLS.2","action":"ProcessGetUpdates", "result":"Done", "context":{"dataType":"Sessions", "deleted":"0", "process_failed_to_decrypt":"0", "process_pending_decryption":"0", "process_success":"4", "total":"4"}}
{"logTime": "0426/160110", "correlationVector":"A6oHZWg8BtKEgXX7OKlhLS.3","action":"ProcessGetUpdates", "result":"Done", "context":{"dataType":"Device Info", "deleted":"0", "process_failed_to_decrypt":"0", "process_pending_decryption":"0", "process_success":"1", "total":"1"}}
{"logTime": "0426/160110", "correlationVector":"A6oHZWg8BtKEgXX7OKlhLS.4","action":"ProcessGetUpdates", "result":"Done", "context":{"dataType":"History", "deleted":"0", "process_failed_to_decrypt":"0", "process_pending_decryption":"0", "process_success":"7", "total":"7"}}
{"logTime": "0426/160110", "correlationVector":"A6oHZWg8BtKEgXX7OKlhLS.5","action":"GetUpdates Response", "result":"Success", "context":Received 12 update(s). cV=A6oHZWg8BtKEgXX7OKlhLS.0;server=akswtt11300000o;cloudType=Consumer;environment=Prod_westus2_prod-s01-035-nam-westus2;migrationStage=NotStarted}
{"logTime": "0426/160110", "correlationVector":"qK0N8gGieWbuxwsH9EsPd+","action":"DoCompareDataConsistency: ", "result":"has local changes and skip compare"}
{"logTime": "0426/160110", "correlationVector":"kPcYOOzdms1QZIJ3NoH+pl","action":"Commit Request", "result":"", "context":Item count: 1
Contributing types: History}
{"logTime": "0426/160110", "correlationVector":"kPcYOOzdms1QZIJ3NoH+pl.1","action":"SyncServerConnectionManagerRequest", "result":"SYNC_SERVER_OK", "context":{"environment":"Prod_westus2_prod-s01-035-nam-westus2", "migrationStage":"NotStarted", "server":"akswtt113000003"}}
{"logTime": "0426/160110", "correlationVector":"kPcYOOzdms1QZIJ3NoH+pl.2","action":"Commit Response", "result":"Success", "context":Result: Success. cV=kPcYOOzdms1QZIJ3NoH+pl.0;server=akswtt113000003;cloudType=Consumer;environment=Prod_westus2_prod-s01-035-nam-westus2;migrationStage=NotStarted}
{"logTime": "0426/160158", "correlationVector":"ZmfAQFW0Qt09uEFGUwsygF","action":"Commit Request", "result":"", "context":Item count: 40
Contributing types: Passwords}
{"logTime": "0426/160200", "correlationVector":"ZmfAQFW0Qt09uEFGUwsygF.1","action":"SyncServerConnectionManagerRequest", "result":"SYNC_SERVER_OK", "context":{"environment":"Prod_westus2_prod-s01-035-nam-westus2", "migrationStage":"NotStarted", "server":"akswtt11300000i"}}
{"logTime": "0426/160200", "correlationVector":"ZmfAQFW0Qt09uEFGUwsygF.2","action":"Commit Response", "result":"Success", "context":Result: Success. cV=ZmfAQFW0Qt09uEFGUwsygF.0;server=akswtt11300000i;cloudType=Consumer;environment=Prod_westus2_prod-s01-035-nam-westus2;migrationStage=NotStarted}
{"logTime": "0426/160200", "correlationVector":"H0xzTs3ISxb9PCsqB0vY+p","action":"Commit Request", "result":"", "context":Item count: 15
Contributing types: Passwords, Sessions, History}
{"logTime": "0426/160201", "correlationVector":"H0xzTs3ISxb9PCsqB0vY+p.1","action":"SyncServerConnectionManagerRequest", "result":"SYNC_SERVER_OK", "context":{"environment":"Prod_westus2_prod-s01-035-nam-westus2", "migrationStage":"NotStarted", "server":"akswtt11300000t"}}
{"logTime": "0426/160201", "correlationVector":"H0xzTs3ISxb9PCsqB0vY+p.2","action":"Commit Response", "result":"Success", "context":Result: Success. cV=H0xzTs3ISxb9PCsqB0vY+p.0;server=akswtt11300000t;cloudType=Consumer;environment=Prod_westus2_prod-s01-035-nam-westus2;migrationStage=NotStarted}
{"logTime": "0426/160201", "correlationVector":"M33bxh8Ni9oHt8UcxYCcDj","action":"Commit Request", "result":"", "context":Item count: 3
Contributing types: Sessions, History}
{"logTime": "0426/160201", "correlationVector":"M33bxh8Ni9oHt8UcxYCcDj.1","action":"SyncServerConnectionManagerRequest", "result":"SYNC_SERVER_OK", "context":{"environment":"Prod_westus2_prod-s01-035-nam-westus2", "migrationStage":"NotStarted", "server":"akswtt113000009"}}
{"logTime": "0426/160201", "correlationVector":"M33bxh8Ni9oHt8UcxYCcDj.2","action":"Commit Response", "result":"Success", "context":Result: Success. cV=M33bxh8Ni9oHt8UcxYCcDj.0;server=akswtt113000009;cloudType=Consumer;environment=Prod_westus2_prod-s01-035-nam-westus2;migrationStage=NotStarted}
{"logTime": "0426/160301", "correlationVector":"bgrqUNr56EgmXjpHf+VXmZ","action":"Commit Request", "result":"", "context":Item count: 11
Contributing types: Sessions, History}
{"logTime": "0426/160302", "correlationVector":"bgrqUNr56EgmXjpHf+VXmZ.1","action":"SyncServerConnectionManagerRequest", "result":"SYNC_SERVER_OK", "context":{"environment":"Prod_westus2_prod-s01-035-nam-westus2", "migrationStage":"NotStarted", "server":"akswtt113000009"}}
{"logTime": "0426/160302", "correlationVector":"bgrqUNr56EgmXjpHf+VXmZ.2","action":"Commit Response", "result":"Success", "context":Result: Success. cV=bgrqUNr56EgmXjpHf+VXmZ.0;server=akswtt113000009;cloudType=Consumer;environment=Prod_westus2_prod-s01-035-nam-westus2;migrationStage=NotStarted}
{"logTime": "0426/160402", "correlationVector":"++PuQ/ItFMSa/y4t3On//E","action":"Commit Request", "result":"", "context":Item count: 8
Contributing types: Sessions, History}
{"logTime": "0426/160402", "correlationVector":"++PuQ/ItFMSa/y4t3On//E.1","action":"SyncServerConnectionManagerRequest", "result":"SYNC_SERVER_OK", "context":{"environment":"Prod_westus2_prod-s01-035-nam-westus2", "migrationStage":"NotStarted", "server":"akswtt11300000o"}}
{"logTime": "0426/160402", "correlationVector":"++PuQ/ItFMSa/y4t3On//E.2","action":"Commit Response", "result":"Success", "context":Result: Success. cV=++PuQ/ItFMSa/y4t3On//E.0;server=akswtt11300000o;cloudType=Consumer;environment=Prod_westus2_prod-s01-035-nam-westus2;migrationStage=NotStarted}
