{"logTime": "0426/132819", "correlationVector":"W6PT+1GOnF6XwB16QQBR+l.1","action":"SyncServerConnectionManagerRequest", "result":"SYNC_SERVER_OK", "context":{"environment":"Prod_westus2_prod-s01-035-nam-westus2", "migrationStage":"NotStarted", "server":"akswtt113000001"}}
{"logTime": "0426/132819", "correlationVector":"W6PT+1GOnF6XwB16QQBR+l.2","action":"ProcessGetUpdates", "result":"Done", "context":{"dataType":"Encryption Keys", "deleted":"0", "process_failed_to_decrypt":"0", "process_pending_decryption":"0", "process_success":"1", "total":"1"}}
{"logTime": "0426/132819", "correlationVector":"ww1dsaI73YCz7C5laVu5v8","action":"SyncServerConnectionManagerRequest", "result":"SYNC_SERVER_OK", "context":{"environment":"", "migrationStage":"", "server":""}}
{"logTime": "0426/132819", "correlationVector":"ww1dsaI73YCz7C5laVu5v8.0","action":"EncryptionKeysFetcher.DownloadKeys:", "result":"Success", "context":Key count: 5, Last key timestamp: 2026-04-18T03:48:13Z}
{"logTime": "0426/132819", "correlationVector":"ww1dsaI73YCz7C5laVu5v8.1","action":"EncryptionKeysManager::SetEncryptionKeys:", "result":"Success", "context":Key names[5]:[lBLlivP0tL7DaZCLOxY0Ms4GCmsztTwaiZZnWuhIrvxf62WQbQQOrEOZFqDAc6XX8sNCG3UdMSQXoQPb7570QQ==][lVznK7+X4kMFXxOXBoPhpSbjH3WghWADowbo4a72vMU6iWo8i79nPTR5N+6F83VtFpBywxdhc0xV21a2Jm/A6g==][Rkjhz4tCaGQHbFM9iina6dfubiNJH3/8Nb0P3dtJ1SeLsFRspz/UbUDes0Q9ENkkHUncnfUvSXI6M+uJbc+N9w==][qNbI0n6v/hh0ojvUbrBt2zg5a/wjTFo4ReIKDxAcek9QLy5Lb4ncifiaiqLrQxn4dHE7159KCWd7txz5PXG7pA==][EQnJNat9nLGhQ3sWluAQbvJNaL11ABTMNp2x6WBZFViiXC6pyhYenoSQCzCxCCt+LnXbXP/vleqfYDQYpxNb5A==]}
{"logTime": "0426/132819", "correlationVector":"ww1dsaI73YCz7C5laVu5v8.2","action":"EncryptionKeysManager::SetEncryptionKeysWithTimestamps:", "result":"Success", "context":Key timestamps[5]:[2024-04-18T22:10:58Z][2024-10-16T20:23:03Z][2025-04-14T23:12:43Z][2025-10-14T00:38:14Z][2026-04-18T03:48:13Z]}
{"logTime": "0426/132819", "correlationVector":"W6PT+1GOnF6XwB16QQBR+l","action":"Initial GetUpdates", "result":"", "context":Reason: NEW_CLIENT. cV=W6PT+1GOnF6XwB16QQBR+l}
{"logTime": "0426/132819", "correlationVector":"W6PT+1GOnF6XwB16QQBR+l.3","action":"GetUpdates Response", "result":"Success", "context":Received 1 update(s). cV=W6PT+1GOnF6XwB16QQBR+l.0;server=akswtt113000001;cloudType=Consumer;environment=Prod_westus2_prod-s01-035-nam-westus2;migrationStage=NotStarted}
{"logTime": "0426/132819", "correlationVector":"ziQj4w1a71gLaCwlRXicX6","action":"Initial GetUpdates", "result":"", "context":Reason: NEWLY_SUPPORTED_DATATYPE. cV=ziQj4w1a71gLaCwlRXicX6}
{"logTime": "0426/132819", "correlationVector":"ziQj4w1a71gLaCwlRXicX6.1","action":"SyncServerConnectionManagerRequest", "result":"SYNC_SERVER_OK", "context":{"environment":"Prod_westus2_prod-s01-035-nam-westus2", "migrationStage":"NotStarted", "server":"akswtt11300000g"}}
{"logTime": "0426/132819", "correlationVector":"ziQj4w1a71gLaCwlRXicX6.2","action":"ProcessGetUpdates", "result":"Done", "context":{"dataType":"Preferences", "deleted":"0", "process_failed_to_decrypt":"0", "process_pending_decryption":"0", "process_success":"89", "total":"89"}}
{"logTime": "0426/132819", "correlationVector":"ziQj4w1a71gLaCwlRXicX6.3","action":"ProcessGetUpdates", "result":"Done", "context":{"dataType":"Passwords", "deleted":"0", "process_failed_to_decrypt":"0", "process_pending_decryption":"0", "process_success":"52", "total":"52"}}
{"logTime": "0426/132819", "correlationVector":"ziQj4w1a71gLaCwlRXicX6.4","action":"ProcessGetUpdates", "result":"Done", "context":{"dataType":"Device Info", "deleted":"0", "process_failed_to_decrypt":"0", "process_pending_decryption":"0", "process_success":"10", "total":"10"}}
{"logTime": "0426/132819", "correlationVector":"ziQj4w1a71gLaCwlRXicX6.5","action":"GetUpdates Response", "result":"Success", "context":Received 151 update(s). cV=ziQj4w1a71gLaCwlRXicX6.0;server=akswtt11300000g;cloudType=Consumer;environment=Prod_westus2_prod-s01-035-nam-westus2;migrationStage=NotStarted}
{"logTime": "0426/132819", "correlationVector":"nB1CnrLDP3+E7gCQO8D31X","action":"Initial GetUpdates", "result":"", "context":Reason: NEWLY_SUPPORTED_DATATYPE. cV=nB1CnrLDP3+E7gCQO8D31X}
{"logTime": "0426/132819", "correlationVector":"nB1CnrLDP3+E7gCQO8D31X.1","action":"SyncServerConnectionManagerRequest", "result":"SYNC_SERVER_OK", "context":{"environment":"Prod_westus2_prod-s01-035-nam-westus2", "migrationStage":"NotStarted", "server":"akswtt11300000i"}}
{"logTime": "0426/132819", "correlationVector":"nB1CnrLDP3+E7gCQO8D31X.2","action":"ProcessGetUpdates", "result":"Done", "context":{"dataType":"Bookmarks", "deleted":"1", "process_failed_to_decrypt":"0", "process_pending_decryption":"0", "process_success":"17", "total":"17"}}
{"logTime": "0426/132819", "correlationVector":"nB1CnrLDP3+E7gCQO8D31X.3","action":"GetUpdates Response", "result":"Success", "context":Received 17 update(s). cV=nB1CnrLDP3+E7gCQO8D31X.0;server=akswtt11300000i;cloudType=Consumer;environment=Prod_westus2_prod-s01-035-nam-westus2;migrationStage=NotStarted}
{"logTime": "0426/132819", "correlationVector":"LB+fOD7ElwR/2bPRzshVmN","action":"Initial GetUpdates", "result":"", "context":Reason: NEWLY_SUPPORTED_DATATYPE. cV=LB+fOD7ElwR/2bPRzshVmN}
{"logTime": "0426/132820", "correlationVector":"LB+fOD7ElwR/2bPRzshVmN.1","action":"SyncServerConnectionManagerRequest", "result":"SYNC_SERVER_OK", "context":{"environment":"Prod_westus2_prod-s01-035-nam-westus2", "migrationStage":"NotStarted", "server":"akswtt11300000p"}}
{"logTime": "0426/132820", "correlationVector":"LB+fOD7ElwR/2bPRzshVmN.2","action":"ProcessGetUpdates", "result":"Done", "context":{"dataType":"Autofill", "deleted":"0", "process_failed_to_decrypt":"0", "process_pending_decryption":"0", "process_success":"236", "total":"236"}}
{"logTime": "0426/132820", "correlationVector":"LB+fOD7ElwR/2bPRzshVmN.3","action":"ProcessGetUpdates", "result":"Done", "context":{"dataType":"Sessions", "deleted":"14", "process_failed_to_decrypt":"0", "process_pending_decryption":"0", "process_success":"14", "total":"14"}}
{"logTime": "0426/132820", "correlationVector":"LB+fOD7ElwR/2bPRzshVmN.4","action":"GetUpdates Response", "result":"Success", "context":Received 250 update(s). cV=LB+fOD7ElwR/2bPRzshVmN.0;server=akswtt11300000p;cloudType=Consumer;environment=Prod_westus2_prod-s01-035-nam-westus2;migrationStage=NotStarted Some updates remain.}
{"logTime": "0426/132820", "correlationVector":"DQJ28sf7Fh875zj5jdm0yr","action":"Initial GetUpdates", "result":"", "context":Reason: NEWLY_SUPPORTED_DATATYPE. cV=DQJ28sf7Fh875zj5jdm0yr}
{"logTime": "0426/132820", "correlationVector":"DQJ28sf7Fh875zj5jdm0yr.1","action":"SyncServerConnectionManagerRequest", "result":"SYNC_SERVER_OK", "context":{"environment":"Prod_westus2_prod-s01-035-nam-westus2", "migrationStage":"NotStarted", "server":"akswtt11300000q"}}
{"logTime": "0426/132820", "correlationVector":"DQJ28sf7Fh875zj5jdm0yr.2","action":"ProcessGetUpdates", "result":"Done", "context":{"dataType":"Sessions", "deleted":"248", "process_failed_to_decrypt":"0", "process_pending_decryption":"0", "process_success":"248", "total":"248"}}
{"logTime": "0426/132820", "correlationVector":"DQJ28sf7Fh875zj5jdm0yr.3","action":"ProcessGetUpdates", "result":"Done", "context":{"dataType":"Edge Hub App Usage", "deleted":"1", "process_failed_to_decrypt":"0", "process_pending_decryption":"0", "process_success":"2", "total":"2"}}
{"logTime": "0426/132820", "correlationVector":"DQJ28sf7Fh875zj5jdm0yr.4","action":"GetUpdates Response", "result":"Success", "context":Received 250 update(s). cV=DQJ28sf7Fh875zj5jdm0yr.0;server=akswtt11300000q;cloudType=Consumer;environment=Prod_westus2_prod-s01-035-nam-westus2;migrationStage=NotStarted Some updates remain.}
{"logTime": "0426/132820", "correlationVector":"8ycP8Wdzc3J2ZVF0v++Il8","action":"Initial GetUpdates", "result":"", "context":Reason: NEWLY_SUPPORTED_DATATYPE. cV=8ycP8Wdzc3J2ZVF0v++Il8}
{"logTime": "0426/132820", "correlationVector":"8ycP8Wdzc3J2ZVF0v++Il8.1","action":"SyncServerConnectionManagerRequest", "result":"SYNC_SERVER_OK", "context":{"environment":"Prod_westus2_prod-s01-035-nam-westus2", "migrationStage":"NotStarted", "server":"akswtt11300000c"}}
{"logTime": "0426/132820", "correlationVector":"8ycP8Wdzc3J2ZVF0v++Il8.2","action":"ProcessGetUpdates", "result":"Done", "context":{"dataType":"Sessions", "deleted":"243", "process_failed_to_decrypt":"0", "process_pending_decryption":"0", "process_success":"243", "total":"243"}}
{"logTime": "0426/132820", "correlationVector":"8ycP8Wdzc3J2ZVF0v++Il8.3","action":"ProcessGetUpdates", "result":"Done", "context":{"dataType":"Saved Tab Group", "deleted":"0", "process_failed_to_decrypt":"0", "process_pending_decryption":"0", "process_success":"4", "total":"4"}}
{"logTime": "0426/132820", "correlationVector":"8ycP8Wdzc3J2ZVF0v++Il8.4","action":"ProcessGetUpdates", "result":"Done", "context":{"dataType":"Edge Hub App Usage", "deleted":"3", "process_failed_to_decrypt":"0", "process_pending_decryption":"0", "process_success":"3", "total":"3"}}
{"logTime": "0426/132820", "correlationVector":"8ycP8Wdzc3J2ZVF0v++Il8.5","action":"GetUpdates Response", "result":"Success", "context":Received 250 update(s). cV=8ycP8Wdzc3J2ZVF0v++Il8.0;server=akswtt11300000c;cloudType=Consumer;environment=Prod_westus2_prod-s01-035-nam-westus2;migrationStage=NotStarted Some updates remain.}
{"logTime": "0426/132820", "correlationVector":"HhyySjSmm67lI2B/W7jODX","action":"Initial GetUpdates", "result":"", "context":Reason: NEWLY_SUPPORTED_DATATYPE. cV=HhyySjSmm67lI2B/W7jODX}
{"logTime": "0426/132821", "correlationVector":"HhyySjSmm67lI2B/W7jODX.1","action":"SyncServerConnectionManagerRequest", "result":"SYNC_SERVER_OK", "context":{"environment":"Prod_westus2_prod-s01-035-nam-westus2", "migrationStage":"NotStarted", "server":"akswtt113000001"}}
{"logTime": "0426/132821", "correlationVector":"HhyySjSmm67lI2B/W7jODX.2","action":"ProcessGetUpdates", "result":"Done", "context":{"dataType":"Extensions", "deleted":"0", "process_failed_to_decrypt":"0", "process_pending_decryption":"0", "process_success":"1", "total":"1"}}
{"logTime": "0426/132821", "correlationVector":"HhyySjSmm67lI2B/W7jODX.3","action":"ProcessGetUpdates", "result":"Done", "context":{"dataType":"Sessions", "deleted":"248", "process_failed_to_decrypt":"0", "process_pending_decryption":"0", "process_success":"248", "total":"248"}}
{"logTime": "0426/132821", "correlationVector":"HhyySjSmm67lI2B/W7jODX.4","action":"ProcessGetUpdates", "result":"Done", "context":{"dataType":"Edge Hub App Usage", "deleted":"1", "process_failed_to_decrypt":"0", "process_pending_decryption":"0", "process_success":"1", "total":"1"}}
{"logTime": "0426/132821", "correlationVector":"HhyySjSmm67lI2B/W7jODX.5","action":"GetUpdates Response", "result":"Success", "context":Received 250 update(s). cV=HhyySjSmm67lI2B/W7jODX.0;server=akswtt113000001;cloudType=Consumer;environment=Prod_westus2_prod-s01-035-nam-westus2;migrationStage=NotStarted Some updates remain.}
{"logTime": "0426/132821", "correlationVector":"DantXIpBSirFFPtwh6YvhW","action":"Initial GetUpdates", "result":"", "context":Reason: NEWLY_SUPPORTED_DATATYPE. cV=DantXIpBSirFFPtwh6YvhW}
{"logTime": "0426/132821", "correlationVector":"DantXIpBSirFFPtwh6YvhW.1","action":"SyncServerConnectionManagerRequest", "result":"SYNC_SERVER_OK", "context":{"environment":"Prod_westus2_prod-s01-035-nam-westus2", "migrationStage":"NotStarted", "server":"akswtt11300000r"}}
{"logTime": "0426/132821", "correlationVector":"DantXIpBSirFFPtwh6YvhW.2","action":"ProcessGetUpdates", "result":"Done", "context":{"dataType":"Sessions", "deleted":"248", "process_failed_to_decrypt":"0", "process_pending_decryption":"0", "process_success":"248", "total":"248"}}
{"logTime": "0426/132821", "correlationVector":"DantXIpBSirFFPtwh6YvhW.3","action":"ProcessGetUpdates", "result":"Done", "context":{"dataType":"Edge Hub App Usage", "deleted":"1", "process_failed_to_decrypt":"0", "process_pending_decryption":"0", "process_success":"2", "total":"2"}}
{"logTime": "0426/132821", "correlationVector":"DantXIpBSirFFPtwh6YvhW.4","action":"GetUpdates Response", "result":"Success", "context":Received 250 update(s). cV=DantXIpBSirFFPtwh6YvhW.0;server=akswtt11300000r;cloudType=Consumer;environment=Prod_westus2_prod-s01-035-nam-westus2;migrationStage=NotStarted Some updates remain.}
{"logTime": "0426/132821", "correlationVector":"ZHLLeSVL1V7iN2fBBfPjts","action":"Initial GetUpdates", "result":"", "context":Reason: NEWLY_SUPPORTED_DATATYPE. cV=ZHLLeSVL1V7iN2fBBfPjts}
{"logTime": "0426/132822", "correlationVector":"ZHLLeSVL1V7iN2fBBfPjts.1","action":"SyncServerConnectionManagerRequest", "result":"SYNC_SERVER_OK", "context":{"environment":"Prod_westus2_prod-s01-035-nam-westus2", "migrationStage":"NotStarted", "server":"akswtt11300000s"}}
{"logTime": "0426/132822", "correlationVector":"ZHLLeSVL1V7iN2fBBfPjts.2","action":"ProcessGetUpdates", "result":"Done", "context":{"dataType":"Autofill Profiles", "deleted":"0", "process_failed_to_decrypt":"0", "process_pending_decryption":"0", "process_success":"10", "total":"10"}}
{"logTime": "0426/132822", "correlationVector":"ZHLLeSVL1V7iN2fBBfPjts.3","action":"ProcessGetUpdates", "result":"Done", "context":{"dataType":"Autofill", "deleted":"0", "process_failed_to_decrypt":"0", "process_pending_decryption":"0", "process_success":"231", "total":"231"}}
{"logTime": "0426/132822", "correlationVector":"ZHLLeSVL1V7iN2fBBfPjts.4","action":"ProcessGetUpdates", "result":"Done", "context":{"dataType":"Sessions", "deleted":"9", "process_failed_to_decrypt":"0", "process_pending_decryption":"0", "process_success":"9", "total":"9"}}
{"logTime": "0426/132822", "correlationVector":"ZHLLeSVL1V7iN2fBBfPjts.5","action":"GetUpdates Response", "result":"Success", "context":Received 250 update(s). cV=ZHLLeSVL1V7iN2fBBfPjts.0;server=akswtt11300000s;cloudType=Consumer;environment=Prod_westus2_prod-s01-035-nam-westus2;migrationStage=NotStarted Some updates remain.}
{"logTime": "0426/132822", "correlationVector":"5yyeLwkINMfoZM9IUnRSRw","action":"Initial GetUpdates", "result":"", "context":Reason: NEWLY_SUPPORTED_DATATYPE. cV=5yyeLwkINMfoZM9IUnRSRw}
{"logTime": "0426/132823", "correlationVector":"5yyeLwkINMfoZM9IUnRSRw.1","action":"SyncServerConnectionManagerRequest", "result":"SYNC_SERVER_OK", "context":{"environment":"Prod_westus2_prod-s01-035-nam-westus2", "migrationStage":"NotStarted", "server":"akswtt11300000o"}}
{"logTime": "0426/132823", "correlationVector":"5yyeLwkINMfoZM9IUnRSRw.2","action":"ProcessGetUpdates", "result":"Done", "context":{"dataType":"Autofill Profiles", "deleted":"0", "process_failed_to_decrypt":"0", "process_pending_decryption":"0", "process_success":"1", "total":"1"}}
{"logTime": "0426/132823", "correlationVector":"5yyeLwkINMfoZM9IUnRSRw.3","action":"ProcessGetUpdates", "result":"Done", "context":{"dataType":"Autofill", "deleted":"0", "process_failed_to_decrypt":"0", "process_pending_decryption":"0", "process_success":"234", "total":"234"}}
{"logTime": "0426/132823", "correlationVector":"5yyeLwkINMfoZM9IUnRSRw.4","action":"ProcessGetUpdates", "result":"Done", "context":{"dataType":"Sessions", "deleted":"15", "process_failed_to_decrypt":"0", "process_pending_decryption":"0", "process_success":"15", "total":"15"}}
{"logTime": "0426/132823", "correlationVector":"5yyeLwkINMfoZM9IUnRSRw.5","action":"GetUpdates Response", "result":"Success", "context":Received 250 update(s). cV=5yyeLwkINMfoZM9IUnRSRw.0;server=akswtt11300000o;cloudType=Consumer;environment=Prod_westus2_prod-s01-035-nam-westus2;migrationStage=NotStarted Some updates remain.}
{"logTime": "0426/132823", "correlationVector":"afuk0WmJNDY3Lq6TXGoVS/","action":"Initial GetUpdates", "result":"", "context":Reason: NEWLY_SUPPORTED_DATATYPE. cV=afuk0WmJNDY3Lq6TXGoVS/}
