{"logTime": "0425/194751", "correlationVector":"6l4VvVu/zlbcF+cs7Hul2+.1","action":"SyncServerConnectionManagerRequest", "result":"SYNC_SERVER_OK", "context":{"environment":"Prod_westus2_prod-s01-035-nam-westus2", "migrationStage":"NotStarted", "server":"akswtt11300000j"}}
{"logTime": "0425/194751", "correlationVector":"6l4VvVu/zlbcF+cs7Hul2+.2","action":"ProcessGetUpdates", "result":"Done", "context":{"dataType":"Encryption Keys", "deleted":"0", "process_failed_to_decrypt":"0", "process_pending_decryption":"0", "process_success":"1", "total":"1"}}
{"logTime": "0425/194751", "correlationVector":"jQ/1PCZR1y7zII+HGpbqxo","action":"SyncServerConnectionManagerRequest", "result":"SYNC_SERVER_OK", "context":{"environment":"", "migrationStage":"", "server":""}}
{"logTime": "0425/194751", "correlationVector":"jQ/1PCZR1y7zII+HGpbqxo.0","action":"EncryptionKeysFetcher.DownloadKeys:", "result":"Success", "context":Key count: 5, Last key timestamp: 2026-04-18T03:48:13Z}
{"logTime": "0425/194751", "correlationVector":"jQ/1PCZR1y7zII+HGpbqxo.1","action":"EncryptionKeysManager::SetEncryptionKeys:", "result":"Success", "context":Key names[5]:[lBLlivP0tL7DaZCLOxY0Ms4GCmsztTwaiZZnWuhIrvxf62WQbQQOrEOZFqDAc6XX8sNCG3UdMSQXoQPb7570QQ==][lVznK7+X4kMFXxOXBoPhpSbjH3WghWADowbo4a72vMU6iWo8i79nPTR5N+6F83VtFpBywxdhc0xV21a2Jm/A6g==][Rkjhz4tCaGQHbFM9iina6dfubiNJH3/8Nb0P3dtJ1SeLsFRspz/UbUDes0Q9ENkkHUncnfUvSXI6M+uJbc+N9w==][qNbI0n6v/hh0ojvUbrBt2zg5a/wjTFo4ReIKDxAcek9QLy5Lb4ncifiaiqLrQxn4dHE7159KCWd7txz5PXG7pA==][EQnJNat9nLGhQ3sWluAQbvJNaL11ABTMNp2x6WBZFViiXC6pyhYenoSQCzCxCCt+LnXbXP/vleqfYDQYpxNb5A==]}
{"logTime": "0425/194751", "correlationVector":"jQ/1PCZR1y7zII+HGpbqxo.2","action":"EncryptionKeysManager::SetEncryptionKeysWithTimestamps:", "result":"Success", "context":Key timestamps[5]:[2024-04-18T22:10:58Z][2024-10-16T20:23:03Z][2025-04-14T23:12:43Z][2025-10-14T00:38:14Z][2026-04-18T03:48:13Z]}
{"logTime": "0425/194751", "correlationVector":"6l4VvVu/zlbcF+cs7Hul2+","action":"Initial GetUpdates", "result":"", "context":Reason: NEW_CLIENT. cV=6l4VvVu/zlbcF+cs7Hul2+}
{"logTime": "0425/194751", "correlationVector":"6l4VvVu/zlbcF+cs7Hul2+.3","action":"GetUpdates Response", "result":"Success", "context":Received 1 update(s). cV=6l4VvVu/zlbcF+cs7Hul2+.0;server=akswtt11300000j;cloudType=Consumer;environment=Prod_westus2_prod-s01-035-nam-westus2;migrationStage=NotStarted}
{"logTime": "0425/194751", "correlationVector":"P3RqbkEQT5lwoW5PAxRLxg","action":"Initial GetUpdates", "result":"", "context":Reason: NEWLY_SUPPORTED_DATATYPE. cV=P3RqbkEQT5lwoW5PAxRLxg}
{"logTime": "0425/194752", "correlationVector":"P3RqbkEQT5lwoW5PAxRLxg.1","action":"SyncServerConnectionManagerRequest", "result":"SYNC_SERVER_OK", "context":{"environment":"Prod_westus2_prod-s01-035-nam-westus2", "migrationStage":"NotStarted", "server":"akswtt113000000"}}
{"logTime": "0425/194752", "correlationVector":"P3RqbkEQT5lwoW5PAxRLxg.2","action":"ProcessGetUpdates", "result":"Done", "context":{"dataType":"Preferences", "deleted":"0", "process_failed_to_decrypt":"0", "process_pending_decryption":"0", "process_success":"89", "total":"89"}}
{"logTime": "0425/194752", "correlationVector":"P3RqbkEQT5lwoW5PAxRLxg.3","action":"ProcessGetUpdates", "result":"Done", "context":{"dataType":"Passwords", "deleted":"0", "process_failed_to_decrypt":"0", "process_pending_decryption":"0", "process_success":"52", "total":"52"}}
{"logTime": "0425/194752", "correlationVector":"P3RqbkEQT5lwoW5PAxRLxg.4","action":"ProcessGetUpdates", "result":"Done", "context":{"dataType":"Device Info", "deleted":"0", "process_failed_to_decrypt":"0", "process_pending_decryption":"0", "process_success":"5", "total":"5"}}
{"logTime": "0425/194752", "correlationVector":"P3RqbkEQT5lwoW5PAxRLxg.5","action":"GetUpdates Response", "result":"Success", "context":Received 146 update(s). cV=P3RqbkEQT5lwoW5PAxRLxg.0;server=akswtt113000000;cloudType=Consumer;environment=Prod_westus2_prod-s01-035-nam-westus2;migrationStage=NotStarted}
{"logTime": "0425/194752", "correlationVector":"2pI0dOTZyQCX6S0OTn6UYh","action":"Initial GetUpdates", "result":"", "context":Reason: NEWLY_SUPPORTED_DATATYPE. cV=2pI0dOTZyQCX6S0OTn6UYh}
{"logTime": "0425/194752", "correlationVector":"2pI0dOTZyQCX6S0OTn6UYh.1","action":"SyncServerConnectionManagerRequest", "result":"SYNC_SERVER_OK", "context":{"environment":"Prod_westus2_prod-s01-035-nam-westus2", "migrationStage":"NotStarted", "server":"akswtt113000003"}}
{"logTime": "0425/194752", "correlationVector":"2pI0dOTZyQCX6S0OTn6UYh.2","action":"ProcessGetUpdates", "result":"Done", "context":{"dataType":"Bookmarks", "deleted":"1", "process_failed_to_decrypt":"0", "process_pending_decryption":"0", "process_success":"17", "total":"17"}}
{"logTime": "0425/194752", "correlationVector":"2pI0dOTZyQCX6S0OTn6UYh.3","action":"GetUpdates Response", "result":"Success", "context":Received 17 update(s). cV=2pI0dOTZyQCX6S0OTn6UYh.0;server=akswtt113000003;cloudType=Consumer;environment=Prod_westus2_prod-s01-035-nam-westus2;migrationStage=NotStarted}
{"logTime": "0425/194752", "correlationVector":"SVRLHNefCp0T9F5TDnH+5o","action":"Initial GetUpdates", "result":"", "context":Reason: NEWLY_SUPPORTED_DATATYPE. cV=SVRLHNefCp0T9F5TDnH+5o}
{"logTime": "0425/194752", "correlationVector":"SVRLHNefCp0T9F5TDnH+5o.1","action":"SyncServerConnectionManagerRequest", "result":"SYNC_SERVER_OK", "context":{"environment":"Prod_westus2_prod-s01-035-nam-westus2", "migrationStage":"NotStarted", "server":"akswtt113000009"}}
{"logTime": "0425/194752", "correlationVector":"SVRLHNefCp0T9F5TDnH+5o.2","action":"ProcessGetUpdates", "result":"Done", "context":{"dataType":"Autofill", "deleted":"0", "process_failed_to_decrypt":"0", "process_pending_decryption":"0", "process_success":"236", "total":"236"}}
{"logTime": "0425/194752", "correlationVector":"SVRLHNefCp0T9F5TDnH+5o.3","action":"ProcessGetUpdates", "result":"Done", "context":{"dataType":"Sessions", "deleted":"14", "process_failed_to_decrypt":"0", "process_pending_decryption":"0", "process_success":"14", "total":"14"}}
{"logTime": "0425/194752", "correlationVector":"SVRLHNefCp0T9F5TDnH+5o.4","action":"GetUpdates Response", "result":"Success", "context":Received 250 update(s). cV=SVRLHNefCp0T9F5TDnH+5o.0;server=akswtt113000009;cloudType=Consumer;environment=Prod_westus2_prod-s01-035-nam-westus2;migrationStage=NotStarted Some updates remain.}
{"logTime": "0425/194752", "correlationVector":"diRfSPIS9iudw94lipVvks","action":"Initial GetUpdates", "result":"", "context":Reason: NEWLY_SUPPORTED_DATATYPE. cV=diRfSPIS9iudw94lipVvks}
{"logTime": "0425/194753", "correlationVector":"diRfSPIS9iudw94lipVvks.1","action":"SyncServerConnectionManagerRequest", "result":"SYNC_SERVER_OK", "context":{"environment":"Prod_westus2_prod-s01-035-nam-westus2", "migrationStage":"NotStarted", "server":"akswtt11300000c"}}
{"logTime": "0425/194753", "correlationVector":"diRfSPIS9iudw94lipVvks.2","action":"ProcessGetUpdates", "result":"Done", "context":{"dataType":"Sessions", "deleted":"248", "process_failed_to_decrypt":"0", "process_pending_decryption":"0", "process_success":"248", "total":"248"}}
{"logTime": "0425/194753", "correlationVector":"diRfSPIS9iudw94lipVvks.3","action":"ProcessGetUpdates", "result":"Done", "context":{"dataType":"Edge Hub App Usage", "deleted":"1", "process_failed_to_decrypt":"0", "process_pending_decryption":"0", "process_success":"2", "total":"2"}}
{"logTime": "0425/194753", "correlationVector":"diRfSPIS9iudw94lipVvks.4","action":"GetUpdates Response", "result":"Success", "context":Received 250 update(s). cV=diRfSPIS9iudw94lipVvks.0;server=akswtt11300000c;cloudType=Consumer;environment=Prod_westus2_prod-s01-035-nam-westus2;migrationStage=NotStarted Some updates remain.}
{"logTime": "0425/194753", "correlationVector":"HxiqewC0jHXf5a1MAyWPk6","action":"Initial GetUpdates", "result":"", "context":Reason: NEWLY_SUPPORTED_DATATYPE. cV=HxiqewC0jHXf5a1MAyWPk6}
{"logTime": "0425/194753", "correlationVector":"HxiqewC0jHXf5a1MAyWPk6.1","action":"SyncServerConnectionManagerRequest", "result":"SYNC_SERVER_OK", "context":{"environment":"Prod_westus2_prod-s01-035-nam-westus2", "migrationStage":"NotStarted", "server":"akswtt11300000a"}}
{"logTime": "0425/194753", "correlationVector":"HxiqewC0jHXf5a1MAyWPk6.2","action":"ProcessGetUpdates", "result":"Done", "context":{"dataType":"Sessions", "deleted":"243", "process_failed_to_decrypt":"0", "process_pending_decryption":"0", "process_success":"243", "total":"243"}}
{"logTime": "0425/194753", "correlationVector":"HxiqewC0jHXf5a1MAyWPk6.3","action":"ProcessGetUpdates", "result":"Done", "context":{"dataType":"Saved Tab Group", "deleted":"0", "process_failed_to_decrypt":"0", "process_pending_decryption":"0", "process_success":"4", "total":"4"}}
{"logTime": "0425/194753", "correlationVector":"HxiqewC0jHXf5a1MAyWPk6.4","action":"ProcessGetUpdates", "result":"Done", "context":{"dataType":"Edge Hub App Usage", "deleted":"3", "process_failed_to_decrypt":"0", "process_pending_decryption":"0", "process_success":"3", "total":"3"}}
{"logTime": "0425/194753", "correlationVector":"HxiqewC0jHXf5a1MAyWPk6.5","action":"GetUpdates Response", "result":"Success", "context":Received 250 update(s). cV=HxiqewC0jHXf5a1MAyWPk6.0;server=akswtt11300000a;cloudType=Consumer;environment=Prod_westus2_prod-s01-035-nam-westus2;migrationStage=NotStarted Some updates remain.}
{"logTime": "0425/194753", "correlationVector":"e9huGM5KFd0wkPOfwZGYPn","action":"Initial GetUpdates", "result":"", "context":Reason: NEWLY_SUPPORTED_DATATYPE. cV=e9huGM5KFd0wkPOfwZGYPn}
{"logTime": "0425/194753", "correlationVector":"e9huGM5KFd0wkPOfwZGYPn.1","action":"SyncServerConnectionManagerRequest", "result":"SYNC_SERVER_OK", "context":{"environment":"Prod_westus2_prod-s01-035-nam-westus2", "migrationStage":"NotStarted", "server":"akswtt11300000i"}}
{"logTime": "0425/194753", "correlationVector":"e9huGM5KFd0wkPOfwZGYPn.2","action":"ProcessGetUpdates", "result":"Done", "context":{"dataType":"Extensions", "deleted":"0", "process_failed_to_decrypt":"0", "process_pending_decryption":"0", "process_success":"1", "total":"1"}}
{"logTime": "0425/194753", "correlationVector":"e9huGM5KFd0wkPOfwZGYPn.3","action":"ProcessGetUpdates", "result":"Done", "context":{"dataType":"Sessions", "deleted":"248", "process_failed_to_decrypt":"0", "process_pending_decryption":"0", "process_success":"248", "total":"248"}}
{"logTime": "0425/194753", "correlationVector":"e9huGM5KFd0wkPOfwZGYPn.4","action":"ProcessGetUpdates", "result":"Done", "context":{"dataType":"Edge Hub App Usage", "deleted":"1", "process_failed_to_decrypt":"0", "process_pending_decryption":"0", "process_success":"1", "total":"1"}}
{"logTime": "0425/194753", "correlationVector":"e9huGM5KFd0wkPOfwZGYPn.5","action":"GetUpdates Response", "result":"Success", "context":Received 250 update(s). cV=e9huGM5KFd0wkPOfwZGYPn.0;server=akswtt11300000i;cloudType=Consumer;environment=Prod_westus2_prod-s01-035-nam-westus2;migrationStage=NotStarted Some updates remain.}
{"logTime": "0425/194753", "correlationVector":"L2QQ5p4UMHJZXaLCrxAVHW","action":"Initial GetUpdates", "result":"", "context":Reason: NEWLY_SUPPORTED_DATATYPE. cV=L2QQ5p4UMHJZXaLCrxAVHW}
{"logTime": "0425/194754", "correlationVector":"L2QQ5p4UMHJZXaLCrxAVHW.1","action":"SyncServerConnectionManagerRequest", "result":"SYNC_SERVER_OK", "context":{"environment":"Prod_westus2_prod-s01-035-nam-westus2", "migrationStage":"NotStarted", "server":"akswtt11300000q"}}
{"logTime": "0425/194754", "correlationVector":"L2QQ5p4UMHJZXaLCrxAVHW.2","action":"ProcessGetUpdates", "result":"Done", "context":{"dataType":"Sessions", "deleted":"248", "process_failed_to_decrypt":"0", "process_pending_decryption":"0", "process_success":"248", "total":"248"}}
{"logTime": "0425/194754", "correlationVector":"L2QQ5p4UMHJZXaLCrxAVHW.3","action":"ProcessGetUpdates", "result":"Done", "context":{"dataType":"Edge Hub App Usage", "deleted":"1", "process_failed_to_decrypt":"0", "process_pending_decryption":"0", "process_success":"2", "total":"2"}}
{"logTime": "0425/194754", "correlationVector":"L2QQ5p4UMHJZXaLCrxAVHW.4","action":"GetUpdates Response", "result":"Success", "context":Received 250 update(s). cV=L2QQ5p4UMHJZXaLCrxAVHW.0;server=akswtt11300000q;cloudType=Consumer;environment=Prod_westus2_prod-s01-035-nam-westus2;migrationStage=NotStarted Some updates remain.}
{"logTime": "0425/194754", "correlationVector":"soL4Y5DItVdXjbOiCOZ1bB","action":"Initial GetUpdates", "result":"", "context":Reason: NEWLY_SUPPORTED_DATATYPE. cV=soL4Y5DItVdXjbOiCOZ1bB}
{"logTime": "0425/194754", "correlationVector":"soL4Y5DItVdXjbOiCOZ1bB.1","action":"SyncServerConnectionManagerRequest", "result":"SYNC_SERVER_OK", "context":{"environment":"Prod_westus2_prod-s01-035-nam-westus2", "migrationStage":"NotStarted", "server":"akswtt11300000g"}}
{"logTime": "0425/194754", "correlationVector":"soL4Y5DItVdXjbOiCOZ1bB.2","action":"ProcessGetUpdates", "result":"Done", "context":{"dataType":"Autofill Profiles", "deleted":"0", "process_failed_to_decrypt":"0", "process_pending_decryption":"0", "process_success":"10", "total":"10"}}
{"logTime": "0425/194754", "correlationVector":"soL4Y5DItVdXjbOiCOZ1bB.3","action":"ProcessGetUpdates", "result":"Done", "context":{"dataType":"Autofill", "deleted":"0", "process_failed_to_decrypt":"0", "process_pending_decryption":"0", "process_success":"215", "total":"215"}}
{"logTime": "0425/194754", "correlationVector":"soL4Y5DItVdXjbOiCOZ1bB.4","action":"ProcessGetUpdates", "result":"Done", "context":{"dataType":"Sessions", "deleted":"25", "process_failed_to_decrypt":"0", "process_pending_decryption":"0", "process_success":"25", "total":"25"}}
{"logTime": "0425/194754", "correlationVector":"soL4Y5DItVdXjbOiCOZ1bB.5","action":"GetUpdates Response", "result":"Success", "context":Received 250 update(s). cV=soL4Y5DItVdXjbOiCOZ1bB.0;server=akswtt11300000g;cloudType=Consumer;environment=Prod_westus2_prod-s01-035-nam-westus2;migrationStage=NotStarted Some updates remain.}
{"logTime": "0425/194754", "correlationVector":"0+Gj3qYeNneFX0F8D+/2cF","action":"Initial GetUpdates", "result":"", "context":Reason: NEWLY_SUPPORTED_DATATYPE. cV=0+Gj3qYeNneFX0F8D+/2cF}
{"logTime": "0425/194755", "correlationVector":"0+Gj3qYeNneFX0F8D+/2cF.1","action":"SyncServerConnectionManagerRequest", "result":"SYNC_SERVER_OK", "context":{"environment":"Prod_westus2_prod-s01-035-nam-westus2", "migrationStage":"NotStarted", "server":"akswtt11300000e"}}
{"logTime": "0425/194755", "correlationVector":"0+Gj3qYeNneFX0F8D+/2cF.2","action":"ProcessGetUpdates", "result":"Done", "context":{"dataType":"Autofill Profiles", "deleted":"0", "process_failed_to_decrypt":"0", "process_pending_decryption":"0", "process_success":"1", "total":"1"}}
{"logTime": "0425/194755", "correlationVector":"0+Gj3qYeNneFX0F8D+/2cF.3","action":"ProcessGetUpdates", "result":"Done", "context":{"dataType":"Autofill", "deleted":"0", "process_failed_to_decrypt":"0", "process_pending_decryption":"0", "process_success":"234", "total":"234"}}
{"logTime": "0425/194755", "correlationVector":"0+Gj3qYeNneFX0F8D+/2cF.4","action":"ProcessGetUpdates", "result":"Done", "context":{"dataType":"Sessions", "deleted":"15", "process_failed_to_decrypt":"0", "process_pending_decryption":"0", "process_success":"15", "total":"15"}}
{"logTime": "0425/194755", "correlationVector":"0+Gj3qYeNneFX0F8D+/2cF.5","action":"GetUpdates Response", "result":"Success", "context":Received 250 update(s). cV=0+Gj3qYeNneFX0F8D+/2cF.0;server=akswtt11300000e;cloudType=Consumer;environment=Prod_westus2_prod-s01-035-nam-westus2;migrationStage=NotStarted Some updates remain.}
{"logTime": "0425/194755", "correlationVector":"0kmnFuqRxx6Y1QZUKTZBh8","action":"Initial GetUpdates", "result":"", "context":Reason: NEWLY_SUPPORTED_DATATYPE. cV=0kmnFuqRxx6Y1QZUKTZBh8}
{"logTime": "0425/194755", "correlationVector":"0kmnFuqRxx6Y1QZUKTZBh8.1","action":"SyncServerConnectionManagerRequest", "result":"SYNC_SERVER_OK", "context":{"environment":"Prod_westus2_prod-s01-035-nam-westus2", "migrationStage":"NotStarted", "server":"akswtt11300000j"}}
{"logTime": "0425/194755", "correlationVector":"0kmnFuqRxx6Y1QZUKTZBh8.2","action":"ProcessGetUpdates", "result":"Done", "context":{"dataType":"Autofill Profiles", "deleted":"0", "process_failed_to_decrypt":"0", "process_pending_decryption":"0", "process_success":"2", "total":"2"}}
{"logTime": "0425/194755", "correlationVector":"0kmnFuqRxx6Y1QZUKTZBh8.3","action":"ProcessGetUpdates", "result":"Done", "context":{"dataType":"Autofill", "deleted":"0", "process_failed_to_decrypt":"0", "process_pending_decryption":"0", "process_success":"64", "total":"64"}}
{"logTime": "0425/194755", "correlationVector":"0kmnFuqRxx6Y1QZUKTZBh8.4","action":"ProcessGetUpdates", "result":"Done", "context":{"dataType":"Extensions", "deleted":"0", "process_failed_to_decrypt":"0", "process_pending_decryption":"0", "process_success":"1", "total":"1"}}
{"logTime": "0425/194755", "correlationVector":"0kmnFuqRxx6Y1QZUKTZBh8.5","action":"ProcessGetUpdates", "result":"Done", "context":{"dataType":"Sessions", "deleted":"164", "process_failed_to_decrypt":"0", "process_pending_decryption":"0", "process_success":"181", "total":"181"}}
{"logTime": "0425/194755", "correlationVector":"0kmnFuqRxx6Y1QZUKTZBh8.6","action":"GetUpdates Response", "result":"Success", "context":Received 248 update(s). cV=0kmnFuqRxx6Y1QZUKTZBh8.0;server=akswtt11300000j;cloudType=Consumer;environment=Prod_westus2_prod-s01-035-nam-westus2;migrationStage=NotStarted}
{"logTime": "0425/194755", "correlationVector":"ath/jT3yS0xD24z3UU3Ehc","action":"Initial GetUpdates", "result":"", "context":Reason: NEWLY_SUPPORTED_DATATYPE. cV=ath/jT3yS0xD24z3UU3Ehc}
{"logTime": "0425/194755", "correlationVector":"ath/jT3yS0xD24z3UU3Ehc.1","action":"SyncServerConnectionManagerRequest", "result":"SYNC_SERVER_OK", "context":{"environment":"Prod_westus2_prod-s01-035-nam-westus2", "migrationStage":"NotStarted", "server":"akswtt11300000t"}}
{"logTime": "0425/194755", "correlationVector":"ath/jT3yS0xD24z3UU3Ehc.2","action":"ProcessGetUpdates", "result":"Done", "context":{"dataType":"History", "deleted":"0", "process_failed_to_decrypt":"0", "process_pending_decryption":"0", "process_success":"250", "total":"250"}}
{"logTime": "0425/194755", "correlationVector":"ath/jT3yS0xD24z3UU3Ehc.3","action":"GetUpdates Response", "result":"Success", "context":Received 250 update(s). cV=ath/jT3yS0xD24z3UU3Ehc.0;server=akswtt11300000t;cloudType=Consumer;environment=Prod_westus2_prod-s01-035-nam-westus2;migrationStage=NotStarted Some updates remain.}
{"logTime": "0425/194755", "correlationVector":"XNm/x2WSHvmLHsN9Tyel/P","action":"Initial GetUpdates", "result":"", "context":Reason: NEWLY_SUPPORTED_DATATYPE. cV=XNm/x2WSHvmLHsN9Tyel/P}
{"logTime": "0425/194756", "correlationVector":"XNm/x2WSHvmLHsN9Tyel/P.1","action":"SyncServerConnectionManagerRequest", "result":"SYNC_SERVER_OK", "context":{"environment":"Prod_westus2_prod-s01-035-nam-westus2", "migrationStage":"NotStarted", "server":"akswtt11300000e"}}
{"logTime": "0425/194756", "correlationVector":"XNm/x2WSHvmLHsN9Tyel/P.2","action":"ProcessGetUpdates", "result":"Done", "context":{"dataType":"History", "deleted":"0", "process_failed_to_decrypt":"0", "process_pending_decryption":"0", "process_success":"250", "total":"250"}}
{"logTime": "0425/194756", "correlationVector":"XNm/x2WSHvmLHsN9Tyel/P.3","action":"GetUpdates Response", "result":"Success", "context":Received 250 update(s). cV=XNm/x2WSHvmLHsN9Tyel/P.0;server=akswtt11300000e;cloudType=Consumer;environment=Prod_westus2_prod-s01-035-nam-westus2;migrationStage=NotStarted Some updates remain.}
{"logTime": "0425/194756", "correlationVector":"z411e6CHk7gT+TzeRVNv1o","action":"Initial GetUpdates", "result":"", "context":Reason: NEWLY_SUPPORTED_DATATYPE. cV=z411e6CHk7gT+TzeRVNv1o}
{"logTime": "0425/194756", "correlationVector":"z411e6CHk7gT+TzeRVNv1o.1","action":"SyncServerConnectionManagerRequest", "result":"SYNC_SERVER_OK", "context":{"environment":"Prod_westus2_prod-s01-035-nam-westus2", "migrationStage":"NotStarted", "server":"akswtt11300000g"}}
{"logTime": "0425/194756", "correlationVector":"z411e6CHk7gT+TzeRVNv1o.2","action":"ProcessGetUpdates", "result":"Done", "context":{"dataType":"History", "deleted":"0", "process_failed_to_decrypt":"0", "process_pending_decryption":"0", "process_success":"250", "total":"250"}}
{"logTime": "0425/194756", "correlationVector":"z411e6CHk7gT+TzeRVNv1o.3","action":"GetUpdates Response", "result":"Success", "context":Received 250 update(s). cV=z411e6CHk7gT+TzeRVNv1o.0;server=akswtt11300000g;cloudType=Consumer;environment=Prod_westus2_prod-s01-035-nam-westus2;migrationStage=NotStarted Some updates remain.}
{"logTime": "0425/194756", "correlationVector":"d1mG34cl9LJ6tCseIlQQt1","action":"Initial GetUpdates", "result":"", "context":Reason: NEWLY_SUPPORTED_DATATYPE. cV=d1mG34cl9LJ6tCseIlQQt1}
{"logTime": "0425/194757", "correlationVector":"d1mG34cl9LJ6tCseIlQQt1.1","action":"SyncServerConnectionManagerRequest", "result":"SYNC_SERVER_OK", "context":{"environment":"Prod_westus2_prod-s01-035-nam-westus2", "migrationStage":"NotStarted", "server":"akswtt113000003"}}
{"logTime": "0425/194757", "correlationVector":"d1mG34cl9LJ6tCseIlQQt1.2","action":"ProcessGetUpdates", "result":"Done", "context":{"dataType":"History", "deleted":"0", "process_failed_to_decrypt":"0", "process_pending_decryption":"0", "process_success":"250", "total":"250"}}
{"logTime": "0425/194757", "correlationVector":"d1mG34cl9LJ6tCseIlQQt1.3","action":"GetUpdates Response", "result":"Success", "context":Received 250 update(s). cV=d1mG34cl9LJ6tCseIlQQt1.0;server=akswtt113000003;cloudType=Consumer;environment=Prod_westus2_prod-s01-035-nam-westus2;migrationStage=NotStarted Some updates remain.}
{"logTime": "0425/194757", "correlationVector":"i21Cwm5ND7zTPWyNk35TXV","action":"Initial GetUpdates", "result":"", "context":Reason: NEWLY_SUPPORTED_DATATYPE. cV=i21Cwm5ND7zTPWyNk35TXV}
{"logTime": "0425/194757", "correlationVector":"i21Cwm5ND7zTPWyNk35TXV.1","action":"SyncServerConnectionManagerRequest", "result":"SYNC_SERVER_OK", "context":{"environment":"Prod_westus2_prod-s01-035-nam-westus2", "migrationStage":"NotStarted", "server":"akswtt11300000t"}}
{"logTime": "0425/194757", "correlationVector":"i21Cwm5ND7zTPWyNk35TXV.2","action":"ProcessGetUpdates", "result":"Done", "context":{"dataType":"History", "deleted":"0", "process_failed_to_decrypt":"0", "process_pending_decryption":"0", "process_success":"250", "total":"250"}}
{"logTime": "0425/194757", "correlationVector":"i21Cwm5ND7zTPWyNk35TXV.3","action":"GetUpdates Response", "result":"Success", "context":Received 250 update(s). cV=i21Cwm5ND7zTPWyNk35TXV.0;server=akswtt11300000t;cloudType=Consumer;environment=Prod_westus2_prod-s01-035-nam-westus2;migrationStage=NotStarted Some updates remain.}
{"logTime": "0425/194757", "correlationVector":"VFs3QF8yDynJCAAwAbN7Dt","action":"Initial GetUpdates", "result":"", "context":Reason: NEWLY_SUPPORTED_DATATYPE. cV=VFs3QF8yDynJCAAwAbN7Dt}
{"logTime": "0425/194757", "correlationVector":"VFs3QF8yDynJCAAwAbN7Dt.1","action":"SyncServerConnectionManagerRequest", "result":"SYNC_SERVER_OK", "context":{"environment":"Prod_westus2_prod-s01-035-nam-westus2", "migrationStage":"NotStarted", "server":"akswtt11300000e"}}
{"logTime": "0425/194757", "correlationVector":"VFs3QF8yDynJCAAwAbN7Dt.2","action":"ProcessGetUpdates", "result":"Done", "context":{"dataType":"History", "deleted":"0", "process_failed_to_decrypt":"0", "process_pending_decryption":"0", "process_success":"250", "total":"250"}}
{"logTime": "0425/194757", "correlationVector":"VFs3QF8yDynJCAAwAbN7Dt.3","action":"GetUpdates Response", "result":"Success", "context":Received 250 update(s). cV=VFs3QF8yDynJCAAwAbN7Dt.0;server=akswtt11300000e;cloudType=Consumer;environment=Prod_westus2_prod-s01-035-nam-westus2;migrationStage=NotStarted Some updates remain.}
{"logTime": "0425/194757", "correlationVector":"ao+av8eYciBZUCIz+psBEs","action":"Initial GetUpdates", "result":"", "context":Reason: NEWLY_SUPPORTED_DATATYPE. cV=ao+av8eYciBZUCIz+psBEs}
{"logTime": "0425/194758", "correlationVector":"ao+av8eYciBZUCIz+psBEs.1","action":"SyncServerConnectionManagerRequest", "result":"SYNC_SERVER_OK", "context":{"environment":"Prod_westus2_prod-s01-035-nam-westus2", "migrationStage":"NotStarted", "server":"akswtt11300000m"}}
{"logTime": "0425/194758", "correlationVector":"ao+av8eYciBZUCIz+psBEs.2","action":"ProcessGetUpdates", "result":"Done", "context":{"dataType":"History", "deleted":"0", "process_failed_to_decrypt":"0", "process_pending_decryption":"0", "process_success":"250", "total":"250"}}
{"logTime": "0425/194758", "correlationVector":"ao+av8eYciBZUCIz+psBEs.3","action":"GetUpdates Response", "result":"Success", "context":Received 250 update(s). cV=ao+av8eYciBZUCIz+psBEs.0;server=akswtt11300000m;cloudType=Consumer;environment=Prod_westus2_prod-s01-035-nam-westus2;migrationStage=NotStarted Some updates remain.}
{"logTime": "0425/194758", "correlationVector":"VSPKUw+mfJlSic3T0iFOt6","action":"Initial GetUpdates", "result":"", "context":Reason: NEWLY_SUPPORTED_DATATYPE. cV=VSPKUw+mfJlSic3T0iFOt6}
{"logTime": "0425/194758", "correlationVector":"VSPKUw+mfJlSic3T0iFOt6.1","action":"SyncServerConnectionManagerRequest", "result":"SYNC_SERVER_OK", "context":{"environment":"Prod_westus2_prod-s01-035-nam-westus2", "migrationStage":"NotStarted", "server":"akswtt113000003"}}
{"logTime": "0425/194758", "correlationVector":"VSPKUw+mfJlSic3T0iFOt6.2","action":"ProcessGetUpdates", "result":"Done", "context":{"dataType":"History", "deleted":"0", "process_failed_to_decrypt":"0", "process_pending_decryption":"0", "process_success":"250", "total":"250"}}
{"logTime": "0425/194758", "correlationVector":"VSPKUw+mfJlSic3T0iFOt6.3","action":"GetUpdates Response", "result":"Success", "context":Received 250 update(s). cV=VSPKUw+mfJlSic3T0iFOt6.0;server=akswtt113000003;cloudType=Consumer;environment=Prod_westus2_prod-s01-035-nam-westus2;migrationStage=NotStarted Some updates remain.}
{"logTime": "0425/194758", "correlationVector":"sLGnZrCDV1PR8k/7nUTwak","action":"Initial GetUpdates", "result":"", "context":Reason: NEWLY_SUPPORTED_DATATYPE. cV=sLGnZrCDV1PR8k/7nUTwak}
{"logTime": "0425/194759", "correlationVector":"sLGnZrCDV1PR8k/7nUTwak.1","action":"SyncServerConnectionManagerRequest", "result":"SYNC_SERVER_OK", "context":{"environment":"Prod_westus2_prod-s01-035-nam-westus2", "migrationStage":"NotStarted", "server":"akswtt11300000g"}}
{"logTime": "0425/194759", "correlationVector":"sLGnZrCDV1PR8k/7nUTwak.2","action":"ProcessGetUpdates", "result":"Done", "context":{"dataType":"History", "deleted":"0", "process_failed_to_decrypt":"0", "process_pending_decryption":"0", "process_success":"250", "total":"250"}}
{"logTime": "0425/194759", "correlationVector":"sLGnZrCDV1PR8k/7nUTwak.3","action":"GetUpdates Response", "result":"Success", "context":Received 250 update(s). cV=sLGnZrCDV1PR8k/7nUTwak.0;server=akswtt11300000g;cloudType=Consumer;environment=Prod_westus2_prod-s01-035-nam-westus2;migrationStage=NotStarted Some updates remain.}
{"logTime": "0425/194759", "correlationVector":"wLY1U5PFyJQWkynSi6Wukm","action":"Initial GetUpdates", "result":"", "context":Reason: NEWLY_SUPPORTED_DATATYPE. cV=wLY1U5PFyJQWkynSi6Wukm}
{"logTime": "0425/194759", "correlationVector":"wLY1U5PFyJQWkynSi6Wukm.1","action":"SyncServerConnectionManagerRequest", "result":"SYNC_SERVER_OK", "context":{"environment":"Prod_westus2_prod-s01-035-nam-westus2", "migrationStage":"NotStarted", "server":"akswtt113000003"}}
{"logTime": "0425/194759", "correlationVector":"wLY1U5PFyJQWkynSi6Wukm.2","action":"ProcessGetUpdates", "result":"Done", "context":{"dataType":"History", "deleted":"0", "process_failed_to_decrypt":"0", "process_pending_decryption":"0", "process_success":"250", "total":"250"}}
{"logTime": "0425/194759", "correlationVector":"wLY1U5PFyJQWkynSi6Wukm.3","action":"GetUpdates Response", "result":"Success", "context":Received 250 update(s). cV=wLY1U5PFyJQWkynSi6Wukm.0;server=akswtt113000003;cloudType=Consumer;environment=Prod_westus2_prod-s01-035-nam-westus2;migrationStage=NotStarted Some updates remain.}
{"logTime": "0425/194759", "correlationVector":"ObnauXhkPhWCrNR3VsBGyP","action":"Initial GetUpdates", "result":"", "context":Reason: NEWLY_SUPPORTED_DATATYPE. cV=ObnauXhkPhWCrNR3VsBGyP}
{"logTime": "0425/194800", "correlationVector":"ObnauXhkPhWCrNR3VsBGyP.1","action":"SyncServerConnectionManagerRequest", "result":"SYNC_SERVER_OK", "context":{"environment":"Prod_westus2_prod-s01-035-nam-westus2", "migrationStage":"NotStarted", "server":"akswtt11300000t"}}
{"logTime": "0425/194800", "correlationVector":"ObnauXhkPhWCrNR3VsBGyP.2","action":"ProcessGetUpdates", "result":"Done", "context":{"dataType":"History", "deleted":"0", "process_failed_to_decrypt":"0", "process_pending_decryption":"0", "process_success":"250", "total":"250"}}
{"logTime": "0425/194800", "correlationVector":"ObnauXhkPhWCrNR3VsBGyP.3","action":"GetUpdates Response", "result":"Success", "context":Received 250 update(s). cV=ObnauXhkPhWCrNR3VsBGyP.0;server=akswtt11300000t;cloudType=Consumer;environment=Prod_westus2_prod-s01-035-nam-westus2;migrationStage=NotStarted Some updates remain.}
{"logTime": "0425/194800", "correlationVector":"bGj8iV1SHF9gDWW6DQfwMa","action":"Initial GetUpdates", "result":"", "context":Reason: NEWLY_SUPPORTED_DATATYPE. cV=bGj8iV1SHF9gDWW6DQfwMa}
{"logTime": "0425/194800", "correlationVector":"bGj8iV1SHF9gDWW6DQfwMa.1","action":"SyncServerConnectionManagerRequest", "result":"SYNC_SERVER_OK", "context":{"environment":"Prod_westus2_prod-s01-035-nam-westus2", "migrationStage":"NotStarted", "server":"akswtt11300000m"}}
{"logTime": "0425/194800", "correlationVector":"bGj8iV1SHF9gDWW6DQfwMa.2","action":"ProcessGetUpdates", "result":"Done", "context":{"dataType":"History", "deleted":"0", "process_failed_to_decrypt":"0", "process_pending_decryption":"0", "process_success":"250", "total":"250"}}
{"logTime": "0425/194800", "correlationVector":"bGj8iV1SHF9gDWW6DQfwMa.3","action":"GetUpdates Response", "result":"Success", "context":Received 250 update(s). cV=bGj8iV1SHF9gDWW6DQfwMa.0;server=akswtt11300000m;cloudType=Consumer;environment=Prod_westus2_prod-s01-035-nam-westus2;migrationStage=NotStarted Some updates remain.}
{"logTime": "0425/194800", "correlationVector":"w+4l0s3t/6aJYQIZL8y+EZ","action":"Initial GetUpdates", "result":"", "context":Reason: NEWLY_SUPPORTED_DATATYPE. cV=w+4l0s3t/6aJYQIZL8y+EZ}
{"logTime": "0425/194800", "correlationVector":"w+4l0s3t/6aJYQIZL8y+EZ.1","action":"SyncServerConnectionManagerRequest", "result":"SYNC_SERVER_OK", "context":{"environment":"Prod_westus2_prod-s01-035-nam-westus2", "migrationStage":"NotStarted", "server":"akswtt11300000b"}}
{"logTime": "0425/194800", "correlationVector":"w+4l0s3t/6aJYQIZL8y+EZ.2","action":"ProcessGetUpdates", "result":"Done", "context":{"dataType":"History", "deleted":"0", "process_failed_to_decrypt":"0", "process_pending_decryption":"0", "process_success":"39", "total":"39"}}
{"logTime": "0425/194800", "correlationVector":"w+4l0s3t/6aJYQIZL8y+EZ.3","action":"GetUpdates Response", "result":"Success", "context":Received 39 update(s). cV=w+4l0s3t/6aJYQIZL8y+EZ.0;server=akswtt11300000b;cloudType=Consumer;environment=Prod_westus2_prod-s01-035-nam-westus2;migrationStage=NotStarted}
{"logTime": "0425/194800", "correlationVector":"aKyMrtrDn4VrJQF4y339Se","action":"Normal GetUpdate request", "result":"", "context":cV=aKyMrtrDn4VrJQF4y339Se
Nudged types: Sessions, Device Info, User Consents, History
Refresh requested types: Bookmarks, Preferences, Passwords, Autofill Profiles, Autofill, Extensions, Sessions, Extension settings, History Delete Directives, Device Info, User Consents, Send Tab To Self, Web Apps, History, Saved Tab Group, WebAuthn Credentials, Collection, Edge E Drop, Edge Hub App Usage, Edge Wallet, Edge Workspace, Encryption Keys}
{"logTime": "0425/194800", "correlationVector":"aKyMrtrDn4VrJQF4y339Se.1","action":"SyncServerConnectionManagerRequest", "result":"SYNC_SERVER_OK", "context":{"environment":"Prod_westus2_prod-s01-035-nam-westus2", "migrationStage":"NotStarted", "server":"akswtt113000003"}}
{"logTime": "0425/194800", "correlationVector":"aKyMrtrDn4VrJQF4y339Se.2","action":"GetUpdates Response", "result":"Success", "context":Received 0 update(s). cV=aKyMrtrDn4VrJQF4y339Se.0;server=akswtt113000003;cloudType=Consumer;environment=Prod_westus2_prod-s01-035-nam-westus2;migrationStage=NotStarted}
{"logTime": "0425/194800", "correlationVector":"dY9w6Sdy3PLIvoF0xvjpnA","action":"Commit Request", "result":"", "context":Item count: 7
Contributing types: Sessions, Device Info, User Consents, History}
{"logTime": "0425/194801", "correlationVector":"dY9w6Sdy3PLIvoF0xvjpnA.1","action":"SyncServerConnectionManagerRequest", "result":"SYNC_SERVER_OK", "context":{"environment":"Prod_westus2_prod-s01-035-nam-westus2", "migrationStage":"NotStarted", "server":"akswtt11300000b"}}
{"logTime": "0425/194801", "correlationVector":"dY9w6Sdy3PLIvoF0xvjpnA.2","action":"Commit Response", "result":"Success", "context":Result: Success. cV=dY9w6Sdy3PLIvoF0xvjpnA.0;server=akswtt11300000b;cloudType=Consumer;environment=Prod_westus2_prod-s01-035-nam-westus2;migrationStage=NotStarted}
{"logTime": "0425/194851", "correlationVector":"J+dLQEKxBe6bnxfCwzF56y","action":"Commit Request", "result":"", "context":Item count: 40
Contributing types: Passwords}
{"logTime": "0425/194852", "correlationVector":"J+dLQEKxBe6bnxfCwzF56y.1","action":"SyncServerConnectionManagerRequest", "result":"SYNC_SERVER_OK", "context":{"environment":"Prod_westus2_prod-s01-035-nam-westus2", "migrationStage":"NotStarted", "server":"akswtt11300000j"}}
{"logTime": "0425/194852", "correlationVector":"J+dLQEKxBe6bnxfCwzF56y.2","action":"Commit Response", "result":"Success", "context":Result: Success. cV=J+dLQEKxBe6bnxfCwzF56y.0;server=akswtt11300000j;cloudType=Consumer;environment=Prod_westus2_prod-s01-035-nam-westus2;migrationStage=NotStarted}
{"logTime": "0425/194852", "correlationVector":"dOtU/lX4W1na3gCZ+4fh7g","action":"Commit Request", "result":"", "context":Item count: 13
Contributing types: Passwords, Sessions, History}
{"logTime": "0425/194853", "correlationVector":"dOtU/lX4W1na3gCZ+4fh7g.1","action":"SyncServerConnectionManagerRequest", "result":"SYNC_SERVER_OK", "context":{"environment":"Prod_westus2_prod-s01-035-nam-westus2", "migrationStage":"NotStarted", "server":"akswtt11300000g"}}
{"logTime": "0425/194853", "correlationVector":"dOtU/lX4W1na3gCZ+4fh7g.2","action":"Commit Response", "result":"Success", "context":Result: Success. cV=dOtU/lX4W1na3gCZ+4fh7g.0;server=akswtt11300000g;cloudType=Consumer;environment=Prod_westus2_prod-s01-035-nam-westus2;migrationStage=NotStarted}
{"logTime": "0425/194854", "correlationVector":"CcImtAHheNXR8G6qgIwy19","action":"Normal GetUpdate request", "result":"", "context":cV=CcImtAHheNXR8G6qgIwy19
Notified types: History}
{"logTime": "0425/194854", "correlationVector":"CcImtAHheNXR8G6qgIwy19.1","action":"SyncServerConnectionManagerRequest", "result":"SYNC_SERVER_OK", "context":{"environment":"Prod_westus2_prod-s01-035-nam-westus2", "migrationStage":"NotStarted", "server":"akswtt113000003"}}
{"logTime": "0425/194854", "correlationVector":"CcImtAHheNXR8G6qgIwy19.2","action":"ProcessGetUpdates", "result":"Done", "context":{"dataType":"Passwords", "deleted":"0", "process_failed_to_decrypt":"0", "process_pending_decryption":"0", "process_success":"51", "total":"51"}}
{"logTime": "0425/194854", "correlationVector":"CcImtAHheNXR8G6qgIwy19.3","action":"ProcessGetUpdates", "result":"Done", "context":{"dataType":"Sessions", "deleted":"0", "process_failed_to_decrypt":"0", "process_pending_decryption":"0", "process_success":"4", "total":"4"}}
{"logTime": "0425/194854", "correlationVector":"CcImtAHheNXR8G6qgIwy19.4","action":"ProcessGetUpdates", "result":"Done", "context":{"dataType":"Device Info", "deleted":"0", "process_failed_to_decrypt":"0", "process_pending_decryption":"0", "process_success":"1", "total":"1"}}
{"logTime": "0425/194854", "correlationVector":"CcImtAHheNXR8G6qgIwy19.5","action":"ProcessGetUpdates", "result":"Done", "context":{"dataType":"History", "deleted":"0", "process_failed_to_decrypt":"0", "process_pending_decryption":"0", "process_success":"5", "total":"5"}}
{"logTime": "0425/194854", "correlationVector":"CcImtAHheNXR8G6qgIwy19.6","action":"GetUpdates Response", "result":"Success", "context":Received 61 update(s). cV=CcImtAHheNXR8G6qgIwy19.0;server=akswtt113000003;cloudType=Consumer;environment=Prod_westus2_prod-s01-035-nam-westus2;migrationStage=NotStarted}
{"logTime": "0425/194854", "correlationVector":"zvAqljbeZBnGjiXcnFdC2J","action":"DoCompareDataConsistency requsted types: ", "result":"Bookmarks, Preferences, Passwords, Extensions, Extension settings, History Delete Directives, Send Tab To Self, Web Apps, History, Saved Tab Group, WebAuthn Credentials, Collection, Edge E Drop, Edge Wallet, Edge Workspace, Encryption Keys"}
{"logTime": "0425/194854", "correlationVector":"zvAqljbeZBnGjiXcnFdC2J.0","action":"CompareDataConsistency result: ", "result":"Compare result: Encryption Keys is consistent. local entities count is: 1 local entities hash is: mnXhMM6uWcTDhSXh+l/E9Dko8pQ="}
{"logTime": "0425/194854", "correlationVector":"zvAqljbeZBnGjiXcnFdC2J.1","action":"CompareDataConsistency result: ", "result":"Compare result: Bookmarks is consistent. local entities count is: 10 local entities hash is: dRIJ8LTqVVfWU0uUl/z6w63RNiE="}
{"logTime": "0425/194854", "correlationVector":"zvAqljbeZBnGjiXcnFdC2J.2","action":"CompareDataConsistency result: ", "result":"Compare result: Preferences is consistent. local entities count is: 89 local entities hash is: bZ+mUtNKYg6qEOWYuKzN6yBhk48="}
{"logTime": "0425/194854", "correlationVector":"zvAqljbeZBnGjiXcnFdC2J.3","action":"CompareDataConsistency result: ", "result":"Compare result: Extensions is consistent. local entities count is: 2 local entities hash is: lJF09PksAwK+l2NzLIAVbQptmSg="}
{"logTime": "0425/194854", "correlationVector":"zvAqljbeZBnGjiXcnFdC2J.4","action":"CompareDataConsistency result: ", "result":"Compare result: Extension settings is consistent. local entities count is: 0 local entities hash is: "}
{"logTime": "0425/194854", "correlationVector":"zvAqljbeZBnGjiXcnFdC2J.5","action":"CompareDataConsistency result: ", "result":"Compare result: History Delete Directives is consistent. local entities count is: 0 local entities hash is: "}
{"logTime": "0425/194854", "correlationVector":"zvAqljbeZBnGjiXcnFdC2J.6","action":"CompareDataConsistency result: ", "result":"Server did not send this Send Tab To Self local entities count is: 0 local entities hash is: "}
{"logTime": "0425/194854", "correlationVector":"zvAqljbeZBnGjiXcnFdC2J.7","action":"CompareDataConsistency result: ", "result":"Compare result: Web Apps is consistent. local entities count is: 0 local entities hash is: "}
{"logTime": "0425/194854", "correlationVector":"zvAqljbeZBnGjiXcnFdC2J.8","action":"CompareDataConsistency result: ", "result":"Server did not send this History local entities count is: 0 local entities hash is: "}
{"logTime": "0425/194854", "correlationVector":"zvAqljbeZBnGjiXcnFdC2J.9","action":"CompareDataConsistency result: ", "result":"Compare result: Saved Tab Group is consistent. local entities count is: 4 local entities hash is: +GFk7KIWm5+J1ieLQgUiX21jXXI="}
{"logTime": "0425/194854", "correlationVector":"zvAqljbeZBnGjiXcnFdC2J.10","action":"CompareDataConsistency result: ", "result":"Server did not send this WebAuthn Credentials local entities count is: 0 local entities hash is: "}
{"logTime": "0425/194854", "correlationVector":"zvAqljbeZBnGjiXcnFdC2J.11","action":"CompareDataConsistency result: ", "result":"Compare result: Collection is consistent. local entities count is: 0 local entities hash is: "}
{"logTime": "0425/194854", "correlationVector":"zvAqljbeZBnGjiXcnFdC2J.12","action":"CompareDataConsistency result: ", "result":"Compare result: Edge E Drop is consistent. local entities count is: 0 local entities hash is: "}
{"logTime": "0425/194854", "correlationVector":"zvAqljbeZBnGjiXcnFdC2J.13","action":"CompareDataConsistency result: ", "result":"Compare result: Edge Wallet is consistent. local entities count is: 0 local entities hash is: "}
{"logTime": "0425/194854", "correlationVector":"zvAqljbeZBnGjiXcnFdC2J.14","action":"CompareDataConsistency result: ", "result":"Server did not send this Edge Workspace local entities count is: 0 local entities hash is: "}
{"logTime": "0425/194854", "correlationVector":"zvAqljbeZBnGjiXcnFdC2J.15","action":"CompareDataConsistency result: ", "result":"Compare result: Passwords is consistent. local entities count is: 52 local entities hash is: spxTvXddBrcWKwpolH7HAWoxIJQ="}
{"logTime": "0425/194854", "correlationVector":"","action":"DIAGNOSTIC_REQUEST|v1/diagnosticData/Diagnostic.SendCheckResult()|SUCCESS", "result":""}
{"logTime": "0425/194855", "correlationVector":"7KXaI3USdm7rGdSEXmJAAp","action":"Normal GetUpdate request", "result":"", "context":cV=7KXaI3USdm7rGdSEXmJAAp
Notified types: Device Info, History}
{"logTime": "0425/194856", "correlationVector":"7KXaI3USdm7rGdSEXmJAAp.1","action":"SyncServerConnectionManagerRequest", "result":"SYNC_SERVER_OK", "context":{"environment":"Prod_westus2_prod-s01-035-nam-westus2", "migrationStage":"NotStarted", "server":"akswtt113000003"}}
{"logTime": "0425/194856", "correlationVector":"7KXaI3USdm7rGdSEXmJAAp.2","action":"ProcessGetUpdates", "result":"Done", "context":{"dataType":"Sessions", "deleted":"0", "process_failed_to_decrypt":"0", "process_pending_decryption":"0", "process_success":"6", "total":"6"}}
{"logTime": "0425/194856", "correlationVector":"7KXaI3USdm7rGdSEXmJAAp.3","action":"ProcessGetUpdates", "result":"Done", "context":{"dataType":"Device Info", "deleted":"0", "process_failed_to_decrypt":"0", "process_pending_decryption":"0", "process_success":"2", "total":"2"}}
{"logTime": "0425/194856", "correlationVector":"7KXaI3USdm7rGdSEXmJAAp.4","action":"ProcessGetUpdates", "result":"Done", "context":{"dataType":"History", "deleted":"0", "process_failed_to_decrypt":"0", "process_pending_decryption":"0", "process_success":"2", "total":"2"}}
{"logTime": "0425/194856", "correlationVector":"7KXaI3USdm7rGdSEXmJAAp.5","action":"GetUpdates Response", "result":"Success", "context":Received 10 update(s). cV=7KXaI3USdm7rGdSEXmJAAp.0;server=akswtt113000003;cloudType=Consumer;environment=Prod_westus2_prod-s01-035-nam-westus2;migrationStage=NotStarted}
{"logTime": "0425/194856", "correlationVector":"1xqvPzdkPuD96bcanfp6yM","action":"Normal GetUpdate request", "result":"", "context":cV=1xqvPzdkPuD96bcanfp6yM
Notified types: Device Info, History}
{"logTime": "0425/194857", "correlationVector":"1xqvPzdkPuD96bcanfp6yM.1","action":"SyncServerConnectionManagerRequest", "result":"SYNC_SERVER_OK", "context":{"environment":"Prod_westus2_prod-s01-035-nam-westus2", "migrationStage":"NotStarted", "server":"akswtt11300000j"}}
{"logTime": "0425/194857", "correlationVector":"1xqvPzdkPuD96bcanfp6yM.2","action":"GetUpdates Response", "result":"Success", "context":Received 0 update(s). cV=1xqvPzdkPuD96bcanfp6yM.0;server=akswtt11300000j;cloudType=Consumer;environment=Prod_westus2_prod-s01-035-nam-westus2;migrationStage=NotStarted}
{"logTime": "0425/194904", "correlationVector":"SUYfzeIoMVCAMUreJdZgXO","action":"Normal GetUpdate request", "result":"", "context":cV=SUYfzeIoMVCAMUreJdZgXO
Notified types: Preferences, Device Info}
{"logTime": "0425/194904", "correlationVector":"SUYfzeIoMVCAMUreJdZgXO.1","action":"SyncServerConnectionManagerRequest", "result":"SYNC_SERVER_OK", "context":{"environment":"Prod_westus2_prod-s01-035-nam-westus2", "migrationStage":"NotStarted", "server":"akswtt11300000b"}}
{"logTime": "0425/194904", "correlationVector":"SUYfzeIoMVCAMUreJdZgXO.2","action":"ProcessGetUpdates", "result":"Done", "context":{"dataType":"Preferences", "deleted":"0", "process_failed_to_decrypt":"0", "process_pending_decryption":"0", "process_success":"1", "total":"1"}}
{"logTime": "0425/194904", "correlationVector":"SUYfzeIoMVCAMUreJdZgXO.3","action":"ProcessGetUpdates", "result":"Done", "context":{"dataType":"Device Info", "deleted":"0", "process_failed_to_decrypt":"0", "process_pending_decryption":"0", "process_success":"1", "total":"1"}}
{"logTime": "0425/194904", "correlationVector":"SUYfzeIoMVCAMUreJdZgXO.4","action":"GetUpdates Response", "result":"Success", "context":Received 2 update(s). cV=SUYfzeIoMVCAMUreJdZgXO.0;server=akswtt11300000b;cloudType=Consumer;environment=Prod_westus2_prod-s01-035-nam-westus2;migrationStage=NotStarted}
{"logTime": "0425/194905", "correlationVector":"JGcyGlgDNqgD2B5uAnHQzs","action":"Normal GetUpdate request", "result":"", "context":cV=JGcyGlgDNqgD2B5uAnHQzs
Notified types: History}
{"logTime": "0425/194905", "correlationVector":"JGcyGlgDNqgD2B5uAnHQzs.1","action":"SyncServerConnectionManagerRequest", "result":"SYNC_SERVER_OK", "context":{"environment":"Prod_westus2_prod-s01-035-nam-westus2", "migrationStage":"NotStarted", "server":"akswtt11300000b"}}
{"logTime": "0425/194905", "correlationVector":"JGcyGlgDNqgD2B5uAnHQzs.2","action":"ProcessGetUpdates", "result":"Done", "context":{"dataType":"Preferences", "deleted":"0", "process_failed_to_decrypt":"0", "process_pending_decryption":"0", "process_success":"1", "total":"1"}}
{"logTime": "0425/194905", "correlationVector":"JGcyGlgDNqgD2B5uAnHQzs.3","action":"ProcessGetUpdates", "result":"Done", "context":{"dataType":"Sessions", "deleted":"0", "process_failed_to_decrypt":"0", "process_pending_decryption":"0", "process_success":"2", "total":"2"}}
{"logTime": "0425/194905", "correlationVector":"JGcyGlgDNqgD2B5uAnHQzs.4","action":"ProcessGetUpdates", "result":"Done", "context":{"dataType":"History", "deleted":"0", "process_failed_to_decrypt":"0", "process_pending_decryption":"0", "process_success":"4", "total":"4"}}
{"logTime": "0425/194905", "correlationVector":"JGcyGlgDNqgD2B5uAnHQzs.5","action":"GetUpdates Response", "result":"Success", "context":Received 7 update(s). cV=JGcyGlgDNqgD2B5uAnHQzs.0;server=akswtt11300000b;cloudType=Consumer;environment=Prod_westus2_prod-s01-035-nam-westus2;migrationStage=NotStarted}
{"logTime": "0425/194906", "correlationVector":"UJ6FYCvpy0UVytjJIzItdh","action":"Normal GetUpdate request", "result":"", "context":cV=UJ6FYCvpy0UVytjJIzItdh
Notified types: Preferences}
{"logTime": "0425/194906", "correlationVector":"UJ6FYCvpy0UVytjJIzItdh.1","action":"SyncServerConnectionManagerRequest", "result":"SYNC_SERVER_OK", "context":{"environment":"Prod_westus2_prod-s01-035-nam-westus2", "migrationStage":"NotStarted", "server":"akswtt11300000b"}}
{"logTime": "0425/194906", "correlationVector":"UJ6FYCvpy0UVytjJIzItdh.2","action":"GetUpdates Response", "result":"Success", "context":Received 0 update(s). cV=UJ6FYCvpy0UVytjJIzItdh.0;server=akswtt11300000b;cloudType=Consumer;environment=Prod_westus2_prod-s01-035-nam-westus2;migrationStage=NotStarted}
