{"logTime": "0426/163420", "correlationVector":"5IHvNG4FONyW3u8HgzHclq.1","action":"SyncServerConnectionManagerRequest", "result":"SYNC_SERVER_OK", "context":{"environment":"Prod_westus2_prod-s01-035-nam-westus2", "migrationStage":"NotStarted", "server":"akswtt113000008"}}
{"logTime": "0426/163420", "correlationVector":"5IHvNG4FONyW3u8HgzHclq.2","action":"ProcessGetUpdates", "result":"Done", "context":{"dataType":"Encryption Keys", "deleted":"0", "process_failed_to_decrypt":"0", "process_pending_decryption":"0", "process_success":"1", "total":"1"}}
{"logTime": "0426/163420", "correlationVector":"+UDlA680T1nN15xUXqC8A/","action":"SyncServerConnectionManagerRequest", "result":"SYNC_SERVER_OK", "context":{"environment":"", "migrationStage":"", "server":""}}
{"logTime": "0426/163420", "correlationVector":"+UDlA680T1nN15xUXqC8A/.0","action":"EncryptionKeysFetcher.DownloadKeys:", "result":"Success", "context":Key count: 5, Last key timestamp: 2026-04-18T03:48:13Z}
{"logTime": "0426/163420", "correlationVector":"+UDlA680T1nN15xUXqC8A/.1","action":"EncryptionKeysManager::SetEncryptionKeys:", "result":"Success", "context":Key names[5]:[lBLlivP0tL7DaZCLOxY0Ms4GCmsztTwaiZZnWuhIrvxf62WQbQQOrEOZFqDAc6XX8sNCG3UdMSQXoQPb7570QQ==][lVznK7+X4kMFXxOXBoPhpSbjH3WghWADowbo4a72vMU6iWo8i79nPTR5N+6F83VtFpBywxdhc0xV21a2Jm/A6g==][Rkjhz4tCaGQHbFM9iina6dfubiNJH3/8Nb0P3dtJ1SeLsFRspz/UbUDes0Q9ENkkHUncnfUvSXI6M+uJbc+N9w==][qNbI0n6v/hh0ojvUbrBt2zg5a/wjTFo4ReIKDxAcek9QLy5Lb4ncifiaiqLrQxn4dHE7159KCWd7txz5PXG7pA==][EQnJNat9nLGhQ3sWluAQbvJNaL11ABTMNp2x6WBZFViiXC6pyhYenoSQCzCxCCt+LnXbXP/vleqfYDQYpxNb5A==]}
{"logTime": "0426/163420", "correlationVector":"+UDlA680T1nN15xUXqC8A/.2","action":"EncryptionKeysManager::SetEncryptionKeysWithTimestamps:", "result":"Success", "context":Key timestamps[5]:[2024-04-18T22:10:58Z][2024-10-16T20:23:03Z][2025-04-14T23:12:43Z][2025-10-14T00:38:14Z][2026-04-18T03:48:13Z]}
{"logTime": "0426/163420", "correlationVector":"5IHvNG4FONyW3u8HgzHclq","action":"Initial GetUpdates", "result":"", "context":Reason: NEW_CLIENT. cV=5IHvNG4FONyW3u8HgzHclq}
{"logTime": "0426/163420", "correlationVector":"5IHvNG4FONyW3u8HgzHclq.3","action":"GetUpdates Response", "result":"Success", "context":Received 1 update(s). cV=5IHvNG4FONyW3u8HgzHclq.0;server=akswtt113000008;cloudType=Consumer;environment=Prod_westus2_prod-s01-035-nam-westus2;migrationStage=NotStarted}
{"logTime": "0426/163420", "correlationVector":"lEdN5IDC3UnSaPO+snMaHg","action":"Initial GetUpdates", "result":"", "context":Reason: NEWLY_SUPPORTED_DATATYPE. cV=lEdN5IDC3UnSaPO+snMaHg}
{"logTime": "0426/163421", "correlationVector":"lEdN5IDC3UnSaPO+snMaHg.1","action":"SyncServerConnectionManagerRequest", "result":"SYNC_SERVER_OK", "context":{"environment":"Prod_westus2_prod-s01-035-nam-westus2", "migrationStage":"NotStarted", "server":"akswtt11300000i"}}
{"logTime": "0426/163421", "correlationVector":"lEdN5IDC3UnSaPO+snMaHg.2","action":"ProcessGetUpdates", "result":"Done", "context":{"dataType":"Preferences", "deleted":"0", "process_failed_to_decrypt":"0", "process_pending_decryption":"0", "process_success":"89", "total":"89"}}
{"logTime": "0426/163421", "correlationVector":"lEdN5IDC3UnSaPO+snMaHg.3","action":"ProcessGetUpdates", "result":"Done", "context":{"dataType":"Passwords", "deleted":"0", "process_failed_to_decrypt":"0", "process_pending_decryption":"0", "process_success":"52", "total":"52"}}
{"logTime": "0426/163421", "correlationVector":"lEdN5IDC3UnSaPO+snMaHg.4","action":"ProcessGetUpdates", "result":"Done", "context":{"dataType":"Device Info", "deleted":"0", "process_failed_to_decrypt":"0", "process_pending_decryption":"0", "process_success":"24", "total":"24"}}
{"logTime": "0426/163421", "correlationVector":"lEdN5IDC3UnSaPO+snMaHg.5","action":"GetUpdates Response", "result":"Success", "context":Received 165 update(s). cV=lEdN5IDC3UnSaPO+snMaHg.0;server=akswtt11300000i;cloudType=Consumer;environment=Prod_westus2_prod-s01-035-nam-westus2;migrationStage=NotStarted}
{"logTime": "0426/163421", "correlationVector":"+ZTU+AUuxxMsm9J/AogSX5","action":"Initial GetUpdates", "result":"", "context":Reason: NEWLY_SUPPORTED_DATATYPE. cV=+ZTU+AUuxxMsm9J/AogSX5}
{"logTime": "0426/163421", "correlationVector":"+ZTU+AUuxxMsm9J/AogSX5.1","action":"SyncServerConnectionManagerRequest", "result":"SYNC_SERVER_OK", "context":{"environment":"Prod_westus2_prod-s01-035-nam-westus2", "migrationStage":"NotStarted", "server":"akswtt11300000r"}}
{"logTime": "0426/163421", "correlationVector":"+ZTU+AUuxxMsm9J/AogSX5.2","action":"ProcessGetUpdates", "result":"Done", "context":{"dataType":"Bookmarks", "deleted":"1", "process_failed_to_decrypt":"0", "process_pending_decryption":"0", "process_success":"17", "total":"17"}}
{"logTime": "0426/163421", "correlationVector":"+ZTU+AUuxxMsm9J/AogSX5.3","action":"GetUpdates Response", "result":"Success", "context":Received 17 update(s). cV=+ZTU+AUuxxMsm9J/AogSX5.0;server=akswtt11300000r;cloudType=Consumer;environment=Prod_westus2_prod-s01-035-nam-westus2;migrationStage=NotStarted}
{"logTime": "0426/163421", "correlationVector":"v3BWmh4FWj/iZB9SiQv6wU","action":"Initial GetUpdates", "result":"", "context":Reason: NEWLY_SUPPORTED_DATATYPE. cV=v3BWmh4FWj/iZB9SiQv6wU}
{"logTime": "0426/163421", "correlationVector":"v3BWmh4FWj/iZB9SiQv6wU.1","action":"SyncServerConnectionManagerRequest", "result":"SYNC_SERVER_OK", "context":{"environment":"Prod_westus2_prod-s01-035-nam-westus2", "migrationStage":"NotStarted", "server":"akswtt11300000o"}}
{"logTime": "0426/163421", "correlationVector":"v3BWmh4FWj/iZB9SiQv6wU.2","action":"ProcessGetUpdates", "result":"Done", "context":{"dataType":"Autofill", "deleted":"0", "process_failed_to_decrypt":"0", "process_pending_decryption":"0", "process_success":"236", "total":"236"}}
{"logTime": "0426/163421", "correlationVector":"v3BWmh4FWj/iZB9SiQv6wU.3","action":"ProcessGetUpdates", "result":"Done", "context":{"dataType":"Sessions", "deleted":"14", "process_failed_to_decrypt":"0", "process_pending_decryption":"0", "process_success":"14", "total":"14"}}
{"logTime": "0426/163421", "correlationVector":"v3BWmh4FWj/iZB9SiQv6wU.4","action":"GetUpdates Response", "result":"Success", "context":Received 250 update(s). cV=v3BWmh4FWj/iZB9SiQv6wU.0;server=akswtt11300000o;cloudType=Consumer;environment=Prod_westus2_prod-s01-035-nam-westus2;migrationStage=NotStarted Some updates remain.}
{"logTime": "0426/163421", "correlationVector":"cWQBDcP3jVAlqxTzy0GN+S","action":"Initial GetUpdates", "result":"", "context":Reason: NEWLY_SUPPORTED_DATATYPE. cV=cWQBDcP3jVAlqxTzy0GN+S}
{"logTime": "0426/163422", "correlationVector":"cWQBDcP3jVAlqxTzy0GN+S.1","action":"SyncServerConnectionManagerRequest", "result":"SYNC_SERVER_OK", "context":{"environment":"Prod_westus2_prod-s01-035-nam-westus2", "migrationStage":"NotStarted", "server":"akswtt11300000f"}}
{"logTime": "0426/163422", "correlationVector":"cWQBDcP3jVAlqxTzy0GN+S.2","action":"ProcessGetUpdates", "result":"Done", "context":{"dataType":"Sessions", "deleted":"248", "process_failed_to_decrypt":"0", "process_pending_decryption":"0", "process_success":"248", "total":"248"}}
{"logTime": "0426/163422", "correlationVector":"cWQBDcP3jVAlqxTzy0GN+S.3","action":"ProcessGetUpdates", "result":"Done", "context":{"dataType":"Edge Hub App Usage", "deleted":"1", "process_failed_to_decrypt":"0", "process_pending_decryption":"0", "process_success":"2", "total":"2"}}
{"logTime": "0426/163422", "correlationVector":"cWQBDcP3jVAlqxTzy0GN+S.4","action":"GetUpdates Response", "result":"Success", "context":Received 250 update(s). cV=cWQBDcP3jVAlqxTzy0GN+S.0;server=akswtt11300000f;cloudType=Consumer;environment=Prod_westus2_prod-s01-035-nam-westus2;migrationStage=NotStarted Some updates remain.}
{"logTime": "0426/163422", "correlationVector":"e+tH66YraNBGTiuIUBycjX","action":"Initial GetUpdates", "result":"", "context":Reason: NEWLY_SUPPORTED_DATATYPE. cV=e+tH66YraNBGTiuIUBycjX}
{"logTime": "0426/163422", "correlationVector":"e+tH66YraNBGTiuIUBycjX.1","action":"SyncServerConnectionManagerRequest", "result":"SYNC_SERVER_OK", "context":{"environment":"Prod_westus2_prod-s01-035-nam-westus2", "migrationStage":"NotStarted", "server":"akswtt113000001"}}
{"logTime": "0426/163422", "correlationVector":"e+tH66YraNBGTiuIUBycjX.2","action":"ProcessGetUpdates", "result":"Done", "context":{"dataType":"Sessions", "deleted":"243", "process_failed_to_decrypt":"0", "process_pending_decryption":"0", "process_success":"243", "total":"243"}}
{"logTime": "0426/163422", "correlationVector":"e+tH66YraNBGTiuIUBycjX.3","action":"ProcessGetUpdates", "result":"Done", "context":{"dataType":"Saved Tab Group", "deleted":"0", "process_failed_to_decrypt":"0", "process_pending_decryption":"0", "process_success":"4", "total":"4"}}
{"logTime": "0426/163422", "correlationVector":"e+tH66YraNBGTiuIUBycjX.4","action":"ProcessGetUpdates", "result":"Done", "context":{"dataType":"Edge Hub App Usage", "deleted":"3", "process_failed_to_decrypt":"0", "process_pending_decryption":"0", "process_success":"3", "total":"3"}}
{"logTime": "0426/163422", "correlationVector":"e+tH66YraNBGTiuIUBycjX.5","action":"GetUpdates Response", "result":"Success", "context":Received 250 update(s). cV=e+tH66YraNBGTiuIUBycjX.0;server=akswtt113000001;cloudType=Consumer;environment=Prod_westus2_prod-s01-035-nam-westus2;migrationStage=NotStarted Some updates remain.}
{"logTime": "0426/163422", "correlationVector":"9SlT3JFzY4mvjoDNZ2vDCn","action":"Initial GetUpdates", "result":"", "context":Reason: NEWLY_SUPPORTED_DATATYPE. cV=9SlT3JFzY4mvjoDNZ2vDCn}
{"logTime": "0426/163422", "correlationVector":"9SlT3JFzY4mvjoDNZ2vDCn.1","action":"SyncServerConnectionManagerRequest", "result":"SYNC_SERVER_OK", "context":{"environment":"Prod_westus2_prod-s01-035-nam-westus2", "migrationStage":"NotStarted", "server":"akswtt113000008"}}
{"logTime": "0426/163422", "correlationVector":"9SlT3JFzY4mvjoDNZ2vDCn.2","action":"ProcessGetUpdates", "result":"Done", "context":{"dataType":"Extensions", "deleted":"0", "process_failed_to_decrypt":"0", "process_pending_decryption":"0", "process_success":"1", "total":"1"}}
{"logTime": "0426/163422", "correlationVector":"9SlT3JFzY4mvjoDNZ2vDCn.3","action":"ProcessGetUpdates", "result":"Done", "context":{"dataType":"Sessions", "deleted":"248", "process_failed_to_decrypt":"0", "process_pending_decryption":"0", "process_success":"248", "total":"248"}}
{"logTime": "0426/163422", "correlationVector":"9SlT3JFzY4mvjoDNZ2vDCn.4","action":"ProcessGetUpdates", "result":"Done", "context":{"dataType":"Edge Hub App Usage", "deleted":"1", "process_failed_to_decrypt":"0", "process_pending_decryption":"0", "process_success":"1", "total":"1"}}
{"logTime": "0426/163422", "correlationVector":"9SlT3JFzY4mvjoDNZ2vDCn.5","action":"GetUpdates Response", "result":"Success", "context":Received 250 update(s). cV=9SlT3JFzY4mvjoDNZ2vDCn.0;server=akswtt113000008;cloudType=Consumer;environment=Prod_westus2_prod-s01-035-nam-westus2;migrationStage=NotStarted Some updates remain.}
{"logTime": "0426/163422", "correlationVector":"ll3hKi00dwBoZt7UXqbbVI","action":"Initial GetUpdates", "result":"", "context":Reason: NEWLY_SUPPORTED_DATATYPE. cV=ll3hKi00dwBoZt7UXqbbVI}
{"logTime": "0426/163423", "correlationVector":"ll3hKi00dwBoZt7UXqbbVI.1","action":"SyncServerConnectionManagerRequest", "result":"SYNC_SERVER_OK", "context":{"environment":"Prod_westus2_prod-s01-035-nam-westus2", "migrationStage":"NotStarted", "server":"akswtt113000007"}}
{"logTime": "0426/163423", "correlationVector":"ll3hKi00dwBoZt7UXqbbVI.2","action":"ProcessGetUpdates", "result":"Done", "context":{"dataType":"Sessions", "deleted":"248", "process_failed_to_decrypt":"0", "process_pending_decryption":"0", "process_success":"248", "total":"248"}}
{"logTime": "0426/163423", "correlationVector":"ll3hKi00dwBoZt7UXqbbVI.3","action":"ProcessGetUpdates", "result":"Done", "context":{"dataType":"Edge Hub App Usage", "deleted":"1", "process_failed_to_decrypt":"0", "process_pending_decryption":"0", "process_success":"2", "total":"2"}}
{"logTime": "0426/163423", "correlationVector":"ll3hKi00dwBoZt7UXqbbVI.4","action":"GetUpdates Response", "result":"Success", "context":Received 250 update(s). cV=ll3hKi00dwBoZt7UXqbbVI.0;server=akswtt113000007;cloudType=Consumer;environment=Prod_westus2_prod-s01-035-nam-westus2;migrationStage=NotStarted Some updates remain.}
{"logTime": "0426/163423", "correlationVector":"pd+C2fAmauaiJ7yzfeOT5C","action":"Initial GetUpdates", "result":"", "context":Reason: NEWLY_SUPPORTED_DATATYPE. cV=pd+C2fAmauaiJ7yzfeOT5C}
{"logTime": "0426/163423", "correlationVector":"pd+C2fAmauaiJ7yzfeOT5C.1","action":"SyncServerConnectionManagerRequest", "result":"SYNC_SERVER_OK", "context":{"environment":"Prod_westus2_prod-s01-035-nam-westus2", "migrationStage":"NotStarted", "server":"akswtt113000008"}}
{"logTime": "0426/163423", "correlationVector":"pd+C2fAmauaiJ7yzfeOT5C.2","action":"ProcessGetUpdates", "result":"Done", "context":{"dataType":"Autofill Profiles", "deleted":"0", "process_failed_to_decrypt":"0", "process_pending_decryption":"0", "process_success":"10", "total":"10"}}
{"logTime": "0426/163423", "correlationVector":"pd+C2fAmauaiJ7yzfeOT5C.3","action":"ProcessGetUpdates", "result":"Done", "context":{"dataType":"Autofill", "deleted":"0", "process_failed_to_decrypt":"0", "process_pending_decryption":"0", "process_success":"231", "total":"231"}}
{"logTime": "0426/163423", "correlationVector":"pd+C2fAmauaiJ7yzfeOT5C.4","action":"ProcessGetUpdates", "result":"Done", "context":{"dataType":"Sessions", "deleted":"9", "process_failed_to_decrypt":"0", "process_pending_decryption":"0", "process_success":"9", "total":"9"}}
{"logTime": "0426/163423", "correlationVector":"pd+C2fAmauaiJ7yzfeOT5C.5","action":"GetUpdates Response", "result":"Success", "context":Received 250 update(s). cV=pd+C2fAmauaiJ7yzfeOT5C.0;server=akswtt113000008;cloudType=Consumer;environment=Prod_westus2_prod-s01-035-nam-westus2;migrationStage=NotStarted Some updates remain.}
{"logTime": "0426/163423", "correlationVector":"F1p1GKZv0AQqTSu6z8AQBB","action":"Initial GetUpdates", "result":"", "context":Reason: NEWLY_SUPPORTED_DATATYPE. cV=F1p1GKZv0AQqTSu6z8AQBB}
{"logTime": "0426/163424", "correlationVector":"F1p1GKZv0AQqTSu6z8AQBB.1","action":"SyncServerConnectionManagerRequest", "result":"SYNC_SERVER_OK", "context":{"environment":"Prod_westus2_prod-s01-035-nam-westus2", "migrationStage":"NotStarted", "server":"akswtt11300000r"}}
{"logTime": "0426/163424", "correlationVector":"F1p1GKZv0AQqTSu6z8AQBB.2","action":"ProcessGetUpdates", "result":"Done", "context":{"dataType":"Autofill Profiles", "deleted":"0", "process_failed_to_decrypt":"0", "process_pending_decryption":"0", "process_success":"1", "total":"1"}}
{"logTime": "0426/163424", "correlationVector":"F1p1GKZv0AQqTSu6z8AQBB.3","action":"ProcessGetUpdates", "result":"Done", "context":{"dataType":"Autofill", "deleted":"0", "process_failed_to_decrypt":"0", "process_pending_decryption":"0", "process_success":"234", "total":"234"}}
{"logTime": "0426/163424", "correlationVector":"F1p1GKZv0AQqTSu6z8AQBB.4","action":"ProcessGetUpdates", "result":"Done", "context":{"dataType":"Sessions", "deleted":"15", "process_failed_to_decrypt":"0", "process_pending_decryption":"0", "process_success":"15", "total":"15"}}
{"logTime": "0426/163424", "correlationVector":"F1p1GKZv0AQqTSu6z8AQBB.5","action":"GetUpdates Response", "result":"Success", "context":Received 250 update(s). cV=F1p1GKZv0AQqTSu6z8AQBB.0;server=akswtt11300000r;cloudType=Consumer;environment=Prod_westus2_prod-s01-035-nam-westus2;migrationStage=NotStarted Some updates remain.}
{"logTime": "0426/163424", "correlationVector":"fye1P6C+IU/QSDg9dIbKUv","action":"Initial GetUpdates", "result":"", "context":Reason: NEWLY_SUPPORTED_DATATYPE. cV=fye1P6C+IU/QSDg9dIbKUv}
{"logTime": "0426/163424", "correlationVector":"fye1P6C+IU/QSDg9dIbKUv.1","action":"SyncServerConnectionManagerRequest", "result":"SYNC_SERVER_OK", "context":{"environment":"Prod_westus2_prod-s01-035-nam-westus2", "migrationStage":"NotStarted", "server":"akswtt11300000f"}}
{"logTime": "0426/163424", "correlationVector":"fye1P6C+IU/QSDg9dIbKUv.2","action":"ProcessGetUpdates", "result":"Done", "context":{"dataType":"Autofill Profiles", "deleted":"0", "process_failed_to_decrypt":"0", "process_pending_decryption":"0", "process_success":"2", "total":"2"}}
{"logTime": "0426/163424", "correlationVector":"fye1P6C+IU/QSDg9dIbKUv.3","action":"ProcessGetUpdates", "result":"Done", "context":{"dataType":"Autofill", "deleted":"0", "process_failed_to_decrypt":"0", "process_pending_decryption":"0", "process_success":"48", "total":"48"}}
{"logTime": "0426/163424", "correlationVector":"fye1P6C+IU/QSDg9dIbKUv.4","action":"ProcessGetUpdates", "result":"Done", "context":{"dataType":"Extensions", "deleted":"0", "process_failed_to_decrypt":"0", "process_pending_decryption":"0", "process_success":"1", "total":"1"}}
{"logTime": "0426/163424", "correlationVector":"fye1P6C+IU/QSDg9dIbKUv.5","action":"ProcessGetUpdates", "result":"Done", "context":{"dataType":"Sessions", "deleted":"175", "process_failed_to_decrypt":"0", "process_pending_decryption":"0", "process_success":"199", "total":"199"}}
{"logTime": "0426/163424", "correlationVector":"fye1P6C+IU/QSDg9dIbKUv.6","action":"GetUpdates Response", "result":"Success", "context":Received 250 update(s). cV=fye1P6C+IU/QSDg9dIbKUv.0;server=akswtt11300000f;cloudType=Consumer;environment=Prod_westus2_prod-s01-035-nam-westus2;migrationStage=NotStarted Some updates remain.}
{"logTime": "0426/163424", "correlationVector":"eW6xCzQ5y7LjhULal00kJV","action":"Initial GetUpdates", "result":"", "context":Reason: NEWLY_SUPPORTED_DATATYPE. cV=eW6xCzQ5y7LjhULal00kJV}
{"logTime": "0426/163424", "correlationVector":"eW6xCzQ5y7LjhULal00kJV.1","action":"SyncServerConnectionManagerRequest", "result":"SYNC_SERVER_OK", "context":{"environment":"Prod_westus2_prod-s01-035-nam-westus2", "migrationStage":"NotStarted", "server":"akswtt11300000a"}}
{"logTime": "0426/163424", "correlationVector":"eW6xCzQ5y7LjhULal00kJV.2","action":"ProcessGetUpdates", "result":"Done", "context":{"dataType":"Sessions", "deleted":"9", "process_failed_to_decrypt":"0", "process_pending_decryption":"0", "process_success":"55", "total":"55"}}
{"logTime": "0426/163424", "correlationVector":"eW6xCzQ5y7LjhULal00kJV.3","action":"GetUpdates Response", "result":"Success", "context":Received 55 update(s). cV=eW6xCzQ5y7LjhULal00kJV.0;server=akswtt11300000a;cloudType=Consumer;environment=Prod_westus2_prod-s01-035-nam-westus2;migrationStage=NotStarted}
{"logTime": "0426/163424", "correlationVector":"p4/9rbJFykPMbZ4fu/aPIC","action":"Initial GetUpdates", "result":"", "context":Reason: NEWLY_SUPPORTED_DATATYPE. cV=p4/9rbJFykPMbZ4fu/aPIC}
{"logTime": "0426/163425", "correlationVector":"p4/9rbJFykPMbZ4fu/aPIC.1","action":"SyncServerConnectionManagerRequest", "result":"SYNC_SERVER_OK", "context":{"environment":"Prod_westus2_prod-s01-035-nam-westus2", "migrationStage":"NotStarted", "server":"akswtt11300000f"}}
{"logTime": "0426/163425", "correlationVector":"p4/9rbJFykPMbZ4fu/aPIC.2","action":"ProcessGetUpdates", "result":"Done", "context":{"dataType":"History", "deleted":"0", "process_failed_to_decrypt":"0", "process_pending_decryption":"0", "process_success":"250", "total":"250"}}
{"logTime": "0426/163425", "correlationVector":"p4/9rbJFykPMbZ4fu/aPIC.3","action":"GetUpdates Response", "result":"Success", "context":Received 250 update(s). cV=p4/9rbJFykPMbZ4fu/aPIC.0;server=akswtt11300000f;cloudType=Consumer;environment=Prod_westus2_prod-s01-035-nam-westus2;migrationStage=NotStarted Some updates remain.}
{"logTime": "0426/163425", "correlationVector":"a0bS2+/sZarC4CB8S+bzvZ","action":"Initial GetUpdates", "result":"", "context":Reason: NEWLY_SUPPORTED_DATATYPE. cV=a0bS2+/sZarC4CB8S+bzvZ}
{"logTime": "0426/163425", "correlationVector":"a0bS2+/sZarC4CB8S+bzvZ.1","action":"SyncServerConnectionManagerRequest", "result":"SYNC_SERVER_OK", "context":{"environment":"Prod_westus2_prod-s01-035-nam-westus2", "migrationStage":"NotStarted", "server":"akswtt11300000f"}}
{"logTime": "0426/163425", "correlationVector":"a0bS2+/sZarC4CB8S+bzvZ.2","action":"ProcessGetUpdates", "result":"Done", "context":{"dataType":"History", "deleted":"0", "process_failed_to_decrypt":"0", "process_pending_decryption":"0", "process_success":"250", "total":"250"}}
{"logTime": "0426/163425", "correlationVector":"a0bS2+/sZarC4CB8S+bzvZ.3","action":"GetUpdates Response", "result":"Success", "context":Received 250 update(s). cV=a0bS2+/sZarC4CB8S+bzvZ.0;server=akswtt11300000f;cloudType=Consumer;environment=Prod_westus2_prod-s01-035-nam-westus2;migrationStage=NotStarted Some updates remain.}
{"logTime": "0426/163425", "correlationVector":"9EAVkDsLje2LO/AGccSyvJ","action":"Initial GetUpdates", "result":"", "context":Reason: NEWLY_SUPPORTED_DATATYPE. cV=9EAVkDsLje2LO/AGccSyvJ}
{"logTime": "0426/163426", "correlationVector":"9EAVkDsLje2LO/AGccSyvJ.1","action":"SyncServerConnectionManagerRequest", "result":"SYNC_SERVER_OK", "context":{"environment":"Prod_westus2_prod-s01-035-nam-westus2", "migrationStage":"NotStarted", "server":"akswtt11300000r"}}
{"logTime": "0426/163426", "correlationVector":"9EAVkDsLje2LO/AGccSyvJ.2","action":"ProcessGetUpdates", "result":"Done", "context":{"dataType":"History", "deleted":"0", "process_failed_to_decrypt":"0", "process_pending_decryption":"0", "process_success":"250", "total":"250"}}
{"logTime": "0426/163426", "correlationVector":"9EAVkDsLje2LO/AGccSyvJ.3","action":"GetUpdates Response", "result":"Success", "context":Received 250 update(s). cV=9EAVkDsLje2LO/AGccSyvJ.0;server=akswtt11300000r;cloudType=Consumer;environment=Prod_westus2_prod-s01-035-nam-westus2;migrationStage=NotStarted Some updates remain.}
{"logTime": "0426/163426", "correlationVector":"xLqDDsxAZlVoudNp1adIKP","action":"Initial GetUpdates", "result":"", "context":Reason: NEWLY_SUPPORTED_DATATYPE. cV=xLqDDsxAZlVoudNp1adIKP}
{"logTime": "0426/163426", "correlationVector":"xLqDDsxAZlVoudNp1adIKP.1","action":"SyncServerConnectionManagerRequest", "result":"SYNC_SERVER_OK", "context":{"environment":"Prod_westus2_prod-s01-035-nam-westus2", "migrationStage":"NotStarted", "server":"akswtt11300000f"}}
{"logTime": "0426/163426", "correlationVector":"xLqDDsxAZlVoudNp1adIKP.2","action":"ProcessGetUpdates", "result":"Done", "context":{"dataType":"History", "deleted":"0", "process_failed_to_decrypt":"0", "process_pending_decryption":"0", "process_success":"250", "total":"250"}}
{"logTime": "0426/163426", "correlationVector":"xLqDDsxAZlVoudNp1adIKP.3","action":"GetUpdates Response", "result":"Success", "context":Received 250 update(s). cV=xLqDDsxAZlVoudNp1adIKP.0;server=akswtt11300000f;cloudType=Consumer;environment=Prod_westus2_prod-s01-035-nam-westus2;migrationStage=NotStarted Some updates remain.}
{"logTime": "0426/163426", "correlationVector":"Twjo9yaF43ATcCK3vmIlTN","action":"Initial GetUpdates", "result":"", "context":Reason: NEWLY_SUPPORTED_DATATYPE. cV=Twjo9yaF43ATcCK3vmIlTN}
{"logTime": "0426/163426", "correlationVector":"Twjo9yaF43ATcCK3vmIlTN.1","action":"SyncServerConnectionManagerRequest", "result":"SYNC_SERVER_OK", "context":{"environment":"Prod_westus2_prod-s01-035-nam-westus2", "migrationStage":"NotStarted", "server":"akswtt11300000r"}}
{"logTime": "0426/163426", "correlationVector":"Twjo9yaF43ATcCK3vmIlTN.2","action":"ProcessGetUpdates", "result":"Done", "context":{"dataType":"History", "deleted":"0", "process_failed_to_decrypt":"0", "process_pending_decryption":"0", "process_success":"250", "total":"250"}}
{"logTime": "0426/163426", "correlationVector":"Twjo9yaF43ATcCK3vmIlTN.3","action":"GetUpdates Response", "result":"Success", "context":Received 250 update(s). cV=Twjo9yaF43ATcCK3vmIlTN.0;server=akswtt11300000r;cloudType=Consumer;environment=Prod_westus2_prod-s01-035-nam-westus2;migrationStage=NotStarted Some updates remain.}
{"logTime": "0426/163426", "correlationVector":"GxjLO1GbXFzVWJMrTscatw","action":"Initial GetUpdates", "result":"", "context":Reason: NEWLY_SUPPORTED_DATATYPE. cV=GxjLO1GbXFzVWJMrTscatw}
{"logTime": "0426/163427", "correlationVector":"GxjLO1GbXFzVWJMrTscatw.1","action":"SyncServerConnectionManagerRequest", "result":"SYNC_SERVER_OK", "context":{"environment":"Prod_westus2_prod-s01-035-nam-westus2", "migrationStage":"NotStarted", "server":"akswtt11300000a"}}
{"logTime": "0426/163427", "correlationVector":"GxjLO1GbXFzVWJMrTscatw.2","action":"ProcessGetUpdates", "result":"Done", "context":{"dataType":"History", "deleted":"0", "process_failed_to_decrypt":"0", "process_pending_decryption":"0", "process_success":"250", "total":"250"}}
{"logTime": "0426/163427", "correlationVector":"GxjLO1GbXFzVWJMrTscatw.3","action":"GetUpdates Response", "result":"Success", "context":Received 250 update(s). cV=GxjLO1GbXFzVWJMrTscatw.0;server=akswtt11300000a;cloudType=Consumer;environment=Prod_westus2_prod-s01-035-nam-westus2;migrationStage=NotStarted Some updates remain.}
{"logTime": "0426/163427", "correlationVector":"+RDGhHU3imoXU9Xn6+84mh","action":"Initial GetUpdates", "result":"", "context":Reason: NEWLY_SUPPORTED_DATATYPE. cV=+RDGhHU3imoXU9Xn6+84mh}
{"logTime": "0426/163427", "correlationVector":"+RDGhHU3imoXU9Xn6+84mh.1","action":"SyncServerConnectionManagerRequest", "result":"SYNC_SERVER_OK", "context":{"environment":"Prod_westus2_prod-s01-035-nam-westus2", "migrationStage":"NotStarted", "server":"akswtt113000007"}}
{"logTime": "0426/163427", "correlationVector":"+RDGhHU3imoXU9Xn6+84mh.2","action":"ProcessGetUpdates", "result":"Done", "context":{"dataType":"History", "deleted":"0", "process_failed_to_decrypt":"0", "process_pending_decryption":"0", "process_success":"250", "total":"250"}}
{"logTime": "0426/163427", "correlationVector":"+RDGhHU3imoXU9Xn6+84mh.3","action":"GetUpdates Response", "result":"Success", "context":Received 250 update(s). cV=+RDGhHU3imoXU9Xn6+84mh.0;server=akswtt113000007;cloudType=Consumer;environment=Prod_westus2_prod-s01-035-nam-westus2;migrationStage=NotStarted Some updates remain.}
{"logTime": "0426/163427", "correlationVector":"dxyrUSPKK8KjAEbNlnYq9C","action":"Initial GetUpdates", "result":"", "context":Reason: NEWLY_SUPPORTED_DATATYPE. cV=dxyrUSPKK8KjAEbNlnYq9C}
{"logTime": "0426/163428", "correlationVector":"dxyrUSPKK8KjAEbNlnYq9C.1","action":"SyncServerConnectionManagerRequest", "result":"SYNC_SERVER_OK", "context":{"environment":"Prod_westus2_prod-s01-035-nam-westus2", "migrationStage":"NotStarted", "server":"akswtt11300000a"}}
{"logTime": "0426/163428", "correlationVector":"dxyrUSPKK8KjAEbNlnYq9C.2","action":"ProcessGetUpdates", "result":"Done", "context":{"dataType":"History", "deleted":"0", "process_failed_to_decrypt":"0", "process_pending_decryption":"0", "process_success":"250", "total":"250"}}
{"logTime": "0426/163428", "correlationVector":"dxyrUSPKK8KjAEbNlnYq9C.3","action":"GetUpdates Response", "result":"Success", "context":Received 250 update(s). cV=dxyrUSPKK8KjAEbNlnYq9C.0;server=akswtt11300000a;cloudType=Consumer;environment=Prod_westus2_prod-s01-035-nam-westus2;migrationStage=NotStarted Some updates remain.}
{"logTime": "0426/163428", "correlationVector":"pGUYI6JaCrMS9tOQ3+nupx","action":"Initial GetUpdates", "result":"", "context":Reason: NEWLY_SUPPORTED_DATATYPE. cV=pGUYI6JaCrMS9tOQ3+nupx}
{"logTime": "0426/163428", "correlationVector":"pGUYI6JaCrMS9tOQ3+nupx.1","action":"SyncServerConnectionManagerRequest", "result":"SYNC_SERVER_OK", "context":{"environment":"Prod_westus2_prod-s01-035-nam-westus2", "migrationStage":"NotStarted", "server":"akswtt11300000f"}}
{"logTime": "0426/163428", "correlationVector":"pGUYI6JaCrMS9tOQ3+nupx.2","action":"ProcessGetUpdates", "result":"Done", "context":{"dataType":"History", "deleted":"0", "process_failed_to_decrypt":"0", "process_pending_decryption":"0", "process_success":"250", "total":"250"}}
{"logTime": "0426/163428", "correlationVector":"pGUYI6JaCrMS9tOQ3+nupx.3","action":"GetUpdates Response", "result":"Success", "context":Received 250 update(s). cV=pGUYI6JaCrMS9tOQ3+nupx.0;server=akswtt11300000f;cloudType=Consumer;environment=Prod_westus2_prod-s01-035-nam-westus2;migrationStage=NotStarted Some updates remain.}
{"logTime": "0426/163428", "correlationVector":"XmSXBWZDvMThbwJo2pPnug","action":"Initial GetUpdates", "result":"", "context":Reason: NEWLY_SUPPORTED_DATATYPE. cV=XmSXBWZDvMThbwJo2pPnug}
{"logTime": "0426/163428", "correlationVector":"XmSXBWZDvMThbwJo2pPnug.1","action":"SyncServerConnectionManagerRequest", "result":"SYNC_SERVER_OK", "context":{"environment":"Prod_westus2_prod-s01-035-nam-westus2", "migrationStage":"NotStarted", "server":"akswtt11300000q"}}
{"logTime": "0426/163428", "correlationVector":"XmSXBWZDvMThbwJo2pPnug.2","action":"ProcessGetUpdates", "result":"Done", "context":{"dataType":"History", "deleted":"0", "process_failed_to_decrypt":"0", "process_pending_decryption":"0", "process_success":"250", "total":"250"}}
{"logTime": "0426/163428", "correlationVector":"XmSXBWZDvMThbwJo2pPnug.3","action":"GetUpdates Response", "result":"Success", "context":Received 250 update(s). cV=XmSXBWZDvMThbwJo2pPnug.0;server=akswtt11300000q;cloudType=Consumer;environment=Prod_westus2_prod-s01-035-nam-westus2;migrationStage=NotStarted Some updates remain.}
{"logTime": "0426/163428", "correlationVector":"7kkuOyDgBm5aD5jcdIKvd2","action":"Initial GetUpdates", "result":"", "context":Reason: NEWLY_SUPPORTED_DATATYPE. cV=7kkuOyDgBm5aD5jcdIKvd2}
{"logTime": "0426/163429", "correlationVector":"7kkuOyDgBm5aD5jcdIKvd2.1","action":"SyncServerConnectionManagerRequest", "result":"SYNC_SERVER_OK", "context":{"environment":"Prod_westus2_prod-s01-035-nam-westus2", "migrationStage":"NotStarted", "server":"akswtt11300000f"}}
{"logTime": "0426/163429", "correlationVector":"7kkuOyDgBm5aD5jcdIKvd2.2","action":"ProcessGetUpdates", "result":"Done", "context":{"dataType":"History", "deleted":"0", "process_failed_to_decrypt":"0", "process_pending_decryption":"0", "process_success":"250", "total":"250"}}
{"logTime": "0426/163429", "correlationVector":"7kkuOyDgBm5aD5jcdIKvd2.3","action":"GetUpdates Response", "result":"Success", "context":Received 250 update(s). cV=7kkuOyDgBm5aD5jcdIKvd2.0;server=akswtt11300000f;cloudType=Consumer;environment=Prod_westus2_prod-s01-035-nam-westus2;migrationStage=NotStarted Some updates remain.}
{"logTime": "0426/163429", "correlationVector":"qddHHVC4QxpE/22X0qAN0y","action":"Initial GetUpdates", "result":"", "context":Reason: NEWLY_SUPPORTED_DATATYPE. cV=qddHHVC4QxpE/22X0qAN0y}
{"logTime": "0426/163429", "correlationVector":"qddHHVC4QxpE/22X0qAN0y.1","action":"SyncServerConnectionManagerRequest", "result":"SYNC_SERVER_OK", "context":{"environment":"Prod_westus2_prod-s01-035-nam-westus2", "migrationStage":"NotStarted", "server":"akswtt11300000q"}}
{"logTime": "0426/163429", "correlationVector":"qddHHVC4QxpE/22X0qAN0y.2","action":"ProcessGetUpdates", "result":"Done", "context":{"dataType":"History", "deleted":"0", "process_failed_to_decrypt":"0", "process_pending_decryption":"0", "process_success":"250", "total":"250"}}
{"logTime": "0426/163429", "correlationVector":"qddHHVC4QxpE/22X0qAN0y.3","action":"GetUpdates Response", "result":"Success", "context":Received 250 update(s). cV=qddHHVC4QxpE/22X0qAN0y.0;server=akswtt11300000q;cloudType=Consumer;environment=Prod_westus2_prod-s01-035-nam-westus2;migrationStage=NotStarted Some updates remain.}
{"logTime": "0426/163429", "correlationVector":"xfjy8SaHhbfJI71TyDmFhh","action":"Initial GetUpdates", "result":"", "context":Reason: NEWLY_SUPPORTED_DATATYPE. cV=xfjy8SaHhbfJI71TyDmFhh}
{"logTime": "0426/163430", "correlationVector":"xfjy8SaHhbfJI71TyDmFhh.1","action":"SyncServerConnectionManagerRequest", "result":"SYNC_SERVER_OK", "context":{"environment":"Prod_westus2_prod-s01-035-nam-westus2", "migrationStage":"NotStarted", "server":"akswtt113000008"}}
{"logTime": "0426/163430", "correlationVector":"xfjy8SaHhbfJI71TyDmFhh.2","action":"ProcessGetUpdates", "result":"Done", "context":{"dataType":"History", "deleted":"0", "process_failed_to_decrypt":"0", "process_pending_decryption":"0", "process_success":"250", "total":"250"}}
{"logTime": "0426/163430", "correlationVector":"xfjy8SaHhbfJI71TyDmFhh.3","action":"GetUpdates Response", "result":"Success", "context":Received 250 update(s). cV=xfjy8SaHhbfJI71TyDmFhh.0;server=akswtt113000008;cloudType=Consumer;environment=Prod_westus2_prod-s01-035-nam-westus2;migrationStage=NotStarted Some updates remain.}
{"logTime": "0426/163430", "correlationVector":"vas9bc9Tys4w0V6mq9QKIe","action":"Initial GetUpdates", "result":"", "context":Reason: NEWLY_SUPPORTED_DATATYPE. cV=vas9bc9Tys4w0V6mq9QKIe}
{"logTime": "0426/163430", "correlationVector":"vas9bc9Tys4w0V6mq9QKIe.1","action":"SyncServerConnectionManagerRequest", "result":"SYNC_SERVER_OK", "context":{"environment":"Prod_westus2_prod-s01-035-nam-westus2", "migrationStage":"NotStarted", "server":"akswtt11300000a"}}
{"logTime": "0426/163430", "correlationVector":"vas9bc9Tys4w0V6mq9QKIe.2","action":"ProcessGetUpdates", "result":"Done", "context":{"dataType":"History", "deleted":"0", "process_failed_to_decrypt":"0", "process_pending_decryption":"0", "process_success":"144", "total":"144"}}
{"logTime": "0426/163430", "correlationVector":"vas9bc9Tys4w0V6mq9QKIe.3","action":"GetUpdates Response", "result":"Success", "context":Received 144 update(s). cV=vas9bc9Tys4w0V6mq9QKIe.0;server=akswtt11300000a;cloudType=Consumer;environment=Prod_westus2_prod-s01-035-nam-westus2;migrationStage=NotStarted}
{"logTime": "0426/163430", "correlationVector":"h1PGTwaQERAWJNlFvBmwFL","action":"Normal GetUpdate request", "result":"", "context":cV=h1PGTwaQERAWJNlFvBmwFL
Nudged types: Sessions, Device Info, User Consents, History
Refresh requested types: Bookmarks, Preferences, Passwords, Autofill Profiles, Autofill, Extensions, Sessions, Extension settings, History Delete Directives, Device Info, User Consents, Send Tab To Self, Web Apps, History, Saved Tab Group, WebAuthn Credentials, Collection, Edge E Drop, Edge Hub App Usage, Edge Wallet, Edge Workspace, Encryption Keys}
{"logTime": "0426/163430", "correlationVector":"h1PGTwaQERAWJNlFvBmwFL.1","action":"SyncServerConnectionManagerRequest", "result":"SYNC_SERVER_OK", "context":{"environment":"Prod_westus2_prod-s01-035-nam-westus2", "migrationStage":"NotStarted", "server":"akswtt11300000f"}}
{"logTime": "0426/163430", "correlationVector":"h1PGTwaQERAWJNlFvBmwFL.2","action":"ProcessGetUpdates", "result":"Done", "context":{"dataType":"Preferences", "deleted":"0", "process_failed_to_decrypt":"0", "process_pending_decryption":"0", "process_success":"1", "total":"1"}}
{"logTime": "0426/163430", "correlationVector":"h1PGTwaQERAWJNlFvBmwFL.3","action":"ProcessGetUpdates", "result":"Done", "context":{"dataType":"Device Info", "deleted":"0", "process_failed_to_decrypt":"0", "process_pending_decryption":"0", "process_success":"1", "total":"1"}}
{"logTime": "0426/163430", "correlationVector":"h1PGTwaQERAWJNlFvBmwFL.4","action":"GetUpdates Response", "result":"Success", "context":Received 2 update(s). cV=h1PGTwaQERAWJNlFvBmwFL.0;server=akswtt11300000f;cloudType=Consumer;environment=Prod_westus2_prod-s01-035-nam-westus2;migrationStage=NotStarted}
{"logTime": "0426/163430", "correlationVector":"Gj4rb44ourfLesMmY2iSik","action":"Commit Request", "result":"", "context":Item count: 9
Contributing types: Sessions, Device Info, User Consents, History}
{"logTime": "0426/163431", "correlationVector":"Gj4rb44ourfLesMmY2iSik.1","action":"SyncServerConnectionManagerRequest", "result":"SYNC_SERVER_OK", "context":{"environment":"Prod_westus2_prod-s01-035-nam-westus2", "migrationStage":"NotStarted", "server":"akswtt11300000a"}}
{"logTime": "0426/163431", "correlationVector":"Gj4rb44ourfLesMmY2iSik.2","action":"Commit Response", "result":"Success", "context":Result: Success. cV=Gj4rb44ourfLesMmY2iSik.0;server=akswtt11300000a;cloudType=Consumer;environment=Prod_westus2_prod-s01-035-nam-westus2;migrationStage=NotStarted}
{"logTime": "0426/163431", "correlationVector":"EoPRY5sBsDXrWaXRRA8mg6","action":"Commit Request", "result":"", "context":Item count: 3
Contributing types: Sessions, History}
{"logTime": "0426/163431", "correlationVector":"EoPRY5sBsDXrWaXRRA8mg6.1","action":"SyncServerConnectionManagerRequest", "result":"SYNC_SERVER_OK", "context":{"environment":"Prod_westus2_prod-s01-035-nam-westus2", "migrationStage":"NotStarted", "server":"akswtt11300000f"}}
{"logTime": "0426/163431", "correlationVector":"EoPRY5sBsDXrWaXRRA8mg6.2","action":"Commit Response", "result":"Success", "context":Result: Success. cV=EoPRY5sBsDXrWaXRRA8mg6.0;server=akswtt11300000f;cloudType=Consumer;environment=Prod_westus2_prod-s01-035-nam-westus2;migrationStage=NotStarted}
{"logTime": "0426/163519", "correlationVector":"DZmicuA3xk+A573MPOARi1","action":"Commit Request", "result":"", "context":Item count: 40
Contributing types: Passwords}
{"logTime": "0426/163520", "correlationVector":"DZmicuA3xk+A573MPOARi1.1","action":"SyncServerConnectionManagerRequest", "result":"SYNC_SERVER_OK", "context":{"environment":"Prod_westus2_prod-s01-035-nam-westus2", "migrationStage":"NotStarted", "server":"akswtt11300000f"}}
{"logTime": "0426/163520", "correlationVector":"DZmicuA3xk+A573MPOARi1.2","action":"Commit Response", "result":"Success", "context":Result: Success. cV=DZmicuA3xk+A573MPOARi1.0;server=akswtt11300000f;cloudType=Consumer;environment=Prod_westus2_prod-s01-035-nam-westus2;migrationStage=NotStarted}
{"logTime": "0426/163520", "correlationVector":"7USrcSXsQP9nAlNXhXVoeU","action":"Commit Request", "result":"", "context":Item count: 15
Contributing types: Passwords, Sessions, History}
{"logTime": "0426/163521", "correlationVector":"7USrcSXsQP9nAlNXhXVoeU.1","action":"SyncServerConnectionManagerRequest", "result":"SYNC_SERVER_OK", "context":{"environment":"Prod_westus2_prod-s01-035-nam-westus2", "migrationStage":"NotStarted", "server":"akswtt113000001"}}
{"logTime": "0426/163521", "correlationVector":"7USrcSXsQP9nAlNXhXVoeU.2","action":"Commit Response", "result":"Success", "context":Result: Success. cV=7USrcSXsQP9nAlNXhXVoeU.0;server=akswtt113000001;cloudType=Consumer;environment=Prod_westus2_prod-s01-035-nam-westus2;migrationStage=NotStarted}
{"logTime": "0426/163521", "correlationVector":"uJ7sexGErqyTeY2O38ixeW","action":"Normal GetUpdate request", "result":"", "context":cV=uJ7sexGErqyTeY2O38ixeW
Nudged types: Passwords, Sessions, History
Notified types: History}
{"logTime": "0426/163522", "correlationVector":"uJ7sexGErqyTeY2O38ixeW.1","action":"SyncServerConnectionManagerRequest", "result":"SYNC_SERVER_OK", "context":{"environment":"Prod_westus2_prod-s01-035-nam-westus2", "migrationStage":"NotStarted", "server":"akswtt11300000l"}}
{"logTime": "0426/163522", "correlationVector":"uJ7sexGErqyTeY2O38ixeW.2","action":"ProcessGetUpdates", "result":"Done", "context":{"dataType":"Passwords", "deleted":"0", "process_failed_to_decrypt":"0", "process_pending_decryption":"0", "process_success":"51", "total":"51"}}
{"logTime": "0426/163522", "correlationVector":"uJ7sexGErqyTeY2O38ixeW.3","action":"ProcessGetUpdates", "result":"Done", "context":{"dataType":"Sessions", "deleted":"0", "process_failed_to_decrypt":"0", "process_pending_decryption":"0", "process_success":"5", "total":"5"}}
{"logTime": "0426/163522", "correlationVector":"uJ7sexGErqyTeY2O38ixeW.4","action":"ProcessGetUpdates", "result":"Done", "context":{"dataType":"Device Info", "deleted":"0", "process_failed_to_decrypt":"0", "process_pending_decryption":"0", "process_success":"1", "total":"1"}}
{"logTime": "0426/163522", "correlationVector":"uJ7sexGErqyTeY2O38ixeW.5","action":"ProcessGetUpdates", "result":"Done", "context":{"dataType":"History", "deleted":"0", "process_failed_to_decrypt":"0", "process_pending_decryption":"0", "process_success":"8", "total":"8"}}
{"logTime": "0426/163522", "correlationVector":"uJ7sexGErqyTeY2O38ixeW.6","action":"GetUpdates Response", "result":"Success", "context":Received 65 update(s). cV=uJ7sexGErqyTeY2O38ixeW.0;server=akswtt11300000l;cloudType=Consumer;environment=Prod_westus2_prod-s01-035-nam-westus2;migrationStage=NotStarted}
{"logTime": "0426/163522", "correlationVector":"Ezo1zNv5E2XqKHN56Y5RlZ","action":"Commit Request", "result":"", "context":Item count: 3
Contributing types: Sessions, History}
{"logTime": "0426/163522", "correlationVector":"Ezo1zNv5E2XqKHN56Y5RlZ.1","action":"SyncServerConnectionManagerRequest", "result":"SYNC_SERVER_OK", "context":{"environment":"Prod_westus2_prod-s01-035-nam-westus2", "migrationStage":"NotStarted", "server":"akswtt11300000f"}}
{"logTime": "0426/163522", "correlationVector":"Ezo1zNv5E2XqKHN56Y5RlZ.2","action":"Commit Response", "result":"Success", "context":Result: Success. cV=Ezo1zNv5E2XqKHN56Y5RlZ.0;server=akswtt11300000f;cloudType=Consumer;environment=Prod_westus2_prod-s01-035-nam-westus2;migrationStage=NotStarted}
{"logTime": "0426/163622", "correlationVector":"igMRA6VdNP81SNE8Cvs1gX","action":"Commit Request", "result":"", "context":Item count: 15
Contributing types: Sessions, History}
{"logTime": "0426/163623", "correlationVector":"igMRA6VdNP81SNE8Cvs1gX.1","action":"SyncServerConnectionManagerRequest", "result":"SYNC_SERVER_OK", "context":{"environment":"Prod_westus2_prod-s01-035-nam-westus2", "migrationStage":"NotStarted", "server":"akswtt11300000q"}}
{"logTime": "0426/163623", "correlationVector":"igMRA6VdNP81SNE8Cvs1gX.2","action":"Commit Response", "result":"Success", "context":Result: Success. cV=igMRA6VdNP81SNE8Cvs1gX.0;server=akswtt11300000q;cloudType=Consumer;environment=Prod_westus2_prod-s01-035-nam-westus2;migrationStage=NotStarted}
{"logTime": "0426/163624", "correlationVector":"P3G/RcZygKv4t/MUx4Ep+V","action":"Normal GetUpdate request", "result":"", "context":cV=P3G/RcZygKv4t/MUx4Ep+V
Nudged types: Sessions, History
Notified types: History}
{"logTime": "0426/163624", "correlationVector":"P3G/RcZygKv4t/MUx4Ep+V.1","action":"SyncServerConnectionManagerRequest", "result":"SYNC_SERVER_OK", "context":{"environment":"Prod_westus2_prod-s01-035-nam-westus2", "migrationStage":"NotStarted", "server":"akswtt11300000m"}}
{"logTime": "0426/163624", "correlationVector":"P3G/RcZygKv4t/MUx4Ep+V.2","action":"ProcessGetUpdates", "result":"Done", "context":{"dataType":"Sessions", "deleted":"0", "process_failed_to_decrypt":"0", "process_pending_decryption":"0", "process_success":"2", "total":"2"}}
{"logTime": "0426/163624", "correlationVector":"P3G/RcZygKv4t/MUx4Ep+V.3","action":"ProcessGetUpdates", "result":"Done", "context":{"dataType":"History", "deleted":"0", "process_failed_to_decrypt":"0", "process_pending_decryption":"0", "process_success":"18", "total":"18"}}
{"logTime": "0426/163624", "correlationVector":"P3G/RcZygKv4t/MUx4Ep+V.4","action":"GetUpdates Response", "result":"Success", "context":Received 20 update(s). cV=P3G/RcZygKv4t/MUx4Ep+V.0;server=akswtt11300000m;cloudType=Consumer;environment=Prod_westus2_prod-s01-035-nam-westus2;migrationStage=NotStarted}
{"logTime": "0426/163624", "correlationVector":"l3XU2tpOqOx/FhpeW/LkZ7","action":"Commit Request", "result":"", "context":Item count: 3
Contributing types: Sessions, History}
{"logTime": "0426/163624", "correlationVector":"l3XU2tpOqOx/FhpeW/LkZ7.1","action":"SyncServerConnectionManagerRequest", "result":"SYNC_SERVER_OK", "context":{"environment":"Prod_westus2_prod-s01-035-nam-westus2", "migrationStage":"NotStarted", "server":"akswtt11300000r"}}
{"logTime": "0426/163624", "correlationVector":"l3XU2tpOqOx/FhpeW/LkZ7.2","action":"Commit Response", "result":"Success", "context":Result: Success. cV=l3XU2tpOqOx/FhpeW/LkZ7.0;server=akswtt11300000r;cloudType=Consumer;environment=Prod_westus2_prod-s01-035-nam-westus2;migrationStage=NotStarted}
{"logTime": "0426/163724", "correlationVector":"9y0GyoHhgL8AgK/Ax36L1v","action":"Commit Request", "result":"", "context":Item count: 7
Contributing types: Sessions, History}
{"logTime": "0426/163725", "correlationVector":"9y0GyoHhgL8AgK/Ax36L1v.1","action":"SyncServerConnectionManagerRequest", "result":"SYNC_SERVER_OK", "context":{"environment":"Prod_westus2_prod-s01-035-nam-westus2", "migrationStage":"NotStarted", "server":"akswtt11300000l"}}
{"logTime": "0426/163725", "correlationVector":"9y0GyoHhgL8AgK/Ax36L1v.2","action":"Commit Response", "result":"Success", "context":Result: Success. cV=9y0GyoHhgL8AgK/Ax36L1v.0;server=akswtt11300000l;cloudType=Consumer;environment=Prod_westus2_prod-s01-035-nam-westus2;migrationStage=NotStarted}
