2026-04-26 16:17:26.749: [INFO] VisibilityChanged: 0
2026-04-26 16:17:26.763: [INFO] RecordSyncInitDuration has_sync_been_enabled: 0 state: 0
2026-04-26 16:17:26.763: [INFO] RecordSyncInitDuration has_sync_been_enabled: 0 state: 0
2026-04-26 16:17:26.763: [INFO] RecordSyncInitDuration has_sync_been_enabled: 0 state: 0
2026-04-26 16:17:26.763: [INFO] RecordSyncInitDuration has_sync_been_enabled: 0 state: 0
2026-04-26 16:17:26.764: [INFO] RecordSyncInitDuration has_sync_been_enabled: 0 state: 0
2026-04-26 16:17:26.764: [INFO] RecordSyncInitDuration has_sync_been_enabled: 0 state: 0
2026-04-26 16:17:26.764: [INFO] RecordSyncInitDuration has_sync_been_enabled: 0 state: 0
2026-04-26 16:17:26.764: [INFO] RecordSyncInitDuration has_sync_been_enabled: 0 state: 0
2026-04-26 16:17:26.765: [INFO] RecordSyncInitDuration has_sync_been_enabled: 0 state: 0
2026-04-26 16:17:26.765: [INFO] RecordSyncInitDuration has_sync_been_enabled: 0 state: 0
2026-04-26 16:17:26.765: [INFO] RecordSyncInitDuration has_sync_been_enabled: 0 state: 0
2026-04-26 16:17:26.766: [INFO] RecordSyncInitDuration has_sync_been_enabled: 0 state: 0
2026-04-26 16:17:26.770: [INFO] BookmarkModelLoaded, ids_reassigned: 0
2026-04-26 16:17:26.771: [INFO] OnDoneLoading sync enabled: 0
2026-04-26 16:17:26.808: [INFO] RecordSyncInitDuration has_sync_been_enabled: 0 state: 0
2026-04-26 16:17:27.120: [INFO] RecordSyncInitDuration has_sync_been_enabled: 0 state: 0
2026-04-26 16:17:27.122: [INFO] RecordSyncInitDuration has_sync_been_enabled: 0 state: 3
2026-04-26 16:17:27.124: [INFO] Primary account changed.
2026-04-26 16:17:27.124: [INFO] OnPrimaryAccountChanged PrimaryAccountChangeEvent::Type::kSet
2026-04-26 16:17:27.126: [INFO] RecordSyncInitDuration has_sync_been_enabled: 0 state: 3
2026-04-26 16:17:27.144: [INFO] RecordSyncInitDuration has_sync_been_enabled: 0 state: 3
2026-04-26 16:17:28.141: [INFO] BookmarkNodeAdded, ABU: 0
2026-04-26 16:17:28.142: [INFO] BookmarkNodeAdded, ABU: 0
2026-04-26 16:17:28.142: [INFO] BookmarkNodeAdded, ABU: 0
2026-04-26 16:17:28.143: [INFO] BookmarkNodeAdded, ABU: 0
2026-04-26 16:17:28.144: [INFO] BookmarkNodeAdded, ABU: 0
2026-04-26 16:17:28.144: [INFO] BookmarkNodeAdded, ABU: 0
2026-04-26 16:17:28.145: [INFO] BookmarkNodeAdded, ABU: 0
2026-04-26 16:17:28.145: [INFO] BookmarkNodeAdded, ABU: 0
2026-04-26 16:17:28.146: [INFO] BookmarkNodeAdded, ABU: 0
2026-04-26 16:17:28.147: [INFO] BookmarkNodeAdded, ABU: 0
2026-04-26 16:17:31.207: [INFO] Sync initialization duration: 4017ms
