{"logTime": "0426/175645", "correlationVector":"KgqmvhzNLfc4U2W+WY/OVU.1","action":"SyncServerConnectionManagerRequest", "result":"SYNC_SERVER_OK", "context":{"environment":"Prod_westus2_prod-s01-035-nam-westus2", "migrationStage":"NotStarted", "server":"akswtt113000005"}}
{"logTime": "0426/175645", "correlationVector":"KgqmvhzNLfc4U2W+WY/OVU.2","action":"ProcessGetUpdates", "result":"Done", "context":{"dataType":"Encryption Keys", "deleted":"0", "process_failed_to_decrypt":"0", "process_pending_decryption":"0", "process_success":"1", "total":"1"}}
{"logTime": "0426/175645", "correlationVector":"6NvXyn9Ll+/JxiPUDgpg5d","action":"SyncServerConnectionManagerRequest", "result":"SYNC_SERVER_OK", "context":{"environment":"", "migrationStage":"", "server":""}}
{"logTime": "0426/175645", "correlationVector":"6NvXyn9Ll+/JxiPUDgpg5d.0","action":"EncryptionKeysFetcher.DownloadKeys:", "result":"Success", "context":Key count: 5, Last key timestamp: 2026-04-18T03:48:13Z}
{"logTime": "0426/175645", "correlationVector":"6NvXyn9Ll+/JxiPUDgpg5d.1","action":"EncryptionKeysManager::SetEncryptionKeys:", "result":"Success", "context":Key names[5]:[lBLlivP0tL7DaZCLOxY0Ms4GCmsztTwaiZZnWuhIrvxf62WQbQQOrEOZFqDAc6XX8sNCG3UdMSQXoQPb7570QQ==][lVznK7+X4kMFXxOXBoPhpSbjH3WghWADowbo4a72vMU6iWo8i79nPTR5N+6F83VtFpBywxdhc0xV21a2Jm/A6g==][Rkjhz4tCaGQHbFM9iina6dfubiNJH3/8Nb0P3dtJ1SeLsFRspz/UbUDes0Q9ENkkHUncnfUvSXI6M+uJbc+N9w==][qNbI0n6v/hh0ojvUbrBt2zg5a/wjTFo4ReIKDxAcek9QLy5Lb4ncifiaiqLrQxn4dHE7159KCWd7txz5PXG7pA==][EQnJNat9nLGhQ3sWluAQbvJNaL11ABTMNp2x6WBZFViiXC6pyhYenoSQCzCxCCt+LnXbXP/vleqfYDQYpxNb5A==]}
{"logTime": "0426/175645", "correlationVector":"6NvXyn9Ll+/JxiPUDgpg5d.2","action":"EncryptionKeysManager::SetEncryptionKeysWithTimestamps:", "result":"Success", "context":Key timestamps[5]:[2024-04-18T22:10:58Z][2024-10-16T20:23:03Z][2025-04-14T23:12:43Z][2025-10-14T00:38:14Z][2026-04-18T03:48:13Z]}
{"logTime": "0426/175645", "correlationVector":"KgqmvhzNLfc4U2W+WY/OVU","action":"Initial GetUpdates", "result":"", "context":Reason: NEW_CLIENT. cV=KgqmvhzNLfc4U2W+WY/OVU}
{"logTime": "0426/175645", "correlationVector":"KgqmvhzNLfc4U2W+WY/OVU.3","action":"GetUpdates Response", "result":"Success", "context":Received 1 update(s). cV=KgqmvhzNLfc4U2W+WY/OVU.0;server=akswtt113000005;cloudType=Consumer;environment=Prod_westus2_prod-s01-035-nam-westus2;migrationStage=NotStarted}
{"logTime": "0426/175645", "correlationVector":"FRj742joxehy0Nj7oUKTNE","action":"Initial GetUpdates", "result":"", "context":Reason: NEWLY_SUPPORTED_DATATYPE. cV=FRj742joxehy0Nj7oUKTNE}
{"logTime": "0426/175646", "correlationVector":"FRj742joxehy0Nj7oUKTNE.1","action":"SyncServerConnectionManagerRequest", "result":"SYNC_SERVER_OK", "context":{"environment":"Prod_westus2_prod-s01-035-nam-westus2", "migrationStage":"NotStarted", "server":"akswtt11300000f"}}
{"logTime": "0426/175646", "correlationVector":"FRj742joxehy0Nj7oUKTNE.2","action":"ProcessGetUpdates", "result":"Done", "context":{"dataType":"Preferences", "deleted":"0", "process_failed_to_decrypt":"0", "process_pending_decryption":"0", "process_success":"89", "total":"89"}}
{"logTime": "0426/175646", "correlationVector":"FRj742joxehy0Nj7oUKTNE.3","action":"ProcessGetUpdates", "result":"Done", "context":{"dataType":"Passwords", "deleted":"0", "process_failed_to_decrypt":"0", "process_pending_decryption":"0", "process_success":"52", "total":"52"}}
{"logTime": "0426/175646", "correlationVector":"FRj742joxehy0Nj7oUKTNE.4","action":"ProcessGetUpdates", "result":"Done", "context":{"dataType":"Device Info", "deleted":"0", "process_failed_to_decrypt":"0", "process_pending_decryption":"0", "process_success":"32", "total":"32"}}
{"logTime": "0426/175646", "correlationVector":"FRj742joxehy0Nj7oUKTNE.5","action":"GetUpdates Response", "result":"Success", "context":Received 173 update(s). cV=FRj742joxehy0Nj7oUKTNE.0;server=akswtt11300000f;cloudType=Consumer;environment=Prod_westus2_prod-s01-035-nam-westus2;migrationStage=NotStarted}
{"logTime": "0426/175646", "correlationVector":"OF4cYH9YlxQ+2+qOKYLaLZ","action":"Initial GetUpdates", "result":"", "context":Reason: NEWLY_SUPPORTED_DATATYPE. cV=OF4cYH9YlxQ+2+qOKYLaLZ}
{"logTime": "0426/175646", "correlationVector":"OF4cYH9YlxQ+2+qOKYLaLZ.1","action":"SyncServerConnectionManagerRequest", "result":"SYNC_SERVER_OK", "context":{"environment":"Prod_westus2_prod-s01-035-nam-westus2", "migrationStage":"NotStarted", "server":"akswtt113000009"}}
{"logTime": "0426/175646", "correlationVector":"OF4cYH9YlxQ+2+qOKYLaLZ.2","action":"ProcessGetUpdates", "result":"Done", "context":{"dataType":"Bookmarks", "deleted":"1", "process_failed_to_decrypt":"0", "process_pending_decryption":"0", "process_success":"17", "total":"17"}}
{"logTime": "0426/175646", "correlationVector":"OF4cYH9YlxQ+2+qOKYLaLZ.3","action":"GetUpdates Response", "result":"Success", "context":Received 17 update(s). cV=OF4cYH9YlxQ+2+qOKYLaLZ.0;server=akswtt113000009;cloudType=Consumer;environment=Prod_westus2_prod-s01-035-nam-westus2;migrationStage=NotStarted}
{"logTime": "0426/175646", "correlationVector":"p50FqdOHlRqq44AVK9Y0Wg","action":"Initial GetUpdates", "result":"", "context":Reason: NEWLY_SUPPORTED_DATATYPE. cV=p50FqdOHlRqq44AVK9Y0Wg}
{"logTime": "0426/175646", "correlationVector":"p50FqdOHlRqq44AVK9Y0Wg.1","action":"SyncServerConnectionManagerRequest", "result":"SYNC_SERVER_OK", "context":{"environment":"Prod_westus2_prod-s01-035-nam-westus2", "migrationStage":"NotStarted", "server":"akswtt11300000f"}}
{"logTime": "0426/175646", "correlationVector":"p50FqdOHlRqq44AVK9Y0Wg.2","action":"ProcessGetUpdates", "result":"Done", "context":{"dataType":"Autofill", "deleted":"0", "process_failed_to_decrypt":"0", "process_pending_decryption":"0", "process_success":"236", "total":"236"}}
{"logTime": "0426/175646", "correlationVector":"p50FqdOHlRqq44AVK9Y0Wg.3","action":"ProcessGetUpdates", "result":"Done", "context":{"dataType":"Sessions", "deleted":"14", "process_failed_to_decrypt":"0", "process_pending_decryption":"0", "process_success":"14", "total":"14"}}
{"logTime": "0426/175646", "correlationVector":"p50FqdOHlRqq44AVK9Y0Wg.4","action":"GetUpdates Response", "result":"Success", "context":Received 250 update(s). cV=p50FqdOHlRqq44AVK9Y0Wg.0;server=akswtt11300000f;cloudType=Consumer;environment=Prod_westus2_prod-s01-035-nam-westus2;migrationStage=NotStarted Some updates remain.}
{"logTime": "0426/175646", "correlationVector":"PQJlmSFyW9ZKSWx7seBn63","action":"Initial GetUpdates", "result":"", "context":Reason: NEWLY_SUPPORTED_DATATYPE. cV=PQJlmSFyW9ZKSWx7seBn63}
{"logTime": "0426/175646", "correlationVector":"PQJlmSFyW9ZKSWx7seBn63.1","action":"SyncServerConnectionManagerRequest", "result":"SYNC_SERVER_OK", "context":{"environment":"Prod_westus2_prod-s01-035-nam-westus2", "migrationStage":"NotStarted", "server":"akswtt113000008"}}
{"logTime": "0426/175646", "correlationVector":"PQJlmSFyW9ZKSWx7seBn63.2","action":"ProcessGetUpdates", "result":"Done", "context":{"dataType":"Sessions", "deleted":"248", "process_failed_to_decrypt":"0", "process_pending_decryption":"0", "process_success":"248", "total":"248"}}
{"logTime": "0426/175646", "correlationVector":"PQJlmSFyW9ZKSWx7seBn63.3","action":"ProcessGetUpdates", "result":"Done", "context":{"dataType":"Edge Hub App Usage", "deleted":"1", "process_failed_to_decrypt":"0", "process_pending_decryption":"0", "process_success":"2", "total":"2"}}
{"logTime": "0426/175646", "correlationVector":"PQJlmSFyW9ZKSWx7seBn63.4","action":"GetUpdates Response", "result":"Success", "context":Received 250 update(s). cV=PQJlmSFyW9ZKSWx7seBn63.0;server=akswtt113000008;cloudType=Consumer;environment=Prod_westus2_prod-s01-035-nam-westus2;migrationStage=NotStarted Some updates remain.}
{"logTime": "0426/175646", "correlationVector":"EsqfoqF37rRhmDQ+isBZd+","action":"Initial GetUpdates", "result":"", "context":Reason: NEWLY_SUPPORTED_DATATYPE. cV=EsqfoqF37rRhmDQ+isBZd+}
{"logTime": "0426/175647", "correlationVector":"EsqfoqF37rRhmDQ+isBZd+.1","action":"SyncServerConnectionManagerRequest", "result":"SYNC_SERVER_OK", "context":{"environment":"Prod_westus2_prod-s01-035-nam-westus2", "migrationStage":"NotStarted", "server":"akswtt11300000f"}}
{"logTime": "0426/175647", "correlationVector":"EsqfoqF37rRhmDQ+isBZd+.2","action":"ProcessGetUpdates", "result":"Done", "context":{"dataType":"Sessions", "deleted":"243", "process_failed_to_decrypt":"0", "process_pending_decryption":"0", "process_success":"243", "total":"243"}}
{"logTime": "0426/175647", "correlationVector":"EsqfoqF37rRhmDQ+isBZd+.3","action":"ProcessGetUpdates", "result":"Done", "context":{"dataType":"Saved Tab Group", "deleted":"0", "process_failed_to_decrypt":"0", "process_pending_decryption":"0", "process_success":"4", "total":"4"}}
{"logTime": "0426/175647", "correlationVector":"EsqfoqF37rRhmDQ+isBZd+.4","action":"ProcessGetUpdates", "result":"Done", "context":{"dataType":"Edge Hub App Usage", "deleted":"3", "process_failed_to_decrypt":"0", "process_pending_decryption":"0", "process_success":"3", "total":"3"}}
{"logTime": "0426/175647", "correlationVector":"EsqfoqF37rRhmDQ+isBZd+.5","action":"GetUpdates Response", "result":"Success", "context":Received 250 update(s). cV=EsqfoqF37rRhmDQ+isBZd+.0;server=akswtt11300000f;cloudType=Consumer;environment=Prod_westus2_prod-s01-035-nam-westus2;migrationStage=NotStarted Some updates remain.}
{"logTime": "0426/175647", "correlationVector":"ip2G1zdb/+WTYp2/esKdbN","action":"Initial GetUpdates", "result":"", "context":Reason: NEWLY_SUPPORTED_DATATYPE. cV=ip2G1zdb/+WTYp2/esKdbN}
{"logTime": "0426/175647", "correlationVector":"ip2G1zdb/+WTYp2/esKdbN.1","action":"SyncServerConnectionManagerRequest", "result":"SYNC_SERVER_OK", "context":{"environment":"Prod_westus2_prod-s01-035-nam-westus2", "migrationStage":"NotStarted", "server":"akswtt11300000a"}}
{"logTime": "0426/175647", "correlationVector":"ip2G1zdb/+WTYp2/esKdbN.2","action":"ProcessGetUpdates", "result":"Done", "context":{"dataType":"Extensions", "deleted":"0", "process_failed_to_decrypt":"0", "process_pending_decryption":"0", "process_success":"1", "total":"1"}}
{"logTime": "0426/175647", "correlationVector":"ip2G1zdb/+WTYp2/esKdbN.3","action":"ProcessGetUpdates", "result":"Done", "context":{"dataType":"Sessions", "deleted":"248", "process_failed_to_decrypt":"0", "process_pending_decryption":"0", "process_success":"248", "total":"248"}}
{"logTime": "0426/175647", "correlationVector":"ip2G1zdb/+WTYp2/esKdbN.4","action":"ProcessGetUpdates", "result":"Done", "context":{"dataType":"Edge Hub App Usage", "deleted":"1", "process_failed_to_decrypt":"0", "process_pending_decryption":"0", "process_success":"1", "total":"1"}}
{"logTime": "0426/175647", "correlationVector":"ip2G1zdb/+WTYp2/esKdbN.5","action":"GetUpdates Response", "result":"Success", "context":Received 250 update(s). cV=ip2G1zdb/+WTYp2/esKdbN.0;server=akswtt11300000a;cloudType=Consumer;environment=Prod_westus2_prod-s01-035-nam-westus2;migrationStage=NotStarted Some updates remain.}
{"logTime": "0426/175647", "correlationVector":"uZ2R8KON5iBW1YJrzqFt8k","action":"Initial GetUpdates", "result":"", "context":Reason: NEWLY_SUPPORTED_DATATYPE. cV=uZ2R8KON5iBW1YJrzqFt8k}
{"logTime": "0426/175647", "correlationVector":"uZ2R8KON5iBW1YJrzqFt8k.1","action":"SyncServerConnectionManagerRequest", "result":"SYNC_SERVER_OK", "context":{"environment":"Prod_westus2_prod-s01-035-nam-westus2", "migrationStage":"NotStarted", "server":"akswtt11300000f"}}
{"logTime": "0426/175647", "correlationVector":"uZ2R8KON5iBW1YJrzqFt8k.2","action":"ProcessGetUpdates", "result":"Done", "context":{"dataType":"Sessions", "deleted":"248", "process_failed_to_decrypt":"0", "process_pending_decryption":"0", "process_success":"248", "total":"248"}}
{"logTime": "0426/175647", "correlationVector":"uZ2R8KON5iBW1YJrzqFt8k.3","action":"ProcessGetUpdates", "result":"Done", "context":{"dataType":"Edge Hub App Usage", "deleted":"1", "process_failed_to_decrypt":"0", "process_pending_decryption":"0", "process_success":"2", "total":"2"}}
{"logTime": "0426/175647", "correlationVector":"uZ2R8KON5iBW1YJrzqFt8k.4","action":"GetUpdates Response", "result":"Success", "context":Received 250 update(s). cV=uZ2R8KON5iBW1YJrzqFt8k.0;server=akswtt11300000f;cloudType=Consumer;environment=Prod_westus2_prod-s01-035-nam-westus2;migrationStage=NotStarted Some updates remain.}
{"logTime": "0426/175647", "correlationVector":"6T3QbAcFFqe0YeO1iC2A/m","action":"Initial GetUpdates", "result":"", "context":Reason: NEWLY_SUPPORTED_DATATYPE. cV=6T3QbAcFFqe0YeO1iC2A/m}
{"logTime": "0426/175648", "correlationVector":"6T3QbAcFFqe0YeO1iC2A/m.1","action":"SyncServerConnectionManagerRequest", "result":"SYNC_SERVER_OK", "context":{"environment":"Prod_westus2_prod-s01-035-nam-westus2", "migrationStage":"NotStarted", "server":"akswtt113000006"}}
{"logTime": "0426/175648", "correlationVector":"6T3QbAcFFqe0YeO1iC2A/m.2","action":"ProcessGetUpdates", "result":"Done", "context":{"dataType":"Autofill Profiles", "deleted":"0", "process_failed_to_decrypt":"0", "process_pending_decryption":"0", "process_success":"10", "total":"10"}}
{"logTime": "0426/175648", "correlationVector":"6T3QbAcFFqe0YeO1iC2A/m.3","action":"ProcessGetUpdates", "result":"Done", "context":{"dataType":"Autofill", "deleted":"0", "process_failed_to_decrypt":"0", "process_pending_decryption":"0", "process_success":"231", "total":"231"}}
{"logTime": "0426/175648", "correlationVector":"6T3QbAcFFqe0YeO1iC2A/m.4","action":"ProcessGetUpdates", "result":"Done", "context":{"dataType":"Sessions", "deleted":"9", "process_failed_to_decrypt":"0", "process_pending_decryption":"0", "process_success":"9", "total":"9"}}
{"logTime": "0426/175648", "correlationVector":"6T3QbAcFFqe0YeO1iC2A/m.5","action":"GetUpdates Response", "result":"Success", "context":Received 250 update(s). cV=6T3QbAcFFqe0YeO1iC2A/m.0;server=akswtt113000006;cloudType=Consumer;environment=Prod_westus2_prod-s01-035-nam-westus2;migrationStage=NotStarted Some updates remain.}
{"logTime": "0426/175648", "correlationVector":"/NFpL8azy6dCW9HJFBBYua","action":"Initial GetUpdates", "result":"", "context":Reason: NEWLY_SUPPORTED_DATATYPE. cV=/NFpL8azy6dCW9HJFBBYua}
{"logTime": "0426/175649", "correlationVector":"/NFpL8azy6dCW9HJFBBYua.1","action":"SyncServerConnectionManagerRequest", "result":"SYNC_SERVER_OK", "context":{"environment":"Prod_westus2_prod-s01-035-nam-westus2", "migrationStage":"NotStarted", "server":"akswtt113000002"}}
{"logTime": "0426/175649", "correlationVector":"/NFpL8azy6dCW9HJFBBYua.2","action":"ProcessGetUpdates", "result":"Done", "context":{"dataType":"Autofill Profiles", "deleted":"0", "process_failed_to_decrypt":"0", "process_pending_decryption":"0", "process_success":"1", "total":"1"}}
{"logTime": "0426/175649", "correlationVector":"/NFpL8azy6dCW9HJFBBYua.3","action":"ProcessGetUpdates", "result":"Done", "context":{"dataType":"Autofill", "deleted":"0", "process_failed_to_decrypt":"0", "process_pending_decryption":"0", "process_success":"234", "total":"234"}}
{"logTime": "0426/175649", "correlationVector":"/NFpL8azy6dCW9HJFBBYua.4","action":"ProcessGetUpdates", "result":"Done", "context":{"dataType":"Sessions", "deleted":"15", "process_failed_to_decrypt":"0", "process_pending_decryption":"0", "process_success":"15", "total":"15"}}
{"logTime": "0426/175649", "correlationVector":"/NFpL8azy6dCW9HJFBBYua.5","action":"GetUpdates Response", "result":"Success", "context":Received 250 update(s). cV=/NFpL8azy6dCW9HJFBBYua.0;server=akswtt113000002;cloudType=Consumer;environment=Prod_westus2_prod-s01-035-nam-westus2;migrationStage=NotStarted Some updates remain.}
{"logTime": "0426/175649", "correlationVector":"1ZBzZUkpah0rrz+N4nKWmI","action":"Initial GetUpdates", "result":"", "context":Reason: NEWLY_SUPPORTED_DATATYPE. cV=1ZBzZUkpah0rrz+N4nKWmI}
{"logTime": "0426/175649", "correlationVector":"1ZBzZUkpah0rrz+N4nKWmI.1","action":"SyncServerConnectionManagerRequest", "result":"SYNC_SERVER_OK", "context":{"environment":"Prod_westus2_prod-s01-035-nam-westus2", "migrationStage":"NotStarted", "server":"akswtt11300000t"}}
{"logTime": "0426/175649", "correlationVector":"1ZBzZUkpah0rrz+N4nKWmI.2","action":"ProcessGetUpdates", "result":"Done", "context":{"dataType":"Autofill Profiles", "deleted":"0", "process_failed_to_decrypt":"0", "process_pending_decryption":"0", "process_success":"2", "total":"2"}}
{"logTime": "0426/175649", "correlationVector":"1ZBzZUkpah0rrz+N4nKWmI.3","action":"ProcessGetUpdates", "result":"Done", "context":{"dataType":"Autofill", "deleted":"0", "process_failed_to_decrypt":"0", "process_pending_decryption":"0", "process_success":"48", "total":"48"}}
{"logTime": "0426/175649", "correlationVector":"1ZBzZUkpah0rrz+N4nKWmI.4","action":"ProcessGetUpdates", "result":"Done", "context":{"dataType":"Extensions", "deleted":"0", "process_failed_to_decrypt":"0", "process_pending_decryption":"0", "process_success":"1", "total":"1"}}
{"logTime": "0426/175649", "correlationVector":"1ZBzZUkpah0rrz+N4nKWmI.5","action":"ProcessGetUpdates", "result":"Done", "context":{"dataType":"Sessions", "deleted":"175", "process_failed_to_decrypt":"0", "process_pending_decryption":"0", "process_success":"199", "total":"199"}}
{"logTime": "0426/175649", "correlationVector":"1ZBzZUkpah0rrz+N4nKWmI.6","action":"GetUpdates Response", "result":"Success", "context":Received 250 update(s). cV=1ZBzZUkpah0rrz+N4nKWmI.0;server=akswtt11300000t;cloudType=Consumer;environment=Prod_westus2_prod-s01-035-nam-westus2;migrationStage=NotStarted Some updates remain.}
{"logTime": "0426/175649", "correlationVector":"FBZAesp884PDMBpzXOer8i","action":"Initial GetUpdates", "result":"", "context":Reason: NEWLY_SUPPORTED_DATATYPE. cV=FBZAesp884PDMBpzXOer8i}
{"logTime": "0426/175649", "correlationVector":"FBZAesp884PDMBpzXOer8i.1","action":"SyncServerConnectionManagerRequest", "result":"SYNC_SERVER_OK", "context":{"environment":"Prod_westus2_prod-s01-035-nam-westus2", "migrationStage":"NotStarted", "server":"akswtt11300000l"}}
{"logTime": "0426/175649", "correlationVector":"FBZAesp884PDMBpzXOer8i.2","action":"ProcessGetUpdates", "result":"Done", "context":{"dataType":"Sessions", "deleted":"9", "process_failed_to_decrypt":"0", "process_pending_decryption":"0", "process_success":"84", "total":"84"}}
{"logTime": "0426/175649", "correlationVector":"FBZAesp884PDMBpzXOer8i.3","action":"GetUpdates Response", "result":"Success", "context":Received 84 update(s). cV=FBZAesp884PDMBpzXOer8i.0;server=akswtt11300000l;cloudType=Consumer;environment=Prod_westus2_prod-s01-035-nam-westus2;migrationStage=NotStarted}
{"logTime": "0426/175649", "correlationVector":"TW1h2EWZfsXrlsu8j0/iO7","action":"Initial GetUpdates", "result":"", "context":Reason: NEWLY_SUPPORTED_DATATYPE. cV=TW1h2EWZfsXrlsu8j0/iO7}
{"logTime": "0426/175650", "correlationVector":"TW1h2EWZfsXrlsu8j0/iO7.1","action":"SyncServerConnectionManagerRequest", "result":"SYNC_SERVER_OK", "context":{"environment":"Prod_westus2_prod-s01-035-nam-westus2", "migrationStage":"NotStarted", "server":"akswtt11300000t"}}
{"logTime": "0426/175650", "correlationVector":"TW1h2EWZfsXrlsu8j0/iO7.2","action":"ProcessGetUpdates", "result":"Done", "context":{"dataType":"History", "deleted":"0", "process_failed_to_decrypt":"0", "process_pending_decryption":"0", "process_success":"250", "total":"250"}}
{"logTime": "0426/175650", "correlationVector":"TW1h2EWZfsXrlsu8j0/iO7.3","action":"GetUpdates Response", "result":"Success", "context":Received 250 update(s). cV=TW1h2EWZfsXrlsu8j0/iO7.0;server=akswtt11300000t;cloudType=Consumer;environment=Prod_westus2_prod-s01-035-nam-westus2;migrationStage=NotStarted Some updates remain.}
{"logTime": "0426/175650", "correlationVector":"9cS9QOj8IozuHTDSemutbE","action":"Initial GetUpdates", "result":"", "context":Reason: NEWLY_SUPPORTED_DATATYPE. cV=9cS9QOj8IozuHTDSemutbE}
{"logTime": "0426/175650", "correlationVector":"9cS9QOj8IozuHTDSemutbE.1","action":"SyncServerConnectionManagerRequest", "result":"SYNC_SERVER_OK", "context":{"environment":"Prod_westus2_prod-s01-035-nam-westus2", "migrationStage":"NotStarted", "server":"akswtt11300000f"}}
{"logTime": "0426/175650", "correlationVector":"9cS9QOj8IozuHTDSemutbE.2","action":"ProcessGetUpdates", "result":"Done", "context":{"dataType":"History", "deleted":"0", "process_failed_to_decrypt":"0", "process_pending_decryption":"0", "process_success":"250", "total":"250"}}
{"logTime": "0426/175650", "correlationVector":"9cS9QOj8IozuHTDSemutbE.3","action":"GetUpdates Response", "result":"Success", "context":Received 250 update(s). cV=9cS9QOj8IozuHTDSemutbE.0;server=akswtt11300000f;cloudType=Consumer;environment=Prod_westus2_prod-s01-035-nam-westus2;migrationStage=NotStarted Some updates remain.}
{"logTime": "0426/175650", "correlationVector":"OOhU4U9M6g7AkXRV1zPiRt","action":"Initial GetUpdates", "result":"", "context":Reason: NEWLY_SUPPORTED_DATATYPE. cV=OOhU4U9M6g7AkXRV1zPiRt}
{"logTime": "0426/175650", "correlationVector":"OOhU4U9M6g7AkXRV1zPiRt.1","action":"SyncServerConnectionManagerRequest", "result":"SYNC_SERVER_OK", "context":{"environment":"Prod_westus2_prod-s01-035-nam-westus2", "migrationStage":"NotStarted", "server":"akswtt113000006"}}
{"logTime": "0426/175650", "correlationVector":"OOhU4U9M6g7AkXRV1zPiRt.2","action":"ProcessGetUpdates", "result":"Done", "context":{"dataType":"History", "deleted":"0", "process_failed_to_decrypt":"0", "process_pending_decryption":"0", "process_success":"250", "total":"250"}}
{"logTime": "0426/175650", "correlationVector":"OOhU4U9M6g7AkXRV1zPiRt.3","action":"GetUpdates Response", "result":"Success", "context":Received 250 update(s). cV=OOhU4U9M6g7AkXRV1zPiRt.0;server=akswtt113000006;cloudType=Consumer;environment=Prod_westus2_prod-s01-035-nam-westus2;migrationStage=NotStarted Some updates remain.}
{"logTime": "0426/175650", "correlationVector":"n8Phoo92AGVvnKiMuvNJ2f","action":"Initial GetUpdates", "result":"", "context":Reason: NEWLY_SUPPORTED_DATATYPE. cV=n8Phoo92AGVvnKiMuvNJ2f}
{"logTime": "0426/175651", "correlationVector":"n8Phoo92AGVvnKiMuvNJ2f.1","action":"SyncServerConnectionManagerRequest", "result":"SYNC_SERVER_OK", "context":{"environment":"Prod_westus2_prod-s01-035-nam-westus2", "migrationStage":"NotStarted", "server":"akswtt113000002"}}
{"logTime": "0426/175651", "correlationVector":"n8Phoo92AGVvnKiMuvNJ2f.2","action":"ProcessGetUpdates", "result":"Done", "context":{"dataType":"History", "deleted":"0", "process_failed_to_decrypt":"0", "process_pending_decryption":"0", "process_success":"250", "total":"250"}}
{"logTime": "0426/175651", "correlationVector":"n8Phoo92AGVvnKiMuvNJ2f.3","action":"GetUpdates Response", "result":"Success", "context":Received 250 update(s). cV=n8Phoo92AGVvnKiMuvNJ2f.0;server=akswtt113000002;cloudType=Consumer;environment=Prod_westus2_prod-s01-035-nam-westus2;migrationStage=NotStarted Some updates remain.}
{"logTime": "0426/175651", "correlationVector":"+JFQ0DLgJgqHM+6Nm/NZkv","action":"Initial GetUpdates", "result":"", "context":Reason: NEWLY_SUPPORTED_DATATYPE. cV=+JFQ0DLgJgqHM+6Nm/NZkv}
{"logTime": "0426/175651", "correlationVector":"+JFQ0DLgJgqHM+6Nm/NZkv.1","action":"SyncServerConnectionManagerRequest", "result":"SYNC_SERVER_OK", "context":{"environment":"Prod_westus2_prod-s01-035-nam-westus2", "migrationStage":"NotStarted", "server":"akswtt113000006"}}
{"logTime": "0426/175651", "correlationVector":"+JFQ0DLgJgqHM+6Nm/NZkv.2","action":"ProcessGetUpdates", "result":"Done", "context":{"dataType":"History", "deleted":"0", "process_failed_to_decrypt":"0", "process_pending_decryption":"0", "process_success":"250", "total":"250"}}
{"logTime": "0426/175651", "correlationVector":"+JFQ0DLgJgqHM+6Nm/NZkv.3","action":"GetUpdates Response", "result":"Success", "context":Received 250 update(s). cV=+JFQ0DLgJgqHM+6Nm/NZkv.0;server=akswtt113000006;cloudType=Consumer;environment=Prod_westus2_prod-s01-035-nam-westus2;migrationStage=NotStarted Some updates remain.}
{"logTime": "0426/175651", "correlationVector":"ID51+pv2s2hwUzz+xUjyC6","action":"Initial GetUpdates", "result":"", "context":Reason: NEWLY_SUPPORTED_DATATYPE. cV=ID51+pv2s2hwUzz+xUjyC6}
{"logTime": "0426/175651", "correlationVector":"ID51+pv2s2hwUzz+xUjyC6.1","action":"SyncServerConnectionManagerRequest", "result":"SYNC_SERVER_OK", "context":{"environment":"Prod_westus2_prod-s01-035-nam-westus2", "migrationStage":"NotStarted", "server":"akswtt11300000f"}}
{"logTime": "0426/175651", "correlationVector":"ID51+pv2s2hwUzz+xUjyC6.2","action":"ProcessGetUpdates", "result":"Done", "context":{"dataType":"History", "deleted":"0", "process_failed_to_decrypt":"0", "process_pending_decryption":"0", "process_success":"250", "total":"250"}}
{"logTime": "0426/175651", "correlationVector":"ID51+pv2s2hwUzz+xUjyC6.3","action":"GetUpdates Response", "result":"Success", "context":Received 250 update(s). cV=ID51+pv2s2hwUzz+xUjyC6.0;server=akswtt11300000f;cloudType=Consumer;environment=Prod_westus2_prod-s01-035-nam-westus2;migrationStage=NotStarted Some updates remain.}
{"logTime": "0426/175651", "correlationVector":"efIEPQEqvK4yj2137dWMay","action":"Initial GetUpdates", "result":"", "context":Reason: NEWLY_SUPPORTED_DATATYPE. cV=efIEPQEqvK4yj2137dWMay}
{"logTime": "0426/175652", "correlationVector":"efIEPQEqvK4yj2137dWMay.1","action":"SyncServerConnectionManagerRequest", "result":"SYNC_SERVER_OK", "context":{"environment":"Prod_westus2_prod-s01-035-nam-westus2", "migrationStage":"NotStarted", "server":"akswtt11300000t"}}
{"logTime": "0426/175652", "correlationVector":"efIEPQEqvK4yj2137dWMay.2","action":"ProcessGetUpdates", "result":"Done", "context":{"dataType":"History", "deleted":"0", "process_failed_to_decrypt":"0", "process_pending_decryption":"0", "process_success":"250", "total":"250"}}
{"logTime": "0426/175652", "correlationVector":"efIEPQEqvK4yj2137dWMay.3","action":"GetUpdates Response", "result":"Success", "context":Received 250 update(s). cV=efIEPQEqvK4yj2137dWMay.0;server=akswtt11300000t;cloudType=Consumer;environment=Prod_westus2_prod-s01-035-nam-westus2;migrationStage=NotStarted Some updates remain.}
{"logTime": "0426/175652", "correlationVector":"Gp1pRGAN+d3XHwXc6lbOcA","action":"Initial GetUpdates", "result":"", "context":Reason: NEWLY_SUPPORTED_DATATYPE. cV=Gp1pRGAN+d3XHwXc6lbOcA}
{"logTime": "0426/175652", "correlationVector":"Gp1pRGAN+d3XHwXc6lbOcA.1","action":"SyncServerConnectionManagerRequest", "result":"SYNC_SERVER_OK", "context":{"environment":"Prod_westus2_prod-s01-035-nam-westus2", "migrationStage":"NotStarted", "server":"akswtt113000007"}}
{"logTime": "0426/175652", "correlationVector":"Gp1pRGAN+d3XHwXc6lbOcA.2","action":"ProcessGetUpdates", "result":"Done", "context":{"dataType":"History", "deleted":"0", "process_failed_to_decrypt":"0", "process_pending_decryption":"0", "process_success":"250", "total":"250"}}
{"logTime": "0426/175652", "correlationVector":"Gp1pRGAN+d3XHwXc6lbOcA.3","action":"GetUpdates Response", "result":"Success", "context":Received 250 update(s). cV=Gp1pRGAN+d3XHwXc6lbOcA.0;server=akswtt113000007;cloudType=Consumer;environment=Prod_westus2_prod-s01-035-nam-westus2;migrationStage=NotStarted Some updates remain.}
{"logTime": "0426/175652", "correlationVector":"I1xmdmnpxlYk9H6byOV5V1","action":"Initial GetUpdates", "result":"", "context":Reason: NEWLY_SUPPORTED_DATATYPE. cV=I1xmdmnpxlYk9H6byOV5V1}
{"logTime": "0426/175653", "correlationVector":"I1xmdmnpxlYk9H6byOV5V1.1","action":"SyncServerConnectionManagerRequest", "result":"SYNC_SERVER_OK", "context":{"environment":"Prod_westus2_prod-s01-035-nam-westus2", "migrationStage":"NotStarted", "server":"akswtt11300000t"}}
{"logTime": "0426/175653", "correlationVector":"I1xmdmnpxlYk9H6byOV5V1.2","action":"ProcessGetUpdates", "result":"Done", "context":{"dataType":"History", "deleted":"0", "process_failed_to_decrypt":"0", "process_pending_decryption":"0", "process_success":"250", "total":"250"}}
{"logTime": "0426/175653", "correlationVector":"I1xmdmnpxlYk9H6byOV5V1.3","action":"GetUpdates Response", "result":"Success", "context":Received 250 update(s). cV=I1xmdmnpxlYk9H6byOV5V1.0;server=akswtt11300000t;cloudType=Consumer;environment=Prod_westus2_prod-s01-035-nam-westus2;migrationStage=NotStarted Some updates remain.}
{"logTime": "0426/175653", "correlationVector":"2awog1vBmlO5T63rxibE64","action":"Initial GetUpdates", "result":"", "context":Reason: NEWLY_SUPPORTED_DATATYPE. cV=2awog1vBmlO5T63rxibE64}
{"logTime": "0426/175653", "correlationVector":"2awog1vBmlO5T63rxibE64.1","action":"SyncServerConnectionManagerRequest", "result":"SYNC_SERVER_OK", "context":{"environment":"Prod_westus2_prod-s01-035-nam-westus2", "migrationStage":"NotStarted", "server":"akswtt113000002"}}
{"logTime": "0426/175653", "correlationVector":"2awog1vBmlO5T63rxibE64.2","action":"ProcessGetUpdates", "result":"Done", "context":{"dataType":"History", "deleted":"0", "process_failed_to_decrypt":"0", "process_pending_decryption":"0", "process_success":"250", "total":"250"}}
{"logTime": "0426/175653", "correlationVector":"2awog1vBmlO5T63rxibE64.3","action":"GetUpdates Response", "result":"Success", "context":Received 250 update(s). cV=2awog1vBmlO5T63rxibE64.0;server=akswtt113000002;cloudType=Consumer;environment=Prod_westus2_prod-s01-035-nam-westus2;migrationStage=NotStarted Some updates remain.}
{"logTime": "0426/175653", "correlationVector":"RdYMiMQa/Hp1ZfkbbxdWr5","action":"Initial GetUpdates", "result":"", "context":Reason: NEWLY_SUPPORTED_DATATYPE. cV=RdYMiMQa/Hp1ZfkbbxdWr5}
{"logTime": "0426/175653", "correlationVector":"RdYMiMQa/Hp1ZfkbbxdWr5.1","action":"SyncServerConnectionManagerRequest", "result":"SYNC_SERVER_OK", "context":{"environment":"Prod_westus2_prod-s01-035-nam-westus2", "migrationStage":"NotStarted", "server":"akswtt11300000f"}}
{"logTime": "0426/175653", "correlationVector":"RdYMiMQa/Hp1ZfkbbxdWr5.2","action":"ProcessGetUpdates", "result":"Done", "context":{"dataType":"History", "deleted":"0", "process_failed_to_decrypt":"0", "process_pending_decryption":"0", "process_success":"250", "total":"250"}}
{"logTime": "0426/175653", "correlationVector":"RdYMiMQa/Hp1ZfkbbxdWr5.3","action":"GetUpdates Response", "result":"Success", "context":Received 250 update(s). cV=RdYMiMQa/Hp1ZfkbbxdWr5.0;server=akswtt11300000f;cloudType=Consumer;environment=Prod_westus2_prod-s01-035-nam-westus2;migrationStage=NotStarted Some updates remain.}
{"logTime": "0426/175653", "correlationVector":"omLyLE6ZIxQZDyN02j+xSo","action":"Initial GetUpdates", "result":"", "context":Reason: NEWLY_SUPPORTED_DATATYPE. cV=omLyLE6ZIxQZDyN02j+xSo}
{"logTime": "0426/175654", "correlationVector":"omLyLE6ZIxQZDyN02j+xSo.1","action":"SyncServerConnectionManagerRequest", "result":"SYNC_SERVER_OK", "context":{"environment":"Prod_westus2_prod-s01-035-nam-westus2", "migrationStage":"NotStarted", "server":"akswtt113000006"}}
{"logTime": "0426/175654", "correlationVector":"omLyLE6ZIxQZDyN02j+xSo.2","action":"ProcessGetUpdates", "result":"Done", "context":{"dataType":"History", "deleted":"0", "process_failed_to_decrypt":"0", "process_pending_decryption":"0", "process_success":"250", "total":"250"}}
{"logTime": "0426/175654", "correlationVector":"omLyLE6ZIxQZDyN02j+xSo.3","action":"GetUpdates Response", "result":"Success", "context":Received 250 update(s). cV=omLyLE6ZIxQZDyN02j+xSo.0;server=akswtt113000006;cloudType=Consumer;environment=Prod_westus2_prod-s01-035-nam-westus2;migrationStage=NotStarted Some updates remain.}
{"logTime": "0426/175654", "correlationVector":"pSr/dxoclOIuIXxVY6AZFl","action":"Initial GetUpdates", "result":"", "context":Reason: NEWLY_SUPPORTED_DATATYPE. cV=pSr/dxoclOIuIXxVY6AZFl}
{"logTime": "0426/175654", "correlationVector":"pSr/dxoclOIuIXxVY6AZFl.1","action":"SyncServerConnectionManagerRequest", "result":"SYNC_SERVER_OK", "context":{"environment":"Prod_westus2_prod-s01-035-nam-westus2", "migrationStage":"NotStarted", "server":"akswtt113000009"}}
{"logTime": "0426/175654", "correlationVector":"pSr/dxoclOIuIXxVY6AZFl.2","action":"ProcessGetUpdates", "result":"Done", "context":{"dataType":"History", "deleted":"0", "process_failed_to_decrypt":"0", "process_pending_decryption":"0", "process_success":"250", "total":"250"}}
{"logTime": "0426/175654", "correlationVector":"pSr/dxoclOIuIXxVY6AZFl.3","action":"GetUpdates Response", "result":"Success", "context":Received 250 update(s). cV=pSr/dxoclOIuIXxVY6AZFl.0;server=akswtt113000009;cloudType=Consumer;environment=Prod_westus2_prod-s01-035-nam-westus2;migrationStage=NotStarted Some updates remain.}
{"logTime": "0426/175654", "correlationVector":"qBDH7B5X35aM6sf3Z2vHec","action":"Initial GetUpdates", "result":"", "context":Reason: NEWLY_SUPPORTED_DATATYPE. cV=qBDH7B5X35aM6sf3Z2vHec}
{"logTime": "0426/175654", "correlationVector":"qBDH7B5X35aM6sf3Z2vHec.1","action":"SyncServerConnectionManagerRequest", "result":"SYNC_SERVER_OK", "context":{"environment":"Prod_westus2_prod-s01-035-nam-westus2", "migrationStage":"NotStarted", "server":"akswtt11300000i"}}
{"logTime": "0426/175654", "correlationVector":"qBDH7B5X35aM6sf3Z2vHec.2","action":"ProcessGetUpdates", "result":"Done", "context":{"dataType":"History", "deleted":"0", "process_failed_to_decrypt":"0", "process_pending_decryption":"0", "process_success":"250", "total":"250"}}
{"logTime": "0426/175654", "correlationVector":"qBDH7B5X35aM6sf3Z2vHec.3","action":"GetUpdates Response", "result":"Success", "context":Received 250 update(s). cV=qBDH7B5X35aM6sf3Z2vHec.0;server=akswtt11300000i;cloudType=Consumer;environment=Prod_westus2_prod-s01-035-nam-westus2;migrationStage=NotStarted Some updates remain.}
{"logTime": "0426/175654", "correlationVector":"MPZSe/51W5ckDTe8jYcqCc","action":"Initial GetUpdates", "result":"", "context":Reason: NEWLY_SUPPORTED_DATATYPE. cV=MPZSe/51W5ckDTe8jYcqCc}
{"logTime": "0426/175655", "correlationVector":"MPZSe/51W5ckDTe8jYcqCc.1","action":"SyncServerConnectionManagerRequest", "result":"SYNC_SERVER_OK", "context":{"environment":"Prod_westus2_prod-s01-035-nam-westus2", "migrationStage":"NotStarted", "server":"akswtt113000002"}}
{"logTime": "0426/175655", "correlationVector":"MPZSe/51W5ckDTe8jYcqCc.2","action":"ProcessGetUpdates", "result":"Done", "context":{"dataType":"History", "deleted":"0", "process_failed_to_decrypt":"0", "process_pending_decryption":"0", "process_success":"247", "total":"247"}}
{"logTime": "0426/175655", "correlationVector":"MPZSe/51W5ckDTe8jYcqCc.3","action":"GetUpdates Response", "result":"Success", "context":Received 247 update(s). cV=MPZSe/51W5ckDTe8jYcqCc.0;server=akswtt113000002;cloudType=Consumer;environment=Prod_westus2_prod-s01-035-nam-westus2;migrationStage=NotStarted}
{"logTime": "0426/175655", "correlationVector":"IElu08uZRZsVTh5YLoZML9","action":"Normal GetUpdate request", "result":"", "context":cV=IElu08uZRZsVTh5YLoZML9
Nudged types: Sessions, Device Info, User Consents, History
Refresh requested types: Bookmarks, Preferences, Passwords, Autofill Profiles, Autofill, Extensions, Sessions, Extension settings, History Delete Directives, Device Info, User Consents, Send Tab To Self, Web Apps, History, Saved Tab Group, WebAuthn Credentials, Collection, Edge E Drop, Edge Hub App Usage, Edge Wallet, Edge Workspace, Encryption Keys}
{"logTime": "0426/175655", "correlationVector":"IElu08uZRZsVTh5YLoZML9.1","action":"SyncServerConnectionManagerRequest", "result":"SYNC_SERVER_OK", "context":{"environment":"Prod_westus2_prod-s01-035-nam-westus2", "migrationStage":"NotStarted", "server":"akswtt11300000a"}}
{"logTime": "0426/175655", "correlationVector":"IElu08uZRZsVTh5YLoZML9.2","action":"GetUpdates Response", "result":"Success", "context":Received 0 update(s). cV=IElu08uZRZsVTh5YLoZML9.0;server=akswtt11300000a;cloudType=Consumer;environment=Prod_westus2_prod-s01-035-nam-westus2;migrationStage=NotStarted}
{"logTime": "0426/175655", "correlationVector":"L/lAxYCHa1HitYdEIMNVhr","action":"Commit Request", "result":"", "context":Item count: 9
Contributing types: Sessions, Device Info, User Consents, History}
{"logTime": "0426/175655", "correlationVector":"L/lAxYCHa1HitYdEIMNVhr.1","action":"SyncServerConnectionManagerRequest", "result":"SYNC_SERVER_OK", "context":{"environment":"Prod_westus2_prod-s01-035-nam-westus2", "migrationStage":"NotStarted", "server":"akswtt113000006"}}
{"logTime": "0426/175655", "correlationVector":"L/lAxYCHa1HitYdEIMNVhr.2","action":"Commit Response", "result":"Success", "context":Result: Success. cV=L/lAxYCHa1HitYdEIMNVhr.0;server=akswtt113000006;cloudType=Consumer;environment=Prod_westus2_prod-s01-035-nam-westus2;migrationStage=NotStarted}
{"logTime": "0426/175656", "correlationVector":"lmp3NksUnwDEgSRrkz0qku","action":"Commit Request", "result":"", "context":Item count: 3
Contributing types: Sessions, History}
{"logTime": "0426/175656", "correlationVector":"lmp3NksUnwDEgSRrkz0qku.1","action":"SyncServerConnectionManagerRequest", "result":"SYNC_SERVER_OK", "context":{"environment":"Prod_westus2_prod-s01-035-nam-westus2", "migrationStage":"NotStarted", "server":"akswtt11300000a"}}
{"logTime": "0426/175656", "correlationVector":"lmp3NksUnwDEgSRrkz0qku.2","action":"Commit Response", "result":"Success", "context":Result: Success. cV=lmp3NksUnwDEgSRrkz0qku.0;server=akswtt11300000a;cloudType=Consumer;environment=Prod_westus2_prod-s01-035-nam-westus2;migrationStage=NotStarted}
{"logTime": "0426/175744", "correlationVector":"dP5SyUQ8Pc2xL0i2KLzg6B","action":"Commit Request", "result":"", "context":Item count: 40
Contributing types: Passwords}
{"logTime": "0426/175746", "correlationVector":"dP5SyUQ8Pc2xL0i2KLzg6B.1","action":"SyncServerConnectionManagerRequest", "result":"SYNC_SERVER_OK", "context":{"environment":"Prod_westus2_prod-s01-035-nam-westus2", "migrationStage":"NotStarted", "server":"akswtt113000002"}}
{"logTime": "0426/175746", "correlationVector":"dP5SyUQ8Pc2xL0i2KLzg6B.2","action":"Commit Response", "result":"Success", "context":Result: Success. cV=dP5SyUQ8Pc2xL0i2KLzg6B.0;server=akswtt113000002;cloudType=Consumer;environment=Prod_westus2_prod-s01-035-nam-westus2;migrationStage=NotStarted}
{"logTime": "0426/175746", "correlationVector":"oTA7F3ES2zBl3iCRpHSQ/J","action":"Commit Request", "result":"", "context":Item count: 15
Contributing types: Passwords, Sessions, History}
{"logTime": "0426/175747", "correlationVector":"oTA7F3ES2zBl3iCRpHSQ/J.1","action":"SyncServerConnectionManagerRequest", "result":"SYNC_SERVER_OK", "context":{"environment":"Prod_westus2_prod-s01-035-nam-westus2", "migrationStage":"NotStarted", "server":"akswtt113000007"}}
{"logTime": "0426/175747", "correlationVector":"oTA7F3ES2zBl3iCRpHSQ/J.2","action":"Commit Response", "result":"Success", "context":Result: Success. cV=oTA7F3ES2zBl3iCRpHSQ/J.0;server=akswtt113000007;cloudType=Consumer;environment=Prod_westus2_prod-s01-035-nam-westus2;migrationStage=NotStarted}
{"logTime": "0426/175747", "correlationVector":"ZifZd2nsPmo1Nh1pv57bg2","action":"Commit Request", "result":"", "context":Item count: 3
Contributing types: Sessions, History}
{"logTime": "0426/175747", "correlationVector":"ZifZd2nsPmo1Nh1pv57bg2.1","action":"SyncServerConnectionManagerRequest", "result":"SYNC_SERVER_OK", "context":{"environment":"Prod_westus2_prod-s01-035-nam-westus2", "migrationStage":"NotStarted", "server":"akswtt11300000n"}}
{"logTime": "0426/175747", "correlationVector":"ZifZd2nsPmo1Nh1pv57bg2.2","action":"Commit Response", "result":"Success", "context":Result: Success. cV=ZifZd2nsPmo1Nh1pv57bg2.0;server=akswtt11300000n;cloudType=Consumer;environment=Prod_westus2_prod-s01-035-nam-westus2;migrationStage=NotStarted}
{"logTime": "0426/175847", "correlationVector":"x0cMYItDs+i0hODjtIhO9q","action":"Commit Request", "result":"", "context":Item count: 11
Contributing types: Sessions, History}
{"logTime": "0426/175848", "correlationVector":"x0cMYItDs+i0hODjtIhO9q.1","action":"SyncServerConnectionManagerRequest", "result":"SYNC_SERVER_OK", "context":{"environment":"Prod_westus2_prod-s01-035-nam-westus2", "migrationStage":"NotStarted", "server":"akswtt113000008"}}
{"logTime": "0426/175848", "correlationVector":"x0cMYItDs+i0hODjtIhO9q.2","action":"Commit Response", "result":"Success", "context":Result: Success. cV=x0cMYItDs+i0hODjtIhO9q.0;server=akswtt113000008;cloudType=Consumer;environment=Prod_westus2_prod-s01-035-nam-westus2;migrationStage=NotStarted}
{"logTime": "0426/175948", "correlationVector":"F4vWZ4ojrV9AWQlVdSfCUZ","action":"Commit Request", "result":"", "context":Item count: 8
Contributing types: Sessions, History}
{"logTime": "0426/175949", "correlationVector":"F4vWZ4ojrV9AWQlVdSfCUZ.1","action":"SyncServerConnectionManagerRequest", "result":"SYNC_SERVER_OK", "context":{"environment":"Prod_westus2_prod-s01-035-nam-westus2", "migrationStage":"NotStarted", "server":"akswtt11300000s"}}
{"logTime": "0426/175949", "correlationVector":"F4vWZ4ojrV9AWQlVdSfCUZ.2","action":"Commit Response", "result":"Success", "context":Result: Success. cV=F4vWZ4ojrV9AWQlVdSfCUZ.0;server=akswtt11300000s;cloudType=Consumer;environment=Prod_westus2_prod-s01-035-nam-westus2;migrationStage=NotStarted}
{"logTime": "0426/180049", "correlationVector":"zNkN1VSUiPv8fx12M5vS4n","action":"Commit Request", "result":"", "context":Item count: 8
Contributing types: Sessions, History}
{"logTime": "0426/180049", "correlationVector":"zNkN1VSUiPv8fx12M5vS4n.1","action":"SyncServerConnectionManagerRequest", "result":"SYNC_SERVER_OK", "context":{"environment":"Prod_westus2_prod-s01-035-nam-westus2", "migrationStage":"NotStarted", "server":"akswtt11300000t"}}
{"logTime": "0426/180049", "correlationVector":"zNkN1VSUiPv8fx12M5vS4n.2","action":"Commit Response", "result":"Success", "context":Result: Success. cV=zNkN1VSUiPv8fx12M5vS4n.0;server=akswtt11300000t;cloudType=Consumer;environment=Prod_westus2_prod-s01-035-nam-westus2;migrationStage=NotStarted}
{"logTime": "0426/180150", "correlationVector":"oG1NRMOXI3IgLVCUNl8tmg","action":"Commit Request", "result":"", "context":Item count: 8
Contributing types: Sessions, History}
{"logTime": "0426/180150", "correlationVector":"oG1NRMOXI3IgLVCUNl8tmg.1","action":"SyncServerConnectionManagerRequest", "result":"SYNC_SERVER_OK", "context":{"environment":"Prod_westus2_prod-s01-035-nam-westus2", "migrationStage":"NotStarted", "server":"akswtt113000001"}}
{"logTime": "0426/180150", "correlationVector":"oG1NRMOXI3IgLVCUNl8tmg.2","action":"Commit Response", "result":"Success", "context":Result: Success. cV=oG1NRMOXI3IgLVCUNl8tmg.0;server=akswtt113000001;cloudType=Consumer;environment=Prod_westus2_prod-s01-035-nam-westus2;migrationStage=NotStarted}
