{"logTime": "0426/150823", "correlationVector":"6+V/h5kjAIZMZRoIoG8Fp/.1","action":"SyncServerConnectionManagerRequest", "result":"SYNC_SERVER_OK", "context":{"environment":"Prod_westus2_prod-s01-035-nam-westus2", "migrationStage":"NotStarted", "server":"akswtt11300000d"}}
{"logTime": "0426/150823", "correlationVector":"6+V/h5kjAIZMZRoIoG8Fp/.2","action":"ProcessGetUpdates", "result":"Done", "context":{"dataType":"Encryption Keys", "deleted":"0", "process_failed_to_decrypt":"0", "process_pending_decryption":"0", "process_success":"1", "total":"1"}}
{"logTime": "0426/150823", "correlationVector":"8q/LEllxfjK7rjWHUJ0dAU","action":"SyncServerConnectionManagerRequest", "result":"SYNC_SERVER_OK", "context":{"environment":"", "migrationStage":"", "server":""}}
{"logTime": "0426/150823", "correlationVector":"8q/LEllxfjK7rjWHUJ0dAU.0","action":"EncryptionKeysFetcher.DownloadKeys:", "result":"Success", "context":Key count: 5, Last key timestamp: 2026-04-18T03:48:13Z}
{"logTime": "0426/150823", "correlationVector":"8q/LEllxfjK7rjWHUJ0dAU.1","action":"EncryptionKeysManager::SetEncryptionKeys:", "result":"Success", "context":Key names[5]:[lBLlivP0tL7DaZCLOxY0Ms4GCmsztTwaiZZnWuhIrvxf62WQbQQOrEOZFqDAc6XX8sNCG3UdMSQXoQPb7570QQ==][lVznK7+X4kMFXxOXBoPhpSbjH3WghWADowbo4a72vMU6iWo8i79nPTR5N+6F83VtFpBywxdhc0xV21a2Jm/A6g==][Rkjhz4tCaGQHbFM9iina6dfubiNJH3/8Nb0P3dtJ1SeLsFRspz/UbUDes0Q9ENkkHUncnfUvSXI6M+uJbc+N9w==][qNbI0n6v/hh0ojvUbrBt2zg5a/wjTFo4ReIKDxAcek9QLy5Lb4ncifiaiqLrQxn4dHE7159KCWd7txz5PXG7pA==][EQnJNat9nLGhQ3sWluAQbvJNaL11ABTMNp2x6WBZFViiXC6pyhYenoSQCzCxCCt+LnXbXP/vleqfYDQYpxNb5A==]}
{"logTime": "0426/150823", "correlationVector":"8q/LEllxfjK7rjWHUJ0dAU.2","action":"EncryptionKeysManager::SetEncryptionKeysWithTimestamps:", "result":"Success", "context":Key timestamps[5]:[2024-04-18T22:10:58Z][2024-10-16T20:23:03Z][2025-04-14T23:12:43Z][2025-10-14T00:38:14Z][2026-04-18T03:48:13Z]}
{"logTime": "0426/150823", "correlationVector":"6+V/h5kjAIZMZRoIoG8Fp/","action":"Initial GetUpdates", "result":"", "context":Reason: NEW_CLIENT. cV=6+V/h5kjAIZMZRoIoG8Fp/}
{"logTime": "0426/150823", "correlationVector":"6+V/h5kjAIZMZRoIoG8Fp/.3","action":"GetUpdates Response", "result":"Success", "context":Received 1 update(s). cV=6+V/h5kjAIZMZRoIoG8Fp/.0;server=akswtt11300000d;cloudType=Consumer;environment=Prod_westus2_prod-s01-035-nam-westus2;migrationStage=NotStarted}
{"logTime": "0426/150823", "correlationVector":"VMaOx7dbiOeN/izWz6hKvG","action":"Initial GetUpdates", "result":"", "context":Reason: NEWLY_SUPPORTED_DATATYPE. cV=VMaOx7dbiOeN/izWz6hKvG}
{"logTime": "0426/150823", "correlationVector":"VMaOx7dbiOeN/izWz6hKvG.1","action":"SyncServerConnectionManagerRequest", "result":"SYNC_SERVER_OK", "context":{"environment":"Prod_westus2_prod-s01-035-nam-westus2", "migrationStage":"NotStarted", "server":"akswtt11300000i"}}
{"logTime": "0426/150823", "correlationVector":"VMaOx7dbiOeN/izWz6hKvG.2","action":"ProcessGetUpdates", "result":"Done", "context":{"dataType":"Preferences", "deleted":"0", "process_failed_to_decrypt":"0", "process_pending_decryption":"0", "process_success":"89", "total":"89"}}
{"logTime": "0426/150823", "correlationVector":"VMaOx7dbiOeN/izWz6hKvG.3","action":"ProcessGetUpdates", "result":"Done", "context":{"dataType":"Passwords", "deleted":"0", "process_failed_to_decrypt":"0", "process_pending_decryption":"0", "process_success":"52", "total":"52"}}
{"logTime": "0426/150823", "correlationVector":"VMaOx7dbiOeN/izWz6hKvG.4","action":"ProcessGetUpdates", "result":"Done", "context":{"dataType":"Device Info", "deleted":"0", "process_failed_to_decrypt":"0", "process_pending_decryption":"0", "process_success":"14", "total":"14"}}
{"logTime": "0426/150823", "correlationVector":"VMaOx7dbiOeN/izWz6hKvG.5","action":"GetUpdates Response", "result":"Success", "context":Received 155 update(s). cV=VMaOx7dbiOeN/izWz6hKvG.0;server=akswtt11300000i;cloudType=Consumer;environment=Prod_westus2_prod-s01-035-nam-westus2;migrationStage=NotStarted}
{"logTime": "0426/150824", "correlationVector":"DHfpXhyMimeSz1J9oKTEc3","action":"Initial GetUpdates", "result":"", "context":Reason: NEWLY_SUPPORTED_DATATYPE. cV=DHfpXhyMimeSz1J9oKTEc3}
{"logTime": "0426/150824", "correlationVector":"DHfpXhyMimeSz1J9oKTEc3.1","action":"SyncServerConnectionManagerRequest", "result":"SYNC_SERVER_OK", "context":{"environment":"Prod_westus2_prod-s01-035-nam-westus2", "migrationStage":"NotStarted", "server":"akswtt11300000b"}}
{"logTime": "0426/150824", "correlationVector":"DHfpXhyMimeSz1J9oKTEc3.2","action":"ProcessGetUpdates", "result":"Done", "context":{"dataType":"Bookmarks", "deleted":"1", "process_failed_to_decrypt":"0", "process_pending_decryption":"0", "process_success":"17", "total":"17"}}
{"logTime": "0426/150824", "correlationVector":"DHfpXhyMimeSz1J9oKTEc3.3","action":"GetUpdates Response", "result":"Success", "context":Received 17 update(s). cV=DHfpXhyMimeSz1J9oKTEc3.0;server=akswtt11300000b;cloudType=Consumer;environment=Prod_westus2_prod-s01-035-nam-westus2;migrationStage=NotStarted}
{"logTime": "0426/150824", "correlationVector":"vVsckjAaQUxZCAwGYJ/Mrd","action":"Initial GetUpdates", "result":"", "context":Reason: NEWLY_SUPPORTED_DATATYPE. cV=vVsckjAaQUxZCAwGYJ/Mrd}
{"logTime": "0426/150824", "correlationVector":"vVsckjAaQUxZCAwGYJ/Mrd.1","action":"SyncServerConnectionManagerRequest", "result":"SYNC_SERVER_OK", "context":{"environment":"Prod_westus2_prod-s01-035-nam-westus2", "migrationStage":"NotStarted", "server":"akswtt11300000n"}}
{"logTime": "0426/150824", "correlationVector":"vVsckjAaQUxZCAwGYJ/Mrd.2","action":"ProcessGetUpdates", "result":"Done", "context":{"dataType":"Autofill", "deleted":"0", "process_failed_to_decrypt":"0", "process_pending_decryption":"0", "process_success":"236", "total":"236"}}
{"logTime": "0426/150824", "correlationVector":"vVsckjAaQUxZCAwGYJ/Mrd.3","action":"ProcessGetUpdates", "result":"Done", "context":{"dataType":"Sessions", "deleted":"14", "process_failed_to_decrypt":"0", "process_pending_decryption":"0", "process_success":"14", "total":"14"}}
{"logTime": "0426/150824", "correlationVector":"vVsckjAaQUxZCAwGYJ/Mrd.4","action":"GetUpdates Response", "result":"Success", "context":Received 250 update(s). cV=vVsckjAaQUxZCAwGYJ/Mrd.0;server=akswtt11300000n;cloudType=Consumer;environment=Prod_westus2_prod-s01-035-nam-westus2;migrationStage=NotStarted Some updates remain.}
{"logTime": "0426/150824", "correlationVector":"Qy+eGgREjpTpHXbnuX8op0","action":"Initial GetUpdates", "result":"", "context":Reason: NEWLY_SUPPORTED_DATATYPE. cV=Qy+eGgREjpTpHXbnuX8op0}
{"logTime": "0426/150824", "correlationVector":"Qy+eGgREjpTpHXbnuX8op0.1","action":"SyncServerConnectionManagerRequest", "result":"SYNC_SERVER_OK", "context":{"environment":"Prod_westus2_prod-s01-035-nam-westus2", "migrationStage":"NotStarted", "server":"akswtt11300000g"}}
{"logTime": "0426/150824", "correlationVector":"Qy+eGgREjpTpHXbnuX8op0.2","action":"ProcessGetUpdates", "result":"Done", "context":{"dataType":"Sessions", "deleted":"248", "process_failed_to_decrypt":"0", "process_pending_decryption":"0", "process_success":"248", "total":"248"}}
{"logTime": "0426/150824", "correlationVector":"Qy+eGgREjpTpHXbnuX8op0.3","action":"ProcessGetUpdates", "result":"Done", "context":{"dataType":"Edge Hub App Usage", "deleted":"1", "process_failed_to_decrypt":"0", "process_pending_decryption":"0", "process_success":"2", "total":"2"}}
{"logTime": "0426/150824", "correlationVector":"Qy+eGgREjpTpHXbnuX8op0.4","action":"GetUpdates Response", "result":"Success", "context":Received 250 update(s). cV=Qy+eGgREjpTpHXbnuX8op0.0;server=akswtt11300000g;cloudType=Consumer;environment=Prod_westus2_prod-s01-035-nam-westus2;migrationStage=NotStarted Some updates remain.}
{"logTime": "0426/150824", "correlationVector":"y6UZYQ/JUP1h1u6x3xdy27","action":"Initial GetUpdates", "result":"", "context":Reason: NEWLY_SUPPORTED_DATATYPE. cV=y6UZYQ/JUP1h1u6x3xdy27}
{"logTime": "0426/150825", "correlationVector":"y6UZYQ/JUP1h1u6x3xdy27.1","action":"SyncServerConnectionManagerRequest", "result":"SYNC_SERVER_OK", "context":{"environment":"Prod_westus2_prod-s01-035-nam-westus2", "migrationStage":"NotStarted", "server":"akswtt11300000o"}}
{"logTime": "0426/150825", "correlationVector":"y6UZYQ/JUP1h1u6x3xdy27.2","action":"ProcessGetUpdates", "result":"Done", "context":{"dataType":"Sessions", "deleted":"243", "process_failed_to_decrypt":"0", "process_pending_decryption":"0", "process_success":"243", "total":"243"}}
{"logTime": "0426/150825", "correlationVector":"y6UZYQ/JUP1h1u6x3xdy27.3","action":"ProcessGetUpdates", "result":"Done", "context":{"dataType":"Saved Tab Group", "deleted":"0", "process_failed_to_decrypt":"0", "process_pending_decryption":"0", "process_success":"4", "total":"4"}}
{"logTime": "0426/150825", "correlationVector":"y6UZYQ/JUP1h1u6x3xdy27.4","action":"ProcessGetUpdates", "result":"Done", "context":{"dataType":"Edge Hub App Usage", "deleted":"3", "process_failed_to_decrypt":"0", "process_pending_decryption":"0", "process_success":"3", "total":"3"}}
{"logTime": "0426/150825", "correlationVector":"y6UZYQ/JUP1h1u6x3xdy27.5","action":"GetUpdates Response", "result":"Success", "context":Received 250 update(s). cV=y6UZYQ/JUP1h1u6x3xdy27.0;server=akswtt11300000o;cloudType=Consumer;environment=Prod_westus2_prod-s01-035-nam-westus2;migrationStage=NotStarted Some updates remain.}
{"logTime": "0426/150825", "correlationVector":"0Ygtkw+ezl1rqyY3eD7KBD","action":"Initial GetUpdates", "result":"", "context":Reason: NEWLY_SUPPORTED_DATATYPE. cV=0Ygtkw+ezl1rqyY3eD7KBD}
{"logTime": "0426/150825", "correlationVector":"0Ygtkw+ezl1rqyY3eD7KBD.1","action":"SyncServerConnectionManagerRequest", "result":"SYNC_SERVER_OK", "context":{"environment":"Prod_westus2_prod-s01-035-nam-westus2", "migrationStage":"NotStarted", "server":"akswtt11300000g"}}
{"logTime": "0426/150825", "correlationVector":"0Ygtkw+ezl1rqyY3eD7KBD.2","action":"ProcessGetUpdates", "result":"Done", "context":{"dataType":"Extensions", "deleted":"0", "process_failed_to_decrypt":"0", "process_pending_decryption":"0", "process_success":"1", "total":"1"}}
{"logTime": "0426/150825", "correlationVector":"0Ygtkw+ezl1rqyY3eD7KBD.3","action":"ProcessGetUpdates", "result":"Done", "context":{"dataType":"Sessions", "deleted":"248", "process_failed_to_decrypt":"0", "process_pending_decryption":"0", "process_success":"248", "total":"248"}}
{"logTime": "0426/150825", "correlationVector":"0Ygtkw+ezl1rqyY3eD7KBD.4","action":"ProcessGetUpdates", "result":"Done", "context":{"dataType":"Edge Hub App Usage", "deleted":"1", "process_failed_to_decrypt":"0", "process_pending_decryption":"0", "process_success":"1", "total":"1"}}
{"logTime": "0426/150825", "correlationVector":"0Ygtkw+ezl1rqyY3eD7KBD.5","action":"GetUpdates Response", "result":"Success", "context":Received 250 update(s). cV=0Ygtkw+ezl1rqyY3eD7KBD.0;server=akswtt11300000g;cloudType=Consumer;environment=Prod_westus2_prod-s01-035-nam-westus2;migrationStage=NotStarted Some updates remain.}
{"logTime": "0426/150825", "correlationVector":"FyfeTLDtK5Sk6o5V1vofru","action":"Initial GetUpdates", "result":"", "context":Reason: NEWLY_SUPPORTED_DATATYPE. cV=FyfeTLDtK5Sk6o5V1vofru}
{"logTime": "0426/150825", "correlationVector":"FyfeTLDtK5Sk6o5V1vofru.1","action":"SyncServerConnectionManagerRequest", "result":"SYNC_SERVER_OK", "context":{"environment":"Prod_westus2_prod-s01-035-nam-westus2", "migrationStage":"NotStarted", "server":"akswtt11300000g"}}
{"logTime": "0426/150825", "correlationVector":"FyfeTLDtK5Sk6o5V1vofru.2","action":"ProcessGetUpdates", "result":"Done", "context":{"dataType":"Sessions", "deleted":"248", "process_failed_to_decrypt":"0", "process_pending_decryption":"0", "process_success":"248", "total":"248"}}
{"logTime": "0426/150825", "correlationVector":"FyfeTLDtK5Sk6o5V1vofru.3","action":"ProcessGetUpdates", "result":"Done", "context":{"dataType":"Edge Hub App Usage", "deleted":"1", "process_failed_to_decrypt":"0", "process_pending_decryption":"0", "process_success":"2", "total":"2"}}
{"logTime": "0426/150825", "correlationVector":"FyfeTLDtK5Sk6o5V1vofru.4","action":"GetUpdates Response", "result":"Success", "context":Received 250 update(s). cV=FyfeTLDtK5Sk6o5V1vofru.0;server=akswtt11300000g;cloudType=Consumer;environment=Prod_westus2_prod-s01-035-nam-westus2;migrationStage=NotStarted Some updates remain.}
{"logTime": "0426/150825", "correlationVector":"aCykIqSfYXia2SRultO4xK","action":"Initial GetUpdates", "result":"", "context":Reason: NEWLY_SUPPORTED_DATATYPE. cV=aCykIqSfYXia2SRultO4xK}
{"logTime": "0426/150826", "correlationVector":"aCykIqSfYXia2SRultO4xK.1","action":"SyncServerConnectionManagerRequest", "result":"SYNC_SERVER_OK", "context":{"environment":"Prod_westus2_prod-s01-035-nam-westus2", "migrationStage":"NotStarted", "server":"akswtt113000005"}}
{"logTime": "0426/150826", "correlationVector":"aCykIqSfYXia2SRultO4xK.2","action":"ProcessGetUpdates", "result":"Done", "context":{"dataType":"Autofill Profiles", "deleted":"0", "process_failed_to_decrypt":"0", "process_pending_decryption":"0", "process_success":"10", "total":"10"}}
{"logTime": "0426/150826", "correlationVector":"aCykIqSfYXia2SRultO4xK.3","action":"ProcessGetUpdates", "result":"Done", "context":{"dataType":"Autofill", "deleted":"0", "process_failed_to_decrypt":"0", "process_pending_decryption":"0", "process_success":"231", "total":"231"}}
{"logTime": "0426/150826", "correlationVector":"aCykIqSfYXia2SRultO4xK.4","action":"ProcessGetUpdates", "result":"Done", "context":{"dataType":"Sessions", "deleted":"9", "process_failed_to_decrypt":"0", "process_pending_decryption":"0", "process_success":"9", "total":"9"}}
{"logTime": "0426/150826", "correlationVector":"aCykIqSfYXia2SRultO4xK.5","action":"GetUpdates Response", "result":"Success", "context":Received 250 update(s). cV=aCykIqSfYXia2SRultO4xK.0;server=akswtt113000005;cloudType=Consumer;environment=Prod_westus2_prod-s01-035-nam-westus2;migrationStage=NotStarted Some updates remain.}
{"logTime": "0426/150826", "correlationVector":"btr1ZmhbIrBqM/0TvGmqve","action":"Initial GetUpdates", "result":"", "context":Reason: NEWLY_SUPPORTED_DATATYPE. cV=btr1ZmhbIrBqM/0TvGmqve}
{"logTime": "0426/150826", "correlationVector":"btr1ZmhbIrBqM/0TvGmqve.1","action":"SyncServerConnectionManagerRequest", "result":"SYNC_SERVER_OK", "context":{"environment":"Prod_westus2_prod-s01-035-nam-westus2", "migrationStage":"NotStarted", "server":"akswtt11300000m"}}
{"logTime": "0426/150826", "correlationVector":"btr1ZmhbIrBqM/0TvGmqve.2","action":"ProcessGetUpdates", "result":"Done", "context":{"dataType":"Autofill Profiles", "deleted":"0", "process_failed_to_decrypt":"0", "process_pending_decryption":"0", "process_success":"1", "total":"1"}}
{"logTime": "0426/150826", "correlationVector":"btr1ZmhbIrBqM/0TvGmqve.3","action":"ProcessGetUpdates", "result":"Done", "context":{"dataType":"Autofill", "deleted":"0", "process_failed_to_decrypt":"0", "process_pending_decryption":"0", "process_success":"234", "total":"234"}}
{"logTime": "0426/150826", "correlationVector":"btr1ZmhbIrBqM/0TvGmqve.4","action":"ProcessGetUpdates", "result":"Done", "context":{"dataType":"Sessions", "deleted":"15", "process_failed_to_decrypt":"0", "process_pending_decryption":"0", "process_success":"15", "total":"15"}}
{"logTime": "0426/150826", "correlationVector":"btr1ZmhbIrBqM/0TvGmqve.5","action":"GetUpdates Response", "result":"Success", "context":Received 250 update(s). cV=btr1ZmhbIrBqM/0TvGmqve.0;server=akswtt11300000m;cloudType=Consumer;environment=Prod_westus2_prod-s01-035-nam-westus2;migrationStage=NotStarted Some updates remain.}
{"logTime": "0426/150826", "correlationVector":"fbjNXjcm5uzPpW+aXBsEGS","action":"Initial GetUpdates", "result":"", "context":Reason: NEWLY_SUPPORTED_DATATYPE. cV=fbjNXjcm5uzPpW+aXBsEGS}
{"logTime": "0426/150826", "correlationVector":"fbjNXjcm5uzPpW+aXBsEGS.1","action":"SyncServerConnectionManagerRequest", "result":"SYNC_SERVER_OK", "context":{"environment":"Prod_westus2_prod-s01-035-nam-westus2", "migrationStage":"NotStarted", "server":"akswtt11300000h"}}
{"logTime": "0426/150826", "correlationVector":"fbjNXjcm5uzPpW+aXBsEGS.2","action":"ProcessGetUpdates", "result":"Done", "context":{"dataType":"Autofill Profiles", "deleted":"0", "process_failed_to_decrypt":"0", "process_pending_decryption":"0", "process_success":"2", "total":"2"}}
{"logTime": "0426/150826", "correlationVector":"fbjNXjcm5uzPpW+aXBsEGS.3","action":"ProcessGetUpdates", "result":"Done", "context":{"dataType":"Autofill", "deleted":"0", "process_failed_to_decrypt":"0", "process_pending_decryption":"0", "process_success":"48", "total":"48"}}
{"logTime": "0426/150826", "correlationVector":"fbjNXjcm5uzPpW+aXBsEGS.4","action":"ProcessGetUpdates", "result":"Done", "context":{"dataType":"Extensions", "deleted":"0", "process_failed_to_decrypt":"0", "process_pending_decryption":"0", "process_success":"1", "total":"1"}}
{"logTime": "0426/150826", "correlationVector":"fbjNXjcm5uzPpW+aXBsEGS.5","action":"ProcessGetUpdates", "result":"Done", "context":{"dataType":"Sessions", "deleted":"175", "process_failed_to_decrypt":"0", "process_pending_decryption":"0", "process_success":"199", "total":"199"}}
{"logTime": "0426/150826", "correlationVector":"fbjNXjcm5uzPpW+aXBsEGS.6","action":"GetUpdates Response", "result":"Success", "context":Received 250 update(s). cV=fbjNXjcm5uzPpW+aXBsEGS.0;server=akswtt11300000h;cloudType=Consumer;environment=Prod_westus2_prod-s01-035-nam-westus2;migrationStage=NotStarted Some updates remain.}
{"logTime": "0426/150826", "correlationVector":"1+mtrnAfs86ZMIz2CdplW6","action":"Initial GetUpdates", "result":"", "context":Reason: NEWLY_SUPPORTED_DATATYPE. cV=1+mtrnAfs86ZMIz2CdplW6}
{"logTime": "0426/150827", "correlationVector":"1+mtrnAfs86ZMIz2CdplW6.1","action":"SyncServerConnectionManagerRequest", "result":"SYNC_SERVER_OK", "context":{"environment":"Prod_westus2_prod-s01-035-nam-westus2", "migrationStage":"NotStarted", "server":"akswtt11300000f"}}
{"logTime": "0426/150827", "correlationVector":"1+mtrnAfs86ZMIz2CdplW6.2","action":"ProcessGetUpdates", "result":"Done", "context":{"dataType":"Sessions", "deleted":"9", "process_failed_to_decrypt":"0", "process_pending_decryption":"0", "process_success":"25", "total":"25"}}
{"logTime": "0426/150827", "correlationVector":"1+mtrnAfs86ZMIz2CdplW6.3","action":"GetUpdates Response", "result":"Success", "context":Received 25 update(s). cV=1+mtrnAfs86ZMIz2CdplW6.0;server=akswtt11300000f;cloudType=Consumer;environment=Prod_westus2_prod-s01-035-nam-westus2;migrationStage=NotStarted}
{"logTime": "0426/150827", "correlationVector":"UqFNthS4d1RBf5R6K/52ac","action":"Initial GetUpdates", "result":"", "context":Reason: NEWLY_SUPPORTED_DATATYPE. cV=UqFNthS4d1RBf5R6K/52ac}
{"logTime": "0426/150827", "correlationVector":"UqFNthS4d1RBf5R6K/52ac.1","action":"SyncServerConnectionManagerRequest", "result":"SYNC_SERVER_OK", "context":{"environment":"Prod_westus2_prod-s01-035-nam-westus2", "migrationStage":"NotStarted", "server":"akswtt11300000m"}}
{"logTime": "0426/150827", "correlationVector":"UqFNthS4d1RBf5R6K/52ac.2","action":"ProcessGetUpdates", "result":"Done", "context":{"dataType":"History", "deleted":"0", "process_failed_to_decrypt":"0", "process_pending_decryption":"0", "process_success":"250", "total":"250"}}
{"logTime": "0426/150827", "correlationVector":"UqFNthS4d1RBf5R6K/52ac.3","action":"GetUpdates Response", "result":"Success", "context":Received 250 update(s). cV=UqFNthS4d1RBf5R6K/52ac.0;server=akswtt11300000m;cloudType=Consumer;environment=Prod_westus2_prod-s01-035-nam-westus2;migrationStage=NotStarted Some updates remain.}
{"logTime": "0426/150827", "correlationVector":"ZVCRj8f0UhkKgd1YBkr7ud","action":"Initial GetUpdates", "result":"", "context":Reason: NEWLY_SUPPORTED_DATATYPE. cV=ZVCRj8f0UhkKgd1YBkr7ud}
{"logTime": "0426/150827", "correlationVector":"ZVCRj8f0UhkKgd1YBkr7ud.1","action":"SyncServerConnectionManagerRequest", "result":"SYNC_SERVER_OK", "context":{"environment":"Prod_westus2_prod-s01-035-nam-westus2", "migrationStage":"NotStarted", "server":"akswtt11300000h"}}
{"logTime": "0426/150827", "correlationVector":"ZVCRj8f0UhkKgd1YBkr7ud.2","action":"ProcessGetUpdates", "result":"Done", "context":{"dataType":"History", "deleted":"0", "process_failed_to_decrypt":"0", "process_pending_decryption":"0", "process_success":"250", "total":"250"}}
{"logTime": "0426/150827", "correlationVector":"ZVCRj8f0UhkKgd1YBkr7ud.3","action":"GetUpdates Response", "result":"Success", "context":Received 250 update(s). cV=ZVCRj8f0UhkKgd1YBkr7ud.0;server=akswtt11300000h;cloudType=Consumer;environment=Prod_westus2_prod-s01-035-nam-westus2;migrationStage=NotStarted Some updates remain.}
{"logTime": "0426/150827", "correlationVector":"p7a+oM0QwaPJdQWutvshjy","action":"Initial GetUpdates", "result":"", "context":Reason: NEWLY_SUPPORTED_DATATYPE. cV=p7a+oM0QwaPJdQWutvshjy}
{"logTime": "0426/150828", "correlationVector":"p7a+oM0QwaPJdQWutvshjy.1","action":"SyncServerConnectionManagerRequest", "result":"SYNC_SERVER_OK", "context":{"environment":"Prod_westus2_prod-s01-035-nam-westus2", "migrationStage":"NotStarted", "server":"akswtt11300000d"}}
{"logTime": "0426/150828", "correlationVector":"p7a+oM0QwaPJdQWutvshjy.2","action":"ProcessGetUpdates", "result":"Done", "context":{"dataType":"History", "deleted":"0", "process_failed_to_decrypt":"0", "process_pending_decryption":"0", "process_success":"250", "total":"250"}}
{"logTime": "0426/150828", "correlationVector":"p7a+oM0QwaPJdQWutvshjy.3","action":"GetUpdates Response", "result":"Success", "context":Received 250 update(s). cV=p7a+oM0QwaPJdQWutvshjy.0;server=akswtt11300000d;cloudType=Consumer;environment=Prod_westus2_prod-s01-035-nam-westus2;migrationStage=NotStarted Some updates remain.}
{"logTime": "0426/150828", "correlationVector":"kX7Br5haianXnEbmg7DEH1","action":"Initial GetUpdates", "result":"", "context":Reason: NEWLY_SUPPORTED_DATATYPE. cV=kX7Br5haianXnEbmg7DEH1}
{"logTime": "0426/150828", "correlationVector":"kX7Br5haianXnEbmg7DEH1.1","action":"SyncServerConnectionManagerRequest", "result":"SYNC_SERVER_OK", "context":{"environment":"Prod_westus2_prod-s01-035-nam-westus2", "migrationStage":"NotStarted", "server":"akswtt113000005"}}
{"logTime": "0426/150828", "correlationVector":"kX7Br5haianXnEbmg7DEH1.2","action":"ProcessGetUpdates", "result":"Done", "context":{"dataType":"History", "deleted":"0", "process_failed_to_decrypt":"0", "process_pending_decryption":"0", "process_success":"250", "total":"250"}}
{"logTime": "0426/150828", "correlationVector":"kX7Br5haianXnEbmg7DEH1.3","action":"GetUpdates Response", "result":"Success", "context":Received 250 update(s). cV=kX7Br5haianXnEbmg7DEH1.0;server=akswtt113000005;cloudType=Consumer;environment=Prod_westus2_prod-s01-035-nam-westus2;migrationStage=NotStarted Some updates remain.}
{"logTime": "0426/150828", "correlationVector":"ZDsnZdCT6hO5bLC5ok8MnO","action":"Initial GetUpdates", "result":"", "context":Reason: NEWLY_SUPPORTED_DATATYPE. cV=ZDsnZdCT6hO5bLC5ok8MnO}
{"logTime": "0426/150829", "correlationVector":"ZDsnZdCT6hO5bLC5ok8MnO.1","action":"SyncServerConnectionManagerRequest", "result":"SYNC_SERVER_OK", "context":{"environment":"Prod_westus2_prod-s01-035-nam-westus2", "migrationStage":"NotStarted", "server":"akswtt11300000h"}}
{"logTime": "0426/150829", "correlationVector":"ZDsnZdCT6hO5bLC5ok8MnO.2","action":"ProcessGetUpdates", "result":"Done", "context":{"dataType":"History", "deleted":"0", "process_failed_to_decrypt":"0", "process_pending_decryption":"0", "process_success":"250", "total":"250"}}
{"logTime": "0426/150829", "correlationVector":"ZDsnZdCT6hO5bLC5ok8MnO.3","action":"GetUpdates Response", "result":"Success", "context":Received 250 update(s). cV=ZDsnZdCT6hO5bLC5ok8MnO.0;server=akswtt11300000h;cloudType=Consumer;environment=Prod_westus2_prod-s01-035-nam-westus2;migrationStage=NotStarted Some updates remain.}
{"logTime": "0426/150829", "correlationVector":"/hIuzeL9yPU3ZGFfJW2Roh","action":"Initial GetUpdates", "result":"", "context":Reason: NEWLY_SUPPORTED_DATATYPE. cV=/hIuzeL9yPU3ZGFfJW2Roh}
{"logTime": "0426/150829", "correlationVector":"/hIuzeL9yPU3ZGFfJW2Roh.1","action":"SyncServerConnectionManagerRequest", "result":"SYNC_SERVER_OK", "context":{"environment":"Prod_westus2_prod-s01-035-nam-westus2", "migrationStage":"NotStarted", "server":"akswtt11300000m"}}
{"logTime": "0426/150829", "correlationVector":"/hIuzeL9yPU3ZGFfJW2Roh.2","action":"ProcessGetUpdates", "result":"Done", "context":{"dataType":"History", "deleted":"0", "process_failed_to_decrypt":"0", "process_pending_decryption":"0", "process_success":"250", "total":"250"}}
{"logTime": "0426/150829", "correlationVector":"/hIuzeL9yPU3ZGFfJW2Roh.3","action":"GetUpdates Response", "result":"Success", "context":Received 250 update(s). cV=/hIuzeL9yPU3ZGFfJW2Roh.0;server=akswtt11300000m;cloudType=Consumer;environment=Prod_westus2_prod-s01-035-nam-westus2;migrationStage=NotStarted Some updates remain.}
{"logTime": "0426/150829", "correlationVector":"LzM/FY8yYvb2VBYV5gxiH2","action":"Initial GetUpdates", "result":"", "context":Reason: NEWLY_SUPPORTED_DATATYPE. cV=LzM/FY8yYvb2VBYV5gxiH2}
{"logTime": "0426/150829", "correlationVector":"LzM/FY8yYvb2VBYV5gxiH2.1","action":"SyncServerConnectionManagerRequest", "result":"SYNC_SERVER_OK", "context":{"environment":"Prod_westus2_prod-s01-035-nam-westus2", "migrationStage":"NotStarted", "server":"akswtt11300000f"}}
{"logTime": "0426/150829", "correlationVector":"LzM/FY8yYvb2VBYV5gxiH2.2","action":"ProcessGetUpdates", "result":"Done", "context":{"dataType":"History", "deleted":"0", "process_failed_to_decrypt":"0", "process_pending_decryption":"0", "process_success":"250", "total":"250"}}
{"logTime": "0426/150829", "correlationVector":"LzM/FY8yYvb2VBYV5gxiH2.3","action":"GetUpdates Response", "result":"Success", "context":Received 250 update(s). cV=LzM/FY8yYvb2VBYV5gxiH2.0;server=akswtt11300000f;cloudType=Consumer;environment=Prod_westus2_prod-s01-035-nam-westus2;migrationStage=NotStarted Some updates remain.}
{"logTime": "0426/150829", "correlationVector":"Vmsx4suRdSQIYxJP3HWPI6","action":"Initial GetUpdates", "result":"", "context":Reason: NEWLY_SUPPORTED_DATATYPE. cV=Vmsx4suRdSQIYxJP3HWPI6}
{"logTime": "0426/150830", "correlationVector":"Vmsx4suRdSQIYxJP3HWPI6.1","action":"SyncServerConnectionManagerRequest", "result":"SYNC_SERVER_OK", "context":{"environment":"Prod_westus2_prod-s01-035-nam-westus2", "migrationStage":"NotStarted", "server":"akswtt113000006"}}
{"logTime": "0426/150830", "correlationVector":"Vmsx4suRdSQIYxJP3HWPI6.2","action":"ProcessGetUpdates", "result":"Done", "context":{"dataType":"History", "deleted":"0", "process_failed_to_decrypt":"0", "process_pending_decryption":"0", "process_success":"250", "total":"250"}}
{"logTime": "0426/150830", "correlationVector":"Vmsx4suRdSQIYxJP3HWPI6.3","action":"GetUpdates Response", "result":"Success", "context":Received 250 update(s). cV=Vmsx4suRdSQIYxJP3HWPI6.0;server=akswtt113000006;cloudType=Consumer;environment=Prod_westus2_prod-s01-035-nam-westus2;migrationStage=NotStarted Some updates remain.}
{"logTime": "0426/150830", "correlationVector":"pIFjAHkMPUj+PzLKNoMi6a","action":"Initial GetUpdates", "result":"", "context":Reason: NEWLY_SUPPORTED_DATATYPE. cV=pIFjAHkMPUj+PzLKNoMi6a}
{"logTime": "0426/150830", "correlationVector":"pIFjAHkMPUj+PzLKNoMi6a.1","action":"SyncServerConnectionManagerRequest", "result":"SYNC_SERVER_OK", "context":{"environment":"Prod_westus2_prod-s01-035-nam-westus2", "migrationStage":"NotStarted", "server":"akswtt11300000i"}}
{"logTime": "0426/150830", "correlationVector":"pIFjAHkMPUj+PzLKNoMi6a.2","action":"ProcessGetUpdates", "result":"Done", "context":{"dataType":"History", "deleted":"0", "process_failed_to_decrypt":"0", "process_pending_decryption":"0", "process_success":"250", "total":"250"}}
{"logTime": "0426/150830", "correlationVector":"pIFjAHkMPUj+PzLKNoMi6a.3","action":"GetUpdates Response", "result":"Success", "context":Received 250 update(s). cV=pIFjAHkMPUj+PzLKNoMi6a.0;server=akswtt11300000i;cloudType=Consumer;environment=Prod_westus2_prod-s01-035-nam-westus2;migrationStage=NotStarted Some updates remain.}
{"logTime": "0426/150830", "correlationVector":"9wTQtlaw1TAUX0GrhNRDu+","action":"Initial GetUpdates", "result":"", "context":Reason: NEWLY_SUPPORTED_DATATYPE. cV=9wTQtlaw1TAUX0GrhNRDu+}
{"logTime": "0426/150830", "correlationVector":"9wTQtlaw1TAUX0GrhNRDu+.1","action":"SyncServerConnectionManagerRequest", "result":"SYNC_SERVER_OK", "context":{"environment":"Prod_westus2_prod-s01-035-nam-westus2", "migrationStage":"NotStarted", "server":"akswtt113000005"}}
{"logTime": "0426/150830", "correlationVector":"9wTQtlaw1TAUX0GrhNRDu+.2","action":"ProcessGetUpdates", "result":"Done", "context":{"dataType":"History", "deleted":"0", "process_failed_to_decrypt":"0", "process_pending_decryption":"0", "process_success":"250", "total":"250"}}
{"logTime": "0426/150830", "correlationVector":"9wTQtlaw1TAUX0GrhNRDu+.3","action":"GetUpdates Response", "result":"Success", "context":Received 250 update(s). cV=9wTQtlaw1TAUX0GrhNRDu+.0;server=akswtt113000005;cloudType=Consumer;environment=Prod_westus2_prod-s01-035-nam-westus2;migrationStage=NotStarted Some updates remain.}
{"logTime": "0426/150830", "correlationVector":"qqgzL5szNk9+OdiEOygxn4","action":"Initial GetUpdates", "result":"", "context":Reason: NEWLY_SUPPORTED_DATATYPE. cV=qqgzL5szNk9+OdiEOygxn4}
{"logTime": "0426/150831", "correlationVector":"qqgzL5szNk9+OdiEOygxn4.1","action":"SyncServerConnectionManagerRequest", "result":"SYNC_SERVER_OK", "context":{"environment":"Prod_westus2_prod-s01-035-nam-westus2", "migrationStage":"NotStarted", "server":"akswtt11300000i"}}
{"logTime": "0426/150831", "correlationVector":"qqgzL5szNk9+OdiEOygxn4.2","action":"ProcessGetUpdates", "result":"Done", "context":{"dataType":"History", "deleted":"0", "process_failed_to_decrypt":"0", "process_pending_decryption":"0", "process_success":"250", "total":"250"}}
{"logTime": "0426/150831", "correlationVector":"qqgzL5szNk9+OdiEOygxn4.3","action":"GetUpdates Response", "result":"Success", "context":Received 250 update(s). cV=qqgzL5szNk9+OdiEOygxn4.0;server=akswtt11300000i;cloudType=Consumer;environment=Prod_westus2_prod-s01-035-nam-westus2;migrationStage=NotStarted Some updates remain.}
{"logTime": "0426/150831", "correlationVector":"5MwFl41Q6DMHOR0dqgbmWT","action":"Initial GetUpdates", "result":"", "context":Reason: NEWLY_SUPPORTED_DATATYPE. cV=5MwFl41Q6DMHOR0dqgbmWT}
{"logTime": "0426/150831", "correlationVector":"5MwFl41Q6DMHOR0dqgbmWT.1","action":"SyncServerConnectionManagerRequest", "result":"SYNC_SERVER_OK", "context":{"environment":"Prod_westus2_prod-s01-035-nam-westus2", "migrationStage":"NotStarted", "server":"akswtt113000005"}}
{"logTime": "0426/150831", "correlationVector":"5MwFl41Q6DMHOR0dqgbmWT.2","action":"ProcessGetUpdates", "result":"Done", "context":{"dataType":"History", "deleted":"0", "process_failed_to_decrypt":"0", "process_pending_decryption":"0", "process_success":"250", "total":"250"}}
{"logTime": "0426/150831", "correlationVector":"5MwFl41Q6DMHOR0dqgbmWT.3","action":"GetUpdates Response", "result":"Success", "context":Received 250 update(s). cV=5MwFl41Q6DMHOR0dqgbmWT.0;server=akswtt113000005;cloudType=Consumer;environment=Prod_westus2_prod-s01-035-nam-westus2;migrationStage=NotStarted Some updates remain.}
{"logTime": "0426/150831", "correlationVector":"G3r1HEAK0eG06qBZkSmVTE","action":"Initial GetUpdates", "result":"", "context":Reason: NEWLY_SUPPORTED_DATATYPE. cV=G3r1HEAK0eG06qBZkSmVTE}
{"logTime": "0426/150832", "correlationVector":"G3r1HEAK0eG06qBZkSmVTE.1","action":"SyncServerConnectionManagerRequest", "result":"SYNC_SERVER_OK", "context":{"environment":"Prod_westus2_prod-s01-035-nam-westus2", "migrationStage":"NotStarted", "server":"akswtt11300000o"}}
{"logTime": "0426/150832", "correlationVector":"G3r1HEAK0eG06qBZkSmVTE.2","action":"ProcessGetUpdates", "result":"Done", "context":{"dataType":"History", "deleted":"0", "process_failed_to_decrypt":"0", "process_pending_decryption":"0", "process_success":"250", "total":"250"}}
{"logTime": "0426/150832", "correlationVector":"G3r1HEAK0eG06qBZkSmVTE.3","action":"GetUpdates Response", "result":"Success", "context":Received 250 update(s). cV=G3r1HEAK0eG06qBZkSmVTE.0;server=akswtt11300000o;cloudType=Consumer;environment=Prod_westus2_prod-s01-035-nam-westus2;migrationStage=NotStarted Some updates remain.}
{"logTime": "0426/150832", "correlationVector":"lGeBKjCpWbBQFy0fZTZlhK","action":"Initial GetUpdates", "result":"", "context":Reason: NEWLY_SUPPORTED_DATATYPE. cV=lGeBKjCpWbBQFy0fZTZlhK}
{"logTime": "0426/150832", "correlationVector":"lGeBKjCpWbBQFy0fZTZlhK.1","action":"SyncServerConnectionManagerRequest", "result":"SYNC_SERVER_OK", "context":{"environment":"Prod_westus2_prod-s01-035-nam-westus2", "migrationStage":"NotStarted", "server":"akswtt11300000i"}}
{"logTime": "0426/150832", "correlationVector":"lGeBKjCpWbBQFy0fZTZlhK.2","action":"ProcessGetUpdates", "result":"Done", "context":{"dataType":"History", "deleted":"0", "process_failed_to_decrypt":"0", "process_pending_decryption":"0", "process_success":"2", "total":"2"}}
{"logTime": "0426/150832", "correlationVector":"lGeBKjCpWbBQFy0fZTZlhK.3","action":"GetUpdates Response", "result":"Success", "context":Received 2 update(s). cV=lGeBKjCpWbBQFy0fZTZlhK.0;server=akswtt11300000i;cloudType=Consumer;environment=Prod_westus2_prod-s01-035-nam-westus2;migrationStage=NotStarted}
{"logTime": "0426/150832", "correlationVector":"5wUTm0A4QQkJtdNyPlxq8S","action":"Normal GetUpdate request", "result":"", "context":cV=5wUTm0A4QQkJtdNyPlxq8S
Nudged types: Sessions, Device Info, User Consents, History
Refresh requested types: Bookmarks, Preferences, Passwords, Autofill Profiles, Autofill, Extensions, Sessions, Extension settings, History Delete Directives, Device Info, User Consents, Send Tab To Self, Web Apps, History, Saved Tab Group, WebAuthn Credentials, Collection, Edge E Drop, Edge Hub App Usage, Edge Wallet, Edge Workspace, Encryption Keys}
{"logTime": "0426/150832", "correlationVector":"5wUTm0A4QQkJtdNyPlxq8S.1","action":"SyncServerConnectionManagerRequest", "result":"SYNC_SERVER_OK", "context":{"environment":"Prod_westus2_prod-s01-035-nam-westus2", "migrationStage":"NotStarted", "server":"akswtt11300000f"}}
{"logTime": "0426/150832", "correlationVector":"5wUTm0A4QQkJtdNyPlxq8S.2","action":"GetUpdates Response", "result":"Success", "context":Received 0 update(s). cV=5wUTm0A4QQkJtdNyPlxq8S.0;server=akswtt11300000f;cloudType=Consumer;environment=Prod_westus2_prod-s01-035-nam-westus2;migrationStage=NotStarted}
{"logTime": "0426/150832", "correlationVector":"yzvdNaRSotgll2vM1l7yRN","action":"Commit Request", "result":"", "context":Item count: 9
Contributing types: Sessions, Device Info, User Consents, History}
{"logTime": "0426/150833", "correlationVector":"yzvdNaRSotgll2vM1l7yRN.1","action":"SyncServerConnectionManagerRequest", "result":"SYNC_SERVER_OK", "context":{"environment":"Prod_westus2_prod-s01-035-nam-westus2", "migrationStage":"NotStarted", "server":"akswtt113000006"}}
{"logTime": "0426/150833", "correlationVector":"yzvdNaRSotgll2vM1l7yRN.2","action":"Commit Response", "result":"Success", "context":Result: Success. cV=yzvdNaRSotgll2vM1l7yRN.0;server=akswtt113000006;cloudType=Consumer;environment=Prod_westus2_prod-s01-035-nam-westus2;migrationStage=NotStarted}
{"logTime": "0426/150834", "correlationVector":"oHDhCGQkHO5OIuEnzmwnVS","action":"Normal GetUpdate request", "result":"", "context":cV=oHDhCGQkHO5OIuEnzmwnVS
Nudged types: History
Notified types: History}
{"logTime": "0426/150834", "correlationVector":"oHDhCGQkHO5OIuEnzmwnVS.1","action":"SyncServerConnectionManagerRequest", "result":"SYNC_SERVER_OK", "context":{"environment":"Prod_westus2_prod-s01-035-nam-westus2", "migrationStage":"NotStarted", "server":"akswtt11300000m"}}
{"logTime": "0426/150834", "correlationVector":"oHDhCGQkHO5OIuEnzmwnVS.2","action":"ProcessGetUpdates", "result":"Done", "context":{"dataType":"Sessions", "deleted":"0", "process_failed_to_decrypt":"0", "process_pending_decryption":"0", "process_success":"4", "total":"4"}}
{"logTime": "0426/150834", "correlationVector":"oHDhCGQkHO5OIuEnzmwnVS.3","action":"ProcessGetUpdates", "result":"Done", "context":{"dataType":"Device Info", "deleted":"0", "process_failed_to_decrypt":"0", "process_pending_decryption":"0", "process_success":"1", "total":"1"}}
{"logTime": "0426/150834", "correlationVector":"oHDhCGQkHO5OIuEnzmwnVS.4","action":"ProcessGetUpdates", "result":"Done", "context":{"dataType":"History", "deleted":"0", "process_failed_to_decrypt":"0", "process_pending_decryption":"0", "process_success":"7", "total":"7"}}
{"logTime": "0426/150834", "correlationVector":"oHDhCGQkHO5OIuEnzmwnVS.5","action":"GetUpdates Response", "result":"Success", "context":Received 12 update(s). cV=oHDhCGQkHO5OIuEnzmwnVS.0;server=akswtt11300000m;cloudType=Consumer;environment=Prod_westus2_prod-s01-035-nam-westus2;migrationStage=NotStarted}
{"logTime": "0426/150834", "correlationVector":"/2c06Wx2bzgnouu8TJv/Sy","action":"DoCompareDataConsistency: ", "result":"has local changes and skip compare"}
{"logTime": "0426/150834", "correlationVector":"50aPs4AATEJqMzGILrhNoT","action":"Commit Request", "result":"", "context":Item count: 3
Contributing types: Sessions, History}
{"logTime": "0426/150834", "correlationVector":"50aPs4AATEJqMzGILrhNoT.1","action":"SyncServerConnectionManagerRequest", "result":"SYNC_SERVER_OK", "context":{"environment":"Prod_westus2_prod-s01-035-nam-westus2", "migrationStage":"NotStarted", "server":"akswtt113000000"}}
{"logTime": "0426/150834", "correlationVector":"50aPs4AATEJqMzGILrhNoT.2","action":"Commit Response", "result":"Success", "context":Result: Success. cV=50aPs4AATEJqMzGILrhNoT.0;server=akswtt113000000;cloudType=Consumer;environment=Prod_westus2_prod-s01-035-nam-westus2;migrationStage=NotStarted}
{"logTime": "0426/150922", "correlationVector":"+gkMEPziGZ+Sqr8KHaqjsS","action":"Commit Request", "result":"", "context":Item count: 40
Contributing types: Passwords}
{"logTime": "0426/150924", "correlationVector":"+gkMEPziGZ+Sqr8KHaqjsS.1","action":"SyncServerConnectionManagerRequest", "result":"SYNC_SERVER_OK", "context":{"environment":"Prod_westus2_prod-s01-035-nam-westus2", "migrationStage":"NotStarted", "server":"akswtt113000000"}}
{"logTime": "0426/150924", "correlationVector":"+gkMEPziGZ+Sqr8KHaqjsS.2","action":"Commit Response", "result":"Success", "context":Result: Success. cV=+gkMEPziGZ+Sqr8KHaqjsS.0;server=akswtt113000000;cloudType=Consumer;environment=Prod_westus2_prod-s01-035-nam-westus2;migrationStage=NotStarted}
{"logTime": "0426/150924", "correlationVector":"twItTn2FVxIYqKBeoPDY9e","action":"Commit Request", "result":"", "context":Item count: 14
Contributing types: Passwords, Sessions, History}
{"logTime": "0426/150925", "correlationVector":"twItTn2FVxIYqKBeoPDY9e.1","action":"SyncServerConnectionManagerRequest", "result":"SYNC_SERVER_OK", "context":{"environment":"Prod_westus2_prod-s01-035-nam-westus2", "migrationStage":"NotStarted", "server":"akswtt11300000i"}}
{"logTime": "0426/150925", "correlationVector":"twItTn2FVxIYqKBeoPDY9e.2","action":"Commit Response", "result":"Success", "context":Result: Success. cV=twItTn2FVxIYqKBeoPDY9e.0;server=akswtt11300000i;cloudType=Consumer;environment=Prod_westus2_prod-s01-035-nam-westus2;migrationStage=NotStarted}
{"logTime": "0426/150925", "correlationVector":"X7VT3t0Ydr2ycgHwH8xBWQ","action":"Commit Request", "result":"", "context":Item count: 3
Contributing types: Sessions, History}
{"logTime": "0426/150925", "correlationVector":"X7VT3t0Ydr2ycgHwH8xBWQ.1","action":"SyncServerConnectionManagerRequest", "result":"SYNC_SERVER_OK", "context":{"environment":"Prod_westus2_prod-s01-035-nam-westus2", "migrationStage":"NotStarted", "server":"akswtt11300000m"}}
{"logTime": "0426/150925", "correlationVector":"X7VT3t0Ydr2ycgHwH8xBWQ.2","action":"Commit Response", "result":"Success", "context":Result: Success. cV=X7VT3t0Ydr2ycgHwH8xBWQ.0;server=akswtt11300000m;cloudType=Consumer;environment=Prod_westus2_prod-s01-035-nam-westus2;migrationStage=NotStarted}
