{"logTime": "0426/161727", "correlationVector":"GUxw/B/8XgNbFIK+XdZ+F5.1","action":"SyncServerConnectionManagerRequest", "result":"SYNC_SERVER_OK", "context":{"environment":"Prod_westus2_prod-s01-035-nam-westus2", "migrationStage":"NotStarted", "server":"akswtt113000006"}}
{"logTime": "0426/161727", "correlationVector":"GUxw/B/8XgNbFIK+XdZ+F5.2","action":"ProcessGetUpdates", "result":"Done", "context":{"dataType":"Encryption Keys", "deleted":"0", "process_failed_to_decrypt":"0", "process_pending_decryption":"0", "process_success":"1", "total":"1"}}
{"logTime": "0426/161727", "correlationVector":"Zu5rf6XBoZlUlFablDamhv","action":"SyncServerConnectionManagerRequest", "result":"SYNC_SERVER_OK", "context":{"environment":"", "migrationStage":"", "server":""}}
{"logTime": "0426/161727", "correlationVector":"Zu5rf6XBoZlUlFablDamhv.0","action":"EncryptionKeysFetcher.DownloadKeys:", "result":"Success", "context":Key count: 5, Last key timestamp: 2026-04-18T03:48:13Z}
{"logTime": "0426/161727", "correlationVector":"Zu5rf6XBoZlUlFablDamhv.1","action":"EncryptionKeysManager::SetEncryptionKeys:", "result":"Success", "context":Key names[5]:[lBLlivP0tL7DaZCLOxY0Ms4GCmsztTwaiZZnWuhIrvxf62WQbQQOrEOZFqDAc6XX8sNCG3UdMSQXoQPb7570QQ==][lVznK7+X4kMFXxOXBoPhpSbjH3WghWADowbo4a72vMU6iWo8i79nPTR5N+6F83VtFpBywxdhc0xV21a2Jm/A6g==][Rkjhz4tCaGQHbFM9iina6dfubiNJH3/8Nb0P3dtJ1SeLsFRspz/UbUDes0Q9ENkkHUncnfUvSXI6M+uJbc+N9w==][qNbI0n6v/hh0ojvUbrBt2zg5a/wjTFo4ReIKDxAcek9QLy5Lb4ncifiaiqLrQxn4dHE7159KCWd7txz5PXG7pA==][EQnJNat9nLGhQ3sWluAQbvJNaL11ABTMNp2x6WBZFViiXC6pyhYenoSQCzCxCCt+LnXbXP/vleqfYDQYpxNb5A==]}
{"logTime": "0426/161727", "correlationVector":"Zu5rf6XBoZlUlFablDamhv.2","action":"EncryptionKeysManager::SetEncryptionKeysWithTimestamps:", "result":"Success", "context":Key timestamps[5]:[2024-04-18T22:10:58Z][2024-10-16T20:23:03Z][2025-04-14T23:12:43Z][2025-10-14T00:38:14Z][2026-04-18T03:48:13Z]}
{"logTime": "0426/161727", "correlationVector":"GUxw/B/8XgNbFIK+XdZ+F5","action":"Initial GetUpdates", "result":"", "context":Reason: NEW_CLIENT. cV=GUxw/B/8XgNbFIK+XdZ+F5}
{"logTime": "0426/161727", "correlationVector":"GUxw/B/8XgNbFIK+XdZ+F5.3","action":"GetUpdates Response", "result":"Success", "context":Received 1 update(s). cV=GUxw/B/8XgNbFIK+XdZ+F5.0;server=akswtt113000006;cloudType=Consumer;environment=Prod_westus2_prod-s01-035-nam-westus2;migrationStage=NotStarted}
{"logTime": "0426/161727", "correlationVector":"3vDRKCU7glkFShxzjfp9Yd","action":"Initial GetUpdates", "result":"", "context":Reason: NEWLY_SUPPORTED_DATATYPE. cV=3vDRKCU7glkFShxzjfp9Yd}
{"logTime": "0426/161727", "correlationVector":"3vDRKCU7glkFShxzjfp9Yd.1","action":"SyncServerConnectionManagerRequest", "result":"SYNC_SERVER_OK", "context":{"environment":"Prod_westus2_prod-s01-035-nam-westus2", "migrationStage":"NotStarted", "server":"akswtt11300000d"}}
{"logTime": "0426/161727", "correlationVector":"3vDRKCU7glkFShxzjfp9Yd.2","action":"ProcessGetUpdates", "result":"Done", "context":{"dataType":"Preferences", "deleted":"0", "process_failed_to_decrypt":"0", "process_pending_decryption":"0", "process_success":"89", "total":"89"}}
{"logTime": "0426/161727", "correlationVector":"3vDRKCU7glkFShxzjfp9Yd.3","action":"ProcessGetUpdates", "result":"Done", "context":{"dataType":"Passwords", "deleted":"0", "process_failed_to_decrypt":"0", "process_pending_decryption":"0", "process_success":"52", "total":"52"}}
{"logTime": "0426/161727", "correlationVector":"3vDRKCU7glkFShxzjfp9Yd.4","action":"ProcessGetUpdates", "result":"Done", "context":{"dataType":"Device Info", "deleted":"0", "process_failed_to_decrypt":"0", "process_pending_decryption":"0", "process_success":"23", "total":"23"}}
{"logTime": "0426/161727", "correlationVector":"3vDRKCU7glkFShxzjfp9Yd.5","action":"GetUpdates Response", "result":"Success", "context":Received 164 update(s). cV=3vDRKCU7glkFShxzjfp9Yd.0;server=akswtt11300000d;cloudType=Consumer;environment=Prod_westus2_prod-s01-035-nam-westus2;migrationStage=NotStarted}
{"logTime": "0426/161728", "correlationVector":"vGPdHgE87kwWN9HtfgaEHI","action":"Initial GetUpdates", "result":"", "context":Reason: NEWLY_SUPPORTED_DATATYPE. cV=vGPdHgE87kwWN9HtfgaEHI}
{"logTime": "0426/161728", "correlationVector":"vGPdHgE87kwWN9HtfgaEHI.1","action":"SyncServerConnectionManagerRequest", "result":"SYNC_SERVER_OK", "context":{"environment":"Prod_westus2_prod-s01-035-nam-westus2", "migrationStage":"NotStarted", "server":"akswtt113000006"}}
{"logTime": "0426/161728", "correlationVector":"vGPdHgE87kwWN9HtfgaEHI.2","action":"ProcessGetUpdates", "result":"Done", "context":{"dataType":"Bookmarks", "deleted":"1", "process_failed_to_decrypt":"0", "process_pending_decryption":"0", "process_success":"17", "total":"17"}}
{"logTime": "0426/161728", "correlationVector":"vGPdHgE87kwWN9HtfgaEHI.3","action":"GetUpdates Response", "result":"Success", "context":Received 17 update(s). cV=vGPdHgE87kwWN9HtfgaEHI.0;server=akswtt113000006;cloudType=Consumer;environment=Prod_westus2_prod-s01-035-nam-westus2;migrationStage=NotStarted}
{"logTime": "0426/161728", "correlationVector":"kYzAY5ByEU1Cetl/sjpV8E","action":"Initial GetUpdates", "result":"", "context":Reason: NEWLY_SUPPORTED_DATATYPE. cV=kYzAY5ByEU1Cetl/sjpV8E}
{"logTime": "0426/161728", "correlationVector":"kYzAY5ByEU1Cetl/sjpV8E.1","action":"SyncServerConnectionManagerRequest", "result":"SYNC_SERVER_OK", "context":{"environment":"Prod_westus2_prod-s01-035-nam-westus2", "migrationStage":"NotStarted", "server":"akswtt113000004"}}
{"logTime": "0426/161728", "correlationVector":"kYzAY5ByEU1Cetl/sjpV8E.2","action":"ProcessGetUpdates", "result":"Done", "context":{"dataType":"Autofill", "deleted":"0", "process_failed_to_decrypt":"0", "process_pending_decryption":"0", "process_success":"236", "total":"236"}}
{"logTime": "0426/161728", "correlationVector":"kYzAY5ByEU1Cetl/sjpV8E.3","action":"ProcessGetUpdates", "result":"Done", "context":{"dataType":"Sessions", "deleted":"14", "process_failed_to_decrypt":"0", "process_pending_decryption":"0", "process_success":"14", "total":"14"}}
{"logTime": "0426/161728", "correlationVector":"kYzAY5ByEU1Cetl/sjpV8E.4","action":"GetUpdates Response", "result":"Success", "context":Received 250 update(s). cV=kYzAY5ByEU1Cetl/sjpV8E.0;server=akswtt113000004;cloudType=Consumer;environment=Prod_westus2_prod-s01-035-nam-westus2;migrationStage=NotStarted Some updates remain.}
{"logTime": "0426/161728", "correlationVector":"p+RypeR9wJBfs5DrLaLSdL","action":"Initial GetUpdates", "result":"", "context":Reason: NEWLY_SUPPORTED_DATATYPE. cV=p+RypeR9wJBfs5DrLaLSdL}
{"logTime": "0426/161728", "correlationVector":"p+RypeR9wJBfs5DrLaLSdL.1","action":"SyncServerConnectionManagerRequest", "result":"SYNC_SERVER_OK", "context":{"environment":"Prod_westus2_prod-s01-035-nam-westus2", "migrationStage":"NotStarted", "server":"akswtt11300000b"}}
{"logTime": "0426/161728", "correlationVector":"p+RypeR9wJBfs5DrLaLSdL.2","action":"ProcessGetUpdates", "result":"Done", "context":{"dataType":"Sessions", "deleted":"248", "process_failed_to_decrypt":"0", "process_pending_decryption":"0", "process_success":"248", "total":"248"}}
{"logTime": "0426/161728", "correlationVector":"p+RypeR9wJBfs5DrLaLSdL.3","action":"ProcessGetUpdates", "result":"Done", "context":{"dataType":"Edge Hub App Usage", "deleted":"1", "process_failed_to_decrypt":"0", "process_pending_decryption":"0", "process_success":"2", "total":"2"}}
{"logTime": "0426/161728", "correlationVector":"p+RypeR9wJBfs5DrLaLSdL.4","action":"GetUpdates Response", "result":"Success", "context":Received 250 update(s). cV=p+RypeR9wJBfs5DrLaLSdL.0;server=akswtt11300000b;cloudType=Consumer;environment=Prod_westus2_prod-s01-035-nam-westus2;migrationStage=NotStarted Some updates remain.}
{"logTime": "0426/161728", "correlationVector":"KcEs0xTl/AHD18EhAjqCD4","action":"Initial GetUpdates", "result":"", "context":Reason: NEWLY_SUPPORTED_DATATYPE. cV=KcEs0xTl/AHD18EhAjqCD4}
{"logTime": "0426/161729", "correlationVector":"KcEs0xTl/AHD18EhAjqCD4.1","action":"SyncServerConnectionManagerRequest", "result":"SYNC_SERVER_OK", "context":{"environment":"Prod_westus2_prod-s01-035-nam-westus2", "migrationStage":"NotStarted", "server":"akswtt11300000i"}}
{"logTime": "0426/161729", "correlationVector":"KcEs0xTl/AHD18EhAjqCD4.2","action":"ProcessGetUpdates", "result":"Done", "context":{"dataType":"Sessions", "deleted":"243", "process_failed_to_decrypt":"0", "process_pending_decryption":"0", "process_success":"243", "total":"243"}}
{"logTime": "0426/161729", "correlationVector":"KcEs0xTl/AHD18EhAjqCD4.3","action":"ProcessGetUpdates", "result":"Done", "context":{"dataType":"Saved Tab Group", "deleted":"0", "process_failed_to_decrypt":"0", "process_pending_decryption":"0", "process_success":"4", "total":"4"}}
{"logTime": "0426/161729", "correlationVector":"KcEs0xTl/AHD18EhAjqCD4.4","action":"ProcessGetUpdates", "result":"Done", "context":{"dataType":"Edge Hub App Usage", "deleted":"3", "process_failed_to_decrypt":"0", "process_pending_decryption":"0", "process_success":"3", "total":"3"}}
{"logTime": "0426/161729", "correlationVector":"KcEs0xTl/AHD18EhAjqCD4.5","action":"GetUpdates Response", "result":"Success", "context":Received 250 update(s). cV=KcEs0xTl/AHD18EhAjqCD4.0;server=akswtt11300000i;cloudType=Consumer;environment=Prod_westus2_prod-s01-035-nam-westus2;migrationStage=NotStarted Some updates remain.}
{"logTime": "0426/161729", "correlationVector":"vFtpwy1dzLFj0YwJWCOqC9","action":"Initial GetUpdates", "result":"", "context":Reason: NEWLY_SUPPORTED_DATATYPE. cV=vFtpwy1dzLFj0YwJWCOqC9}
{"logTime": "0426/161729", "correlationVector":"vFtpwy1dzLFj0YwJWCOqC9.1","action":"SyncServerConnectionManagerRequest", "result":"SYNC_SERVER_OK", "context":{"environment":"Prod_westus2_prod-s01-035-nam-westus2", "migrationStage":"NotStarted", "server":"akswtt11300000x"}}
{"logTime": "0426/161729", "correlationVector":"vFtpwy1dzLFj0YwJWCOqC9.2","action":"ProcessGetUpdates", "result":"Done", "context":{"dataType":"Extensions", "deleted":"0", "process_failed_to_decrypt":"0", "process_pending_decryption":"0", "process_success":"1", "total":"1"}}
{"logTime": "0426/161729", "correlationVector":"vFtpwy1dzLFj0YwJWCOqC9.3","action":"ProcessGetUpdates", "result":"Done", "context":{"dataType":"Sessions", "deleted":"248", "process_failed_to_decrypt":"0", "process_pending_decryption":"0", "process_success":"248", "total":"248"}}
{"logTime": "0426/161729", "correlationVector":"vFtpwy1dzLFj0YwJWCOqC9.4","action":"ProcessGetUpdates", "result":"Done", "context":{"dataType":"Edge Hub App Usage", "deleted":"1", "process_failed_to_decrypt":"0", "process_pending_decryption":"0", "process_success":"1", "total":"1"}}
{"logTime": "0426/161729", "correlationVector":"vFtpwy1dzLFj0YwJWCOqC9.5","action":"GetUpdates Response", "result":"Success", "context":Received 250 update(s). cV=vFtpwy1dzLFj0YwJWCOqC9.0;server=akswtt11300000x;cloudType=Consumer;environment=Prod_westus2_prod-s01-035-nam-westus2;migrationStage=NotStarted Some updates remain.}
{"logTime": "0426/161729", "correlationVector":"/7o8LycjxEqFmFyvtZ50hx","action":"Initial GetUpdates", "result":"", "context":Reason: NEWLY_SUPPORTED_DATATYPE. cV=/7o8LycjxEqFmFyvtZ50hx}
{"logTime": "0426/161729", "correlationVector":"/7o8LycjxEqFmFyvtZ50hx.1","action":"SyncServerConnectionManagerRequest", "result":"SYNC_SERVER_OK", "context":{"environment":"Prod_westus2_prod-s01-035-nam-westus2", "migrationStage":"NotStarted", "server":"akswtt11300000k"}}
{"logTime": "0426/161729", "correlationVector":"/7o8LycjxEqFmFyvtZ50hx.2","action":"ProcessGetUpdates", "result":"Done", "context":{"dataType":"Sessions", "deleted":"248", "process_failed_to_decrypt":"0", "process_pending_decryption":"0", "process_success":"248", "total":"248"}}
{"logTime": "0426/161729", "correlationVector":"/7o8LycjxEqFmFyvtZ50hx.3","action":"ProcessGetUpdates", "result":"Done", "context":{"dataType":"Edge Hub App Usage", "deleted":"1", "process_failed_to_decrypt":"0", "process_pending_decryption":"0", "process_success":"2", "total":"2"}}
{"logTime": "0426/161729", "correlationVector":"/7o8LycjxEqFmFyvtZ50hx.4","action":"GetUpdates Response", "result":"Success", "context":Received 250 update(s). cV=/7o8LycjxEqFmFyvtZ50hx.0;server=akswtt11300000k;cloudType=Consumer;environment=Prod_westus2_prod-s01-035-nam-westus2;migrationStage=NotStarted Some updates remain.}
{"logTime": "0426/161729", "correlationVector":"g2urXHgvY8PrmmCjoVqNos","action":"Initial GetUpdates", "result":"", "context":Reason: NEWLY_SUPPORTED_DATATYPE. cV=g2urXHgvY8PrmmCjoVqNos}
{"logTime": "0426/161730", "correlationVector":"g2urXHgvY8PrmmCjoVqNos.1","action":"SyncServerConnectionManagerRequest", "result":"SYNC_SERVER_OK", "context":{"environment":"Prod_westus2_prod-s01-035-nam-westus2", "migrationStage":"NotStarted", "server":"akswtt11300000a"}}
{"logTime": "0426/161730", "correlationVector":"g2urXHgvY8PrmmCjoVqNos.2","action":"ProcessGetUpdates", "result":"Done", "context":{"dataType":"Autofill Profiles", "deleted":"0", "process_failed_to_decrypt":"0", "process_pending_decryption":"0", "process_success":"10", "total":"10"}}
{"logTime": "0426/161730", "correlationVector":"g2urXHgvY8PrmmCjoVqNos.3","action":"ProcessGetUpdates", "result":"Done", "context":{"dataType":"Autofill", "deleted":"0", "process_failed_to_decrypt":"0", "process_pending_decryption":"0", "process_success":"231", "total":"231"}}
{"logTime": "0426/161730", "correlationVector":"g2urXHgvY8PrmmCjoVqNos.4","action":"ProcessGetUpdates", "result":"Done", "context":{"dataType":"Sessions", "deleted":"9", "process_failed_to_decrypt":"0", "process_pending_decryption":"0", "process_success":"9", "total":"9"}}
{"logTime": "0426/161730", "correlationVector":"g2urXHgvY8PrmmCjoVqNos.5","action":"GetUpdates Response", "result":"Success", "context":Received 250 update(s). cV=g2urXHgvY8PrmmCjoVqNos.0;server=akswtt11300000a;cloudType=Consumer;environment=Prod_westus2_prod-s01-035-nam-westus2;migrationStage=NotStarted Some updates remain.}
{"logTime": "0426/161730", "correlationVector":"LrWCT/dGGrZvSz4CjG++Dq","action":"Initial GetUpdates", "result":"", "context":Reason: NEWLY_SUPPORTED_DATATYPE. cV=LrWCT/dGGrZvSz4CjG++Dq}
{"logTime": "0426/161730", "correlationVector":"LrWCT/dGGrZvSz4CjG++Dq.1","action":"SyncServerConnectionManagerRequest", "result":"SYNC_SERVER_OK", "context":{"environment":"Prod_westus2_prod-s01-035-nam-westus2", "migrationStage":"NotStarted", "server":"akswtt113000003"}}
{"logTime": "0426/161730", "correlationVector":"LrWCT/dGGrZvSz4CjG++Dq.2","action":"ProcessGetUpdates", "result":"Done", "context":{"dataType":"Autofill Profiles", "deleted":"0", "process_failed_to_decrypt":"0", "process_pending_decryption":"0", "process_success":"1", "total":"1"}}
{"logTime": "0426/161730", "correlationVector":"LrWCT/dGGrZvSz4CjG++Dq.3","action":"ProcessGetUpdates", "result":"Done", "context":{"dataType":"Autofill", "deleted":"0", "process_failed_to_decrypt":"0", "process_pending_decryption":"0", "process_success":"234", "total":"234"}}
{"logTime": "0426/161730", "correlationVector":"LrWCT/dGGrZvSz4CjG++Dq.4","action":"ProcessGetUpdates", "result":"Done", "context":{"dataType":"Sessions", "deleted":"15", "process_failed_to_decrypt":"0", "process_pending_decryption":"0", "process_success":"15", "total":"15"}}
{"logTime": "0426/161730", "correlationVector":"LrWCT/dGGrZvSz4CjG++Dq.5","action":"GetUpdates Response", "result":"Success", "context":Received 250 update(s). cV=LrWCT/dGGrZvSz4CjG++Dq.0;server=akswtt113000003;cloudType=Consumer;environment=Prod_westus2_prod-s01-035-nam-westus2;migrationStage=NotStarted Some updates remain.}
{"logTime": "0426/161730", "correlationVector":"HD6OQXZ6XWYwOOQE2b1EVl","action":"Initial GetUpdates", "result":"", "context":Reason: NEWLY_SUPPORTED_DATATYPE. cV=HD6OQXZ6XWYwOOQE2b1EVl}
{"logTime": "0426/161731", "correlationVector":"HD6OQXZ6XWYwOOQE2b1EVl.1","action":"SyncServerConnectionManagerRequest", "result":"SYNC_SERVER_OK", "context":{"environment":"Prod_westus2_prod-s01-035-nam-westus2", "migrationStage":"NotStarted", "server":"akswtt113000003"}}
{"logTime": "0426/161731", "correlationVector":"HD6OQXZ6XWYwOOQE2b1EVl.2","action":"ProcessGetUpdates", "result":"Done", "context":{"dataType":"Autofill Profiles", "deleted":"0", "process_failed_to_decrypt":"0", "process_pending_decryption":"0", "process_success":"2", "total":"2"}}
{"logTime": "0426/161731", "correlationVector":"HD6OQXZ6XWYwOOQE2b1EVl.3","action":"ProcessGetUpdates", "result":"Done", "context":{"dataType":"Autofill", "deleted":"0", "process_failed_to_decrypt":"0", "process_pending_decryption":"0", "process_success":"48", "total":"48"}}
{"logTime": "0426/161731", "correlationVector":"HD6OQXZ6XWYwOOQE2b1EVl.4","action":"ProcessGetUpdates", "result":"Done", "context":{"dataType":"Extensions", "deleted":"0", "process_failed_to_decrypt":"0", "process_pending_decryption":"0", "process_success":"1", "total":"1"}}
{"logTime": "0426/161731", "correlationVector":"HD6OQXZ6XWYwOOQE2b1EVl.5","action":"ProcessGetUpdates", "result":"Done", "context":{"dataType":"Sessions", "deleted":"175", "process_failed_to_decrypt":"0", "process_pending_decryption":"0", "process_success":"199", "total":"199"}}
{"logTime": "0426/161731", "correlationVector":"HD6OQXZ6XWYwOOQE2b1EVl.6","action":"GetUpdates Response", "result":"Success", "context":Received 250 update(s). cV=HD6OQXZ6XWYwOOQE2b1EVl.0;server=akswtt113000003;cloudType=Consumer;environment=Prod_westus2_prod-s01-035-nam-westus2;migrationStage=NotStarted Some updates remain.}
{"logTime": "0426/161731", "correlationVector":"KNsvk457Pl5bgiuFqsGzNx","action":"Initial GetUpdates", "result":"", "context":Reason: NEWLY_SUPPORTED_DATATYPE. cV=KNsvk457Pl5bgiuFqsGzNx}
{"logTime": "0426/161731", "correlationVector":"KNsvk457Pl5bgiuFqsGzNx.1","action":"SyncServerConnectionManagerRequest", "result":"SYNC_SERVER_OK", "context":{"environment":"Prod_westus2_prod-s01-035-nam-westus2", "migrationStage":"NotStarted", "server":"akswtt113000003"}}
{"logTime": "0426/161731", "correlationVector":"KNsvk457Pl5bgiuFqsGzNx.2","action":"ProcessGetUpdates", "result":"Done", "context":{"dataType":"Sessions", "deleted":"9", "process_failed_to_decrypt":"0", "process_pending_decryption":"0", "process_success":"52", "total":"52"}}
{"logTime": "0426/161731", "correlationVector":"KNsvk457Pl5bgiuFqsGzNx.3","action":"GetUpdates Response", "result":"Success", "context":Received 52 update(s). cV=KNsvk457Pl5bgiuFqsGzNx.0;server=akswtt113000003;cloudType=Consumer;environment=Prod_westus2_prod-s01-035-nam-westus2;migrationStage=NotStarted}
{"logTime": "0426/161731", "correlationVector":"q0uwYCeAsNwuHVHX0miNLe","action":"Initial GetUpdates", "result":"", "context":Reason: NEWLY_SUPPORTED_DATATYPE. cV=q0uwYCeAsNwuHVHX0miNLe}
{"logTime": "0426/161731", "correlationVector":"q0uwYCeAsNwuHVHX0miNLe.1","action":"SyncServerConnectionManagerRequest", "result":"SYNC_SERVER_OK", "context":{"environment":"Prod_westus2_prod-s01-035-nam-westus2", "migrationStage":"NotStarted", "server":"akswtt11300000g"}}
{"logTime": "0426/161731", "correlationVector":"q0uwYCeAsNwuHVHX0miNLe.2","action":"ProcessGetUpdates", "result":"Done", "context":{"dataType":"History", "deleted":"0", "process_failed_to_decrypt":"0", "process_pending_decryption":"0", "process_success":"250", "total":"250"}}
{"logTime": "0426/161731", "correlationVector":"q0uwYCeAsNwuHVHX0miNLe.3","action":"GetUpdates Response", "result":"Success", "context":Received 250 update(s). cV=q0uwYCeAsNwuHVHX0miNLe.0;server=akswtt11300000g;cloudType=Consumer;environment=Prod_westus2_prod-s01-035-nam-westus2;migrationStage=NotStarted Some updates remain.}
{"logTime": "0426/161731", "correlationVector":"ahX0LdA8Cglwfa0qcyjUwB","action":"Initial GetUpdates", "result":"", "context":Reason: NEWLY_SUPPORTED_DATATYPE. cV=ahX0LdA8Cglwfa0qcyjUwB}
{"logTime": "0426/161732", "correlationVector":"ahX0LdA8Cglwfa0qcyjUwB.1","action":"SyncServerConnectionManagerRequest", "result":"SYNC_SERVER_OK", "context":{"environment":"Prod_westus2_prod-s01-035-nam-westus2", "migrationStage":"NotStarted", "server":"akswtt11300000a"}}
{"logTime": "0426/161732", "correlationVector":"ahX0LdA8Cglwfa0qcyjUwB.2","action":"ProcessGetUpdates", "result":"Done", "context":{"dataType":"History", "deleted":"0", "process_failed_to_decrypt":"0", "process_pending_decryption":"0", "process_success":"250", "total":"250"}}
{"logTime": "0426/161732", "correlationVector":"ahX0LdA8Cglwfa0qcyjUwB.3","action":"GetUpdates Response", "result":"Success", "context":Received 250 update(s). cV=ahX0LdA8Cglwfa0qcyjUwB.0;server=akswtt11300000a;cloudType=Consumer;environment=Prod_westus2_prod-s01-035-nam-westus2;migrationStage=NotStarted Some updates remain.}
{"logTime": "0426/161732", "correlationVector":"RFAXSM5DYwk47tCGJWBJLf","action":"Initial GetUpdates", "result":"", "context":Reason: NEWLY_SUPPORTED_DATATYPE. cV=RFAXSM5DYwk47tCGJWBJLf}
{"logTime": "0426/161732", "correlationVector":"RFAXSM5DYwk47tCGJWBJLf.1","action":"SyncServerConnectionManagerRequest", "result":"SYNC_SERVER_OK", "context":{"environment":"Prod_westus2_prod-s01-035-nam-westus2", "migrationStage":"NotStarted", "server":"akswtt113000003"}}
{"logTime": "0426/161732", "correlationVector":"RFAXSM5DYwk47tCGJWBJLf.2","action":"ProcessGetUpdates", "result":"Done", "context":{"dataType":"History", "deleted":"0", "process_failed_to_decrypt":"0", "process_pending_decryption":"0", "process_success":"250", "total":"250"}}
{"logTime": "0426/161732", "correlationVector":"RFAXSM5DYwk47tCGJWBJLf.3","action":"GetUpdates Response", "result":"Success", "context":Received 250 update(s). cV=RFAXSM5DYwk47tCGJWBJLf.0;server=akswtt113000003;cloudType=Consumer;environment=Prod_westus2_prod-s01-035-nam-westus2;migrationStage=NotStarted Some updates remain.}
{"logTime": "0426/161732", "correlationVector":"9qJHZeVlIsOIMpw82QKdZu","action":"Initial GetUpdates", "result":"", "context":Reason: NEWLY_SUPPORTED_DATATYPE. cV=9qJHZeVlIsOIMpw82QKdZu}
{"logTime": "0426/161733", "correlationVector":"7jhqcYkNKvyEoHzVcZDBS/.3","action":"GetUpdates Response", "result":"Success", "context":Received 250 update(s). cV=7jhqcYkNKvyEoHzVcZDBS/.0;server=akswtt11300000g;cloudType=Consumer;environment=Prod_westus2_prod-s01-035-nam-westus2;migrationStage=NotStarted Some updates remain.}
{"logTime": "0426/161733", "correlationVector":"l51Xm2zDeKwyoHiM/YfpMT","action":"Initial GetUpdates", "result":"", "context":Reason: NEWLY_SUPPORTED_DATATYPE. cV=l51Xm2zDeKwyoHiM/YfpMT}
{"logTime": "0426/161733", "correlationVector":"l51Xm2zDeKwyoHiM/YfpMT.1","action":"SyncServerConnectionManagerRequest", "result":"SYNC_SERVER_OK", "context":{"environment":"Prod_westus2_prod-s01-035-nam-westus2", "migrationStage":"NotStarted", "server":"akswtt113000000"}}
{"logTime": "0426/161733", "correlationVector":"l51Xm2zDeKwyoHiM/YfpMT.2","action":"ProcessGetUpdates", "result":"Done", "context":{"dataType":"History", "deleted":"0", "process_failed_to_decrypt":"0", "process_pending_decryption":"0", "process_success":"250", "total":"250"}}
{"logTime": "0426/161733", "correlationVector":"l51Xm2zDeKwyoHiM/YfpMT.3","action":"GetUpdates Response", "result":"Success", "context":Received 250 update(s). cV=l51Xm2zDeKwyoHiM/YfpMT.0;server=akswtt113000000;cloudType=Consumer;environment=Prod_westus2_prod-s01-035-nam-westus2;migrationStage=NotStarted Some updates remain.}
{"logTime": "0426/161733", "correlationVector":"msIkwag8YRC8czJZXYQG2M","action":"Initial GetUpdates", "result":"", "context":Reason: NEWLY_SUPPORTED_DATATYPE. cV=msIkwag8YRC8czJZXYQG2M}
{"logTime": "0426/161734", "correlationVector":"msIkwag8YRC8czJZXYQG2M.1","action":"SyncServerConnectionManagerRequest", "result":"SYNC_SERVER_OK", "context":{"environment":"Prod_westus2_prod-s01-035-nam-westus2", "migrationStage":"NotStarted", "server":"akswtt11300000h"}}
{"logTime": "0426/161734", "correlationVector":"msIkwag8YRC8czJZXYQG2M.2","action":"ProcessGetUpdates", "result":"Done", "context":{"dataType":"History", "deleted":"0", "process_failed_to_decrypt":"0", "process_pending_decryption":"0", "process_success":"250", "total":"250"}}
{"logTime": "0426/161734", "correlationVector":"msIkwag8YRC8czJZXYQG2M.3","action":"GetUpdates Response", "result":"Success", "context":Received 250 update(s). cV=msIkwag8YRC8czJZXYQG2M.0;server=akswtt11300000h;cloudType=Consumer;environment=Prod_westus2_prod-s01-035-nam-westus2;migrationStage=NotStarted Some updates remain.}
{"logTime": "0426/161734", "correlationVector":"2U7wQj6opWQ4Ty5ReggpGD","action":"Initial GetUpdates", "result":"", "context":Reason: NEWLY_SUPPORTED_DATATYPE. cV=2U7wQj6opWQ4Ty5ReggpGD}
{"logTime": "0426/161734", "correlationVector":"2U7wQj6opWQ4Ty5ReggpGD.1","action":"SyncServerConnectionManagerRequest", "result":"SYNC_SERVER_OK", "context":{"environment":"Prod_westus2_prod-s01-035-nam-westus2", "migrationStage":"NotStarted", "server":"akswtt11300000k"}}
{"logTime": "0426/161734", "correlationVector":"2U7wQj6opWQ4Ty5ReggpGD.2","action":"ProcessGetUpdates", "result":"Done", "context":{"dataType":"History", "deleted":"0", "process_failed_to_decrypt":"0", "process_pending_decryption":"0", "process_success":"250", "total":"250"}}
{"logTime": "0426/161734", "correlationVector":"2U7wQj6opWQ4Ty5ReggpGD.3","action":"GetUpdates Response", "result":"Success", "context":Received 250 update(s). cV=2U7wQj6opWQ4Ty5ReggpGD.0;server=akswtt11300000k;cloudType=Consumer;environment=Prod_westus2_prod-s01-035-nam-westus2;migrationStage=NotStarted Some updates remain.}
{"logTime": "0426/161734", "correlationVector":"HlFFMns/jPcVG7TiLyzPBt","action":"Initial GetUpdates", "result":"", "context":Reason: NEWLY_SUPPORTED_DATATYPE. cV=HlFFMns/jPcVG7TiLyzPBt}
{"logTime": "0426/161734", "correlationVector":"HlFFMns/jPcVG7TiLyzPBt.1","action":"SyncServerConnectionManagerRequest", "result":"SYNC_SERVER_OK", "context":{"environment":"Prod_westus2_prod-s01-035-nam-westus2", "migrationStage":"NotStarted", "server":"akswtt113000003"}}
{"logTime": "0426/161734", "correlationVector":"HlFFMns/jPcVG7TiLyzPBt.2","action":"ProcessGetUpdates", "result":"Done", "context":{"dataType":"History", "deleted":"0", "process_failed_to_decrypt":"0", "process_pending_decryption":"0", "process_success":"250", "total":"250"}}
{"logTime": "0426/161734", "correlationVector":"HlFFMns/jPcVG7TiLyzPBt.3","action":"GetUpdates Response", "result":"Success", "context":Received 250 update(s). cV=HlFFMns/jPcVG7TiLyzPBt.0;server=akswtt113000003;cloudType=Consumer;environment=Prod_westus2_prod-s01-035-nam-westus2;migrationStage=NotStarted Some updates remain.}
{"logTime": "0426/161734", "correlationVector":"929Vrww6fNpj/sEfZ/J1VS","action":"Initial GetUpdates", "result":"", "context":Reason: NEWLY_SUPPORTED_DATATYPE. cV=929Vrww6fNpj/sEfZ/J1VS}
{"logTime": "0426/161735", "correlationVector":"929Vrww6fNpj/sEfZ/J1VS.1","action":"SyncServerConnectionManagerRequest", "result":"SYNC_SERVER_OK", "context":{"environment":"Prod_westus2_prod-s01-035-nam-westus2", "migrationStage":"NotStarted", "server":"akswtt113000009"}}
{"logTime": "0426/161735", "correlationVector":"929Vrww6fNpj/sEfZ/J1VS.2","action":"ProcessGetUpdates", "result":"Done", "context":{"dataType":"History", "deleted":"0", "process_failed_to_decrypt":"0", "process_pending_decryption":"0", "process_success":"250", "total":"250"}}
{"logTime": "0426/161735", "correlationVector":"929Vrww6fNpj/sEfZ/J1VS.3","action":"GetUpdates Response", "result":"Success", "context":Received 250 update(s). cV=929Vrww6fNpj/sEfZ/J1VS.0;server=akswtt113000009;cloudType=Consumer;environment=Prod_westus2_prod-s01-035-nam-westus2;migrationStage=NotStarted Some updates remain.}
{"logTime": "0426/161735", "correlationVector":"SL39xGB+Q727r5rvKkjYhv","action":"Initial GetUpdates", "result":"", "context":Reason: NEWLY_SUPPORTED_DATATYPE. cV=SL39xGB+Q727r5rvKkjYhv}
{"logTime": "0426/161735", "correlationVector":"SL39xGB+Q727r5rvKkjYhv.1","action":"SyncServerConnectionManagerRequest", "result":"SYNC_SERVER_OK", "context":{"environment":"Prod_westus2_prod-s01-035-nam-westus2", "migrationStage":"NotStarted", "server":"akswtt11300000a"}}
{"logTime": "0426/161735", "correlationVector":"SL39xGB+Q727r5rvKkjYhv.2","action":"ProcessGetUpdates", "result":"Done", "context":{"dataType":"History", "deleted":"0", "process_failed_to_decrypt":"0", "process_pending_decryption":"0", "process_success":"250", "total":"250"}}
{"logTime": "0426/161735", "correlationVector":"SL39xGB+Q727r5rvKkjYhv.3","action":"GetUpdates Response", "result":"Success", "context":Received 250 update(s). cV=SL39xGB+Q727r5rvKkjYhv.0;server=akswtt11300000a;cloudType=Consumer;environment=Prod_westus2_prod-s01-035-nam-westus2;migrationStage=NotStarted Some updates remain.}
{"logTime": "0426/161735", "correlationVector":"RG1/EQ7mdGB7irPO0Si9+h","action":"Initial GetUpdates", "result":"", "context":Reason: NEWLY_SUPPORTED_DATATYPE. cV=RG1/EQ7mdGB7irPO0Si9+h}
{"logTime": "0426/161735", "correlationVector":"RG1/EQ7mdGB7irPO0Si9+h.1","action":"SyncServerConnectionManagerRequest", "result":"SYNC_SERVER_OK", "context":{"environment":"Prod_westus2_prod-s01-035-nam-westus2", "migrationStage":"NotStarted", "server":"akswtt11300000g"}}
{"logTime": "0426/161735", "correlationVector":"RG1/EQ7mdGB7irPO0Si9+h.2","action":"ProcessGetUpdates", "result":"Done", "context":{"dataType":"History", "deleted":"0", "process_failed_to_decrypt":"0", "process_pending_decryption":"0", "process_success":"250", "total":"250"}}
{"logTime": "0426/161735", "correlationVector":"RG1/EQ7mdGB7irPO0Si9+h.3","action":"GetUpdates Response", "result":"Success", "context":Received 250 update(s). cV=RG1/EQ7mdGB7irPO0Si9+h.0;server=akswtt11300000g;cloudType=Consumer;environment=Prod_westus2_prod-s01-035-nam-westus2;migrationStage=NotStarted Some updates remain.}
{"logTime": "0426/161735", "correlationVector":"vsa9pVBcMOowwbyy53WdZv","action":"Initial GetUpdates", "result":"", "context":Reason: NEWLY_SUPPORTED_DATATYPE. cV=vsa9pVBcMOowwbyy53WdZv}
{"logTime": "0426/161736", "correlationVector":"vsa9pVBcMOowwbyy53WdZv.1","action":"SyncServerConnectionManagerRequest", "result":"SYNC_SERVER_OK", "context":{"environment":"Prod_westus2_prod-s01-035-nam-westus2", "migrationStage":"NotStarted", "server":"akswtt113000009"}}
{"logTime": "0426/161736", "correlationVector":"vsa9pVBcMOowwbyy53WdZv.2","action":"ProcessGetUpdates", "result":"Done", "context":{"dataType":"History", "deleted":"0", "process_failed_to_decrypt":"0", "process_pending_decryption":"0", "process_success":"250", "total":"250"}}
{"logTime": "0426/161736", "correlationVector":"vsa9pVBcMOowwbyy53WdZv.3","action":"GetUpdates Response", "result":"Success", "context":Received 250 update(s). cV=vsa9pVBcMOowwbyy53WdZv.0;server=akswtt113000009;cloudType=Consumer;environment=Prod_westus2_prod-s01-035-nam-westus2;migrationStage=NotStarted Some updates remain.}
{"logTime": "0426/161736", "correlationVector":"33+IWA2tX9pvdDLwT1LIXQ","action":"Initial GetUpdates", "result":"", "context":Reason: NEWLY_SUPPORTED_DATATYPE. cV=33+IWA2tX9pvdDLwT1LIXQ}
{"logTime": "0426/161736", "correlationVector":"33+IWA2tX9pvdDLwT1LIXQ.1","action":"SyncServerConnectionManagerRequest", "result":"SYNC_SERVER_OK", "context":{"environment":"Prod_westus2_prod-s01-035-nam-westus2", "migrationStage":"NotStarted", "server":"akswtt11300000a"}}
{"logTime": "0426/161736", "correlationVector":"33+IWA2tX9pvdDLwT1LIXQ.2","action":"ProcessGetUpdates", "result":"Done", "context":{"dataType":"History", "deleted":"0", "process_failed_to_decrypt":"0", "process_pending_decryption":"0", "process_success":"112", "total":"112"}}
{"logTime": "0426/161736", "correlationVector":"33+IWA2tX9pvdDLwT1LIXQ.3","action":"GetUpdates Response", "result":"Success", "context":Received 112 update(s). cV=33+IWA2tX9pvdDLwT1LIXQ.0;server=akswtt11300000a;cloudType=Consumer;environment=Prod_westus2_prod-s01-035-nam-westus2;migrationStage=NotStarted}
{"logTime": "0426/161736", "correlationVector":"U3dlCD4H4CxezT+bywUfJM","action":"Normal GetUpdate request", "result":"", "context":cV=U3dlCD4H4CxezT+bywUfJM
Nudged types: Sessions, Device Info, User Consents, History
Refresh requested types: Bookmarks, Preferences, Passwords, Autofill Profiles, Autofill, Extensions, Sessions, Extension settings, History Delete Directives, Device Info, User Consents, Send Tab To Self, Web Apps, History, Saved Tab Group, WebAuthn Credentials, Collection, Edge E Drop, Edge Hub App Usage, Edge Wallet, Edge Workspace, Encryption Keys}
{"logTime": "0426/161736", "correlationVector":"U3dlCD4H4CxezT+bywUfJM.1","action":"SyncServerConnectionManagerRequest", "result":"SYNC_SERVER_OK", "context":{"environment":"Prod_westus2_prod-s01-035-nam-westus2", "migrationStage":"NotStarted", "server":"akswtt113000009"}}
{"logTime": "0426/161736", "correlationVector":"U3dlCD4H4CxezT+bywUfJM.2","action":"GetUpdates Response", "result":"Success", "context":Received 0 update(s). cV=U3dlCD4H4CxezT+bywUfJM.0;server=akswtt113000009;cloudType=Consumer;environment=Prod_westus2_prod-s01-035-nam-westus2;migrationStage=NotStarted}
{"logTime": "0426/161736", "correlationVector":"HfxQadx6qEu9KYw+xwPS1p","action":"Commit Request", "result":"", "context":Item count: 8
Contributing types: Sessions, Device Info, User Consents, History}
{"logTime": "0426/161737", "correlationVector":"HfxQadx6qEu9KYw+xwPS1p.1","action":"SyncServerConnectionManagerRequest", "result":"SYNC_SERVER_OK", "context":{"environment":"Prod_westus2_prod-s01-035-nam-westus2", "migrationStage":"NotStarted", "server":"akswtt113000003"}}
{"logTime": "0426/161737", "correlationVector":"HfxQadx6qEu9KYw+xwPS1p.2","action":"Commit Response", "result":"Success", "context":Result: Success. cV=HfxQadx6qEu9KYw+xwPS1p.0;server=akswtt113000003;cloudType=Consumer;environment=Prod_westus2_prod-s01-035-nam-westus2;migrationStage=NotStarted}
{"logTime": "0426/161738", "correlationVector":"vsR5eErh7v4ZQF7YbmTbJT","action":"Normal GetUpdate request", "result":"", "context":cV=vsR5eErh7v4ZQF7YbmTbJT
Nudged types: Sessions, History
Notified types: History}
{"logTime": "0426/161739", "correlationVector":"vsR5eErh7v4ZQF7YbmTbJT.1","action":"SyncServerConnectionManagerRequest", "result":"SYNC_SERVER_OK", "context":{"environment":"Prod_westus2_prod-s01-035-nam-westus2", "migrationStage":"NotStarted", "server":"akswtt11300000h"}}
{"logTime": "0426/161739", "correlationVector":"vsR5eErh7v4ZQF7YbmTbJT.2","action":"ProcessGetUpdates", "result":"Done", "context":{"dataType":"Sessions", "deleted":"0", "process_failed_to_decrypt":"0", "process_pending_decryption":"0", "process_success":"4", "total":"4"}}
{"logTime": "0426/161739", "correlationVector":"vsR5eErh7v4ZQF7YbmTbJT.3","action":"ProcessGetUpdates", "result":"Done", "context":{"dataType":"Device Info", "deleted":"0", "process_failed_to_decrypt":"0", "process_pending_decryption":"0", "process_success":"1", "total":"1"}}
{"logTime": "0426/161739", "correlationVector":"vsR5eErh7v4ZQF7YbmTbJT.4","action":"ProcessGetUpdates", "result":"Done", "context":{"dataType":"History", "deleted":"0", "process_failed_to_decrypt":"0", "process_pending_decryption":"0", "process_success":"6", "total":"6"}}
{"logTime": "0426/161739", "correlationVector":"vsR5eErh7v4ZQF7YbmTbJT.5","action":"GetUpdates Response", "result":"Success", "context":Received 11 update(s). cV=vsR5eErh7v4ZQF7YbmTbJT.0;server=akswtt11300000h;cloudType=Consumer;environment=Prod_westus2_prod-s01-035-nam-westus2;migrationStage=NotStarted}
{"logTime": "0426/161739", "correlationVector":"LwatoTiZqHf3gP3+iTb8Kg","action":"DoCompareDataConsistency: ", "result":"has local changes and skip compare"}
{"logTime": "0426/161739", "correlationVector":"uZWCgYvLlUlhzvoy6MGm9E","action":"Commit Request", "result":"", "context":Item count: 3
Contributing types: Sessions, History}
{"logTime": "0426/161739", "correlationVector":"uZWCgYvLlUlhzvoy6MGm9E.1","action":"SyncServerConnectionManagerRequest", "result":"SYNC_SERVER_OK", "context":{"environment":"Prod_westus2_prod-s01-035-nam-westus2", "migrationStage":"NotStarted", "server":"akswtt11300000a"}}
{"logTime": "0426/161739", "correlationVector":"uZWCgYvLlUlhzvoy6MGm9E.2","action":"Commit Response", "result":"Success", "context":Result: Success. cV=uZWCgYvLlUlhzvoy6MGm9E.0;server=akswtt11300000a;cloudType=Consumer;environment=Prod_westus2_prod-s01-035-nam-westus2;migrationStage=NotStarted}
{"logTime": "0426/161827", "correlationVector":"HbAP+ECuvveiM9ThFwWsAP","action":"Commit Request", "result":"", "context":Item count: 40
Contributing types: Passwords}
{"logTime": "0426/161828", "correlationVector":"HbAP+ECuvveiM9ThFwWsAP.1","action":"SyncServerConnectionManagerRequest", "result":"SYNC_SERVER_OK", "context":{"environment":"Prod_westus2_prod-s01-035-nam-westus2", "migrationStage":"NotStarted", "server":"akswtt11300000h"}}
{"logTime": "0426/161828", "correlationVector":"HbAP+ECuvveiM9ThFwWsAP.2","action":"Commit Response", "result":"Success", "context":Result: Success. cV=HbAP+ECuvveiM9ThFwWsAP.0;server=akswtt11300000h;cloudType=Consumer;environment=Prod_westus2_prod-s01-035-nam-westus2;migrationStage=NotStarted}
{"logTime": "0426/161828", "correlationVector":"dqwK7vhbglYqk+ImRkwYjB","action":"Commit Request", "result":"", "context":Item count: 14
Contributing types: Passwords, Sessions, History}
{"logTime": "0426/161829", "correlationVector":"dqwK7vhbglYqk+ImRkwYjB.1","action":"SyncServerConnectionManagerRequest", "result":"SYNC_SERVER_OK", "context":{"environment":"Prod_westus2_prod-s01-035-nam-westus2", "migrationStage":"NotStarted", "server":"akswtt113000009"}}
{"logTime": "0426/161829", "correlationVector":"dqwK7vhbglYqk+ImRkwYjB.2","action":"Commit Response", "result":"Success", "context":Result: Success. cV=dqwK7vhbglYqk+ImRkwYjB.0;server=akswtt113000009;cloudType=Consumer;environment=Prod_westus2_prod-s01-035-nam-westus2;migrationStage=NotStarted}
{"logTime": "0426/161829", "correlationVector":"l4ICdZ+NeyyjaTMJB8430u","action":"Commit Request", "result":"", "context":Item count: 3
Contributing types: Sessions, History}
{"logTime": "0426/161829", "correlationVector":"l4ICdZ+NeyyjaTMJB8430u.1","action":"SyncServerConnectionManagerRequest", "result":"SYNC_SERVER_OK", "context":{"environment":"Prod_westus2_prod-s01-035-nam-westus2", "migrationStage":"NotStarted", "server":"akswtt11300000a"}}
{"logTime": "0426/161829", "correlationVector":"l4ICdZ+NeyyjaTMJB8430u.2","action":"Commit Response", "result":"Success", "context":Result: Success. cV=l4ICdZ+NeyyjaTMJB8430u.0;server=akswtt11300000a;cloudType=Consumer;environment=Prod_westus2_prod-s01-035-nam-westus2;migrationStage=NotStarted}
{"logTime": "0426/161931", "correlationVector":"bMyNdpCijUr3LWHk6B8F69","action":"Commit Request", "result":"", "context":Item count: 11
Contributing types: Sessions, History}
{"logTime": "0426/161932", "correlationVector":"bMyNdpCijUr3LWHk6B8F69.1","action":"SyncServerConnectionManagerRequest", "result":"SYNC_SERVER_OK", "context":{"environment":"Prod_westus2_prod-s01-035-nam-westus2", "migrationStage":"NotStarted", "server":"akswtt113000000"}}
{"logTime": "0426/161932", "correlationVector":"bMyNdpCijUr3LWHk6B8F69.2","action":"Commit Response", "result":"Success", "context":Result: Success. cV=bMyNdpCijUr3LWHk6B8F69.0;server=akswtt113000000;cloudType=Consumer;environment=Prod_westus2_prod-s01-035-nam-westus2;migrationStage=NotStarted}
{"logTime": "0426/161933", "correlationVector":"nvLjzBD1vD+aaR2ldS1zNb","action":"Normal GetUpdate request", "result":"", "context":cV=nvLjzBD1vD+aaR2ldS1zNb
Nudged types: Sessions, History
Notified types: History}
{"logTime": "0426/161933", "correlationVector":"nvLjzBD1vD+aaR2ldS1zNb.1","action":"SyncServerConnectionManagerRequest", "result":"SYNC_SERVER_OK", "context":{"environment":"Prod_westus2_prod-s01-035-nam-westus2", "migrationStage":"NotStarted", "server":"akswtt11300000u"}}
{"logTime": "0426/161933", "correlationVector":"nvLjzBD1vD+aaR2ldS1zNb.2","action":"ProcessGetUpdates", "result":"Done", "context":{"dataType":"Passwords", "deleted":"0", "process_failed_to_decrypt":"0", "process_pending_decryption":"0", "process_success":"51", "total":"51"}}
{"logTime": "0426/161933", "correlationVector":"nvLjzBD1vD+aaR2ldS1zNb.3","action":"ProcessGetUpdates", "result":"Done", "context":{"dataType":"Sessions", "deleted":"0", "process_failed_to_decrypt":"0", "process_pending_decryption":"0", "process_success":"2", "total":"2"}}
{"logTime": "0426/161933", "correlationVector":"nvLjzBD1vD+aaR2ldS1zNb.4","action":"ProcessGetUpdates", "result":"Done", "context":{"dataType":"History", "deleted":"0", "process_failed_to_decrypt":"0", "process_pending_decryption":"0", "process_success":"16", "total":"16"}}
{"logTime": "0426/161933", "correlationVector":"nvLjzBD1vD+aaR2ldS1zNb.5","action":"GetUpdates Response", "result":"Success", "context":Received 69 update(s). cV=nvLjzBD1vD+aaR2ldS1zNb.0;server=akswtt11300000u;cloudType=Consumer;environment=Prod_westus2_prod-s01-035-nam-westus2;migrationStage=NotStarted}
{"logTime": "0426/161933", "correlationVector":"juh32S3MuxJkS7IYbanGOg","action":"Commit Request", "result":"", "context":Item count: 3
Contributing types: Sessions, History}
{"logTime": "0426/161933", "correlationVector":"juh32S3MuxJkS7IYbanGOg.1","action":"SyncServerConnectionManagerRequest", "result":"SYNC_SERVER_OK", "context":{"environment":"Prod_westus2_prod-s01-035-nam-westus2", "migrationStage":"NotStarted", "server":"akswtt113000009"}}
{"logTime": "0426/161933", "correlationVector":"juh32S3MuxJkS7IYbanGOg.2","action":"Commit Response", "result":"Success", "context":Result: Success. cV=juh32S3MuxJkS7IYbanGOg.0;server=akswtt113000009;cloudType=Consumer;environment=Prod_westus2_prod-s01-035-nam-westus2;migrationStage=NotStarted}
{"logTime": "0426/162033", "correlationVector":"/KfLX38K0EZ3h/2gGeJPXi","action":"Commit Request", "result":"", "context":Item count: 7
Contributing types: Sessions, History}
{"logTime": "0426/162034", "correlationVector":"/KfLX38K0EZ3h/2gGeJPXi.1","action":"SyncServerConnectionManagerRequest", "result":"SYNC_SERVER_OK", "context":{"environment":"Prod_westus2_prod-s01-035-nam-westus2", "migrationStage":"NotStarted", "server":"akswtt11300000g"}}
{"logTime": "0426/162034", "correlationVector":"/KfLX38K0EZ3h/2gGeJPXi.2","action":"Commit Response", "result":"Success", "context":Result: Success. cV=/KfLX38K0EZ3h/2gGeJPXi.0;server=akswtt11300000g;cloudType=Consumer;environment=Prod_westus2_prod-s01-035-nam-westus2;migrationStage=NotStarted}
{"logTime": "0426/162134", "correlationVector":"pcrCiPfhnjiTO/pOaJa1s+","action":"Commit Request", "result":"", "context":Item count: 8
Contributing types: Sessions, History}
{"logTime": "0426/162134", "correlationVector":"pcrCiPfhnjiTO/pOaJa1s+.1","action":"SyncServerConnectionManagerRequest", "result":"SYNC_SERVER_OK", "context":{"environment":"Prod_westus2_prod-s01-035-nam-westus2", "migrationStage":"NotStarted", "server":"akswtt11300000b"}}
{"logTime": "0426/162134", "correlationVector":"pcrCiPfhnjiTO/pOaJa1s+.2","action":"Commit Response", "result":"Success", "context":Result: Success. cV=pcrCiPfhnjiTO/pOaJa1s+.0;server=akswtt11300000b;cloudType=Consumer;environment=Prod_westus2_prod-s01-035-nam-westus2;migrationStage=NotStarted}
