{"logTime": "0426/132720", "correlationVector":"nWAdbCFs4ZGWDQud9Ng5Bf.1","action":"SyncServerConnectionManagerRequest", "result":"SYNC_SERVER_OK", "context":{"environment":"Prod_westus2_prod-s01-035-nam-westus2", "migrationStage":"NotStarted", "server":"akswtt113000009"}}
{"logTime": "0426/132720", "correlationVector":"nWAdbCFs4ZGWDQud9Ng5Bf.2","action":"ProcessGetUpdates", "result":"Done", "context":{"dataType":"Encryption Keys", "deleted":"0", "process_failed_to_decrypt":"0", "process_pending_decryption":"0", "process_success":"1", "total":"1"}}
{"logTime": "0426/132720", "correlationVector":"L1+SJmm+N7lD5pu3RIdRB+","action":"SyncServerConnectionManagerRequest", "result":"SYNC_SERVER_OK", "context":{"environment":"", "migrationStage":"", "server":""}}
{"logTime": "0426/132720", "correlationVector":"L1+SJmm+N7lD5pu3RIdRB+.0","action":"EncryptionKeysFetcher.DownloadKeys:", "result":"Success", "context":Key count: 5, Last key timestamp: 2026-04-18T03:48:13Z}
{"logTime": "0426/132720", "correlationVector":"L1+SJmm+N7lD5pu3RIdRB+.1","action":"EncryptionKeysManager::SetEncryptionKeys:", "result":"Success", "context":Key names[5]:[lBLlivP0tL7DaZCLOxY0Ms4GCmsztTwaiZZnWuhIrvxf62WQbQQOrEOZFqDAc6XX8sNCG3UdMSQXoQPb7570QQ==][lVznK7+X4kMFXxOXBoPhpSbjH3WghWADowbo4a72vMU6iWo8i79nPTR5N+6F83VtFpBywxdhc0xV21a2Jm/A6g==][Rkjhz4tCaGQHbFM9iina6dfubiNJH3/8Nb0P3dtJ1SeLsFRspz/UbUDes0Q9ENkkHUncnfUvSXI6M+uJbc+N9w==][qNbI0n6v/hh0ojvUbrBt2zg5a/wjTFo4ReIKDxAcek9QLy5Lb4ncifiaiqLrQxn4dHE7159KCWd7txz5PXG7pA==][EQnJNat9nLGhQ3sWluAQbvJNaL11ABTMNp2x6WBZFViiXC6pyhYenoSQCzCxCCt+LnXbXP/vleqfYDQYpxNb5A==]}
{"logTime": "0426/132720", "correlationVector":"L1+SJmm+N7lD5pu3RIdRB+.2","action":"EncryptionKeysManager::SetEncryptionKeysWithTimestamps:", "result":"Success", "context":Key timestamps[5]:[2024-04-18T22:10:58Z][2024-10-16T20:23:03Z][2025-04-14T23:12:43Z][2025-10-14T00:38:14Z][2026-04-18T03:48:13Z]}
{"logTime": "0426/132720", "correlationVector":"nWAdbCFs4ZGWDQud9Ng5Bf","action":"Initial GetUpdates", "result":"", "context":Reason: NEW_CLIENT. cV=nWAdbCFs4ZGWDQud9Ng5Bf}
{"logTime": "0426/132720", "correlationVector":"nWAdbCFs4ZGWDQud9Ng5Bf.3","action":"GetUpdates Response", "result":"Success", "context":Received 1 update(s). cV=nWAdbCFs4ZGWDQud9Ng5Bf.0;server=akswtt113000009;cloudType=Consumer;environment=Prod_westus2_prod-s01-035-nam-westus2;migrationStage=NotStarted}
{"logTime": "0426/132720", "correlationVector":"Vl1PofUPRdJGk7L/6lQQqX","action":"Initial GetUpdates", "result":"", "context":Reason: NEWLY_SUPPORTED_DATATYPE. cV=Vl1PofUPRdJGk7L/6lQQqX}
{"logTime": "0426/132721", "correlationVector":"Vl1PofUPRdJGk7L/6lQQqX.1","action":"SyncServerConnectionManagerRequest", "result":"SYNC_SERVER_OK", "context":{"environment":"Prod_westus2_prod-s01-035-nam-westus2", "migrationStage":"NotStarted", "server":"akswtt11300000x"}}
{"logTime": "0426/132721", "correlationVector":"Vl1PofUPRdJGk7L/6lQQqX.2","action":"ProcessGetUpdates", "result":"Done", "context":{"dataType":"Preferences", "deleted":"0", "process_failed_to_decrypt":"0", "process_pending_decryption":"0", "process_success":"89", "total":"89"}}
{"logTime": "0426/132721", "correlationVector":"Vl1PofUPRdJGk7L/6lQQqX.3","action":"ProcessGetUpdates", "result":"Done", "context":{"dataType":"Passwords", "deleted":"0", "process_failed_to_decrypt":"0", "process_pending_decryption":"0", "process_success":"52", "total":"52"}}
{"logTime": "0426/132721", "correlationVector":"Vl1PofUPRdJGk7L/6lQQqX.4","action":"ProcessGetUpdates", "result":"Done", "context":{"dataType":"Device Info", "deleted":"0", "process_failed_to_decrypt":"0", "process_pending_decryption":"0", "process_success":"10", "total":"10"}}
{"logTime": "0426/132721", "correlationVector":"Vl1PofUPRdJGk7L/6lQQqX.5","action":"GetUpdates Response", "result":"Success", "context":Received 151 update(s). cV=Vl1PofUPRdJGk7L/6lQQqX.0;server=akswtt11300000x;cloudType=Consumer;environment=Prod_westus2_prod-s01-035-nam-westus2;migrationStage=NotStarted}
{"logTime": "0426/132721", "correlationVector":"OJ5QG8ZVTSM6uX/YPY4ICO","action":"Initial GetUpdates", "result":"", "context":Reason: NEWLY_SUPPORTED_DATATYPE. cV=OJ5QG8ZVTSM6uX/YPY4ICO}
{"logTime": "0426/132721", "correlationVector":"OJ5QG8ZVTSM6uX/YPY4ICO.1","action":"SyncServerConnectionManagerRequest", "result":"SYNC_SERVER_OK", "context":{"environment":"Prod_westus2_prod-s01-035-nam-westus2", "migrationStage":"NotStarted", "server":"akswtt11300000p"}}
{"logTime": "0426/132721", "correlationVector":"OJ5QG8ZVTSM6uX/YPY4ICO.2","action":"ProcessGetUpdates", "result":"Done", "context":{"dataType":"Bookmarks", "deleted":"1", "process_failed_to_decrypt":"0", "process_pending_decryption":"0", "process_success":"17", "total":"17"}}
{"logTime": "0426/132721", "correlationVector":"OJ5QG8ZVTSM6uX/YPY4ICO.3","action":"GetUpdates Response", "result":"Success", "context":Received 17 update(s). cV=OJ5QG8ZVTSM6uX/YPY4ICO.0;server=akswtt11300000p;cloudType=Consumer;environment=Prod_westus2_prod-s01-035-nam-westus2;migrationStage=NotStarted}
{"logTime": "0426/132721", "correlationVector":"REwNYI2NKmqyZWSeZ07Ds2","action":"Initial GetUpdates", "result":"", "context":Reason: NEWLY_SUPPORTED_DATATYPE. cV=REwNYI2NKmqyZWSeZ07Ds2}
{"logTime": "0426/132721", "correlationVector":"REwNYI2NKmqyZWSeZ07Ds2.1","action":"SyncServerConnectionManagerRequest", "result":"SYNC_SERVER_OK", "context":{"environment":"Prod_westus2_prod-s01-035-nam-westus2", "migrationStage":"NotStarted", "server":"akswtt113000009"}}
{"logTime": "0426/132721", "correlationVector":"REwNYI2NKmqyZWSeZ07Ds2.2","action":"ProcessGetUpdates", "result":"Done", "context":{"dataType":"Autofill", "deleted":"0", "process_failed_to_decrypt":"0", "process_pending_decryption":"0", "process_success":"236", "total":"236"}}
{"logTime": "0426/132721", "correlationVector":"REwNYI2NKmqyZWSeZ07Ds2.3","action":"ProcessGetUpdates", "result":"Done", "context":{"dataType":"Sessions", "deleted":"14", "process_failed_to_decrypt":"0", "process_pending_decryption":"0", "process_success":"14", "total":"14"}}
{"logTime": "0426/132721", "correlationVector":"REwNYI2NKmqyZWSeZ07Ds2.4","action":"GetUpdates Response", "result":"Success", "context":Received 250 update(s). cV=REwNYI2NKmqyZWSeZ07Ds2.0;server=akswtt113000009;cloudType=Consumer;environment=Prod_westus2_prod-s01-035-nam-westus2;migrationStage=NotStarted Some updates remain.}
{"logTime": "0426/132721", "correlationVector":"icTECjtfK4OnRK5nODFYnD","action":"Initial GetUpdates", "result":"", "context":Reason: NEWLY_SUPPORTED_DATATYPE. cV=icTECjtfK4OnRK5nODFYnD}
{"logTime": "0426/132721", "correlationVector":"icTECjtfK4OnRK5nODFYnD.1","action":"SyncServerConnectionManagerRequest", "result":"SYNC_SERVER_OK", "context":{"environment":"Prod_westus2_prod-s01-035-nam-westus2", "migrationStage":"NotStarted", "server":"akswtt11300000h"}}
{"logTime": "0426/132721", "correlationVector":"icTECjtfK4OnRK5nODFYnD.2","action":"ProcessGetUpdates", "result":"Done", "context":{"dataType":"Sessions", "deleted":"248", "process_failed_to_decrypt":"0", "process_pending_decryption":"0", "process_success":"248", "total":"248"}}
{"logTime": "0426/132721", "correlationVector":"icTECjtfK4OnRK5nODFYnD.3","action":"ProcessGetUpdates", "result":"Done", "context":{"dataType":"Edge Hub App Usage", "deleted":"1", "process_failed_to_decrypt":"0", "process_pending_decryption":"0", "process_success":"2", "total":"2"}}
{"logTime": "0426/132721", "correlationVector":"icTECjtfK4OnRK5nODFYnD.4","action":"GetUpdates Response", "result":"Success", "context":Received 250 update(s). cV=icTECjtfK4OnRK5nODFYnD.0;server=akswtt11300000h;cloudType=Consumer;environment=Prod_westus2_prod-s01-035-nam-westus2;migrationStage=NotStarted Some updates remain.}
{"logTime": "0426/132721", "correlationVector":"KwI0zMghnYavNlNYBAg7gh","action":"Initial GetUpdates", "result":"", "context":Reason: NEWLY_SUPPORTED_DATATYPE. cV=KwI0zMghnYavNlNYBAg7gh}
{"logTime": "0426/132722", "correlationVector":"KwI0zMghnYavNlNYBAg7gh.1","action":"SyncServerConnectionManagerRequest", "result":"SYNC_SERVER_OK", "context":{"environment":"Prod_westus2_prod-s01-035-nam-westus2", "migrationStage":"NotStarted", "server":"akswtt11300000b"}}
{"logTime": "0426/132722", "correlationVector":"KwI0zMghnYavNlNYBAg7gh.2","action":"ProcessGetUpdates", "result":"Done", "context":{"dataType":"Sessions", "deleted":"243", "process_failed_to_decrypt":"0", "process_pending_decryption":"0", "process_success":"243", "total":"243"}}
{"logTime": "0426/132722", "correlationVector":"KwI0zMghnYavNlNYBAg7gh.3","action":"ProcessGetUpdates", "result":"Done", "context":{"dataType":"Saved Tab Group", "deleted":"0", "process_failed_to_decrypt":"0", "process_pending_decryption":"0", "process_success":"4", "total":"4"}}
{"logTime": "0426/132722", "correlationVector":"KwI0zMghnYavNlNYBAg7gh.4","action":"ProcessGetUpdates", "result":"Done", "context":{"dataType":"Edge Hub App Usage", "deleted":"3", "process_failed_to_decrypt":"0", "process_pending_decryption":"0", "process_success":"3", "total":"3"}}
{"logTime": "0426/132722", "correlationVector":"KwI0zMghnYavNlNYBAg7gh.5","action":"GetUpdates Response", "result":"Success", "context":Received 250 update(s). cV=KwI0zMghnYavNlNYBAg7gh.0;server=akswtt11300000b;cloudType=Consumer;environment=Prod_westus2_prod-s01-035-nam-westus2;migrationStage=NotStarted Some updates remain.}
{"logTime": "0426/132722", "correlationVector":"lmOqQy+W0hLYY0puIqgTo2","action":"Initial GetUpdates", "result":"", "context":Reason: NEWLY_SUPPORTED_DATATYPE. cV=lmOqQy+W0hLYY0puIqgTo2}
{"logTime": "0426/132722", "correlationVector":"lmOqQy+W0hLYY0puIqgTo2.1","action":"SyncServerConnectionManagerRequest", "result":"SYNC_SERVER_OK", "context":{"environment":"Prod_westus2_prod-s01-035-nam-westus2", "migrationStage":"NotStarted", "server":"akswtt11300000i"}}
{"logTime": "0426/132722", "correlationVector":"lmOqQy+W0hLYY0puIqgTo2.2","action":"ProcessGetUpdates", "result":"Done", "context":{"dataType":"Extensions", "deleted":"0", "process_failed_to_decrypt":"0", "process_pending_decryption":"0", "process_success":"1", "total":"1"}}
{"logTime": "0426/132722", "correlationVector":"lmOqQy+W0hLYY0puIqgTo2.3","action":"ProcessGetUpdates", "result":"Done", "context":{"dataType":"Sessions", "deleted":"248", "process_failed_to_decrypt":"0", "process_pending_decryption":"0", "process_success":"248", "total":"248"}}
{"logTime": "0426/132722", "correlationVector":"lmOqQy+W0hLYY0puIqgTo2.4","action":"ProcessGetUpdates", "result":"Done", "context":{"dataType":"Edge Hub App Usage", "deleted":"1", "process_failed_to_decrypt":"0", "process_pending_decryption":"0", "process_success":"1", "total":"1"}}
{"logTime": "0426/132722", "correlationVector":"lmOqQy+W0hLYY0puIqgTo2.5","action":"GetUpdates Response", "result":"Success", "context":Received 250 update(s). cV=lmOqQy+W0hLYY0puIqgTo2.0;server=akswtt11300000i;cloudType=Consumer;environment=Prod_westus2_prod-s01-035-nam-westus2;migrationStage=NotStarted Some updates remain.}
{"logTime": "0426/132722", "correlationVector":"daUdAKSNXx0dP+DWMBxzUd","action":"Initial GetUpdates", "result":"", "context":Reason: NEWLY_SUPPORTED_DATATYPE. cV=daUdAKSNXx0dP+DWMBxzUd}
