{"logTime": "0426/181136", "correlationVector":"CPKGzBLA2UfKnJB9xQ36VB.1","action":"SyncServerConnectionManagerRequest", "result":"SYNC_SERVER_OK", "context":{"environment":"Prod_westus2_prod-s01-035-nam-westus2", "migrationStage":"NotStarted", "server":"akswtt11300000t"}}
{"logTime": "0426/181136", "correlationVector":"CPKGzBLA2UfKnJB9xQ36VB.2","action":"ProcessGetUpdates", "result":"Done", "context":{"dataType":"Encryption Keys", "deleted":"0", "process_failed_to_decrypt":"0", "process_pending_decryption":"0", "process_success":"1", "total":"1"}}
{"logTime": "0426/181136", "correlationVector":"JbQO10uwTAal3DG6IzU9li","action":"SyncServerConnectionManagerRequest", "result":"SYNC_SERVER_OK", "context":{"environment":"", "migrationStage":"", "server":""}}
{"logTime": "0426/181136", "correlationVector":"JbQO10uwTAal3DG6IzU9li.0","action":"EncryptionKeysFetcher.DownloadKeys:", "result":"Success", "context":Key count: 5, Last key timestamp: 2026-04-18T03:48:13Z}
{"logTime": "0426/181136", "correlationVector":"JbQO10uwTAal3DG6IzU9li.1","action":"EncryptionKeysManager::SetEncryptionKeys:", "result":"Success", "context":Key names[5]:[lBLlivP0tL7DaZCLOxY0Ms4GCmsztTwaiZZnWuhIrvxf62WQbQQOrEOZFqDAc6XX8sNCG3UdMSQXoQPb7570QQ==][lVznK7+X4kMFXxOXBoPhpSbjH3WghWADowbo4a72vMU6iWo8i79nPTR5N+6F83VtFpBywxdhc0xV21a2Jm/A6g==][Rkjhz4tCaGQHbFM9iina6dfubiNJH3/8Nb0P3dtJ1SeLsFRspz/UbUDes0Q9ENkkHUncnfUvSXI6M+uJbc+N9w==][qNbI0n6v/hh0ojvUbrBt2zg5a/wjTFo4ReIKDxAcek9QLy5Lb4ncifiaiqLrQxn4dHE7159KCWd7txz5PXG7pA==][EQnJNat9nLGhQ3sWluAQbvJNaL11ABTMNp2x6WBZFViiXC6pyhYenoSQCzCxCCt+LnXbXP/vleqfYDQYpxNb5A==]}
{"logTime": "0426/181136", "correlationVector":"JbQO10uwTAal3DG6IzU9li.2","action":"EncryptionKeysManager::SetEncryptionKeysWithTimestamps:", "result":"Success", "context":Key timestamps[5]:[2024-04-18T22:10:58Z][2024-10-16T20:23:03Z][2025-04-14T23:12:43Z][2025-10-14T00:38:14Z][2026-04-18T03:48:13Z]}
{"logTime": "0426/181136", "correlationVector":"CPKGzBLA2UfKnJB9xQ36VB","action":"Initial GetUpdates", "result":"", "context":Reason: NEW_CLIENT. cV=CPKGzBLA2UfKnJB9xQ36VB}
{"logTime": "0426/181136", "correlationVector":"CPKGzBLA2UfKnJB9xQ36VB.3","action":"GetUpdates Response", "result":"Success", "context":Received 1 update(s). cV=CPKGzBLA2UfKnJB9xQ36VB.0;server=akswtt11300000t;cloudType=Consumer;environment=Prod_westus2_prod-s01-035-nam-westus2;migrationStage=NotStarted}
{"logTime": "0426/181136", "correlationVector":"ItjaqEk8AJCCpcmyy3oqLu","action":"Initial GetUpdates", "result":"", "context":Reason: NEWLY_SUPPORTED_DATATYPE. cV=ItjaqEk8AJCCpcmyy3oqLu}
{"logTime": "0426/181136", "correlationVector":"ItjaqEk8AJCCpcmyy3oqLu.1","action":"SyncServerConnectionManagerRequest", "result":"SYNC_SERVER_OK", "context":{"environment":"Prod_westus2_prod-s01-035-nam-westus2", "migrationStage":"NotStarted", "server":"akswtt113000002"}}
{"logTime": "0426/181136", "correlationVector":"ItjaqEk8AJCCpcmyy3oqLu.2","action":"ProcessGetUpdates", "result":"Done", "context":{"dataType":"Preferences", "deleted":"0", "process_failed_to_decrypt":"0", "process_pending_decryption":"0", "process_success":"89", "total":"89"}}
{"logTime": "0426/181136", "correlationVector":"ItjaqEk8AJCCpcmyy3oqLu.3","action":"ProcessGetUpdates", "result":"Done", "context":{"dataType":"Passwords", "deleted":"0", "process_failed_to_decrypt":"0", "process_pending_decryption":"0", "process_success":"52", "total":"52"}}
{"logTime": "0426/181136", "correlationVector":"ItjaqEk8AJCCpcmyy3oqLu.4","action":"ProcessGetUpdates", "result":"Done", "context":{"dataType":"Device Info", "deleted":"0", "process_failed_to_decrypt":"0", "process_pending_decryption":"0", "process_success":"33", "total":"33"}}
{"logTime": "0426/181136", "correlationVector":"ItjaqEk8AJCCpcmyy3oqLu.5","action":"GetUpdates Response", "result":"Success", "context":Received 174 update(s). cV=ItjaqEk8AJCCpcmyy3oqLu.0;server=akswtt113000002;cloudType=Consumer;environment=Prod_westus2_prod-s01-035-nam-westus2;migrationStage=NotStarted}
{"logTime": "0426/181136", "correlationVector":"/SDuXX8vCmXsQiPbVOA3VW","action":"Initial GetUpdates", "result":"", "context":Reason: NEWLY_SUPPORTED_DATATYPE. cV=/SDuXX8vCmXsQiPbVOA3VW}
{"logTime": "0426/181136", "correlationVector":"/SDuXX8vCmXsQiPbVOA3VW.1","action":"SyncServerConnectionManagerRequest", "result":"SYNC_SERVER_OK", "context":{"environment":"Prod_westus2_prod-s01-035-nam-westus2", "migrationStage":"NotStarted", "server":"akswtt11300000x"}}
{"logTime": "0426/181136", "correlationVector":"/SDuXX8vCmXsQiPbVOA3VW.2","action":"ProcessGetUpdates", "result":"Done", "context":{"dataType":"Bookmarks", "deleted":"1", "process_failed_to_decrypt":"0", "process_pending_decryption":"0", "process_success":"17", "total":"17"}}
{"logTime": "0426/181136", "correlationVector":"/SDuXX8vCmXsQiPbVOA3VW.3","action":"GetUpdates Response", "result":"Success", "context":Received 17 update(s). cV=/SDuXX8vCmXsQiPbVOA3VW.0;server=akswtt11300000x;cloudType=Consumer;environment=Prod_westus2_prod-s01-035-nam-westus2;migrationStage=NotStarted}
{"logTime": "0426/181136", "correlationVector":"vcWSjk5I3sLxi1lnL3eApV","action":"Initial GetUpdates", "result":"", "context":Reason: NEWLY_SUPPORTED_DATATYPE. cV=vcWSjk5I3sLxi1lnL3eApV}
{"logTime": "0426/181137", "correlationVector":"vcWSjk5I3sLxi1lnL3eApV.1","action":"SyncServerConnectionManagerRequest", "result":"SYNC_SERVER_OK", "context":{"environment":"Prod_westus2_prod-s01-035-nam-westus2", "migrationStage":"NotStarted", "server":"akswtt11300000t"}}
{"logTime": "0426/181137", "correlationVector":"vcWSjk5I3sLxi1lnL3eApV.2","action":"ProcessGetUpdates", "result":"Done", "context":{"dataType":"Autofill", "deleted":"0", "process_failed_to_decrypt":"0", "process_pending_decryption":"0", "process_success":"236", "total":"236"}}
{"logTime": "0426/181137", "correlationVector":"vcWSjk5I3sLxi1lnL3eApV.3","action":"ProcessGetUpdates", "result":"Done", "context":{"dataType":"Sessions", "deleted":"14", "process_failed_to_decrypt":"0", "process_pending_decryption":"0", "process_success":"14", "total":"14"}}
{"logTime": "0426/181137", "correlationVector":"vcWSjk5I3sLxi1lnL3eApV.4","action":"GetUpdates Response", "result":"Success", "context":Received 250 update(s). cV=vcWSjk5I3sLxi1lnL3eApV.0;server=akswtt11300000t;cloudType=Consumer;environment=Prod_westus2_prod-s01-035-nam-westus2;migrationStage=NotStarted Some updates remain.}
{"logTime": "0426/181137", "correlationVector":"dprcLuZmsu1cgGZHN/DAZv","action":"Initial GetUpdates", "result":"", "context":Reason: NEWLY_SUPPORTED_DATATYPE. cV=dprcLuZmsu1cgGZHN/DAZv}
{"logTime": "0426/181137", "correlationVector":"dprcLuZmsu1cgGZHN/DAZv.1","action":"SyncServerConnectionManagerRequest", "result":"SYNC_SERVER_OK", "context":{"environment":"Prod_westus2_prod-s01-035-nam-westus2", "migrationStage":"NotStarted", "server":"akswtt113000008"}}
{"logTime": "0426/181137", "correlationVector":"dprcLuZmsu1cgGZHN/DAZv.2","action":"ProcessGetUpdates", "result":"Done", "context":{"dataType":"Sessions", "deleted":"248", "process_failed_to_decrypt":"0", "process_pending_decryption":"0", "process_success":"248", "total":"248"}}
{"logTime": "0426/181137", "correlationVector":"dprcLuZmsu1cgGZHN/DAZv.3","action":"ProcessGetUpdates", "result":"Done", "context":{"dataType":"Edge Hub App Usage", "deleted":"1", "process_failed_to_decrypt":"0", "process_pending_decryption":"0", "process_success":"2", "total":"2"}}
{"logTime": "0426/181137", "correlationVector":"dprcLuZmsu1cgGZHN/DAZv.4","action":"GetUpdates Response", "result":"Success", "context":Received 250 update(s). cV=dprcLuZmsu1cgGZHN/DAZv.0;server=akswtt113000008;cloudType=Consumer;environment=Prod_westus2_prod-s01-035-nam-westus2;migrationStage=NotStarted Some updates remain.}
{"logTime": "0426/181137", "correlationVector":"pgE/oF3mmMkF8ptY9Ye3Qx","action":"Initial GetUpdates", "result":"", "context":Reason: NEWLY_SUPPORTED_DATATYPE. cV=pgE/oF3mmMkF8ptY9Ye3Qx}
{"logTime": "0426/181138", "correlationVector":"pgE/oF3mmMkF8ptY9Ye3Qx.1","action":"SyncServerConnectionManagerRequest", "result":"SYNC_SERVER_OK", "context":{"environment":"Prod_westus2_prod-s01-035-nam-westus2", "migrationStage":"NotStarted", "server":"akswtt113000001"}}
{"logTime": "0426/181138", "correlationVector":"pgE/oF3mmMkF8ptY9Ye3Qx.2","action":"ProcessGetUpdates", "result":"Done", "context":{"dataType":"Sessions", "deleted":"243", "process_failed_to_decrypt":"0", "process_pending_decryption":"0", "process_success":"243", "total":"243"}}
{"logTime": "0426/181138", "correlationVector":"pgE/oF3mmMkF8ptY9Ye3Qx.3","action":"ProcessGetUpdates", "result":"Done", "context":{"dataType":"Saved Tab Group", "deleted":"0", "process_failed_to_decrypt":"0", "process_pending_decryption":"0", "process_success":"4", "total":"4"}}
{"logTime": "0426/181138", "correlationVector":"pgE/oF3mmMkF8ptY9Ye3Qx.4","action":"ProcessGetUpdates", "result":"Done", "context":{"dataType":"Edge Hub App Usage", "deleted":"3", "process_failed_to_decrypt":"0", "process_pending_decryption":"0", "process_success":"3", "total":"3"}}
{"logTime": "0426/181138", "correlationVector":"pgE/oF3mmMkF8ptY9Ye3Qx.5","action":"GetUpdates Response", "result":"Success", "context":Received 250 update(s). cV=pgE/oF3mmMkF8ptY9Ye3Qx.0;server=akswtt113000001;cloudType=Consumer;environment=Prod_westus2_prod-s01-035-nam-westus2;migrationStage=NotStarted Some updates remain.}
{"logTime": "0426/181138", "correlationVector":"ouJYoqcEHKSZyhZiIoRUUz","action":"Initial GetUpdates", "result":"", "context":Reason: NEWLY_SUPPORTED_DATATYPE. cV=ouJYoqcEHKSZyhZiIoRUUz}
{"logTime": "0426/181138", "correlationVector":"ouJYoqcEHKSZyhZiIoRUUz.1","action":"SyncServerConnectionManagerRequest", "result":"SYNC_SERVER_OK", "context":{"environment":"Prod_westus2_prod-s01-035-nam-westus2", "migrationStage":"NotStarted", "server":"akswtt113000006"}}
{"logTime": "0426/181138", "correlationVector":"ouJYoqcEHKSZyhZiIoRUUz.2","action":"ProcessGetUpdates", "result":"Done", "context":{"dataType":"Extensions", "deleted":"0", "process_failed_to_decrypt":"0", "process_pending_decryption":"0", "process_success":"1", "total":"1"}}
{"logTime": "0426/181138", "correlationVector":"ouJYoqcEHKSZyhZiIoRUUz.3","action":"ProcessGetUpdates", "result":"Done", "context":{"dataType":"Sessions", "deleted":"248", "process_failed_to_decrypt":"0", "process_pending_decryption":"0", "process_success":"248", "total":"248"}}
{"logTime": "0426/181138", "correlationVector":"ouJYoqcEHKSZyhZiIoRUUz.4","action":"ProcessGetUpdates", "result":"Done", "context":{"dataType":"Edge Hub App Usage", "deleted":"1", "process_failed_to_decrypt":"0", "process_pending_decryption":"0", "process_success":"1", "total":"1"}}
{"logTime": "0426/181138", "correlationVector":"ouJYoqcEHKSZyhZiIoRUUz.5","action":"GetUpdates Response", "result":"Success", "context":Received 250 update(s). cV=ouJYoqcEHKSZyhZiIoRUUz.0;server=akswtt113000006;cloudType=Consumer;environment=Prod_westus2_prod-s01-035-nam-westus2;migrationStage=NotStarted Some updates remain.}
{"logTime": "0426/181138", "correlationVector":"95jPxc3a4SjnqzluiIek1o","action":"Initial GetUpdates", "result":"", "context":Reason: NEWLY_SUPPORTED_DATATYPE. cV=95jPxc3a4SjnqzluiIek1o}
{"logTime": "0426/181138", "correlationVector":"95jPxc3a4SjnqzluiIek1o.1","action":"SyncServerConnectionManagerRequest", "result":"SYNC_SERVER_OK", "context":{"environment":"Prod_westus2_prod-s01-035-nam-westus2", "migrationStage":"NotStarted", "server":"akswtt113000001"}}
{"logTime": "0426/181138", "correlationVector":"95jPxc3a4SjnqzluiIek1o.2","action":"ProcessGetUpdates", "result":"Done", "context":{"dataType":"Sessions", "deleted":"248", "process_failed_to_decrypt":"0", "process_pending_decryption":"0", "process_success":"248", "total":"248"}}
{"logTime": "0426/181138", "correlationVector":"95jPxc3a4SjnqzluiIek1o.3","action":"ProcessGetUpdates", "result":"Done", "context":{"dataType":"Edge Hub App Usage", "deleted":"1", "process_failed_to_decrypt":"0", "process_pending_decryption":"0", "process_success":"2", "total":"2"}}
{"logTime": "0426/181138", "correlationVector":"95jPxc3a4SjnqzluiIek1o.4","action":"GetUpdates Response", "result":"Success", "context":Received 250 update(s). cV=95jPxc3a4SjnqzluiIek1o.0;server=akswtt113000001;cloudType=Consumer;environment=Prod_westus2_prod-s01-035-nam-westus2;migrationStage=NotStarted Some updates remain.}
{"logTime": "0426/181138", "correlationVector":"62ZZ0kq5j9khFd9fhFTb6V","action":"Initial GetUpdates", "result":"", "context":Reason: NEWLY_SUPPORTED_DATATYPE. cV=62ZZ0kq5j9khFd9fhFTb6V}
{"logTime": "0426/181139", "correlationVector":"62ZZ0kq5j9khFd9fhFTb6V.1","action":"SyncServerConnectionManagerRequest", "result":"SYNC_SERVER_OK", "context":{"environment":"Prod_westus2_prod-s01-035-nam-westus2", "migrationStage":"NotStarted", "server":"akswtt11300000f"}}
{"logTime": "0426/181139", "correlationVector":"62ZZ0kq5j9khFd9fhFTb6V.2","action":"ProcessGetUpdates", "result":"Done", "context":{"dataType":"Autofill Profiles", "deleted":"0", "process_failed_to_decrypt":"0", "process_pending_decryption":"0", "process_success":"10", "total":"10"}}
{"logTime": "0426/181139", "correlationVector":"62ZZ0kq5j9khFd9fhFTb6V.3","action":"ProcessGetUpdates", "result":"Done", "context":{"dataType":"Autofill", "deleted":"0", "process_failed_to_decrypt":"0", "process_pending_decryption":"0", "process_success":"231", "total":"231"}}
{"logTime": "0426/181139", "correlationVector":"62ZZ0kq5j9khFd9fhFTb6V.4","action":"ProcessGetUpdates", "result":"Done", "context":{"dataType":"Sessions", "deleted":"9", "process_failed_to_decrypt":"0", "process_pending_decryption":"0", "process_success":"9", "total":"9"}}
{"logTime": "0426/181139", "correlationVector":"62ZZ0kq5j9khFd9fhFTb6V.5","action":"GetUpdates Response", "result":"Success", "context":Received 250 update(s). cV=62ZZ0kq5j9khFd9fhFTb6V.0;server=akswtt11300000f;cloudType=Consumer;environment=Prod_westus2_prod-s01-035-nam-westus2;migrationStage=NotStarted Some updates remain.}
{"logTime": "0426/181139", "correlationVector":"mamuAovTaJvRLL6BuLtJxY","action":"Initial GetUpdates", "result":"", "context":Reason: NEWLY_SUPPORTED_DATATYPE. cV=mamuAovTaJvRLL6BuLtJxY}
{"logTime": "0426/181139", "correlationVector":"mamuAovTaJvRLL6BuLtJxY.1","action":"SyncServerConnectionManagerRequest", "result":"SYNC_SERVER_OK", "context":{"environment":"Prod_westus2_prod-s01-035-nam-westus2", "migrationStage":"NotStarted", "server":"akswtt11300000x"}}
{"logTime": "0426/181139", "correlationVector":"mamuAovTaJvRLL6BuLtJxY.2","action":"ProcessGetUpdates", "result":"Done", "context":{"dataType":"Autofill Profiles", "deleted":"0", "process_failed_to_decrypt":"0", "process_pending_decryption":"0", "process_success":"1", "total":"1"}}
{"logTime": "0426/181139", "correlationVector":"mamuAovTaJvRLL6BuLtJxY.3","action":"ProcessGetUpdates", "result":"Done", "context":{"dataType":"Autofill", "deleted":"0", "process_failed_to_decrypt":"0", "process_pending_decryption":"0", "process_success":"234", "total":"234"}}
{"logTime": "0426/181139", "correlationVector":"mamuAovTaJvRLL6BuLtJxY.4","action":"ProcessGetUpdates", "result":"Done", "context":{"dataType":"Sessions", "deleted":"15", "process_failed_to_decrypt":"0", "process_pending_decryption":"0", "process_success":"15", "total":"15"}}
{"logTime": "0426/181139", "correlationVector":"mamuAovTaJvRLL6BuLtJxY.5","action":"GetUpdates Response", "result":"Success", "context":Received 250 update(s). cV=mamuAovTaJvRLL6BuLtJxY.0;server=akswtt11300000x;cloudType=Consumer;environment=Prod_westus2_prod-s01-035-nam-westus2;migrationStage=NotStarted Some updates remain.}
{"logTime": "0426/181139", "correlationVector":"DxtwzVBvFe+jxtV1JJ8YFH","action":"Initial GetUpdates", "result":"", "context":Reason: NEWLY_SUPPORTED_DATATYPE. cV=DxtwzVBvFe+jxtV1JJ8YFH}
{"logTime": "0426/181140", "correlationVector":"DxtwzVBvFe+jxtV1JJ8YFH.1","action":"SyncServerConnectionManagerRequest", "result":"SYNC_SERVER_OK", "context":{"environment":"Prod_westus2_prod-s01-035-nam-westus2", "migrationStage":"NotStarted", "server":"akswtt113000006"}}
{"logTime": "0426/181140", "correlationVector":"DxtwzVBvFe+jxtV1JJ8YFH.2","action":"ProcessGetUpdates", "result":"Done", "context":{"dataType":"Autofill Profiles", "deleted":"0", "process_failed_to_decrypt":"0", "process_pending_decryption":"0", "process_success":"2", "total":"2"}}
{"logTime": "0426/181140", "correlationVector":"DxtwzVBvFe+jxtV1JJ8YFH.3","action":"ProcessGetUpdates", "result":"Done", "context":{"dataType":"Autofill", "deleted":"0", "process_failed_to_decrypt":"0", "process_pending_decryption":"0", "process_success":"48", "total":"48"}}
{"logTime": "0426/181140", "correlationVector":"DxtwzVBvFe+jxtV1JJ8YFH.4","action":"ProcessGetUpdates", "result":"Done", "context":{"dataType":"Extensions", "deleted":"0", "process_failed_to_decrypt":"0", "process_pending_decryption":"0", "process_success":"1", "total":"1"}}
{"logTime": "0426/181140", "correlationVector":"DxtwzVBvFe+jxtV1JJ8YFH.5","action":"ProcessGetUpdates", "result":"Done", "context":{"dataType":"Sessions", "deleted":"175", "process_failed_to_decrypt":"0", "process_pending_decryption":"0", "process_success":"199", "total":"199"}}
{"logTime": "0426/181140", "correlationVector":"DxtwzVBvFe+jxtV1JJ8YFH.6","action":"GetUpdates Response", "result":"Success", "context":Received 250 update(s). cV=DxtwzVBvFe+jxtV1JJ8YFH.0;server=akswtt113000006;cloudType=Consumer;environment=Prod_westus2_prod-s01-035-nam-westus2;migrationStage=NotStarted Some updates remain.}
{"logTime": "0426/181140", "correlationVector":"smkMF2nfdeBbJa/errFG6Q","action":"Initial GetUpdates", "result":"", "context":Reason: NEWLY_SUPPORTED_DATATYPE. cV=smkMF2nfdeBbJa/errFG6Q}
{"logTime": "0426/181140", "correlationVector":"smkMF2nfdeBbJa/errFG6Q.1","action":"SyncServerConnectionManagerRequest", "result":"SYNC_SERVER_OK", "context":{"environment":"Prod_westus2_prod-s01-035-nam-westus2", "migrationStage":"NotStarted", "server":"akswtt11300000x"}}
{"logTime": "0426/181140", "correlationVector":"smkMF2nfdeBbJa/errFG6Q.2","action":"ProcessGetUpdates", "result":"Done", "context":{"dataType":"Sessions", "deleted":"10", "process_failed_to_decrypt":"0", "process_pending_decryption":"0", "process_success":"88", "total":"88"}}
{"logTime": "0426/181140", "correlationVector":"smkMF2nfdeBbJa/errFG6Q.3","action":"GetUpdates Response", "result":"Success", "context":Received 88 update(s). cV=smkMF2nfdeBbJa/errFG6Q.0;server=akswtt11300000x;cloudType=Consumer;environment=Prod_westus2_prod-s01-035-nam-westus2;migrationStage=NotStarted}
{"logTime": "0426/181140", "correlationVector":"vsFUajrNuG+o9MmBgdVVty","action":"Initial GetUpdates", "result":"", "context":Reason: NEWLY_SUPPORTED_DATATYPE. cV=vsFUajrNuG+o9MmBgdVVty}
{"logTime": "0426/181140", "correlationVector":"vsFUajrNuG+o9MmBgdVVty.1","action":"SyncServerConnectionManagerRequest", "result":"SYNC_SERVER_OK", "context":{"environment":"Prod_westus2_prod-s01-035-nam-westus2", "migrationStage":"NotStarted", "server":"akswtt113000006"}}
{"logTime": "0426/181140", "correlationVector":"vsFUajrNuG+o9MmBgdVVty.2","action":"ProcessGetUpdates", "result":"Done", "context":{"dataType":"History", "deleted":"0", "process_failed_to_decrypt":"0", "process_pending_decryption":"0", "process_success":"250", "total":"250"}}
{"logTime": "0426/181140", "correlationVector":"vsFUajrNuG+o9MmBgdVVty.3","action":"GetUpdates Response", "result":"Success", "context":Received 250 update(s). cV=vsFUajrNuG+o9MmBgdVVty.0;server=akswtt113000006;cloudType=Consumer;environment=Prod_westus2_prod-s01-035-nam-westus2;migrationStage=NotStarted Some updates remain.}
{"logTime": "0426/181140", "correlationVector":"E1eNCgKv6j5dmAtqNVpWtC","action":"Initial GetUpdates", "result":"", "context":Reason: NEWLY_SUPPORTED_DATATYPE. cV=E1eNCgKv6j5dmAtqNVpWtC}
{"logTime": "0426/181141", "correlationVector":"E1eNCgKv6j5dmAtqNVpWtC.1","action":"SyncServerConnectionManagerRequest", "result":"SYNC_SERVER_OK", "context":{"environment":"Prod_westus2_prod-s01-035-nam-westus2", "migrationStage":"NotStarted", "server":"akswtt113000006"}}
{"logTime": "0426/181141", "correlationVector":"E1eNCgKv6j5dmAtqNVpWtC.2","action":"ProcessGetUpdates", "result":"Done", "context":{"dataType":"History", "deleted":"0", "process_failed_to_decrypt":"0", "process_pending_decryption":"0", "process_success":"250", "total":"250"}}
{"logTime": "0426/181141", "correlationVector":"E1eNCgKv6j5dmAtqNVpWtC.3","action":"GetUpdates Response", "result":"Success", "context":Received 250 update(s). cV=E1eNCgKv6j5dmAtqNVpWtC.0;server=akswtt113000006;cloudType=Consumer;environment=Prod_westus2_prod-s01-035-nam-westus2;migrationStage=NotStarted Some updates remain.}
{"logTime": "0426/181141", "correlationVector":"C8vbgrczQc3e653Cxfd9ub","action":"Initial GetUpdates", "result":"", "context":Reason: NEWLY_SUPPORTED_DATATYPE. cV=C8vbgrczQc3e653Cxfd9ub}
{"logTime": "0426/181141", "correlationVector":"C8vbgrczQc3e653Cxfd9ub.1","action":"SyncServerConnectionManagerRequest", "result":"SYNC_SERVER_OK", "context":{"environment":"Prod_westus2_prod-s01-035-nam-westus2", "migrationStage":"NotStarted", "server":"akswtt113000001"}}
{"logTime": "0426/181141", "correlationVector":"C8vbgrczQc3e653Cxfd9ub.2","action":"ProcessGetUpdates", "result":"Done", "context":{"dataType":"History", "deleted":"0", "process_failed_to_decrypt":"0", "process_pending_decryption":"0", "process_success":"250", "total":"250"}}
{"logTime": "0426/181141", "correlationVector":"C8vbgrczQc3e653Cxfd9ub.3","action":"GetUpdates Response", "result":"Success", "context":Received 250 update(s). cV=C8vbgrczQc3e653Cxfd9ub.0;server=akswtt113000001;cloudType=Consumer;environment=Prod_westus2_prod-s01-035-nam-westus2;migrationStage=NotStarted Some updates remain.}
{"logTime": "0426/181141", "correlationVector":"bRyTvSOZcggXc2ZFjxtjuK","action":"Initial GetUpdates", "result":"", "context":Reason: NEWLY_SUPPORTED_DATATYPE. cV=bRyTvSOZcggXc2ZFjxtjuK}
{"logTime": "0426/181142", "correlationVector":"bRyTvSOZcggXc2ZFjxtjuK.1","action":"SyncServerConnectionManagerRequest", "result":"SYNC_SERVER_OK", "context":{"environment":"Prod_westus2_prod-s01-035-nam-westus2", "migrationStage":"NotStarted", "server":"akswtt11300000n"}}
{"logTime": "0426/181142", "correlationVector":"bRyTvSOZcggXc2ZFjxtjuK.2","action":"ProcessGetUpdates", "result":"Done", "context":{"dataType":"History", "deleted":"0", "process_failed_to_decrypt":"0", "process_pending_decryption":"0", "process_success":"250", "total":"250"}}
{"logTime": "0426/181142", "correlationVector":"bRyTvSOZcggXc2ZFjxtjuK.3","action":"GetUpdates Response", "result":"Success", "context":Received 250 update(s). cV=bRyTvSOZcggXc2ZFjxtjuK.0;server=akswtt11300000n;cloudType=Consumer;environment=Prod_westus2_prod-s01-035-nam-westus2;migrationStage=NotStarted Some updates remain.}
{"logTime": "0426/181142", "correlationVector":"Aeuyr1fTcZgbu/ckpS24pS","action":"Initial GetUpdates", "result":"", "context":Reason: NEWLY_SUPPORTED_DATATYPE. cV=Aeuyr1fTcZgbu/ckpS24pS}
{"logTime": "0426/181142", "correlationVector":"Aeuyr1fTcZgbu/ckpS24pS.1","action":"SyncServerConnectionManagerRequest", "result":"SYNC_SERVER_OK", "context":{"environment":"Prod_westus2_prod-s01-035-nam-westus2", "migrationStage":"NotStarted", "server":"akswtt113000006"}}
{"logTime": "0426/181142", "correlationVector":"Aeuyr1fTcZgbu/ckpS24pS.2","action":"ProcessGetUpdates", "result":"Done", "context":{"dataType":"History", "deleted":"0", "process_failed_to_decrypt":"0", "process_pending_decryption":"0", "process_success":"250", "total":"250"}}
{"logTime": "0426/181142", "correlationVector":"Aeuyr1fTcZgbu/ckpS24pS.3","action":"GetUpdates Response", "result":"Success", "context":Received 250 update(s). cV=Aeuyr1fTcZgbu/ckpS24pS.0;server=akswtt113000006;cloudType=Consumer;environment=Prod_westus2_prod-s01-035-nam-westus2;migrationStage=NotStarted Some updates remain.}
{"logTime": "0426/181142", "correlationVector":"u2mmdiMrEQIFWH5INtCal8","action":"Initial GetUpdates", "result":"", "context":Reason: NEWLY_SUPPORTED_DATATYPE. cV=u2mmdiMrEQIFWH5INtCal8}
{"logTime": "0426/181143", "correlationVector":"u2mmdiMrEQIFWH5INtCal8.1","action":"SyncServerConnectionManagerRequest", "result":"SYNC_SERVER_OK", "context":{"environment":"Prod_westus2_prod-s01-035-nam-westus2", "migrationStage":"NotStarted", "server":"akswtt113000002"}}
{"logTime": "0426/181143", "correlationVector":"u2mmdiMrEQIFWH5INtCal8.2","action":"ProcessGetUpdates", "result":"Done", "context":{"dataType":"History", "deleted":"0", "process_failed_to_decrypt":"0", "process_pending_decryption":"0", "process_success":"250", "total":"250"}}
{"logTime": "0426/181143", "correlationVector":"u2mmdiMrEQIFWH5INtCal8.3","action":"GetUpdates Response", "result":"Success", "context":Received 250 update(s). cV=u2mmdiMrEQIFWH5INtCal8.0;server=akswtt113000002;cloudType=Consumer;environment=Prod_westus2_prod-s01-035-nam-westus2;migrationStage=NotStarted Some updates remain.}
{"logTime": "0426/181143", "correlationVector":"5L8kimyJtig3CmcX62zNFM","action":"Initial GetUpdates", "result":"", "context":Reason: NEWLY_SUPPORTED_DATATYPE. cV=5L8kimyJtig3CmcX62zNFM}
{"logTime": "0426/181143", "correlationVector":"5L8kimyJtig3CmcX62zNFM.1","action":"SyncServerConnectionManagerRequest", "result":"SYNC_SERVER_OK", "context":{"environment":"Prod_westus2_prod-s01-035-nam-westus2", "migrationStage":"NotStarted", "server":"akswtt11300000t"}}
{"logTime": "0426/181143", "correlationVector":"5L8kimyJtig3CmcX62zNFM.2","action":"ProcessGetUpdates", "result":"Done", "context":{"dataType":"History", "deleted":"0", "process_failed_to_decrypt":"0", "process_pending_decryption":"0", "process_success":"250", "total":"250"}}
{"logTime": "0426/181143", "correlationVector":"5L8kimyJtig3CmcX62zNFM.3","action":"GetUpdates Response", "result":"Success", "context":Received 250 update(s). cV=5L8kimyJtig3CmcX62zNFM.0;server=akswtt11300000t;cloudType=Consumer;environment=Prod_westus2_prod-s01-035-nam-westus2;migrationStage=NotStarted Some updates remain.}
{"logTime": "0426/181143", "correlationVector":"BCuHzKd1OIKu1aR4eflVYA","action":"Initial GetUpdates", "result":"", "context":Reason: NEWLY_SUPPORTED_DATATYPE. cV=BCuHzKd1OIKu1aR4eflVYA}
{"logTime": "0426/181143", "correlationVector":"BCuHzKd1OIKu1aR4eflVYA.1","action":"SyncServerConnectionManagerRequest", "result":"SYNC_SERVER_OK", "context":{"environment":"Prod_westus2_prod-s01-035-nam-westus2", "migrationStage":"NotStarted", "server":"akswtt113000001"}}
{"logTime": "0426/181143", "correlationVector":"BCuHzKd1OIKu1aR4eflVYA.2","action":"ProcessGetUpdates", "result":"Done", "context":{"dataType":"History", "deleted":"0", "process_failed_to_decrypt":"0", "process_pending_decryption":"0", "process_success":"250", "total":"250"}}
{"logTime": "0426/181143", "correlationVector":"BCuHzKd1OIKu1aR4eflVYA.3","action":"GetUpdates Response", "result":"Success", "context":Received 250 update(s). cV=BCuHzKd1OIKu1aR4eflVYA.0;server=akswtt113000001;cloudType=Consumer;environment=Prod_westus2_prod-s01-035-nam-westus2;migrationStage=NotStarted Some updates remain.}
{"logTime": "0426/181143", "correlationVector":"dGQx6ebP4Y/W54EDA64bPr","action":"Initial GetUpdates", "result":"", "context":Reason: NEWLY_SUPPORTED_DATATYPE. cV=dGQx6ebP4Y/W54EDA64bPr}
{"logTime": "0426/181144", "correlationVector":"dGQx6ebP4Y/W54EDA64bPr.1","action":"SyncServerConnectionManagerRequest", "result":"SYNC_SERVER_OK", "context":{"environment":"Prod_westus2_prod-s01-035-nam-westus2", "migrationStage":"NotStarted", "server":"akswtt11300000f"}}
{"logTime": "0426/181144", "correlationVector":"dGQx6ebP4Y/W54EDA64bPr.2","action":"ProcessGetUpdates", "result":"Done", "context":{"dataType":"History", "deleted":"0", "process_failed_to_decrypt":"0", "process_pending_decryption":"0", "process_success":"250", "total":"250"}}
{"logTime": "0426/181144", "correlationVector":"dGQx6ebP4Y/W54EDA64bPr.3","action":"GetUpdates Response", "result":"Success", "context":Received 250 update(s). cV=dGQx6ebP4Y/W54EDA64bPr.0;server=akswtt11300000f;cloudType=Consumer;environment=Prod_westus2_prod-s01-035-nam-westus2;migrationStage=NotStarted Some updates remain.}
{"logTime": "0426/181144", "correlationVector":"VlkmP8HYenBU6Xz2JRwYzS","action":"Initial GetUpdates", "result":"", "context":Reason: NEWLY_SUPPORTED_DATATYPE. cV=VlkmP8HYenBU6Xz2JRwYzS}
{"logTime": "0426/181144", "correlationVector":"VlkmP8HYenBU6Xz2JRwYzS.1","action":"SyncServerConnectionManagerRequest", "result":"SYNC_SERVER_OK", "context":{"environment":"Prod_westus2_prod-s01-035-nam-westus2", "migrationStage":"NotStarted", "server":"akswtt11300000l"}}
{"logTime": "0426/181144", "correlationVector":"VlkmP8HYenBU6Xz2JRwYzS.2","action":"ProcessGetUpdates", "result":"Done", "context":{"dataType":"History", "deleted":"0", "process_failed_to_decrypt":"0", "process_pending_decryption":"0", "process_success":"250", "total":"250"}}
{"logTime": "0426/181144", "correlationVector":"VlkmP8HYenBU6Xz2JRwYzS.3","action":"GetUpdates Response", "result":"Success", "context":Received 250 update(s). cV=VlkmP8HYenBU6Xz2JRwYzS.0;server=akswtt11300000l;cloudType=Consumer;environment=Prod_westus2_prod-s01-035-nam-westus2;migrationStage=NotStarted Some updates remain.}
{"logTime": "0426/181144", "correlationVector":"jqAzTWPyE1a+J4/nwDf3oR","action":"Initial GetUpdates", "result":"", "context":Reason: NEWLY_SUPPORTED_DATATYPE. cV=jqAzTWPyE1a+J4/nwDf3oR}
{"logTime": "0426/181145", "correlationVector":"jqAzTWPyE1a+J4/nwDf3oR.1","action":"SyncServerConnectionManagerRequest", "result":"SYNC_SERVER_OK", "context":{"environment":"Prod_westus2_prod-s01-035-nam-westus2", "migrationStage":"NotStarted", "server":"akswtt11300000t"}}
{"logTime": "0426/181145", "correlationVector":"jqAzTWPyE1a+J4/nwDf3oR.2","action":"ProcessGetUpdates", "result":"Done", "context":{"dataType":"History", "deleted":"0", "process_failed_to_decrypt":"0", "process_pending_decryption":"0", "process_success":"250", "total":"250"}}
{"logTime": "0426/181145", "correlationVector":"jqAzTWPyE1a+J4/nwDf3oR.3","action":"GetUpdates Response", "result":"Success", "context":Received 250 update(s). cV=jqAzTWPyE1a+J4/nwDf3oR.0;server=akswtt11300000t;cloudType=Consumer;environment=Prod_westus2_prod-s01-035-nam-westus2;migrationStage=NotStarted Some updates remain.}
{"logTime": "0426/181145", "correlationVector":"Da+EuOPnrZsQxqdXSP5csp","action":"Initial GetUpdates", "result":"", "context":Reason: NEWLY_SUPPORTED_DATATYPE. cV=Da+EuOPnrZsQxqdXSP5csp}
{"logTime": "0426/181145", "correlationVector":"Da+EuOPnrZsQxqdXSP5csp.1","action":"SyncServerConnectionManagerRequest", "result":"SYNC_SERVER_OK", "context":{"environment":"Prod_westus2_prod-s01-035-nam-westus2", "migrationStage":"NotStarted", "server":"akswtt11300000n"}}
{"logTime": "0426/181145", "correlationVector":"Da+EuOPnrZsQxqdXSP5csp.2","action":"ProcessGetUpdates", "result":"Done", "context":{"dataType":"History", "deleted":"0", "process_failed_to_decrypt":"0", "process_pending_decryption":"0", "process_success":"250", "total":"250"}}
{"logTime": "0426/181145", "correlationVector":"Da+EuOPnrZsQxqdXSP5csp.3","action":"GetUpdates Response", "result":"Success", "context":Received 250 update(s). cV=Da+EuOPnrZsQxqdXSP5csp.0;server=akswtt11300000n;cloudType=Consumer;environment=Prod_westus2_prod-s01-035-nam-westus2;migrationStage=NotStarted Some updates remain.}
{"logTime": "0426/181145", "correlationVector":"qaYdCvOnZ+SHlBErU26NOI","action":"Initial GetUpdates", "result":"", "context":Reason: NEWLY_SUPPORTED_DATATYPE. cV=qaYdCvOnZ+SHlBErU26NOI}
{"logTime": "0426/181146", "correlationVector":"qaYdCvOnZ+SHlBErU26NOI.1","action":"SyncServerConnectionManagerRequest", "result":"SYNC_SERVER_OK", "context":{"environment":"Prod_westus2_prod-s01-035-nam-westus2", "migrationStage":"NotStarted", "server":"akswtt113000002"}}
{"logTime": "0426/181146", "correlationVector":"qaYdCvOnZ+SHlBErU26NOI.2","action":"ProcessGetUpdates", "result":"Done", "context":{"dataType":"History", "deleted":"0", "process_failed_to_decrypt":"0", "process_pending_decryption":"0", "process_success":"250", "total":"250"}}
{"logTime": "0426/181146", "correlationVector":"qaYdCvOnZ+SHlBErU26NOI.3","action":"GetUpdates Response", "result":"Success", "context":Received 250 update(s). cV=qaYdCvOnZ+SHlBErU26NOI.0;server=akswtt113000002;cloudType=Consumer;environment=Prod_westus2_prod-s01-035-nam-westus2;migrationStage=NotStarted Some updates remain.}
{"logTime": "0426/181146", "correlationVector":"4rrfcuTHtJVH6MimGDza11","action":"Initial GetUpdates", "result":"", "context":Reason: NEWLY_SUPPORTED_DATATYPE. cV=4rrfcuTHtJVH6MimGDza11}
{"logTime": "0426/181146", "correlationVector":"4rrfcuTHtJVH6MimGDza11.1","action":"SyncServerConnectionManagerRequest", "result":"SYNC_SERVER_OK", "context":{"environment":"Prod_westus2_prod-s01-035-nam-westus2", "migrationStage":"NotStarted", "server":"akswtt11300000l"}}
{"logTime": "0426/181146", "correlationVector":"4rrfcuTHtJVH6MimGDza11.2","action":"ProcessGetUpdates", "result":"Done", "context":{"dataType":"History", "deleted":"0", "process_failed_to_decrypt":"0", "process_pending_decryption":"0", "process_success":"250", "total":"250"}}
{"logTime": "0426/181146", "correlationVector":"4rrfcuTHtJVH6MimGDza11.3","action":"GetUpdates Response", "result":"Success", "context":Received 250 update(s). cV=4rrfcuTHtJVH6MimGDza11.0;server=akswtt11300000l;cloudType=Consumer;environment=Prod_westus2_prod-s01-035-nam-westus2;migrationStage=NotStarted Some updates remain.}
{"logTime": "0426/181146", "correlationVector":"R7KYbQFFkQgoOPQxgIq6t7","action":"Initial GetUpdates", "result":"", "context":Reason: NEWLY_SUPPORTED_DATATYPE. cV=R7KYbQFFkQgoOPQxgIq6t7}
{"logTime": "0426/181146", "correlationVector":"R7KYbQFFkQgoOPQxgIq6t7.1","action":"SyncServerConnectionManagerRequest", "result":"SYNC_SERVER_OK", "context":{"environment":"Prod_westus2_prod-s01-035-nam-westus2", "migrationStage":"NotStarted", "server":"akswtt113000008"}}
{"logTime": "0426/181146", "correlationVector":"R7KYbQFFkQgoOPQxgIq6t7.2","action":"ProcessGetUpdates", "result":"Done", "context":{"dataType":"History", "deleted":"0", "process_failed_to_decrypt":"0", "process_pending_decryption":"0", "process_success":"250", "total":"250"}}
{"logTime": "0426/181146", "correlationVector":"R7KYbQFFkQgoOPQxgIq6t7.3","action":"GetUpdates Response", "result":"Success", "context":Received 250 update(s). cV=R7KYbQFFkQgoOPQxgIq6t7.0;server=akswtt113000008;cloudType=Consumer;environment=Prod_westus2_prod-s01-035-nam-westus2;migrationStage=NotStarted Some updates remain.}
{"logTime": "0426/181146", "correlationVector":"Lb7VFl2fhAIb9nlTy4JiL0","action":"Initial GetUpdates", "result":"", "context":Reason: NEWLY_SUPPORTED_DATATYPE. cV=Lb7VFl2fhAIb9nlTy4JiL0}
{"logTime": "0426/181146", "correlationVector":"Lb7VFl2fhAIb9nlTy4JiL0.1","action":"SyncServerConnectionManagerRequest", "result":"SYNC_SERVER_OK", "context":{"environment":"Prod_westus2_prod-s01-035-nam-westus2", "migrationStage":"NotStarted", "server":"akswtt113000002"}}
{"logTime": "0426/181146", "correlationVector":"Lb7VFl2fhAIb9nlTy4JiL0.2","action":"ProcessGetUpdates", "result":"Done", "context":{"dataType":"History", "deleted":"0", "process_failed_to_decrypt":"0", "process_pending_decryption":"0", "process_success":"35", "total":"35"}}
{"logTime": "0426/181146", "correlationVector":"Lb7VFl2fhAIb9nlTy4JiL0.3","action":"GetUpdates Response", "result":"Success", "context":Received 35 update(s). cV=Lb7VFl2fhAIb9nlTy4JiL0.0;server=akswtt113000002;cloudType=Consumer;environment=Prod_westus2_prod-s01-035-nam-westus2;migrationStage=NotStarted}
{"logTime": "0426/181146", "correlationVector":"hNLbP3YVWDItLuAGiwURJO","action":"Normal GetUpdate request", "result":"", "context":cV=hNLbP3YVWDItLuAGiwURJO
Nudged types: Sessions, Device Info, User Consents, History
Refresh requested types: Bookmarks, Preferences, Passwords, Autofill Profiles, Autofill, Extensions, Sessions, Extension settings, History Delete Directives, Device Info, User Consents, Send Tab To Self, Web Apps, History, Saved Tab Group, WebAuthn Credentials, Collection, Edge E Drop, Edge Hub App Usage, Edge Wallet, Edge Workspace, Encryption Keys}
{"logTime": "0426/181147", "correlationVector":"hNLbP3YVWDItLuAGiwURJO.1","action":"SyncServerConnectionManagerRequest", "result":"SYNC_SERVER_OK", "context":{"environment":"Prod_westus2_prod-s01-035-nam-westus2", "migrationStage":"NotStarted", "server":"akswtt113000001"}}
{"logTime": "0426/181147", "correlationVector":"hNLbP3YVWDItLuAGiwURJO.2","action":"GetUpdates Response", "result":"Success", "context":Received 0 update(s). cV=hNLbP3YVWDItLuAGiwURJO.0;server=akswtt113000001;cloudType=Consumer;environment=Prod_westus2_prod-s01-035-nam-westus2;migrationStage=NotStarted}
{"logTime": "0426/181147", "correlationVector":"MQRJOO2VuKxD0Qbcpo2NK7","action":"Commit Request", "result":"", "context":Item count: 10
Contributing types: Sessions, Device Info, User Consents, History}
{"logTime": "0426/181147", "correlationVector":"MQRJOO2VuKxD0Qbcpo2NK7.1","action":"SyncServerConnectionManagerRequest", "result":"SYNC_SERVER_OK", "context":{"environment":"Prod_westus2_prod-s01-035-nam-westus2", "migrationStage":"NotStarted", "server":"akswtt113000001"}}
{"logTime": "0426/181147", "correlationVector":"MQRJOO2VuKxD0Qbcpo2NK7.2","action":"Commit Response", "result":"Success", "context":Result: Success. cV=MQRJOO2VuKxD0Qbcpo2NK7.0;server=akswtt113000001;cloudType=Consumer;environment=Prod_westus2_prod-s01-035-nam-westus2;migrationStage=NotStarted}
{"logTime": "0426/181234", "correlationVector":"RGUq4xaBrPt8wPtDzMcd12","action":"Commit Request", "result":"", "context":Item count: 40
Contributing types: Passwords}
{"logTime": "0426/181236", "correlationVector":"RGUq4xaBrPt8wPtDzMcd12.1","action":"SyncServerConnectionManagerRequest", "result":"SYNC_SERVER_OK", "context":{"environment":"Prod_westus2_prod-s01-035-nam-westus2", "migrationStage":"NotStarted", "server":"akswtt11300000x"}}
{"logTime": "0426/181236", "correlationVector":"RGUq4xaBrPt8wPtDzMcd12.2","action":"Commit Response", "result":"Success", "context":Result: Success. cV=RGUq4xaBrPt8wPtDzMcd12.0;server=akswtt11300000x;cloudType=Consumer;environment=Prod_westus2_prod-s01-035-nam-westus2;migrationStage=NotStarted}
{"logTime": "0426/181236", "correlationVector":"F+GeOLLixxlQ1lfFEFxPIl","action":"Commit Request", "result":"", "context":Item count: 19
Contributing types: Passwords, Sessions, History}
{"logTime": "0426/181237", "correlationVector":"F+GeOLLixxlQ1lfFEFxPIl.1","action":"SyncServerConnectionManagerRequest", "result":"SYNC_SERVER_OK", "context":{"environment":"Prod_westus2_prod-s01-035-nam-westus2", "migrationStage":"NotStarted", "server":"akswtt113000001"}}
{"logTime": "0426/181237", "correlationVector":"F+GeOLLixxlQ1lfFEFxPIl.2","action":"Commit Response", "result":"Success", "context":Result: Success. cV=F+GeOLLixxlQ1lfFEFxPIl.0;server=akswtt113000001;cloudType=Consumer;environment=Prod_westus2_prod-s01-035-nam-westus2;migrationStage=NotStarted}
{"logTime": "0426/181237", "correlationVector":"L0md9epRtnLgCrT7DxZS1H","action":"Commit Request", "result":"", "context":Item count: 3
Contributing types: Sessions, History}
{"logTime": "0426/181238", "correlationVector":"L0md9epRtnLgCrT7DxZS1H.1","action":"SyncServerConnectionManagerRequest", "result":"SYNC_SERVER_OK", "context":{"environment":"Prod_westus2_prod-s01-035-nam-westus2", "migrationStage":"NotStarted", "server":"akswtt113000008"}}
{"logTime": "0426/181238", "correlationVector":"L0md9epRtnLgCrT7DxZS1H.2","action":"Commit Response", "result":"Success", "context":Result: Success. cV=L0md9epRtnLgCrT7DxZS1H.0;server=akswtt113000008;cloudType=Consumer;environment=Prod_westus2_prod-s01-035-nam-westus2;migrationStage=NotStarted}
{"logTime": "0426/181338", "correlationVector":"UuOQYH//TDaSuCCOON2nPg","action":"Commit Request", "result":"", "context":Item count: 15
Contributing types: Sessions, History}
{"logTime": "0426/181339", "correlationVector":"UuOQYH//TDaSuCCOON2nPg.1","action":"SyncServerConnectionManagerRequest", "result":"SYNC_SERVER_OK", "context":{"environment":"Prod_westus2_prod-s01-035-nam-westus2", "migrationStage":"NotStarted", "server":"akswtt11300000l"}}
{"logTime": "0426/181339", "correlationVector":"UuOQYH//TDaSuCCOON2nPg.2","action":"Commit Response", "result":"Success", "context":Result: Success. cV=UuOQYH//TDaSuCCOON2nPg.0;server=akswtt11300000l;cloudType=Consumer;environment=Prod_westus2_prod-s01-035-nam-westus2;migrationStage=NotStarted}
{"logTime": "0426/181439", "correlationVector":"r3DdJCsrZV13uc0G1yAvyn","action":"Commit Request", "result":"", "context":Item count: 14
Contributing types: Sessions, History}
{"logTime": "0426/181440", "correlationVector":"r3DdJCsrZV13uc0G1yAvyn.1","action":"SyncServerConnectionManagerRequest", "result":"SYNC_SERVER_OK", "context":{"environment":"Prod_westus2_prod-s01-035-nam-westus2", "migrationStage":"NotStarted", "server":"akswtt113000001"}}
{"logTime": "0426/181440", "correlationVector":"r3DdJCsrZV13uc0G1yAvyn.2","action":"Commit Response", "result":"Success", "context":Result: Success. cV=r3DdJCsrZV13uc0G1yAvyn.0;server=akswtt113000001;cloudType=Consumer;environment=Prod_westus2_prod-s01-035-nam-westus2;migrationStage=NotStarted}
