2026-04-26 13:26:07.253: [INFO] VisibilityChanged: 0
2026-04-26 13:26:07.268: [INFO] RecordSyncInitDuration has_sync_been_enabled: 0 state: 0
2026-04-26 13:26:07.268: [INFO] RecordSyncInitDuration has_sync_been_enabled: 0 state: 0
2026-04-26 13:26:07.269: [INFO] RecordSyncInitDuration has_sync_been_enabled: 0 state: 0
2026-04-26 13:26:07.270: [INFO] RecordSyncInitDuration has_sync_been_enabled: 0 state: 0
2026-04-26 13:26:07.271: [INFO] RecordSyncInitDuration has_sync_been_enabled: 0 state: 0
2026-04-26 13:26:07.271: [INFO] RecordSyncInitDuration has_sync_been_enabled: 0 state: 0
2026-04-26 13:26:07.272: [INFO] RecordSyncInitDuration has_sync_been_enabled: 0 state: 0
2026-04-26 13:26:07.272: [INFO] RecordSyncInitDuration has_sync_been_enabled: 0 state: 0
2026-04-26 13:26:07.273: [INFO] RecordSyncInitDuration has_sync_been_enabled: 0 state: 0
2026-04-26 13:26:07.274: [INFO] RecordSyncInitDuration has_sync_been_enabled: 0 state: 0
2026-04-26 13:26:07.274: [INFO] RecordSyncInitDuration has_sync_been_enabled: 0 state: 0
2026-04-26 13:26:07.275: [INFO] RecordSyncInitDuration has_sync_been_enabled: 0 state: 0
2026-04-26 13:26:07.287: [INFO] BookmarkModelLoaded, ids_reassigned: 0
2026-04-26 13:26:07.287: [INFO] OnDoneLoading sync enabled: 0
2026-04-26 13:26:07.325: [INFO] RecordSyncInitDuration has_sync_been_enabled: 0 state: 0
2026-04-26 13:26:07.537: [INFO] RecordSyncInitDuration has_sync_been_enabled: 0 state: 0
2026-04-26 13:26:07.539: [INFO] RecordSyncInitDuration has_sync_been_enabled: 0 state: 3
2026-04-26 13:26:07.540: [INFO] Primary account changed.
2026-04-26 13:26:07.540: [INFO] OnPrimaryAccountChanged PrimaryAccountChangeEvent::Type::kSet
2026-04-26 13:26:07.543: [INFO] RecordSyncInitDuration has_sync_been_enabled: 0 state: 3
2026-04-26 13:26:07.558: [INFO] RecordSyncInitDuration has_sync_been_enabled: 0 state: 3
2026-04-26 13:26:08.767: [INFO] BookmarkNodeAdded, ABU: 0
2026-04-26 13:26:08.767: [INFO] BookmarkNodeAdded, ABU: 0
2026-04-26 13:26:08.768: [INFO] BookmarkNodeAdded, ABU: 0
2026-04-26 13:26:08.768: [INFO] BookmarkNodeAdded, ABU: 0
2026-04-26 13:26:08.769: [INFO] BookmarkNodeAdded, ABU: 0
2026-04-26 13:26:08.770: [INFO] BookmarkNodeAdded, ABU: 0
2026-04-26 13:26:08.770: [INFO] BookmarkNodeAdded, ABU: 0
2026-04-26 13:26:08.771: [INFO] BookmarkNodeAdded, ABU: 0
2026-04-26 13:26:08.771: [INFO] BookmarkNodeAdded, ABU: 0
2026-04-26 13:26:08.771: [INFO] BookmarkNodeAdded, ABU: 0
