{"logTime": "0426/132530", "correlationVector":"9tvKn5aLvwQDzhtOIW4pwH.1","action":"SyncServerConnectionManagerRequest", "result":"SYNC_SERVER_OK", "context":{"environment":"Prod_westus2_prod-s01-035-nam-westus2", "migrationStage":"NotStarted", "server":"akswtt113000007"}}
{"logTime": "0426/132530", "correlationVector":"9tvKn5aLvwQDzhtOIW4pwH.2","action":"ProcessGetUpdates", "result":"Done", "context":{"dataType":"Encryption Keys", "deleted":"0", "process_failed_to_decrypt":"0", "process_pending_decryption":"0", "process_success":"1", "total":"1"}}
{"logTime": "0426/132530", "correlationVector":"yPdD4I6K0SuzR6J4z6QJ6r","action":"SyncServerConnectionManagerRequest", "result":"SYNC_SERVER_OK", "context":{"environment":"", "migrationStage":"", "server":""}}
{"logTime": "0426/132530", "correlationVector":"yPdD4I6K0SuzR6J4z6QJ6r.0","action":"EncryptionKeysFetcher.DownloadKeys:", "result":"Success", "context":Key count: 5, Last key timestamp: 2026-04-18T03:48:13Z}
{"logTime": "0426/132530", "correlationVector":"yPdD4I6K0SuzR6J4z6QJ6r.1","action":"EncryptionKeysManager::SetEncryptionKeys:", "result":"Success", "context":Key names[5]:[lBLlivP0tL7DaZCLOxY0Ms4GCmsztTwaiZZnWuhIrvxf62WQbQQOrEOZFqDAc6XX8sNCG3UdMSQXoQPb7570QQ==][lVznK7+X4kMFXxOXBoPhpSbjH3WghWADowbo4a72vMU6iWo8i79nPTR5N+6F83VtFpBywxdhc0xV21a2Jm/A6g==][Rkjhz4tCaGQHbFM9iina6dfubiNJH3/8Nb0P3dtJ1SeLsFRspz/UbUDes0Q9ENkkHUncnfUvSXI6M+uJbc+N9w==][qNbI0n6v/hh0ojvUbrBt2zg5a/wjTFo4ReIKDxAcek9QLy5Lb4ncifiaiqLrQxn4dHE7159KCWd7txz5PXG7pA==][EQnJNat9nLGhQ3sWluAQbvJNaL11ABTMNp2x6WBZFViiXC6pyhYenoSQCzCxCCt+LnXbXP/vleqfYDQYpxNb5A==]}
{"logTime": "0426/132530", "correlationVector":"yPdD4I6K0SuzR6J4z6QJ6r.2","action":"EncryptionKeysManager::SetEncryptionKeysWithTimestamps:", "result":"Success", "context":Key timestamps[5]:[2024-04-18T22:10:58Z][2024-10-16T20:23:03Z][2025-04-14T23:12:43Z][2025-10-14T00:38:14Z][2026-04-18T03:48:13Z]}
{"logTime": "0426/132530", "correlationVector":"9tvKn5aLvwQDzhtOIW4pwH","action":"Initial GetUpdates", "result":"", "context":Reason: NEW_CLIENT. cV=9tvKn5aLvwQDzhtOIW4pwH}
{"logTime": "0426/132530", "correlationVector":"9tvKn5aLvwQDzhtOIW4pwH.3","action":"GetUpdates Response", "result":"Success", "context":Received 1 update(s). cV=9tvKn5aLvwQDzhtOIW4pwH.0;server=akswtt113000007;cloudType=Consumer;environment=Prod_westus2_prod-s01-035-nam-westus2;migrationStage=NotStarted}
{"logTime": "0426/132530", "correlationVector":"0IEuLSmntZ/JC8nZSJzEyO","action":"Initial GetUpdates", "result":"", "context":Reason: NEWLY_SUPPORTED_DATATYPE. cV=0IEuLSmntZ/JC8nZSJzEyO}
{"logTime": "0426/132531", "correlationVector":"0IEuLSmntZ/JC8nZSJzEyO.1","action":"SyncServerConnectionManagerRequest", "result":"SYNC_SERVER_OK", "context":{"environment":"Prod_westus2_prod-s01-035-nam-westus2", "migrationStage":"NotStarted", "server":"akswtt113000007"}}
{"logTime": "0426/132531", "correlationVector":"0IEuLSmntZ/JC8nZSJzEyO.2","action":"ProcessGetUpdates", "result":"Done", "context":{"dataType":"Preferences", "deleted":"0", "process_failed_to_decrypt":"0", "process_pending_decryption":"0", "process_success":"89", "total":"89"}}
{"logTime": "0426/132531", "correlationVector":"0IEuLSmntZ/JC8nZSJzEyO.3","action":"ProcessGetUpdates", "result":"Done", "context":{"dataType":"Passwords", "deleted":"0", "process_failed_to_decrypt":"0", "process_pending_decryption":"0", "process_success":"52", "total":"52"}}
{"logTime": "0426/132531", "correlationVector":"0IEuLSmntZ/JC8nZSJzEyO.4","action":"ProcessGetUpdates", "result":"Done", "context":{"dataType":"Device Info", "deleted":"0", "process_failed_to_decrypt":"0", "process_pending_decryption":"0", "process_success":"10", "total":"10"}}
{"logTime": "0426/132531", "correlationVector":"0IEuLSmntZ/JC8nZSJzEyO.5","action":"GetUpdates Response", "result":"Success", "context":Received 151 update(s). cV=0IEuLSmntZ/JC8nZSJzEyO.0;server=akswtt113000007;cloudType=Consumer;environment=Prod_westus2_prod-s01-035-nam-westus2;migrationStage=NotStarted}
{"logTime": "0426/132531", "correlationVector":"VceivXHLJobh6ZhEBYu/Zi","action":"Initial GetUpdates", "result":"", "context":Reason: NEWLY_SUPPORTED_DATATYPE. cV=VceivXHLJobh6ZhEBYu/Zi}
{"logTime": "0426/132531", "correlationVector":"VceivXHLJobh6ZhEBYu/Zi.1","action":"SyncServerConnectionManagerRequest", "result":"SYNC_SERVER_OK", "context":{"environment":"Prod_westus2_prod-s01-035-nam-westus2", "migrationStage":"NotStarted", "server":"akswtt11300000x"}}
{"logTime": "0426/132531", "correlationVector":"VceivXHLJobh6ZhEBYu/Zi.2","action":"ProcessGetUpdates", "result":"Done", "context":{"dataType":"Bookmarks", "deleted":"1", "process_failed_to_decrypt":"0", "process_pending_decryption":"0", "process_success":"17", "total":"17"}}
{"logTime": "0426/132531", "correlationVector":"VceivXHLJobh6ZhEBYu/Zi.3","action":"GetUpdates Response", "result":"Success", "context":Received 17 update(s). cV=VceivXHLJobh6ZhEBYu/Zi.0;server=akswtt11300000x;cloudType=Consumer;environment=Prod_westus2_prod-s01-035-nam-westus2;migrationStage=NotStarted}
{"logTime": "0426/132531", "correlationVector":"zSAZRcr8w8OEVl7YqYxskQ","action":"Initial GetUpdates", "result":"", "context":Reason: NEWLY_SUPPORTED_DATATYPE. cV=zSAZRcr8w8OEVl7YqYxskQ}
{"logTime": "0426/132531", "correlationVector":"zSAZRcr8w8OEVl7YqYxskQ.1","action":"SyncServerConnectionManagerRequest", "result":"SYNC_SERVER_OK", "context":{"environment":"Prod_westus2_prod-s01-035-nam-westus2", "migrationStage":"NotStarted", "server":"akswtt113000006"}}
{"logTime": "0426/132531", "correlationVector":"zSAZRcr8w8OEVl7YqYxskQ.2","action":"ProcessGetUpdates", "result":"Done", "context":{"dataType":"Autofill", "deleted":"0", "process_failed_to_decrypt":"0", "process_pending_decryption":"0", "process_success":"236", "total":"236"}}
{"logTime": "0426/132531", "correlationVector":"zSAZRcr8w8OEVl7YqYxskQ.3","action":"ProcessGetUpdates", "result":"Done", "context":{"dataType":"Sessions", "deleted":"14", "process_failed_to_decrypt":"0", "process_pending_decryption":"0", "process_success":"14", "total":"14"}}
{"logTime": "0426/132531", "correlationVector":"zSAZRcr8w8OEVl7YqYxskQ.4","action":"GetUpdates Response", "result":"Success", "context":Received 250 update(s). cV=zSAZRcr8w8OEVl7YqYxskQ.0;server=akswtt113000006;cloudType=Consumer;environment=Prod_westus2_prod-s01-035-nam-westus2;migrationStage=NotStarted Some updates remain.}
{"logTime": "0426/132531", "correlationVector":"e6mjw5hhsqEpcXFa388tcL","action":"Initial GetUpdates", "result":"", "context":Reason: NEWLY_SUPPORTED_DATATYPE. cV=e6mjw5hhsqEpcXFa388tcL}
