2026-04-26 14:58:56.550: [INFO] VisibilityChanged: 0
2026-04-26 14:58:56.566: [INFO] RecordSyncInitDuration has_sync_been_enabled: 0 state: 0
2026-04-26 14:58:56.566: [INFO] RecordSyncInitDuration has_sync_been_enabled: 0 state: 0
2026-04-26 14:58:56.566: [INFO] RecordSyncInitDuration has_sync_been_enabled: 0 state: 0
2026-04-26 14:58:56.567: [INFO] RecordSyncInitDuration has_sync_been_enabled: 0 state: 0
2026-04-26 14:58:56.567: [INFO] RecordSyncInitDuration has_sync_been_enabled: 0 state: 0
2026-04-26 14:58:56.567: [INFO] RecordSyncInitDuration has_sync_been_enabled: 0 state: 0
2026-04-26 14:58:56.568: [INFO] RecordSyncInitDuration has_sync_been_enabled: 0 state: 0
2026-04-26 14:58:56.568: [INFO] RecordSyncInitDuration has_sync_been_enabled: 0 state: 0
2026-04-26 14:58:56.568: [INFO] RecordSyncInitDuration has_sync_been_enabled: 0 state: 0
2026-04-26 14:58:56.568: [INFO] RecordSyncInitDuration has_sync_been_enabled: 0 state: 0
2026-04-26 14:58:56.569: [INFO] RecordSyncInitDuration has_sync_been_enabled: 0 state: 0
2026-04-26 14:58:56.569: [INFO] RecordSyncInitDuration has_sync_been_enabled: 0 state: 0
2026-04-26 14:58:56.582: [INFO] BookmarkModelLoaded, ids_reassigned: 0
2026-04-26 14:58:56.582: [INFO] OnDoneLoading sync enabled: 0
2026-04-26 14:58:56.623: [INFO] RecordSyncInitDuration has_sync_been_enabled: 0 state: 0
2026-04-26 14:58:57.808: [INFO] RecordSyncInitDuration has_sync_been_enabled: 0 state: 0
2026-04-26 14:58:57.810: [INFO] RecordSyncInitDuration has_sync_been_enabled: 0 state: 3
2026-04-26 14:58:57.811: [INFO] Primary account changed.
2026-04-26 14:58:57.811: [INFO] OnPrimaryAccountChanged PrimaryAccountChangeEvent::Type::kSet
2026-04-26 14:58:57.815: [INFO] RecordSyncInitDuration has_sync_been_enabled: 0 state: 3
2026-04-26 14:58:57.832: [INFO] RecordSyncInitDuration has_sync_been_enabled: 0 state: 3
2026-04-26 14:58:59.183: [INFO] BookmarkNodeAdded, ABU: 0
2026-04-26 14:58:59.184: [INFO] BookmarkNodeAdded, ABU: 0
2026-04-26 14:58:59.184: [INFO] BookmarkNodeAdded, ABU: 0
2026-04-26 14:58:59.185: [INFO] BookmarkNodeAdded, ABU: 0
2026-04-26 14:58:59.186: [INFO] BookmarkNodeAdded, ABU: 0
2026-04-26 14:58:59.186: [INFO] BookmarkNodeAdded, ABU: 0
2026-04-26 14:58:59.187: [INFO] BookmarkNodeAdded, ABU: 0
2026-04-26 14:58:59.187: [INFO] BookmarkNodeAdded, ABU: 0
2026-04-26 14:58:59.188: [INFO] BookmarkNodeAdded, ABU: 0
2026-04-26 14:58:59.189: [INFO] BookmarkNodeAdded, ABU: 0
2026-04-26 14:59:02.041: [INFO] Sync initialization duration: 4162ms
