{"logTime": "0426/165249", "correlationVector":"vQGn567yzSf/G2gT2m5qlo.1","action":"SyncServerConnectionManagerRequest", "result":"SYNC_SERVER_OK", "context":{"environment":"Prod_westus2_prod-s01-035-nam-westus2", "migrationStage":"NotStarted", "server":"akswtt113000002"}}
{"logTime": "0426/165249", "correlationVector":"vQGn567yzSf/G2gT2m5qlo.2","action":"ProcessGetUpdates", "result":"Done", "context":{"dataType":"Encryption Keys", "deleted":"0", "process_failed_to_decrypt":"0", "process_pending_decryption":"0", "process_success":"1", "total":"1"}}
{"logTime": "0426/165249", "correlationVector":"1okGIdFuBHumbkZQIXOg8Y","action":"SyncServerConnectionManagerRequest", "result":"SYNC_SERVER_OK", "context":{"environment":"", "migrationStage":"", "server":""}}
{"logTime": "0426/165249", "correlationVector":"1okGIdFuBHumbkZQIXOg8Y.0","action":"EncryptionKeysFetcher.DownloadKeys:", "result":"Success", "context":Key count: 5, Last key timestamp: 2026-04-18T03:48:13Z}
{"logTime": "0426/165249", "correlationVector":"1okGIdFuBHumbkZQIXOg8Y.1","action":"EncryptionKeysManager::SetEncryptionKeys:", "result":"Success", "context":Key names[5]:[lBLlivP0tL7DaZCLOxY0Ms4GCmsztTwaiZZnWuhIrvxf62WQbQQOrEOZFqDAc6XX8sNCG3UdMSQXoQPb7570QQ==][lVznK7+X4kMFXxOXBoPhpSbjH3WghWADowbo4a72vMU6iWo8i79nPTR5N+6F83VtFpBywxdhc0xV21a2Jm/A6g==][Rkjhz4tCaGQHbFM9iina6dfubiNJH3/8Nb0P3dtJ1SeLsFRspz/UbUDes0Q9ENkkHUncnfUvSXI6M+uJbc+N9w==][qNbI0n6v/hh0ojvUbrBt2zg5a/wjTFo4ReIKDxAcek9QLy5Lb4ncifiaiqLrQxn4dHE7159KCWd7txz5PXG7pA==][EQnJNat9nLGhQ3sWluAQbvJNaL11ABTMNp2x6WBZFViiXC6pyhYenoSQCzCxCCt+LnXbXP/vleqfYDQYpxNb5A==]}
{"logTime": "0426/165249", "correlationVector":"1okGIdFuBHumbkZQIXOg8Y.2","action":"EncryptionKeysManager::SetEncryptionKeysWithTimestamps:", "result":"Success", "context":Key timestamps[5]:[2024-04-18T22:10:58Z][2024-10-16T20:23:03Z][2025-04-14T23:12:43Z][2025-10-14T00:38:14Z][2026-04-18T03:48:13Z]}
{"logTime": "0426/165249", "correlationVector":"vQGn567yzSf/G2gT2m5qlo","action":"Initial GetUpdates", "result":"", "context":Reason: NEW_CLIENT. cV=vQGn567yzSf/G2gT2m5qlo}
{"logTime": "0426/165249", "correlationVector":"vQGn567yzSf/G2gT2m5qlo.3","action":"GetUpdates Response", "result":"Success", "context":Received 1 update(s). cV=vQGn567yzSf/G2gT2m5qlo.0;server=akswtt113000002;cloudType=Consumer;environment=Prod_westus2_prod-s01-035-nam-westus2;migrationStage=NotStarted}
{"logTime": "0426/165249", "correlationVector":"cNHh+jyx+JkRnhf2SX+Bsa","action":"Initial GetUpdates", "result":"", "context":Reason: NEWLY_SUPPORTED_DATATYPE. cV=cNHh+jyx+JkRnhf2SX+Bsa}
{"logTime": "0426/165249", "correlationVector":"cNHh+jyx+JkRnhf2SX+Bsa.1","action":"SyncServerConnectionManagerRequest", "result":"SYNC_SERVER_OK", "context":{"environment":"Prod_westus2_prod-s01-035-nam-westus2", "migrationStage":"NotStarted", "server":"akswtt11300000c"}}
{"logTime": "0426/165249", "correlationVector":"cNHh+jyx+JkRnhf2SX+Bsa.2","action":"ProcessGetUpdates", "result":"Done", "context":{"dataType":"Preferences", "deleted":"0", "process_failed_to_decrypt":"0", "process_pending_decryption":"0", "process_success":"89", "total":"89"}}
{"logTime": "0426/165249", "correlationVector":"cNHh+jyx+JkRnhf2SX+Bsa.3","action":"ProcessGetUpdates", "result":"Done", "context":{"dataType":"Passwords", "deleted":"0", "process_failed_to_decrypt":"0", "process_pending_decryption":"0", "process_success":"52", "total":"52"}}
{"logTime": "0426/165249", "correlationVector":"cNHh+jyx+JkRnhf2SX+Bsa.4","action":"ProcessGetUpdates", "result":"Done", "context":{"dataType":"Device Info", "deleted":"0", "process_failed_to_decrypt":"0", "process_pending_decryption":"0", "process_success":"25", "total":"25"}}
{"logTime": "0426/165249", "correlationVector":"cNHh+jyx+JkRnhf2SX+Bsa.5","action":"GetUpdates Response", "result":"Success", "context":Received 166 update(s). cV=cNHh+jyx+JkRnhf2SX+Bsa.0;server=akswtt11300000c;cloudType=Consumer;environment=Prod_westus2_prod-s01-035-nam-westus2;migrationStage=NotStarted}
{"logTime": "0426/165249", "correlationVector":"IOIzpbD2ZYUcA4J8MZcrI3","action":"Initial GetUpdates", "result":"", "context":Reason: NEWLY_SUPPORTED_DATATYPE. cV=IOIzpbD2ZYUcA4J8MZcrI3}
{"logTime": "0426/165249", "correlationVector":"IOIzpbD2ZYUcA4J8MZcrI3.1","action":"SyncServerConnectionManagerRequest", "result":"SYNC_SERVER_OK", "context":{"environment":"Prod_westus2_prod-s01-035-nam-westus2", "migrationStage":"NotStarted", "server":"akswtt11300000k"}}
{"logTime": "0426/165249", "correlationVector":"IOIzpbD2ZYUcA4J8MZcrI3.2","action":"ProcessGetUpdates", "result":"Done", "context":{"dataType":"Bookmarks", "deleted":"1", "process_failed_to_decrypt":"0", "process_pending_decryption":"0", "process_success":"17", "total":"17"}}
{"logTime": "0426/165249", "correlationVector":"IOIzpbD2ZYUcA4J8MZcrI3.3","action":"GetUpdates Response", "result":"Success", "context":Received 17 update(s). cV=IOIzpbD2ZYUcA4J8MZcrI3.0;server=akswtt11300000k;cloudType=Consumer;environment=Prod_westus2_prod-s01-035-nam-westus2;migrationStage=NotStarted}
{"logTime": "0426/165249", "correlationVector":"NppHMDVddbUF/IB6NPLDPe","action":"Initial GetUpdates", "result":"", "context":Reason: NEWLY_SUPPORTED_DATATYPE. cV=NppHMDVddbUF/IB6NPLDPe}
{"logTime": "0426/165250", "correlationVector":"NppHMDVddbUF/IB6NPLDPe.1","action":"SyncServerConnectionManagerRequest", "result":"SYNC_SERVER_OK", "context":{"environment":"Prod_westus2_prod-s01-035-nam-westus2", "migrationStage":"NotStarted", "server":"akswtt11300000a"}}
{"logTime": "0426/165250", "correlationVector":"NppHMDVddbUF/IB6NPLDPe.2","action":"ProcessGetUpdates", "result":"Done", "context":{"dataType":"Autofill", "deleted":"0", "process_failed_to_decrypt":"0", "process_pending_decryption":"0", "process_success":"236", "total":"236"}}
{"logTime": "0426/165250", "correlationVector":"NppHMDVddbUF/IB6NPLDPe.3","action":"ProcessGetUpdates", "result":"Done", "context":{"dataType":"Sessions", "deleted":"14", "process_failed_to_decrypt":"0", "process_pending_decryption":"0", "process_success":"14", "total":"14"}}
{"logTime": "0426/165250", "correlationVector":"NppHMDVddbUF/IB6NPLDPe.4","action":"GetUpdates Response", "result":"Success", "context":Received 250 update(s). cV=NppHMDVddbUF/IB6NPLDPe.0;server=akswtt11300000a;cloudType=Consumer;environment=Prod_westus2_prod-s01-035-nam-westus2;migrationStage=NotStarted Some updates remain.}
{"logTime": "0426/165250", "correlationVector":"6WmSGDdonDCMhlNxBmztGb","action":"Initial GetUpdates", "result":"", "context":Reason: NEWLY_SUPPORTED_DATATYPE. cV=6WmSGDdonDCMhlNxBmztGb}
{"logTime": "0426/165250", "correlationVector":"6WmSGDdonDCMhlNxBmztGb.1","action":"SyncServerConnectionManagerRequest", "result":"SYNC_SERVER_OK", "context":{"environment":"Prod_westus2_prod-s01-035-nam-westus2", "migrationStage":"NotStarted", "server":"akswtt11300000f"}}
{"logTime": "0426/165250", "correlationVector":"6WmSGDdonDCMhlNxBmztGb.2","action":"ProcessGetUpdates", "result":"Done", "context":{"dataType":"Sessions", "deleted":"248", "process_failed_to_decrypt":"0", "process_pending_decryption":"0", "process_success":"248", "total":"248"}}
{"logTime": "0426/165250", "correlationVector":"6WmSGDdonDCMhlNxBmztGb.3","action":"ProcessGetUpdates", "result":"Done", "context":{"dataType":"Edge Hub App Usage", "deleted":"1", "process_failed_to_decrypt":"0", "process_pending_decryption":"0", "process_success":"2", "total":"2"}}
{"logTime": "0426/165250", "correlationVector":"6WmSGDdonDCMhlNxBmztGb.4","action":"GetUpdates Response", "result":"Success", "context":Received 250 update(s). cV=6WmSGDdonDCMhlNxBmztGb.0;server=akswtt11300000f;cloudType=Consumer;environment=Prod_westus2_prod-s01-035-nam-westus2;migrationStage=NotStarted Some updates remain.}
{"logTime": "0426/165250", "correlationVector":"TVXNU81ufidYcJKw70Mm0e","action":"Initial GetUpdates", "result":"", "context":Reason: NEWLY_SUPPORTED_DATATYPE. cV=TVXNU81ufidYcJKw70Mm0e}
{"logTime": "0426/165251", "correlationVector":"TVXNU81ufidYcJKw70Mm0e.1","action":"SyncServerConnectionManagerRequest", "result":"SYNC_SERVER_OK", "context":{"environment":"Prod_westus2_prod-s01-035-nam-westus2", "migrationStage":"NotStarted", "server":"akswtt11300000l"}}
{"logTime": "0426/165251", "correlationVector":"TVXNU81ufidYcJKw70Mm0e.2","action":"ProcessGetUpdates", "result":"Done", "context":{"dataType":"Sessions", "deleted":"243", "process_failed_to_decrypt":"0", "process_pending_decryption":"0", "process_success":"243", "total":"243"}}
{"logTime": "0426/165251", "correlationVector":"TVXNU81ufidYcJKw70Mm0e.3","action":"ProcessGetUpdates", "result":"Done", "context":{"dataType":"Saved Tab Group", "deleted":"0", "process_failed_to_decrypt":"0", "process_pending_decryption":"0", "process_success":"4", "total":"4"}}
{"logTime": "0426/165251", "correlationVector":"TVXNU81ufidYcJKw70Mm0e.4","action":"ProcessGetUpdates", "result":"Done", "context":{"dataType":"Edge Hub App Usage", "deleted":"3", "process_failed_to_decrypt":"0", "process_pending_decryption":"0", "process_success":"3", "total":"3"}}
{"logTime": "0426/165251", "correlationVector":"TVXNU81ufidYcJKw70Mm0e.5","action":"GetUpdates Response", "result":"Success", "context":Received 250 update(s). cV=TVXNU81ufidYcJKw70Mm0e.0;server=akswtt11300000l;cloudType=Consumer;environment=Prod_westus2_prod-s01-035-nam-westus2;migrationStage=NotStarted Some updates remain.}
{"logTime": "0426/165251", "correlationVector":"z4mSx5+B8GjvB8kn02qwOL","action":"Initial GetUpdates", "result":"", "context":Reason: NEWLY_SUPPORTED_DATATYPE. cV=z4mSx5+B8GjvB8kn02qwOL}
{"logTime": "0426/165251", "correlationVector":"z4mSx5+B8GjvB8kn02qwOL.1","action":"SyncServerConnectionManagerRequest", "result":"SYNC_SERVER_OK", "context":{"environment":"Prod_westus2_prod-s01-035-nam-westus2", "migrationStage":"NotStarted", "server":"akswtt11300000q"}}
{"logTime": "0426/165251", "correlationVector":"z4mSx5+B8GjvB8kn02qwOL.2","action":"ProcessGetUpdates", "result":"Done", "context":{"dataType":"Extensions", "deleted":"0", "process_failed_to_decrypt":"0", "process_pending_decryption":"0", "process_success":"1", "total":"1"}}
{"logTime": "0426/165251", "correlationVector":"z4mSx5+B8GjvB8kn02qwOL.3","action":"ProcessGetUpdates", "result":"Done", "context":{"dataType":"Sessions", "deleted":"248", "process_failed_to_decrypt":"0", "process_pending_decryption":"0", "process_success":"248", "total":"248"}}
{"logTime": "0426/165251", "correlationVector":"z4mSx5+B8GjvB8kn02qwOL.4","action":"ProcessGetUpdates", "result":"Done", "context":{"dataType":"Edge Hub App Usage", "deleted":"1", "process_failed_to_decrypt":"0", "process_pending_decryption":"0", "process_success":"1", "total":"1"}}
{"logTime": "0426/165251", "correlationVector":"z4mSx5+B8GjvB8kn02qwOL.5","action":"GetUpdates Response", "result":"Success", "context":Received 250 update(s). cV=z4mSx5+B8GjvB8kn02qwOL.0;server=akswtt11300000q;cloudType=Consumer;environment=Prod_westus2_prod-s01-035-nam-westus2;migrationStage=NotStarted Some updates remain.}
{"logTime": "0426/165251", "correlationVector":"AyxyIOJelgiVOUcF6r/DRY","action":"Initial GetUpdates", "result":"", "context":Reason: NEWLY_SUPPORTED_DATATYPE. cV=AyxyIOJelgiVOUcF6r/DRY}
{"logTime": "0426/165251", "correlationVector":"AyxyIOJelgiVOUcF6r/DRY.1","action":"SyncServerConnectionManagerRequest", "result":"SYNC_SERVER_OK", "context":{"environment":"Prod_westus2_prod-s01-035-nam-westus2", "migrationStage":"NotStarted", "server":"akswtt11300000g"}}
{"logTime": "0426/165251", "correlationVector":"AyxyIOJelgiVOUcF6r/DRY.2","action":"ProcessGetUpdates", "result":"Done", "context":{"dataType":"Sessions", "deleted":"248", "process_failed_to_decrypt":"0", "process_pending_decryption":"0", "process_success":"248", "total":"248"}}
{"logTime": "0426/165251", "correlationVector":"AyxyIOJelgiVOUcF6r/DRY.3","action":"ProcessGetUpdates", "result":"Done", "context":{"dataType":"Edge Hub App Usage", "deleted":"1", "process_failed_to_decrypt":"0", "process_pending_decryption":"0", "process_success":"2", "total":"2"}}
{"logTime": "0426/165251", "correlationVector":"AyxyIOJelgiVOUcF6r/DRY.4","action":"GetUpdates Response", "result":"Success", "context":Received 250 update(s). cV=AyxyIOJelgiVOUcF6r/DRY.0;server=akswtt11300000g;cloudType=Consumer;environment=Prod_westus2_prod-s01-035-nam-westus2;migrationStage=NotStarted Some updates remain.}
{"logTime": "0426/165251", "correlationVector":"Czd0NMpMQ1Cxa0XoslDqHN","action":"Initial GetUpdates", "result":"", "context":Reason: NEWLY_SUPPORTED_DATATYPE. cV=Czd0NMpMQ1Cxa0XoslDqHN}
{"logTime": "0426/165252", "correlationVector":"Czd0NMpMQ1Cxa0XoslDqHN.1","action":"SyncServerConnectionManagerRequest", "result":"SYNC_SERVER_OK", "context":{"environment":"Prod_westus2_prod-s01-035-nam-westus2", "migrationStage":"NotStarted", "server":"akswtt113000006"}}
{"logTime": "0426/165252", "correlationVector":"Czd0NMpMQ1Cxa0XoslDqHN.2","action":"ProcessGetUpdates", "result":"Done", "context":{"dataType":"Autofill Profiles", "deleted":"0", "process_failed_to_decrypt":"0", "process_pending_decryption":"0", "process_success":"10", "total":"10"}}
{"logTime": "0426/165252", "correlationVector":"Czd0NMpMQ1Cxa0XoslDqHN.3","action":"ProcessGetUpdates", "result":"Done", "context":{"dataType":"Autofill", "deleted":"0", "process_failed_to_decrypt":"0", "process_pending_decryption":"0", "process_success":"231", "total":"231"}}
{"logTime": "0426/165252", "correlationVector":"Czd0NMpMQ1Cxa0XoslDqHN.4","action":"ProcessGetUpdates", "result":"Done", "context":{"dataType":"Sessions", "deleted":"9", "process_failed_to_decrypt":"0", "process_pending_decryption":"0", "process_success":"9", "total":"9"}}
{"logTime": "0426/165252", "correlationVector":"Czd0NMpMQ1Cxa0XoslDqHN.5","action":"GetUpdates Response", "result":"Success", "context":Received 250 update(s). cV=Czd0NMpMQ1Cxa0XoslDqHN.0;server=akswtt113000006;cloudType=Consumer;environment=Prod_westus2_prod-s01-035-nam-westus2;migrationStage=NotStarted Some updates remain.}
{"logTime": "0426/165252", "correlationVector":"5VCHA3GjEanGs6Ug2esoxB","action":"Initial GetUpdates", "result":"", "context":Reason: NEWLY_SUPPORTED_DATATYPE. cV=5VCHA3GjEanGs6Ug2esoxB}
{"logTime": "0426/165252", "correlationVector":"5VCHA3GjEanGs6Ug2esoxB.1","action":"SyncServerConnectionManagerRequest", "result":"SYNC_SERVER_OK", "context":{"environment":"Prod_westus2_prod-s01-035-nam-westus2", "migrationStage":"NotStarted", "server":"akswtt11300000l"}}
{"logTime": "0426/165252", "correlationVector":"5VCHA3GjEanGs6Ug2esoxB.2","action":"ProcessGetUpdates", "result":"Done", "context":{"dataType":"Autofill Profiles", "deleted":"0", "process_failed_to_decrypt":"0", "process_pending_decryption":"0", "process_success":"1", "total":"1"}}
{"logTime": "0426/165252", "correlationVector":"5VCHA3GjEanGs6Ug2esoxB.3","action":"ProcessGetUpdates", "result":"Done", "context":{"dataType":"Autofill", "deleted":"0", "process_failed_to_decrypt":"0", "process_pending_decryption":"0", "process_success":"234", "total":"234"}}
{"logTime": "0426/165252", "correlationVector":"5VCHA3GjEanGs6Ug2esoxB.4","action":"ProcessGetUpdates", "result":"Done", "context":{"dataType":"Sessions", "deleted":"15", "process_failed_to_decrypt":"0", "process_pending_decryption":"0", "process_success":"15", "total":"15"}}
{"logTime": "0426/165252", "correlationVector":"5VCHA3GjEanGs6Ug2esoxB.5","action":"GetUpdates Response", "result":"Success", "context":Received 250 update(s). cV=5VCHA3GjEanGs6Ug2esoxB.0;server=akswtt11300000l;cloudType=Consumer;environment=Prod_westus2_prod-s01-035-nam-westus2;migrationStage=NotStarted Some updates remain.}
{"logTime": "0426/165252", "correlationVector":"Yu7j0fjK+URZ860wT/NfZF","action":"Initial GetUpdates", "result":"", "context":Reason: NEWLY_SUPPORTED_DATATYPE. cV=Yu7j0fjK+URZ860wT/NfZF}
{"logTime": "0426/165252", "correlationVector":"Yu7j0fjK+URZ860wT/NfZF.1","action":"SyncServerConnectionManagerRequest", "result":"SYNC_SERVER_OK", "context":{"environment":"Prod_westus2_prod-s01-035-nam-westus2", "migrationStage":"NotStarted", "server":"akswtt11300000f"}}
{"logTime": "0426/165252", "correlationVector":"Yu7j0fjK+URZ860wT/NfZF.2","action":"ProcessGetUpdates", "result":"Done", "context":{"dataType":"Autofill Profiles", "deleted":"0", "process_failed_to_decrypt":"0", "process_pending_decryption":"0", "process_success":"2", "total":"2"}}
{"logTime": "0426/165252", "correlationVector":"Yu7j0fjK+URZ860wT/NfZF.3","action":"ProcessGetUpdates", "result":"Done", "context":{"dataType":"Autofill", "deleted":"0", "process_failed_to_decrypt":"0", "process_pending_decryption":"0", "process_success":"48", "total":"48"}}
{"logTime": "0426/165252", "correlationVector":"Yu7j0fjK+URZ860wT/NfZF.4","action":"ProcessGetUpdates", "result":"Done", "context":{"dataType":"Extensions", "deleted":"0", "process_failed_to_decrypt":"0", "process_pending_decryption":"0", "process_success":"1", "total":"1"}}
{"logTime": "0426/165252", "correlationVector":"Yu7j0fjK+URZ860wT/NfZF.5","action":"ProcessGetUpdates", "result":"Done", "context":{"dataType":"Sessions", "deleted":"175", "process_failed_to_decrypt":"0", "process_pending_decryption":"0", "process_success":"199", "total":"199"}}
{"logTime": "0426/165252", "correlationVector":"Yu7j0fjK+URZ860wT/NfZF.6","action":"GetUpdates Response", "result":"Success", "context":Received 250 update(s). cV=Yu7j0fjK+URZ860wT/NfZF.0;server=akswtt11300000f;cloudType=Consumer;environment=Prod_westus2_prod-s01-035-nam-westus2;migrationStage=NotStarted Some updates remain.}
{"logTime": "0426/165252", "correlationVector":"6EKfXghSxihH0RFSCi/lgL","action":"Initial GetUpdates", "result":"", "context":Reason: NEWLY_SUPPORTED_DATATYPE. cV=6EKfXghSxihH0RFSCi/lgL}
{"logTime": "0426/165253", "correlationVector":"6EKfXghSxihH0RFSCi/lgL.1","action":"SyncServerConnectionManagerRequest", "result":"SYNC_SERVER_OK", "context":{"environment":"Prod_westus2_prod-s01-035-nam-westus2", "migrationStage":"NotStarted", "server":"akswtt11300000a"}}
{"logTime": "0426/165253", "correlationVector":"6EKfXghSxihH0RFSCi/lgL.2","action":"ProcessGetUpdates", "result":"Done", "context":{"dataType":"Sessions", "deleted":"9", "process_failed_to_decrypt":"0", "process_pending_decryption":"0", "process_success":"62", "total":"62"}}
{"logTime": "0426/165253", "correlationVector":"6EKfXghSxihH0RFSCi/lgL.3","action":"GetUpdates Response", "result":"Success", "context":Received 62 update(s). cV=6EKfXghSxihH0RFSCi/lgL.0;server=akswtt11300000a;cloudType=Consumer;environment=Prod_westus2_prod-s01-035-nam-westus2;migrationStage=NotStarted}
{"logTime": "0426/165253", "correlationVector":"vcJ6mhSaT5pbekzEM/lg25","action":"Initial GetUpdates", "result":"", "context":Reason: NEWLY_SUPPORTED_DATATYPE. cV=vcJ6mhSaT5pbekzEM/lg25}
{"logTime": "0426/165253", "correlationVector":"vcJ6mhSaT5pbekzEM/lg25.1","action":"SyncServerConnectionManagerRequest", "result":"SYNC_SERVER_OK", "context":{"environment":"Prod_westus2_prod-s01-035-nam-westus2", "migrationStage":"NotStarted", "server":"akswtt11300000m"}}
{"logTime": "0426/165253", "correlationVector":"vcJ6mhSaT5pbekzEM/lg25.2","action":"ProcessGetUpdates", "result":"Done", "context":{"dataType":"History", "deleted":"0", "process_failed_to_decrypt":"0", "process_pending_decryption":"0", "process_success":"250", "total":"250"}}
{"logTime": "0426/165253", "correlationVector":"vcJ6mhSaT5pbekzEM/lg25.3","action":"GetUpdates Response", "result":"Success", "context":Received 250 update(s). cV=vcJ6mhSaT5pbekzEM/lg25.0;server=akswtt11300000m;cloudType=Consumer;environment=Prod_westus2_prod-s01-035-nam-westus2;migrationStage=NotStarted Some updates remain.}
{"logTime": "0426/165253", "correlationVector":"D9XgJPJTpPSdhaDo4VvV3+","action":"Initial GetUpdates", "result":"", "context":Reason: NEWLY_SUPPORTED_DATATYPE. cV=D9XgJPJTpPSdhaDo4VvV3+}
{"logTime": "0426/165253", "correlationVector":"D9XgJPJTpPSdhaDo4VvV3+.1","action":"SyncServerConnectionManagerRequest", "result":"SYNC_SERVER_OK", "context":{"environment":"Prod_westus2_prod-s01-035-nam-westus2", "migrationStage":"NotStarted", "server":"akswtt113000005"}}
{"logTime": "0426/165253", "correlationVector":"D9XgJPJTpPSdhaDo4VvV3+.2","action":"ProcessGetUpdates", "result":"Done", "context":{"dataType":"History", "deleted":"0", "process_failed_to_decrypt":"0", "process_pending_decryption":"0", "process_success":"250", "total":"250"}}
{"logTime": "0426/165253", "correlationVector":"D9XgJPJTpPSdhaDo4VvV3+.3","action":"GetUpdates Response", "result":"Success", "context":Received 250 update(s). cV=D9XgJPJTpPSdhaDo4VvV3+.0;server=akswtt113000005;cloudType=Consumer;environment=Prod_westus2_prod-s01-035-nam-westus2;migrationStage=NotStarted Some updates remain.}
{"logTime": "0426/165253", "correlationVector":"lK0CJB9qjHM6e++QpCuctQ","action":"Initial GetUpdates", "result":"", "context":Reason: NEWLY_SUPPORTED_DATATYPE. cV=lK0CJB9qjHM6e++QpCuctQ}
{"logTime": "0426/165254", "correlationVector":"lK0CJB9qjHM6e++QpCuctQ.1","action":"SyncServerConnectionManagerRequest", "result":"SYNC_SERVER_OK", "context":{"environment":"Prod_westus2_prod-s01-035-nam-westus2", "migrationStage":"NotStarted", "server":"akswtt11300000f"}}
{"logTime": "0426/165254", "correlationVector":"lK0CJB9qjHM6e++QpCuctQ.2","action":"ProcessGetUpdates", "result":"Done", "context":{"dataType":"History", "deleted":"0", "process_failed_to_decrypt":"0", "process_pending_decryption":"0", "process_success":"250", "total":"250"}}
{"logTime": "0426/165254", "correlationVector":"lK0CJB9qjHM6e++QpCuctQ.3","action":"GetUpdates Response", "result":"Success", "context":Received 250 update(s). cV=lK0CJB9qjHM6e++QpCuctQ.0;server=akswtt11300000f;cloudType=Consumer;environment=Prod_westus2_prod-s01-035-nam-westus2;migrationStage=NotStarted Some updates remain.}
{"logTime": "0426/165254", "correlationVector":"3CO8Vtp2YrZ5jBqqT26enV","action":"Initial GetUpdates", "result":"", "context":Reason: NEWLY_SUPPORTED_DATATYPE. cV=3CO8Vtp2YrZ5jBqqT26enV}
{"logTime": "0426/165254", "correlationVector":"3CO8Vtp2YrZ5jBqqT26enV.1","action":"SyncServerConnectionManagerRequest", "result":"SYNC_SERVER_OK", "context":{"environment":"Prod_westus2_prod-s01-035-nam-westus2", "migrationStage":"NotStarted", "server":"akswtt11300000m"}}
{"logTime": "0426/165254", "correlationVector":"3CO8Vtp2YrZ5jBqqT26enV.2","action":"ProcessGetUpdates", "result":"Done", "context":{"dataType":"History", "deleted":"0", "process_failed_to_decrypt":"0", "process_pending_decryption":"0", "process_success":"250", "total":"250"}}
{"logTime": "0426/165254", "correlationVector":"3CO8Vtp2YrZ5jBqqT26enV.3","action":"GetUpdates Response", "result":"Success", "context":Received 250 update(s). cV=3CO8Vtp2YrZ5jBqqT26enV.0;server=akswtt11300000m;cloudType=Consumer;environment=Prod_westus2_prod-s01-035-nam-westus2;migrationStage=NotStarted Some updates remain.}
{"logTime": "0426/165254", "correlationVector":"QJyAAiKISS9HJR/DHNq9u1","action":"Initial GetUpdates", "result":"", "context":Reason: NEWLY_SUPPORTED_DATATYPE. cV=QJyAAiKISS9HJR/DHNq9u1}
{"logTime": "0426/165255", "correlationVector":"QJyAAiKISS9HJR/DHNq9u1.1","action":"SyncServerConnectionManagerRequest", "result":"SYNC_SERVER_OK", "context":{"environment":"Prod_westus2_prod-s01-035-nam-westus2", "migrationStage":"NotStarted", "server":"akswtt11300000g"}}
{"logTime": "0426/165255", "correlationVector":"QJyAAiKISS9HJR/DHNq9u1.2","action":"ProcessGetUpdates", "result":"Done", "context":{"dataType":"History", "deleted":"0", "process_failed_to_decrypt":"0", "process_pending_decryption":"0", "process_success":"250", "total":"250"}}
{"logTime": "0426/165255", "correlationVector":"QJyAAiKISS9HJR/DHNq9u1.3","action":"GetUpdates Response", "result":"Success", "context":Received 250 update(s). cV=QJyAAiKISS9HJR/DHNq9u1.0;server=akswtt11300000g;cloudType=Consumer;environment=Prod_westus2_prod-s01-035-nam-westus2;migrationStage=NotStarted Some updates remain.}
{"logTime": "0426/165255", "correlationVector":"sqB0UXUI6qF83i1sOctU2t","action":"Initial GetUpdates", "result":"", "context":Reason: NEWLY_SUPPORTED_DATATYPE. cV=sqB0UXUI6qF83i1sOctU2t}
{"logTime": "0426/165255", "correlationVector":"sqB0UXUI6qF83i1sOctU2t.1","action":"SyncServerConnectionManagerRequest", "result":"SYNC_SERVER_OK", "context":{"environment":"Prod_westus2_prod-s01-035-nam-westus2", "migrationStage":"NotStarted", "server":"akswtt113000006"}}
{"logTime": "0426/165255", "correlationVector":"sqB0UXUI6qF83i1sOctU2t.2","action":"ProcessGetUpdates", "result":"Done", "context":{"dataType":"History", "deleted":"0", "process_failed_to_decrypt":"0", "process_pending_decryption":"0", "process_success":"250", "total":"250"}}
{"logTime": "0426/165255", "correlationVector":"sqB0UXUI6qF83i1sOctU2t.3","action":"GetUpdates Response", "result":"Success", "context":Received 250 update(s). cV=sqB0UXUI6qF83i1sOctU2t.0;server=akswtt113000006;cloudType=Consumer;environment=Prod_westus2_prod-s01-035-nam-westus2;migrationStage=NotStarted Some updates remain.}
{"logTime": "0426/165255", "correlationVector":"egppSZZth9n61oHJu+G4jO","action":"Initial GetUpdates", "result":"", "context":Reason: NEWLY_SUPPORTED_DATATYPE. cV=egppSZZth9n61oHJu+G4jO}
{"logTime": "0426/165255", "correlationVector":"egppSZZth9n61oHJu+G4jO.1","action":"SyncServerConnectionManagerRequest", "result":"SYNC_SERVER_OK", "context":{"environment":"Prod_westus2_prod-s01-035-nam-westus2", "migrationStage":"NotStarted", "server":"akswtt11300000e"}}
{"logTime": "0426/165255", "correlationVector":"egppSZZth9n61oHJu+G4jO.2","action":"ProcessGetUpdates", "result":"Done", "context":{"dataType":"History", "deleted":"0", "process_failed_to_decrypt":"0", "process_pending_decryption":"0", "process_success":"250", "total":"250"}}
{"logTime": "0426/165255", "correlationVector":"egppSZZth9n61oHJu+G4jO.3","action":"GetUpdates Response", "result":"Success", "context":Received 250 update(s). cV=egppSZZth9n61oHJu+G4jO.0;server=akswtt11300000e;cloudType=Consumer;environment=Prod_westus2_prod-s01-035-nam-westus2;migrationStage=NotStarted Some updates remain.}
{"logTime": "0426/165255", "correlationVector":"HCTj5f1ly17RJmAsHa+HY/","action":"Initial GetUpdates", "result":"", "context":Reason: NEWLY_SUPPORTED_DATATYPE. cV=HCTj5f1ly17RJmAsHa+HY/}
{"logTime": "0426/165256", "correlationVector":"HCTj5f1ly17RJmAsHa+HY/.1","action":"SyncServerConnectionManagerRequest", "result":"SYNC_SERVER_OK", "context":{"environment":"Prod_westus2_prod-s01-035-nam-westus2", "migrationStage":"NotStarted", "server":"akswtt113000005"}}
{"logTime": "0426/165256", "correlationVector":"HCTj5f1ly17RJmAsHa+HY/.2","action":"ProcessGetUpdates", "result":"Done", "context":{"dataType":"History", "deleted":"0", "process_failed_to_decrypt":"0", "process_pending_decryption":"0", "process_success":"250", "total":"250"}}
{"logTime": "0426/165256", "correlationVector":"HCTj5f1ly17RJmAsHa+HY/.3","action":"GetUpdates Response", "result":"Success", "context":Received 250 update(s). cV=HCTj5f1ly17RJmAsHa+HY/.0;server=akswtt113000005;cloudType=Consumer;environment=Prod_westus2_prod-s01-035-nam-westus2;migrationStage=NotStarted Some updates remain.}
{"logTime": "0426/165256", "correlationVector":"RL09lUV75v+jO94QgtPFNJ","action":"Initial GetUpdates", "result":"", "context":Reason: NEWLY_SUPPORTED_DATATYPE. cV=RL09lUV75v+jO94QgtPFNJ}
{"logTime": "0426/165256", "correlationVector":"RL09lUV75v+jO94QgtPFNJ.1","action":"SyncServerConnectionManagerRequest", "result":"SYNC_SERVER_OK", "context":{"environment":"Prod_westus2_prod-s01-035-nam-westus2", "migrationStage":"NotStarted", "server":"akswtt11300000f"}}
{"logTime": "0426/165256", "correlationVector":"RL09lUV75v+jO94QgtPFNJ.2","action":"ProcessGetUpdates", "result":"Done", "context":{"dataType":"History", "deleted":"0", "process_failed_to_decrypt":"0", "process_pending_decryption":"0", "process_success":"250", "total":"250"}}
{"logTime": "0426/165256", "correlationVector":"RL09lUV75v+jO94QgtPFNJ.3","action":"GetUpdates Response", "result":"Success", "context":Received 250 update(s). cV=RL09lUV75v+jO94QgtPFNJ.0;server=akswtt11300000f;cloudType=Consumer;environment=Prod_westus2_prod-s01-035-nam-westus2;migrationStage=NotStarted Some updates remain.}
{"logTime": "0426/165256", "correlationVector":"Ym61kRYHDpkmd9bbpv0KEl","action":"Initial GetUpdates", "result":"", "context":Reason: NEWLY_SUPPORTED_DATATYPE. cV=Ym61kRYHDpkmd9bbpv0KEl}
{"logTime": "0426/165256", "correlationVector":"Ym61kRYHDpkmd9bbpv0KEl.1","action":"SyncServerConnectionManagerRequest", "result":"SYNC_SERVER_OK", "context":{"environment":"Prod_westus2_prod-s01-035-nam-westus2", "migrationStage":"NotStarted", "server":"akswtt11300000g"}}
{"logTime": "0426/165256", "correlationVector":"Ym61kRYHDpkmd9bbpv0KEl.2","action":"ProcessGetUpdates", "result":"Done", "context":{"dataType":"History", "deleted":"0", "process_failed_to_decrypt":"0", "process_pending_decryption":"0", "process_success":"250", "total":"250"}}
{"logTime": "0426/165256", "correlationVector":"Ym61kRYHDpkmd9bbpv0KEl.3","action":"GetUpdates Response", "result":"Success", "context":Received 250 update(s). cV=Ym61kRYHDpkmd9bbpv0KEl.0;server=akswtt11300000g;cloudType=Consumer;environment=Prod_westus2_prod-s01-035-nam-westus2;migrationStage=NotStarted Some updates remain.}
{"logTime": "0426/165256", "correlationVector":"Veq5+dZAdOOe2Yzgj6TkGJ","action":"Initial GetUpdates", "result":"", "context":Reason: NEWLY_SUPPORTED_DATATYPE. cV=Veq5+dZAdOOe2Yzgj6TkGJ}
{"logTime": "0426/165257", "correlationVector":"Veq5+dZAdOOe2Yzgj6TkGJ.1","action":"SyncServerConnectionManagerRequest", "result":"SYNC_SERVER_OK", "context":{"environment":"Prod_westus2_prod-s01-035-nam-westus2", "migrationStage":"NotStarted", "server":"akswtt113000006"}}
{"logTime": "0426/165257", "correlationVector":"Veq5+dZAdOOe2Yzgj6TkGJ.2","action":"ProcessGetUpdates", "result":"Done", "context":{"dataType":"History", "deleted":"0", "process_failed_to_decrypt":"0", "process_pending_decryption":"0", "process_success":"250", "total":"250"}}
{"logTime": "0426/165257", "correlationVector":"Veq5+dZAdOOe2Yzgj6TkGJ.3","action":"GetUpdates Response", "result":"Success", "context":Received 250 update(s). cV=Veq5+dZAdOOe2Yzgj6TkGJ.0;server=akswtt113000006;cloudType=Consumer;environment=Prod_westus2_prod-s01-035-nam-westus2;migrationStage=NotStarted Some updates remain.}
{"logTime": "0426/165257", "correlationVector":"ktjCqLnkJGfbjvyuluFhzM","action":"Initial GetUpdates", "result":"", "context":Reason: NEWLY_SUPPORTED_DATATYPE. cV=ktjCqLnkJGfbjvyuluFhzM}
{"logTime": "0426/165257", "correlationVector":"ktjCqLnkJGfbjvyuluFhzM.1","action":"SyncServerConnectionManagerRequest", "result":"SYNC_SERVER_OK", "context":{"environment":"Prod_westus2_prod-s01-035-nam-westus2", "migrationStage":"NotStarted", "server":"akswtt113000004"}}
{"logTime": "0426/165257", "correlationVector":"ktjCqLnkJGfbjvyuluFhzM.2","action":"ProcessGetUpdates", "result":"Done", "context":{"dataType":"History", "deleted":"0", "process_failed_to_decrypt":"0", "process_pending_decryption":"0", "process_success":"250", "total":"250"}}
{"logTime": "0426/165257", "correlationVector":"ktjCqLnkJGfbjvyuluFhzM.3","action":"GetUpdates Response", "result":"Success", "context":Received 250 update(s). cV=ktjCqLnkJGfbjvyuluFhzM.0;server=akswtt113000004;cloudType=Consumer;environment=Prod_westus2_prod-s01-035-nam-westus2;migrationStage=NotStarted Some updates remain.}
{"logTime": "0426/165257", "correlationVector":"H+e8cTxFGJ34T/3Pi2eP5d","action":"Initial GetUpdates", "result":"", "context":Reason: NEWLY_SUPPORTED_DATATYPE. cV=H+e8cTxFGJ34T/3Pi2eP5d}
{"logTime": "0426/165257", "correlationVector":"H+e8cTxFGJ34T/3Pi2eP5d.1","action":"SyncServerConnectionManagerRequest", "result":"SYNC_SERVER_OK", "context":{"environment":"Prod_westus2_prod-s01-035-nam-westus2", "migrationStage":"NotStarted", "server":"akswtt11300000g"}}
{"logTime": "0426/165257", "correlationVector":"H+e8cTxFGJ34T/3Pi2eP5d.2","action":"ProcessGetUpdates", "result":"Done", "context":{"dataType":"History", "deleted":"0", "process_failed_to_decrypt":"0", "process_pending_decryption":"0", "process_success":"250", "total":"250"}}
{"logTime": "0426/165257", "correlationVector":"H+e8cTxFGJ34T/3Pi2eP5d.3","action":"GetUpdates Response", "result":"Success", "context":Received 250 update(s). cV=H+e8cTxFGJ34T/3Pi2eP5d.0;server=akswtt11300000g;cloudType=Consumer;environment=Prod_westus2_prod-s01-035-nam-westus2;migrationStage=NotStarted Some updates remain.}
{"logTime": "0426/165257", "correlationVector":"wSw733s3gc+FK2ue15yVxm","action":"Initial GetUpdates", "result":"", "context":Reason: NEWLY_SUPPORTED_DATATYPE. cV=wSw733s3gc+FK2ue15yVxm}
{"logTime": "0426/165258", "correlationVector":"wSw733s3gc+FK2ue15yVxm.1","action":"SyncServerConnectionManagerRequest", "result":"SYNC_SERVER_OK", "context":{"environment":"Prod_westus2_prod-s01-035-nam-westus2", "migrationStage":"NotStarted", "server":"akswtt11300000e"}}
{"logTime": "0426/165258", "correlationVector":"wSw733s3gc+FK2ue15yVxm.2","action":"ProcessGetUpdates", "result":"Done", "context":{"dataType":"History", "deleted":"0", "process_failed_to_decrypt":"0", "process_pending_decryption":"0", "process_success":"188", "total":"188"}}
{"logTime": "0426/165258", "correlationVector":"wSw733s3gc+FK2ue15yVxm.3","action":"GetUpdates Response", "result":"Success", "context":Received 188 update(s). cV=wSw733s3gc+FK2ue15yVxm.0;server=akswtt11300000e;cloudType=Consumer;environment=Prod_westus2_prod-s01-035-nam-westus2;migrationStage=NotStarted}
{"logTime": "0426/165258", "correlationVector":"nAZZG+Yx4nBQNqcJNV/dSX","action":"Normal GetUpdate request", "result":"", "context":cV=nAZZG+Yx4nBQNqcJNV/dSX
Nudged types: Sessions, Device Info, User Consents, History
Refresh requested types: Bookmarks, Preferences, Passwords, Autofill Profiles, Autofill, Extensions, Sessions, Extension settings, History Delete Directives, Device Info, User Consents, Send Tab To Self, Web Apps, History, Saved Tab Group, WebAuthn Credentials, Collection, Edge E Drop, Edge Hub App Usage, Edge Wallet, Edge Workspace, Encryption Keys}
{"logTime": "0426/165258", "correlationVector":"nAZZG+Yx4nBQNqcJNV/dSX.1","action":"SyncServerConnectionManagerRequest", "result":"SYNC_SERVER_OK", "context":{"environment":"Prod_westus2_prod-s01-035-nam-westus2", "migrationStage":"NotStarted", "server":"akswtt11300000f"}}
{"logTime": "0426/165258", "correlationVector":"nAZZG+Yx4nBQNqcJNV/dSX.2","action":"GetUpdates Response", "result":"Success", "context":Received 0 update(s). cV=nAZZG+Yx4nBQNqcJNV/dSX.0;server=akswtt11300000f;cloudType=Consumer;environment=Prod_westus2_prod-s01-035-nam-westus2;migrationStage=NotStarted}
{"logTime": "0426/165258", "correlationVector":"Wozp4XjpJNPxD67OYQ95+l","action":"Commit Request", "result":"", "context":Item count: 9
Contributing types: Sessions, Device Info, User Consents, History}
{"logTime": "0426/165258", "correlationVector":"Wozp4XjpJNPxD67OYQ95+l.1","action":"SyncServerConnectionManagerRequest", "result":"SYNC_SERVER_OK", "context":{"environment":"Prod_westus2_prod-s01-035-nam-westus2", "migrationStage":"NotStarted", "server":"akswtt11300000e"}}
{"logTime": "0426/165258", "correlationVector":"Wozp4XjpJNPxD67OYQ95+l.2","action":"Commit Response", "result":"Success", "context":Result: Success. cV=Wozp4XjpJNPxD67OYQ95+l.0;server=akswtt11300000e;cloudType=Consumer;environment=Prod_westus2_prod-s01-035-nam-westus2;migrationStage=NotStarted}
{"logTime": "0426/165300", "correlationVector":"kqrleRG7mMYQIC04yR+DGN","action":"Normal GetUpdate request", "result":"", "context":cV=kqrleRG7mMYQIC04yR+DGN
Nudged types: Sessions, History
Notified types: History}
{"logTime": "0426/165300", "correlationVector":"kqrleRG7mMYQIC04yR+DGN.1","action":"SyncServerConnectionManagerRequest", "result":"SYNC_SERVER_OK", "context":{"environment":"Prod_westus2_prod-s01-035-nam-westus2", "migrationStage":"NotStarted", "server":"akswtt113000006"}}
{"logTime": "0426/165300", "correlationVector":"kqrleRG7mMYQIC04yR+DGN.2","action":"ProcessGetUpdates", "result":"Done", "context":{"dataType":"Sessions", "deleted":"0", "process_failed_to_decrypt":"0", "process_pending_decryption":"0", "process_success":"4", "total":"4"}}
{"logTime": "0426/165300", "correlationVector":"kqrleRG7mMYQIC04yR+DGN.3","action":"ProcessGetUpdates", "result":"Done", "context":{"dataType":"Device Info", "deleted":"0", "process_failed_to_decrypt":"0", "process_pending_decryption":"0", "process_success":"1", "total":"1"}}
{"logTime": "0426/165300", "correlationVector":"kqrleRG7mMYQIC04yR+DGN.4","action":"ProcessGetUpdates", "result":"Done", "context":{"dataType":"History", "deleted":"0", "process_failed_to_decrypt":"0", "process_pending_decryption":"0", "process_success":"6", "total":"6"}}
{"logTime": "0426/165300", "correlationVector":"kqrleRG7mMYQIC04yR+DGN.5","action":"GetUpdates Response", "result":"Success", "context":Received 11 update(s). cV=kqrleRG7mMYQIC04yR+DGN.0;server=akswtt113000006;cloudType=Consumer;environment=Prod_westus2_prod-s01-035-nam-westus2;migrationStage=NotStarted}
{"logTime": "0426/165300", "correlationVector":"VsbO2jI6Un+e6dv7FdUCRx","action":"DoCompareDataConsistency: ", "result":"has local changes and skip compare"}
{"logTime": "0426/165300", "correlationVector":"P546XQxz2/nEH7yaf3E7Yo","action":"Commit Request", "result":"", "context":Item count: 3
Contributing types: Sessions, History}
{"logTime": "0426/165300", "correlationVector":"P546XQxz2/nEH7yaf3E7Yo.1","action":"SyncServerConnectionManagerRequest", "result":"SYNC_SERVER_OK", "context":{"environment":"Prod_westus2_prod-s01-035-nam-westus2", "migrationStage":"NotStarted", "server":"akswtt11300000f"}}
{"logTime": "0426/165300", "correlationVector":"P546XQxz2/nEH7yaf3E7Yo.2","action":"Commit Response", "result":"Success", "context":Result: Success. cV=P546XQxz2/nEH7yaf3E7Yo.0;server=akswtt11300000f;cloudType=Consumer;environment=Prod_westus2_prod-s01-035-nam-westus2;migrationStage=NotStarted}
{"logTime": "0426/165347", "correlationVector":"RFA+j16q+vlNKObjUDl2PY","action":"Commit Request", "result":"", "context":Item count: 40
Contributing types: Passwords}
{"logTime": "0426/165349", "correlationVector":"RFA+j16q+vlNKObjUDl2PY.1","action":"SyncServerConnectionManagerRequest", "result":"SYNC_SERVER_OK", "context":{"environment":"Prod_westus2_prod-s01-035-nam-westus2", "migrationStage":"NotStarted", "server":"akswtt11300000l"}}
{"logTime": "0426/165349", "correlationVector":"RFA+j16q+vlNKObjUDl2PY.2","action":"Commit Response", "result":"Success", "context":Result: Success. cV=RFA+j16q+vlNKObjUDl2PY.0;server=akswtt11300000l;cloudType=Consumer;environment=Prod_westus2_prod-s01-035-nam-westus2;migrationStage=NotStarted}
{"logTime": "0426/165349", "correlationVector":"XLkpefgszyckUzceSBWbBC","action":"Commit Request", "result":"", "context":Item count: 28
Contributing types: Passwords, Sessions, History}
{"logTime": "0426/165350", "correlationVector":"XLkpefgszyckUzceSBWbBC.1","action":"SyncServerConnectionManagerRequest", "result":"SYNC_SERVER_OK", "context":{"environment":"Prod_westus2_prod-s01-035-nam-westus2", "migrationStage":"NotStarted", "server":"akswtt11300000q"}}
{"logTime": "0426/165350", "correlationVector":"XLkpefgszyckUzceSBWbBC.2","action":"Commit Response", "result":"Success", "context":Result: Success. cV=XLkpefgszyckUzceSBWbBC.0;server=akswtt11300000q;cloudType=Consumer;environment=Prod_westus2_prod-s01-035-nam-westus2;migrationStage=NotStarted}
{"logTime": "0426/165350", "correlationVector":"OHp1EVzRBhpj6+rGPjipv3","action":"Normal GetUpdate request", "result":"", "context":cV=OHp1EVzRBhpj6+rGPjipv3
Nudged types: Passwords, Sessions, History
Notified types: History}
{"logTime": "0426/165351", "correlationVector":"OHp1EVzRBhpj6+rGPjipv3.1","action":"SyncServerConnectionManagerRequest", "result":"SYNC_SERVER_OK", "context":{"environment":"Prod_westus2_prod-s01-035-nam-westus2", "migrationStage":"NotStarted", "server":"akswtt113000005"}}
{"logTime": "0426/165351", "correlationVector":"OHp1EVzRBhpj6+rGPjipv3.2","action":"ProcessGetUpdates", "result":"Done", "context":{"dataType":"Passwords", "deleted":"0", "process_failed_to_decrypt":"0", "process_pending_decryption":"0", "process_success":"51", "total":"51"}}
{"logTime": "0426/165351", "correlationVector":"OHp1EVzRBhpj6+rGPjipv3.3","action":"ProcessGetUpdates", "result":"Done", "context":{"dataType":"Sessions", "deleted":"0", "process_failed_to_decrypt":"0", "process_pending_decryption":"0", "process_success":"3", "total":"3"}}
{"logTime": "0426/165351", "correlationVector":"OHp1EVzRBhpj6+rGPjipv3.4","action":"ProcessGetUpdates", "result":"Done", "context":{"dataType":"History", "deleted":"0", "process_failed_to_decrypt":"0", "process_pending_decryption":"0", "process_success":"22", "total":"22"}}
{"logTime": "0426/165351", "correlationVector":"OHp1EVzRBhpj6+rGPjipv3.5","action":"GetUpdates Response", "result":"Success", "context":Received 76 update(s). cV=OHp1EVzRBhpj6+rGPjipv3.0;server=akswtt113000005;cloudType=Consumer;environment=Prod_westus2_prod-s01-035-nam-westus2;migrationStage=NotStarted}
{"logTime": "0426/165351", "correlationVector":"34C4rQb9nYPULqULUdqi8F","action":"Commit Request", "result":"", "context":Item count: 3
Contributing types: Sessions, History}
{"logTime": "0426/165351", "correlationVector":"34C4rQb9nYPULqULUdqi8F.1","action":"SyncServerConnectionManagerRequest", "result":"SYNC_SERVER_OK", "context":{"environment":"Prod_westus2_prod-s01-035-nam-westus2", "migrationStage":"NotStarted", "server":"akswtt11300000e"}}
{"logTime": "0426/165351", "correlationVector":"34C4rQb9nYPULqULUdqi8F.2","action":"Commit Response", "result":"Success", "context":Result: Success. cV=34C4rQb9nYPULqULUdqi8F.0;server=akswtt11300000e;cloudType=Consumer;environment=Prod_westus2_prod-s01-035-nam-westus2;migrationStage=NotStarted}
{"logTime": "0426/165351", "correlationVector":"/fnGUWsFGcJOBswS1yzUY+","action":"Normal GetUpdate request", "result":"", "context":cV=/fnGUWsFGcJOBswS1yzUY+
Nudged types: Sessions, History
Notified types: History}
{"logTime": "0426/165351", "correlationVector":"/fnGUWsFGcJOBswS1yzUY+.1","action":"SyncServerConnectionManagerRequest", "result":"SYNC_SERVER_OK", "context":{"environment":"Prod_westus2_prod-s01-035-nam-westus2", "migrationStage":"NotStarted", "server":"akswtt11300000e"}}
{"logTime": "0426/165351", "correlationVector":"/fnGUWsFGcJOBswS1yzUY+.2","action":"ProcessGetUpdates", "result":"Done", "context":{"dataType":"Sessions", "deleted":"0", "process_failed_to_decrypt":"0", "process_pending_decryption":"0", "process_success":"2", "total":"2"}}
{"logTime": "0426/165351", "correlationVector":"/fnGUWsFGcJOBswS1yzUY+.3","action":"ProcessGetUpdates", "result":"Done", "context":{"dataType":"History", "deleted":"0", "process_failed_to_decrypt":"0", "process_pending_decryption":"0", "process_success":"3", "total":"3"}}
{"logTime": "0426/165351", "correlationVector":"/fnGUWsFGcJOBswS1yzUY+.4","action":"GetUpdates Response", "result":"Success", "context":Received 5 update(s). cV=/fnGUWsFGcJOBswS1yzUY+.0;server=akswtt11300000e;cloudType=Consumer;environment=Prod_westus2_prod-s01-035-nam-westus2;migrationStage=NotStarted}
{"logTime": "0426/165452", "correlationVector":"wC+tOlcrSEZp+CvzIVlHX8","action":"Commit Request", "result":"", "context":Item count: 8
Contributing types: Sessions, History}
{"logTime": "0426/165453", "correlationVector":"wC+tOlcrSEZp+CvzIVlHX8.1","action":"SyncServerConnectionManagerRequest", "result":"SYNC_SERVER_OK", "context":{"environment":"Prod_westus2_prod-s01-035-nam-westus2", "migrationStage":"NotStarted", "server":"akswtt11300000e"}}
{"logTime": "0426/165453", "correlationVector":"wC+tOlcrSEZp+CvzIVlHX8.2","action":"Commit Response", "result":"Success", "context":Result: Success. cV=wC+tOlcrSEZp+CvzIVlHX8.0;server=akswtt11300000e;cloudType=Consumer;environment=Prod_westus2_prod-s01-035-nam-westus2;migrationStage=NotStarted}
