{"logTime": "0426/171838", "correlationVector":"URmu/yrHpM/YQopHvBBss1.1","action":"SyncServerConnectionManagerRequest", "result":"SYNC_SERVER_OK", "context":{"environment":"Prod_westus2_prod-s01-035-nam-westus2", "migrationStage":"NotStarted", "server":"akswtt113000009"}}
{"logTime": "0426/171838", "correlationVector":"URmu/yrHpM/YQopHvBBss1.2","action":"ProcessGetUpdates", "result":"Done", "context":{"dataType":"Encryption Keys", "deleted":"0", "process_failed_to_decrypt":"0", "process_pending_decryption":"0", "process_success":"1", "total":"1"}}
{"logTime": "0426/171838", "correlationVector":"T5K28HEGDu/BwZjIPxzALR","action":"SyncServerConnectionManagerRequest", "result":"SYNC_SERVER_OK", "context":{"environment":"", "migrationStage":"", "server":""}}
{"logTime": "0426/171838", "correlationVector":"T5K28HEGDu/BwZjIPxzALR.0","action":"EncryptionKeysFetcher.DownloadKeys:", "result":"Success", "context":Key count: 5, Last key timestamp: 2026-04-18T03:48:13Z}
{"logTime": "0426/171838", "correlationVector":"T5K28HEGDu/BwZjIPxzALR.1","action":"EncryptionKeysManager::SetEncryptionKeys:", "result":"Success", "context":Key names[5]:[lBLlivP0tL7DaZCLOxY0Ms4GCmsztTwaiZZnWuhIrvxf62WQbQQOrEOZFqDAc6XX8sNCG3UdMSQXoQPb7570QQ==][lVznK7+X4kMFXxOXBoPhpSbjH3WghWADowbo4a72vMU6iWo8i79nPTR5N+6F83VtFpBywxdhc0xV21a2Jm/A6g==][Rkjhz4tCaGQHbFM9iina6dfubiNJH3/8Nb0P3dtJ1SeLsFRspz/UbUDes0Q9ENkkHUncnfUvSXI6M+uJbc+N9w==][qNbI0n6v/hh0ojvUbrBt2zg5a/wjTFo4ReIKDxAcek9QLy5Lb4ncifiaiqLrQxn4dHE7159KCWd7txz5PXG7pA==][EQnJNat9nLGhQ3sWluAQbvJNaL11ABTMNp2x6WBZFViiXC6pyhYenoSQCzCxCCt+LnXbXP/vleqfYDQYpxNb5A==]}
{"logTime": "0426/171838", "correlationVector":"T5K28HEGDu/BwZjIPxzALR.2","action":"EncryptionKeysManager::SetEncryptionKeysWithTimestamps:", "result":"Success", "context":Key timestamps[5]:[2024-04-18T22:10:58Z][2024-10-16T20:23:03Z][2025-04-14T23:12:43Z][2025-10-14T00:38:14Z][2026-04-18T03:48:13Z]}
{"logTime": "0426/171838", "correlationVector":"URmu/yrHpM/YQopHvBBss1","action":"Initial GetUpdates", "result":"", "context":Reason: NEW_CLIENT. cV=URmu/yrHpM/YQopHvBBss1}
{"logTime": "0426/171838", "correlationVector":"URmu/yrHpM/YQopHvBBss1.3","action":"GetUpdates Response", "result":"Success", "context":Received 1 update(s). cV=URmu/yrHpM/YQopHvBBss1.0;server=akswtt113000009;cloudType=Consumer;environment=Prod_westus2_prod-s01-035-nam-westus2;migrationStage=NotStarted}
{"logTime": "0426/171838", "correlationVector":"xxPlbDa0ZBawEkPWTcCNyx","action":"Initial GetUpdates", "result":"", "context":Reason: NEWLY_SUPPORTED_DATATYPE. cV=xxPlbDa0ZBawEkPWTcCNyx}
{"logTime": "0426/171838", "correlationVector":"xxPlbDa0ZBawEkPWTcCNyx.1","action":"SyncServerConnectionManagerRequest", "result":"SYNC_SERVER_OK", "context":{"environment":"Prod_westus2_prod-s01-035-nam-westus2", "migrationStage":"NotStarted", "server":"akswtt11300000b"}}
{"logTime": "0426/171838", "correlationVector":"xxPlbDa0ZBawEkPWTcCNyx.2","action":"ProcessGetUpdates", "result":"Done", "context":{"dataType":"Preferences", "deleted":"0", "process_failed_to_decrypt":"0", "process_pending_decryption":"0", "process_success":"89", "total":"89"}}
{"logTime": "0426/171838", "correlationVector":"xxPlbDa0ZBawEkPWTcCNyx.3","action":"ProcessGetUpdates", "result":"Done", "context":{"dataType":"Passwords", "deleted":"0", "process_failed_to_decrypt":"0", "process_pending_decryption":"0", "process_success":"52", "total":"52"}}
{"logTime": "0426/171838", "correlationVector":"xxPlbDa0ZBawEkPWTcCNyx.4","action":"ProcessGetUpdates", "result":"Done", "context":{"dataType":"Device Info", "deleted":"0", "process_failed_to_decrypt":"0", "process_pending_decryption":"0", "process_success":"27", "total":"27"}}
{"logTime": "0426/171838", "correlationVector":"xxPlbDa0ZBawEkPWTcCNyx.5","action":"GetUpdates Response", "result":"Success", "context":Received 168 update(s). cV=xxPlbDa0ZBawEkPWTcCNyx.0;server=akswtt11300000b;cloudType=Consumer;environment=Prod_westus2_prod-s01-035-nam-westus2;migrationStage=NotStarted}
{"logTime": "0426/171838", "correlationVector":"BJxm7pohnjrnKJoQbRAHlz","action":"Initial GetUpdates", "result":"", "context":Reason: NEWLY_SUPPORTED_DATATYPE. cV=BJxm7pohnjrnKJoQbRAHlz}
{"logTime": "0426/171838", "correlationVector":"BJxm7pohnjrnKJoQbRAHlz.1","action":"SyncServerConnectionManagerRequest", "result":"SYNC_SERVER_OK", "context":{"environment":"Prod_westus2_prod-s01-035-nam-westus2", "migrationStage":"NotStarted", "server":"akswtt11300000t"}}
{"logTime": "0426/171838", "correlationVector":"BJxm7pohnjrnKJoQbRAHlz.2","action":"ProcessGetUpdates", "result":"Done", "context":{"dataType":"Bookmarks", "deleted":"1", "process_failed_to_decrypt":"0", "process_pending_decryption":"0", "process_success":"17", "total":"17"}}
{"logTime": "0426/171838", "correlationVector":"BJxm7pohnjrnKJoQbRAHlz.3","action":"GetUpdates Response", "result":"Success", "context":Received 17 update(s). cV=BJxm7pohnjrnKJoQbRAHlz.0;server=akswtt11300000t;cloudType=Consumer;environment=Prod_westus2_prod-s01-035-nam-westus2;migrationStage=NotStarted}
{"logTime": "0426/171838", "correlationVector":"ytxXfLKMp0BiXGbvDKb9QE","action":"Initial GetUpdates", "result":"", "context":Reason: NEWLY_SUPPORTED_DATATYPE. cV=ytxXfLKMp0BiXGbvDKb9QE}
{"logTime": "0426/171839", "correlationVector":"ytxXfLKMp0BiXGbvDKb9QE.1","action":"SyncServerConnectionManagerRequest", "result":"SYNC_SERVER_OK", "context":{"environment":"Prod_westus2_prod-s01-035-nam-westus2", "migrationStage":"NotStarted", "server":"akswtt11300000l"}}
{"logTime": "0426/171839", "correlationVector":"ytxXfLKMp0BiXGbvDKb9QE.2","action":"ProcessGetUpdates", "result":"Done", "context":{"dataType":"Autofill", "deleted":"0", "process_failed_to_decrypt":"0", "process_pending_decryption":"0", "process_success":"236", "total":"236"}}
{"logTime": "0426/171839", "correlationVector":"ytxXfLKMp0BiXGbvDKb9QE.3","action":"ProcessGetUpdates", "result":"Done", "context":{"dataType":"Sessions", "deleted":"14", "process_failed_to_decrypt":"0", "process_pending_decryption":"0", "process_success":"14", "total":"14"}}
{"logTime": "0426/171839", "correlationVector":"ytxXfLKMp0BiXGbvDKb9QE.4","action":"GetUpdates Response", "result":"Success", "context":Received 250 update(s). cV=ytxXfLKMp0BiXGbvDKb9QE.0;server=akswtt11300000l;cloudType=Consumer;environment=Prod_westus2_prod-s01-035-nam-westus2;migrationStage=NotStarted Some updates remain.}
{"logTime": "0426/171839", "correlationVector":"QMAqEOwNSHSpM3+lOLOgtz","action":"Initial GetUpdates", "result":"", "context":Reason: NEWLY_SUPPORTED_DATATYPE. cV=QMAqEOwNSHSpM3+lOLOgtz}
{"logTime": "0426/171839", "correlationVector":"QMAqEOwNSHSpM3+lOLOgtz.1","action":"SyncServerConnectionManagerRequest", "result":"SYNC_SERVER_OK", "context":{"environment":"Prod_westus2_prod-s01-035-nam-westus2", "migrationStage":"NotStarted", "server":"akswtt113000001"}}
{"logTime": "0426/171839", "correlationVector":"QMAqEOwNSHSpM3+lOLOgtz.2","action":"ProcessGetUpdates", "result":"Done", "context":{"dataType":"Sessions", "deleted":"248", "process_failed_to_decrypt":"0", "process_pending_decryption":"0", "process_success":"248", "total":"248"}}
{"logTime": "0426/171839", "correlationVector":"QMAqEOwNSHSpM3+lOLOgtz.3","action":"ProcessGetUpdates", "result":"Done", "context":{"dataType":"Edge Hub App Usage", "deleted":"1", "process_failed_to_decrypt":"0", "process_pending_decryption":"0", "process_success":"2", "total":"2"}}
{"logTime": "0426/171839", "correlationVector":"QMAqEOwNSHSpM3+lOLOgtz.4","action":"GetUpdates Response", "result":"Success", "context":Received 250 update(s). cV=QMAqEOwNSHSpM3+lOLOgtz.0;server=akswtt113000001;cloudType=Consumer;environment=Prod_westus2_prod-s01-035-nam-westus2;migrationStage=NotStarted Some updates remain.}
{"logTime": "0426/171839", "correlationVector":"Ma9ifVDL9uTWVPyXKKwq4e","action":"Initial GetUpdates", "result":"", "context":Reason: NEWLY_SUPPORTED_DATATYPE. cV=Ma9ifVDL9uTWVPyXKKwq4e}
{"logTime": "0426/171840", "correlationVector":"Ma9ifVDL9uTWVPyXKKwq4e.1","action":"SyncServerConnectionManagerRequest", "result":"SYNC_SERVER_OK", "context":{"environment":"Prod_westus2_prod-s01-035-nam-westus2", "migrationStage":"NotStarted", "server":"akswtt113000003"}}
{"logTime": "0426/171840", "correlationVector":"Ma9ifVDL9uTWVPyXKKwq4e.2","action":"ProcessGetUpdates", "result":"Done", "context":{"dataType":"Sessions", "deleted":"243", "process_failed_to_decrypt":"0", "process_pending_decryption":"0", "process_success":"243", "total":"243"}}
{"logTime": "0426/171840", "correlationVector":"Ma9ifVDL9uTWVPyXKKwq4e.3","action":"ProcessGetUpdates", "result":"Done", "context":{"dataType":"Saved Tab Group", "deleted":"0", "process_failed_to_decrypt":"0", "process_pending_decryption":"0", "process_success":"4", "total":"4"}}
{"logTime": "0426/171840", "correlationVector":"Ma9ifVDL9uTWVPyXKKwq4e.4","action":"ProcessGetUpdates", "result":"Done", "context":{"dataType":"Edge Hub App Usage", "deleted":"3", "process_failed_to_decrypt":"0", "process_pending_decryption":"0", "process_success":"3", "total":"3"}}
{"logTime": "0426/171840", "correlationVector":"Ma9ifVDL9uTWVPyXKKwq4e.5","action":"GetUpdates Response", "result":"Success", "context":Received 250 update(s). cV=Ma9ifVDL9uTWVPyXKKwq4e.0;server=akswtt113000003;cloudType=Consumer;environment=Prod_westus2_prod-s01-035-nam-westus2;migrationStage=NotStarted Some updates remain.}
{"logTime": "0426/171840", "correlationVector":"US+mZOx8ayGs/kwBqd5wgJ","action":"Initial GetUpdates", "result":"", "context":Reason: NEWLY_SUPPORTED_DATATYPE. cV=US+mZOx8ayGs/kwBqd5wgJ}
{"logTime": "0426/171840", "correlationVector":"US+mZOx8ayGs/kwBqd5wgJ.1","action":"SyncServerConnectionManagerRequest", "result":"SYNC_SERVER_OK", "context":{"environment":"Prod_westus2_prod-s01-035-nam-westus2", "migrationStage":"NotStarted", "server":"akswtt11300000p"}}
{"logTime": "0426/171840", "correlationVector":"US+mZOx8ayGs/kwBqd5wgJ.2","action":"ProcessGetUpdates", "result":"Done", "context":{"dataType":"Extensions", "deleted":"0", "process_failed_to_decrypt":"0", "process_pending_decryption":"0", "process_success":"1", "total":"1"}}
{"logTime": "0426/171840", "correlationVector":"US+mZOx8ayGs/kwBqd5wgJ.3","action":"ProcessGetUpdates", "result":"Done", "context":{"dataType":"Sessions", "deleted":"248", "process_failed_to_decrypt":"0", "process_pending_decryption":"0", "process_success":"248", "total":"248"}}
{"logTime": "0426/171840", "correlationVector":"US+mZOx8ayGs/kwBqd5wgJ.4","action":"ProcessGetUpdates", "result":"Done", "context":{"dataType":"Edge Hub App Usage", "deleted":"1", "process_failed_to_decrypt":"0", "process_pending_decryption":"0", "process_success":"1", "total":"1"}}
{"logTime": "0426/171840", "correlationVector":"US+mZOx8ayGs/kwBqd5wgJ.5","action":"GetUpdates Response", "result":"Success", "context":Received 250 update(s). cV=US+mZOx8ayGs/kwBqd5wgJ.0;server=akswtt11300000p;cloudType=Consumer;environment=Prod_westus2_prod-s01-035-nam-westus2;migrationStage=NotStarted Some updates remain.}
{"logTime": "0426/171840", "correlationVector":"bR6JJ49g29h7YOrjHJFgH1","action":"Initial GetUpdates", "result":"", "context":Reason: NEWLY_SUPPORTED_DATATYPE. cV=bR6JJ49g29h7YOrjHJFgH1}
{"logTime": "0426/171840", "correlationVector":"bR6JJ49g29h7YOrjHJFgH1.1","action":"SyncServerConnectionManagerRequest", "result":"SYNC_SERVER_OK", "context":{"environment":"Prod_westus2_prod-s01-035-nam-westus2", "migrationStage":"NotStarted", "server":"akswtt113000001"}}
{"logTime": "0426/171840", "correlationVector":"bR6JJ49g29h7YOrjHJFgH1.2","action":"ProcessGetUpdates", "result":"Done", "context":{"dataType":"Sessions", "deleted":"248", "process_failed_to_decrypt":"0", "process_pending_decryption":"0", "process_success":"248", "total":"248"}}
{"logTime": "0426/171840", "correlationVector":"bR6JJ49g29h7YOrjHJFgH1.3","action":"ProcessGetUpdates", "result":"Done", "context":{"dataType":"Edge Hub App Usage", "deleted":"1", "process_failed_to_decrypt":"0", "process_pending_decryption":"0", "process_success":"2", "total":"2"}}
{"logTime": "0426/171840", "correlationVector":"bR6JJ49g29h7YOrjHJFgH1.4","action":"GetUpdates Response", "result":"Success", "context":Received 250 update(s). cV=bR6JJ49g29h7YOrjHJFgH1.0;server=akswtt113000001;cloudType=Consumer;environment=Prod_westus2_prod-s01-035-nam-westus2;migrationStage=NotStarted Some updates remain.}
{"logTime": "0426/171840", "correlationVector":"rxLVSZ5n3O9AEjwf+nKJYu","action":"Initial GetUpdates", "result":"", "context":Reason: NEWLY_SUPPORTED_DATATYPE. cV=rxLVSZ5n3O9AEjwf+nKJYu}
{"logTime": "0426/171841", "correlationVector":"rxLVSZ5n3O9AEjwf+nKJYu.1","action":"SyncServerConnectionManagerRequest", "result":"SYNC_SERVER_OK", "context":{"environment":"Prod_westus2_prod-s01-035-nam-westus2", "migrationStage":"NotStarted", "server":"akswtt11300000i"}}
{"logTime": "0426/171841", "correlationVector":"rxLVSZ5n3O9AEjwf+nKJYu.2","action":"ProcessGetUpdates", "result":"Done", "context":{"dataType":"Autofill Profiles", "deleted":"0", "process_failed_to_decrypt":"0", "process_pending_decryption":"0", "process_success":"10", "total":"10"}}
{"logTime": "0426/171841", "correlationVector":"rxLVSZ5n3O9AEjwf+nKJYu.3","action":"ProcessGetUpdates", "result":"Done", "context":{"dataType":"Autofill", "deleted":"0", "process_failed_to_decrypt":"0", "process_pending_decryption":"0", "process_success":"231", "total":"231"}}
{"logTime": "0426/171841", "correlationVector":"rxLVSZ5n3O9AEjwf+nKJYu.4","action":"ProcessGetUpdates", "result":"Done", "context":{"dataType":"Sessions", "deleted":"9", "process_failed_to_decrypt":"0", "process_pending_decryption":"0", "process_success":"9", "total":"9"}}
{"logTime": "0426/171841", "correlationVector":"rxLVSZ5n3O9AEjwf+nKJYu.5","action":"GetUpdates Response", "result":"Success", "context":Received 250 update(s). cV=rxLVSZ5n3O9AEjwf+nKJYu.0;server=akswtt11300000i;cloudType=Consumer;environment=Prod_westus2_prod-s01-035-nam-westus2;migrationStage=NotStarted Some updates remain.}
{"logTime": "0426/171841", "correlationVector":"PfnrfBcd+DgmiWMmbkMWj6","action":"Initial GetUpdates", "result":"", "context":Reason: NEWLY_SUPPORTED_DATATYPE. cV=PfnrfBcd+DgmiWMmbkMWj6}
{"logTime": "0426/171841", "correlationVector":"PfnrfBcd+DgmiWMmbkMWj6.1","action":"SyncServerConnectionManagerRequest", "result":"SYNC_SERVER_OK", "context":{"environment":"Prod_westus2_prod-s01-035-nam-westus2", "migrationStage":"NotStarted", "server":"akswtt11300000e"}}
{"logTime": "0426/171841", "correlationVector":"PfnrfBcd+DgmiWMmbkMWj6.2","action":"ProcessGetUpdates", "result":"Done", "context":{"dataType":"Autofill Profiles", "deleted":"0", "process_failed_to_decrypt":"0", "process_pending_decryption":"0", "process_success":"1", "total":"1"}}
{"logTime": "0426/171841", "correlationVector":"PfnrfBcd+DgmiWMmbkMWj6.3","action":"ProcessGetUpdates", "result":"Done", "context":{"dataType":"Autofill", "deleted":"0", "process_failed_to_decrypt":"0", "process_pending_decryption":"0", "process_success":"234", "total":"234"}}
{"logTime": "0426/171841", "correlationVector":"PfnrfBcd+DgmiWMmbkMWj6.4","action":"ProcessGetUpdates", "result":"Done", "context":{"dataType":"Sessions", "deleted":"15", "process_failed_to_decrypt":"0", "process_pending_decryption":"0", "process_success":"15", "total":"15"}}
{"logTime": "0426/171841", "correlationVector":"PfnrfBcd+DgmiWMmbkMWj6.5","action":"GetUpdates Response", "result":"Success", "context":Received 250 update(s). cV=PfnrfBcd+DgmiWMmbkMWj6.0;server=akswtt11300000e;cloudType=Consumer;environment=Prod_westus2_prod-s01-035-nam-westus2;migrationStage=NotStarted Some updates remain.}
{"logTime": "0426/171841", "correlationVector":"AYd7uI+0RQyoGEj4XxlcEs","action":"Initial GetUpdates", "result":"", "context":Reason: NEWLY_SUPPORTED_DATATYPE. cV=AYd7uI+0RQyoGEj4XxlcEs}
{"logTime": "0426/171841", "correlationVector":"AYd7uI+0RQyoGEj4XxlcEs.1","action":"SyncServerConnectionManagerRequest", "result":"SYNC_SERVER_OK", "context":{"environment":"Prod_westus2_prod-s01-035-nam-westus2", "migrationStage":"NotStarted", "server":"akswtt11300000h"}}
{"logTime": "0426/171841", "correlationVector":"AYd7uI+0RQyoGEj4XxlcEs.2","action":"ProcessGetUpdates", "result":"Done", "context":{"dataType":"Autofill Profiles", "deleted":"0", "process_failed_to_decrypt":"0", "process_pending_decryption":"0", "process_success":"2", "total":"2"}}
{"logTime": "0426/171841", "correlationVector":"AYd7uI+0RQyoGEj4XxlcEs.3","action":"ProcessGetUpdates", "result":"Done", "context":{"dataType":"Autofill", "deleted":"0", "process_failed_to_decrypt":"0", "process_pending_decryption":"0", "process_success":"48", "total":"48"}}
{"logTime": "0426/171841", "correlationVector":"AYd7uI+0RQyoGEj4XxlcEs.4","action":"ProcessGetUpdates", "result":"Done", "context":{"dataType":"Extensions", "deleted":"0", "process_failed_to_decrypt":"0", "process_pending_decryption":"0", "process_success":"1", "total":"1"}}
{"logTime": "0426/171841", "correlationVector":"AYd7uI+0RQyoGEj4XxlcEs.5","action":"ProcessGetUpdates", "result":"Done", "context":{"dataType":"Sessions", "deleted":"175", "process_failed_to_decrypt":"0", "process_pending_decryption":"0", "process_success":"199", "total":"199"}}
{"logTime": "0426/171841", "correlationVector":"AYd7uI+0RQyoGEj4XxlcEs.6","action":"GetUpdates Response", "result":"Success", "context":Received 250 update(s). cV=AYd7uI+0RQyoGEj4XxlcEs.0;server=akswtt11300000h;cloudType=Consumer;environment=Prod_westus2_prod-s01-035-nam-westus2;migrationStage=NotStarted Some updates remain.}
{"logTime": "0426/171841", "correlationVector":"OOtL1dVVgZKUs+b0tJqkC+","action":"Initial GetUpdates", "result":"", "context":Reason: NEWLY_SUPPORTED_DATATYPE. cV=OOtL1dVVgZKUs+b0tJqkC+}
{"logTime": "0426/171842", "correlationVector":"OOtL1dVVgZKUs+b0tJqkC+.1","action":"SyncServerConnectionManagerRequest", "result":"SYNC_SERVER_OK", "context":{"environment":"Prod_westus2_prod-s01-035-nam-westus2", "migrationStage":"NotStarted", "server":"akswtt11300000j"}}
{"logTime": "0426/171842", "correlationVector":"OOtL1dVVgZKUs+b0tJqkC+.2","action":"ProcessGetUpdates", "result":"Done", "context":{"dataType":"Sessions", "deleted":"9", "process_failed_to_decrypt":"0", "process_pending_decryption":"0", "process_success":"69", "total":"69"}}
{"logTime": "0426/171842", "correlationVector":"OOtL1dVVgZKUs+b0tJqkC+.3","action":"GetUpdates Response", "result":"Success", "context":Received 69 update(s). cV=OOtL1dVVgZKUs+b0tJqkC+.0;server=akswtt11300000j;cloudType=Consumer;environment=Prod_westus2_prod-s01-035-nam-westus2;migrationStage=NotStarted}
{"logTime": "0426/171842", "correlationVector":"GYDcWYcFP9lzzxqmdiq5j1","action":"Initial GetUpdates", "result":"", "context":Reason: NEWLY_SUPPORTED_DATATYPE. cV=GYDcWYcFP9lzzxqmdiq5j1}
{"logTime": "0426/171842", "correlationVector":"GYDcWYcFP9lzzxqmdiq5j1.1","action":"SyncServerConnectionManagerRequest", "result":"SYNC_SERVER_OK", "context":{"environment":"Prod_westus2_prod-s01-035-nam-westus2", "migrationStage":"NotStarted", "server":"akswtt113000001"}}
{"logTime": "0426/171842", "correlationVector":"GYDcWYcFP9lzzxqmdiq5j1.2","action":"ProcessGetUpdates", "result":"Done", "context":{"dataType":"History", "deleted":"0", "process_failed_to_decrypt":"0", "process_pending_decryption":"0", "process_success":"250", "total":"250"}}
{"logTime": "0426/171842", "correlationVector":"GYDcWYcFP9lzzxqmdiq5j1.3","action":"GetUpdates Response", "result":"Success", "context":Received 250 update(s). cV=GYDcWYcFP9lzzxqmdiq5j1.0;server=akswtt113000001;cloudType=Consumer;environment=Prod_westus2_prod-s01-035-nam-westus2;migrationStage=NotStarted Some updates remain.}
{"logTime": "0426/171842", "correlationVector":"pBVDz68Eb60cneBW12yK7D","action":"Initial GetUpdates", "result":"", "context":Reason: NEWLY_SUPPORTED_DATATYPE. cV=pBVDz68Eb60cneBW12yK7D}
{"logTime": "0426/171842", "correlationVector":"pBVDz68Eb60cneBW12yK7D.1","action":"SyncServerConnectionManagerRequest", "result":"SYNC_SERVER_OK", "context":{"environment":"Prod_westus2_prod-s01-035-nam-westus2", "migrationStage":"NotStarted", "server":"akswtt113000003"}}
{"logTime": "0426/171842", "correlationVector":"pBVDz68Eb60cneBW12yK7D.2","action":"ProcessGetUpdates", "result":"Done", "context":{"dataType":"History", "deleted":"0", "process_failed_to_decrypt":"0", "process_pending_decryption":"0", "process_success":"250", "total":"250"}}
{"logTime": "0426/171842", "correlationVector":"pBVDz68Eb60cneBW12yK7D.3","action":"GetUpdates Response", "result":"Success", "context":Received 250 update(s). cV=pBVDz68Eb60cneBW12yK7D.0;server=akswtt113000003;cloudType=Consumer;environment=Prod_westus2_prod-s01-035-nam-westus2;migrationStage=NotStarted Some updates remain.}
{"logTime": "0426/171842", "correlationVector":"KpraEW5vmAOgyWQRYaHVbC","action":"Initial GetUpdates", "result":"", "context":Reason: NEWLY_SUPPORTED_DATATYPE. cV=KpraEW5vmAOgyWQRYaHVbC}
{"logTime": "0426/171843", "correlationVector":"KpraEW5vmAOgyWQRYaHVbC.1","action":"SyncServerConnectionManagerRequest", "result":"SYNC_SERVER_OK", "context":{"environment":"Prod_westus2_prod-s01-035-nam-westus2", "migrationStage":"NotStarted", "server":"akswtt113000001"}}
{"logTime": "0426/171843", "correlationVector":"KpraEW5vmAOgyWQRYaHVbC.2","action":"ProcessGetUpdates", "result":"Done", "context":{"dataType":"History", "deleted":"0", "process_failed_to_decrypt":"0", "process_pending_decryption":"0", "process_success":"250", "total":"250"}}
{"logTime": "0426/171843", "correlationVector":"KpraEW5vmAOgyWQRYaHVbC.3","action":"GetUpdates Response", "result":"Success", "context":Received 250 update(s). cV=KpraEW5vmAOgyWQRYaHVbC.0;server=akswtt113000001;cloudType=Consumer;environment=Prod_westus2_prod-s01-035-nam-westus2;migrationStage=NotStarted Some updates remain.}
{"logTime": "0426/171843", "correlationVector":"QZhtRPrAVNUaRbMf+tkYFH","action":"Initial GetUpdates", "result":"", "context":Reason: NEWLY_SUPPORTED_DATATYPE. cV=QZhtRPrAVNUaRbMf+tkYFH}
{"logTime": "0426/171843", "correlationVector":"QZhtRPrAVNUaRbMf+tkYFH.1","action":"SyncServerConnectionManagerRequest", "result":"SYNC_SERVER_OK", "context":{"environment":"Prod_westus2_prod-s01-035-nam-westus2", "migrationStage":"NotStarted", "server":"akswtt113000003"}}
{"logTime": "0426/171843", "correlationVector":"QZhtRPrAVNUaRbMf+tkYFH.2","action":"ProcessGetUpdates", "result":"Done", "context":{"dataType":"History", "deleted":"0", "process_failed_to_decrypt":"0", "process_pending_decryption":"0", "process_success":"250", "total":"250"}}
{"logTime": "0426/171843", "correlationVector":"QZhtRPrAVNUaRbMf+tkYFH.3","action":"GetUpdates Response", "result":"Success", "context":Received 250 update(s). cV=QZhtRPrAVNUaRbMf+tkYFH.0;server=akswtt113000003;cloudType=Consumer;environment=Prod_westus2_prod-s01-035-nam-westus2;migrationStage=NotStarted Some updates remain.}
{"logTime": "0426/171843", "correlationVector":"jlfNAeMeok53knixd243+e","action":"Initial GetUpdates", "result":"", "context":Reason: NEWLY_SUPPORTED_DATATYPE. cV=jlfNAeMeok53knixd243+e}
{"logTime": "0426/171844", "correlationVector":"jlfNAeMeok53knixd243+e.1","action":"SyncServerConnectionManagerRequest", "result":"SYNC_SERVER_OK", "context":{"environment":"Prod_westus2_prod-s01-035-nam-westus2", "migrationStage":"NotStarted", "server":"akswtt11300000j"}}
{"logTime": "0426/171844", "correlationVector":"jlfNAeMeok53knixd243+e.2","action":"ProcessGetUpdates", "result":"Done", "context":{"dataType":"History", "deleted":"0", "process_failed_to_decrypt":"0", "process_pending_decryption":"0", "process_success":"250", "total":"250"}}
{"logTime": "0426/171844", "correlationVector":"jlfNAeMeok53knixd243+e.3","action":"GetUpdates Response", "result":"Success", "context":Received 250 update(s). cV=jlfNAeMeok53knixd243+e.0;server=akswtt11300000j;cloudType=Consumer;environment=Prod_westus2_prod-s01-035-nam-westus2;migrationStage=NotStarted Some updates remain.}
{"logTime": "0426/171844", "correlationVector":"++bZ7WAAhOsgRJDZJYFFPZ","action":"Initial GetUpdates", "result":"", "context":Reason: NEWLY_SUPPORTED_DATATYPE. cV=++bZ7WAAhOsgRJDZJYFFPZ}
{"logTime": "0426/171844", "correlationVector":"++bZ7WAAhOsgRJDZJYFFPZ.1","action":"SyncServerConnectionManagerRequest", "result":"SYNC_SERVER_OK", "context":{"environment":"Prod_westus2_prod-s01-035-nam-westus2", "migrationStage":"NotStarted", "server":"akswtt11300000e"}}
{"logTime": "0426/171844", "correlationVector":"++bZ7WAAhOsgRJDZJYFFPZ.2","action":"ProcessGetUpdates", "result":"Done", "context":{"dataType":"History", "deleted":"0", "process_failed_to_decrypt":"0", "process_pending_decryption":"0", "process_success":"250", "total":"250"}}
{"logTime": "0426/171844", "correlationVector":"++bZ7WAAhOsgRJDZJYFFPZ.3","action":"GetUpdates Response", "result":"Success", "context":Received 250 update(s). cV=++bZ7WAAhOsgRJDZJYFFPZ.0;server=akswtt11300000e;cloudType=Consumer;environment=Prod_westus2_prod-s01-035-nam-westus2;migrationStage=NotStarted Some updates remain.}
{"logTime": "0426/171844", "correlationVector":"VBwOgesz4q2zrHzUzpJgrM","action":"Initial GetUpdates", "result":"", "context":Reason: NEWLY_SUPPORTED_DATATYPE. cV=VBwOgesz4q2zrHzUzpJgrM}
{"logTime": "0426/171844", "correlationVector":"VBwOgesz4q2zrHzUzpJgrM.1","action":"SyncServerConnectionManagerRequest", "result":"SYNC_SERVER_OK", "context":{"environment":"Prod_westus2_prod-s01-035-nam-westus2", "migrationStage":"NotStarted", "server":"akswtt113000007"}}
{"logTime": "0426/171844", "correlationVector":"VBwOgesz4q2zrHzUzpJgrM.2","action":"ProcessGetUpdates", "result":"Done", "context":{"dataType":"History", "deleted":"0", "process_failed_to_decrypt":"0", "process_pending_decryption":"0", "process_success":"250", "total":"250"}}
{"logTime": "0426/171844", "correlationVector":"VBwOgesz4q2zrHzUzpJgrM.3","action":"GetUpdates Response", "result":"Success", "context":Received 250 update(s). cV=VBwOgesz4q2zrHzUzpJgrM.0;server=akswtt113000007;cloudType=Consumer;environment=Prod_westus2_prod-s01-035-nam-westus2;migrationStage=NotStarted Some updates remain.}
{"logTime": "0426/171844", "correlationVector":"qv5yGyZA4OYHe/pkBilRw4","action":"Initial GetUpdates", "result":"", "context":Reason: NEWLY_SUPPORTED_DATATYPE. cV=qv5yGyZA4OYHe/pkBilRw4}
{"logTime": "0426/171845", "correlationVector":"qv5yGyZA4OYHe/pkBilRw4.1","action":"SyncServerConnectionManagerRequest", "result":"SYNC_SERVER_OK", "context":{"environment":"Prod_westus2_prod-s01-035-nam-westus2", "migrationStage":"NotStarted", "server":"akswtt113000003"}}
{"logTime": "0426/171845", "correlationVector":"qv5yGyZA4OYHe/pkBilRw4.2","action":"ProcessGetUpdates", "result":"Done", "context":{"dataType":"History", "deleted":"0", "process_failed_to_decrypt":"0", "process_pending_decryption":"0", "process_success":"250", "total":"250"}}
{"logTime": "0426/171845", "correlationVector":"qv5yGyZA4OYHe/pkBilRw4.3","action":"GetUpdates Response", "result":"Success", "context":Received 250 update(s). cV=qv5yGyZA4OYHe/pkBilRw4.0;server=akswtt113000003;cloudType=Consumer;environment=Prod_westus2_prod-s01-035-nam-westus2;migrationStage=NotStarted Some updates remain.}
{"logTime": "0426/171845", "correlationVector":"3a1ofPthLoo/T1WyXJUcbq","action":"Initial GetUpdates", "result":"", "context":Reason: NEWLY_SUPPORTED_DATATYPE. cV=3a1ofPthLoo/T1WyXJUcbq}
{"logTime": "0426/171845", "correlationVector":"3a1ofPthLoo/T1WyXJUcbq.1","action":"SyncServerConnectionManagerRequest", "result":"SYNC_SERVER_OK", "context":{"environment":"Prod_westus2_prod-s01-035-nam-westus2", "migrationStage":"NotStarted", "server":"akswtt11300000p"}}
{"logTime": "0426/171845", "correlationVector":"3a1ofPthLoo/T1WyXJUcbq.2","action":"ProcessGetUpdates", "result":"Done", "context":{"dataType":"History", "deleted":"0", "process_failed_to_decrypt":"0", "process_pending_decryption":"0", "process_success":"250", "total":"250"}}
{"logTime": "0426/171845", "correlationVector":"3a1ofPthLoo/T1WyXJUcbq.3","action":"GetUpdates Response", "result":"Success", "context":Received 250 update(s). cV=3a1ofPthLoo/T1WyXJUcbq.0;server=akswtt11300000p;cloudType=Consumer;environment=Prod_westus2_prod-s01-035-nam-westus2;migrationStage=NotStarted Some updates remain.}
{"logTime": "0426/171845", "correlationVector":"Gm8nH9gjvSK8J6T2/ilPd0","action":"Initial GetUpdates", "result":"", "context":Reason: NEWLY_SUPPORTED_DATATYPE. cV=Gm8nH9gjvSK8J6T2/ilPd0}
{"logTime": "0426/171846", "correlationVector":"Gm8nH9gjvSK8J6T2/ilPd0.1","action":"SyncServerConnectionManagerRequest", "result":"SYNC_SERVER_OK", "context":{"environment":"Prod_westus2_prod-s01-035-nam-westus2", "migrationStage":"NotStarted", "server":"akswtt11300000j"}}
{"logTime": "0426/171846", "correlationVector":"Gm8nH9gjvSK8J6T2/ilPd0.2","action":"ProcessGetUpdates", "result":"Done", "context":{"dataType":"History", "deleted":"0", "process_failed_to_decrypt":"0", "process_pending_decryption":"0", "process_success":"250", "total":"250"}}
{"logTime": "0426/171846", "correlationVector":"Gm8nH9gjvSK8J6T2/ilPd0.3","action":"GetUpdates Response", "result":"Success", "context":Received 250 update(s). cV=Gm8nH9gjvSK8J6T2/ilPd0.0;server=akswtt11300000j;cloudType=Consumer;environment=Prod_westus2_prod-s01-035-nam-westus2;migrationStage=NotStarted Some updates remain.}
{"logTime": "0426/171846", "correlationVector":"kd9ZBqCnk6GtnVg2/YW0a1","action":"Initial GetUpdates", "result":"", "context":Reason: NEWLY_SUPPORTED_DATATYPE. cV=kd9ZBqCnk6GtnVg2/YW0a1}
{"logTime": "0426/171846", "correlationVector":"kd9ZBqCnk6GtnVg2/YW0a1.1","action":"SyncServerConnectionManagerRequest", "result":"SYNC_SERVER_OK", "context":{"environment":"Prod_westus2_prod-s01-035-nam-westus2", "migrationStage":"NotStarted", "server":"akswtt11300000h"}}
{"logTime": "0426/171846", "correlationVector":"kd9ZBqCnk6GtnVg2/YW0a1.2","action":"ProcessGetUpdates", "result":"Done", "context":{"dataType":"History", "deleted":"0", "process_failed_to_decrypt":"0", "process_pending_decryption":"0", "process_success":"250", "total":"250"}}
{"logTime": "0426/171846", "correlationVector":"kd9ZBqCnk6GtnVg2/YW0a1.3","action":"GetUpdates Response", "result":"Success", "context":Received 250 update(s). cV=kd9ZBqCnk6GtnVg2/YW0a1.0;server=akswtt11300000h;cloudType=Consumer;environment=Prod_westus2_prod-s01-035-nam-westus2;migrationStage=NotStarted Some updates remain.}
{"logTime": "0426/171846", "correlationVector":"duv3TGsEKAXLvsEao7cNza","action":"Initial GetUpdates", "result":"", "context":Reason: NEWLY_SUPPORTED_DATATYPE. cV=duv3TGsEKAXLvsEao7cNza}
{"logTime": "0426/171846", "correlationVector":"duv3TGsEKAXLvsEao7cNza.1","action":"SyncServerConnectionManagerRequest", "result":"SYNC_SERVER_OK", "context":{"environment":"Prod_westus2_prod-s01-035-nam-westus2", "migrationStage":"NotStarted", "server":"akswtt113000003"}}
{"logTime": "0426/171846", "correlationVector":"duv3TGsEKAXLvsEao7cNza.2","action":"ProcessGetUpdates", "result":"Done", "context":{"dataType":"History", "deleted":"0", "process_failed_to_decrypt":"0", "process_pending_decryption":"0", "process_success":"250", "total":"250"}}
{"logTime": "0426/171846", "correlationVector":"duv3TGsEKAXLvsEao7cNza.3","action":"GetUpdates Response", "result":"Success", "context":Received 250 update(s). cV=duv3TGsEKAXLvsEao7cNza.0;server=akswtt113000003;cloudType=Consumer;environment=Prod_westus2_prod-s01-035-nam-westus2;migrationStage=NotStarted Some updates remain.}
{"logTime": "0426/171846", "correlationVector":"XiiRrt8HUabzmQj9FoRI7/","action":"Initial GetUpdates", "result":"", "context":Reason: NEWLY_SUPPORTED_DATATYPE. cV=XiiRrt8HUabzmQj9FoRI7/}
{"logTime": "0426/171847", "correlationVector":"XiiRrt8HUabzmQj9FoRI7/.1","action":"SyncServerConnectionManagerRequest", "result":"SYNC_SERVER_OK", "context":{"environment":"Prod_westus2_prod-s01-035-nam-westus2", "migrationStage":"NotStarted", "server":"akswtt11300000p"}}
{"logTime": "0426/171847", "correlationVector":"XiiRrt8HUabzmQj9FoRI7/.2","action":"ProcessGetUpdates", "result":"Done", "context":{"dataType":"History", "deleted":"0", "process_failed_to_decrypt":"0", "process_pending_decryption":"0", "process_success":"250", "total":"250"}}
{"logTime": "0426/171847", "correlationVector":"XiiRrt8HUabzmQj9FoRI7/.3","action":"GetUpdates Response", "result":"Success", "context":Received 250 update(s). cV=XiiRrt8HUabzmQj9FoRI7/.0;server=akswtt11300000p;cloudType=Consumer;environment=Prod_westus2_prod-s01-035-nam-westus2;migrationStage=NotStarted Some updates remain.}
{"logTime": "0426/171847", "correlationVector":"QeH2tP6unLV0D/E0xAvrud","action":"Initial GetUpdates", "result":"", "context":Reason: NEWLY_SUPPORTED_DATATYPE. cV=QeH2tP6unLV0D/E0xAvrud}
{"logTime": "0426/171847", "correlationVector":"QeH2tP6unLV0D/E0xAvrud.1","action":"SyncServerConnectionManagerRequest", "result":"SYNC_SERVER_OK", "context":{"environment":"Prod_westus2_prod-s01-035-nam-westus2", "migrationStage":"NotStarted", "server":"akswtt11300000e"}}
{"logTime": "0426/171847", "correlationVector":"QeH2tP6unLV0D/E0xAvrud.2","action":"ProcessGetUpdates", "result":"Done", "context":{"dataType":"History", "deleted":"0", "process_failed_to_decrypt":"0", "process_pending_decryption":"0", "process_success":"250", "total":"250"}}
{"logTime": "0426/171847", "correlationVector":"QeH2tP6unLV0D/E0xAvrud.3","action":"GetUpdates Response", "result":"Success", "context":Received 250 update(s). cV=QeH2tP6unLV0D/E0xAvrud.0;server=akswtt11300000e;cloudType=Consumer;environment=Prod_westus2_prod-s01-035-nam-westus2;migrationStage=NotStarted Some updates remain.}
{"logTime": "0426/171847", "correlationVector":"gEDMe4ysofH+oJGwwIpV/X","action":"Initial GetUpdates", "result":"", "context":Reason: NEWLY_SUPPORTED_DATATYPE. cV=gEDMe4ysofH+oJGwwIpV/X}
{"logTime": "0426/171847", "correlationVector":"gEDMe4ysofH+oJGwwIpV/X.1","action":"SyncServerConnectionManagerRequest", "result":"SYNC_SERVER_OK", "context":{"environment":"Prod_westus2_prod-s01-035-nam-westus2", "migrationStage":"NotStarted", "server":"akswtt11300000j"}}
{"logTime": "0426/171847", "correlationVector":"gEDMe4ysofH+oJGwwIpV/X.2","action":"ProcessGetUpdates", "result":"Done", "context":{"dataType":"History", "deleted":"0", "process_failed_to_decrypt":"0", "process_pending_decryption":"0", "process_success":"56", "total":"56"}}
{"logTime": "0426/171847", "correlationVector":"gEDMe4ysofH+oJGwwIpV/X.3","action":"GetUpdates Response", "result":"Success", "context":Received 56 update(s). cV=gEDMe4ysofH+oJGwwIpV/X.0;server=akswtt11300000j;cloudType=Consumer;environment=Prod_westus2_prod-s01-035-nam-westus2;migrationStage=NotStarted}
{"logTime": "0426/171847", "correlationVector":"LicopYr85DEvBfYoGky4x+","action":"Normal GetUpdate request", "result":"", "context":cV=LicopYr85DEvBfYoGky4x+
Nudged types: Sessions, Device Info, User Consents, History
Refresh requested types: Bookmarks, Preferences, Passwords, Autofill Profiles, Autofill, Extensions, Sessions, Extension settings, History Delete Directives, Device Info, User Consents, Send Tab To Self, Web Apps, History, Saved Tab Group, WebAuthn Credentials, Collection, Edge E Drop, Edge Hub App Usage, Edge Wallet, Edge Workspace, Encryption Keys}
{"logTime": "0426/171847", "correlationVector":"LicopYr85DEvBfYoGky4x+.1","action":"SyncServerConnectionManagerRequest", "result":"SYNC_SERVER_OK", "context":{"environment":"Prod_westus2_prod-s01-035-nam-westus2", "migrationStage":"NotStarted", "server":"akswtt11300000p"}}
{"logTime": "0426/171847", "correlationVector":"LicopYr85DEvBfYoGky4x+.2","action":"GetUpdates Response", "result":"Success", "context":Received 0 update(s). cV=LicopYr85DEvBfYoGky4x+.0;server=akswtt11300000p;cloudType=Consumer;environment=Prod_westus2_prod-s01-035-nam-westus2;migrationStage=NotStarted}
{"logTime": "0426/171847", "correlationVector":"mDTcS9b3a8IjoqaGUsAALN","action":"Commit Request", "result":"", "context":Item count: 9
Contributing types: Sessions, Device Info, User Consents, History}
{"logTime": "0426/171848", "correlationVector":"mDTcS9b3a8IjoqaGUsAALN.1","action":"SyncServerConnectionManagerRequest", "result":"SYNC_SERVER_OK", "context":{"environment":"Prod_westus2_prod-s01-035-nam-westus2", "migrationStage":"NotStarted", "server":"akswtt113000000"}}
{"logTime": "0426/171848", "correlationVector":"mDTcS9b3a8IjoqaGUsAALN.2","action":"Commit Response", "result":"Success", "context":Result: Success. cV=mDTcS9b3a8IjoqaGUsAALN.0;server=akswtt113000000;cloudType=Consumer;environment=Prod_westus2_prod-s01-035-nam-westus2;migrationStage=NotStarted}
{"logTime": "0426/171848", "correlationVector":"Kgne99nUXgTBr/NtDA0T9V","action":"Commit Request", "result":"", "context":Item count: 3
Contributing types: Sessions, History}
{"logTime": "0426/171849", "correlationVector":"Kgne99nUXgTBr/NtDA0T9V.1","action":"SyncServerConnectionManagerRequest", "result":"SYNC_SERVER_OK", "context":{"environment":"Prod_westus2_prod-s01-035-nam-westus2", "migrationStage":"NotStarted", "server":"akswtt113000007"}}
{"logTime": "0426/171849", "correlationVector":"Kgne99nUXgTBr/NtDA0T9V.2","action":"Commit Response", "result":"Success", "context":Result: Success. cV=Kgne99nUXgTBr/NtDA0T9V.0;server=akswtt113000007;cloudType=Consumer;environment=Prod_westus2_prod-s01-035-nam-westus2;migrationStage=NotStarted}
{"logTime": "0426/171849", "correlationVector":"VtgHOjp7vX6/wpE5u2zw7M","action":"Normal GetUpdate request", "result":"", "context":cV=VtgHOjp7vX6/wpE5u2zw7M
Notified types: History}
{"logTime": "0426/171849", "correlationVector":"VtgHOjp7vX6/wpE5u2zw7M.1","action":"SyncServerConnectionManagerRequest", "result":"SYNC_SERVER_OK", "context":{"environment":"Prod_westus2_prod-s01-035-nam-westus2", "migrationStage":"NotStarted", "server":"akswtt11300000j"}}
{"logTime": "0426/171849", "correlationVector":"VtgHOjp7vX6/wpE5u2zw7M.2","action":"ProcessGetUpdates", "result":"Done", "context":{"dataType":"Sessions", "deleted":"0", "process_failed_to_decrypt":"0", "process_pending_decryption":"0", "process_success":"4", "total":"4"}}
{"logTime": "0426/171849", "correlationVector":"VtgHOjp7vX6/wpE5u2zw7M.3","action":"ProcessGetUpdates", "result":"Done", "context":{"dataType":"Device Info", "deleted":"0", "process_failed_to_decrypt":"0", "process_pending_decryption":"0", "process_success":"1", "total":"1"}}
{"logTime": "0426/171849", "correlationVector":"VtgHOjp7vX6/wpE5u2zw7M.4","action":"ProcessGetUpdates", "result":"Done", "context":{"dataType":"History", "deleted":"0", "process_failed_to_decrypt":"0", "process_pending_decryption":"0", "process_success":"8", "total":"8"}}
{"logTime": "0426/171849", "correlationVector":"VtgHOjp7vX6/wpE5u2zw7M.5","action":"GetUpdates Response", "result":"Success", "context":Received 13 update(s). cV=VtgHOjp7vX6/wpE5u2zw7M.0;server=akswtt11300000j;cloudType=Consumer;environment=Prod_westus2_prod-s01-035-nam-westus2;migrationStage=NotStarted}
{"logTime": "0426/171849", "correlationVector":"Mok8niRdWNx81yIt90JvX4","action":"DoCompareDataConsistency requsted types: ", "result":"Bookmarks, Preferences, Passwords, Extensions, Extension settings, History Delete Directives, Send Tab To Self, Web Apps, History, Saved Tab Group, WebAuthn Credentials, Collection, Edge E Drop, Edge Wallet, Edge Workspace, Encryption Keys"}
{"logTime": "0426/171849", "correlationVector":"Mok8niRdWNx81yIt90JvX4.0","action":"CompareDataConsistency result: ", "result":"Compare result: Encryption Keys is consistent. local entities count is: 1 local entities hash is: mnXhMM6uWcTDhSXh+l/E9Dko8pQ="}
{"logTime": "0426/171849", "correlationVector":"Mok8niRdWNx81yIt90JvX4.1","action":"CompareDataConsistency result: ", "result":"Compare result: Bookmarks is consistent. local entities count is: 10 local entities hash is: dRIJ8LTqVVfWU0uUl/z6w63RNiE="}
{"logTime": "0426/171849", "correlationVector":"Mok8niRdWNx81yIt90JvX4.2","action":"CompareDataConsistency result: ", "result":"Compare result: Preferences is consistent. local entities count is: 89 local entities hash is: oz+MN+DO6JZ0HxdicAXoXN7zibA="}
{"logTime": "0426/171849", "correlationVector":"Mok8niRdWNx81yIt90JvX4.3","action":"CompareDataConsistency result: ", "result":"Compare result: Extensions is consistent. local entities count is: 2 local entities hash is: lJF09PksAwK+l2NzLIAVbQptmSg="}
{"logTime": "0426/171849", "correlationVector":"Mok8niRdWNx81yIt90JvX4.4","action":"CompareDataConsistency result: ", "result":"Compare result: Extension settings is consistent. local entities count is: 0 local entities hash is: "}
{"logTime": "0426/171849", "correlationVector":"Mok8niRdWNx81yIt90JvX4.5","action":"CompareDataConsistency result: ", "result":"Compare result: History Delete Directives is consistent. local entities count is: 0 local entities hash is: "}
{"logTime": "0426/171849", "correlationVector":"Mok8niRdWNx81yIt90JvX4.6","action":"CompareDataConsistency result: ", "result":"Server did not send this Send Tab To Self local entities count is: 0 local entities hash is: "}
{"logTime": "0426/171849", "correlationVector":"Mok8niRdWNx81yIt90JvX4.7","action":"CompareDataConsistency result: ", "result":"Compare result: Web Apps is consistent. local entities count is: 0 local entities hash is: "}
{"logTime": "0426/171849", "correlationVector":"Mok8niRdWNx81yIt90JvX4.8","action":"CompareDataConsistency result: ", "result":"Server did not send this History local entities count is: 0 local entities hash is: "}
{"logTime": "0426/171849", "correlationVector":"Mok8niRdWNx81yIt90JvX4.9","action":"CompareDataConsistency result: ", "result":"Compare result: Saved Tab Group is consistent. local entities count is: 4 local entities hash is: +GFk7KIWm5+J1ieLQgUiX21jXXI="}
{"logTime": "0426/171849", "correlationVector":"Mok8niRdWNx81yIt90JvX4.10","action":"CompareDataConsistency result: ", "result":"Server did not send this WebAuthn Credentials local entities count is: 0 local entities hash is: "}
{"logTime": "0426/171849", "correlationVector":"Mok8niRdWNx81yIt90JvX4.11","action":"CompareDataConsistency result: ", "result":"Compare result: Collection is consistent. local entities count is: 0 local entities hash is: "}
{"logTime": "0426/171849", "correlationVector":"Mok8niRdWNx81yIt90JvX4.12","action":"CompareDataConsistency result: ", "result":"Compare result: Edge E Drop is consistent. local entities count is: 0 local entities hash is: "}
{"logTime": "0426/171849", "correlationVector":"Mok8niRdWNx81yIt90JvX4.13","action":"CompareDataConsistency result: ", "result":"Compare result: Edge Wallet is consistent. local entities count is: 0 local entities hash is: "}
{"logTime": "0426/171849", "correlationVector":"Mok8niRdWNx81yIt90JvX4.14","action":"CompareDataConsistency result: ", "result":"Server did not send this Edge Workspace local entities count is: 0 local entities hash is: "}
{"logTime": "0426/171849", "correlationVector":"Mok8niRdWNx81yIt90JvX4.15","action":"CompareDataConsistency result: ", "result":"Compare result: Passwords is consistent. local entities count is: 52 local entities hash is: tC24gCTsvtKZ+bvYXyuziN6dT7U="}
{"logTime": "0426/171850", "correlationVector":"","action":"DIAGNOSTIC_REQUEST|v1/diagnosticData/Diagnostic.SendCheckResult()|SUCCESS", "result":""}
{"logTime": "0426/171936", "correlationVector":"YfUrR2ag3EZVtZwsL3OXf1","action":"Commit Request", "result":"", "context":Item count: 40
Contributing types: Passwords}
{"logTime": "0426/171938", "correlationVector":"YfUrR2ag3EZVtZwsL3OXf1.1","action":"SyncServerConnectionManagerRequest", "result":"SYNC_SERVER_OK", "context":{"environment":"Prod_westus2_prod-s01-035-nam-westus2", "migrationStage":"NotStarted", "server":"akswtt11300000j"}}
{"logTime": "0426/171938", "correlationVector":"YfUrR2ag3EZVtZwsL3OXf1.2","action":"Commit Response", "result":"Success", "context":Result: Success. cV=YfUrR2ag3EZVtZwsL3OXf1.0;server=akswtt11300000j;cloudType=Consumer;environment=Prod_westus2_prod-s01-035-nam-westus2;migrationStage=NotStarted}
{"logTime": "0426/171938", "correlationVector":"cz3OWf9sIQUu3/LMWlQIC1","action":"Commit Request", "result":"", "context":Item count: 15
Contributing types: Passwords, Sessions, History}
{"logTime": "0426/171938", "correlationVector":"cz3OWf9sIQUu3/LMWlQIC1.1","action":"SyncServerConnectionManagerRequest", "result":"SYNC_SERVER_OK", "context":{"environment":"Prod_westus2_prod-s01-035-nam-westus2", "migrationStage":"NotStarted", "server":"akswtt113000000"}}
{"logTime": "0426/171938", "correlationVector":"cz3OWf9sIQUu3/LMWlQIC1.2","action":"Commit Response", "result":"Success", "context":Result: Success. cV=cz3OWf9sIQUu3/LMWlQIC1.0;server=akswtt113000000;cloudType=Consumer;environment=Prod_westus2_prod-s01-035-nam-westus2;migrationStage=NotStarted}
{"logTime": "0426/171939", "correlationVector":"WsGAlXrcBJgtFZFnCT6jH3","action":"Normal GetUpdate request", "result":"", "context":cV=WsGAlXrcBJgtFZFnCT6jH3
Nudged types: Sessions, History
Notified types: History}
{"logTime": "0426/171939", "correlationVector":"WsGAlXrcBJgtFZFnCT6jH3.1","action":"SyncServerConnectionManagerRequest", "result":"SYNC_SERVER_OK", "context":{"environment":"Prod_westus2_prod-s01-035-nam-westus2", "migrationStage":"NotStarted", "server":"akswtt11300000p"}}
{"logTime": "0426/171939", "correlationVector":"WsGAlXrcBJgtFZFnCT6jH3.2","action":"ProcessGetUpdates", "result":"Done", "context":{"dataType":"Passwords", "deleted":"0", "process_failed_to_decrypt":"0", "process_pending_decryption":"0", "process_success":"51", "total":"51"}}
{"logTime": "0426/171939", "correlationVector":"WsGAlXrcBJgtFZFnCT6jH3.3","action":"ProcessGetUpdates", "result":"Done", "context":{"dataType":"Sessions", "deleted":"0", "process_failed_to_decrypt":"0", "process_pending_decryption":"0", "process_success":"2", "total":"2"}}
{"logTime": "0426/171939", "correlationVector":"WsGAlXrcBJgtFZFnCT6jH3.4","action":"ProcessGetUpdates", "result":"Done", "context":{"dataType":"History", "deleted":"0", "process_failed_to_decrypt":"0", "process_pending_decryption":"0", "process_success":"6", "total":"6"}}
{"logTime": "0426/171939", "correlationVector":"WsGAlXrcBJgtFZFnCT6jH3.5","action":"GetUpdates Response", "result":"Success", "context":Received 59 update(s). cV=WsGAlXrcBJgtFZFnCT6jH3.0;server=akswtt11300000p;cloudType=Consumer;environment=Prod_westus2_prod-s01-035-nam-westus2;migrationStage=NotStarted}
{"logTime": "0426/171939", "correlationVector":"5hG44ItCtFfD5QZi1nXKP+","action":"Commit Request", "result":"", "context":Item count: 3
Contributing types: Sessions, History}
{"logTime": "0426/171939", "correlationVector":"5hG44ItCtFfD5QZi1nXKP+.1","action":"SyncServerConnectionManagerRequest", "result":"SYNC_SERVER_OK", "context":{"environment":"Prod_westus2_prod-s01-035-nam-westus2", "migrationStage":"NotStarted", "server":"akswtt113000003"}}
{"logTime": "0426/171939", "correlationVector":"5hG44ItCtFfD5QZi1nXKP+.2","action":"Commit Response", "result":"Success", "context":Result: Success. cV=5hG44ItCtFfD5QZi1nXKP+.0;server=akswtt113000003;cloudType=Consumer;environment=Prod_westus2_prod-s01-035-nam-westus2;migrationStage=NotStarted}
{"logTime": "0426/172039", "correlationVector":"bX8Eegj7DQJc6KYItjXGfI","action":"Commit Request", "result":"", "context":Item count: 6
Contributing types: Sessions, History}
{"logTime": "0426/172040", "correlationVector":"bX8Eegj7DQJc6KYItjXGfI.1","action":"SyncServerConnectionManagerRequest", "result":"SYNC_SERVER_OK", "context":{"environment":"Prod_westus2_prod-s01-035-nam-westus2", "migrationStage":"NotStarted", "server":"akswtt11300000h"}}
{"logTime": "0426/172040", "correlationVector":"bX8Eegj7DQJc6KYItjXGfI.2","action":"Commit Response", "result":"Success", "context":Result: Success. cV=bX8Eegj7DQJc6KYItjXGfI.0;server=akswtt11300000h;cloudType=Consumer;environment=Prod_westus2_prod-s01-035-nam-westus2;migrationStage=NotStarted}
{"logTime": "0426/172041", "correlationVector":"9TvnCnk3u6y/BHYCFJbYLv","action":"Normal GetUpdate request", "result":"", "context":cV=9TvnCnk3u6y/BHYCFJbYLv
Nudged types: Sessions, History
Notified types: History}
{"logTime": "0426/172041", "correlationVector":"9TvnCnk3u6y/BHYCFJbYLv.1","action":"SyncServerConnectionManagerRequest", "result":"SYNC_SERVER_OK", "context":{"environment":"Prod_westus2_prod-s01-035-nam-westus2", "migrationStage":"NotStarted", "server":"akswtt113000007"}}
{"logTime": "0426/172041", "correlationVector":"9TvnCnk3u6y/BHYCFJbYLv.2","action":"ProcessGetUpdates", "result":"Done", "context":{"dataType":"Sessions", "deleted":"0", "process_failed_to_decrypt":"0", "process_pending_decryption":"0", "process_success":"2", "total":"2"}}
{"logTime": "0426/172041", "correlationVector":"9TvnCnk3u6y/BHYCFJbYLv.3","action":"ProcessGetUpdates", "result":"Done", "context":{"dataType":"History", "deleted":"0", "process_failed_to_decrypt":"0", "process_pending_decryption":"0", "process_success":"9", "total":"9"}}
{"logTime": "0426/172041", "correlationVector":"9TvnCnk3u6y/BHYCFJbYLv.4","action":"GetUpdates Response", "result":"Success", "context":Received 11 update(s). cV=9TvnCnk3u6y/BHYCFJbYLv.0;server=akswtt113000007;cloudType=Consumer;environment=Prod_westus2_prod-s01-035-nam-westus2;migrationStage=NotStarted}
{"logTime": "0426/172041", "correlationVector":"JzOxS6HxHHKPUX/kepGx/F","action":"Commit Request", "result":"", "context":Item count: 3
Contributing types: Sessions, History}
{"logTime": "0426/172042", "correlationVector":"JzOxS6HxHHKPUX/kepGx/F.1","action":"SyncServerConnectionManagerRequest", "result":"SYNC_SERVER_OK", "context":{"environment":"Prod_westus2_prod-s01-035-nam-westus2", "migrationStage":"NotStarted", "server":"akswtt11300000p"}}
{"logTime": "0426/172042", "correlationVector":"JzOxS6HxHHKPUX/kepGx/F.2","action":"Commit Response", "result":"Success", "context":Result: Success. cV=JzOxS6HxHHKPUX/kepGx/F.0;server=akswtt11300000p;cloudType=Consumer;environment=Prod_westus2_prod-s01-035-nam-westus2;migrationStage=NotStarted}
{"logTime": "0426/172142", "correlationVector":"pHpVJehRT+9rQxTREAqFJ4","action":"Commit Request", "result":"", "context":Item count: 16
Contributing types: Sessions, History}
{"logTime": "0426/172143", "correlationVector":"pHpVJehRT+9rQxTREAqFJ4.1","action":"SyncServerConnectionManagerRequest", "result":"SYNC_SERVER_OK", "context":{"environment":"Prod_westus2_prod-s01-035-nam-westus2", "migrationStage":"NotStarted", "server":"akswtt113000007"}}
{"logTime": "0426/172143", "correlationVector":"pHpVJehRT+9rQxTREAqFJ4.2","action":"Commit Response", "result":"Success", "context":Result: Success. cV=pHpVJehRT+9rQxTREAqFJ4.0;server=akswtt113000007;cloudType=Consumer;environment=Prod_westus2_prod-s01-035-nam-westus2;migrationStage=NotStarted}
