{"logTime": "0426/152005", "correlationVector":"uYznfGC4y+jXhwq3CJDEtZ.1","action":"SyncServerConnectionManagerRequest", "result":"SYNC_SERVER_OK", "context":{"environment":"Prod_westus2_prod-s01-035-nam-westus2", "migrationStage":"NotStarted", "server":"akswtt11300000f"}}
{"logTime": "0426/152005", "correlationVector":"uYznfGC4y+jXhwq3CJDEtZ.2","action":"ProcessGetUpdates", "result":"Done", "context":{"dataType":"Encryption Keys", "deleted":"0", "process_failed_to_decrypt":"0", "process_pending_decryption":"0", "process_success":"1", "total":"1"}}
{"logTime": "0426/152006", "correlationVector":"xz+AIddvGCwzG0V20tbxUk","action":"SyncServerConnectionManagerRequest", "result":"SYNC_SERVER_OK", "context":{"environment":"", "migrationStage":"", "server":""}}
{"logTime": "0426/152006", "correlationVector":"xz+AIddvGCwzG0V20tbxUk.0","action":"EncryptionKeysFetcher.DownloadKeys:", "result":"Success", "context":Key count: 5, Last key timestamp: 2026-04-18T03:48:13Z}
{"logTime": "0426/152006", "correlationVector":"xz+AIddvGCwzG0V20tbxUk.1","action":"EncryptionKeysManager::SetEncryptionKeys:", "result":"Success", "context":Key names[5]:[lBLlivP0tL7DaZCLOxY0Ms4GCmsztTwaiZZnWuhIrvxf62WQbQQOrEOZFqDAc6XX8sNCG3UdMSQXoQPb7570QQ==][lVznK7+X4kMFXxOXBoPhpSbjH3WghWADowbo4a72vMU6iWo8i79nPTR5N+6F83VtFpBywxdhc0xV21a2Jm/A6g==][Rkjhz4tCaGQHbFM9iina6dfubiNJH3/8Nb0P3dtJ1SeLsFRspz/UbUDes0Q9ENkkHUncnfUvSXI6M+uJbc+N9w==][qNbI0n6v/hh0ojvUbrBt2zg5a/wjTFo4ReIKDxAcek9QLy5Lb4ncifiaiqLrQxn4dHE7159KCWd7txz5PXG7pA==][EQnJNat9nLGhQ3sWluAQbvJNaL11ABTMNp2x6WBZFViiXC6pyhYenoSQCzCxCCt+LnXbXP/vleqfYDQYpxNb5A==]}
{"logTime": "0426/152006", "correlationVector":"xz+AIddvGCwzG0V20tbxUk.2","action":"EncryptionKeysManager::SetEncryptionKeysWithTimestamps:", "result":"Success", "context":Key timestamps[5]:[2024-04-18T22:10:58Z][2024-10-16T20:23:03Z][2025-04-14T23:12:43Z][2025-10-14T00:38:14Z][2026-04-18T03:48:13Z]}
{"logTime": "0426/152006", "correlationVector":"uYznfGC4y+jXhwq3CJDEtZ","action":"Initial GetUpdates", "result":"", "context":Reason: NEW_CLIENT. cV=uYznfGC4y+jXhwq3CJDEtZ}
{"logTime": "0426/152006", "correlationVector":"uYznfGC4y+jXhwq3CJDEtZ.3","action":"GetUpdates Response", "result":"Success", "context":Received 1 update(s). cV=uYznfGC4y+jXhwq3CJDEtZ.0;server=akswtt11300000f;cloudType=Consumer;environment=Prod_westus2_prod-s01-035-nam-westus2;migrationStage=NotStarted}
{"logTime": "0426/152006", "correlationVector":"0pm/ghBXYPZMfHMdagdHSI","action":"Initial GetUpdates", "result":"", "context":Reason: NEWLY_SUPPORTED_DATATYPE. cV=0pm/ghBXYPZMfHMdagdHSI}
{"logTime": "0426/152006", "correlationVector":"0pm/ghBXYPZMfHMdagdHSI.1","action":"SyncServerConnectionManagerRequest", "result":"SYNC_SERVER_OK", "context":{"environment":"Prod_westus2_prod-s01-035-nam-westus2", "migrationStage":"NotStarted", "server":"akswtt11300000f"}}
{"logTime": "0426/152006", "correlationVector":"0pm/ghBXYPZMfHMdagdHSI.2","action":"ProcessGetUpdates", "result":"Done", "context":{"dataType":"Preferences", "deleted":"0", "process_failed_to_decrypt":"0", "process_pending_decryption":"0", "process_success":"89", "total":"89"}}
{"logTime": "0426/152006", "correlationVector":"0pm/ghBXYPZMfHMdagdHSI.3","action":"ProcessGetUpdates", "result":"Done", "context":{"dataType":"Passwords", "deleted":"0", "process_failed_to_decrypt":"0", "process_pending_decryption":"0", "process_success":"52", "total":"52"}}
{"logTime": "0426/152006", "correlationVector":"0pm/ghBXYPZMfHMdagdHSI.4","action":"ProcessGetUpdates", "result":"Done", "context":{"dataType":"Device Info", "deleted":"0", "process_failed_to_decrypt":"0", "process_pending_decryption":"0", "process_success":"16", "total":"16"}}
{"logTime": "0426/152006", "correlationVector":"0pm/ghBXYPZMfHMdagdHSI.5","action":"GetUpdates Response", "result":"Success", "context":Received 157 update(s). cV=0pm/ghBXYPZMfHMdagdHSI.0;server=akswtt11300000f;cloudType=Consumer;environment=Prod_westus2_prod-s01-035-nam-westus2;migrationStage=NotStarted}
{"logTime": "0426/152006", "correlationVector":"9rJo67tU35WyTdhCO1rUAf","action":"Initial GetUpdates", "result":"", "context":Reason: NEWLY_SUPPORTED_DATATYPE. cV=9rJo67tU35WyTdhCO1rUAf}
{"logTime": "0426/152006", "correlationVector":"9rJo67tU35WyTdhCO1rUAf.1","action":"SyncServerConnectionManagerRequest", "result":"SYNC_SERVER_OK", "context":{"environment":"Prod_westus2_prod-s01-035-nam-westus2", "migrationStage":"NotStarted", "server":"akswtt113000006"}}
{"logTime": "0426/152006", "correlationVector":"9rJo67tU35WyTdhCO1rUAf.2","action":"ProcessGetUpdates", "result":"Done", "context":{"dataType":"Bookmarks", "deleted":"1", "process_failed_to_decrypt":"0", "process_pending_decryption":"0", "process_success":"17", "total":"17"}}
{"logTime": "0426/152006", "correlationVector":"9rJo67tU35WyTdhCO1rUAf.3","action":"GetUpdates Response", "result":"Success", "context":Received 17 update(s). cV=9rJo67tU35WyTdhCO1rUAf.0;server=akswtt113000006;cloudType=Consumer;environment=Prod_westus2_prod-s01-035-nam-westus2;migrationStage=NotStarted}
{"logTime": "0426/152006", "correlationVector":"T1E/53ZeFPnAMsjVY9sva/","action":"Initial GetUpdates", "result":"", "context":Reason: NEWLY_SUPPORTED_DATATYPE. cV=T1E/53ZeFPnAMsjVY9sva/}
{"logTime": "0426/152007", "correlationVector":"T1E/53ZeFPnAMsjVY9sva/.1","action":"SyncServerConnectionManagerRequest", "result":"SYNC_SERVER_OK", "context":{"environment":"Prod_westus2_prod-s01-035-nam-westus2", "migrationStage":"NotStarted", "server":"akswtt11300000r"}}
{"logTime": "0426/152007", "correlationVector":"T1E/53ZeFPnAMsjVY9sva/.2","action":"ProcessGetUpdates", "result":"Done", "context":{"dataType":"Autofill", "deleted":"0", "process_failed_to_decrypt":"0", "process_pending_decryption":"0", "process_success":"236", "total":"236"}}
{"logTime": "0426/152007", "correlationVector":"T1E/53ZeFPnAMsjVY9sva/.3","action":"ProcessGetUpdates", "result":"Done", "context":{"dataType":"Sessions", "deleted":"14", "process_failed_to_decrypt":"0", "process_pending_decryption":"0", "process_success":"14", "total":"14"}}
{"logTime": "0426/152007", "correlationVector":"T1E/53ZeFPnAMsjVY9sva/.4","action":"GetUpdates Response", "result":"Success", "context":Received 250 update(s). cV=T1E/53ZeFPnAMsjVY9sva/.0;server=akswtt11300000r;cloudType=Consumer;environment=Prod_westus2_prod-s01-035-nam-westus2;migrationStage=NotStarted Some updates remain.}
{"logTime": "0426/152007", "correlationVector":"hsWllHagg/T4e5nVTdWODc","action":"Initial GetUpdates", "result":"", "context":Reason: NEWLY_SUPPORTED_DATATYPE. cV=hsWllHagg/T4e5nVTdWODc}
{"logTime": "0426/152007", "correlationVector":"hsWllHagg/T4e5nVTdWODc.1","action":"SyncServerConnectionManagerRequest", "result":"SYNC_SERVER_OK", "context":{"environment":"Prod_westus2_prod-s01-035-nam-westus2", "migrationStage":"NotStarted", "server":"akswtt11300000f"}}
{"logTime": "0426/152007", "correlationVector":"hsWllHagg/T4e5nVTdWODc.2","action":"ProcessGetUpdates", "result":"Done", "context":{"dataType":"Sessions", "deleted":"248", "process_failed_to_decrypt":"0", "process_pending_decryption":"0", "process_success":"248", "total":"248"}}
{"logTime": "0426/152007", "correlationVector":"hsWllHagg/T4e5nVTdWODc.3","action":"ProcessGetUpdates", "result":"Done", "context":{"dataType":"Edge Hub App Usage", "deleted":"1", "process_failed_to_decrypt":"0", "process_pending_decryption":"0", "process_success":"2", "total":"2"}}
{"logTime": "0426/152007", "correlationVector":"hsWllHagg/T4e5nVTdWODc.4","action":"GetUpdates Response", "result":"Success", "context":Received 250 update(s). cV=hsWllHagg/T4e5nVTdWODc.0;server=akswtt11300000f;cloudType=Consumer;environment=Prod_westus2_prod-s01-035-nam-westus2;migrationStage=NotStarted Some updates remain.}
{"logTime": "0426/152007", "correlationVector":"KqZN1oTFjJbKozAGFioRN8","action":"Initial GetUpdates", "result":"", "context":Reason: NEWLY_SUPPORTED_DATATYPE. cV=KqZN1oTFjJbKozAGFioRN8}
{"logTime": "0426/152007", "correlationVector":"KqZN1oTFjJbKozAGFioRN8.1","action":"SyncServerConnectionManagerRequest", "result":"SYNC_SERVER_OK", "context":{"environment":"Prod_westus2_prod-s01-035-nam-westus2", "migrationStage":"NotStarted", "server":"akswtt113000007"}}
{"logTime": "0426/152007", "correlationVector":"KqZN1oTFjJbKozAGFioRN8.2","action":"ProcessGetUpdates", "result":"Done", "context":{"dataType":"Sessions", "deleted":"243", "process_failed_to_decrypt":"0", "process_pending_decryption":"0", "process_success":"243", "total":"243"}}
{"logTime": "0426/152007", "correlationVector":"KqZN1oTFjJbKozAGFioRN8.3","action":"ProcessGetUpdates", "result":"Done", "context":{"dataType":"Saved Tab Group", "deleted":"0", "process_failed_to_decrypt":"0", "process_pending_decryption":"0", "process_success":"4", "total":"4"}}
{"logTime": "0426/152007", "correlationVector":"KqZN1oTFjJbKozAGFioRN8.4","action":"ProcessGetUpdates", "result":"Done", "context":{"dataType":"Edge Hub App Usage", "deleted":"3", "process_failed_to_decrypt":"0", "process_pending_decryption":"0", "process_success":"3", "total":"3"}}
{"logTime": "0426/152007", "correlationVector":"KqZN1oTFjJbKozAGFioRN8.5","action":"GetUpdates Response", "result":"Success", "context":Received 250 update(s). cV=KqZN1oTFjJbKozAGFioRN8.0;server=akswtt113000007;cloudType=Consumer;environment=Prod_westus2_prod-s01-035-nam-westus2;migrationStage=NotStarted Some updates remain.}
{"logTime": "0426/152007", "correlationVector":"XpKNQc+gCV+zLdbCgtl4LY","action":"Initial GetUpdates", "result":"", "context":Reason: NEWLY_SUPPORTED_DATATYPE. cV=XpKNQc+gCV+zLdbCgtl4LY}
{"logTime": "0426/152008", "correlationVector":"XpKNQc+gCV+zLdbCgtl4LY.1","action":"SyncServerConnectionManagerRequest", "result":"SYNC_SERVER_OK", "context":{"environment":"Prod_westus2_prod-s01-035-nam-westus2", "migrationStage":"NotStarted", "server":"akswtt11300000t"}}
{"logTime": "0426/152008", "correlationVector":"XpKNQc+gCV+zLdbCgtl4LY.2","action":"ProcessGetUpdates", "result":"Done", "context":{"dataType":"Extensions", "deleted":"0", "process_failed_to_decrypt":"0", "process_pending_decryption":"0", "process_success":"1", "total":"1"}}
{"logTime": "0426/152008", "correlationVector":"XpKNQc+gCV+zLdbCgtl4LY.3","action":"ProcessGetUpdates", "result":"Done", "context":{"dataType":"Sessions", "deleted":"248", "process_failed_to_decrypt":"0", "process_pending_decryption":"0", "process_success":"248", "total":"248"}}
{"logTime": "0426/152008", "correlationVector":"XpKNQc+gCV+zLdbCgtl4LY.4","action":"ProcessGetUpdates", "result":"Done", "context":{"dataType":"Edge Hub App Usage", "deleted":"1", "process_failed_to_decrypt":"0", "process_pending_decryption":"0", "process_success":"1", "total":"1"}}
{"logTime": "0426/152008", "correlationVector":"XpKNQc+gCV+zLdbCgtl4LY.5","action":"GetUpdates Response", "result":"Success", "context":Received 250 update(s). cV=XpKNQc+gCV+zLdbCgtl4LY.0;server=akswtt11300000t;cloudType=Consumer;environment=Prod_westus2_prod-s01-035-nam-westus2;migrationStage=NotStarted Some updates remain.}
{"logTime": "0426/152008", "correlationVector":"WsFlucrBnqv8vxJkAodX/x","action":"Initial GetUpdates", "result":"", "context":Reason: NEWLY_SUPPORTED_DATATYPE. cV=WsFlucrBnqv8vxJkAodX/x}
{"logTime": "0426/152008", "correlationVector":"WsFlucrBnqv8vxJkAodX/x.1","action":"SyncServerConnectionManagerRequest", "result":"SYNC_SERVER_OK", "context":{"environment":"Prod_westus2_prod-s01-035-nam-westus2", "migrationStage":"NotStarted", "server":"akswtt113000000"}}
{"logTime": "0426/152008", "correlationVector":"WsFlucrBnqv8vxJkAodX/x.2","action":"ProcessGetUpdates", "result":"Done", "context":{"dataType":"Sessions", "deleted":"248", "process_failed_to_decrypt":"0", "process_pending_decryption":"0", "process_success":"248", "total":"248"}}
{"logTime": "0426/152008", "correlationVector":"WsFlucrBnqv8vxJkAodX/x.3","action":"ProcessGetUpdates", "result":"Done", "context":{"dataType":"Edge Hub App Usage", "deleted":"1", "process_failed_to_decrypt":"0", "process_pending_decryption":"0", "process_success":"2", "total":"2"}}
{"logTime": "0426/152008", "correlationVector":"WsFlucrBnqv8vxJkAodX/x.4","action":"GetUpdates Response", "result":"Success", "context":Received 250 update(s). cV=WsFlucrBnqv8vxJkAodX/x.0;server=akswtt113000000;cloudType=Consumer;environment=Prod_westus2_prod-s01-035-nam-westus2;migrationStage=NotStarted Some updates remain.}
{"logTime": "0426/152008", "correlationVector":"3RZIVDYg8LNdNjYGO1YXhN","action":"Initial GetUpdates", "result":"", "context":Reason: NEWLY_SUPPORTED_DATATYPE. cV=3RZIVDYg8LNdNjYGO1YXhN}
{"logTime": "0426/152009", "correlationVector":"3RZIVDYg8LNdNjYGO1YXhN.1","action":"SyncServerConnectionManagerRequest", "result":"SYNC_SERVER_OK", "context":{"environment":"Prod_westus2_prod-s01-035-nam-westus2", "migrationStage":"NotStarted", "server":"akswtt11300000d"}}
{"logTime": "0426/152009", "correlationVector":"3RZIVDYg8LNdNjYGO1YXhN.2","action":"ProcessGetUpdates", "result":"Done", "context":{"dataType":"Autofill Profiles", "deleted":"0", "process_failed_to_decrypt":"0", "process_pending_decryption":"0", "process_success":"10", "total":"10"}}
{"logTime": "0426/152009", "correlationVector":"3RZIVDYg8LNdNjYGO1YXhN.3","action":"ProcessGetUpdates", "result":"Done", "context":{"dataType":"Autofill", "deleted":"0", "process_failed_to_decrypt":"0", "process_pending_decryption":"0", "process_success":"231", "total":"231"}}
{"logTime": "0426/152009", "correlationVector":"3RZIVDYg8LNdNjYGO1YXhN.4","action":"ProcessGetUpdates", "result":"Done", "context":{"dataType":"Sessions", "deleted":"9", "process_failed_to_decrypt":"0", "process_pending_decryption":"0", "process_success":"9", "total":"9"}}
{"logTime": "0426/152009", "correlationVector":"3RZIVDYg8LNdNjYGO1YXhN.5","action":"GetUpdates Response", "result":"Success", "context":Received 250 update(s). cV=3RZIVDYg8LNdNjYGO1YXhN.0;server=akswtt11300000d;cloudType=Consumer;environment=Prod_westus2_prod-s01-035-nam-westus2;migrationStage=NotStarted Some updates remain.}
{"logTime": "0426/152009", "correlationVector":"zfGD/Wz54JmcmilivS2sfW","action":"Initial GetUpdates", "result":"", "context":Reason: NEWLY_SUPPORTED_DATATYPE. cV=zfGD/Wz54JmcmilivS2sfW}
{"logTime": "0426/152009", "correlationVector":"zfGD/Wz54JmcmilivS2sfW.1","action":"SyncServerConnectionManagerRequest", "result":"SYNC_SERVER_OK", "context":{"environment":"Prod_westus2_prod-s01-035-nam-westus2", "migrationStage":"NotStarted", "server":"akswtt11300000d"}}
{"logTime": "0426/152009", "correlationVector":"zfGD/Wz54JmcmilivS2sfW.2","action":"ProcessGetUpdates", "result":"Done", "context":{"dataType":"Autofill Profiles", "deleted":"0", "process_failed_to_decrypt":"0", "process_pending_decryption":"0", "process_success":"1", "total":"1"}}
{"logTime": "0426/152009", "correlationVector":"zfGD/Wz54JmcmilivS2sfW.3","action":"ProcessGetUpdates", "result":"Done", "context":{"dataType":"Autofill", "deleted":"0", "process_failed_to_decrypt":"0", "process_pending_decryption":"0", "process_success":"234", "total":"234"}}
{"logTime": "0426/152009", "correlationVector":"zfGD/Wz54JmcmilivS2sfW.4","action":"ProcessGetUpdates", "result":"Done", "context":{"dataType":"Sessions", "deleted":"15", "process_failed_to_decrypt":"0", "process_pending_decryption":"0", "process_success":"15", "total":"15"}}
{"logTime": "0426/152009", "correlationVector":"zfGD/Wz54JmcmilivS2sfW.5","action":"GetUpdates Response", "result":"Success", "context":Received 250 update(s). cV=zfGD/Wz54JmcmilivS2sfW.0;server=akswtt11300000d;cloudType=Consumer;environment=Prod_westus2_prod-s01-035-nam-westus2;migrationStage=NotStarted Some updates remain.}
{"logTime": "0426/152009", "correlationVector":"1E4PSqdqjbFy1INjY8j3e7","action":"Initial GetUpdates", "result":"", "context":Reason: NEWLY_SUPPORTED_DATATYPE. cV=1E4PSqdqjbFy1INjY8j3e7}
{"logTime": "0426/152009", "correlationVector":"1E4PSqdqjbFy1INjY8j3e7.1","action":"SyncServerConnectionManagerRequest", "result":"SYNC_SERVER_OK", "context":{"environment":"Prod_westus2_prod-s01-035-nam-westus2", "migrationStage":"NotStarted", "server":"akswtt11300000e"}}
{"logTime": "0426/152009", "correlationVector":"1E4PSqdqjbFy1INjY8j3e7.2","action":"ProcessGetUpdates", "result":"Done", "context":{"dataType":"Autofill Profiles", "deleted":"0", "process_failed_to_decrypt":"0", "process_pending_decryption":"0", "process_success":"2", "total":"2"}}
{"logTime": "0426/152009", "correlationVector":"1E4PSqdqjbFy1INjY8j3e7.3","action":"ProcessGetUpdates", "result":"Done", "context":{"dataType":"Autofill", "deleted":"0", "process_failed_to_decrypt":"0", "process_pending_decryption":"0", "process_success":"48", "total":"48"}}
{"logTime": "0426/152009", "correlationVector":"1E4PSqdqjbFy1INjY8j3e7.4","action":"ProcessGetUpdates", "result":"Done", "context":{"dataType":"Extensions", "deleted":"0", "process_failed_to_decrypt":"0", "process_pending_decryption":"0", "process_success":"1", "total":"1"}}
{"logTime": "0426/152009", "correlationVector":"1E4PSqdqjbFy1INjY8j3e7.5","action":"ProcessGetUpdates", "result":"Done", "context":{"dataType":"Sessions", "deleted":"175", "process_failed_to_decrypt":"0", "process_pending_decryption":"0", "process_success":"199", "total":"199"}}
{"logTime": "0426/152009", "correlationVector":"1E4PSqdqjbFy1INjY8j3e7.6","action":"GetUpdates Response", "result":"Success", "context":Received 250 update(s). cV=1E4PSqdqjbFy1INjY8j3e7.0;server=akswtt11300000e;cloudType=Consumer;environment=Prod_westus2_prod-s01-035-nam-westus2;migrationStage=NotStarted Some updates remain.}
{"logTime": "0426/152009", "correlationVector":"Ln+yy7n93fsgszdwtTGPNb","action":"Initial GetUpdates", "result":"", "context":Reason: NEWLY_SUPPORTED_DATATYPE. cV=Ln+yy7n93fsgszdwtTGPNb}
{"logTime": "0426/152009", "correlationVector":"Ln+yy7n93fsgszdwtTGPNb.1","action":"SyncServerConnectionManagerRequest", "result":"SYNC_SERVER_OK", "context":{"environment":"Prod_westus2_prod-s01-035-nam-westus2", "migrationStage":"NotStarted", "server":"akswtt11300000r"}}
{"logTime": "0426/152009", "correlationVector":"Ln+yy7n93fsgszdwtTGPNb.2","action":"ProcessGetUpdates", "result":"Done", "context":{"dataType":"Sessions", "deleted":"9", "process_failed_to_decrypt":"0", "process_pending_decryption":"0", "process_success":"31", "total":"31"}}
{"logTime": "0426/152009", "correlationVector":"Ln+yy7n93fsgszdwtTGPNb.3","action":"GetUpdates Response", "result":"Success", "context":Received 31 update(s). cV=Ln+yy7n93fsgszdwtTGPNb.0;server=akswtt11300000r;cloudType=Consumer;environment=Prod_westus2_prod-s01-035-nam-westus2;migrationStage=NotStarted}
{"logTime": "0426/152009", "correlationVector":"B6qI3Pk1TgDSML02YfNviM","action":"Initial GetUpdates", "result":"", "context":Reason: NEWLY_SUPPORTED_DATATYPE. cV=B6qI3Pk1TgDSML02YfNviM}
{"logTime": "0426/152010", "correlationVector":"B6qI3Pk1TgDSML02YfNviM.1","action":"SyncServerConnectionManagerRequest", "result":"SYNC_SERVER_OK", "context":{"environment":"Prod_westus2_prod-s01-035-nam-westus2", "migrationStage":"NotStarted", "server":"akswtt11300000e"}}
{"logTime": "0426/152010", "correlationVector":"B6qI3Pk1TgDSML02YfNviM.2","action":"ProcessGetUpdates", "result":"Done", "context":{"dataType":"History", "deleted":"0", "process_failed_to_decrypt":"0", "process_pending_decryption":"0", "process_success":"250", "total":"250"}}
{"logTime": "0426/152010", "correlationVector":"B6qI3Pk1TgDSML02YfNviM.3","action":"GetUpdates Response", "result":"Success", "context":Received 250 update(s). cV=B6qI3Pk1TgDSML02YfNviM.0;server=akswtt11300000e;cloudType=Consumer;environment=Prod_westus2_prod-s01-035-nam-westus2;migrationStage=NotStarted Some updates remain.}
{"logTime": "0426/152010", "correlationVector":"A/fHygKLwA9Rm102FxPceB","action":"Initial GetUpdates", "result":"", "context":Reason: NEWLY_SUPPORTED_DATATYPE. cV=A/fHygKLwA9Rm102FxPceB}
{"logTime": "0426/152010", "correlationVector":"A/fHygKLwA9Rm102FxPceB.1","action":"SyncServerConnectionManagerRequest", "result":"SYNC_SERVER_OK", "context":{"environment":"Prod_westus2_prod-s01-035-nam-westus2", "migrationStage":"NotStarted", "server":"akswtt11300000r"}}
{"logTime": "0426/152010", "correlationVector":"A/fHygKLwA9Rm102FxPceB.2","action":"ProcessGetUpdates", "result":"Done", "context":{"dataType":"History", "deleted":"0", "process_failed_to_decrypt":"0", "process_pending_decryption":"0", "process_success":"250", "total":"250"}}
{"logTime": "0426/152010", "correlationVector":"A/fHygKLwA9Rm102FxPceB.3","action":"GetUpdates Response", "result":"Success", "context":Received 250 update(s). cV=A/fHygKLwA9Rm102FxPceB.0;server=akswtt11300000r;cloudType=Consumer;environment=Prod_westus2_prod-s01-035-nam-westus2;migrationStage=NotStarted Some updates remain.}
{"logTime": "0426/152010", "correlationVector":"aloUMSj6ILXJebwhNRxzWz","action":"Initial GetUpdates", "result":"", "context":Reason: NEWLY_SUPPORTED_DATATYPE. cV=aloUMSj6ILXJebwhNRxzWz}
{"logTime": "0426/152011", "correlationVector":"aloUMSj6ILXJebwhNRxzWz.1","action":"SyncServerConnectionManagerRequest", "result":"SYNC_SERVER_OK", "context":{"environment":"Prod_westus2_prod-s01-035-nam-westus2", "migrationStage":"NotStarted", "server":"akswtt11300000t"}}
{"logTime": "0426/152011", "correlationVector":"aloUMSj6ILXJebwhNRxzWz.2","action":"ProcessGetUpdates", "result":"Done", "context":{"dataType":"History", "deleted":"0", "process_failed_to_decrypt":"0", "process_pending_decryption":"0", "process_success":"250", "total":"250"}}
{"logTime": "0426/152011", "correlationVector":"aloUMSj6ILXJebwhNRxzWz.3","action":"GetUpdates Response", "result":"Success", "context":Received 250 update(s). cV=aloUMSj6ILXJebwhNRxzWz.0;server=akswtt11300000t;cloudType=Consumer;environment=Prod_westus2_prod-s01-035-nam-westus2;migrationStage=NotStarted Some updates remain.}
{"logTime": "0426/152011", "correlationVector":"8xdlMD1puDm3k4EuVZOJ7O","action":"Initial GetUpdates", "result":"", "context":Reason: NEWLY_SUPPORTED_DATATYPE. cV=8xdlMD1puDm3k4EuVZOJ7O}
{"logTime": "0426/152011", "correlationVector":"8xdlMD1puDm3k4EuVZOJ7O.1","action":"SyncServerConnectionManagerRequest", "result":"SYNC_SERVER_OK", "context":{"environment":"Prod_westus2_prod-s01-035-nam-westus2", "migrationStage":"NotStarted", "server":"akswtt11300000d"}}
{"logTime": "0426/152011", "correlationVector":"8xdlMD1puDm3k4EuVZOJ7O.2","action":"ProcessGetUpdates", "result":"Done", "context":{"dataType":"History", "deleted":"0", "process_failed_to_decrypt":"0", "process_pending_decryption":"0", "process_success":"250", "total":"250"}}
{"logTime": "0426/152011", "correlationVector":"8xdlMD1puDm3k4EuVZOJ7O.3","action":"GetUpdates Response", "result":"Success", "context":Received 250 update(s). cV=8xdlMD1puDm3k4EuVZOJ7O.0;server=akswtt11300000d;cloudType=Consumer;environment=Prod_westus2_prod-s01-035-nam-westus2;migrationStage=NotStarted Some updates remain.}
{"logTime": "0426/152011", "correlationVector":"IpKizJxA4XMt9n/Zg1pxbI","action":"Initial GetUpdates", "result":"", "context":Reason: NEWLY_SUPPORTED_DATATYPE. cV=IpKizJxA4XMt9n/Zg1pxbI}
{"logTime": "0426/152011", "correlationVector":"IpKizJxA4XMt9n/Zg1pxbI.1","action":"SyncServerConnectionManagerRequest", "result":"SYNC_SERVER_OK", "context":{"environment":"Prod_westus2_prod-s01-035-nam-westus2", "migrationStage":"NotStarted", "server":"akswtt11300000e"}}
{"logTime": "0426/152011", "correlationVector":"IpKizJxA4XMt9n/Zg1pxbI.2","action":"ProcessGetUpdates", "result":"Done", "context":{"dataType":"History", "deleted":"0", "process_failed_to_decrypt":"0", "process_pending_decryption":"0", "process_success":"250", "total":"250"}}
{"logTime": "0426/152011", "correlationVector":"IpKizJxA4XMt9n/Zg1pxbI.3","action":"GetUpdates Response", "result":"Success", "context":Received 250 update(s). cV=IpKizJxA4XMt9n/Zg1pxbI.0;server=akswtt11300000e;cloudType=Consumer;environment=Prod_westus2_prod-s01-035-nam-westus2;migrationStage=NotStarted Some updates remain.}
{"logTime": "0426/152011", "correlationVector":"3/8eR9st2KvE5oxQFARiqw","action":"Initial GetUpdates", "result":"", "context":Reason: NEWLY_SUPPORTED_DATATYPE. cV=3/8eR9st2KvE5oxQFARiqw}
{"logTime": "0426/152012", "correlationVector":"3/8eR9st2KvE5oxQFARiqw.1","action":"SyncServerConnectionManagerRequest", "result":"SYNC_SERVER_OK", "context":{"environment":"Prod_westus2_prod-s01-035-nam-westus2", "migrationStage":"NotStarted", "server":"akswtt11300000d"}}
{"logTime": "0426/152012", "correlationVector":"3/8eR9st2KvE5oxQFARiqw.2","action":"ProcessGetUpdates", "result":"Done", "context":{"dataType":"History", "deleted":"0", "process_failed_to_decrypt":"0", "process_pending_decryption":"0", "process_success":"250", "total":"250"}}
{"logTime": "0426/152012", "correlationVector":"3/8eR9st2KvE5oxQFARiqw.3","action":"GetUpdates Response", "result":"Success", "context":Received 250 update(s). cV=3/8eR9st2KvE5oxQFARiqw.0;server=akswtt11300000d;cloudType=Consumer;environment=Prod_westus2_prod-s01-035-nam-westus2;migrationStage=NotStarted Some updates remain.}
{"logTime": "0426/152012", "correlationVector":"w2FatgIEpXyd9hTgG0YC0o","action":"Initial GetUpdates", "result":"", "context":Reason: NEWLY_SUPPORTED_DATATYPE. cV=w2FatgIEpXyd9hTgG0YC0o}
{"logTime": "0426/152012", "correlationVector":"w2FatgIEpXyd9hTgG0YC0o.1","action":"SyncServerConnectionManagerRequest", "result":"SYNC_SERVER_OK", "context":{"environment":"Prod_westus2_prod-s01-035-nam-westus2", "migrationStage":"NotStarted", "server":"akswtt11300000l"}}
{"logTime": "0426/152012", "correlationVector":"w2FatgIEpXyd9hTgG0YC0o.2","action":"ProcessGetUpdates", "result":"Done", "context":{"dataType":"History", "deleted":"0", "process_failed_to_decrypt":"0", "process_pending_decryption":"0", "process_success":"250", "total":"250"}}
{"logTime": "0426/152012", "correlationVector":"w2FatgIEpXyd9hTgG0YC0o.3","action":"GetUpdates Response", "result":"Success", "context":Received 250 update(s). cV=w2FatgIEpXyd9hTgG0YC0o.0;server=akswtt11300000l;cloudType=Consumer;environment=Prod_westus2_prod-s01-035-nam-westus2;migrationStage=NotStarted Some updates remain.}
{"logTime": "0426/152012", "correlationVector":"hMVK3w0NR3NFzG1+HxGfg4","action":"Initial GetUpdates", "result":"", "context":Reason: NEWLY_SUPPORTED_DATATYPE. cV=hMVK3w0NR3NFzG1+HxGfg4}
{"logTime": "0426/152012", "correlationVector":"hMVK3w0NR3NFzG1+HxGfg4.1","action":"SyncServerConnectionManagerRequest", "result":"SYNC_SERVER_OK", "context":{"environment":"Prod_westus2_prod-s01-035-nam-westus2", "migrationStage":"NotStarted", "server":"akswtt11300000d"}}
{"logTime": "0426/152012", "correlationVector":"hMVK3w0NR3NFzG1+HxGfg4.2","action":"ProcessGetUpdates", "result":"Done", "context":{"dataType":"History", "deleted":"0", "process_failed_to_decrypt":"0", "process_pending_decryption":"0", "process_success":"250", "total":"250"}}
{"logTime": "0426/152012", "correlationVector":"hMVK3w0NR3NFzG1+HxGfg4.3","action":"GetUpdates Response", "result":"Success", "context":Received 250 update(s). cV=hMVK3w0NR3NFzG1+HxGfg4.0;server=akswtt11300000d;cloudType=Consumer;environment=Prod_westus2_prod-s01-035-nam-westus2;migrationStage=NotStarted Some updates remain.}
{"logTime": "0426/152012", "correlationVector":"2wPupbu0XgfZ0cYVi6wgYZ","action":"Initial GetUpdates", "result":"", "context":Reason: NEWLY_SUPPORTED_DATATYPE. cV=2wPupbu0XgfZ0cYVi6wgYZ}
{"logTime": "0426/152013", "correlationVector":"2wPupbu0XgfZ0cYVi6wgYZ.1","action":"SyncServerConnectionManagerRequest", "result":"SYNC_SERVER_OK", "context":{"environment":"Prod_westus2_prod-s01-035-nam-westus2", "migrationStage":"NotStarted", "server":"akswtt113000000"}}
{"logTime": "0426/152013", "correlationVector":"2wPupbu0XgfZ0cYVi6wgYZ.2","action":"ProcessGetUpdates", "result":"Done", "context":{"dataType":"History", "deleted":"0", "process_failed_to_decrypt":"0", "process_pending_decryption":"0", "process_success":"250", "total":"250"}}
{"logTime": "0426/152013", "correlationVector":"2wPupbu0XgfZ0cYVi6wgYZ.3","action":"GetUpdates Response", "result":"Success", "context":Received 250 update(s). cV=2wPupbu0XgfZ0cYVi6wgYZ.0;server=akswtt113000000;cloudType=Consumer;environment=Prod_westus2_prod-s01-035-nam-westus2;migrationStage=NotStarted Some updates remain.}
{"logTime": "0426/152013", "correlationVector":"c77EuXDPYqhBqFHriGz6Up","action":"Initial GetUpdates", "result":"", "context":Reason: NEWLY_SUPPORTED_DATATYPE. cV=c77EuXDPYqhBqFHriGz6Up}
{"logTime": "0426/152013", "correlationVector":"c77EuXDPYqhBqFHriGz6Up.1","action":"SyncServerConnectionManagerRequest", "result":"SYNC_SERVER_OK", "context":{"environment":"Prod_westus2_prod-s01-035-nam-westus2", "migrationStage":"NotStarted", "server":"akswtt11300000r"}}
{"logTime": "0426/152013", "correlationVector":"c77EuXDPYqhBqFHriGz6Up.2","action":"ProcessGetUpdates", "result":"Done", "context":{"dataType":"History", "deleted":"0", "process_failed_to_decrypt":"0", "process_pending_decryption":"0", "process_success":"250", "total":"250"}}
{"logTime": "0426/152013", "correlationVector":"c77EuXDPYqhBqFHriGz6Up.3","action":"GetUpdates Response", "result":"Success", "context":Received 250 update(s). cV=c77EuXDPYqhBqFHriGz6Up.0;server=akswtt11300000r;cloudType=Consumer;environment=Prod_westus2_prod-s01-035-nam-westus2;migrationStage=NotStarted Some updates remain.}
{"logTime": "0426/152013", "correlationVector":"z47MONwGMIh5sJeinprAg7","action":"Initial GetUpdates", "result":"", "context":Reason: NEWLY_SUPPORTED_DATATYPE. cV=z47MONwGMIh5sJeinprAg7}
{"logTime": "0426/152014", "correlationVector":"z47MONwGMIh5sJeinprAg7.1","action":"SyncServerConnectionManagerRequest", "result":"SYNC_SERVER_OK", "context":{"environment":"Prod_westus2_prod-s01-035-nam-westus2", "migrationStage":"NotStarted", "server":"akswtt11300000l"}}
{"logTime": "0426/152014", "correlationVector":"z47MONwGMIh5sJeinprAg7.2","action":"ProcessGetUpdates", "result":"Done", "context":{"dataType":"History", "deleted":"0", "process_failed_to_decrypt":"0", "process_pending_decryption":"0", "process_success":"250", "total":"250"}}
{"logTime": "0426/152014", "correlationVector":"z47MONwGMIh5sJeinprAg7.3","action":"GetUpdates Response", "result":"Success", "context":Received 250 update(s). cV=z47MONwGMIh5sJeinprAg7.0;server=akswtt11300000l;cloudType=Consumer;environment=Prod_westus2_prod-s01-035-nam-westus2;migrationStage=NotStarted Some updates remain.}
{"logTime": "0426/152014", "correlationVector":"smFdQZN3WqTM31MIz9cpqP","action":"Initial GetUpdates", "result":"", "context":Reason: NEWLY_SUPPORTED_DATATYPE. cV=smFdQZN3WqTM31MIz9cpqP}
{"logTime": "0426/152014", "correlationVector":"smFdQZN3WqTM31MIz9cpqP.1","action":"SyncServerConnectionManagerRequest", "result":"SYNC_SERVER_OK", "context":{"environment":"Prod_westus2_prod-s01-035-nam-westus2", "migrationStage":"NotStarted", "server":"akswtt11300000t"}}
{"logTime": "0426/152014", "correlationVector":"smFdQZN3WqTM31MIz9cpqP.2","action":"ProcessGetUpdates", "result":"Done", "context":{"dataType":"History", "deleted":"0", "process_failed_to_decrypt":"0", "process_pending_decryption":"0", "process_success":"250", "total":"250"}}
{"logTime": "0426/152014", "correlationVector":"smFdQZN3WqTM31MIz9cpqP.3","action":"GetUpdates Response", "result":"Success", "context":Received 250 update(s). cV=smFdQZN3WqTM31MIz9cpqP.0;server=akswtt11300000t;cloudType=Consumer;environment=Prod_westus2_prod-s01-035-nam-westus2;migrationStage=NotStarted Some updates remain.}
{"logTime": "0426/152014", "correlationVector":"401BBsJEI0rz0c+W1cKnMs","action":"Initial GetUpdates", "result":"", "context":Reason: NEWLY_SUPPORTED_DATATYPE. cV=401BBsJEI0rz0c+W1cKnMs}
{"logTime": "0426/152014", "correlationVector":"401BBsJEI0rz0c+W1cKnMs.1","action":"SyncServerConnectionManagerRequest", "result":"SYNC_SERVER_OK", "context":{"environment":"Prod_westus2_prod-s01-035-nam-westus2", "migrationStage":"NotStarted", "server":"akswtt11300000h"}}
{"logTime": "0426/152014", "correlationVector":"401BBsJEI0rz0c+W1cKnMs.2","action":"ProcessGetUpdates", "result":"Done", "context":{"dataType":"History", "deleted":"0", "process_failed_to_decrypt":"0", "process_pending_decryption":"0", "process_success":"250", "total":"250"}}
{"logTime": "0426/152014", "correlationVector":"401BBsJEI0rz0c+W1cKnMs.3","action":"GetUpdates Response", "result":"Success", "context":Received 250 update(s). cV=401BBsJEI0rz0c+W1cKnMs.0;server=akswtt11300000h;cloudType=Consumer;environment=Prod_westus2_prod-s01-035-nam-westus2;migrationStage=NotStarted Some updates remain.}
{"logTime": "0426/152014", "correlationVector":"gd2dRc36EJQp4bRjU+ikTm","action":"Initial GetUpdates", "result":"", "context":Reason: NEWLY_SUPPORTED_DATATYPE. cV=gd2dRc36EJQp4bRjU+ikTm}
{"logTime": "0426/152014", "correlationVector":"gd2dRc36EJQp4bRjU+ikTm.1","action":"SyncServerConnectionManagerRequest", "result":"SYNC_SERVER_OK", "context":{"environment":"Prod_westus2_prod-s01-035-nam-westus2", "migrationStage":"NotStarted", "server":"akswtt113000000"}}
{"logTime": "0426/152014", "correlationVector":"gd2dRc36EJQp4bRjU+ikTm.2","action":"ProcessGetUpdates", "result":"Done", "context":{"dataType":"History", "deleted":"0", "process_failed_to_decrypt":"0", "process_pending_decryption":"0", "process_success":"16", "total":"16"}}
{"logTime": "0426/152014", "correlationVector":"gd2dRc36EJQp4bRjU+ikTm.3","action":"GetUpdates Response", "result":"Success", "context":Received 16 update(s). cV=gd2dRc36EJQp4bRjU+ikTm.0;server=akswtt113000000;cloudType=Consumer;environment=Prod_westus2_prod-s01-035-nam-westus2;migrationStage=NotStarted}
{"logTime": "0426/152014", "correlationVector":"q6+NGS25klu6aWr4JnvOLU","action":"Normal GetUpdate request", "result":"", "context":cV=q6+NGS25klu6aWr4JnvOLU
Nudged types: Sessions, Device Info, User Consents, History
Refresh requested types: Bookmarks, Preferences, Passwords, Autofill Profiles, Autofill, Extensions, Sessions, Extension settings, History Delete Directives, Device Info, User Consents, Send Tab To Self, Web Apps, History, Saved Tab Group, WebAuthn Credentials, Collection, Edge E Drop, Edge Hub App Usage, Edge Wallet, Edge Workspace, Encryption Keys}
{"logTime": "0426/152015", "correlationVector":"q6+NGS25klu6aWr4JnvOLU.1","action":"SyncServerConnectionManagerRequest", "result":"SYNC_SERVER_OK", "context":{"environment":"Prod_westus2_prod-s01-035-nam-westus2", "migrationStage":"NotStarted", "server":"akswtt11300000h"}}
{"logTime": "0426/152015", "correlationVector":"q6+NGS25klu6aWr4JnvOLU.2","action":"GetUpdates Response", "result":"Success", "context":Received 0 update(s). cV=q6+NGS25klu6aWr4JnvOLU.0;server=akswtt11300000h;cloudType=Consumer;environment=Prod_westus2_prod-s01-035-nam-westus2;migrationStage=NotStarted}
{"logTime": "0426/152015", "correlationVector":"0SJRIqW0ctLan5Q/AtdMbp","action":"Commit Request", "result":"", "context":Item count: 8
Contributing types: Sessions, Device Info, User Consents, History}
{"logTime": "0426/152015", "correlationVector":"0SJRIqW0ctLan5Q/AtdMbp.1","action":"SyncServerConnectionManagerRequest", "result":"SYNC_SERVER_OK", "context":{"environment":"Prod_westus2_prod-s01-035-nam-westus2", "migrationStage":"NotStarted", "server":"akswtt113000000"}}
{"logTime": "0426/152015", "correlationVector":"0SJRIqW0ctLan5Q/AtdMbp.2","action":"Commit Response", "result":"Success", "context":Result: Success. cV=0SJRIqW0ctLan5Q/AtdMbp.0;server=akswtt113000000;cloudType=Consumer;environment=Prod_westus2_prod-s01-035-nam-westus2;migrationStage=NotStarted}
{"logTime": "0426/152105", "correlationVector":"DptR4ZT3K2bgHinzz2fX48","action":"Commit Request", "result":"", "context":Item count: 40
Contributing types: Passwords}
{"logTime": "0426/152107", "correlationVector":"DptR4ZT3K2bgHinzz2fX48.1","action":"SyncServerConnectionManagerRequest", "result":"SYNC_SERVER_OK", "context":{"environment":"Prod_westus2_prod-s01-035-nam-westus2", "migrationStage":"NotStarted", "server":"akswtt11300000l"}}
{"logTime": "0426/152107", "correlationVector":"DptR4ZT3K2bgHinzz2fX48.2","action":"Commit Response", "result":"Success", "context":Result: Success. cV=DptR4ZT3K2bgHinzz2fX48.0;server=akswtt11300000l;cloudType=Consumer;environment=Prod_westus2_prod-s01-035-nam-westus2;migrationStage=NotStarted}
{"logTime": "0426/152107", "correlationVector":"zyLDHGuGXt/sBFMNpoYpXR","action":"Commit Request", "result":"", "context":Item count: 15
Contributing types: Passwords, Sessions, History}
{"logTime": "0426/152108", "correlationVector":"zyLDHGuGXt/sBFMNpoYpXR.1","action":"SyncServerConnectionManagerRequest", "result":"SYNC_SERVER_OK", "context":{"environment":"Prod_westus2_prod-s01-035-nam-westus2", "migrationStage":"NotStarted", "server":"akswtt11300000t"}}
{"logTime": "0426/152108", "correlationVector":"zyLDHGuGXt/sBFMNpoYpXR.2","action":"Commit Response", "result":"Success", "context":Result: Success. cV=zyLDHGuGXt/sBFMNpoYpXR.0;server=akswtt11300000t;cloudType=Consumer;environment=Prod_westus2_prod-s01-035-nam-westus2;migrationStage=NotStarted}
{"logTime": "0426/152108", "correlationVector":"j3VnIm2UicbMkKbRXB0WNp","action":"Commit Request", "result":"", "context":Item count: 3
Contributing types: Sessions, History}
{"logTime": "0426/152108", "correlationVector":"j3VnIm2UicbMkKbRXB0WNp.1","action":"SyncServerConnectionManagerRequest", "result":"SYNC_SERVER_OK", "context":{"environment":"Prod_westus2_prod-s01-035-nam-westus2", "migrationStage":"NotStarted", "server":"akswtt113000009"}}
{"logTime": "0426/152108", "correlationVector":"j3VnIm2UicbMkKbRXB0WNp.2","action":"Commit Response", "result":"Success", "context":Result: Success. cV=j3VnIm2UicbMkKbRXB0WNp.0;server=akswtt113000009;cloudType=Consumer;environment=Prod_westus2_prod-s01-035-nam-westus2;migrationStage=NotStarted}
