{"logTime": "0425/194845", "correlationVector":"if4ygnZ8mZDCWJjrEVyQlJ.1","action":"SyncServerConnectionManagerRequest", "result":"SYNC_SERVER_OK", "context":{"environment":"Prod_westus2_prod-s01-035-nam-westus2", "migrationStage":"NotStarted", "server":"akswtt113000006"}}
{"logTime": "0425/194845", "correlationVector":"if4ygnZ8mZDCWJjrEVyQlJ.2","action":"ProcessGetUpdates", "result":"Done", "context":{"dataType":"Encryption Keys", "deleted":"0", "process_failed_to_decrypt":"0", "process_pending_decryption":"0", "process_success":"1", "total":"1"}}
{"logTime": "0425/194846", "correlationVector":"dg+lp/JsMGE9H1AYB+XMhp","action":"SyncServerConnectionManagerRequest", "result":"SYNC_SERVER_OK", "context":{"environment":"", "migrationStage":"", "server":""}}
{"logTime": "0425/194846", "correlationVector":"dg+lp/JsMGE9H1AYB+XMhp.0","action":"EncryptionKeysFetcher.DownloadKeys:", "result":"Success", "context":Key count: 5, Last key timestamp: 2026-04-18T03:48:13Z}
{"logTime": "0425/194846", "correlationVector":"dg+lp/JsMGE9H1AYB+XMhp.1","action":"EncryptionKeysManager::SetEncryptionKeys:", "result":"Success", "context":Key names[5]:[lBLlivP0tL7DaZCLOxY0Ms4GCmsztTwaiZZnWuhIrvxf62WQbQQOrEOZFqDAc6XX8sNCG3UdMSQXoQPb7570QQ==][lVznK7+X4kMFXxOXBoPhpSbjH3WghWADowbo4a72vMU6iWo8i79nPTR5N+6F83VtFpBywxdhc0xV21a2Jm/A6g==][Rkjhz4tCaGQHbFM9iina6dfubiNJH3/8Nb0P3dtJ1SeLsFRspz/UbUDes0Q9ENkkHUncnfUvSXI6M+uJbc+N9w==][qNbI0n6v/hh0ojvUbrBt2zg5a/wjTFo4ReIKDxAcek9QLy5Lb4ncifiaiqLrQxn4dHE7159KCWd7txz5PXG7pA==][EQnJNat9nLGhQ3sWluAQbvJNaL11ABTMNp2x6WBZFViiXC6pyhYenoSQCzCxCCt+LnXbXP/vleqfYDQYpxNb5A==]}
{"logTime": "0425/194846", "correlationVector":"dg+lp/JsMGE9H1AYB+XMhp.2","action":"EncryptionKeysManager::SetEncryptionKeysWithTimestamps:", "result":"Success", "context":Key timestamps[5]:[2024-04-18T22:10:58Z][2024-10-16T20:23:03Z][2025-04-14T23:12:43Z][2025-10-14T00:38:14Z][2026-04-18T03:48:13Z]}
{"logTime": "0425/194846", "correlationVector":"if4ygnZ8mZDCWJjrEVyQlJ","action":"Initial GetUpdates", "result":"", "context":Reason: NEW_CLIENT. cV=if4ygnZ8mZDCWJjrEVyQlJ}
{"logTime": "0425/194846", "correlationVector":"if4ygnZ8mZDCWJjrEVyQlJ.3","action":"GetUpdates Response", "result":"Success", "context":Received 1 update(s). cV=if4ygnZ8mZDCWJjrEVyQlJ.0;server=akswtt113000006;cloudType=Consumer;environment=Prod_westus2_prod-s01-035-nam-westus2;migrationStage=NotStarted}
{"logTime": "0425/194846", "correlationVector":"OgxSLfvyq7QBHEyWVRqr0o","action":"Initial GetUpdates", "result":"", "context":Reason: NEWLY_SUPPORTED_DATATYPE. cV=OgxSLfvyq7QBHEyWVRqr0o}
{"logTime": "0425/194846", "correlationVector":"OgxSLfvyq7QBHEyWVRqr0o.1","action":"SyncServerConnectionManagerRequest", "result":"SYNC_SERVER_OK", "context":{"environment":"Prod_westus2_prod-s01-035-nam-westus2", "migrationStage":"NotStarted", "server":"akswtt11300000g"}}
{"logTime": "0425/194846", "correlationVector":"OgxSLfvyq7QBHEyWVRqr0o.2","action":"ProcessGetUpdates", "result":"Done", "context":{"dataType":"Preferences", "deleted":"0", "process_failed_to_decrypt":"0", "process_pending_decryption":"0", "process_success":"89", "total":"89"}}
{"logTime": "0425/194846", "correlationVector":"OgxSLfvyq7QBHEyWVRqr0o.3","action":"ProcessGetUpdates", "result":"Done", "context":{"dataType":"Passwords", "deleted":"0", "process_failed_to_decrypt":"0", "process_pending_decryption":"0", "process_success":"52", "total":"52"}}
{"logTime": "0425/194846", "correlationVector":"OgxSLfvyq7QBHEyWVRqr0o.4","action":"ProcessGetUpdates", "result":"Done", "context":{"dataType":"Device Info", "deleted":"0", "process_failed_to_decrypt":"0", "process_pending_decryption":"0", "process_success":"6", "total":"6"}}
{"logTime": "0425/194846", "correlationVector":"OgxSLfvyq7QBHEyWVRqr0o.5","action":"GetUpdates Response", "result":"Success", "context":Received 147 update(s). cV=OgxSLfvyq7QBHEyWVRqr0o.0;server=akswtt11300000g;cloudType=Consumer;environment=Prod_westus2_prod-s01-035-nam-westus2;migrationStage=NotStarted}
{"logTime": "0425/194846", "correlationVector":"uq2t4SHSdAYUu71r1w1yNY","action":"Initial GetUpdates", "result":"", "context":Reason: NEWLY_SUPPORTED_DATATYPE. cV=uq2t4SHSdAYUu71r1w1yNY}
{"logTime": "0425/194846", "correlationVector":"uq2t4SHSdAYUu71r1w1yNY.1","action":"SyncServerConnectionManagerRequest", "result":"SYNC_SERVER_OK", "context":{"environment":"Prod_westus2_prod-s01-035-nam-westus2", "migrationStage":"NotStarted", "server":"akswtt11300000r"}}
{"logTime": "0425/194846", "correlationVector":"uq2t4SHSdAYUu71r1w1yNY.2","action":"ProcessGetUpdates", "result":"Done", "context":{"dataType":"Bookmarks", "deleted":"1", "process_failed_to_decrypt":"0", "process_pending_decryption":"0", "process_success":"17", "total":"17"}}
{"logTime": "0425/194846", "correlationVector":"uq2t4SHSdAYUu71r1w1yNY.3","action":"GetUpdates Response", "result":"Success", "context":Received 17 update(s). cV=uq2t4SHSdAYUu71r1w1yNY.0;server=akswtt11300000r;cloudType=Consumer;environment=Prod_westus2_prod-s01-035-nam-westus2;migrationStage=NotStarted}
{"logTime": "0425/194846", "correlationVector":"Heu4DR5AKpqijAE/l1ZcIX","action":"Initial GetUpdates", "result":"", "context":Reason: NEWLY_SUPPORTED_DATATYPE. cV=Heu4DR5AKpqijAE/l1ZcIX}
{"logTime": "0425/194847", "correlationVector":"Heu4DR5AKpqijAE/l1ZcIX.1","action":"SyncServerConnectionManagerRequest", "result":"SYNC_SERVER_OK", "context":{"environment":"Prod_westus2_prod-s01-035-nam-westus2", "migrationStage":"NotStarted", "server":"akswtt11300000q"}}
{"logTime": "0425/194847", "correlationVector":"Heu4DR5AKpqijAE/l1ZcIX.2","action":"ProcessGetUpdates", "result":"Done", "context":{"dataType":"Autofill", "deleted":"0", "process_failed_to_decrypt":"0", "process_pending_decryption":"0", "process_success":"236", "total":"236"}}
{"logTime": "0425/194847", "correlationVector":"Heu4DR5AKpqijAE/l1ZcIX.3","action":"ProcessGetUpdates", "result":"Done", "context":{"dataType":"Sessions", "deleted":"14", "process_failed_to_decrypt":"0", "process_pending_decryption":"0", "process_success":"14", "total":"14"}}
{"logTime": "0425/194847", "correlationVector":"Heu4DR5AKpqijAE/l1ZcIX.4","action":"GetUpdates Response", "result":"Success", "context":Received 250 update(s). cV=Heu4DR5AKpqijAE/l1ZcIX.0;server=akswtt11300000q;cloudType=Consumer;environment=Prod_westus2_prod-s01-035-nam-westus2;migrationStage=NotStarted Some updates remain.}
{"logTime": "0425/194847", "correlationVector":"cR5cuE14hJeipiNxYIAnku","action":"Initial GetUpdates", "result":"", "context":Reason: NEWLY_SUPPORTED_DATATYPE. cV=cR5cuE14hJeipiNxYIAnku}
{"logTime": "0425/194847", "correlationVector":"cR5cuE14hJeipiNxYIAnku.1","action":"SyncServerConnectionManagerRequest", "result":"SYNC_SERVER_OK", "context":{"environment":"Prod_westus2_prod-s01-035-nam-westus2", "migrationStage":"NotStarted", "server":"akswtt11300000t"}}
{"logTime": "0425/194847", "correlationVector":"cR5cuE14hJeipiNxYIAnku.2","action":"ProcessGetUpdates", "result":"Done", "context":{"dataType":"Sessions", "deleted":"248", "process_failed_to_decrypt":"0", "process_pending_decryption":"0", "process_success":"248", "total":"248"}}
{"logTime": "0425/194847", "correlationVector":"cR5cuE14hJeipiNxYIAnku.3","action":"ProcessGetUpdates", "result":"Done", "context":{"dataType":"Edge Hub App Usage", "deleted":"1", "process_failed_to_decrypt":"0", "process_pending_decryption":"0", "process_success":"2", "total":"2"}}
{"logTime": "0425/194847", "correlationVector":"cR5cuE14hJeipiNxYIAnku.4","action":"GetUpdates Response", "result":"Success", "context":Received 250 update(s). cV=cR5cuE14hJeipiNxYIAnku.0;server=akswtt11300000t;cloudType=Consumer;environment=Prod_westus2_prod-s01-035-nam-westus2;migrationStage=NotStarted Some updates remain.}
{"logTime": "0425/194847", "correlationVector":"EwHERXasFkzizGQg0FqtRU","action":"Initial GetUpdates", "result":"", "context":Reason: NEWLY_SUPPORTED_DATATYPE. cV=EwHERXasFkzizGQg0FqtRU}
{"logTime": "0425/194847", "correlationVector":"EwHERXasFkzizGQg0FqtRU.1","action":"SyncServerConnectionManagerRequest", "result":"SYNC_SERVER_OK", "context":{"environment":"Prod_westus2_prod-s01-035-nam-westus2", "migrationStage":"NotStarted", "server":"akswtt113000006"}}
{"logTime": "0425/194847", "correlationVector":"EwHERXasFkzizGQg0FqtRU.2","action":"ProcessGetUpdates", "result":"Done", "context":{"dataType":"Sessions", "deleted":"243", "process_failed_to_decrypt":"0", "process_pending_decryption":"0", "process_success":"243", "total":"243"}}
{"logTime": "0425/194847", "correlationVector":"EwHERXasFkzizGQg0FqtRU.3","action":"ProcessGetUpdates", "result":"Done", "context":{"dataType":"Saved Tab Group", "deleted":"0", "process_failed_to_decrypt":"0", "process_pending_decryption":"0", "process_success":"4", "total":"4"}}
{"logTime": "0425/194847", "correlationVector":"EwHERXasFkzizGQg0FqtRU.4","action":"ProcessGetUpdates", "result":"Done", "context":{"dataType":"Edge Hub App Usage", "deleted":"3", "process_failed_to_decrypt":"0", "process_pending_decryption":"0", "process_success":"3", "total":"3"}}
{"logTime": "0425/194847", "correlationVector":"EwHERXasFkzizGQg0FqtRU.5","action":"GetUpdates Response", "result":"Success", "context":Received 250 update(s). cV=EwHERXasFkzizGQg0FqtRU.0;server=akswtt113000006;cloudType=Consumer;environment=Prod_westus2_prod-s01-035-nam-westus2;migrationStage=NotStarted Some updates remain.}
{"logTime": "0425/194847", "correlationVector":"nTKMJ4NoQSs+VzuGcEjuJ1","action":"Initial GetUpdates", "result":"", "context":Reason: NEWLY_SUPPORTED_DATATYPE. cV=nTKMJ4NoQSs+VzuGcEjuJ1}
{"logTime": "0425/194848", "correlationVector":"nTKMJ4NoQSs+VzuGcEjuJ1.1","action":"SyncServerConnectionManagerRequest", "result":"SYNC_SERVER_OK", "context":{"environment":"Prod_westus2_prod-s01-035-nam-westus2", "migrationStage":"NotStarted", "server":"akswtt11300000n"}}
{"logTime": "0425/194848", "correlationVector":"nTKMJ4NoQSs+VzuGcEjuJ1.2","action":"ProcessGetUpdates", "result":"Done", "context":{"dataType":"Extensions", "deleted":"0", "process_failed_to_decrypt":"0", "process_pending_decryption":"0", "process_success":"1", "total":"1"}}
{"logTime": "0425/194848", "correlationVector":"nTKMJ4NoQSs+VzuGcEjuJ1.3","action":"ProcessGetUpdates", "result":"Done", "context":{"dataType":"Sessions", "deleted":"248", "process_failed_to_decrypt":"0", "process_pending_decryption":"0", "process_success":"248", "total":"248"}}
{"logTime": "0425/194848", "correlationVector":"nTKMJ4NoQSs+VzuGcEjuJ1.4","action":"ProcessGetUpdates", "result":"Done", "context":{"dataType":"Edge Hub App Usage", "deleted":"1", "process_failed_to_decrypt":"0", "process_pending_decryption":"0", "process_success":"1", "total":"1"}}
{"logTime": "0425/194848", "correlationVector":"nTKMJ4NoQSs+VzuGcEjuJ1.5","action":"GetUpdates Response", "result":"Success", "context":Received 250 update(s). cV=nTKMJ4NoQSs+VzuGcEjuJ1.0;server=akswtt11300000n;cloudType=Consumer;environment=Prod_westus2_prod-s01-035-nam-westus2;migrationStage=NotStarted Some updates remain.}
{"logTime": "0425/194848", "correlationVector":"j47OUQjO2Rr2aNxKmEeS2I","action":"Initial GetUpdates", "result":"", "context":Reason: NEWLY_SUPPORTED_DATATYPE. cV=j47OUQjO2Rr2aNxKmEeS2I}
{"logTime": "0425/194848", "correlationVector":"j47OUQjO2Rr2aNxKmEeS2I.1","action":"SyncServerConnectionManagerRequest", "result":"SYNC_SERVER_OK", "context":{"environment":"Prod_westus2_prod-s01-035-nam-westus2", "migrationStage":"NotStarted", "server":"akswtt11300000g"}}
{"logTime": "0425/194848", "correlationVector":"j47OUQjO2Rr2aNxKmEeS2I.2","action":"ProcessGetUpdates", "result":"Done", "context":{"dataType":"Sessions", "deleted":"248", "process_failed_to_decrypt":"0", "process_pending_decryption":"0", "process_success":"248", "total":"248"}}
{"logTime": "0425/194848", "correlationVector":"j47OUQjO2Rr2aNxKmEeS2I.3","action":"ProcessGetUpdates", "result":"Done", "context":{"dataType":"Edge Hub App Usage", "deleted":"1", "process_failed_to_decrypt":"0", "process_pending_decryption":"0", "process_success":"2", "total":"2"}}
{"logTime": "0425/194848", "correlationVector":"j47OUQjO2Rr2aNxKmEeS2I.4","action":"GetUpdates Response", "result":"Success", "context":Received 250 update(s). cV=j47OUQjO2Rr2aNxKmEeS2I.0;server=akswtt11300000g;cloudType=Consumer;environment=Prod_westus2_prod-s01-035-nam-westus2;migrationStage=NotStarted Some updates remain.}
{"logTime": "0425/194848", "correlationVector":"I0AC9YR0L6T6/C9kjK+xmW","action":"Initial GetUpdates", "result":"", "context":Reason: NEWLY_SUPPORTED_DATATYPE. cV=I0AC9YR0L6T6/C9kjK+xmW}
{"logTime": "0425/194849", "correlationVector":"I0AC9YR0L6T6/C9kjK+xmW.1","action":"SyncServerConnectionManagerRequest", "result":"SYNC_SERVER_OK", "context":{"environment":"Prod_westus2_prod-s01-035-nam-westus2", "migrationStage":"NotStarted", "server":"akswtt11300000q"}}
{"logTime": "0425/194849", "correlationVector":"I0AC9YR0L6T6/C9kjK+xmW.2","action":"ProcessGetUpdates", "result":"Done", "context":{"dataType":"Autofill Profiles", "deleted":"0", "process_failed_to_decrypt":"0", "process_pending_decryption":"0", "process_success":"10", "total":"10"}}
{"logTime": "0425/194849", "correlationVector":"I0AC9YR0L6T6/C9kjK+xmW.3","action":"ProcessGetUpdates", "result":"Done", "context":{"dataType":"Autofill", "deleted":"0", "process_failed_to_decrypt":"0", "process_pending_decryption":"0", "process_success":"215", "total":"215"}}
{"logTime": "0425/194849", "correlationVector":"I0AC9YR0L6T6/C9kjK+xmW.4","action":"ProcessGetUpdates", "result":"Done", "context":{"dataType":"Sessions", "deleted":"25", "process_failed_to_decrypt":"0", "process_pending_decryption":"0", "process_success":"25", "total":"25"}}
{"logTime": "0425/194849", "correlationVector":"I0AC9YR0L6T6/C9kjK+xmW.5","action":"GetUpdates Response", "result":"Success", "context":Received 250 update(s). cV=I0AC9YR0L6T6/C9kjK+xmW.0;server=akswtt11300000q;cloudType=Consumer;environment=Prod_westus2_prod-s01-035-nam-westus2;migrationStage=NotStarted Some updates remain.}
{"logTime": "0425/194849", "correlationVector":"dpzgtUok9gl6ftx62No4gA","action":"Initial GetUpdates", "result":"", "context":Reason: NEWLY_SUPPORTED_DATATYPE. cV=dpzgtUok9gl6ftx62No4gA}
{"logTime": "0425/194849", "correlationVector":"dpzgtUok9gl6ftx62No4gA.1","action":"SyncServerConnectionManagerRequest", "result":"SYNC_SERVER_OK", "context":{"environment":"Prod_westus2_prod-s01-035-nam-westus2", "migrationStage":"NotStarted", "server":"akswtt11300000g"}}
{"logTime": "0425/194849", "correlationVector":"dpzgtUok9gl6ftx62No4gA.2","action":"ProcessGetUpdates", "result":"Done", "context":{"dataType":"Autofill Profiles", "deleted":"0", "process_failed_to_decrypt":"0", "process_pending_decryption":"0", "process_success":"1", "total":"1"}}
{"logTime": "0425/194849", "correlationVector":"dpzgtUok9gl6ftx62No4gA.3","action":"ProcessGetUpdates", "result":"Done", "context":{"dataType":"Autofill", "deleted":"0", "process_failed_to_decrypt":"0", "process_pending_decryption":"0", "process_success":"234", "total":"234"}}
{"logTime": "0425/194849", "correlationVector":"dpzgtUok9gl6ftx62No4gA.4","action":"ProcessGetUpdates", "result":"Done", "context":{"dataType":"Sessions", "deleted":"15", "process_failed_to_decrypt":"0", "process_pending_decryption":"0", "process_success":"15", "total":"15"}}
{"logTime": "0425/194849", "correlationVector":"dpzgtUok9gl6ftx62No4gA.5","action":"GetUpdates Response", "result":"Success", "context":Received 250 update(s). cV=dpzgtUok9gl6ftx62No4gA.0;server=akswtt11300000g;cloudType=Consumer;environment=Prod_westus2_prod-s01-035-nam-westus2;migrationStage=NotStarted Some updates remain.}
{"logTime": "0425/194849", "correlationVector":"m9LwUVfxFKe3gqMoPeFe+u","action":"Initial GetUpdates", "result":"", "context":Reason: NEWLY_SUPPORTED_DATATYPE. cV=m9LwUVfxFKe3gqMoPeFe+u}
{"logTime": "0425/194849", "correlationVector":"m9LwUVfxFKe3gqMoPeFe+u.1","action":"SyncServerConnectionManagerRequest", "result":"SYNC_SERVER_OK", "context":{"environment":"Prod_westus2_prod-s01-035-nam-westus2", "migrationStage":"NotStarted", "server":"akswtt11300000d"}}
{"logTime": "0425/194849", "correlationVector":"m9LwUVfxFKe3gqMoPeFe+u.2","action":"ProcessGetUpdates", "result":"Done", "context":{"dataType":"Autofill Profiles", "deleted":"0", "process_failed_to_decrypt":"0", "process_pending_decryption":"0", "process_success":"2", "total":"2"}}
{"logTime": "0425/194849", "correlationVector":"m9LwUVfxFKe3gqMoPeFe+u.3","action":"ProcessGetUpdates", "result":"Done", "context":{"dataType":"Autofill", "deleted":"0", "process_failed_to_decrypt":"0", "process_pending_decryption":"0", "process_success":"64", "total":"64"}}
{"logTime": "0425/194849", "correlationVector":"m9LwUVfxFKe3gqMoPeFe+u.4","action":"ProcessGetUpdates", "result":"Done", "context":{"dataType":"Extensions", "deleted":"0", "process_failed_to_decrypt":"0", "process_pending_decryption":"0", "process_success":"1", "total":"1"}}
{"logTime": "0425/194849", "correlationVector":"m9LwUVfxFKe3gqMoPeFe+u.5","action":"ProcessGetUpdates", "result":"Done", "context":{"dataType":"Sessions", "deleted":"164", "process_failed_to_decrypt":"0", "process_pending_decryption":"0", "process_success":"183", "total":"183"}}
{"logTime": "0425/194849", "correlationVector":"m9LwUVfxFKe3gqMoPeFe+u.6","action":"GetUpdates Response", "result":"Success", "context":Received 250 update(s). cV=m9LwUVfxFKe3gqMoPeFe+u.0;server=akswtt11300000d;cloudType=Consumer;environment=Prod_westus2_prod-s01-035-nam-westus2;migrationStage=NotStarted Some updates remain.}
{"logTime": "0425/194849", "correlationVector":"Y/g2n8Yh1kyEeHCMhs/Bv/","action":"Initial GetUpdates", "result":"", "context":Reason: NEWLY_SUPPORTED_DATATYPE. cV=Y/g2n8Yh1kyEeHCMhs/Bv/}
{"logTime": "0425/194849", "correlationVector":"Y/g2n8Yh1kyEeHCMhs/Bv/.1","action":"SyncServerConnectionManagerRequest", "result":"SYNC_SERVER_OK", "context":{"environment":"Prod_westus2_prod-s01-035-nam-westus2", "migrationStage":"NotStarted", "server":"akswtt11300000g"}}
{"logTime": "0425/194849", "correlationVector":"Y/g2n8Yh1kyEeHCMhs/Bv/.2","action":"ProcessGetUpdates", "result":"Done", "context":{"dataType":"Sessions", "deleted":"0", "process_failed_to_decrypt":"0", "process_pending_decryption":"0", "process_success":"1", "total":"1"}}
{"logTime": "0425/194849", "correlationVector":"Y/g2n8Yh1kyEeHCMhs/Bv/.3","action":"GetUpdates Response", "result":"Success", "context":Received 1 update(s). cV=Y/g2n8Yh1kyEeHCMhs/Bv/.0;server=akswtt11300000g;cloudType=Consumer;environment=Prod_westus2_prod-s01-035-nam-westus2;migrationStage=NotStarted}
{"logTime": "0425/194849", "correlationVector":"Mo1Sshgix7hZ9pAnDnXc2y","action":"Initial GetUpdates", "result":"", "context":Reason: NEWLY_SUPPORTED_DATATYPE. cV=Mo1Sshgix7hZ9pAnDnXc2y}
{"logTime": "0425/194850", "correlationVector":"Mo1Sshgix7hZ9pAnDnXc2y.1","action":"SyncServerConnectionManagerRequest", "result":"SYNC_SERVER_OK", "context":{"environment":"Prod_westus2_prod-s01-035-nam-westus2", "migrationStage":"NotStarted", "server":"akswtt11300000p"}}
{"logTime": "0425/194850", "correlationVector":"Mo1Sshgix7hZ9pAnDnXc2y.2","action":"ProcessGetUpdates", "result":"Done", "context":{"dataType":"History", "deleted":"0", "process_failed_to_decrypt":"0", "process_pending_decryption":"0", "process_success":"250", "total":"250"}}
{"logTime": "0425/194850", "correlationVector":"Mo1Sshgix7hZ9pAnDnXc2y.3","action":"GetUpdates Response", "result":"Success", "context":Received 250 update(s). cV=Mo1Sshgix7hZ9pAnDnXc2y.0;server=akswtt11300000p;cloudType=Consumer;environment=Prod_westus2_prod-s01-035-nam-westus2;migrationStage=NotStarted Some updates remain.}
{"logTime": "0425/194850", "correlationVector":"2/TSZuk8EazBQsPqBxfxLs","action":"Initial GetUpdates", "result":"", "context":Reason: NEWLY_SUPPORTED_DATATYPE. cV=2/TSZuk8EazBQsPqBxfxLs}
{"logTime": "0425/194850", "correlationVector":"2/TSZuk8EazBQsPqBxfxLs.1","action":"SyncServerConnectionManagerRequest", "result":"SYNC_SERVER_OK", "context":{"environment":"Prod_westus2_prod-s01-035-nam-westus2", "migrationStage":"NotStarted", "server":"akswtt11300000c"}}
{"logTime": "0425/194850", "correlationVector":"2/TSZuk8EazBQsPqBxfxLs.2","action":"ProcessGetUpdates", "result":"Done", "context":{"dataType":"History", "deleted":"0", "process_failed_to_decrypt":"0", "process_pending_decryption":"0", "process_success":"250", "total":"250"}}
{"logTime": "0425/194850", "correlationVector":"2/TSZuk8EazBQsPqBxfxLs.3","action":"GetUpdates Response", "result":"Success", "context":Received 250 update(s). cV=2/TSZuk8EazBQsPqBxfxLs.0;server=akswtt11300000c;cloudType=Consumer;environment=Prod_westus2_prod-s01-035-nam-westus2;migrationStage=NotStarted Some updates remain.}
{"logTime": "0425/194850", "correlationVector":"oMgmGhJrmOrRF8f1a6DNyb","action":"Initial GetUpdates", "result":"", "context":Reason: NEWLY_SUPPORTED_DATATYPE. cV=oMgmGhJrmOrRF8f1a6DNyb}
{"logTime": "0425/194851", "correlationVector":"oMgmGhJrmOrRF8f1a6DNyb.1","action":"SyncServerConnectionManagerRequest", "result":"SYNC_SERVER_OK", "context":{"environment":"Prod_westus2_prod-s01-035-nam-westus2", "migrationStage":"NotStarted", "server":"akswtt11300000q"}}
{"logTime": "0425/194851", "correlationVector":"oMgmGhJrmOrRF8f1a6DNyb.2","action":"ProcessGetUpdates", "result":"Done", "context":{"dataType":"History", "deleted":"0", "process_failed_to_decrypt":"0", "process_pending_decryption":"0", "process_success":"250", "total":"250"}}
{"logTime": "0425/194851", "correlationVector":"oMgmGhJrmOrRF8f1a6DNyb.3","action":"GetUpdates Response", "result":"Success", "context":Received 250 update(s). cV=oMgmGhJrmOrRF8f1a6DNyb.0;server=akswtt11300000q;cloudType=Consumer;environment=Prod_westus2_prod-s01-035-nam-westus2;migrationStage=NotStarted Some updates remain.}
{"logTime": "0425/194851", "correlationVector":"eA6C2liyQtNGC5zicz9sdX","action":"Initial GetUpdates", "result":"", "context":Reason: NEWLY_SUPPORTED_DATATYPE. cV=eA6C2liyQtNGC5zicz9sdX}
{"logTime": "0425/194851", "correlationVector":"eA6C2liyQtNGC5zicz9sdX.1","action":"SyncServerConnectionManagerRequest", "result":"SYNC_SERVER_OK", "context":{"environment":"Prod_westus2_prod-s01-035-nam-westus2", "migrationStage":"NotStarted", "server":"akswtt11300000g"}}
{"logTime": "0425/194851", "correlationVector":"eA6C2liyQtNGC5zicz9sdX.2","action":"ProcessGetUpdates", "result":"Done", "context":{"dataType":"History", "deleted":"0", "process_failed_to_decrypt":"0", "process_pending_decryption":"0", "process_success":"250", "total":"250"}}
{"logTime": "0425/194851", "correlationVector":"eA6C2liyQtNGC5zicz9sdX.3","action":"GetUpdates Response", "result":"Success", "context":Received 250 update(s). cV=eA6C2liyQtNGC5zicz9sdX.0;server=akswtt11300000g;cloudType=Consumer;environment=Prod_westus2_prod-s01-035-nam-westus2;migrationStage=NotStarted Some updates remain.}
{"logTime": "0425/194851", "correlationVector":"nNewMN38Tg4IQUupCU8sl6","action":"Initial GetUpdates", "result":"", "context":Reason: NEWLY_SUPPORTED_DATATYPE. cV=nNewMN38Tg4IQUupCU8sl6}
{"logTime": "0425/194852", "correlationVector":"nNewMN38Tg4IQUupCU8sl6.1","action":"SyncServerConnectionManagerRequest", "result":"SYNC_SERVER_OK", "context":{"environment":"Prod_westus2_prod-s01-035-nam-westus2", "migrationStage":"NotStarted", "server":"akswtt11300000r"}}
{"logTime": "0425/194852", "correlationVector":"nNewMN38Tg4IQUupCU8sl6.2","action":"ProcessGetUpdates", "result":"Done", "context":{"dataType":"History", "deleted":"0", "process_failed_to_decrypt":"0", "process_pending_decryption":"0", "process_success":"250", "total":"250"}}
{"logTime": "0425/194852", "correlationVector":"nNewMN38Tg4IQUupCU8sl6.3","action":"GetUpdates Response", "result":"Success", "context":Received 250 update(s). cV=nNewMN38Tg4IQUupCU8sl6.0;server=akswtt11300000r;cloudType=Consumer;environment=Prod_westus2_prod-s01-035-nam-westus2;migrationStage=NotStarted Some updates remain.}
{"logTime": "0425/194852", "correlationVector":"FR/zzJH3ceQJinLHvCQdCp","action":"Initial GetUpdates", "result":"", "context":Reason: NEWLY_SUPPORTED_DATATYPE. cV=FR/zzJH3ceQJinLHvCQdCp}
{"logTime": "0425/194852", "correlationVector":"FR/zzJH3ceQJinLHvCQdCp.1","action":"SyncServerConnectionManagerRequest", "result":"SYNC_SERVER_OK", "context":{"environment":"Prod_westus2_prod-s01-035-nam-westus2", "migrationStage":"NotStarted", "server":"akswtt113000005"}}
{"logTime": "0425/194852", "correlationVector":"FR/zzJH3ceQJinLHvCQdCp.2","action":"ProcessGetUpdates", "result":"Done", "context":{"dataType":"History", "deleted":"0", "process_failed_to_decrypt":"0", "process_pending_decryption":"0", "process_success":"250", "total":"250"}}
{"logTime": "0425/194852", "correlationVector":"FR/zzJH3ceQJinLHvCQdCp.3","action":"GetUpdates Response", "result":"Success", "context":Received 250 update(s). cV=FR/zzJH3ceQJinLHvCQdCp.0;server=akswtt113000005;cloudType=Consumer;environment=Prod_westus2_prod-s01-035-nam-westus2;migrationStage=NotStarted Some updates remain.}
{"logTime": "0425/194852", "correlationVector":"wQBCSOWukXEqh2EEAVkj2a","action":"Initial GetUpdates", "result":"", "context":Reason: NEWLY_SUPPORTED_DATATYPE. cV=wQBCSOWukXEqh2EEAVkj2a}
{"logTime": "0425/194852", "correlationVector":"wQBCSOWukXEqh2EEAVkj2a.1","action":"SyncServerConnectionManagerRequest", "result":"SYNC_SERVER_OK", "context":{"environment":"Prod_westus2_prod-s01-035-nam-westus2", "migrationStage":"NotStarted", "server":"akswtt11300000k"}}
{"logTime": "0425/194852", "correlationVector":"wQBCSOWukXEqh2EEAVkj2a.2","action":"ProcessGetUpdates", "result":"Done", "context":{"dataType":"History", "deleted":"0", "process_failed_to_decrypt":"0", "process_pending_decryption":"0", "process_success":"250", "total":"250"}}
{"logTime": "0425/194852", "correlationVector":"wQBCSOWukXEqh2EEAVkj2a.3","action":"GetUpdates Response", "result":"Success", "context":Received 250 update(s). cV=wQBCSOWukXEqh2EEAVkj2a.0;server=akswtt11300000k;cloudType=Consumer;environment=Prod_westus2_prod-s01-035-nam-westus2;migrationStage=NotStarted Some updates remain.}
{"logTime": "0425/194852", "correlationVector":"qqoGlIe0wQYvJqcG/9YDS+","action":"Initial GetUpdates", "result":"", "context":Reason: NEWLY_SUPPORTED_DATATYPE. cV=qqoGlIe0wQYvJqcG/9YDS+}
{"logTime": "0425/194853", "correlationVector":"qqoGlIe0wQYvJqcG/9YDS+.1","action":"SyncServerConnectionManagerRequest", "result":"SYNC_SERVER_OK", "context":{"environment":"Prod_westus2_prod-s01-035-nam-westus2", "migrationStage":"NotStarted", "server":"akswtt11300000q"}}
{"logTime": "0425/194853", "correlationVector":"qqoGlIe0wQYvJqcG/9YDS+.2","action":"ProcessGetUpdates", "result":"Done", "context":{"dataType":"History", "deleted":"0", "process_failed_to_decrypt":"0", "process_pending_decryption":"0", "process_success":"250", "total":"250"}}
{"logTime": "0425/194853", "correlationVector":"qqoGlIe0wQYvJqcG/9YDS+.3","action":"GetUpdates Response", "result":"Success", "context":Received 250 update(s). cV=qqoGlIe0wQYvJqcG/9YDS+.0;server=akswtt11300000q;cloudType=Consumer;environment=Prod_westus2_prod-s01-035-nam-westus2;migrationStage=NotStarted Some updates remain.}
{"logTime": "0425/194853", "correlationVector":"70l9MkqWorCy3Ki6BEF7jf","action":"Initial GetUpdates", "result":"", "context":Reason: NEWLY_SUPPORTED_DATATYPE. cV=70l9MkqWorCy3Ki6BEF7jf}
{"logTime": "0425/194853", "correlationVector":"70l9MkqWorCy3Ki6BEF7jf.1","action":"SyncServerConnectionManagerRequest", "result":"SYNC_SERVER_OK", "context":{"environment":"Prod_westus2_prod-s01-035-nam-westus2", "migrationStage":"NotStarted", "server":"akswtt11300000p"}}
{"logTime": "0425/194853", "correlationVector":"70l9MkqWorCy3Ki6BEF7jf.2","action":"ProcessGetUpdates", "result":"Done", "context":{"dataType":"History", "deleted":"0", "process_failed_to_decrypt":"0", "process_pending_decryption":"0", "process_success":"250", "total":"250"}}
{"logTime": "0425/194853", "correlationVector":"70l9MkqWorCy3Ki6BEF7jf.3","action":"GetUpdates Response", "result":"Success", "context":Received 250 update(s). cV=70l9MkqWorCy3Ki6BEF7jf.0;server=akswtt11300000p;cloudType=Consumer;environment=Prod_westus2_prod-s01-035-nam-westus2;migrationStage=NotStarted Some updates remain.}
{"logTime": "0425/194853", "correlationVector":"Lza5BMni8tNWOX3FFq+jQw","action":"Initial GetUpdates", "result":"", "context":Reason: NEWLY_SUPPORTED_DATATYPE. cV=Lza5BMni8tNWOX3FFq+jQw}
{"logTime": "0425/194853", "correlationVector":"Lza5BMni8tNWOX3FFq+jQw.1","action":"SyncServerConnectionManagerRequest", "result":"SYNC_SERVER_OK", "context":{"environment":"Prod_westus2_prod-s01-035-nam-westus2", "migrationStage":"NotStarted", "server":"akswtt11300000k"}}
{"logTime": "0425/194853", "correlationVector":"Lza5BMni8tNWOX3FFq+jQw.2","action":"ProcessGetUpdates", "result":"Done", "context":{"dataType":"History", "deleted":"0", "process_failed_to_decrypt":"0", "process_pending_decryption":"0", "process_success":"250", "total":"250"}}
{"logTime": "0425/194854", "correlationVector":"Lza5BMni8tNWOX3FFq+jQw.3","action":"GetUpdates Response", "result":"Success", "context":Received 250 update(s). cV=Lza5BMni8tNWOX3FFq+jQw.0;server=akswtt11300000k;cloudType=Consumer;environment=Prod_westus2_prod-s01-035-nam-westus2;migrationStage=NotStarted Some updates remain.}
{"logTime": "0425/194854", "correlationVector":"+iMbthprfzKBdogYKV9Yyy","action":"Initial GetUpdates", "result":"", "context":Reason: NEWLY_SUPPORTED_DATATYPE. cV=+iMbthprfzKBdogYKV9Yyy}
{"logTime": "0425/194854", "correlationVector":"+iMbthprfzKBdogYKV9Yyy.1","action":"SyncServerConnectionManagerRequest", "result":"SYNC_SERVER_OK", "context":{"environment":"Prod_westus2_prod-s01-035-nam-westus2", "migrationStage":"NotStarted", "server":"akswtt11300000j"}}
{"logTime": "0425/194854", "correlationVector":"+iMbthprfzKBdogYKV9Yyy.2","action":"ProcessGetUpdates", "result":"Done", "context":{"dataType":"History", "deleted":"0", "process_failed_to_decrypt":"0", "process_pending_decryption":"0", "process_success":"250", "total":"250"}}
{"logTime": "0425/194854", "correlationVector":"+iMbthprfzKBdogYKV9Yyy.3","action":"GetUpdates Response", "result":"Success", "context":Received 250 update(s). cV=+iMbthprfzKBdogYKV9Yyy.0;server=akswtt11300000j;cloudType=Consumer;environment=Prod_westus2_prod-s01-035-nam-westus2;migrationStage=NotStarted Some updates remain.}
{"logTime": "0425/194854", "correlationVector":"Csc0l8QXo7iOqVmi/CiFu8","action":"Initial GetUpdates", "result":"", "context":Reason: NEWLY_SUPPORTED_DATATYPE. cV=Csc0l8QXo7iOqVmi/CiFu8}
{"logTime": "0425/194854", "correlationVector":"Csc0l8QXo7iOqVmi/CiFu8.1","action":"SyncServerConnectionManagerRequest", "result":"SYNC_SERVER_OK", "context":{"environment":"Prod_westus2_prod-s01-035-nam-westus2", "migrationStage":"NotStarted", "server":"akswtt113000005"}}
{"logTime": "0425/194854", "correlationVector":"Csc0l8QXo7iOqVmi/CiFu8.2","action":"ProcessGetUpdates", "result":"Done", "context":{"dataType":"History", "deleted":"0", "process_failed_to_decrypt":"0", "process_pending_decryption":"0", "process_success":"250", "total":"250"}}
{"logTime": "0425/194854", "correlationVector":"Csc0l8QXo7iOqVmi/CiFu8.3","action":"GetUpdates Response", "result":"Success", "context":Received 250 update(s). cV=Csc0l8QXo7iOqVmi/CiFu8.0;server=akswtt113000005;cloudType=Consumer;environment=Prod_westus2_prod-s01-035-nam-westus2;migrationStage=NotStarted Some updates remain.}
{"logTime": "0425/194854", "correlationVector":"YE6PY/ow0sJ5NsoSc98cXB","action":"Initial GetUpdates", "result":"", "context":Reason: NEWLY_SUPPORTED_DATATYPE. cV=YE6PY/ow0sJ5NsoSc98cXB}
{"logTime": "0425/194854", "correlationVector":"YE6PY/ow0sJ5NsoSc98cXB.1","action":"SyncServerConnectionManagerRequest", "result":"SYNC_SERVER_OK", "context":{"environment":"Prod_westus2_prod-s01-035-nam-westus2", "migrationStage":"NotStarted", "server":"akswtt11300000j"}}
{"logTime": "0425/194854", "correlationVector":"YE6PY/ow0sJ5NsoSc98cXB.2","action":"ProcessGetUpdates", "result":"Done", "context":{"dataType":"History", "deleted":"0", "process_failed_to_decrypt":"0", "process_pending_decryption":"0", "process_success":"42", "total":"42"}}
{"logTime": "0425/194854", "correlationVector":"YE6PY/ow0sJ5NsoSc98cXB.3","action":"GetUpdates Response", "result":"Success", "context":Received 42 update(s). cV=YE6PY/ow0sJ5NsoSc98cXB.0;server=akswtt11300000j;cloudType=Consumer;environment=Prod_westus2_prod-s01-035-nam-westus2;migrationStage=NotStarted}
{"logTime": "0425/194854", "correlationVector":"DQo0ZLCnJydNJZHeXhs6TK","action":"Normal GetUpdate request", "result":"", "context":cV=DQo0ZLCnJydNJZHeXhs6TK
Nudged types: Sessions, Device Info, User Consents, History
Refresh requested types: Bookmarks, Preferences, Passwords, Autofill Profiles, Autofill, Extensions, Sessions, Extension settings, History Delete Directives, Device Info, User Consents, Send Tab To Self, Web Apps, History, Saved Tab Group, WebAuthn Credentials, Collection, Edge E Drop, Edge Hub App Usage, Edge Wallet, Edge Workspace, Encryption Keys}
{"logTime": "0425/194855", "correlationVector":"DQo0ZLCnJydNJZHeXhs6TK.1","action":"SyncServerConnectionManagerRequest", "result":"SYNC_SERVER_OK", "context":{"environment":"Prod_westus2_prod-s01-035-nam-westus2", "migrationStage":"NotStarted", "server":"akswtt11300000p"}}
{"logTime": "0425/194855", "correlationVector":"DQo0ZLCnJydNJZHeXhs6TK.2","action":"ProcessGetUpdates", "result":"Done", "context":{"dataType":"Passwords", "deleted":"0", "process_failed_to_decrypt":"0", "process_pending_decryption":"0", "process_success":"51", "total":"51"}}
{"logTime": "0425/194855", "correlationVector":"DQo0ZLCnJydNJZHeXhs6TK.3","action":"ProcessGetUpdates", "result":"Done", "context":{"dataType":"Sessions", "deleted":"0", "process_failed_to_decrypt":"0", "process_pending_decryption":"0", "process_success":"2", "total":"2"}}
{"logTime": "0425/194855", "correlationVector":"DQo0ZLCnJydNJZHeXhs6TK.4","action":"GetUpdates Response", "result":"Success", "context":Received 53 update(s). cV=DQo0ZLCnJydNJZHeXhs6TK.0;server=akswtt11300000p;cloudType=Consumer;environment=Prod_westus2_prod-s01-035-nam-westus2;migrationStage=NotStarted}
{"logTime": "0425/194855", "correlationVector":"iKY/7s8NWPNsiN3B31OORw","action":"Commit Request", "result":"", "context":Item count: 6
Contributing types: Sessions, Device Info, User Consents, History}
{"logTime": "0425/194855", "correlationVector":"iKY/7s8NWPNsiN3B31OORw.1","action":"SyncServerConnectionManagerRequest", "result":"SYNC_SERVER_OK", "context":{"environment":"Prod_westus2_prod-s01-035-nam-westus2", "migrationStage":"NotStarted", "server":"akswtt11300000g"}}
{"logTime": "0425/194855", "correlationVector":"iKY/7s8NWPNsiN3B31OORw.2","action":"Commit Response", "result":"Success", "context":Result: Success. cV=iKY/7s8NWPNsiN3B31OORw.0;server=akswtt11300000g;cloudType=Consumer;environment=Prod_westus2_prod-s01-035-nam-westus2;migrationStage=NotStarted}
{"logTime": "0425/194855", "correlationVector":"WyCeflp3FIH9jTOQlXtMBN","action":"Normal GetUpdate request", "result":"", "context":cV=WyCeflp3FIH9jTOQlXtMBN
Nudged types: Sessions, Device Info, History
Notified types: Device Info, History}
{"logTime": "0425/194856", "correlationVector":"WyCeflp3FIH9jTOQlXtMBN.1","action":"SyncServerConnectionManagerRequest", "result":"SYNC_SERVER_OK", "context":{"environment":"Prod_westus2_prod-s01-035-nam-westus2", "migrationStage":"NotStarted", "server":"akswtt11300000r"}}
{"logTime": "0425/194856", "correlationVector":"WyCeflp3FIH9jTOQlXtMBN.2","action":"ProcessGetUpdates", "result":"Done", "context":{"dataType":"Sessions", "deleted":"0", "process_failed_to_decrypt":"0", "process_pending_decryption":"0", "process_success":"6", "total":"6"}}
{"logTime": "0425/194856", "correlationVector":"WyCeflp3FIH9jTOQlXtMBN.3","action":"ProcessGetUpdates", "result":"Done", "context":{"dataType":"Device Info", "deleted":"0", "process_failed_to_decrypt":"0", "process_pending_decryption":"0", "process_success":"2", "total":"2"}}
{"logTime": "0425/194856", "correlationVector":"WyCeflp3FIH9jTOQlXtMBN.4","action":"ProcessGetUpdates", "result":"Done", "context":{"dataType":"History", "deleted":"0", "process_failed_to_decrypt":"0", "process_pending_decryption":"0", "process_success":"2", "total":"2"}}
{"logTime": "0425/194856", "correlationVector":"WyCeflp3FIH9jTOQlXtMBN.5","action":"GetUpdates Response", "result":"Success", "context":Received 10 update(s). cV=WyCeflp3FIH9jTOQlXtMBN.0;server=akswtt11300000r;cloudType=Consumer;environment=Prod_westus2_prod-s01-035-nam-westus2;migrationStage=NotStarted}
{"logTime": "0425/194856", "correlationVector":"7I0haa1ZNjig/uMWAmY/j0","action":"DoCompareDataConsistency requsted types: ", "result":"Bookmarks, Preferences, Passwords, Extensions, Extension settings, History Delete Directives, Send Tab To Self, Web Apps, History, Saved Tab Group, WebAuthn Credentials, Collection, Edge E Drop, Edge Wallet, Edge Workspace, Encryption Keys"}
{"logTime": "0425/194856", "correlationVector":"7I0haa1ZNjig/uMWAmY/j0.0","action":"CompareDataConsistency result: ", "result":"Compare result: Encryption Keys is consistent. local entities count is: 1 local entities hash is: mnXhMM6uWcTDhSXh+l/E9Dko8pQ="}
{"logTime": "0425/194856", "correlationVector":"7I0haa1ZNjig/uMWAmY/j0.1","action":"CompareDataConsistency result: ", "result":"Compare result: Bookmarks is consistent. local entities count is: 10 local entities hash is: dRIJ8LTqVVfWU0uUl/z6w63RNiE="}
{"logTime": "0425/194856", "correlationVector":"7I0haa1ZNjig/uMWAmY/j0.2","action":"CompareDataConsistency result: ", "result":"Compare result: Preferences is consistent. local entities count is: 89 local entities hash is: bZ+mUtNKYg6qEOWYuKzN6yBhk48="}
{"logTime": "0425/194856", "correlationVector":"7I0haa1ZNjig/uMWAmY/j0.3","action":"CompareDataConsistency result: ", "result":"Compare result: Extensions is consistent. local entities count is: 2 local entities hash is: lJF09PksAwK+l2NzLIAVbQptmSg="}
{"logTime": "0425/194856", "correlationVector":"7I0haa1ZNjig/uMWAmY/j0.4","action":"CompareDataConsistency result: ", "result":"Compare result: Extension settings is consistent. local entities count is: 0 local entities hash is: "}
{"logTime": "0425/194856", "correlationVector":"7I0haa1ZNjig/uMWAmY/j0.5","action":"CompareDataConsistency result: ", "result":"Compare result: History Delete Directives is consistent. local entities count is: 0 local entities hash is: "}
{"logTime": "0425/194856", "correlationVector":"7I0haa1ZNjig/uMWAmY/j0.6","action":"CompareDataConsistency result: ", "result":"Server did not send this Send Tab To Self local entities count is: 0 local entities hash is: "}
{"logTime": "0425/194856", "correlationVector":"7I0haa1ZNjig/uMWAmY/j0.7","action":"CompareDataConsistency result: ", "result":"Compare result: Web Apps is consistent. local entities count is: 0 local entities hash is: "}
{"logTime": "0425/194856", "correlationVector":"7I0haa1ZNjig/uMWAmY/j0.8","action":"CompareDataConsistency result: ", "result":"Server did not send this History local entities count is: 0 local entities hash is: "}
{"logTime": "0425/194856", "correlationVector":"7I0haa1ZNjig/uMWAmY/j0.9","action":"CompareDataConsistency result: ", "result":"Compare result: Saved Tab Group is consistent. local entities count is: 4 local entities hash is: +GFk7KIWm5+J1ieLQgUiX21jXXI="}
{"logTime": "0425/194856", "correlationVector":"7I0haa1ZNjig/uMWAmY/j0.10","action":"CompareDataConsistency result: ", "result":"Server did not send this WebAuthn Credentials local entities count is: 0 local entities hash is: "}
{"logTime": "0425/194856", "correlationVector":"7I0haa1ZNjig/uMWAmY/j0.11","action":"CompareDataConsistency result: ", "result":"Compare result: Collection is consistent. local entities count is: 0 local entities hash is: "}
{"logTime": "0425/194856", "correlationVector":"7I0haa1ZNjig/uMWAmY/j0.12","action":"CompareDataConsistency result: ", "result":"Compare result: Edge E Drop is consistent. local entities count is: 0 local entities hash is: "}
{"logTime": "0425/194856", "correlationVector":"7I0haa1ZNjig/uMWAmY/j0.13","action":"CompareDataConsistency result: ", "result":"Compare result: Edge Wallet is consistent. local entities count is: 0 local entities hash is: "}
{"logTime": "0425/194856", "correlationVector":"7I0haa1ZNjig/uMWAmY/j0.14","action":"CompareDataConsistency result: ", "result":"Server did not send this Edge Workspace local entities count is: 0 local entities hash is: "}
{"logTime": "0425/194856", "correlationVector":"7I0haa1ZNjig/uMWAmY/j0.15","action":"CompareDataConsistency result: ", "result":"Compare result: Passwords is consistent. local entities count is: 52 local entities hash is: spxTvXddBrcWKwpolH7HAWoxIJQ="}
{"logTime": "0425/194856", "correlationVector":"","action":"DIAGNOSTIC_REQUEST|v1/diagnosticData/Diagnostic.SendCheckResult()|SUCCESS", "result":""}
{"logTime": "0425/194904", "correlationVector":"qUiF3ioJFFoYdlUh0YOwX9","action":"Normal GetUpdate request", "result":"", "context":cV=qUiF3ioJFFoYdlUh0YOwX9
Nudged types: Sessions, History
Notified types: Preferences, Device Info}
{"logTime": "0425/194904", "correlationVector":"qUiF3ioJFFoYdlUh0YOwX9.1","action":"SyncServerConnectionManagerRequest", "result":"SYNC_SERVER_OK", "context":{"environment":"Prod_westus2_prod-s01-035-nam-westus2", "migrationStage":"NotStarted", "server":"akswtt11300000p"}}
{"logTime": "0425/194904", "correlationVector":"qUiF3ioJFFoYdlUh0YOwX9.2","action":"ProcessGetUpdates", "result":"Done", "context":{"dataType":"Preferences", "deleted":"0", "process_failed_to_decrypt":"0", "process_pending_decryption":"0", "process_success":"1", "total":"1"}}
{"logTime": "0425/194904", "correlationVector":"qUiF3ioJFFoYdlUh0YOwX9.3","action":"ProcessGetUpdates", "result":"Done", "context":{"dataType":"Device Info", "deleted":"0", "process_failed_to_decrypt":"0", "process_pending_decryption":"0", "process_success":"1", "total":"1"}}
{"logTime": "0425/194904", "correlationVector":"qUiF3ioJFFoYdlUh0YOwX9.4","action":"GetUpdates Response", "result":"Success", "context":Received 2 update(s). cV=qUiF3ioJFFoYdlUh0YOwX9.0;server=akswtt11300000p;cloudType=Consumer;environment=Prod_westus2_prod-s01-035-nam-westus2;migrationStage=NotStarted}
{"logTime": "0425/194904", "correlationVector":"ZiTxhcsk7v6Vn68hcGnd+n","action":"Commit Request", "result":"", "context":Item count: 3
Contributing types: Sessions, History}
{"logTime": "0425/194904", "correlationVector":"ZiTxhcsk7v6Vn68hcGnd+n.1","action":"SyncServerConnectionManagerRequest", "result":"SYNC_SERVER_OK", "context":{"environment":"Prod_westus2_prod-s01-035-nam-westus2", "migrationStage":"NotStarted", "server":"akswtt113000005"}}
{"logTime": "0425/194904", "correlationVector":"ZiTxhcsk7v6Vn68hcGnd+n.2","action":"Commit Response", "result":"Success", "context":Result: Success. cV=ZiTxhcsk7v6Vn68hcGnd+n.0;server=akswtt113000005;cloudType=Consumer;environment=Prod_westus2_prod-s01-035-nam-westus2;migrationStage=NotStarted}
{"logTime": "0425/194905", "correlationVector":"c9TXnom74NLgXfohvgcCFR","action":"Normal GetUpdate request", "result":"", "context":cV=c9TXnom74NLgXfohvgcCFR
Nudged types: Sessions, History
Notified types: History}
{"logTime": "0425/194905", "correlationVector":"c9TXnom74NLgXfohvgcCFR.1","action":"SyncServerConnectionManagerRequest", "result":"SYNC_SERVER_OK", "context":{"environment":"Prod_westus2_prod-s01-035-nam-westus2", "migrationStage":"NotStarted", "server":"akswtt113000003"}}
{"logTime": "0425/194905", "correlationVector":"c9TXnom74NLgXfohvgcCFR.2","action":"ProcessGetUpdates", "result":"Done", "context":{"dataType":"Preferences", "deleted":"0", "process_failed_to_decrypt":"0", "process_pending_decryption":"0", "process_success":"1", "total":"1"}}
{"logTime": "0425/194905", "correlationVector":"c9TXnom74NLgXfohvgcCFR.3","action":"ProcessGetUpdates", "result":"Done", "context":{"dataType":"Sessions", "deleted":"0", "process_failed_to_decrypt":"0", "process_pending_decryption":"0", "process_success":"2", "total":"2"}}
{"logTime": "0425/194905", "correlationVector":"c9TXnom74NLgXfohvgcCFR.4","action":"ProcessGetUpdates", "result":"Done", "context":{"dataType":"History", "deleted":"0", "process_failed_to_decrypt":"0", "process_pending_decryption":"0", "process_success":"4", "total":"4"}}
{"logTime": "0425/194905", "correlationVector":"c9TXnom74NLgXfohvgcCFR.5","action":"GetUpdates Response", "result":"Success", "context":Received 7 update(s). cV=c9TXnom74NLgXfohvgcCFR.0;server=akswtt113000003;cloudType=Consumer;environment=Prod_westus2_prod-s01-035-nam-westus2;migrationStage=NotStarted}
{"logTime": "0425/194906", "correlationVector":"toY8uouaOa6pqi7G5iiZBR","action":"Normal GetUpdate request", "result":"", "context":cV=toY8uouaOa6pqi7G5iiZBR
Notified types: Preferences}
{"logTime": "0425/194906", "correlationVector":"toY8uouaOa6pqi7G5iiZBR.1","action":"SyncServerConnectionManagerRequest", "result":"SYNC_SERVER_OK", "context":{"environment":"Prod_westus2_prod-s01-035-nam-westus2", "migrationStage":"NotStarted", "server":"akswtt11300000g"}}
{"logTime": "0425/194906", "correlationVector":"toY8uouaOa6pqi7G5iiZBR.2","action":"GetUpdates Response", "result":"Success", "context":Received 0 update(s). cV=toY8uouaOa6pqi7G5iiZBR.0;server=akswtt11300000g;cloudType=Consumer;environment=Prod_westus2_prod-s01-035-nam-westus2;migrationStage=NotStarted}
