{"logTime": "0426/154634", "correlationVector":"VkrTmya3IfpQGaV5oOyhYY.1","action":"SyncServerConnectionManagerRequest", "result":"SYNC_SERVER_OK", "context":{"environment":"Prod_westus2_prod-s01-035-nam-westus2", "migrationStage":"NotStarted", "server":"akswtt11300000x"}}
{"logTime": "0426/154634", "correlationVector":"VkrTmya3IfpQGaV5oOyhYY.2","action":"ProcessGetUpdates", "result":"Done", "context":{"dataType":"Encryption Keys", "deleted":"0", "process_failed_to_decrypt":"0", "process_pending_decryption":"0", "process_success":"1", "total":"1"}}
{"logTime": "0426/154634", "correlationVector":"P/v448qzAIYqjoaeSvRdn6","action":"SyncServerConnectionManagerRequest", "result":"SYNC_SERVER_ERROR", "context":{"environment":"", "error_type":"http_status_code", "error_value":"400", "migrationStage":"", "server":""}}
{"logTime": "0426/154634", "correlationVector":"VkrTmya3IfpQGaV5oOyhYY","action":"Initial GetUpdates", "result":"", "context":Reason: NEW_CLIENT. cV=VkrTmya3IfpQGaV5oOyhYY}
{"logTime": "0426/154634", "correlationVector":"VkrTmya3IfpQGaV5oOyhYY.3","action":"GetUpdates Response", "result":"Success", "context":Received 1 update(s). cV=VkrTmya3IfpQGaV5oOyhYY.0;server=akswtt11300000x;cloudType=Consumer;environment=Prod_westus2_prod-s01-035-nam-westus2;migrationStage=NotStarted}
{"logTime": "0426/154634", "correlationVector":"kyn8lF4wPONgv3PICBXuxb","action":"Initial GetUpdates", "result":"", "context":Reason: NEW_CLIENT. cV=kyn8lF4wPONgv3PICBXuxb}
{"logTime": "0426/154635", "correlationVector":"kyn8lF4wPONgv3PICBXuxb.1","action":"SyncServerConnectionManagerRequest", "result":"SYNC_SERVER_OK", "context":{"environment":"Prod_westus2_prod-s01-035-nam-westus2", "migrationStage":"NotStarted", "server":"akswtt11300000l"}}
{"logTime": "0426/154635", "correlationVector":"kyn8lF4wPONgv3PICBXuxb.2","action":"ProcessGetUpdates", "result":"Done", "context":{"dataType":"Preferences", "deleted":"0", "process_failed_to_decrypt":"0", "process_pending_decryption":"0", "process_success":"89", "total":"89"}}
{"logTime": "0426/154635", "correlationVector":"kyn8lF4wPONgv3PICBXuxb.3","action":"ProcessGetUpdates", "result":"Done", "context":{"dataType":"Device Info", "deleted":"0", "process_failed_to_decrypt":"0", "process_pending_decryption":"0", "process_success":"19", "total":"19"}}
{"logTime": "0426/154635", "correlationVector":"kyn8lF4wPONgv3PICBXuxb.4","action":"GetUpdates Response", "result":"Success", "context":Received 108 update(s). cV=kyn8lF4wPONgv3PICBXuxb.0;server=akswtt11300000l;cloudType=Consumer;environment=Prod_westus2_prod-s01-035-nam-westus2;migrationStage=NotStarted}
{"logTime": "0426/154635", "correlationVector":"LpgPI2M5c0BMsOIblntDxL","action":"SyncServerConnectionManagerRequest", "result":"SYNC_SERVER_ERROR", "context":{"environment":"", "error_type":"http_status_code", "error_value":"400", "migrationStage":"", "server":""}}
{"logTime": "0426/154635", "correlationVector":"DN9CIftNLIIP63SYblNFJC","action":"Initial GetUpdates", "result":"", "context":Reason: NEW_CLIENT. cV=DN9CIftNLIIP63SYblNFJC}
{"logTime": "0426/154635", "correlationVector":"DN9CIftNLIIP63SYblNFJC.1","action":"SyncServerConnectionManagerRequest", "result":"SYNC_SERVER_OK", "context":{"environment":"Prod_westus2_prod-s01-035-nam-westus2", "migrationStage":"NotStarted", "server":"akswtt11300000l"}}
{"logTime": "0426/154635", "correlationVector":"DN9CIftNLIIP63SYblNFJC.2","action":"ProcessGetUpdates", "result":"Done", "context":{"dataType":"Bookmarks", "deleted":"0", "process_failed_to_decrypt":"0", "process_pending_decryption":"0", "process_success":"16", "total":"16"}}
{"logTime": "0426/154635", "correlationVector":"DN9CIftNLIIP63SYblNFJC.3","action":"GetUpdates Response", "result":"Success", "context":Received 16 update(s). cV=DN9CIftNLIIP63SYblNFJC.0;server=akswtt11300000l;cloudType=Consumer;environment=Prod_westus2_prod-s01-035-nam-westus2;migrationStage=NotStarted}
{"logTime": "0426/154635", "correlationVector":"D/iS6msh2UiBot33jm5T83","action":"SyncServerConnectionManagerRequest", "result":"SYNC_SERVER_ERROR", "context":{"environment":"", "error_type":"http_status_code", "error_value":"400", "migrationStage":"", "server":""}}
{"logTime": "0426/154635", "correlationVector":"0zDSwAQDqWzlT25zBN0MjP","action":"Initial GetUpdates", "result":"", "context":Reason: NEW_CLIENT. cV=0zDSwAQDqWzlT25zBN0MjP}
{"logTime": "0426/154636", "correlationVector":"0zDSwAQDqWzlT25zBN0MjP.1","action":"SyncServerConnectionManagerRequest", "result":"SYNC_SERVER_OK", "context":{"environment":"Prod_westus2_prod-s01-035-nam-westus2", "migrationStage":"NotStarted", "server":"akswtt11300000n"}}
{"logTime": "0426/154636", "correlationVector":"0zDSwAQDqWzlT25zBN0MjP.2","action":"ProcessGetUpdates", "result":"Done", "context":{"dataType":"Edge Hub App Usage", "deleted":"0", "process_failed_to_decrypt":"0", "process_pending_decryption":"0", "process_success":"1", "total":"1"}}
{"logTime": "0426/154636", "correlationVector":"0zDSwAQDqWzlT25zBN0MjP.3","action":"GetUpdates Response", "result":"Success", "context":Received 1 update(s). cV=0zDSwAQDqWzlT25zBN0MjP.0;server=akswtt11300000n;cloudType=Consumer;environment=Prod_westus2_prod-s01-035-nam-westus2;migrationStage=NotStarted Some updates remain.}
{"logTime": "0426/154636", "correlationVector":"RajyQXCVJHd/g1YZRQ2AsP","action":"Initial GetUpdates", "result":"", "context":Reason: NEW_CLIENT. cV=RajyQXCVJHd/g1YZRQ2AsP}
{"logTime": "0426/154636", "correlationVector":"RajyQXCVJHd/g1YZRQ2AsP.1","action":"SyncServerConnectionManagerRequest", "result":"SYNC_SERVER_OK", "context":{"environment":"Prod_westus2_prod-s01-035-nam-westus2", "migrationStage":"NotStarted", "server":"akswtt11300000p"}}
{"logTime": "0426/154636", "correlationVector":"RajyQXCVJHd/g1YZRQ2AsP.2","action":"ProcessGetUpdates", "result":"Done", "context":{"dataType":"Saved Tab Group", "deleted":"0", "process_failed_to_decrypt":"0", "process_pending_decryption":"0", "process_success":"4", "total":"4"}}
{"logTime": "0426/154636", "correlationVector":"RajyQXCVJHd/g1YZRQ2AsP.3","action":"GetUpdates Response", "result":"Success", "context":Received 4 update(s). cV=RajyQXCVJHd/g1YZRQ2AsP.0;server=akswtt11300000p;cloudType=Consumer;environment=Prod_westus2_prod-s01-035-nam-westus2;migrationStage=NotStarted Some updates remain.}
{"logTime": "0426/154636", "correlationVector":"F7+KXfZOQrcFMN5O2vJbff","action":"Initial GetUpdates", "result":"", "context":Reason: NEW_CLIENT. cV=F7+KXfZOQrcFMN5O2vJbff}
{"logTime": "0426/154636", "correlationVector":"F7+KXfZOQrcFMN5O2vJbff.1","action":"SyncServerConnectionManagerRequest", "result":"SYNC_SERVER_OK", "context":{"environment":"Prod_westus2_prod-s01-035-nam-westus2", "migrationStage":"NotStarted", "server":"akswtt11300000n"}}
{"logTime": "0426/154636", "correlationVector":"F7+KXfZOQrcFMN5O2vJbff.2","action":"ProcessGetUpdates", "result":"Done", "context":{"dataType":"Extensions", "deleted":"0", "process_failed_to_decrypt":"0", "process_pending_decryption":"0", "process_success":"1", "total":"1"}}
{"logTime": "0426/154636", "correlationVector":"F7+KXfZOQrcFMN5O2vJbff.3","action":"GetUpdates Response", "result":"Success", "context":Received 1 update(s). cV=F7+KXfZOQrcFMN5O2vJbff.0;server=akswtt11300000n;cloudType=Consumer;environment=Prod_westus2_prod-s01-035-nam-westus2;migrationStage=NotStarted Some updates remain.}
{"logTime": "0426/154636", "correlationVector":"tENi/RHRoYjDz6xBpU3IIe","action":"Initial GetUpdates", "result":"", "context":Reason: NEW_CLIENT. cV=tENi/RHRoYjDz6xBpU3IIe}
{"logTime": "0426/154636", "correlationVector":"tENi/RHRoYjDz6xBpU3IIe.1","action":"SyncServerConnectionManagerRequest", "result":"SYNC_SERVER_OK", "context":{"environment":"Prod_westus2_prod-s01-035-nam-westus2", "migrationStage":"NotStarted", "server":"akswtt11300000d"}}
{"logTime": "0426/154636", "correlationVector":"tENi/RHRoYjDz6xBpU3IIe.2","action":"ProcessGetUpdates", "result":"Done", "context":{"dataType":"Edge Hub App Usage", "deleted":"0", "process_failed_to_decrypt":"0", "process_pending_decryption":"0", "process_success":"1", "total":"1"}}
{"logTime": "0426/154636", "correlationVector":"tENi/RHRoYjDz6xBpU3IIe.3","action":"GetUpdates Response", "result":"Success", "context":Received 1 update(s). cV=tENi/RHRoYjDz6xBpU3IIe.0;server=akswtt11300000d;cloudType=Consumer;environment=Prod_westus2_prod-s01-035-nam-westus2;migrationStage=NotStarted Some updates remain.}
{"logTime": "0426/154636", "correlationVector":"ERIto3/wvuCwwQ32NfvipW","action":"Initial GetUpdates", "result":"", "context":Reason: NEW_CLIENT. cV=ERIto3/wvuCwwQ32NfvipW}
{"logTime": "0426/154637", "correlationVector":"ERIto3/wvuCwwQ32NfvipW.1","action":"SyncServerConnectionManagerRequest", "result":"SYNC_SERVER_OK", "context":{"environment":"Prod_westus2_prod-s01-035-nam-westus2", "migrationStage":"NotStarted", "server":"akswtt113000006"}}
{"logTime": "0426/154637", "correlationVector":"ERIto3/wvuCwwQ32NfvipW.2","action":"ProcessGetUpdates", "result":"Done", "context":{"dataType":"Extensions", "deleted":"0", "process_failed_to_decrypt":"0", "process_pending_decryption":"0", "process_success":"1", "total":"1"}}
{"logTime": "0426/154637", "correlationVector":"ERIto3/wvuCwwQ32NfvipW.3","action":"ProcessGetUpdates", "result":"Done", "context":{"dataType":"Sessions", "deleted":"0", "process_failed_to_decrypt":"0", "process_pending_decryption":"0", "process_success":"27", "total":"27"}}
{"logTime": "0426/154637", "correlationVector":"ERIto3/wvuCwwQ32NfvipW.4","action":"GetUpdates Response", "result":"Success", "context":Received 28 update(s). cV=ERIto3/wvuCwwQ32NfvipW.0;server=akswtt113000006;cloudType=Consumer;environment=Prod_westus2_prod-s01-035-nam-westus2;migrationStage=NotStarted Some updates remain.}
{"logTime": "0426/154637", "correlationVector":"LGC4dZMz5xfWsEfzGnoz5j","action":"Initial GetUpdates", "result":"", "context":Reason: NEW_CLIENT. cV=LGC4dZMz5xfWsEfzGnoz5j}
{"logTime": "0426/154637", "correlationVector":"LGC4dZMz5xfWsEfzGnoz5j.1","action":"SyncServerConnectionManagerRequest", "result":"SYNC_SERVER_OK", "context":{"environment":"Prod_westus2_prod-s01-035-nam-westus2", "migrationStage":"NotStarted", "server":"akswtt11300000s"}}
{"logTime": "0426/154637", "correlationVector":"LGC4dZMz5xfWsEfzGnoz5j.2","action":"ProcessGetUpdates", "result":"Done", "context":{"dataType":"Sessions", "deleted":"0", "process_failed_to_decrypt":"0", "process_pending_decryption":"0", "process_success":"28", "total":"28"}}
{"logTime": "0426/154637", "correlationVector":"LGC4dZMz5xfWsEfzGnoz5j.3","action":"GetUpdates Response", "result":"Success", "context":Received 28 update(s). cV=LGC4dZMz5xfWsEfzGnoz5j.0;server=akswtt11300000s;cloudType=Consumer;environment=Prod_westus2_prod-s01-035-nam-westus2;migrationStage=NotStarted}
{"logTime": "0426/154637", "correlationVector":"2+uY593n1tKQyza8Tgl0la","action":"SyncServerConnectionManagerRequest", "result":"SYNC_SERVER_ERROR", "context":{"environment":"", "error_type":"http_status_code", "error_value":"400", "migrationStage":"", "server":""}}
{"logTime": "0426/154637", "correlationVector":"6x7PA4oGjmutVGG1Mw2GGC","action":"Initial GetUpdates", "result":"", "context":Reason: NEW_CLIENT. cV=6x7PA4oGjmutVGG1Mw2GGC}
{"logTime": "0426/154638", "correlationVector":"6x7PA4oGjmutVGG1Mw2GGC.1","action":"SyncServerConnectionManagerRequest", "result":"SYNC_SERVER_OK", "context":{"environment":"Prod_westus2_prod-s01-035-nam-westus2", "migrationStage":"NotStarted", "server":"akswtt11300000r"}}
{"logTime": "0426/154638", "correlationVector":"6x7PA4oGjmutVGG1Mw2GGC.2","action":"ProcessGetUpdates", "result":"Done", "context":{"dataType":"History", "deleted":"0", "process_failed_to_decrypt":"0", "process_pending_decryption":"0", "process_success":"250", "total":"250"}}
{"logTime": "0426/154638", "correlationVector":"6x7PA4oGjmutVGG1Mw2GGC.3","action":"GetUpdates Response", "result":"Success", "context":Received 250 update(s). cV=6x7PA4oGjmutVGG1Mw2GGC.0;server=akswtt11300000r;cloudType=Consumer;environment=Prod_westus2_prod-s01-035-nam-westus2;migrationStage=NotStarted Some updates remain.}
{"logTime": "0426/154638", "correlationVector":"iylzSRe9ZLhuLXDxg5fMbg","action":"Initial GetUpdates", "result":"", "context":Reason: NEW_CLIENT. cV=iylzSRe9ZLhuLXDxg5fMbg}
{"logTime": "0426/154638", "correlationVector":"iylzSRe9ZLhuLXDxg5fMbg.1","action":"SyncServerConnectionManagerRequest", "result":"SYNC_SERVER_OK", "context":{"environment":"Prod_westus2_prod-s01-035-nam-westus2", "migrationStage":"NotStarted", "server":"akswtt113000009"}}
{"logTime": "0426/154638", "correlationVector":"iylzSRe9ZLhuLXDxg5fMbg.2","action":"ProcessGetUpdates", "result":"Done", "context":{"dataType":"History", "deleted":"0", "process_failed_to_decrypt":"0", "process_pending_decryption":"0", "process_success":"250", "total":"250"}}
{"logTime": "0426/154638", "correlationVector":"iylzSRe9ZLhuLXDxg5fMbg.3","action":"GetUpdates Response", "result":"Success", "context":Received 250 update(s). cV=iylzSRe9ZLhuLXDxg5fMbg.0;server=akswtt113000009;cloudType=Consumer;environment=Prod_westus2_prod-s01-035-nam-westus2;migrationStage=NotStarted Some updates remain.}
{"logTime": "0426/154638", "correlationVector":"AXdU3OtHDDW4htF/UT+jyc","action":"Initial GetUpdates", "result":"", "context":Reason: NEW_CLIENT. cV=AXdU3OtHDDW4htF/UT+jyc}
{"logTime": "0426/154638", "correlationVector":"AXdU3OtHDDW4htF/UT+jyc.1","action":"SyncServerConnectionManagerRequest", "result":"SYNC_SERVER_OK", "context":{"environment":"Prod_westus2_prod-s01-035-nam-westus2", "migrationStage":"NotStarted", "server":"akswtt11300000r"}}
{"logTime": "0426/154638", "correlationVector":"AXdU3OtHDDW4htF/UT+jyc.2","action":"ProcessGetUpdates", "result":"Done", "context":{"dataType":"History", "deleted":"0", "process_failed_to_decrypt":"0", "process_pending_decryption":"0", "process_success":"250", "total":"250"}}
{"logTime": "0426/154638", "correlationVector":"AXdU3OtHDDW4htF/UT+jyc.3","action":"GetUpdates Response", "result":"Success", "context":Received 250 update(s). cV=AXdU3OtHDDW4htF/UT+jyc.0;server=akswtt11300000r;cloudType=Consumer;environment=Prod_westus2_prod-s01-035-nam-westus2;migrationStage=NotStarted Some updates remain.}
{"logTime": "0426/154638", "correlationVector":"2j5QeHOUVqS0QBUSIuszto","action":"Initial GetUpdates", "result":"", "context":Reason: NEW_CLIENT. cV=2j5QeHOUVqS0QBUSIuszto}
{"logTime": "0426/154639", "correlationVector":"2j5QeHOUVqS0QBUSIuszto.1","action":"SyncServerConnectionManagerRequest", "result":"SYNC_SERVER_OK", "context":{"environment":"Prod_westus2_prod-s01-035-nam-westus2", "migrationStage":"NotStarted", "server":"akswtt113000006"}}
{"logTime": "0426/154639", "correlationVector":"2j5QeHOUVqS0QBUSIuszto.2","action":"ProcessGetUpdates", "result":"Done", "context":{"dataType":"History", "deleted":"0", "process_failed_to_decrypt":"0", "process_pending_decryption":"0", "process_success":"250", "total":"250"}}
{"logTime": "0426/154639", "correlationVector":"2j5QeHOUVqS0QBUSIuszto.3","action":"GetUpdates Response", "result":"Success", "context":Received 250 update(s). cV=2j5QeHOUVqS0QBUSIuszto.0;server=akswtt113000006;cloudType=Consumer;environment=Prod_westus2_prod-s01-035-nam-westus2;migrationStage=NotStarted Some updates remain.}
{"logTime": "0426/154639", "correlationVector":"vDqmZIDUWmPxl1pOuERpWs","action":"Initial GetUpdates", "result":"", "context":Reason: NEW_CLIENT. cV=vDqmZIDUWmPxl1pOuERpWs}
{"logTime": "0426/154639", "correlationVector":"vDqmZIDUWmPxl1pOuERpWs.1","action":"SyncServerConnectionManagerRequest", "result":"SYNC_SERVER_OK", "context":{"environment":"Prod_westus2_prod-s01-035-nam-westus2", "migrationStage":"NotStarted", "server":"akswtt11300000r"}}
{"logTime": "0426/154639", "correlationVector":"vDqmZIDUWmPxl1pOuERpWs.2","action":"ProcessGetUpdates", "result":"Done", "context":{"dataType":"History", "deleted":"0", "process_failed_to_decrypt":"0", "process_pending_decryption":"0", "process_success":"250", "total":"250"}}
{"logTime": "0426/154639", "correlationVector":"vDqmZIDUWmPxl1pOuERpWs.3","action":"GetUpdates Response", "result":"Success", "context":Received 250 update(s). cV=vDqmZIDUWmPxl1pOuERpWs.0;server=akswtt11300000r;cloudType=Consumer;environment=Prod_westus2_prod-s01-035-nam-westus2;migrationStage=NotStarted Some updates remain.}
{"logTime": "0426/154639", "correlationVector":"nltREhn/8D+HbUJ8j0GjlE","action":"Initial GetUpdates", "result":"", "context":Reason: NEW_CLIENT. cV=nltREhn/8D+HbUJ8j0GjlE}
{"logTime": "0426/154640", "correlationVector":"nltREhn/8D+HbUJ8j0GjlE.1","action":"SyncServerConnectionManagerRequest", "result":"SYNC_SERVER_OK", "context":{"environment":"Prod_westus2_prod-s01-035-nam-westus2", "migrationStage":"NotStarted", "server":"akswtt11300000q"}}
{"logTime": "0426/154640", "correlationVector":"nltREhn/8D+HbUJ8j0GjlE.2","action":"ProcessGetUpdates", "result":"Done", "context":{"dataType":"History", "deleted":"0", "process_failed_to_decrypt":"0", "process_pending_decryption":"0", "process_success":"250", "total":"250"}}
{"logTime": "0426/154640", "correlationVector":"nltREhn/8D+HbUJ8j0GjlE.3","action":"GetUpdates Response", "result":"Success", "context":Received 250 update(s). cV=nltREhn/8D+HbUJ8j0GjlE.0;server=akswtt11300000q;cloudType=Consumer;environment=Prod_westus2_prod-s01-035-nam-westus2;migrationStage=NotStarted Some updates remain.}
{"logTime": "0426/154640", "correlationVector":"GBQgtNZmBbWOobZaWa0YE2","action":"Initial GetUpdates", "result":"", "context":Reason: NEW_CLIENT. cV=GBQgtNZmBbWOobZaWa0YE2}
{"logTime": "0426/154640", "correlationVector":"GBQgtNZmBbWOobZaWa0YE2.1","action":"SyncServerConnectionManagerRequest", "result":"SYNC_SERVER_OK", "context":{"environment":"Prod_westus2_prod-s01-035-nam-westus2", "migrationStage":"NotStarted", "server":"akswtt11300000k"}}
{"logTime": "0426/154640", "correlationVector":"GBQgtNZmBbWOobZaWa0YE2.2","action":"ProcessGetUpdates", "result":"Done", "context":{"dataType":"History", "deleted":"0", "process_failed_to_decrypt":"0", "process_pending_decryption":"0", "process_success":"250", "total":"250"}}
{"logTime": "0426/154640", "correlationVector":"GBQgtNZmBbWOobZaWa0YE2.3","action":"GetUpdates Response", "result":"Success", "context":Received 250 update(s). cV=GBQgtNZmBbWOobZaWa0YE2.0;server=akswtt11300000k;cloudType=Consumer;environment=Prod_westus2_prod-s01-035-nam-westus2;migrationStage=NotStarted Some updates remain.}
{"logTime": "0426/154640", "correlationVector":"6tTQJuavJQxvmOrElBZaRN","action":"Initial GetUpdates", "result":"", "context":Reason: NEW_CLIENT. cV=6tTQJuavJQxvmOrElBZaRN}
{"logTime": "0426/154640", "correlationVector":"6tTQJuavJQxvmOrElBZaRN.1","action":"SyncServerConnectionManagerRequest", "result":"SYNC_SERVER_OK", "context":{"environment":"Prod_westus2_prod-s01-035-nam-westus2", "migrationStage":"NotStarted", "server":"akswtt11300000s"}}
{"logTime": "0426/154640", "correlationVector":"6tTQJuavJQxvmOrElBZaRN.2","action":"ProcessGetUpdates", "result":"Done", "context":{"dataType":"History", "deleted":"0", "process_failed_to_decrypt":"0", "process_pending_decryption":"0", "process_success":"250", "total":"250"}}
{"logTime": "0426/154640", "correlationVector":"6tTQJuavJQxvmOrElBZaRN.3","action":"GetUpdates Response", "result":"Success", "context":Received 250 update(s). cV=6tTQJuavJQxvmOrElBZaRN.0;server=akswtt11300000s;cloudType=Consumer;environment=Prod_westus2_prod-s01-035-nam-westus2;migrationStage=NotStarted Some updates remain.}
{"logTime": "0426/154640", "correlationVector":"Stdm3zqEXE29xu6c+769ZZ","action":"Initial GetUpdates", "result":"", "context":Reason: NEW_CLIENT. cV=Stdm3zqEXE29xu6c+769ZZ}
{"logTime": "0426/154641", "correlationVector":"Stdm3zqEXE29xu6c+769ZZ.1","action":"SyncServerConnectionManagerRequest", "result":"SYNC_SERVER_OK", "context":{"environment":"Prod_westus2_prod-s01-035-nam-westus2", "migrationStage":"NotStarted", "server":"akswtt11300000l"}}
{"logTime": "0426/154641", "correlationVector":"Stdm3zqEXE29xu6c+769ZZ.2","action":"ProcessGetUpdates", "result":"Done", "context":{"dataType":"History", "deleted":"0", "process_failed_to_decrypt":"0", "process_pending_decryption":"0", "process_success":"250", "total":"250"}}
{"logTime": "0426/154641", "correlationVector":"Stdm3zqEXE29xu6c+769ZZ.3","action":"GetUpdates Response", "result":"Success", "context":Received 250 update(s). cV=Stdm3zqEXE29xu6c+769ZZ.0;server=akswtt11300000l;cloudType=Consumer;environment=Prod_westus2_prod-s01-035-nam-westus2;migrationStage=NotStarted Some updates remain.}
{"logTime": "0426/154641", "correlationVector":"ofsXw5YWW9+0+h80UCBydK","action":"Initial GetUpdates", "result":"", "context":Reason: NEW_CLIENT. cV=ofsXw5YWW9+0+h80UCBydK}
{"logTime": "0426/154641", "correlationVector":"ofsXw5YWW9+0+h80UCBydK.1","action":"SyncServerConnectionManagerRequest", "result":"SYNC_SERVER_OK", "context":{"environment":"Prod_westus2_prod-s01-035-nam-westus2", "migrationStage":"NotStarted", "server":"akswtt11300000i"}}
{"logTime": "0426/154641", "correlationVector":"ofsXw5YWW9+0+h80UCBydK.2","action":"ProcessGetUpdates", "result":"Done", "context":{"dataType":"History", "deleted":"0", "process_failed_to_decrypt":"0", "process_pending_decryption":"0", "process_success":"250", "total":"250"}}
{"logTime": "0426/154641", "correlationVector":"ofsXw5YWW9+0+h80UCBydK.3","action":"GetUpdates Response", "result":"Success", "context":Received 250 update(s). cV=ofsXw5YWW9+0+h80UCBydK.0;server=akswtt11300000i;cloudType=Consumer;environment=Prod_westus2_prod-s01-035-nam-westus2;migrationStage=NotStarted Some updates remain.}
{"logTime": "0426/154641", "correlationVector":"ehcMX0CvCe1DUVXdwqzz6k","action":"Initial GetUpdates", "result":"", "context":Reason: NEW_CLIENT. cV=ehcMX0CvCe1DUVXdwqzz6k}
{"logTime": "0426/154642", "correlationVector":"ehcMX0CvCe1DUVXdwqzz6k.1","action":"SyncServerConnectionManagerRequest", "result":"SYNC_SERVER_OK", "context":{"environment":"Prod_westus2_prod-s01-035-nam-westus2", "migrationStage":"NotStarted", "server":"akswtt11300000r"}}
{"logTime": "0426/154642", "correlationVector":"ehcMX0CvCe1DUVXdwqzz6k.2","action":"ProcessGetUpdates", "result":"Done", "context":{"dataType":"History", "deleted":"0", "process_failed_to_decrypt":"0", "process_pending_decryption":"0", "process_success":"250", "total":"250"}}
{"logTime": "0426/154642", "correlationVector":"ehcMX0CvCe1DUVXdwqzz6k.3","action":"GetUpdates Response", "result":"Success", "context":Received 250 update(s). cV=ehcMX0CvCe1DUVXdwqzz6k.0;server=akswtt11300000r;cloudType=Consumer;environment=Prod_westus2_prod-s01-035-nam-westus2;migrationStage=NotStarted Some updates remain.}
{"logTime": "0426/154642", "correlationVector":"nR+/Vg65IiL3YiiNlA20Cr","action":"Initial GetUpdates", "result":"", "context":Reason: NEW_CLIENT. cV=nR+/Vg65IiL3YiiNlA20Cr}
{"logTime": "0426/154642", "correlationVector":"nR+/Vg65IiL3YiiNlA20Cr.1","action":"SyncServerConnectionManagerRequest", "result":"SYNC_SERVER_OK", "context":{"environment":"Prod_westus2_prod-s01-035-nam-westus2", "migrationStage":"NotStarted", "server":"akswtt113000006"}}
{"logTime": "0426/154642", "correlationVector":"nR+/Vg65IiL3YiiNlA20Cr.2","action":"ProcessGetUpdates", "result":"Done", "context":{"dataType":"History", "deleted":"0", "process_failed_to_decrypt":"0", "process_pending_decryption":"0", "process_success":"250", "total":"250"}}
{"logTime": "0426/154642", "correlationVector":"nR+/Vg65IiL3YiiNlA20Cr.3","action":"GetUpdates Response", "result":"Success", "context":Received 250 update(s). cV=nR+/Vg65IiL3YiiNlA20Cr.0;server=akswtt113000006;cloudType=Consumer;environment=Prod_westus2_prod-s01-035-nam-westus2;migrationStage=NotStarted Some updates remain.}
{"logTime": "0426/154642", "correlationVector":"yZ4nzZXinQa8sFiaM+TpJg","action":"Initial GetUpdates", "result":"", "context":Reason: NEW_CLIENT. cV=yZ4nzZXinQa8sFiaM+TpJg}
{"logTime": "0426/154642", "correlationVector":"yZ4nzZXinQa8sFiaM+TpJg.1","action":"SyncServerConnectionManagerRequest", "result":"SYNC_SERVER_OK", "context":{"environment":"Prod_westus2_prod-s01-035-nam-westus2", "migrationStage":"NotStarted", "server":"akswtt113000009"}}
{"logTime": "0426/154642", "correlationVector":"yZ4nzZXinQa8sFiaM+TpJg.2","action":"ProcessGetUpdates", "result":"Done", "context":{"dataType":"History", "deleted":"0", "process_failed_to_decrypt":"0", "process_pending_decryption":"0", "process_success":"250", "total":"250"}}
{"logTime": "0426/154642", "correlationVector":"yZ4nzZXinQa8sFiaM+TpJg.3","action":"GetUpdates Response", "result":"Success", "context":Received 250 update(s). cV=yZ4nzZXinQa8sFiaM+TpJg.0;server=akswtt113000009;cloudType=Consumer;environment=Prod_westus2_prod-s01-035-nam-westus2;migrationStage=NotStarted Some updates remain.}
{"logTime": "0426/154642", "correlationVector":"e9klN7B2KMjl7CWThfSur3","action":"Initial GetUpdates", "result":"", "context":Reason: NEW_CLIENT. cV=e9klN7B2KMjl7CWThfSur3}
{"logTime": "0426/154642", "correlationVector":"e9klN7B2KMjl7CWThfSur3.1","action":"SyncServerConnectionManagerRequest", "result":"SYNC_SERVER_OK", "context":{"environment":"Prod_westus2_prod-s01-035-nam-westus2", "migrationStage":"NotStarted", "server":"akswtt11300000l"}}
{"logTime": "0426/154642", "correlationVector":"e9klN7B2KMjl7CWThfSur3.2","action":"ProcessGetUpdates", "result":"Done", "context":{"dataType":"History", "deleted":"0", "process_failed_to_decrypt":"0", "process_pending_decryption":"0", "process_success":"47", "total":"47"}}
{"logTime": "0426/154642", "correlationVector":"e9klN7B2KMjl7CWThfSur3.3","action":"GetUpdates Response", "result":"Success", "context":Received 47 update(s). cV=e9klN7B2KMjl7CWThfSur3.0;server=akswtt11300000l;cloudType=Consumer;environment=Prod_westus2_prod-s01-035-nam-westus2;migrationStage=NotStarted}
{"logTime": "0426/154643", "correlationVector":"d1rycisbO5uHP/bH0v8d3M","action":"SyncServerConnectionManagerRequest", "result":"SYNC_SERVER_ERROR", "context":{"environment":"", "error_type":"http_status_code", "error_value":"400", "migrationStage":"", "server":""}}
{"logTime": "0426/154643", "correlationVector":"u08EnsanXBAJHBdHXC8Vr8","action":"Normal GetUpdate request", "result":"", "context":cV=u08EnsanXBAJHBdHXC8Vr8
Nudged types: Sessions, Device Info, User Consents, History
Refresh requested types: Bookmarks, Preferences, Extensions, Sessions, Extension settings, History Delete Directives, Device Info, User Consents, Send Tab To Self, Web Apps, History, Saved Tab Group, WebAuthn Credentials, Collection, Edge E Drop, Edge Hub App Usage, Edge Wallet, Edge Workspace, Encryption Keys}
{"logTime": "0426/154643", "correlationVector":"u08EnsanXBAJHBdHXC8Vr8.1","action":"SyncServerConnectionManagerRequest", "result":"SYNC_SERVER_OK", "context":{"environment":"Prod_westus2_prod-s01-035-nam-westus2", "migrationStage":"NotStarted", "server":"akswtt113000006"}}
{"logTime": "0426/154643", "correlationVector":"u08EnsanXBAJHBdHXC8Vr8.2","action":"GetUpdates Response", "result":"Success", "context":Received 0 update(s). cV=u08EnsanXBAJHBdHXC8Vr8.0;server=akswtt113000006;cloudType=Consumer;environment=Prod_westus2_prod-s01-035-nam-westus2;migrationStage=NotStarted}
{"logTime": "0426/154643", "correlationVector":"2hG3e0t0wqvjXes6hHEI3N","action":"Commit Request", "result":"", "context":Item count: 9
Contributing types: Sessions, Device Info, User Consents, History}
{"logTime": "0426/154643", "correlationVector":"2hG3e0t0wqvjXes6hHEI3N.1","action":"SyncServerConnectionManagerRequest", "result":"SYNC_SERVER_OK", "context":{"environment":"Prod_westus2_prod-s01-035-nam-westus2", "migrationStage":"NotStarted", "server":"akswtt11300000r"}}
{"logTime": "0426/154643", "correlationVector":"2hG3e0t0wqvjXes6hHEI3N.2","action":"Commit Response", "result":"Success", "context":Result: Success. cV=2hG3e0t0wqvjXes6hHEI3N.0;server=akswtt11300000r;cloudType=Consumer;environment=Prod_westus2_prod-s01-035-nam-westus2;migrationStage=NotStarted}
{"logTime": "0426/154644", "correlationVector":"E1aH+5ZjOIgX5et6Et0PMo","action":"SyncServerConnectionManagerRequest", "result":"SYNC_SERVER_OK", "context":{"environment":"", "migrationStage":"", "server":""}}
{"logTime": "0426/154644", "correlationVector":"E1aH+5ZjOIgX5et6Et0PMo.0","action":"EncryptionKeysFetcher.DownloadKeys:", "result":"Success", "context":Key count: 5, Last key timestamp: 2026-04-18T03:48:13Z}
{"logTime": "0426/154644", "correlationVector":"E1aH+5ZjOIgX5et6Et0PMo.1","action":"EncryptionKeysManager::SetEncryptionKeys:", "result":"Success", "context":Key names[5]:[lBLlivP0tL7DaZCLOxY0Ms4GCmsztTwaiZZnWuhIrvxf62WQbQQOrEOZFqDAc6XX8sNCG3UdMSQXoQPb7570QQ==][lVznK7+X4kMFXxOXBoPhpSbjH3WghWADowbo4a72vMU6iWo8i79nPTR5N+6F83VtFpBywxdhc0xV21a2Jm/A6g==][Rkjhz4tCaGQHbFM9iina6dfubiNJH3/8Nb0P3dtJ1SeLsFRspz/UbUDes0Q9ENkkHUncnfUvSXI6M+uJbc+N9w==][qNbI0n6v/hh0ojvUbrBt2zg5a/wjTFo4ReIKDxAcek9QLy5Lb4ncifiaiqLrQxn4dHE7159KCWd7txz5PXG7pA==][EQnJNat9nLGhQ3sWluAQbvJNaL11ABTMNp2x6WBZFViiXC6pyhYenoSQCzCxCCt+LnXbXP/vleqfYDQYpxNb5A==]}
{"logTime": "0426/154644", "correlationVector":"E1aH+5ZjOIgX5et6Et0PMo.2","action":"EncryptionKeysManager::SetEncryptionKeysWithTimestamps:", "result":"Success", "context":Key timestamps[5]:[2024-04-18T22:10:58Z][2024-10-16T20:23:03Z][2025-04-14T23:12:43Z][2025-10-14T00:38:14Z][2026-04-18T03:48:13Z]}
{"logTime": "0426/154644", "correlationVector":"Ilwm7g4NuRUKWtK+VFNae7","action":"Initial GetUpdates", "result":"", "context":Reason: NEWLY_SUPPORTED_DATATYPE. cV=Ilwm7g4NuRUKWtK+VFNae7}
{"logTime": "0426/154644", "correlationVector":"Ilwm7g4NuRUKWtK+VFNae7.1","action":"SyncServerConnectionManagerRequest", "result":"SYNC_SERVER_OK", "context":{"environment":"Prod_westus2_prod-s01-035-nam-westus2", "migrationStage":"NotStarted", "server":"akswtt11300000k"}}
{"logTime": "0426/154644", "correlationVector":"Ilwm7g4NuRUKWtK+VFNae7.2","action":"ProcessGetUpdates", "result":"Done", "context":{"dataType":"Passwords", "deleted":"0", "process_failed_to_decrypt":"0", "process_pending_decryption":"0", "process_success":"52", "total":"52"}}
{"logTime": "0426/154644", "correlationVector":"Ilwm7g4NuRUKWtK+VFNae7.3","action":"GetUpdates Response", "result":"Success", "context":Received 52 update(s). cV=Ilwm7g4NuRUKWtK+VFNae7.0;server=akswtt11300000k;cloudType=Consumer;environment=Prod_westus2_prod-s01-035-nam-westus2;migrationStage=NotStarted}
{"logTime": "0426/154644", "correlationVector":"wPJhQS8fLx23XdLao+PNkj","action":"Initial GetUpdates", "result":"", "context":Reason: NEWLY_SUPPORTED_DATATYPE. cV=wPJhQS8fLx23XdLao+PNkj}
{"logTime": "0426/154644", "correlationVector":"wPJhQS8fLx23XdLao+PNkj.1","action":"SyncServerConnectionManagerRequest", "result":"SYNC_SERVER_OK", "context":{"environment":"Prod_westus2_prod-s01-035-nam-westus2", "migrationStage":"NotStarted", "server":"akswtt11300000i"}}
{"logTime": "0426/154644", "correlationVector":"wPJhQS8fLx23XdLao+PNkj.2","action":"ProcessGetUpdates", "result":"Done", "context":{"dataType":"Autofill Profiles", "deleted":"0", "process_failed_to_decrypt":"0", "process_pending_decryption":"0", "process_success":"10", "total":"10"}}
{"logTime": "0426/154644", "correlationVector":"wPJhQS8fLx23XdLao+PNkj.3","action":"ProcessGetUpdates", "result":"Done", "context":{"dataType":"Autofill", "deleted":"0", "process_failed_to_decrypt":"0", "process_pending_decryption":"0", "process_success":"240", "total":"240"}}
{"logTime": "0426/154644", "correlationVector":"wPJhQS8fLx23XdLao+PNkj.4","action":"GetUpdates Response", "result":"Success", "context":Received 250 update(s). cV=wPJhQS8fLx23XdLao+PNkj.0;server=akswtt11300000i;cloudType=Consumer;environment=Prod_westus2_prod-s01-035-nam-westus2;migrationStage=NotStarted Some updates remain.}
{"logTime": "0426/154644", "correlationVector":"se9XCkTSoDweknRgXkKG1v","action":"Initial GetUpdates", "result":"", "context":Reason: NEWLY_SUPPORTED_DATATYPE. cV=se9XCkTSoDweknRgXkKG1v}
{"logTime": "0426/154645", "correlationVector":"se9XCkTSoDweknRgXkKG1v.1","action":"SyncServerConnectionManagerRequest", "result":"SYNC_SERVER_OK", "context":{"environment":"Prod_westus2_prod-s01-035-nam-westus2", "migrationStage":"NotStarted", "server":"akswtt113000009"}}
{"logTime": "0426/154645", "correlationVector":"se9XCkTSoDweknRgXkKG1v.2","action":"ProcessGetUpdates", "result":"Done", "context":{"dataType":"Autofill", "deleted":"0", "process_failed_to_decrypt":"0", "process_pending_decryption":"0", "process_success":"250", "total":"250"}}
{"logTime": "0426/154645", "correlationVector":"se9XCkTSoDweknRgXkKG1v.3","action":"GetUpdates Response", "result":"Success", "context":Received 250 update(s). cV=se9XCkTSoDweknRgXkKG1v.0;server=akswtt113000009;cloudType=Consumer;environment=Prod_westus2_prod-s01-035-nam-westus2;migrationStage=NotStarted Some updates remain.}
{"logTime": "0426/154645", "correlationVector":"4E75QlE86G64DaPAUNGaId","action":"Initial GetUpdates", "result":"", "context":Reason: NEWLY_SUPPORTED_DATATYPE. cV=4E75QlE86G64DaPAUNGaId}
{"logTime": "0426/154645", "correlationVector":"4E75QlE86G64DaPAUNGaId.1","action":"SyncServerConnectionManagerRequest", "result":"SYNC_SERVER_OK", "context":{"environment":"Prod_westus2_prod-s01-035-nam-westus2", "migrationStage":"NotStarted", "server":"akswtt11300000k"}}
{"logTime": "0426/154645", "correlationVector":"4E75QlE86G64DaPAUNGaId.2","action":"ProcessGetUpdates", "result":"Done", "context":{"dataType":"Autofill Profiles", "deleted":"0", "process_failed_to_decrypt":"0", "process_pending_decryption":"0", "process_success":"3", "total":"3"}}
{"logTime": "0426/154645", "correlationVector":"4E75QlE86G64DaPAUNGaId.3","action":"ProcessGetUpdates", "result":"Done", "context":{"dataType":"Autofill", "deleted":"0", "process_failed_to_decrypt":"0", "process_pending_decryption":"0", "process_success":"247", "total":"247"}}
{"logTime": "0426/154645", "correlationVector":"4E75QlE86G64DaPAUNGaId.4","action":"GetUpdates Response", "result":"Success", "context":Received 250 update(s). cV=4E75QlE86G64DaPAUNGaId.0;server=akswtt11300000k;cloudType=Consumer;environment=Prod_westus2_prod-s01-035-nam-westus2;migrationStage=NotStarted Some updates remain.}
{"logTime": "0426/154645", "correlationVector":"3XBKl/B9xxEJ2Ln54Sgf3A","action":"Initial GetUpdates", "result":"", "context":Reason: NEWLY_SUPPORTED_DATATYPE. cV=3XBKl/B9xxEJ2Ln54Sgf3A}
{"logTime": "0426/154645", "correlationVector":"3XBKl/B9xxEJ2Ln54Sgf3A.1","action":"SyncServerConnectionManagerRequest", "result":"SYNC_SERVER_OK", "context":{"environment":"Prod_westus2_prod-s01-035-nam-westus2", "migrationStage":"NotStarted", "server":"akswtt11300000l"}}
{"logTime": "0426/154645", "correlationVector":"3XBKl/B9xxEJ2Ln54Sgf3A.2","action":"ProcessGetUpdates", "result":"Done", "context":{"dataType":"Autofill", "deleted":"0", "process_failed_to_decrypt":"0", "process_pending_decryption":"0", "process_success":"12", "total":"12"}}
{"logTime": "0426/154645", "correlationVector":"3XBKl/B9xxEJ2Ln54Sgf3A.3","action":"GetUpdates Response", "result":"Success", "context":Received 12 update(s). cV=3XBKl/B9xxEJ2Ln54Sgf3A.0;server=akswtt11300000l;cloudType=Consumer;environment=Prod_westus2_prod-s01-035-nam-westus2;migrationStage=NotStarted}
{"logTime": "0426/154645", "correlationVector":"lQEVziJFifyWC0Fx3RoFwa","action":"Normal GetUpdate request", "result":"", "context":cV=lQEVziJFifyWC0Fx3RoFwa
Nudged types: Sessions, Device Info, History
Refresh requested types: Bookmarks, Preferences, Passwords, Autofill Profiles, Autofill, Extensions, Sessions, Extension settings, History Delete Directives, Device Info, User Consents, Send Tab To Self, Web Apps, History, Saved Tab Group, WebAuthn Credentials, Collection, Edge E Drop, Edge Hub App Usage, Edge Wallet, Edge Workspace, Encryption Keys}
{"logTime": "0426/154645", "correlationVector":"lQEVziJFifyWC0Fx3RoFwa.1","action":"SyncServerConnectionManagerRequest", "result":"SYNC_SERVER_OK", "context":{"environment":"Prod_westus2_prod-s01-035-nam-westus2", "migrationStage":"NotStarted", "server":"akswtt11300000s"}}
{"logTime": "0426/154645", "correlationVector":"lQEVziJFifyWC0Fx3RoFwa.2","action":"ProcessGetUpdates", "result":"Done", "context":{"dataType":"Sessions", "deleted":"0", "process_failed_to_decrypt":"0", "process_pending_decryption":"0", "process_success":"3", "total":"3"}}
{"logTime": "0426/154645", "correlationVector":"lQEVziJFifyWC0Fx3RoFwa.3","action":"ProcessGetUpdates", "result":"Done", "context":{"dataType":"Device Info", "deleted":"0", "process_failed_to_decrypt":"0", "process_pending_decryption":"0", "process_success":"1", "total":"1"}}
{"logTime": "0426/154645", "correlationVector":"lQEVziJFifyWC0Fx3RoFwa.4","action":"ProcessGetUpdates", "result":"Done", "context":{"dataType":"History", "deleted":"0", "process_failed_to_decrypt":"0", "process_pending_decryption":"0", "process_success":"4", "total":"4"}}
{"logTime": "0426/154645", "correlationVector":"lQEVziJFifyWC0Fx3RoFwa.5","action":"GetUpdates Response", "result":"Success", "context":Received 8 update(s). cV=lQEVziJFifyWC0Fx3RoFwa.0;server=akswtt11300000s;cloudType=Consumer;environment=Prod_westus2_prod-s01-035-nam-westus2;migrationStage=NotStarted}
{"logTime": "0426/154645", "correlationVector":"AcqW912+dFeAt08wbv4AY6","action":"Commit Request", "result":"", "context":Item count: 3
Contributing types: Sessions, History}
{"logTime": "0426/154645", "correlationVector":"AcqW912+dFeAt08wbv4AY6.1","action":"SyncServerConnectionManagerRequest", "result":"SYNC_SERVER_OK", "context":{"environment":"Prod_westus2_prod-s01-035-nam-westus2", "migrationStage":"NotStarted", "server":"akswtt113000009"}}
{"logTime": "0426/154645", "correlationVector":"AcqW912+dFeAt08wbv4AY6.2","action":"Commit Response", "result":"Success", "context":Result: Success. cV=AcqW912+dFeAt08wbv4AY6.0;server=akswtt113000009;cloudType=Consumer;environment=Prod_westus2_prod-s01-035-nam-westus2;migrationStage=NotStarted}
{"logTime": "0426/154734", "correlationVector":"kIwpX3L11Dz8DMdJO58543","action":"Commit Request", "result":"", "context":Item count: 40
Contributing types: Passwords}
{"logTime": "0426/154735", "correlationVector":"kIwpX3L11Dz8DMdJO58543.1","action":"SyncServerConnectionManagerRequest", "result":"SYNC_SERVER_OK", "context":{"environment":"Prod_westus2_prod-s01-035-nam-westus2", "migrationStage":"NotStarted", "server":"akswtt113000000"}}
{"logTime": "0426/154735", "correlationVector":"kIwpX3L11Dz8DMdJO58543.2","action":"Commit Response", "result":"Success", "context":Result: Success. cV=kIwpX3L11Dz8DMdJO58543.0;server=akswtt113000000;cloudType=Consumer;environment=Prod_westus2_prod-s01-035-nam-westus2;migrationStage=NotStarted}
{"logTime": "0426/154735", "correlationVector":"P4yCYPW1etZSnb9FM6+SQm","action":"Commit Request", "result":"", "context":Item count: 14
Contributing types: Passwords, Sessions, History}
{"logTime": "0426/154736", "correlationVector":"P4yCYPW1etZSnb9FM6+SQm.1","action":"SyncServerConnectionManagerRequest", "result":"SYNC_SERVER_OK", "context":{"environment":"Prod_westus2_prod-s01-035-nam-westus2", "migrationStage":"NotStarted", "server":"akswtt11300000q"}}
{"logTime": "0426/154736", "correlationVector":"P4yCYPW1etZSnb9FM6+SQm.2","action":"Commit Response", "result":"Success", "context":Result: Success. cV=P4yCYPW1etZSnb9FM6+SQm.0;server=akswtt11300000q;cloudType=Consumer;environment=Prod_westus2_prod-s01-035-nam-westus2;migrationStage=NotStarted}
{"logTime": "0426/154736", "correlationVector":"+So7PUU18hVn2MpVvNHxQ9","action":"Commit Request", "result":"", "context":Item count: 3
Contributing types: Sessions, History}
{"logTime": "0426/154737", "correlationVector":"+So7PUU18hVn2MpVvNHxQ9.1","action":"SyncServerConnectionManagerRequest", "result":"SYNC_SERVER_OK", "context":{"environment":"Prod_westus2_prod-s01-035-nam-westus2", "migrationStage":"NotStarted", "server":"akswtt11300000i"}}
{"logTime": "0426/154737", "correlationVector":"+So7PUU18hVn2MpVvNHxQ9.2","action":"Commit Response", "result":"Success", "context":Result: Success. cV=+So7PUU18hVn2MpVvNHxQ9.0;server=akswtt11300000i;cloudType=Consumer;environment=Prod_westus2_prod-s01-035-nam-westus2;migrationStage=NotStarted}
