2026-04-26 15:46:33.884: [INFO][Sync] Reset engine, reason: 8
2026-04-26 15:46:33.884: [INFO][Sync] Stopped: Bookmarks
2026-04-26 15:46:33.884: [INFO][Sync] Stopped: Preferences
2026-04-26 15:46:33.884: [INFO][Sync] Stopped: Passwords
2026-04-26 15:46:33.884: [INFO][Sync] Stopped: Autofill Profiles
2026-04-26 15:46:33.884: [INFO][Sync] Stopped: Autofill
2026-04-26 15:46:33.884: [INFO][Sync] Stopped: Extensions
2026-04-26 15:46:33.884: [INFO][Sync] Stopped: Sessions
2026-04-26 15:46:33.884: [INFO][Sync] Stopped: Extension settings
2026-04-26 15:46:33.884: [INFO][Sync] Stopped: History Delete Directives
2026-04-26 15:46:33.884: [INFO][Sync] Stopped: Device Info
2026-04-26 15:46:33.884: [INFO][Sync] Stopped: User Consents
2026-04-26 15:46:33.884: [INFO][Sync] Stopped: Send Tab To Self
2026-04-26 15:46:33.884: [INFO][Sync] Stopped: Web Apps
2026-04-26 15:46:33.884: [INFO][Sync] Stopped: History
2026-04-26 15:46:33.884: [INFO][Sync] Stopped: Saved Tab Group
2026-04-26 15:46:33.884: [INFO][Sync] Stopped: WebAuthn Credentials
2026-04-26 15:46:33.884: [INFO][Sync] Stopped: Collection
2026-04-26 15:46:33.884: [INFO][Sync] Stopped: Edge E Drop
2026-04-26 15:46:33.884: [INFO][Sync] Stopped: Edge Hub App Usage
2026-04-26 15:46:33.884: [INFO][Sync] Stopped: Edge Wallet
2026-04-26 15:46:33.884: [INFO][Sync] Stopped: Edge Workspace
2026-04-26 15:46:33.884: [INFO][Sync] SyncState after authenticated was: NotSignedIn
2026-04-26 15:46:34.030: [INFO][Sync] Reset engine, reason: 8
2026-04-26 15:46:34.030: [INFO][Sync] Stopped: Bookmarks
2026-04-26 15:46:34.030: [INFO][Sync] Stopped: Preferences
2026-04-26 15:46:34.030: [INFO][Sync] Stopped: Passwords
2026-04-26 15:46:34.030: [INFO][Sync] Stopped: Autofill Profiles
2026-04-26 15:46:34.030: [INFO][Sync] Stopped: Autofill
2026-04-26 15:46:34.030: [INFO][Sync] Stopped: Extensions
2026-04-26 15:46:34.030: [INFO][Sync] Stopped: Sessions
2026-04-26 15:46:34.030: [INFO][Sync] Stopped: Extension settings
2026-04-26 15:46:34.030: [INFO][Sync] Stopped: History Delete Directives
2026-04-26 15:46:34.030: [INFO][Sync] Stopped: Device Info
2026-04-26 15:46:34.030: [INFO][Sync] Stopped: User Consents
2026-04-26 15:46:34.030: [INFO][Sync] Stopped: Send Tab To Self
2026-04-26 15:46:34.030: [INFO][Sync] Stopped: Web Apps
2026-04-26 15:46:34.030: [INFO][Sync] Stopped: History
2026-04-26 15:46:34.030: [INFO][Sync] Stopped: Saved Tab Group
2026-04-26 15:46:34.030: [INFO][Sync] Stopped: WebAuthn Credentials
2026-04-26 15:46:34.030: [INFO][Sync] Stopped: Collection
2026-04-26 15:46:34.030: [INFO][Sync] Stopped: Edge E Drop
2026-04-26 15:46:34.030: [INFO][Sync] Stopped: Edge Hub App Usage
2026-04-26 15:46:34.030: [INFO][Sync] Stopped: Edge Wallet
2026-04-26 15:46:34.030: [INFO][Sync] Stopped: Edge Workspace
2026-04-26 15:46:34.338: [INFO][Sync] Try to start sync engine
2026-04-26 15:46:34.339: [INFO][SyncManagerImpl::NudgeForInitialDownload] Initial download nudge for Encryption Keys
2026-04-26 15:46:34.339: [INFO][SyncEngineBackend::LoadAndConnectNigoriController] Load and connect Nigori controller
2026-04-26 15:46:34.339: [INFO][SyncEngineBackend::DoInitialize] Control Types added: Encryption Keys
2026-04-26 15:46:34.339: [INFO][SyncManagerImpl::ConfigureSyncer] Types to download: Encryption Keys with reason: 3
2026-04-26 15:46:34.339: [INFO][SyncSchedulerImpl::DoConfigurationSyncCycleJob] Configure job was blocked
2026-04-26 15:46:34.363: [INFO][SyncAuthManager::SetLastAuthError] Current auth error: None
2026-04-26 15:46:34.363: [INFO][SyncAuthManager::EdgeLogTokenErrorState] Token error with: None for account type: MSA
2026-04-26 15:46:34.363: [INFO][Sync] Credentials changed for: EdgeSyncScopeNew
2026-04-26 15:46:34.408: [INFO][SyncAuthManager::SetLastAuthError] Current auth error: None
2026-04-26 15:46:34.408: [INFO][SyncAuthManager::EdgeLogTokenErrorState] Token error with: None for account type: MSA
2026-04-26 15:46:34.408: [INFO][Sync] Credentials changed for: EdgeSyncKeyDataScope
2026-04-26 15:46:34.408: [INFO][SyncEngineBackend::DoUpdateKeyDataCredentials] Update key data credentials
2026-04-26 15:46:34.408: [INFO][SyncEngineBackend::DoUpdateCredentials] Update credentials
2026-04-26 15:46:34.408: [INFO][SyncSchedulerImpl::DoConfigurationSyncCycleJob] Blocked types:  and types to download: Encryption Keys
2026-04-26 15:46:34.605: [INFO][Sync] Started DataTypeManager configuration, reason: 4
2026-04-26 15:46:34.605: [INFO][Sync] Configuring for: Bookmarks, Preferences, Passwords, Autofill Profiles, Autofill, Extensions, Sessions, Extension settings, History Delete Directives, Device Info, User Consents, Send Tab To Self, Web Apps, History, Saved Tab Group, WebAuthn Credentials, Collection, Edge E Drop, Edge Hub App Usage, Edge Wallet, Edge Workspace, Encryption Keys, reason: 3, current state: 0
2026-04-26 15:46:34.605: [WARN][Sync] Crypto error data types: Passwords, Autofill Profiles, Autofill
2026-04-26 15:46:34.606: [INFO][Sync] Configure, desired: Bookmarks, Preferences, Extensions, Sessions, Extension settings, History Delete Directives, Device Info, User Consents, Send Tab To Self, Web Apps, History, Saved Tab Group, WebAuthn Credentials, Collection, Edge E Drop, Edge Hub App Usage, Edge Wallet, Edge Workspace, Encryption Keys; Allow fail: Passwords, Autofill Profiles, Autofill
2026-04-26 15:46:34.606: [INFO][Sync] Loading: Bookmarks
2026-04-26 15:46:34.606: [INFO][Sync] Loading: Preferences
2026-04-26 15:46:34.607: [INFO][Sync] Loading: Extensions
2026-04-26 15:46:34.607: [INFO][Sync] Loading: Sessions
2026-04-26 15:46:34.607: [INFO][Sync] Loading: Extension settings
2026-04-26 15:46:34.607: [INFO][Sync] Loading: History Delete Directives
2026-04-26 15:46:34.607: [INFO][Sync] Loading: Device Info
2026-04-26 15:46:34.607: [INFO][Sync] Loading: User Consents
2026-04-26 15:46:34.607: [INFO][Sync] Loading: Send Tab To Self
2026-04-26 15:46:34.607: [INFO][Sync] Loading: Web Apps
2026-04-26 15:46:34.607: [INFO][Sync] Loading: History
2026-04-26 15:46:34.607: [INFO][Sync] Loading: Saved Tab Group
2026-04-26 15:46:34.607: [INFO][Sync] Loading: WebAuthn Credentials
2026-04-26 15:46:34.607: [INFO][Sync] Loading: Collection
2026-04-26 15:46:34.607: [INFO][Sync] Loading: Edge E Drop
2026-04-26 15:46:34.607: [INFO][Sync] Loading: Edge Hub App Usage
2026-04-26 15:46:34.607: [INFO][Sync] Loading: Edge Wallet
2026-04-26 15:46:34.607: [INFO][Sync] Loading: Edge Workspace
2026-04-26 15:46:34.608: [INFO][Sync] All data types are ready for configure.
2026-04-26 15:46:34.965: [INFO][Sync] Connection status changed to: 2
2026-04-26 15:46:34.965: [INFO][SyncEngineBackend::DoStartConfiguration] Start configuration
2026-04-26 15:46:34.965: [INFO][SyncManagerImpl::NudgeForInitialDownload] Initial download nudge for Bookmarks
2026-04-26 15:46:34.965: [INFO][SyncManagerImpl::NudgeForInitialDownload] Initial download nudge for Preferences
2026-04-26 15:46:34.965: [INFO][SyncManagerImpl::NudgeForInitialDownload] Initial download nudge for Extensions
2026-04-26 15:46:34.965: [INFO][SyncManagerImpl::NudgeForInitialDownload] Initial download nudge for Sessions
2026-04-26 15:46:34.965: [INFO][SyncManagerImpl::NudgeForInitialDownload] Initial download nudge for Extension settings
2026-04-26 15:46:34.965: [INFO][SyncManagerImpl::NudgeForInitialDownload] Initial download nudge for History Delete Directives
2026-04-26 15:46:34.965: [INFO][SyncManagerImpl::NudgeForInitialDownload] Initial download nudge for Device Info
2026-04-26 15:46:34.965: [INFO][SyncManagerImpl::NudgeForInitialDownload] Initial download nudge for Send Tab To Self
2026-04-26 15:46:34.965: [INFO][SyncManagerImpl::NudgeForInitialDownload] Initial download nudge for Web Apps
2026-04-26 15:46:34.965: [INFO][SyncManagerImpl::NudgeForInitialDownload] Initial download nudge for History
2026-04-26 15:46:34.965: [INFO][SyncManagerImpl::NudgeForInitialDownload] Initial download nudge for Saved Tab Group
2026-04-26 15:46:34.965: [INFO][SyncManagerImpl::NudgeForInitialDownload] Initial download nudge for WebAuthn Credentials
2026-04-26 15:46:34.965: [INFO][SyncManagerImpl::NudgeForInitialDownload] Initial download nudge for Collection
2026-04-26 15:46:34.965: [INFO][SyncManagerImpl::NudgeForInitialDownload] Initial download nudge for Edge E Drop
2026-04-26 15:46:34.965: [INFO][SyncManagerImpl::NudgeForInitialDownload] Initial download nudge for Edge Hub App Usage
2026-04-26 15:46:34.965: [INFO][SyncManagerImpl::NudgeForInitialDownload] Initial download nudge for Edge Wallet
2026-04-26 15:46:34.965: [INFO][SyncManagerImpl::NudgeForInitialDownload] Initial download nudge for Edge Workspace
2026-04-26 15:46:34.965: [INFO][SyncManagerImpl::ConfigureSyncer] Types to download:  with reason: 3
2026-04-26 15:46:34.965: [INFO][SyncEngineBackend::DoFinishConfigureDataTypes] Failed to download types:  and succeeded types: 
2026-04-26 15:46:34.966: [INFO][Sync] ConfigurationDone, failed: , succeeded: , remaining count: 4
2026-04-26 15:46:34.966: [INFO][Sync] Prepare to configure types: Preferences, Device Info, Send Tab To Self, Edge E Drop, Encryption Keys
2026-04-26 15:46:34.967: [INFO][SyncManagerImpl::ConfigureSyncer] Types to download: Preferences, Device Info, Send Tab To Self, Edge E Drop, Encryption Keys with reason: 3
2026-04-26 15:46:34.967: [INFO][SyncSchedulerImpl::DoConfigurationSyncCycleJob] Blocked types:  and types to download: Preferences, Device Info, Send Tab To Self, Edge E Drop, Encryption Keys
2026-04-26 15:46:35.009: [INFO][SyncAuthManager::SetLastAuthError] Current auth error: None
2026-04-26 15:46:35.009: [INFO][SyncAuthManager::EdgeLogTokenErrorState] Token error with: None for account type: MSA
2026-04-26 15:46:35.009: [INFO][Sync] Credentials changed for: EdgeSyncKeyDataScope
2026-04-26 15:46:35.173: [INFO][SyncEngineBackend::DoFinishConfigureDataTypes] Failed to download types:  and succeeded types: Preferences, Device Info, Send Tab To Self, Edge E Drop, Encryption Keys
2026-04-26 15:46:35.180: [INFO][Sync] ConfigurationDone, failed: , succeeded: Preferences, Device Info, Send Tab To Self, Edge E Drop, Encryption Keys, remaining count: 3
2026-04-26 15:46:35.180: [INFO][Sync] Prepare to configure types: Bookmarks, Encryption Keys
2026-04-26 15:46:35.321: [INFO][SyncEngineBackend::DoUpdateKeyDataCredentials] Update key data credentials
2026-04-26 15:46:35.321: [INFO][Sync] Connection status changed to: 2
2026-04-26 15:46:35.321: [INFO][SyncManagerImpl::ConfigureSyncer] Types to download: Bookmarks, Encryption Keys with reason: 3
2026-04-26 15:46:35.321: [INFO][SyncSchedulerImpl::DoConfigurationSyncCycleJob] Blocked types:  and types to download: Bookmarks, Encryption Keys
2026-04-26 15:46:35.471: [INFO][SyncEngineBackend::DoFinishConfigureDataTypes] Failed to download types:  and succeeded types: Bookmarks, Encryption Keys
2026-04-26 15:46:35.477: [INFO][Sync] ConfigurationDone, failed: , succeeded: Bookmarks, Encryption Keys, remaining count: 2
2026-04-26 15:46:35.477: [INFO][Sync] Prepare to configure types: Extensions, Sessions, Extension settings, History Delete Directives, Web Apps, Saved Tab Group, WebAuthn Credentials, Collection, Edge Hub App Usage, Edge Wallet, Edge Workspace, Encryption Keys
2026-04-26 15:46:35.605: [INFO][Sync] Connection status changed to: 2
2026-04-26 15:46:35.605: [INFO][SyncManagerImpl::ConfigureSyncer] Types to download: Extensions, Sessions, Extension settings, History Delete Directives, Web Apps, Saved Tab Group, WebAuthn Credentials, Collection, Edge Hub App Usage, Edge Wallet, Edge Workspace, Encryption Keys with reason: 3
2026-04-26 15:46:35.605: [INFO][SyncSchedulerImpl::DoConfigurationSyncCycleJob] Blocked types:  and types to download: Extensions, Sessions, Extension settings, History Delete Directives, Web Apps, Saved Tab Group, WebAuthn Credentials, Collection, Edge Hub App Usage, Edge Wallet, Edge Workspace, Encryption Keys
2026-04-26 15:46:35.829: [INFO][SyncAuthManager::SetLastAuthError] Current auth error: None
2026-04-26 15:46:35.829: [INFO][SyncAuthManager::EdgeLogTokenErrorState] Token error with: None for account type: MSA
2026-04-26 15:46:35.829: [INFO][Sync] Credentials changed for: EdgeSyncScopeNew
2026-04-26 15:46:37.187: [INFO][SyncAuthManager::SetLastAuthError] Current auth error: None
2026-04-26 15:46:37.187: [INFO][SyncAuthManager::EdgeLogTokenErrorState] Token error with: None for account type: MSA
2026-04-26 15:46:37.187: [INFO][Sync] Credentials changed for: EdgeSyncKeyDataScope
2026-04-26 15:46:37.459: [INFO][SyncEngineBackend::DoFinishConfigureDataTypes] Failed to download types:  and succeeded types: Extensions, Sessions, Extension settings, History Delete Directives, Web Apps, Saved Tab Group, WebAuthn Credentials, Collection, Edge Hub App Usage, Edge Wallet, Edge Workspace, Encryption Keys
2026-04-26 15:46:37.460: [INFO][Sync] ConfigurationDone, failed: , succeeded: Extensions, Sessions, Extension settings, History Delete Directives, Web Apps, Saved Tab Group, WebAuthn Credentials, Collection, Edge Hub App Usage, Edge Wallet, Edge Workspace, Encryption Keys, remaining count: 1
2026-04-26 15:46:37.461: [INFO][Sync] Prepare to configure types: History, Encryption Keys
2026-04-26 15:46:37.790: [INFO][Sync] Connection status changed to: 2
2026-04-26 15:46:37.790: [INFO][SyncEngineBackend::DoUpdateKeyDataCredentials] Update key data credentials
2026-04-26 15:46:37.790: [INFO][SyncEngineBackend::DoUpdateCredentials] Update credentials
2026-04-26 15:46:37.790: [INFO][SyncManagerImpl::ConfigureSyncer] Types to download: History, Encryption Keys with reason: 3
2026-04-26 15:46:37.790: [INFO][SyncSchedulerImpl::DoConfigurationSyncCycleJob] Blocked types:  and types to download: History, Encryption Keys
2026-04-26 15:46:39.484: [INFO][SyncAuthManager::SetLastAuthError] Current auth error: None
2026-04-26 15:46:39.484: [INFO][SyncAuthManager::EdgeLogTokenErrorState] Token error with: None for account type: MSA
2026-04-26 15:46:39.484: [INFO][Sync] Credentials changed for: EdgeSyncScopeNew
2026-04-26 15:46:41.972: [INFO][SyncAuthManager::SetLastAuthError] Current auth error: None
2026-04-26 15:46:41.972: [INFO][SyncAuthManager::EdgeLogTokenErrorState] Token error with: None for account type: MSA
2026-04-26 15:46:41.972: [INFO][Sync] Credentials changed for: EdgeSyncKeyDataScope
2026-04-26 15:46:43.001: [INFO][SyncEngineBackend::DoFinishConfigureDataTypes] Failed to download types:  and succeeded types: History, Encryption Keys
2026-04-26 15:46:43.003: [INFO][Sync] ConfigurationDone, failed: , succeeded: History, Encryption Keys, remaining count: 0
2026-04-26 15:46:43.004: [INFO][Sync]     Configuration completed, state: 3
2026-04-26 15:46:43.004: [INFO][Sync] Configured DataTypeManager: Ok
2026-04-26 15:46:43.184: [INFO][Sync] Connection status changed to: 2
2026-04-26 15:46:43.184: [INFO][SyncEngineBackend::DoUpdateKeyDataCredentials] Update key data credentials
2026-04-26 15:46:43.184: [INFO][SyncEngineBackend::DoUpdateCredentials] Update credentials
2026-04-26 15:46:43.184: [INFO][SyncEngineBackend::DoStartSyncing] Start syncing
2026-04-26 15:46:44.093: [INFO][Sync] Started DataTypeManager configuration, reason: 5
2026-04-26 15:46:44.093: [INFO][Sync] Configuring for: Bookmarks, Preferences, Passwords, Autofill Profiles, Autofill, Extensions, Sessions, Extension settings, History Delete Directives, Device Info, User Consents, Send Tab To Self, Web Apps, History, Saved Tab Group, WebAuthn Credentials, Collection, Edge E Drop, Edge Hub App Usage, Edge Wallet, Edge Workspace, Encryption Keys, reason: 5, current state: 3
2026-04-26 15:46:44.094: [INFO][SyncEngineBackend::DoStartConfiguration] Start configuration
2026-04-26 15:46:44.094: [INFO][Sync] Configure, desired: Bookmarks, Preferences, Passwords, Autofill Profiles, Autofill, Extensions, Sessions, Extension settings, History Delete Directives, Device Info, User Consents, Send Tab To Self, Web Apps, History, Saved Tab Group, WebAuthn Credentials, Collection, Edge E Drop, Edge Hub App Usage, Edge Wallet, Edge Workspace, Encryption Keys; Allow fail: 
2026-04-26 15:46:44.094: [INFO][Sync] Loading: Passwords
2026-04-26 15:46:44.094: [INFO][Sync] Loading: Autofill Profiles
2026-04-26 15:46:44.094: [INFO][Sync] Loading: Autofill
2026-04-26 15:46:44.096: [INFO][Sync] All data types are ready for configure.
2026-04-26 15:46:44.096: [INFO][SyncManagerImpl::NudgeForInitialDownload] Initial download nudge for Passwords
2026-04-26 15:46:44.096: [INFO][SyncManagerImpl::NudgeForInitialDownload] Initial download nudge for Autofill Profiles
2026-04-26 15:46:44.096: [INFO][SyncManagerImpl::NudgeForInitialDownload] Initial download nudge for Autofill
2026-04-26 15:46:44.096: [INFO][SyncManagerImpl::ConfigureSyncer] Types to download:  with reason: 5
2026-04-26 15:46:44.096: [INFO][SyncEngineBackend::DoFinishConfigureDataTypes] Failed to download types:  and succeeded types: 
2026-04-26 15:46:44.096: [INFO][Sync] ConfigurationDone, failed: , succeeded: , remaining count: 4
2026-04-26 15:46:44.096: [INFO][Sync] Prepare to configure types: Passwords, Encryption Keys
2026-04-26 15:46:44.096: [INFO][SyncManagerImpl::ConfigureSyncer] Types to download: Passwords, Encryption Keys with reason: 5
2026-04-26 15:46:44.096: [INFO][SyncSchedulerImpl::DoConfigurationSyncCycleJob] Blocked types:  and types to download: Passwords, Encryption Keys
2026-04-26 15:46:44.321: [INFO][SyncEngineBackend::DoFinishConfigureDataTypes] Failed to download types:  and succeeded types: Passwords, Encryption Keys
2026-04-26 15:46:44.322: [INFO][Sync] ConfigurationDone, failed: , succeeded: Passwords, Encryption Keys, remaining count: 3
2026-04-26 15:46:44.322: [INFO][SyncManagerImpl::ConfigureSyncer] Types to download:  with reason: 5
2026-04-26 15:46:44.322: [INFO][SyncEngineBackend::DoFinishConfigureDataTypes] Failed to download types:  and succeeded types: 
2026-04-26 15:46:44.324: [INFO][Sync] ConfigurationDone, failed: , succeeded: , remaining count: 2
2026-04-26 15:46:44.324: [INFO][Sync] Prepare to configure types: Autofill Profiles, Autofill, Encryption Keys
2026-04-26 15:46:44.324: [INFO][SyncManagerImpl::ConfigureSyncer] Types to download: Autofill Profiles, Autofill, Encryption Keys with reason: 5
2026-04-26 15:46:44.324: [INFO][SyncSchedulerImpl::DoConfigurationSyncCycleJob] Blocked types:  and types to download: Autofill Profiles, Autofill, Encryption Keys
2026-04-26 15:46:45.520: [INFO][SyncEngineBackend::DoFinishConfigureDataTypes] Failed to download types:  and succeeded types: Autofill Profiles, Autofill, Encryption Keys
2026-04-26 15:46:45.522: [INFO][Sync] ConfigurationDone, failed: , succeeded: Autofill Profiles, Autofill, Encryption Keys, remaining count: 1
2026-04-26 15:46:45.523: [INFO][SyncManagerImpl::ConfigureSyncer] Types to download:  with reason: 5
2026-04-26 15:46:45.523: [INFO][SyncEngineBackend::DoFinishConfigureDataTypes] Failed to download types:  and succeeded types: 
2026-04-26 15:46:45.525: [INFO][Sync] ConfigurationDone, failed: , succeeded: , remaining count: 0
2026-04-26 15:46:45.526: [INFO][Sync]     Configuration completed, state: 3
2026-04-26 15:46:45.526: [INFO][Sync] Configured DataTypeManager: Ok
2026-04-26 15:46:45.527: [INFO][SyncEngineBackend::DoStartSyncing] Start syncing
2026-04-26 15:46:47.004: [INFO][SyncAuthManager::SetLastAuthError] Current auth error: None
2026-04-26 15:46:47.004: [INFO][SyncAuthManager::EdgeLogTokenErrorState] Token error with: None for account type: MSA
2026-04-26 15:46:47.004: [INFO][Sync] Credentials changed for: EdgeSyncScopeNew
2026-04-26 15:46:50.163: [INFO][SyncAuthManager::SetLastAuthError] Current auth error: None
2026-04-26 15:46:50.163: [INFO][SyncAuthManager::EdgeLogTokenErrorState] Token error with: None for account type: MSA
2026-04-26 15:46:50.163: [INFO][Sync] Credentials changed for: EdgeSyncKeyDataScope
2026-04-26 15:46:50.163: [INFO][SyncEngineBackend::DoUpdateKeyDataCredentials] Update key data credentials
2026-04-26 15:46:50.163: [INFO][SyncEngineBackend::DoUpdateCredentials] Update credentials
