{"logTime": "0426/173611", "correlationVector":"oi+VtmVhEYvouL9+IjY54j.1","action":"SyncServerConnectionManagerRequest", "result":"SYNC_SERVER_OK", "context":{"environment":"Prod_westus2_prod-s01-035-nam-westus2", "migrationStage":"NotStarted", "server":"akswtt11300000g"}}
{"logTime": "0426/173611", "correlationVector":"oi+VtmVhEYvouL9+IjY54j.2","action":"ProcessGetUpdates", "result":"Done", "context":{"dataType":"Encryption Keys", "deleted":"0", "process_failed_to_decrypt":"0", "process_pending_decryption":"0", "process_success":"1", "total":"1"}}
{"logTime": "0426/173611", "correlationVector":"SYHPP40UFNQ36AvE9nZwpD","action":"SyncServerConnectionManagerRequest", "result":"SYNC_SERVER_ERROR", "context":{"environment":"", "error_type":"http_status_code", "error_value":"400", "migrationStage":"", "server":""}}
{"logTime": "0426/173611", "correlationVector":"oi+VtmVhEYvouL9+IjY54j","action":"Initial GetUpdates", "result":"", "context":Reason: NEW_CLIENT. cV=oi+VtmVhEYvouL9+IjY54j}
{"logTime": "0426/173611", "correlationVector":"oi+VtmVhEYvouL9+IjY54j.3","action":"GetUpdates Response", "result":"Success", "context":Received 1 update(s). cV=oi+VtmVhEYvouL9+IjY54j.0;server=akswtt11300000g;cloudType=Consumer;environment=Prod_westus2_prod-s01-035-nam-westus2;migrationStage=NotStarted}
{"logTime": "0426/173611", "correlationVector":"haBQVZbxJMButBGSjcnZLr","action":"Initial GetUpdates", "result":"", "context":Reason: NEW_CLIENT. cV=haBQVZbxJMButBGSjcnZLr}
{"logTime": "0426/173611", "correlationVector":"haBQVZbxJMButBGSjcnZLr.1","action":"SyncServerConnectionManagerRequest", "result":"SYNC_SERVER_OK", "context":{"environment":"Prod_westus2_prod-s01-035-nam-westus2", "migrationStage":"NotStarted", "server":"akswtt11300000s"}}
{"logTime": "0426/173611", "correlationVector":"haBQVZbxJMButBGSjcnZLr.2","action":"ProcessGetUpdates", "result":"Done", "context":{"dataType":"Preferences", "deleted":"0", "process_failed_to_decrypt":"0", "process_pending_decryption":"0", "process_success":"89", "total":"89"}}
{"logTime": "0426/173611", "correlationVector":"haBQVZbxJMButBGSjcnZLr.3","action":"ProcessGetUpdates", "result":"Done", "context":{"dataType":"Device Info", "deleted":"0", "process_failed_to_decrypt":"0", "process_pending_decryption":"0", "process_success":"30", "total":"30"}}
{"logTime": "0426/173611", "correlationVector":"haBQVZbxJMButBGSjcnZLr.4","action":"GetUpdates Response", "result":"Success", "context":Received 119 update(s). cV=haBQVZbxJMButBGSjcnZLr.0;server=akswtt11300000s;cloudType=Consumer;environment=Prod_westus2_prod-s01-035-nam-westus2;migrationStage=NotStarted}
{"logTime": "0426/173612", "correlationVector":"QoZ15r60jBWNYMMWKOXHfV","action":"SyncServerConnectionManagerRequest", "result":"SYNC_SERVER_ERROR", "context":{"environment":"", "error_type":"http_status_code", "error_value":"400", "migrationStage":"", "server":""}}
{"logTime": "0426/173612", "correlationVector":"Eu3zI1y2jWNEiXYsvSPc9q","action":"Initial GetUpdates", "result":"", "context":Reason: NEW_CLIENT. cV=Eu3zI1y2jWNEiXYsvSPc9q}
{"logTime": "0426/173612", "correlationVector":"Eu3zI1y2jWNEiXYsvSPc9q.1","action":"SyncServerConnectionManagerRequest", "result":"SYNC_SERVER_OK", "context":{"environment":"Prod_westus2_prod-s01-035-nam-westus2", "migrationStage":"NotStarted", "server":"akswtt11300000f"}}
{"logTime": "0426/173612", "correlationVector":"Eu3zI1y2jWNEiXYsvSPc9q.2","action":"ProcessGetUpdates", "result":"Done", "context":{"dataType":"Bookmarks", "deleted":"0", "process_failed_to_decrypt":"0", "process_pending_decryption":"0", "process_success":"16", "total":"16"}}
{"logTime": "0426/173612", "correlationVector":"Eu3zI1y2jWNEiXYsvSPc9q.3","action":"GetUpdates Response", "result":"Success", "context":Received 16 update(s). cV=Eu3zI1y2jWNEiXYsvSPc9q.0;server=akswtt11300000f;cloudType=Consumer;environment=Prod_westus2_prod-s01-035-nam-westus2;migrationStage=NotStarted}
{"logTime": "0426/173612", "correlationVector":"HDh4urWHrNWv+XAqplJqwq","action":"SyncServerConnectionManagerRequest", "result":"SYNC_SERVER_ERROR", "context":{"environment":"", "error_type":"http_status_code", "error_value":"400", "migrationStage":"", "server":""}}
{"logTime": "0426/173612", "correlationVector":"o/020130aw45ZDn5lriRu3","action":"Initial GetUpdates", "result":"", "context":Reason: NEW_CLIENT. cV=o/020130aw45ZDn5lriRu3}
{"logTime": "0426/173612", "correlationVector":"o/020130aw45ZDn5lriRu3.1","action":"SyncServerConnectionManagerRequest", "result":"SYNC_SERVER_OK", "context":{"environment":"Prod_westus2_prod-s01-035-nam-westus2", "migrationStage":"NotStarted", "server":"akswtt11300000s"}}
{"logTime": "0426/173612", "correlationVector":"o/020130aw45ZDn5lriRu3.2","action":"ProcessGetUpdates", "result":"Done", "context":{"dataType":"Edge Hub App Usage", "deleted":"0", "process_failed_to_decrypt":"0", "process_pending_decryption":"0", "process_success":"1", "total":"1"}}
{"logTime": "0426/173612", "correlationVector":"o/020130aw45ZDn5lriRu3.3","action":"GetUpdates Response", "result":"Success", "context":Received 1 update(s). cV=o/020130aw45ZDn5lriRu3.0;server=akswtt11300000s;cloudType=Consumer;environment=Prod_westus2_prod-s01-035-nam-westus2;migrationStage=NotStarted Some updates remain.}
{"logTime": "0426/173612", "correlationVector":"L3Eh/c2QRVyriJCGtQXjx7","action":"Initial GetUpdates", "result":"", "context":Reason: NEW_CLIENT. cV=L3Eh/c2QRVyriJCGtQXjx7}
{"logTime": "0426/173613", "correlationVector":"L3Eh/c2QRVyriJCGtQXjx7.1","action":"SyncServerConnectionManagerRequest", "result":"SYNC_SERVER_OK", "context":{"environment":"Prod_westus2_prod-s01-035-nam-westus2", "migrationStage":"NotStarted", "server":"akswtt113000005"}}
{"logTime": "0426/173613", "correlationVector":"L3Eh/c2QRVyriJCGtQXjx7.2","action":"ProcessGetUpdates", "result":"Done", "context":{"dataType":"Saved Tab Group", "deleted":"0", "process_failed_to_decrypt":"0", "process_pending_decryption":"0", "process_success":"4", "total":"4"}}
{"logTime": "0426/173613", "correlationVector":"L3Eh/c2QRVyriJCGtQXjx7.3","action":"GetUpdates Response", "result":"Success", "context":Received 4 update(s). cV=L3Eh/c2QRVyriJCGtQXjx7.0;server=akswtt113000005;cloudType=Consumer;environment=Prod_westus2_prod-s01-035-nam-westus2;migrationStage=NotStarted Some updates remain.}
{"logTime": "0426/173613", "correlationVector":"hUy8p5CLhnRZAQ06T5yq6O","action":"Initial GetUpdates", "result":"", "context":Reason: NEW_CLIENT. cV=hUy8p5CLhnRZAQ06T5yq6O}
{"logTime": "0426/173613", "correlationVector":"hUy8p5CLhnRZAQ06T5yq6O.1","action":"SyncServerConnectionManagerRequest", "result":"SYNC_SERVER_OK", "context":{"environment":"Prod_westus2_prod-s01-035-nam-westus2", "migrationStage":"NotStarted", "server":"akswtt11300000f"}}
{"logTime": "0426/173613", "correlationVector":"hUy8p5CLhnRZAQ06T5yq6O.2","action":"ProcessGetUpdates", "result":"Done", "context":{"dataType":"Extensions", "deleted":"0", "process_failed_to_decrypt":"0", "process_pending_decryption":"0", "process_success":"1", "total":"1"}}
{"logTime": "0426/173613", "correlationVector":"hUy8p5CLhnRZAQ06T5yq6O.3","action":"GetUpdates Response", "result":"Success", "context":Received 1 update(s). cV=hUy8p5CLhnRZAQ06T5yq6O.0;server=akswtt11300000f;cloudType=Consumer;environment=Prod_westus2_prod-s01-035-nam-westus2;migrationStage=NotStarted Some updates remain.}
{"logTime": "0426/173613", "correlationVector":"LDtsylxLQgzlOxd/DNKnwg","action":"Initial GetUpdates", "result":"", "context":Reason: NEW_CLIENT. cV=LDtsylxLQgzlOxd/DNKnwg}
{"logTime": "0426/173613", "correlationVector":"LDtsylxLQgzlOxd/DNKnwg.1","action":"SyncServerConnectionManagerRequest", "result":"SYNC_SERVER_OK", "context":{"environment":"Prod_westus2_prod-s01-035-nam-westus2", "migrationStage":"NotStarted", "server":"akswtt11300000b"}}
{"logTime": "0426/173613", "correlationVector":"LDtsylxLQgzlOxd/DNKnwg.2","action":"ProcessGetUpdates", "result":"Done", "context":{"dataType":"Edge Hub App Usage", "deleted":"0", "process_failed_to_decrypt":"0", "process_pending_decryption":"0", "process_success":"1", "total":"1"}}
{"logTime": "0426/173613", "correlationVector":"LDtsylxLQgzlOxd/DNKnwg.3","action":"GetUpdates Response", "result":"Success", "context":Received 1 update(s). cV=LDtsylxLQgzlOxd/DNKnwg.0;server=akswtt11300000b;cloudType=Consumer;environment=Prod_westus2_prod-s01-035-nam-westus2;migrationStage=NotStarted Some updates remain.}
{"logTime": "0426/173613", "correlationVector":"GSWK6rSuKGivqLwfmDw8m3","action":"Initial GetUpdates", "result":"", "context":Reason: NEW_CLIENT. cV=GSWK6rSuKGivqLwfmDw8m3}
{"logTime": "0426/173614", "correlationVector":"GSWK6rSuKGivqLwfmDw8m3.1","action":"SyncServerConnectionManagerRequest", "result":"SYNC_SERVER_OK", "context":{"environment":"Prod_westus2_prod-s01-035-nam-westus2", "migrationStage":"NotStarted", "server":"akswtt113000005"}}
{"logTime": "0426/173614", "correlationVector":"GSWK6rSuKGivqLwfmDw8m3.2","action":"ProcessGetUpdates", "result":"Done", "context":{"dataType":"Extensions", "deleted":"0", "process_failed_to_decrypt":"0", "process_pending_decryption":"0", "process_success":"1", "total":"1"}}
{"logTime": "0426/173614", "correlationVector":"GSWK6rSuKGivqLwfmDw8m3.3","action":"ProcessGetUpdates", "result":"Done", "context":{"dataType":"Sessions", "deleted":"0", "process_failed_to_decrypt":"0", "process_pending_decryption":"0", "process_success":"27", "total":"27"}}
{"logTime": "0426/173614", "correlationVector":"GSWK6rSuKGivqLwfmDw8m3.4","action":"GetUpdates Response", "result":"Success", "context":Received 28 update(s). cV=GSWK6rSuKGivqLwfmDw8m3.0;server=akswtt113000005;cloudType=Consumer;environment=Prod_westus2_prod-s01-035-nam-westus2;migrationStage=NotStarted Some updates remain.}
{"logTime": "0426/173614", "correlationVector":"Y1iqk4bYlJdu4sffWQ3wlC","action":"Initial GetUpdates", "result":"", "context":Reason: NEW_CLIENT. cV=Y1iqk4bYlJdu4sffWQ3wlC}
{"logTime": "0426/173614", "correlationVector":"Y1iqk4bYlJdu4sffWQ3wlC.1","action":"SyncServerConnectionManagerRequest", "result":"SYNC_SERVER_OK", "context":{"environment":"Prod_westus2_prod-s01-035-nam-westus2", "migrationStage":"NotStarted", "server":"akswtt113000008"}}
{"logTime": "0426/173614", "correlationVector":"Y1iqk4bYlJdu4sffWQ3wlC.2","action":"ProcessGetUpdates", "result":"Done", "context":{"dataType":"Sessions", "deleted":"0", "process_failed_to_decrypt":"0", "process_pending_decryption":"0", "process_success":"66", "total":"66"}}
{"logTime": "0426/173614", "correlationVector":"Y1iqk4bYlJdu4sffWQ3wlC.3","action":"GetUpdates Response", "result":"Success", "context":Received 66 update(s). cV=Y1iqk4bYlJdu4sffWQ3wlC.0;server=akswtt113000008;cloudType=Consumer;environment=Prod_westus2_prod-s01-035-nam-westus2;migrationStage=NotStarted}
{"logTime": "0426/173614", "correlationVector":"NmlgiiDzqkLSIsnTbW3x8L","action":"Initial GetUpdates", "result":"", "context":Reason: NEW_CLIENT. cV=NmlgiiDzqkLSIsnTbW3x8L}
{"logTime": "0426/173614", "correlationVector":"NmlgiiDzqkLSIsnTbW3x8L.1","action":"SyncServerConnectionManagerRequest", "result":"SYNC_SERVER_OK", "context":{"environment":"Prod_westus2_prod-s01-035-nam-westus2", "migrationStage":"NotStarted", "server":"akswtt113000006"}}
{"logTime": "0426/173614", "correlationVector":"NmlgiiDzqkLSIsnTbW3x8L.2","action":"ProcessGetUpdates", "result":"Done", "context":{"dataType":"History", "deleted":"0", "process_failed_to_decrypt":"0", "process_pending_decryption":"0", "process_success":"250", "total":"250"}}
{"logTime": "0426/173614", "correlationVector":"NmlgiiDzqkLSIsnTbW3x8L.3","action":"GetUpdates Response", "result":"Success", "context":Received 250 update(s). cV=NmlgiiDzqkLSIsnTbW3x8L.0;server=akswtt113000006;cloudType=Consumer;environment=Prod_westus2_prod-s01-035-nam-westus2;migrationStage=NotStarted Some updates remain.}
{"logTime": "0426/173614", "correlationVector":"bn6KGNZEBAN72O1/Y5K3SG","action":"Initial GetUpdates", "result":"", "context":Reason: NEW_CLIENT. cV=bn6KGNZEBAN72O1/Y5K3SG}
{"logTime": "0426/173615", "correlationVector":"bn6KGNZEBAN72O1/Y5K3SG.1","action":"SyncServerConnectionManagerRequest", "result":"SYNC_SERVER_OK", "context":{"environment":"Prod_westus2_prod-s01-035-nam-westus2", "migrationStage":"NotStarted", "server":"akswtt11300000b"}}
{"logTime": "0426/173615", "correlationVector":"bn6KGNZEBAN72O1/Y5K3SG.2","action":"ProcessGetUpdates", "result":"Done", "context":{"dataType":"History", "deleted":"0", "process_failed_to_decrypt":"0", "process_pending_decryption":"0", "process_success":"250", "total":"250"}}
{"logTime": "0426/173615", "correlationVector":"bn6KGNZEBAN72O1/Y5K3SG.3","action":"GetUpdates Response", "result":"Success", "context":Received 250 update(s). cV=bn6KGNZEBAN72O1/Y5K3SG.0;server=akswtt11300000b;cloudType=Consumer;environment=Prod_westus2_prod-s01-035-nam-westus2;migrationStage=NotStarted Some updates remain.}
{"logTime": "0426/173615", "correlationVector":"/mBMOpccSG2/liXhRSY07z","action":"Initial GetUpdates", "result":"", "context":Reason: NEW_CLIENT. cV=/mBMOpccSG2/liXhRSY07z}
{"logTime": "0426/173615", "correlationVector":"/mBMOpccSG2/liXhRSY07z.1","action":"SyncServerConnectionManagerRequest", "result":"SYNC_SERVER_OK", "context":{"environment":"Prod_westus2_prod-s01-035-nam-westus2", "migrationStage":"NotStarted", "server":"akswtt113000006"}}
{"logTime": "0426/173615", "correlationVector":"/mBMOpccSG2/liXhRSY07z.2","action":"ProcessGetUpdates", "result":"Done", "context":{"dataType":"History", "deleted":"0", "process_failed_to_decrypt":"0", "process_pending_decryption":"0", "process_success":"250", "total":"250"}}
{"logTime": "0426/173615", "correlationVector":"/mBMOpccSG2/liXhRSY07z.3","action":"GetUpdates Response", "result":"Success", "context":Received 250 update(s). cV=/mBMOpccSG2/liXhRSY07z.0;server=akswtt113000006;cloudType=Consumer;environment=Prod_westus2_prod-s01-035-nam-westus2;migrationStage=NotStarted Some updates remain.}
{"logTime": "0426/173615", "correlationVector":"VJRDNNFqRWnh2WJC2jVnaG","action":"Initial GetUpdates", "result":"", "context":Reason: NEW_CLIENT. cV=VJRDNNFqRWnh2WJC2jVnaG}
{"logTime": "0426/173615", "correlationVector":"VJRDNNFqRWnh2WJC2jVnaG.1","action":"SyncServerConnectionManagerRequest", "result":"SYNC_SERVER_OK", "context":{"environment":"Prod_westus2_prod-s01-035-nam-westus2", "migrationStage":"NotStarted", "server":"akswtt113000005"}}
{"logTime": "0426/173615", "correlationVector":"VJRDNNFqRWnh2WJC2jVnaG.2","action":"ProcessGetUpdates", "result":"Done", "context":{"dataType":"History", "deleted":"0", "process_failed_to_decrypt":"0", "process_pending_decryption":"0", "process_success":"250", "total":"250"}}
{"logTime": "0426/173615", "correlationVector":"VJRDNNFqRWnh2WJC2jVnaG.3","action":"GetUpdates Response", "result":"Success", "context":Received 250 update(s). cV=VJRDNNFqRWnh2WJC2jVnaG.0;server=akswtt113000005;cloudType=Consumer;environment=Prod_westus2_prod-s01-035-nam-westus2;migrationStage=NotStarted Some updates remain.}
{"logTime": "0426/173615", "correlationVector":"5x+0+ZExP1F4ANOOj4Vbos","action":"Initial GetUpdates", "result":"", "context":Reason: NEW_CLIENT. cV=5x+0+ZExP1F4ANOOj4Vbos}
{"logTime": "0426/173616", "correlationVector":"5x+0+ZExP1F4ANOOj4Vbos.1","action":"SyncServerConnectionManagerRequest", "result":"SYNC_SERVER_OK", "context":{"environment":"Prod_westus2_prod-s01-035-nam-westus2", "migrationStage":"NotStarted", "server":"akswtt11300000n"}}
{"logTime": "0426/173616", "correlationVector":"5x+0+ZExP1F4ANOOj4Vbos.2","action":"ProcessGetUpdates", "result":"Done", "context":{"dataType":"History", "deleted":"0", "process_failed_to_decrypt":"0", "process_pending_decryption":"0", "process_success":"250", "total":"250"}}
{"logTime": "0426/173616", "correlationVector":"5x+0+ZExP1F4ANOOj4Vbos.3","action":"GetUpdates Response", "result":"Success", "context":Received 250 update(s). cV=5x+0+ZExP1F4ANOOj4Vbos.0;server=akswtt11300000n;cloudType=Consumer;environment=Prod_westus2_prod-s01-035-nam-westus2;migrationStage=NotStarted Some updates remain.}
{"logTime": "0426/173616", "correlationVector":"bpMM5oSPaREHCD22BuvQau","action":"Initial GetUpdates", "result":"", "context":Reason: NEW_CLIENT. cV=bpMM5oSPaREHCD22BuvQau}
{"logTime": "0426/173616", "correlationVector":"bpMM5oSPaREHCD22BuvQau.1","action":"SyncServerConnectionManagerRequest", "result":"SYNC_SERVER_OK", "context":{"environment":"Prod_westus2_prod-s01-035-nam-westus2", "migrationStage":"NotStarted", "server":"akswtt11300000b"}}
{"logTime": "0426/173616", "correlationVector":"bpMM5oSPaREHCD22BuvQau.2","action":"ProcessGetUpdates", "result":"Done", "context":{"dataType":"History", "deleted":"0", "process_failed_to_decrypt":"0", "process_pending_decryption":"0", "process_success":"250", "total":"250"}}
{"logTime": "0426/173616", "correlationVector":"bpMM5oSPaREHCD22BuvQau.3","action":"GetUpdates Response", "result":"Success", "context":Received 250 update(s). cV=bpMM5oSPaREHCD22BuvQau.0;server=akswtt11300000b;cloudType=Consumer;environment=Prod_westus2_prod-s01-035-nam-westus2;migrationStage=NotStarted Some updates remain.}
{"logTime": "0426/173616", "correlationVector":"2/BQIBF7oXuxsIWrT0cy91","action":"Initial GetUpdates", "result":"", "context":Reason: NEW_CLIENT. cV=2/BQIBF7oXuxsIWrT0cy91}
{"logTime": "0426/173617", "correlationVector":"2/BQIBF7oXuxsIWrT0cy91.1","action":"SyncServerConnectionManagerRequest", "result":"SYNC_SERVER_OK", "context":{"environment":"Prod_westus2_prod-s01-035-nam-westus2", "migrationStage":"NotStarted", "server":"akswtt11300000o"}}
{"logTime": "0426/173617", "correlationVector":"2/BQIBF7oXuxsIWrT0cy91.2","action":"ProcessGetUpdates", "result":"Done", "context":{"dataType":"History", "deleted":"0", "process_failed_to_decrypt":"0", "process_pending_decryption":"0", "process_success":"250", "total":"250"}}
{"logTime": "0426/173617", "correlationVector":"2/BQIBF7oXuxsIWrT0cy91.3","action":"GetUpdates Response", "result":"Success", "context":Received 250 update(s). cV=2/BQIBF7oXuxsIWrT0cy91.0;server=akswtt11300000o;cloudType=Consumer;environment=Prod_westus2_prod-s01-035-nam-westus2;migrationStage=NotStarted Some updates remain.}
{"logTime": "0426/173617", "correlationVector":"91mgIG1pdLHQY8DKB0lJmw","action":"Initial GetUpdates", "result":"", "context":Reason: NEW_CLIENT. cV=91mgIG1pdLHQY8DKB0lJmw}
{"logTime": "0426/173617", "correlationVector":"91mgIG1pdLHQY8DKB0lJmw.1","action":"SyncServerConnectionManagerRequest", "result":"SYNC_SERVER_OK", "context":{"environment":"Prod_westus2_prod-s01-035-nam-westus2", "migrationStage":"NotStarted", "server":"akswtt113000005"}}
{"logTime": "0426/173617", "correlationVector":"91mgIG1pdLHQY8DKB0lJmw.2","action":"ProcessGetUpdates", "result":"Done", "context":{"dataType":"History", "deleted":"0", "process_failed_to_decrypt":"0", "process_pending_decryption":"0", "process_success":"250", "total":"250"}}
{"logTime": "0426/173617", "correlationVector":"91mgIG1pdLHQY8DKB0lJmw.3","action":"GetUpdates Response", "result":"Success", "context":Received 250 update(s). cV=91mgIG1pdLHQY8DKB0lJmw.0;server=akswtt113000005;cloudType=Consumer;environment=Prod_westus2_prod-s01-035-nam-westus2;migrationStage=NotStarted Some updates remain.}
{"logTime": "0426/173617", "correlationVector":"7BO77N0awudNyggfYRahVI","action":"Initial GetUpdates", "result":"", "context":Reason: NEW_CLIENT. cV=7BO77N0awudNyggfYRahVI}
{"logTime": "0426/173617", "correlationVector":"7BO77N0awudNyggfYRahVI.1","action":"SyncServerConnectionManagerRequest", "result":"SYNC_SERVER_OK", "context":{"environment":"Prod_westus2_prod-s01-035-nam-westus2", "migrationStage":"NotStarted", "server":"akswtt113000008"}}
{"logTime": "0426/173617", "correlationVector":"7BO77N0awudNyggfYRahVI.2","action":"ProcessGetUpdates", "result":"Done", "context":{"dataType":"History", "deleted":"0", "process_failed_to_decrypt":"0", "process_pending_decryption":"0", "process_success":"250", "total":"250"}}
{"logTime": "0426/173617", "correlationVector":"7BO77N0awudNyggfYRahVI.3","action":"GetUpdates Response", "result":"Success", "context":Received 250 update(s). cV=7BO77N0awudNyggfYRahVI.0;server=akswtt113000008;cloudType=Consumer;environment=Prod_westus2_prod-s01-035-nam-westus2;migrationStage=NotStarted Some updates remain.}
{"logTime": "0426/173617", "correlationVector":"5H4JprNfDN9QDYBesLF4vz","action":"Initial GetUpdates", "result":"", "context":Reason: NEW_CLIENT. cV=5H4JprNfDN9QDYBesLF4vz}
{"logTime": "0426/173618", "correlationVector":"5H4JprNfDN9QDYBesLF4vz.1","action":"SyncServerConnectionManagerRequest", "result":"SYNC_SERVER_OK", "context":{"environment":"Prod_westus2_prod-s01-035-nam-westus2", "migrationStage":"NotStarted", "server":"akswtt11300000f"}}
{"logTime": "0426/173618", "correlationVector":"5H4JprNfDN9QDYBesLF4vz.2","action":"ProcessGetUpdates", "result":"Done", "context":{"dataType":"History", "deleted":"0", "process_failed_to_decrypt":"0", "process_pending_decryption":"0", "process_success":"250", "total":"250"}}
{"logTime": "0426/173618", "correlationVector":"5H4JprNfDN9QDYBesLF4vz.3","action":"GetUpdates Response", "result":"Success", "context":Received 250 update(s). cV=5H4JprNfDN9QDYBesLF4vz.0;server=akswtt11300000f;cloudType=Consumer;environment=Prod_westus2_prod-s01-035-nam-westus2;migrationStage=NotStarted Some updates remain.}
{"logTime": "0426/173618", "correlationVector":"kl7Vup+OwroEBMpV+KGqS+","action":"Initial GetUpdates", "result":"", "context":Reason: NEW_CLIENT. cV=kl7Vup+OwroEBMpV+KGqS+}
{"logTime": "0426/173618", "correlationVector":"kl7Vup+OwroEBMpV+KGqS+.1","action":"SyncServerConnectionManagerRequest", "result":"SYNC_SERVER_OK", "context":{"environment":"Prod_westus2_prod-s01-035-nam-westus2", "migrationStage":"NotStarted", "server":"akswtt11300000o"}}
{"logTime": "0426/173618", "correlationVector":"kl7Vup+OwroEBMpV+KGqS+.2","action":"ProcessGetUpdates", "result":"Done", "context":{"dataType":"History", "deleted":"0", "process_failed_to_decrypt":"0", "process_pending_decryption":"0", "process_success":"250", "total":"250"}}
{"logTime": "0426/173618", "correlationVector":"kl7Vup+OwroEBMpV+KGqS+.3","action":"GetUpdates Response", "result":"Success", "context":Received 250 update(s). cV=kl7Vup+OwroEBMpV+KGqS+.0;server=akswtt11300000o;cloudType=Consumer;environment=Prod_westus2_prod-s01-035-nam-westus2;migrationStage=NotStarted Some updates remain.}
{"logTime": "0426/173618", "correlationVector":"4nqAxD0dlzyfcqIRAwhky+","action":"Initial GetUpdates", "result":"", "context":Reason: NEW_CLIENT. cV=4nqAxD0dlzyfcqIRAwhky+}
{"logTime": "0426/173619", "correlationVector":"4nqAxD0dlzyfcqIRAwhky+.1","action":"SyncServerConnectionManagerRequest", "result":"SYNC_SERVER_OK", "context":{"environment":"Prod_westus2_prod-s01-035-nam-westus2", "migrationStage":"NotStarted", "server":"akswtt113000006"}}
{"logTime": "0426/173619", "correlationVector":"4nqAxD0dlzyfcqIRAwhky+.2","action":"ProcessGetUpdates", "result":"Done", "context":{"dataType":"History", "deleted":"0", "process_failed_to_decrypt":"0", "process_pending_decryption":"0", "process_success":"250", "total":"250"}}
{"logTime": "0426/173619", "correlationVector":"4nqAxD0dlzyfcqIRAwhky+.3","action":"GetUpdates Response", "result":"Success", "context":Received 250 update(s). cV=4nqAxD0dlzyfcqIRAwhky+.0;server=akswtt113000006;cloudType=Consumer;environment=Prod_westus2_prod-s01-035-nam-westus2;migrationStage=NotStarted Some updates remain.}
{"logTime": "0426/173619", "correlationVector":"RhL1obeup8zbQTG8docpVs","action":"Initial GetUpdates", "result":"", "context":Reason: NEW_CLIENT. cV=RhL1obeup8zbQTG8docpVs}
{"logTime": "0426/173619", "correlationVector":"RhL1obeup8zbQTG8docpVs.1","action":"SyncServerConnectionManagerRequest", "result":"SYNC_SERVER_OK", "context":{"environment":"Prod_westus2_prod-s01-035-nam-westus2", "migrationStage":"NotStarted", "server":"akswtt113000005"}}
{"logTime": "0426/173619", "correlationVector":"RhL1obeup8zbQTG8docpVs.2","action":"ProcessGetUpdates", "result":"Done", "context":{"dataType":"History", "deleted":"0", "process_failed_to_decrypt":"0", "process_pending_decryption":"0", "process_success":"250", "total":"250"}}
{"logTime": "0426/173619", "correlationVector":"RhL1obeup8zbQTG8docpVs.3","action":"GetUpdates Response", "result":"Success", "context":Received 250 update(s). cV=RhL1obeup8zbQTG8docpVs.0;server=akswtt113000005;cloudType=Consumer;environment=Prod_westus2_prod-s01-035-nam-westus2;migrationStage=NotStarted Some updates remain.}
{"logTime": "0426/173619", "correlationVector":"BDvc0f74M1vZAD/kWeR0RC","action":"Initial GetUpdates", "result":"", "context":Reason: NEW_CLIENT. cV=BDvc0f74M1vZAD/kWeR0RC}
{"logTime": "0426/173619", "correlationVector":"BDvc0f74M1vZAD/kWeR0RC.1","action":"SyncServerConnectionManagerRequest", "result":"SYNC_SERVER_OK", "context":{"environment":"Prod_westus2_prod-s01-035-nam-westus2", "migrationStage":"NotStarted", "server":"akswtt113000006"}}
{"logTime": "0426/173619", "correlationVector":"BDvc0f74M1vZAD/kWeR0RC.2","action":"ProcessGetUpdates", "result":"Done", "context":{"dataType":"History", "deleted":"0", "process_failed_to_decrypt":"0", "process_pending_decryption":"0", "process_success":"250", "total":"250"}}
{"logTime": "0426/173619", "correlationVector":"BDvc0f74M1vZAD/kWeR0RC.3","action":"GetUpdates Response", "result":"Success", "context":Received 250 update(s). cV=BDvc0f74M1vZAD/kWeR0RC.0;server=akswtt113000006;cloudType=Consumer;environment=Prod_westus2_prod-s01-035-nam-westus2;migrationStage=NotStarted Some updates remain.}
{"logTime": "0426/173619", "correlationVector":"geGwRFEHdMgptgXHoGRp33","action":"Initial GetUpdates", "result":"", "context":Reason: NEW_CLIENT. cV=geGwRFEHdMgptgXHoGRp33}
{"logTime": "0426/173620", "correlationVector":"geGwRFEHdMgptgXHoGRp33.1","action":"SyncServerConnectionManagerRequest", "result":"SYNC_SERVER_OK", "context":{"environment":"Prod_westus2_prod-s01-035-nam-westus2", "migrationStage":"NotStarted", "server":"akswtt113000008"}}
{"logTime": "0426/173620", "correlationVector":"geGwRFEHdMgptgXHoGRp33.2","action":"ProcessGetUpdates", "result":"Done", "context":{"dataType":"History", "deleted":"0", "process_failed_to_decrypt":"0", "process_pending_decryption":"0", "process_success":"172", "total":"172"}}
{"logTime": "0426/173620", "correlationVector":"geGwRFEHdMgptgXHoGRp33.3","action":"GetUpdates Response", "result":"Success", "context":Received 172 update(s). cV=geGwRFEHdMgptgXHoGRp33.0;server=akswtt113000008;cloudType=Consumer;environment=Prod_westus2_prod-s01-035-nam-westus2;migrationStage=NotStarted}
{"logTime": "0426/173620", "correlationVector":"Rei+fzH8HuZaVrWU0ZN3k0","action":"SyncServerConnectionManagerRequest", "result":"SYNC_SERVER_ERROR", "context":{"environment":"", "error_type":"http_status_code", "error_value":"400", "migrationStage":"", "server":""}}
{"logTime": "0426/173620", "correlationVector":"7kueJz4xw6UBjy6A5WKdu9","action":"Normal GetUpdate request", "result":"", "context":cV=7kueJz4xw6UBjy6A5WKdu9
Nudged types: Sessions, Device Info, User Consents, History
Refresh requested types: Bookmarks, Preferences, Extensions, Sessions, Extension settings, History Delete Directives, Device Info, User Consents, Send Tab To Self, Web Apps, History, Saved Tab Group, WebAuthn Credentials, Collection, Edge E Drop, Edge Hub App Usage, Edge Wallet, Edge Workspace, Encryption Keys}
{"logTime": "0426/173620", "correlationVector":"7kueJz4xw6UBjy6A5WKdu9.1","action":"SyncServerConnectionManagerRequest", "result":"SYNC_SERVER_OK", "context":{"environment":"Prod_westus2_prod-s01-035-nam-westus2", "migrationStage":"NotStarted", "server":"akswtt113000005"}}
{"logTime": "0426/173620", "correlationVector":"7kueJz4xw6UBjy6A5WKdu9.2","action":"GetUpdates Response", "result":"Success", "context":Received 0 update(s). cV=7kueJz4xw6UBjy6A5WKdu9.0;server=akswtt113000005;cloudType=Consumer;environment=Prod_westus2_prod-s01-035-nam-westus2;migrationStage=NotStarted}
{"logTime": "0426/173620", "correlationVector":"tGtuO/abU9fz14WzPNZm3B","action":"Commit Request", "result":"", "context":Item count: 9
Contributing types: Sessions, Device Info, User Consents, History}
{"logTime": "0426/173621", "correlationVector":"tGtuO/abU9fz14WzPNZm3B.1","action":"SyncServerConnectionManagerRequest", "result":"SYNC_SERVER_OK", "context":{"environment":"Prod_westus2_prod-s01-035-nam-westus2", "migrationStage":"NotStarted", "server":"akswtt11300000o"}}
{"logTime": "0426/173621", "correlationVector":"tGtuO/abU9fz14WzPNZm3B.2","action":"Commit Response", "result":"Success", "context":Result: Success. cV=tGtuO/abU9fz14WzPNZm3B.0;server=akswtt11300000o;cloudType=Consumer;environment=Prod_westus2_prod-s01-035-nam-westus2;migrationStage=NotStarted}
{"logTime": "0426/173621", "correlationVector":"+v5g4oj1HmEodDEbcfan40","action":"SyncServerConnectionManagerRequest", "result":"SYNC_SERVER_ERROR", "context":{"environment":"", "error_type":"http_status_code", "error_value":"400", "migrationStage":"", "server":""}}
{"logTime": "0426/173621", "correlationVector":"+YyEWm8/fcaVuZYCGXJZdi","action":"Commit Request", "result":"", "context":Item count: 3
Contributing types: Sessions, History}
{"logTime": "0426/173621", "correlationVector":"+YyEWm8/fcaVuZYCGXJZdi.1","action":"SyncServerConnectionManagerRequest", "result":"SYNC_SERVER_OK", "context":{"environment":"Prod_westus2_prod-s01-035-nam-westus2", "migrationStage":"NotStarted", "server":"akswtt113000006"}}
{"logTime": "0426/173621", "correlationVector":"+YyEWm8/fcaVuZYCGXJZdi.2","action":"Commit Response", "result":"Success", "context":Result: Success. cV=+YyEWm8/fcaVuZYCGXJZdi.0;server=akswtt113000006;cloudType=Consumer;environment=Prod_westus2_prod-s01-035-nam-westus2;migrationStage=NotStarted}
{"logTime": "0426/173622", "correlationVector":"EfbFGq9d8N1su22juPuUK7","action":"Normal GetUpdate request", "result":"", "context":cV=EfbFGq9d8N1su22juPuUK7
Notified types: History}
{"logTime": "0426/173622", "correlationVector":"EfbFGq9d8N1su22juPuUK7.1","action":"SyncServerConnectionManagerRequest", "result":"SYNC_SERVER_OK", "context":{"environment":"Prod_westus2_prod-s01-035-nam-westus2", "migrationStage":"NotStarted", "server":"akswtt11300000n"}}
{"logTime": "0426/173622", "correlationVector":"EfbFGq9d8N1su22juPuUK7.2","action":"ProcessGetUpdates", "result":"Done", "context":{"dataType":"Sessions", "deleted":"0", "process_failed_to_decrypt":"0", "process_pending_decryption":"0", "process_success":"4", "total":"4"}}
{"logTime": "0426/173622", "correlationVector":"EfbFGq9d8N1su22juPuUK7.3","action":"ProcessGetUpdates", "result":"Done", "context":{"dataType":"Device Info", "deleted":"0", "process_failed_to_decrypt":"0", "process_pending_decryption":"0", "process_success":"1", "total":"1"}}
{"logTime": "0426/173622", "correlationVector":"EfbFGq9d8N1su22juPuUK7.4","action":"ProcessGetUpdates", "result":"Done", "context":{"dataType":"History", "deleted":"0", "process_failed_to_decrypt":"0", "process_pending_decryption":"0", "process_success":"7", "total":"7"}}
{"logTime": "0426/173622", "correlationVector":"EfbFGq9d8N1su22juPuUK7.5","action":"GetUpdates Response", "result":"Success", "context":Received 12 update(s). cV=EfbFGq9d8N1su22juPuUK7.0;server=akswtt11300000n;cloudType=Consumer;environment=Prod_westus2_prod-s01-035-nam-westus2;migrationStage=NotStarted}
{"logTime": "0426/173622", "correlationVector":"gKn1mqALDr6db76GmNRlFv","action":"DoCompareDataConsistency requsted types: ", "result":"Bookmarks, Preferences, Extensions, Extension settings, History Delete Directives, Send Tab To Self, Web Apps, History, Saved Tab Group, WebAuthn Credentials, Collection, Edge E Drop, Edge Wallet, Edge Workspace, Encryption Keys"}
{"logTime": "0426/173622", "correlationVector":"gKn1mqALDr6db76GmNRlFv.0","action":"CompareDataConsistency result: ", "result":"Compare result: Encryption Keys is consistent. local entities count is: 1 local entities hash is: mnXhMM6uWcTDhSXh+l/E9Dko8pQ="}
{"logTime": "0426/173622", "correlationVector":"gKn1mqALDr6db76GmNRlFv.1","action":"CompareDataConsistency result: ", "result":"Compare result: Bookmarks is consistent. local entities count is: 10 local entities hash is: dRIJ8LTqVVfWU0uUl/z6w63RNiE="}
{"logTime": "0426/173622", "correlationVector":"gKn1mqALDr6db76GmNRlFv.2","action":"CompareDataConsistency result: ", "result":"Compare result: Preferences is consistent. local entities count is: 89 local entities hash is: oz+MN+DO6JZ0HxdicAXoXN7zibA="}
{"logTime": "0426/173622", "correlationVector":"gKn1mqALDr6db76GmNRlFv.3","action":"CompareDataConsistency result: ", "result":"Compare result: Extensions is consistent. local entities count is: 2 local entities hash is: lJF09PksAwK+l2NzLIAVbQptmSg="}
{"logTime": "0426/173622", "correlationVector":"gKn1mqALDr6db76GmNRlFv.4","action":"CompareDataConsistency result: ", "result":"Compare result: Extension settings is consistent. local entities count is: 0 local entities hash is: "}
{"logTime": "0426/173622", "correlationVector":"gKn1mqALDr6db76GmNRlFv.5","action":"CompareDataConsistency result: ", "result":"Compare result: History Delete Directives is consistent. local entities count is: 0 local entities hash is: "}
{"logTime": "0426/173622", "correlationVector":"gKn1mqALDr6db76GmNRlFv.6","action":"CompareDataConsistency result: ", "result":"Server did not send this Send Tab To Self local entities count is: 0 local entities hash is: "}
{"logTime": "0426/173622", "correlationVector":"gKn1mqALDr6db76GmNRlFv.7","action":"CompareDataConsistency result: ", "result":"Compare result: Web Apps is consistent. local entities count is: 0 local entities hash is: "}
{"logTime": "0426/173622", "correlationVector":"gKn1mqALDr6db76GmNRlFv.8","action":"CompareDataConsistency result: ", "result":"Server did not send this History local entities count is: 0 local entities hash is: "}
{"logTime": "0426/173622", "correlationVector":"gKn1mqALDr6db76GmNRlFv.9","action":"CompareDataConsistency result: ", "result":"Compare result: Saved Tab Group is consistent. local entities count is: 4 local entities hash is: +GFk7KIWm5+J1ieLQgUiX21jXXI="}
{"logTime": "0426/173622", "correlationVector":"gKn1mqALDr6db76GmNRlFv.10","action":"CompareDataConsistency result: ", "result":"Server did not send this WebAuthn Credentials local entities count is: 0 local entities hash is: "}
{"logTime": "0426/173622", "correlationVector":"gKn1mqALDr6db76GmNRlFv.11","action":"CompareDataConsistency result: ", "result":"Compare result: Collection is consistent. local entities count is: 0 local entities hash is: "}
{"logTime": "0426/173622", "correlationVector":"gKn1mqALDr6db76GmNRlFv.12","action":"CompareDataConsistency result: ", "result":"Compare result: Edge E Drop is consistent. local entities count is: 0 local entities hash is: "}
{"logTime": "0426/173622", "correlationVector":"gKn1mqALDr6db76GmNRlFv.13","action":"CompareDataConsistency result: ", "result":"Compare result: Edge Wallet is consistent. local entities count is: 0 local entities hash is: "}
{"logTime": "0426/173622", "correlationVector":"gKn1mqALDr6db76GmNRlFv.14","action":"CompareDataConsistency result: ", "result":"Server did not send this Edge Workspace local entities count is: 0 local entities hash is: "}
{"logTime": "0426/173622", "correlationVector":"gKn1mqALDr6db76GmNRlFv.15","action":"SyncServerConnectionManagerRequest", "result":"SYNC_SERVER_ERROR", "context":{"environment":"", "error_type":"http_status_code", "error_value":"400", "migrationStage":"", "server":""}}
{"logTime": "0426/173622", "correlationVector":"","action":"DIAGNOSTIC_REQUEST|v1/diagnosticData/Diagnostic.SendCheckResult()|SUCCESS", "result":""}
{"logTime": "0426/173624", "correlationVector":"cpicC4FoyIMNm7mVNcpOmk","action":"Normal GetUpdate request", "result":"", "context":cV=cpicC4FoyIMNm7mVNcpOmk
Nudged types: Sessions, History
Refresh requested types: Encryption Keys}
{"logTime": "0426/173624", "correlationVector":"cpicC4FoyIMNm7mVNcpOmk.1","action":"SyncServerConnectionManagerRequest", "result":"SYNC_SERVER_OK", "context":{"environment":"Prod_westus2_prod-s01-035-nam-westus2", "migrationStage":"NotStarted", "server":"akswtt113000005"}}
{"logTime": "0426/173624", "correlationVector":"cpicC4FoyIMNm7mVNcpOmk.2","action":"GetUpdates Response", "result":"Success", "context":Received 0 update(s). cV=cpicC4FoyIMNm7mVNcpOmk.0;server=akswtt113000005;cloudType=Consumer;environment=Prod_westus2_prod-s01-035-nam-westus2;migrationStage=NotStarted}
{"logTime": "0426/173624", "correlationVector":"t26ydvC+SIo5H7k8IvH3hV","action":"Commit Request", "result":"", "context":Item count: 3
Contributing types: Sessions, History}
{"logTime": "0426/173625", "correlationVector":"t26ydvC+SIo5H7k8IvH3hV.1","action":"SyncServerConnectionManagerRequest", "result":"SYNC_SERVER_OK", "context":{"environment":"Prod_westus2_prod-s01-035-nam-westus2", "migrationStage":"NotStarted", "server":"akswtt11300000b"}}
{"logTime": "0426/173625", "correlationVector":"t26ydvC+SIo5H7k8IvH3hV.2","action":"Commit Response", "result":"Success", "context":Result: Success. cV=t26ydvC+SIo5H7k8IvH3hV.0;server=akswtt11300000b;cloudType=Consumer;environment=Prod_westus2_prod-s01-035-nam-westus2;migrationStage=NotStarted}
{"logTime": "0426/173625", "correlationVector":"uzuqBTPn/ZcrSCConn2qmY","action":"SyncServerConnectionManagerRequest", "result":"SYNC_SERVER_ERROR", "context":{"environment":"", "error_type":"http_status_code", "error_value":"400", "migrationStage":"", "server":""}}
{"logTime": "0426/173633", "correlationVector":"fr1fllgqF1Yr0BSd5L1+2j","action":"Normal GetUpdate request", "result":"", "context":cV=fr1fllgqF1Yr0BSd5L1+2j
Nudged types: Sessions, History
Refresh requested types: Encryption Keys}
{"logTime": "0426/173633", "correlationVector":"fr1fllgqF1Yr0BSd5L1+2j.1","action":"SyncServerConnectionManagerRequest", "result":"SYNC_SERVER_OK", "context":{"environment":"Prod_westus2_prod-s01-035-nam-westus2", "migrationStage":"NotStarted", "server":"akswtt113000006"}}
{"logTime": "0426/173633", "correlationVector":"fr1fllgqF1Yr0BSd5L1+2j.2","action":"ProcessGetUpdates", "result":"Done", "context":{"dataType":"Sessions", "deleted":"0", "process_failed_to_decrypt":"0", "process_pending_decryption":"0", "process_success":"1", "total":"1"}}
{"logTime": "0426/173633", "correlationVector":"fr1fllgqF1Yr0BSd5L1+2j.3","action":"ProcessGetUpdates", "result":"Done", "context":{"dataType":"History", "deleted":"0", "process_failed_to_decrypt":"0", "process_pending_decryption":"0", "process_success":"2", "total":"2"}}
{"logTime": "0426/173633", "correlationVector":"fr1fllgqF1Yr0BSd5L1+2j.4","action":"GetUpdates Response", "result":"Success", "context":Received 3 update(s). cV=fr1fllgqF1Yr0BSd5L1+2j.0;server=akswtt113000006;cloudType=Consumer;environment=Prod_westus2_prod-s01-035-nam-westus2;migrationStage=NotStarted}
{"logTime": "0426/173633", "correlationVector":"cIQIT1IEEF0Dox5lMab0Uc","action":"Commit Request", "result":"", "context":Item count: 3
Contributing types: Sessions, History}
{"logTime": "0426/173633", "correlationVector":"cIQIT1IEEF0Dox5lMab0Uc.1","action":"SyncServerConnectionManagerRequest", "result":"SYNC_SERVER_OK", "context":{"environment":"Prod_westus2_prod-s01-035-nam-westus2", "migrationStage":"NotStarted", "server":"akswtt113000006"}}
{"logTime": "0426/173633", "correlationVector":"cIQIT1IEEF0Dox5lMab0Uc.2","action":"Commit Response", "result":"Success", "context":Result: Success. cV=cIQIT1IEEF0Dox5lMab0Uc.0;server=akswtt113000006;cloudType=Consumer;environment=Prod_westus2_prod-s01-035-nam-westus2;migrationStage=NotStarted}
{"logTime": "0426/173633", "correlationVector":"nAt78JV14sXkNh7YYkiEHf","action":"SyncServerConnectionManagerRequest", "result":"SYNC_SERVER_ERROR", "context":{"environment":"", "error_type":"http_status_code", "error_value":"400", "migrationStage":"", "server":""}}
{"logTime": "0426/173648", "correlationVector":"dsGwBsg6BOJA4V3VqhzPoM","action":"Normal GetUpdate request", "result":"", "context":cV=dsGwBsg6BOJA4V3VqhzPoM
Nudged types: Sessions, History
Refresh requested types: Encryption Keys}
{"logTime": "0426/173648", "correlationVector":"dsGwBsg6BOJA4V3VqhzPoM.1","action":"SyncServerConnectionManagerRequest", "result":"SYNC_SERVER_OK", "context":{"environment":"Prod_westus2_prod-s01-035-nam-westus2", "migrationStage":"NotStarted", "server":"akswtt113000005"}}
{"logTime": "0426/173648", "correlationVector":"dsGwBsg6BOJA4V3VqhzPoM.2","action":"ProcessGetUpdates", "result":"Done", "context":{"dataType":"Sessions", "deleted":"0", "process_failed_to_decrypt":"0", "process_pending_decryption":"0", "process_success":"1", "total":"1"}}
{"logTime": "0426/173648", "correlationVector":"dsGwBsg6BOJA4V3VqhzPoM.3","action":"ProcessGetUpdates", "result":"Done", "context":{"dataType":"History", "deleted":"0", "process_failed_to_decrypt":"0", "process_pending_decryption":"0", "process_success":"2", "total":"2"}}
{"logTime": "0426/173648", "correlationVector":"dsGwBsg6BOJA4V3VqhzPoM.4","action":"GetUpdates Response", "result":"Success", "context":Received 3 update(s). cV=dsGwBsg6BOJA4V3VqhzPoM.0;server=akswtt113000005;cloudType=Consumer;environment=Prod_westus2_prod-s01-035-nam-westus2;migrationStage=NotStarted}
{"logTime": "0426/173648", "correlationVector":"8Pi2g9T2jh0+KYnxQ97SG8","action":"Commit Request", "result":"", "context":Item count: 7
Contributing types: Sessions, History}
{"logTime": "0426/173649", "correlationVector":"8Pi2g9T2jh0+KYnxQ97SG8.1","action":"SyncServerConnectionManagerRequest", "result":"SYNC_SERVER_OK", "context":{"environment":"Prod_westus2_prod-s01-035-nam-westus2", "migrationStage":"NotStarted", "server":"akswtt113000008"}}
{"logTime": "0426/173649", "correlationVector":"8Pi2g9T2jh0+KYnxQ97SG8.2","action":"Commit Response", "result":"Success", "context":Result: Success. cV=8Pi2g9T2jh0+KYnxQ97SG8.0;server=akswtt113000008;cloudType=Consumer;environment=Prod_westus2_prod-s01-035-nam-westus2;migrationStage=NotStarted}
{"logTime": "0426/173649", "correlationVector":"vbhvhK0gqX9Vey9ps0XtZR","action":"SyncServerConnectionManagerRequest", "result":"SYNC_SERVER_ERROR", "context":{"environment":"", "error_type":"http_status_code", "error_value":"400", "migrationStage":"", "server":""}}
{"logTime": "0426/173721", "correlationVector":"pG4siS3s5FmFL2mlyUIsEm","action":"Normal GetUpdate request", "result":"", "context":cV=pG4siS3s5FmFL2mlyUIsEm
Nudged types: Sessions, History
Refresh requested types: Encryption Keys}
{"logTime": "0426/173721", "correlationVector":"pG4siS3s5FmFL2mlyUIsEm.1","action":"SyncServerConnectionManagerRequest", "result":"SYNC_SERVER_OK", "context":{"environment":"Prod_westus2_prod-s01-035-nam-westus2", "migrationStage":"NotStarted", "server":"akswtt113000005"}}
{"logTime": "0426/173721", "correlationVector":"pG4siS3s5FmFL2mlyUIsEm.2","action":"ProcessGetUpdates", "result":"Done", "context":{"dataType":"Sessions", "deleted":"0", "process_failed_to_decrypt":"0", "process_pending_decryption":"0", "process_success":"1", "total":"1"}}
{"logTime": "0426/173721", "correlationVector":"pG4siS3s5FmFL2mlyUIsEm.3","action":"ProcessGetUpdates", "result":"Done", "context":{"dataType":"History", "deleted":"0", "process_failed_to_decrypt":"0", "process_pending_decryption":"0", "process_success":"6", "total":"6"}}
{"logTime": "0426/173721", "correlationVector":"pG4siS3s5FmFL2mlyUIsEm.4","action":"GetUpdates Response", "result":"Success", "context":Received 7 update(s). cV=pG4siS3s5FmFL2mlyUIsEm.0;server=akswtt113000005;cloudType=Consumer;environment=Prod_westus2_prod-s01-035-nam-westus2;migrationStage=NotStarted}
{"logTime": "0426/173721", "correlationVector":"N0zL/CZtm95LCepFEQPG+E","action":"Commit Request", "result":"", "context":Item count: 12
Contributing types: Sessions, History}
{"logTime": "0426/173722", "correlationVector":"N0zL/CZtm95LCepFEQPG+E.1","action":"SyncServerConnectionManagerRequest", "result":"SYNC_SERVER_OK", "context":{"environment":"Prod_westus2_prod-s01-035-nam-westus2", "migrationStage":"NotStarted", "server":"akswtt113000008"}}
{"logTime": "0426/173722", "correlationVector":"N0zL/CZtm95LCepFEQPG+E.2","action":"Commit Response", "result":"Success", "context":Result: Success. cV=N0zL/CZtm95LCepFEQPG+E.0;server=akswtt113000008;cloudType=Consumer;environment=Prod_westus2_prod-s01-035-nam-westus2;migrationStage=NotStarted}
{"logTime": "0426/173722", "correlationVector":"wxxbrxWCh9Ou5TFHXnfukk","action":"SyncServerConnectionManagerRequest", "result":"SYNC_SERVER_OK", "context":{"environment":"", "migrationStage":"", "server":""}}
{"logTime": "0426/173722", "correlationVector":"wxxbrxWCh9Ou5TFHXnfukk.0","action":"EncryptionKeysFetcher.DownloadKeys:", "result":"Success", "context":Key count: 5, Last key timestamp: 2026-04-18T03:48:13Z}
{"logTime": "0426/173722", "correlationVector":"wxxbrxWCh9Ou5TFHXnfukk.1","action":"EncryptionKeysManager::SetEncryptionKeys:", "result":"Success", "context":Key names[5]:[lBLlivP0tL7DaZCLOxY0Ms4GCmsztTwaiZZnWuhIrvxf62WQbQQOrEOZFqDAc6XX8sNCG3UdMSQXoQPb7570QQ==][lVznK7+X4kMFXxOXBoPhpSbjH3WghWADowbo4a72vMU6iWo8i79nPTR5N+6F83VtFpBywxdhc0xV21a2Jm/A6g==][Rkjhz4tCaGQHbFM9iina6dfubiNJH3/8Nb0P3dtJ1SeLsFRspz/UbUDes0Q9ENkkHUncnfUvSXI6M+uJbc+N9w==][qNbI0n6v/hh0ojvUbrBt2zg5a/wjTFo4ReIKDxAcek9QLy5Lb4ncifiaiqLrQxn4dHE7159KCWd7txz5PXG7pA==][EQnJNat9nLGhQ3sWluAQbvJNaL11ABTMNp2x6WBZFViiXC6pyhYenoSQCzCxCCt+LnXbXP/vleqfYDQYpxNb5A==]}
{"logTime": "0426/173722", "correlationVector":"wxxbrxWCh9Ou5TFHXnfukk.2","action":"EncryptionKeysManager::SetEncryptionKeysWithTimestamps:", "result":"Success", "context":Key timestamps[5]:[2024-04-18T22:10:58Z][2024-10-16T20:23:03Z][2025-04-14T23:12:43Z][2025-10-14T00:38:14Z][2026-04-18T03:48:13Z]}
{"logTime": "0426/173722", "correlationVector":"idlBkC8JAnoIQAyl6yYTLL","action":"Initial GetUpdates", "result":"", "context":Reason: NEWLY_SUPPORTED_DATATYPE. cV=idlBkC8JAnoIQAyl6yYTLL}
{"logTime": "0426/173722", "correlationVector":"idlBkC8JAnoIQAyl6yYTLL.1","action":"SyncServerConnectionManagerRequest", "result":"SYNC_SERVER_OK", "context":{"environment":"Prod_westus2_prod-s01-035-nam-westus2", "migrationStage":"NotStarted", "server":"akswtt113000005"}}
{"logTime": "0426/173722", "correlationVector":"idlBkC8JAnoIQAyl6yYTLL.2","action":"ProcessGetUpdates", "result":"Done", "context":{"dataType":"Passwords", "deleted":"0", "process_failed_to_decrypt":"0", "process_pending_decryption":"0", "process_success":"52", "total":"52"}}
{"logTime": "0426/173722", "correlationVector":"idlBkC8JAnoIQAyl6yYTLL.3","action":"GetUpdates Response", "result":"Success", "context":Received 52 update(s). cV=idlBkC8JAnoIQAyl6yYTLL.0;server=akswtt113000005;cloudType=Consumer;environment=Prod_westus2_prod-s01-035-nam-westus2;migrationStage=NotStarted}
{"logTime": "0426/173722", "correlationVector":"1VV48mDwfRy/eL4zaRLKFs","action":"Initial GetUpdates", "result":"", "context":Reason: NEWLY_SUPPORTED_DATATYPE. cV=1VV48mDwfRy/eL4zaRLKFs}
{"logTime": "0426/173722", "correlationVector":"1VV48mDwfRy/eL4zaRLKFs.1","action":"SyncServerConnectionManagerRequest", "result":"SYNC_SERVER_OK", "context":{"environment":"Prod_westus2_prod-s01-035-nam-westus2", "migrationStage":"NotStarted", "server":"akswtt11300000f"}}
{"logTime": "0426/173722", "correlationVector":"1VV48mDwfRy/eL4zaRLKFs.2","action":"ProcessGetUpdates", "result":"Done", "context":{"dataType":"Autofill Profiles", "deleted":"0", "process_failed_to_decrypt":"0", "process_pending_decryption":"0", "process_success":"10", "total":"10"}}
{"logTime": "0426/173722", "correlationVector":"1VV48mDwfRy/eL4zaRLKFs.3","action":"ProcessGetUpdates", "result":"Done", "context":{"dataType":"Autofill", "deleted":"0", "process_failed_to_decrypt":"0", "process_pending_decryption":"0", "process_success":"240", "total":"240"}}
{"logTime": "0426/173722", "correlationVector":"1VV48mDwfRy/eL4zaRLKFs.4","action":"GetUpdates Response", "result":"Success", "context":Received 250 update(s). cV=1VV48mDwfRy/eL4zaRLKFs.0;server=akswtt11300000f;cloudType=Consumer;environment=Prod_westus2_prod-s01-035-nam-westus2;migrationStage=NotStarted Some updates remain.}
{"logTime": "0426/173722", "correlationVector":"K8YIw5++Nw+I3Q1IGnCQ9a","action":"Initial GetUpdates", "result":"", "context":Reason: NEWLY_SUPPORTED_DATATYPE. cV=K8YIw5++Nw+I3Q1IGnCQ9a}
{"logTime": "0426/173723", "correlationVector":"K8YIw5++Nw+I3Q1IGnCQ9a.1","action":"SyncServerConnectionManagerRequest", "result":"SYNC_SERVER_OK", "context":{"environment":"Prod_westus2_prod-s01-035-nam-westus2", "migrationStage":"NotStarted", "server":"akswtt113000005"}}
{"logTime": "0426/173723", "correlationVector":"K8YIw5++Nw+I3Q1IGnCQ9a.2","action":"ProcessGetUpdates", "result":"Done", "context":{"dataType":"Autofill", "deleted":"0", "process_failed_to_decrypt":"0", "process_pending_decryption":"0", "process_success":"250", "total":"250"}}
{"logTime": "0426/173723", "correlationVector":"K8YIw5++Nw+I3Q1IGnCQ9a.3","action":"GetUpdates Response", "result":"Success", "context":Received 250 update(s). cV=K8YIw5++Nw+I3Q1IGnCQ9a.0;server=akswtt113000005;cloudType=Consumer;environment=Prod_westus2_prod-s01-035-nam-westus2;migrationStage=NotStarted Some updates remain.}
{"logTime": "0426/173723", "correlationVector":"1eFYigaFzzu0qsVuGFFp0j","action":"Initial GetUpdates", "result":"", "context":Reason: NEWLY_SUPPORTED_DATATYPE. cV=1eFYigaFzzu0qsVuGFFp0j}
{"logTime": "0426/173723", "correlationVector":"1eFYigaFzzu0qsVuGFFp0j.1","action":"SyncServerConnectionManagerRequest", "result":"SYNC_SERVER_OK", "context":{"environment":"Prod_westus2_prod-s01-035-nam-westus2", "migrationStage":"NotStarted", "server":"akswtt11300000f"}}
{"logTime": "0426/173723", "correlationVector":"1eFYigaFzzu0qsVuGFFp0j.2","action":"ProcessGetUpdates", "result":"Done", "context":{"dataType":"Autofill Profiles", "deleted":"0", "process_failed_to_decrypt":"0", "process_pending_decryption":"0", "process_success":"3", "total":"3"}}
{"logTime": "0426/173723", "correlationVector":"1eFYigaFzzu0qsVuGFFp0j.3","action":"ProcessGetUpdates", "result":"Done", "context":{"dataType":"Autofill", "deleted":"0", "process_failed_to_decrypt":"0", "process_pending_decryption":"0", "process_success":"247", "total":"247"}}
{"logTime": "0426/173723", "correlationVector":"1eFYigaFzzu0qsVuGFFp0j.4","action":"GetUpdates Response", "result":"Success", "context":Received 250 update(s). cV=1eFYigaFzzu0qsVuGFFp0j.0;server=akswtt11300000f;cloudType=Consumer;environment=Prod_westus2_prod-s01-035-nam-westus2;migrationStage=NotStarted Some updates remain.}
{"logTime": "0426/173723", "correlationVector":"4vJ0w7RRqDtP4tAfcAIm94","action":"Initial GetUpdates", "result":"", "context":Reason: NEWLY_SUPPORTED_DATATYPE. cV=4vJ0w7RRqDtP4tAfcAIm94}
{"logTime": "0426/173723", "correlationVector":"4vJ0w7RRqDtP4tAfcAIm94.1","action":"SyncServerConnectionManagerRequest", "result":"SYNC_SERVER_OK", "context":{"environment":"Prod_westus2_prod-s01-035-nam-westus2", "migrationStage":"NotStarted", "server":"akswtt113000008"}}
{"logTime": "0426/173723", "correlationVector":"4vJ0w7RRqDtP4tAfcAIm94.2","action":"ProcessGetUpdates", "result":"Done", "context":{"dataType":"Autofill", "deleted":"0", "process_failed_to_decrypt":"0", "process_pending_decryption":"0", "process_success":"12", "total":"12"}}
{"logTime": "0426/173723", "correlationVector":"4vJ0w7RRqDtP4tAfcAIm94.3","action":"GetUpdates Response", "result":"Success", "context":Received 12 update(s). cV=4vJ0w7RRqDtP4tAfcAIm94.0;server=akswtt113000008;cloudType=Consumer;environment=Prod_westus2_prod-s01-035-nam-westus2;migrationStage=NotStarted}
{"logTime": "0426/173723", "correlationVector":"2xVu4wG0rfXDxf0w4N2yZu","action":"Normal GetUpdate request", "result":"", "context":cV=2xVu4wG0rfXDxf0w4N2yZu
Nudged types: Sessions, History
Refresh requested types: Bookmarks, Preferences, Passwords, Autofill Profiles, Autofill, Extensions, Sessions, Extension settings, History Delete Directives, Device Info, User Consents, Send Tab To Self, Web Apps, History, Saved Tab Group, WebAuthn Credentials, Collection, Edge E Drop, Edge Hub App Usage, Edge Wallet, Edge Workspace, Encryption Keys}
{"logTime": "0426/173723", "correlationVector":"2xVu4wG0rfXDxf0w4N2yZu.1","action":"SyncServerConnectionManagerRequest", "result":"SYNC_SERVER_OK", "context":{"environment":"Prod_westus2_prod-s01-035-nam-westus2", "migrationStage":"NotStarted", "server":"akswtt113000006"}}
{"logTime": "0426/173723", "correlationVector":"2xVu4wG0rfXDxf0w4N2yZu.2","action":"ProcessGetUpdates", "result":"Done", "context":{"dataType":"Sessions", "deleted":"0", "process_failed_to_decrypt":"0", "process_pending_decryption":"0", "process_success":"1", "total":"1"}}
{"logTime": "0426/173723", "correlationVector":"2xVu4wG0rfXDxf0w4N2yZu.3","action":"ProcessGetUpdates", "result":"Done", "context":{"dataType":"History", "deleted":"0", "process_failed_to_decrypt":"0", "process_pending_decryption":"0", "process_success":"11", "total":"11"}}
{"logTime": "0426/173723", "correlationVector":"2xVu4wG0rfXDxf0w4N2yZu.4","action":"GetUpdates Response", "result":"Success", "context":Received 12 update(s). cV=2xVu4wG0rfXDxf0w4N2yZu.0;server=akswtt113000006;cloudType=Consumer;environment=Prod_westus2_prod-s01-035-nam-westus2;migrationStage=NotStarted}
{"logTime": "0426/173723", "correlationVector":"NK32HoyC4IcDwu0ezM44jV","action":"Commit Request", "result":"", "context":Item count: 3
Contributing types: Sessions, History}
{"logTime": "0426/173723", "correlationVector":"NK32HoyC4IcDwu0ezM44jV.1","action":"SyncServerConnectionManagerRequest", "result":"SYNC_SERVER_OK", "context":{"environment":"Prod_westus2_prod-s01-035-nam-westus2", "migrationStage":"NotStarted", "server":"akswtt113000005"}}
{"logTime": "0426/173723", "correlationVector":"NK32HoyC4IcDwu0ezM44jV.2","action":"Commit Response", "result":"Success", "context":Result: Success. cV=NK32HoyC4IcDwu0ezM44jV.0;server=akswtt113000005;cloudType=Consumer;environment=Prod_westus2_prod-s01-035-nam-westus2;migrationStage=NotStarted}
{"logTime": "0426/173822", "correlationVector":"lnQOwWFD5Mi1Si33I4j1Zx","action":"Commit Request", "result":"", "context":Item count: 7
Contributing types: Sessions, History}
{"logTime": "0426/173822", "correlationVector":"lnQOwWFD5Mi1Si33I4j1Zx.1","action":"SyncServerConnectionManagerRequest", "result":"SYNC_SERVER_OK", "context":{"environment":"Prod_westus2_prod-s01-035-nam-westus2", "migrationStage":"NotStarted", "server":"akswtt113000007"}}
{"logTime": "0426/173822", "correlationVector":"lnQOwWFD5Mi1Si33I4j1Zx.2","action":"Commit Response", "result":"Success", "context":Result: Success. cV=lnQOwWFD5Mi1Si33I4j1Zx.0;server=akswtt113000007;cloudType=Consumer;environment=Prod_westus2_prod-s01-035-nam-westus2;migrationStage=NotStarted}
{"logTime": "0426/173922", "correlationVector":"nDI3I4OGkJRpn8FwRVJWBm","action":"Commit Request", "result":"", "context":Item count: 8
Contributing types: Sessions, History}
{"logTime": "0426/173923", "correlationVector":"nDI3I4OGkJRpn8FwRVJWBm.1","action":"SyncServerConnectionManagerRequest", "result":"SYNC_SERVER_OK", "context":{"environment":"Prod_westus2_prod-s01-035-nam-westus2", "migrationStage":"NotStarted", "server":"akswtt113000006"}}
{"logTime": "0426/173923", "correlationVector":"nDI3I4OGkJRpn8FwRVJWBm.2","action":"Commit Response", "result":"Success", "context":Result: Success. cV=nDI3I4OGkJRpn8FwRVJWBm.0;server=akswtt113000006;cloudType=Consumer;environment=Prod_westus2_prod-s01-035-nam-westus2;migrationStage=NotStarted}
