{"logTime": "0426/133106", "correlationVector":"XRdvyRFpKJoXjO92zU20YJ.1","action":"SyncServerConnectionManagerRequest", "result":"SYNC_SERVER_OK", "context":{"environment":"Prod_westus2_prod-s01-035-nam-westus2", "migrationStage":"NotStarted", "server":"akswtt11300000u"}}
{"logTime": "0426/133106", "correlationVector":"XRdvyRFpKJoXjO92zU20YJ.2","action":"ProcessGetUpdates", "result":"Done", "context":{"dataType":"Encryption Keys", "deleted":"0", "process_failed_to_decrypt":"0", "process_pending_decryption":"0", "process_success":"1", "total":"1"}}
{"logTime": "0426/133107", "correlationVector":"2DtifgujKPfr2Du4bMaMHO","action":"SyncServerConnectionManagerRequest", "result":"SYNC_SERVER_OK", "context":{"environment":"", "migrationStage":"", "server":""}}
{"logTime": "0426/133107", "correlationVector":"2DtifgujKPfr2Du4bMaMHO.0","action":"EncryptionKeysFetcher.DownloadKeys:", "result":"Success", "context":Key count: 5, Last key timestamp: 2026-04-18T03:48:13Z}
{"logTime": "0426/133107", "correlationVector":"2DtifgujKPfr2Du4bMaMHO.1","action":"EncryptionKeysManager::SetEncryptionKeys:", "result":"Success", "context":Key names[5]:[lBLlivP0tL7DaZCLOxY0Ms4GCmsztTwaiZZnWuhIrvxf62WQbQQOrEOZFqDAc6XX8sNCG3UdMSQXoQPb7570QQ==][lVznK7+X4kMFXxOXBoPhpSbjH3WghWADowbo4a72vMU6iWo8i79nPTR5N+6F83VtFpBywxdhc0xV21a2Jm/A6g==][Rkjhz4tCaGQHbFM9iina6dfubiNJH3/8Nb0P3dtJ1SeLsFRspz/UbUDes0Q9ENkkHUncnfUvSXI6M+uJbc+N9w==][qNbI0n6v/hh0ojvUbrBt2zg5a/wjTFo4ReIKDxAcek9QLy5Lb4ncifiaiqLrQxn4dHE7159KCWd7txz5PXG7pA==][EQnJNat9nLGhQ3sWluAQbvJNaL11ABTMNp2x6WBZFViiXC6pyhYenoSQCzCxCCt+LnXbXP/vleqfYDQYpxNb5A==]}
{"logTime": "0426/133107", "correlationVector":"2DtifgujKPfr2Du4bMaMHO.2","action":"EncryptionKeysManager::SetEncryptionKeysWithTimestamps:", "result":"Success", "context":Key timestamps[5]:[2024-04-18T22:10:58Z][2024-10-16T20:23:03Z][2025-04-14T23:12:43Z][2025-10-14T00:38:14Z][2026-04-18T03:48:13Z]}
{"logTime": "0426/133107", "correlationVector":"XRdvyRFpKJoXjO92zU20YJ","action":"Initial GetUpdates", "result":"", "context":Reason: NEW_CLIENT. cV=XRdvyRFpKJoXjO92zU20YJ}
{"logTime": "0426/133107", "correlationVector":"XRdvyRFpKJoXjO92zU20YJ.3","action":"GetUpdates Response", "result":"Success", "context":Received 1 update(s). cV=XRdvyRFpKJoXjO92zU20YJ.0;server=akswtt11300000u;cloudType=Consumer;environment=Prod_westus2_prod-s01-035-nam-westus2;migrationStage=NotStarted}
{"logTime": "0426/133107", "correlationVector":"mkQkkDFMnZ0rRav9sD5OzR","action":"Initial GetUpdates", "result":"", "context":Reason: NEWLY_SUPPORTED_DATATYPE. cV=mkQkkDFMnZ0rRav9sD5OzR}
{"logTime": "0426/133107", "correlationVector":"mkQkkDFMnZ0rRav9sD5OzR.1","action":"SyncServerConnectionManagerRequest", "result":"SYNC_SERVER_OK", "context":{"environment":"Prod_westus2_prod-s01-035-nam-westus2", "migrationStage":"NotStarted", "server":"akswtt11300000b"}}
{"logTime": "0426/133107", "correlationVector":"mkQkkDFMnZ0rRav9sD5OzR.2","action":"ProcessGetUpdates", "result":"Done", "context":{"dataType":"Preferences", "deleted":"0", "process_failed_to_decrypt":"0", "process_pending_decryption":"0", "process_success":"89", "total":"89"}}
{"logTime": "0426/133107", "correlationVector":"mkQkkDFMnZ0rRav9sD5OzR.3","action":"ProcessGetUpdates", "result":"Done", "context":{"dataType":"Passwords", "deleted":"0", "process_failed_to_decrypt":"0", "process_pending_decryption":"0", "process_success":"52", "total":"52"}}
{"logTime": "0426/133107", "correlationVector":"mkQkkDFMnZ0rRav9sD5OzR.4","action":"ProcessGetUpdates", "result":"Done", "context":{"dataType":"Device Info", "deleted":"0", "process_failed_to_decrypt":"0", "process_pending_decryption":"0", "process_success":"10", "total":"10"}}
{"logTime": "0426/133107", "correlationVector":"mkQkkDFMnZ0rRav9sD5OzR.5","action":"GetUpdates Response", "result":"Success", "context":Received 151 update(s). cV=mkQkkDFMnZ0rRav9sD5OzR.0;server=akswtt11300000b;cloudType=Consumer;environment=Prod_westus2_prod-s01-035-nam-westus2;migrationStage=NotStarted}
{"logTime": "0426/133107", "correlationVector":"yG8LyM4sjEsK1jcOLYGnMW","action":"Initial GetUpdates", "result":"", "context":Reason: NEWLY_SUPPORTED_DATATYPE. cV=yG8LyM4sjEsK1jcOLYGnMW}
{"logTime": "0426/133107", "correlationVector":"yG8LyM4sjEsK1jcOLYGnMW.1","action":"SyncServerConnectionManagerRequest", "result":"SYNC_SERVER_OK", "context":{"environment":"Prod_westus2_prod-s01-035-nam-westus2", "migrationStage":"NotStarted", "server":"akswtt11300000t"}}
{"logTime": "0426/133107", "correlationVector":"yG8LyM4sjEsK1jcOLYGnMW.2","action":"ProcessGetUpdates", "result":"Done", "context":{"dataType":"Bookmarks", "deleted":"1", "process_failed_to_decrypt":"0", "process_pending_decryption":"0", "process_success":"17", "total":"17"}}
{"logTime": "0426/133107", "correlationVector":"yG8LyM4sjEsK1jcOLYGnMW.3","action":"GetUpdates Response", "result":"Success", "context":Received 17 update(s). cV=yG8LyM4sjEsK1jcOLYGnMW.0;server=akswtt11300000t;cloudType=Consumer;environment=Prod_westus2_prod-s01-035-nam-westus2;migrationStage=NotStarted}
{"logTime": "0426/133107", "correlationVector":"J0aSbtG5J+46yHmtqFgpAI","action":"Initial GetUpdates", "result":"", "context":Reason: NEWLY_SUPPORTED_DATATYPE. cV=J0aSbtG5J+46yHmtqFgpAI}
{"logTime": "0426/133108", "correlationVector":"J0aSbtG5J+46yHmtqFgpAI.1","action":"SyncServerConnectionManagerRequest", "result":"SYNC_SERVER_OK", "context":{"environment":"Prod_westus2_prod-s01-035-nam-westus2", "migrationStage":"NotStarted", "server":"akswtt113000001"}}
{"logTime": "0426/133108", "correlationVector":"J0aSbtG5J+46yHmtqFgpAI.2","action":"ProcessGetUpdates", "result":"Done", "context":{"dataType":"Autofill", "deleted":"0", "process_failed_to_decrypt":"0", "process_pending_decryption":"0", "process_success":"236", "total":"236"}}
{"logTime": "0426/133108", "correlationVector":"J0aSbtG5J+46yHmtqFgpAI.3","action":"ProcessGetUpdates", "result":"Done", "context":{"dataType":"Sessions", "deleted":"14", "process_failed_to_decrypt":"0", "process_pending_decryption":"0", "process_success":"14", "total":"14"}}
{"logTime": "0426/133108", "correlationVector":"J0aSbtG5J+46yHmtqFgpAI.4","action":"GetUpdates Response", "result":"Success", "context":Received 250 update(s). cV=J0aSbtG5J+46yHmtqFgpAI.0;server=akswtt113000001;cloudType=Consumer;environment=Prod_westus2_prod-s01-035-nam-westus2;migrationStage=NotStarted Some updates remain.}
{"logTime": "0426/133108", "correlationVector":"lpAh1suilBZcSYlVihR/Ca","action":"Initial GetUpdates", "result":"", "context":Reason: NEWLY_SUPPORTED_DATATYPE. cV=lpAh1suilBZcSYlVihR/Ca}
{"logTime": "0426/133108", "correlationVector":"lpAh1suilBZcSYlVihR/Ca.1","action":"SyncServerConnectionManagerRequest", "result":"SYNC_SERVER_OK", "context":{"environment":"Prod_westus2_prod-s01-035-nam-westus2", "migrationStage":"NotStarted", "server":"akswtt11300000b"}}
{"logTime": "0426/133108", "correlationVector":"lpAh1suilBZcSYlVihR/Ca.2","action":"ProcessGetUpdates", "result":"Done", "context":{"dataType":"Sessions", "deleted":"248", "process_failed_to_decrypt":"0", "process_pending_decryption":"0", "process_success":"248", "total":"248"}}
{"logTime": "0426/133108", "correlationVector":"lpAh1suilBZcSYlVihR/Ca.3","action":"ProcessGetUpdates", "result":"Done", "context":{"dataType":"Edge Hub App Usage", "deleted":"1", "process_failed_to_decrypt":"0", "process_pending_decryption":"0", "process_success":"2", "total":"2"}}
{"logTime": "0426/133108", "correlationVector":"lpAh1suilBZcSYlVihR/Ca.4","action":"GetUpdates Response", "result":"Success", "context":Received 250 update(s). cV=lpAh1suilBZcSYlVihR/Ca.0;server=akswtt11300000b;cloudType=Consumer;environment=Prod_westus2_prod-s01-035-nam-westus2;migrationStage=NotStarted Some updates remain.}
{"logTime": "0426/133108", "correlationVector":"TGFXhxFvMda3N/lJUsW2bF","action":"Initial GetUpdates", "result":"", "context":Reason: NEWLY_SUPPORTED_DATATYPE. cV=TGFXhxFvMda3N/lJUsW2bF}
{"logTime": "0426/133108", "correlationVector":"TGFXhxFvMda3N/lJUsW2bF.1","action":"SyncServerConnectionManagerRequest", "result":"SYNC_SERVER_OK", "context":{"environment":"Prod_westus2_prod-s01-035-nam-westus2", "migrationStage":"NotStarted", "server":"akswtt11300000h"}}
{"logTime": "0426/133108", "correlationVector":"TGFXhxFvMda3N/lJUsW2bF.2","action":"ProcessGetUpdates", "result":"Done", "context":{"dataType":"Sessions", "deleted":"243", "process_failed_to_decrypt":"0", "process_pending_decryption":"0", "process_success":"243", "total":"243"}}
{"logTime": "0426/133108", "correlationVector":"TGFXhxFvMda3N/lJUsW2bF.3","action":"ProcessGetUpdates", "result":"Done", "context":{"dataType":"Saved Tab Group", "deleted":"0", "process_failed_to_decrypt":"0", "process_pending_decryption":"0", "process_success":"4", "total":"4"}}
{"logTime": "0426/133108", "correlationVector":"TGFXhxFvMda3N/lJUsW2bF.4","action":"ProcessGetUpdates", "result":"Done", "context":{"dataType":"Edge Hub App Usage", "deleted":"3", "process_failed_to_decrypt":"0", "process_pending_decryption":"0", "process_success":"3", "total":"3"}}
{"logTime": "0426/133108", "correlationVector":"TGFXhxFvMda3N/lJUsW2bF.5","action":"GetUpdates Response", "result":"Success", "context":Received 250 update(s). cV=TGFXhxFvMda3N/lJUsW2bF.0;server=akswtt11300000h;cloudType=Consumer;environment=Prod_westus2_prod-s01-035-nam-westus2;migrationStage=NotStarted Some updates remain.}
{"logTime": "0426/133108", "correlationVector":"3tl6oCuBXMfq6TuzfEge0X","action":"Initial GetUpdates", "result":"", "context":Reason: NEWLY_SUPPORTED_DATATYPE. cV=3tl6oCuBXMfq6TuzfEge0X}
{"logTime": "0426/133109", "correlationVector":"3tl6oCuBXMfq6TuzfEge0X.1","action":"SyncServerConnectionManagerRequest", "result":"SYNC_SERVER_OK", "context":{"environment":"Prod_westus2_prod-s01-035-nam-westus2", "migrationStage":"NotStarted", "server":"akswtt113000007"}}
{"logTime": "0426/133109", "correlationVector":"3tl6oCuBXMfq6TuzfEge0X.2","action":"ProcessGetUpdates", "result":"Done", "context":{"dataType":"Extensions", "deleted":"0", "process_failed_to_decrypt":"0", "process_pending_decryption":"0", "process_success":"1", "total":"1"}}
{"logTime": "0426/133109", "correlationVector":"3tl6oCuBXMfq6TuzfEge0X.3","action":"ProcessGetUpdates", "result":"Done", "context":{"dataType":"Sessions", "deleted":"248", "process_failed_to_decrypt":"0", "process_pending_decryption":"0", "process_success":"248", "total":"248"}}
{"logTime": "0426/133109", "correlationVector":"3tl6oCuBXMfq6TuzfEge0X.4","action":"ProcessGetUpdates", "result":"Done", "context":{"dataType":"Edge Hub App Usage", "deleted":"1", "process_failed_to_decrypt":"0", "process_pending_decryption":"0", "process_success":"1", "total":"1"}}
{"logTime": "0426/133109", "correlationVector":"3tl6oCuBXMfq6TuzfEge0X.5","action":"GetUpdates Response", "result":"Success", "context":Received 250 update(s). cV=3tl6oCuBXMfq6TuzfEge0X.0;server=akswtt113000007;cloudType=Consumer;environment=Prod_westus2_prod-s01-035-nam-westus2;migrationStage=NotStarted Some updates remain.}
{"logTime": "0426/133109", "correlationVector":"lO6aS9rEgviCySHRXu+alc","action":"Initial GetUpdates", "result":"", "context":Reason: NEWLY_SUPPORTED_DATATYPE. cV=lO6aS9rEgviCySHRXu+alc}
{"logTime": "0426/133109", "correlationVector":"lO6aS9rEgviCySHRXu+alc.1","action":"SyncServerConnectionManagerRequest", "result":"SYNC_SERVER_OK", "context":{"environment":"Prod_westus2_prod-s01-035-nam-westus2", "migrationStage":"NotStarted", "server":"akswtt11300000j"}}
{"logTime": "0426/133109", "correlationVector":"lO6aS9rEgviCySHRXu+alc.2","action":"ProcessGetUpdates", "result":"Done", "context":{"dataType":"Sessions", "deleted":"248", "process_failed_to_decrypt":"0", "process_pending_decryption":"0", "process_success":"248", "total":"248"}}
{"logTime": "0426/133109", "correlationVector":"lO6aS9rEgviCySHRXu+alc.3","action":"ProcessGetUpdates", "result":"Done", "context":{"dataType":"Edge Hub App Usage", "deleted":"1", "process_failed_to_decrypt":"0", "process_pending_decryption":"0", "process_success":"2", "total":"2"}}
{"logTime": "0426/133109", "correlationVector":"lO6aS9rEgviCySHRXu+alc.4","action":"GetUpdates Response", "result":"Success", "context":Received 250 update(s). cV=lO6aS9rEgviCySHRXu+alc.0;server=akswtt11300000j;cloudType=Consumer;environment=Prod_westus2_prod-s01-035-nam-westus2;migrationStage=NotStarted Some updates remain.}
{"logTime": "0426/133109", "correlationVector":"jjHIxI0PAmxrF7V2jP97cX","action":"Initial GetUpdates", "result":"", "context":Reason: NEWLY_SUPPORTED_DATATYPE. cV=jjHIxI0PAmxrF7V2jP97cX}
