2026-04-26 17:49:58.835: [INFO] VisibilityChanged: 0
2026-04-26 17:49:58.847: [INFO] RecordSyncInitDuration has_sync_been_enabled: 0 state: 0
2026-04-26 17:49:58.847: [INFO] RecordSyncInitDuration has_sync_been_enabled: 0 state: 0
2026-04-26 17:49:58.848: [INFO] RecordSyncInitDuration has_sync_been_enabled: 0 state: 0
2026-04-26 17:49:58.848: [INFO] RecordSyncInitDuration has_sync_been_enabled: 0 state: 0
2026-04-26 17:49:58.848: [INFO] RecordSyncInitDuration has_sync_been_enabled: 0 state: 0
2026-04-26 17:49:58.849: [INFO] RecordSyncInitDuration has_sync_been_enabled: 0 state: 0
2026-04-26 17:49:58.849: [INFO] RecordSyncInitDuration has_sync_been_enabled: 0 state: 0
2026-04-26 17:49:58.849: [INFO] RecordSyncInitDuration has_sync_been_enabled: 0 state: 0
2026-04-26 17:49:58.849: [INFO] RecordSyncInitDuration has_sync_been_enabled: 0 state: 0
2026-04-26 17:49:58.850: [INFO] RecordSyncInitDuration has_sync_been_enabled: 0 state: 0
2026-04-26 17:49:58.850: [INFO] RecordSyncInitDuration has_sync_been_enabled: 0 state: 0
2026-04-26 17:49:58.850: [INFO] RecordSyncInitDuration has_sync_been_enabled: 0 state: 0
2026-04-26 17:49:58.857: [INFO] BookmarkModelLoaded, ids_reassigned: 0
2026-04-26 17:49:58.857: [INFO] OnDoneLoading sync enabled: 0
2026-04-26 17:49:58.893: [INFO] RecordSyncInitDuration has_sync_been_enabled: 0 state: 0
2026-04-26 17:49:59.970: [INFO] RecordSyncInitDuration has_sync_been_enabled: 0 state: 0
2026-04-26 17:49:59.972: [INFO] RecordSyncInitDuration has_sync_been_enabled: 0 state: 3
2026-04-26 17:49:59.974: [INFO] Primary account changed.
2026-04-26 17:49:59.974: [INFO] OnPrimaryAccountChanged PrimaryAccountChangeEvent::Type::kSet
2026-04-26 17:49:59.977: [INFO] RecordSyncInitDuration has_sync_been_enabled: 0 state: 3
2026-04-26 17:49:59.994: [INFO] RecordSyncInitDuration has_sync_been_enabled: 0 state: 3
2026-04-26 17:50:01.347: [INFO] BookmarkNodeAdded, ABU: 0
2026-04-26 17:50:01.347: [INFO] BookmarkNodeAdded, ABU: 0
2026-04-26 17:50:01.348: [INFO] BookmarkNodeAdded, ABU: 0
2026-04-26 17:50:01.348: [INFO] BookmarkNodeAdded, ABU: 0
2026-04-26 17:50:01.349: [INFO] BookmarkNodeAdded, ABU: 0
2026-04-26 17:50:01.349: [INFO] BookmarkNodeAdded, ABU: 0
2026-04-26 17:50:01.349: [INFO] BookmarkNodeAdded, ABU: 0
2026-04-26 17:50:01.350: [INFO] BookmarkNodeAdded, ABU: 0
2026-04-26 17:50:01.350: [INFO] BookmarkNodeAdded, ABU: 0
2026-04-26 17:50:01.350: [INFO] BookmarkNodeAdded, ABU: 0
2026-04-26 17:50:04.547: [INFO] Sync initialization duration: 4512ms
