{"logTime": "0425/194532", "correlationVector":"MzRpqppySsyZUU8iA4azGi.1","action":"SyncServerConnectionManagerRequest", "result":"SYNC_SERVER_OK", "context":{"environment":"Prod_westus2_prod-s01-035-nam-westus2", "migrationStage":"NotStarted", "server":"akswtt11300000t"}}
{"logTime": "0425/194532", "correlationVector":"MzRpqppySsyZUU8iA4azGi.2","action":"ProcessGetUpdates", "result":"Done", "context":{"dataType":"Encryption Keys", "deleted":"0", "process_failed_to_decrypt":"0", "process_pending_decryption":"0", "process_success":"1", "total":"1"}}
{"logTime": "0425/194533", "correlationVector":"FEfPJEzwZcZnFVWeguv2fG","action":"SyncServerConnectionManagerRequest", "result":"SYNC_SERVER_OK", "context":{"environment":"", "migrationStage":"", "server":""}}
{"logTime": "0425/194533", "correlationVector":"FEfPJEzwZcZnFVWeguv2fG.0","action":"EncryptionKeysFetcher.DownloadKeys:", "result":"Success", "context":Key count: 5, Last key timestamp: 2026-04-18T03:48:13Z}
{"logTime": "0425/194533", "correlationVector":"FEfPJEzwZcZnFVWeguv2fG.1","action":"EncryptionKeysManager::SetEncryptionKeys:", "result":"Success", "context":Key names[5]:[lBLlivP0tL7DaZCLOxY0Ms4GCmsztTwaiZZnWuhIrvxf62WQbQQOrEOZFqDAc6XX8sNCG3UdMSQXoQPb7570QQ==][lVznK7+X4kMFXxOXBoPhpSbjH3WghWADowbo4a72vMU6iWo8i79nPTR5N+6F83VtFpBywxdhc0xV21a2Jm/A6g==][Rkjhz4tCaGQHbFM9iina6dfubiNJH3/8Nb0P3dtJ1SeLsFRspz/UbUDes0Q9ENkkHUncnfUvSXI6M+uJbc+N9w==][qNbI0n6v/hh0ojvUbrBt2zg5a/wjTFo4ReIKDxAcek9QLy5Lb4ncifiaiqLrQxn4dHE7159KCWd7txz5PXG7pA==][EQnJNat9nLGhQ3sWluAQbvJNaL11ABTMNp2x6WBZFViiXC6pyhYenoSQCzCxCCt+LnXbXP/vleqfYDQYpxNb5A==]}
{"logTime": "0425/194533", "correlationVector":"FEfPJEzwZcZnFVWeguv2fG.2","action":"EncryptionKeysManager::SetEncryptionKeysWithTimestamps:", "result":"Success", "context":Key timestamps[5]:[2024-04-18T22:10:58Z][2024-10-16T20:23:03Z][2025-04-14T23:12:43Z][2025-10-14T00:38:14Z][2026-04-18T03:48:13Z]}
{"logTime": "0425/194533", "correlationVector":"MzRpqppySsyZUU8iA4azGi","action":"Initial GetUpdates", "result":"", "context":Reason: NEW_CLIENT. cV=MzRpqppySsyZUU8iA4azGi}
{"logTime": "0425/194533", "correlationVector":"MzRpqppySsyZUU8iA4azGi.3","action":"GetUpdates Response", "result":"Success", "context":Received 1 update(s). cV=MzRpqppySsyZUU8iA4azGi.0;server=akswtt11300000t;cloudType=Consumer;environment=Prod_westus2_prod-s01-035-nam-westus2;migrationStage=NotStarted}
{"logTime": "0425/194533", "correlationVector":"V8hVrWMo+65l3PI9B4a2VI","action":"Initial GetUpdates", "result":"", "context":Reason: NEWLY_SUPPORTED_DATATYPE. cV=V8hVrWMo+65l3PI9B4a2VI}
{"logTime": "0425/194534", "correlationVector":"V8hVrWMo+65l3PI9B4a2VI.1","action":"SyncServerConnectionManagerRequest", "result":"SYNC_SERVER_OK", "context":{"environment":"Prod_westus2_prod-s01-035-nam-westus2", "migrationStage":"NotStarted", "server":"akswtt11300000l"}}
{"logTime": "0425/194534", "correlationVector":"V8hVrWMo+65l3PI9B4a2VI.2","action":"ProcessGetUpdates", "result":"Done", "context":{"dataType":"Preferences", "deleted":"0", "process_failed_to_decrypt":"0", "process_pending_decryption":"0", "process_success":"89", "total":"89"}}
{"logTime": "0425/194534", "correlationVector":"V8hVrWMo+65l3PI9B4a2VI.3","action":"ProcessGetUpdates", "result":"Done", "context":{"dataType":"Passwords", "deleted":"0", "process_failed_to_decrypt":"0", "process_pending_decryption":"0", "process_success":"52", "total":"52"}}
{"logTime": "0425/194534", "correlationVector":"V8hVrWMo+65l3PI9B4a2VI.4","action":"ProcessGetUpdates", "result":"Done", "context":{"dataType":"Device Info", "deleted":"0", "process_failed_to_decrypt":"0", "process_pending_decryption":"0", "process_success":"2", "total":"2"}}
{"logTime": "0425/194534", "correlationVector":"V8hVrWMo+65l3PI9B4a2VI.5","action":"GetUpdates Response", "result":"Success", "context":Received 143 update(s). cV=V8hVrWMo+65l3PI9B4a2VI.0;server=akswtt11300000l;cloudType=Consumer;environment=Prod_westus2_prod-s01-035-nam-westus2;migrationStage=NotStarted}
{"logTime": "0425/194534", "correlationVector":"1Zxv6D965HCaOx1fex6XxM","action":"Initial GetUpdates", "result":"", "context":Reason: NEWLY_SUPPORTED_DATATYPE. cV=1Zxv6D965HCaOx1fex6XxM}
{"logTime": "0425/194534", "correlationVector":"1Zxv6D965HCaOx1fex6XxM.1","action":"SyncServerConnectionManagerRequest", "result":"SYNC_SERVER_OK", "context":{"environment":"Prod_westus2_prod-s01-035-nam-westus2", "migrationStage":"NotStarted", "server":"akswtt11300000c"}}
{"logTime": "0425/194534", "correlationVector":"1Zxv6D965HCaOx1fex6XxM.2","action":"ProcessGetUpdates", "result":"Done", "context":{"dataType":"Bookmarks", "deleted":"1", "process_failed_to_decrypt":"0", "process_pending_decryption":"0", "process_success":"17", "total":"17"}}
{"logTime": "0425/194534", "correlationVector":"1Zxv6D965HCaOx1fex6XxM.3","action":"GetUpdates Response", "result":"Success", "context":Received 17 update(s). cV=1Zxv6D965HCaOx1fex6XxM.0;server=akswtt11300000c;cloudType=Consumer;environment=Prod_westus2_prod-s01-035-nam-westus2;migrationStage=NotStarted}
{"logTime": "0425/194534", "correlationVector":"yzF04kU2xubu0ms5fPEo1M","action":"Initial GetUpdates", "result":"", "context":Reason: NEWLY_SUPPORTED_DATATYPE. cV=yzF04kU2xubu0ms5fPEo1M}
{"logTime": "0425/194535", "correlationVector":"yzF04kU2xubu0ms5fPEo1M.1","action":"SyncServerConnectionManagerRequest", "result":"SYNC_SERVER_OK", "context":{"environment":"Prod_westus2_prod-s01-035-nam-westus2", "migrationStage":"NotStarted", "server":"akswtt113000003"}}
{"logTime": "0425/194535", "correlationVector":"yzF04kU2xubu0ms5fPEo1M.2","action":"ProcessGetUpdates", "result":"Done", "context":{"dataType":"Autofill", "deleted":"0", "process_failed_to_decrypt":"0", "process_pending_decryption":"0", "process_success":"236", "total":"236"}}
{"logTime": "0425/194535", "correlationVector":"yzF04kU2xubu0ms5fPEo1M.3","action":"ProcessGetUpdates", "result":"Done", "context":{"dataType":"Sessions", "deleted":"14", "process_failed_to_decrypt":"0", "process_pending_decryption":"0", "process_success":"14", "total":"14"}}
{"logTime": "0425/194535", "correlationVector":"yzF04kU2xubu0ms5fPEo1M.4","action":"GetUpdates Response", "result":"Success", "context":Received 250 update(s). cV=yzF04kU2xubu0ms5fPEo1M.0;server=akswtt113000003;cloudType=Consumer;environment=Prod_westus2_prod-s01-035-nam-westus2;migrationStage=NotStarted Some updates remain.}
{"logTime": "0425/194535", "correlationVector":"ftozM88Mk76dsjPBq8suus","action":"Initial GetUpdates", "result":"", "context":Reason: NEWLY_SUPPORTED_DATATYPE. cV=ftozM88Mk76dsjPBq8suus}
{"logTime": "0425/194537", "correlationVector":"ftozM88Mk76dsjPBq8suus.1","action":"SyncServerConnectionManagerRequest", "result":"SYNC_SERVER_OK", "context":{"environment":"Prod_westus2_prod-s01-035-nam-westus2", "migrationStage":"NotStarted", "server":"akswtt11300000c"}}
{"logTime": "0425/194537", "correlationVector":"ftozM88Mk76dsjPBq8suus.2","action":"ProcessGetUpdates", "result":"Done", "context":{"dataType":"Sessions", "deleted":"248", "process_failed_to_decrypt":"0", "process_pending_decryption":"0", "process_success":"248", "total":"248"}}
{"logTime": "0425/194537", "correlationVector":"ftozM88Mk76dsjPBq8suus.3","action":"ProcessGetUpdates", "result":"Done", "context":{"dataType":"Edge Hub App Usage", "deleted":"1", "process_failed_to_decrypt":"0", "process_pending_decryption":"0", "process_success":"2", "total":"2"}}
{"logTime": "0425/194537", "correlationVector":"ftozM88Mk76dsjPBq8suus.4","action":"GetUpdates Response", "result":"Success", "context":Received 250 update(s). cV=ftozM88Mk76dsjPBq8suus.0;server=akswtt11300000c;cloudType=Consumer;environment=Prod_westus2_prod-s01-035-nam-westus2;migrationStage=NotStarted Some updates remain.}
{"logTime": "0425/194537", "correlationVector":"T+9JR/2y4PmyDXB5e7cNZ2","action":"Initial GetUpdates", "result":"", "context":Reason: NEWLY_SUPPORTED_DATATYPE. cV=T+9JR/2y4PmyDXB5e7cNZ2}
{"logTime": "0425/194539", "correlationVector":"T+9JR/2y4PmyDXB5e7cNZ2.1","action":"SyncServerConnectionManagerRequest", "result":"SYNC_SERVER_OK", "context":{"environment":"Prod_westus2_prod-s01-035-nam-westus2", "migrationStage":"NotStarted", "server":"akswtt11300000n"}}
{"logTime": "0425/194539", "correlationVector":"T+9JR/2y4PmyDXB5e7cNZ2.2","action":"ProcessGetUpdates", "result":"Done", "context":{"dataType":"Sessions", "deleted":"243", "process_failed_to_decrypt":"0", "process_pending_decryption":"0", "process_success":"243", "total":"243"}}
{"logTime": "0425/194539", "correlationVector":"T+9JR/2y4PmyDXB5e7cNZ2.3","action":"ProcessGetUpdates", "result":"Done", "context":{"dataType":"Saved Tab Group", "deleted":"0", "process_failed_to_decrypt":"0", "process_pending_decryption":"0", "process_success":"4", "total":"4"}}
{"logTime": "0425/194539", "correlationVector":"T+9JR/2y4PmyDXB5e7cNZ2.4","action":"ProcessGetUpdates", "result":"Done", "context":{"dataType":"Edge Hub App Usage", "deleted":"3", "process_failed_to_decrypt":"0", "process_pending_decryption":"0", "process_success":"3", "total":"3"}}
{"logTime": "0425/194539", "correlationVector":"T+9JR/2y4PmyDXB5e7cNZ2.5","action":"GetUpdates Response", "result":"Success", "context":Received 250 update(s). cV=T+9JR/2y4PmyDXB5e7cNZ2.0;server=akswtt11300000n;cloudType=Consumer;environment=Prod_westus2_prod-s01-035-nam-westus2;migrationStage=NotStarted Some updates remain.}
{"logTime": "0425/194539", "correlationVector":"EcEdqQRSxPggs41adAkZel","action":"Initial GetUpdates", "result":"", "context":Reason: NEWLY_SUPPORTED_DATATYPE. cV=EcEdqQRSxPggs41adAkZel}
{"logTime": "0425/194541", "correlationVector":"EcEdqQRSxPggs41adAkZel.1","action":"SyncServerConnectionManagerRequest", "result":"SYNC_SERVER_OK", "context":{"environment":"Prod_westus2_prod-s01-035-nam-westus2", "migrationStage":"NotStarted", "server":"akswtt11300000m"}}
{"logTime": "0425/194541", "correlationVector":"EcEdqQRSxPggs41adAkZel.2","action":"ProcessGetUpdates", "result":"Done", "context":{"dataType":"Extensions", "deleted":"0", "process_failed_to_decrypt":"0", "process_pending_decryption":"0", "process_success":"1", "total":"1"}}
{"logTime": "0425/194541", "correlationVector":"EcEdqQRSxPggs41adAkZel.3","action":"ProcessGetUpdates", "result":"Done", "context":{"dataType":"Sessions", "deleted":"248", "process_failed_to_decrypt":"0", "process_pending_decryption":"0", "process_success":"248", "total":"248"}}
{"logTime": "0425/194541", "correlationVector":"EcEdqQRSxPggs41adAkZel.4","action":"ProcessGetUpdates", "result":"Done", "context":{"dataType":"Edge Hub App Usage", "deleted":"1", "process_failed_to_decrypt":"0", "process_pending_decryption":"0", "process_success":"1", "total":"1"}}
{"logTime": "0425/194541", "correlationVector":"EcEdqQRSxPggs41adAkZel.5","action":"GetUpdates Response", "result":"Success", "context":Received 250 update(s). cV=EcEdqQRSxPggs41adAkZel.0;server=akswtt11300000m;cloudType=Consumer;environment=Prod_westus2_prod-s01-035-nam-westus2;migrationStage=NotStarted Some updates remain.}
{"logTime": "0425/194541", "correlationVector":"B+/NHb4fQ6Xs0fJFyQFT0E","action":"Initial GetUpdates", "result":"", "context":Reason: NEWLY_SUPPORTED_DATATYPE. cV=B+/NHb4fQ6Xs0fJFyQFT0E}
{"logTime": "0425/194543", "correlationVector":"B+/NHb4fQ6Xs0fJFyQFT0E.1","action":"SyncServerConnectionManagerRequest", "result":"SYNC_SERVER_OK", "context":{"environment":"Prod_westus2_prod-s01-035-nam-westus2", "migrationStage":"NotStarted", "server":"akswtt11300000c"}}
{"logTime": "0425/194543", "correlationVector":"B+/NHb4fQ6Xs0fJFyQFT0E.2","action":"ProcessGetUpdates", "result":"Done", "context":{"dataType":"Sessions", "deleted":"248", "process_failed_to_decrypt":"0", "process_pending_decryption":"0", "process_success":"248", "total":"248"}}
{"logTime": "0425/194543", "correlationVector":"B+/NHb4fQ6Xs0fJFyQFT0E.3","action":"ProcessGetUpdates", "result":"Done", "context":{"dataType":"Edge Hub App Usage", "deleted":"1", "process_failed_to_decrypt":"0", "process_pending_decryption":"0", "process_success":"2", "total":"2"}}
{"logTime": "0425/194543", "correlationVector":"B+/NHb4fQ6Xs0fJFyQFT0E.4","action":"GetUpdates Response", "result":"Success", "context":Received 250 update(s). cV=B+/NHb4fQ6Xs0fJFyQFT0E.0;server=akswtt11300000c;cloudType=Consumer;environment=Prod_westus2_prod-s01-035-nam-westus2;migrationStage=NotStarted Some updates remain.}
{"logTime": "0425/194543", "correlationVector":"70G9so3ujadfCgjpaEGLKw","action":"Initial GetUpdates", "result":"", "context":Reason: NEWLY_SUPPORTED_DATATYPE. cV=70G9so3ujadfCgjpaEGLKw}
{"logTime": "0425/194544", "correlationVector":"70G9so3ujadfCgjpaEGLKw.1","action":"SyncServerConnectionManagerRequest", "result":"SYNC_SERVER_OK", "context":{"environment":"Prod_westus2_prod-s01-035-nam-westus2", "migrationStage":"NotStarted", "server":"akswtt11300000a"}}
{"logTime": "0425/194544", "correlationVector":"70G9so3ujadfCgjpaEGLKw.2","action":"ProcessGetUpdates", "result":"Done", "context":{"dataType":"Autofill Profiles", "deleted":"0", "process_failed_to_decrypt":"0", "process_pending_decryption":"0", "process_success":"10", "total":"10"}}
{"logTime": "0425/194544", "correlationVector":"70G9so3ujadfCgjpaEGLKw.3","action":"ProcessGetUpdates", "result":"Done", "context":{"dataType":"Autofill", "deleted":"0", "process_failed_to_decrypt":"0", "process_pending_decryption":"0", "process_success":"215", "total":"215"}}
{"logTime": "0425/194544", "correlationVector":"70G9so3ujadfCgjpaEGLKw.4","action":"ProcessGetUpdates", "result":"Done", "context":{"dataType":"Sessions", "deleted":"25", "process_failed_to_decrypt":"0", "process_pending_decryption":"0", "process_success":"25", "total":"25"}}
{"logTime": "0425/194544", "correlationVector":"70G9so3ujadfCgjpaEGLKw.5","action":"GetUpdates Response", "result":"Success", "context":Received 250 update(s). cV=70G9so3ujadfCgjpaEGLKw.0;server=akswtt11300000a;cloudType=Consumer;environment=Prod_westus2_prod-s01-035-nam-westus2;migrationStage=NotStarted Some updates remain.}
{"logTime": "0425/194544", "correlationVector":"BKADtPh3xTmgb0sfVrKtb2","action":"Initial GetUpdates", "result":"", "context":Reason: NEWLY_SUPPORTED_DATATYPE. cV=BKADtPh3xTmgb0sfVrKtb2}
{"logTime": "0425/194545", "correlationVector":"BKADtPh3xTmgb0sfVrKtb2.1","action":"SyncServerConnectionManagerRequest", "result":"SYNC_SERVER_OK", "context":{"environment":"Prod_westus2_prod-s01-035-nam-westus2", "migrationStage":"NotStarted", "server":"akswtt113000003"}}
{"logTime": "0425/194545", "correlationVector":"BKADtPh3xTmgb0sfVrKtb2.2","action":"ProcessGetUpdates", "result":"Done", "context":{"dataType":"Autofill Profiles", "deleted":"0", "process_failed_to_decrypt":"0", "process_pending_decryption":"0", "process_success":"1", "total":"1"}}
{"logTime": "0425/194545", "correlationVector":"BKADtPh3xTmgb0sfVrKtb2.3","action":"ProcessGetUpdates", "result":"Done", "context":{"dataType":"Autofill", "deleted":"0", "process_failed_to_decrypt":"0", "process_pending_decryption":"0", "process_success":"234", "total":"234"}}
{"logTime": "0425/194545", "correlationVector":"BKADtPh3xTmgb0sfVrKtb2.4","action":"ProcessGetUpdates", "result":"Done", "context":{"dataType":"Sessions", "deleted":"15", "process_failed_to_decrypt":"0", "process_pending_decryption":"0", "process_success":"15", "total":"15"}}
{"logTime": "0425/194545", "correlationVector":"BKADtPh3xTmgb0sfVrKtb2.5","action":"GetUpdates Response", "result":"Success", "context":Received 250 update(s). cV=BKADtPh3xTmgb0sfVrKtb2.0;server=akswtt113000003;cloudType=Consumer;environment=Prod_westus2_prod-s01-035-nam-westus2;migrationStage=NotStarted Some updates remain.}
{"logTime": "0425/194545", "correlationVector":"0ZyMbEqGwd5CgOpjvmPa2X","action":"Initial GetUpdates", "result":"", "context":Reason: NEWLY_SUPPORTED_DATATYPE. cV=0ZyMbEqGwd5CgOpjvmPa2X}
{"logTime": "0425/194545", "correlationVector":"0ZyMbEqGwd5CgOpjvmPa2X.1","action":"SyncServerConnectionManagerRequest", "result":"SYNC_SERVER_OK", "context":{"environment":"Prod_westus2_prod-s01-035-nam-westus2", "migrationStage":"NotStarted", "server":"akswtt11300000a"}}
{"logTime": "0425/194545", "correlationVector":"0ZyMbEqGwd5CgOpjvmPa2X.2","action":"ProcessGetUpdates", "result":"Done", "context":{"dataType":"Autofill Profiles", "deleted":"0", "process_failed_to_decrypt":"0", "process_pending_decryption":"0", "process_success":"2", "total":"2"}}
{"logTime": "0425/194545", "correlationVector":"0ZyMbEqGwd5CgOpjvmPa2X.3","action":"ProcessGetUpdates", "result":"Done", "context":{"dataType":"Autofill", "deleted":"0", "process_failed_to_decrypt":"0", "process_pending_decryption":"0", "process_success":"64", "total":"64"}}
{"logTime": "0425/194545", "correlationVector":"0ZyMbEqGwd5CgOpjvmPa2X.4","action":"ProcessGetUpdates", "result":"Done", "context":{"dataType":"Extensions", "deleted":"0", "process_failed_to_decrypt":"0", "process_pending_decryption":"0", "process_success":"1", "total":"1"}}
{"logTime": "0425/194545", "correlationVector":"0ZyMbEqGwd5CgOpjvmPa2X.5","action":"ProcessGetUpdates", "result":"Done", "context":{"dataType":"Sessions", "deleted":"164", "process_failed_to_decrypt":"0", "process_pending_decryption":"0", "process_success":"172", "total":"172"}}
{"logTime": "0425/194545", "correlationVector":"0ZyMbEqGwd5CgOpjvmPa2X.6","action":"GetUpdates Response", "result":"Success", "context":Received 239 update(s). cV=0ZyMbEqGwd5CgOpjvmPa2X.0;server=akswtt11300000a;cloudType=Consumer;environment=Prod_westus2_prod-s01-035-nam-westus2;migrationStage=NotStarted}
{"logTime": "0425/194545", "correlationVector":"E13NfVLMpyOqCkgIdeFrkD","action":"Initial GetUpdates", "result":"", "context":Reason: NEWLY_SUPPORTED_DATATYPE. cV=E13NfVLMpyOqCkgIdeFrkD}
{"logTime": "0425/194546", "correlationVector":"E13NfVLMpyOqCkgIdeFrkD.1","action":"SyncServerConnectionManagerRequest", "result":"SYNC_SERVER_OK", "context":{"environment":"Prod_westus2_prod-s01-035-nam-westus2", "migrationStage":"NotStarted", "server":"akswtt11300000m"}}
{"logTime": "0425/194546", "correlationVector":"E13NfVLMpyOqCkgIdeFrkD.2","action":"ProcessGetUpdates", "result":"Done", "context":{"dataType":"History", "deleted":"0", "process_failed_to_decrypt":"0", "process_pending_decryption":"0", "process_success":"250", "total":"250"}}
{"logTime": "0425/194546", "correlationVector":"E13NfVLMpyOqCkgIdeFrkD.3","action":"GetUpdates Response", "result":"Success", "context":Received 250 update(s). cV=E13NfVLMpyOqCkgIdeFrkD.0;server=akswtt11300000m;cloudType=Consumer;environment=Prod_westus2_prod-s01-035-nam-westus2;migrationStage=NotStarted Some updates remain.}
{"logTime": "0425/194546", "correlationVector":"6fZe7q5QNvNoMRSeBeyWuW","action":"Initial GetUpdates", "result":"", "context":Reason: NEWLY_SUPPORTED_DATATYPE. cV=6fZe7q5QNvNoMRSeBeyWuW}
{"logTime": "0425/194547", "correlationVector":"6fZe7q5QNvNoMRSeBeyWuW.1","action":"SyncServerConnectionManagerRequest", "result":"SYNC_SERVER_OK", "context":{"environment":"Prod_westus2_prod-s01-035-nam-westus2", "migrationStage":"NotStarted", "server":"akswtt11300000m"}}
{"logTime": "0425/194547", "correlationVector":"6fZe7q5QNvNoMRSeBeyWuW.2","action":"ProcessGetUpdates", "result":"Done", "context":{"dataType":"History", "deleted":"0", "process_failed_to_decrypt":"0", "process_pending_decryption":"0", "process_success":"250", "total":"250"}}
{"logTime": "0425/194547", "correlationVector":"6fZe7q5QNvNoMRSeBeyWuW.3","action":"GetUpdates Response", "result":"Success", "context":Received 250 update(s). cV=6fZe7q5QNvNoMRSeBeyWuW.0;server=akswtt11300000m;cloudType=Consumer;environment=Prod_westus2_prod-s01-035-nam-westus2;migrationStage=NotStarted Some updates remain.}
{"logTime": "0425/194547", "correlationVector":"xRgRsGD68g5zSXEy7KcKa5","action":"Initial GetUpdates", "result":"", "context":Reason: NEWLY_SUPPORTED_DATATYPE. cV=xRgRsGD68g5zSXEy7KcKa5}
{"logTime": "0425/194547", "correlationVector":"xRgRsGD68g5zSXEy7KcKa5.1","action":"SyncServerConnectionManagerRequest", "result":"SYNC_SERVER_OK", "context":{"environment":"Prod_westus2_prod-s01-035-nam-westus2", "migrationStage":"NotStarted", "server":"akswtt11300000n"}}
{"logTime": "0425/194547", "correlationVector":"xRgRsGD68g5zSXEy7KcKa5.2","action":"ProcessGetUpdates", "result":"Done", "context":{"dataType":"History", "deleted":"0", "process_failed_to_decrypt":"0", "process_pending_decryption":"0", "process_success":"250", "total":"250"}}
{"logTime": "0425/194547", "correlationVector":"xRgRsGD68g5zSXEy7KcKa5.3","action":"GetUpdates Response", "result":"Success", "context":Received 250 update(s). cV=xRgRsGD68g5zSXEy7KcKa5.0;server=akswtt11300000n;cloudType=Consumer;environment=Prod_westus2_prod-s01-035-nam-westus2;migrationStage=NotStarted Some updates remain.}
{"logTime": "0425/194547", "correlationVector":"ukCWV+V1eIa/FbdOym4mbH","action":"Initial GetUpdates", "result":"", "context":Reason: NEWLY_SUPPORTED_DATATYPE. cV=ukCWV+V1eIa/FbdOym4mbH}
{"logTime": "0425/194548", "correlationVector":"ukCWV+V1eIa/FbdOym4mbH.1","action":"SyncServerConnectionManagerRequest", "result":"SYNC_SERVER_OK", "context":{"environment":"Prod_westus2_prod-s01-035-nam-westus2", "migrationStage":"NotStarted", "server":"akswtt11300000f"}}
{"logTime": "0425/194548", "correlationVector":"ukCWV+V1eIa/FbdOym4mbH.2","action":"ProcessGetUpdates", "result":"Done", "context":{"dataType":"History", "deleted":"0", "process_failed_to_decrypt":"0", "process_pending_decryption":"0", "process_success":"250", "total":"250"}}
{"logTime": "0425/194548", "correlationVector":"ukCWV+V1eIa/FbdOym4mbH.3","action":"GetUpdates Response", "result":"Success", "context":Received 250 update(s). cV=ukCWV+V1eIa/FbdOym4mbH.0;server=akswtt11300000f;cloudType=Consumer;environment=Prod_westus2_prod-s01-035-nam-westus2;migrationStage=NotStarted Some updates remain.}
{"logTime": "0425/194548", "correlationVector":"z8kB2w+05o2EGuuJ1Fe68+","action":"Initial GetUpdates", "result":"", "context":Reason: NEWLY_SUPPORTED_DATATYPE. cV=z8kB2w+05o2EGuuJ1Fe68+}
{"logTime": "0425/194549", "correlationVector":"z8kB2w+05o2EGuuJ1Fe68+.1","action":"SyncServerConnectionManagerRequest", "result":"SYNC_SERVER_OK", "context":{"environment":"Prod_westus2_prod-s01-035-nam-westus2", "migrationStage":"NotStarted", "server":"akswtt11300000c"}}
{"logTime": "0425/194549", "correlationVector":"z8kB2w+05o2EGuuJ1Fe68+.2","action":"ProcessGetUpdates", "result":"Done", "context":{"dataType":"History", "deleted":"0", "process_failed_to_decrypt":"0", "process_pending_decryption":"0", "process_success":"250", "total":"250"}}
{"logTime": "0425/194549", "correlationVector":"z8kB2w+05o2EGuuJ1Fe68+.3","action":"GetUpdates Response", "result":"Success", "context":Received 250 update(s). cV=z8kB2w+05o2EGuuJ1Fe68+.0;server=akswtt11300000c;cloudType=Consumer;environment=Prod_westus2_prod-s01-035-nam-westus2;migrationStage=NotStarted Some updates remain.}
{"logTime": "0425/194549", "correlationVector":"R6CCAwJRLRlfJyxzhyhJa3","action":"Initial GetUpdates", "result":"", "context":Reason: NEWLY_SUPPORTED_DATATYPE. cV=R6CCAwJRLRlfJyxzhyhJa3}
{"logTime": "0425/194550", "correlationVector":"R6CCAwJRLRlfJyxzhyhJa3.1","action":"SyncServerConnectionManagerRequest", "result":"SYNC_SERVER_OK", "context":{"environment":"Prod_westus2_prod-s01-035-nam-westus2", "migrationStage":"NotStarted", "server":"akswtt11300000a"}}
{"logTime": "0425/194550", "correlationVector":"R6CCAwJRLRlfJyxzhyhJa3.2","action":"ProcessGetUpdates", "result":"Done", "context":{"dataType":"History", "deleted":"0", "process_failed_to_decrypt":"0", "process_pending_decryption":"0", "process_success":"250", "total":"250"}}
{"logTime": "0425/194550", "correlationVector":"R6CCAwJRLRlfJyxzhyhJa3.3","action":"GetUpdates Response", "result":"Success", "context":Received 250 update(s). cV=R6CCAwJRLRlfJyxzhyhJa3.0;server=akswtt11300000a;cloudType=Consumer;environment=Prod_westus2_prod-s01-035-nam-westus2;migrationStage=NotStarted Some updates remain.}
{"logTime": "0425/194550", "correlationVector":"MrJRaQ7NxUqqB3XUv1f/ms","action":"Initial GetUpdates", "result":"", "context":Reason: NEWLY_SUPPORTED_DATATYPE. cV=MrJRaQ7NxUqqB3XUv1f/ms}
{"logTime": "0425/194551", "correlationVector":"MrJRaQ7NxUqqB3XUv1f/ms.1","action":"SyncServerConnectionManagerRequest", "result":"SYNC_SERVER_OK", "context":{"environment":"Prod_westus2_prod-s01-035-nam-westus2", "migrationStage":"NotStarted", "server":"akswtt113000009"}}
{"logTime": "0425/194551", "correlationVector":"MrJRaQ7NxUqqB3XUv1f/ms.2","action":"ProcessGetUpdates", "result":"Done", "context":{"dataType":"History", "deleted":"0", "process_failed_to_decrypt":"0", "process_pending_decryption":"0", "process_success":"250", "total":"250"}}
{"logTime": "0425/194551", "correlationVector":"MrJRaQ7NxUqqB3XUv1f/ms.3","action":"GetUpdates Response", "result":"Success", "context":Received 250 update(s). cV=MrJRaQ7NxUqqB3XUv1f/ms.0;server=akswtt113000009;cloudType=Consumer;environment=Prod_westus2_prod-s01-035-nam-westus2;migrationStage=NotStarted Some updates remain.}
{"logTime": "0425/194551", "correlationVector":"hepbrxIifZReQ03zrocBEn","action":"Initial GetUpdates", "result":"", "context":Reason: NEWLY_SUPPORTED_DATATYPE. cV=hepbrxIifZReQ03zrocBEn}
{"logTime": "0425/194552", "correlationVector":"hepbrxIifZReQ03zrocBEn.1","action":"SyncServerConnectionManagerRequest", "result":"SYNC_SERVER_OK", "context":{"environment":"Prod_westus2_prod-s01-035-nam-westus2", "migrationStage":"NotStarted", "server":"akswtt113000003"}}
{"logTime": "0425/194552", "correlationVector":"hepbrxIifZReQ03zrocBEn.2","action":"ProcessGetUpdates", "result":"Done", "context":{"dataType":"History", "deleted":"0", "process_failed_to_decrypt":"0", "process_pending_decryption":"0", "process_success":"250", "total":"250"}}
{"logTime": "0425/194552", "correlationVector":"hepbrxIifZReQ03zrocBEn.3","action":"GetUpdates Response", "result":"Success", "context":Received 250 update(s). cV=hepbrxIifZReQ03zrocBEn.0;server=akswtt113000003;cloudType=Consumer;environment=Prod_westus2_prod-s01-035-nam-westus2;migrationStage=NotStarted Some updates remain.}
{"logTime": "0425/194552", "correlationVector":"NrnpQ6n0gfIA+eyiiSX72W","action":"Initial GetUpdates", "result":"", "context":Reason: NEWLY_SUPPORTED_DATATYPE. cV=NrnpQ6n0gfIA+eyiiSX72W}
{"logTime": "0425/194553", "correlationVector":"NrnpQ6n0gfIA+eyiiSX72W.1","action":"SyncServerConnectionManagerRequest", "result":"SYNC_SERVER_OK", "context":{"environment":"Prod_westus2_prod-s01-035-nam-westus2", "migrationStage":"NotStarted", "server":"akswtt11300000n"}}
{"logTime": "0425/194553", "correlationVector":"NrnpQ6n0gfIA+eyiiSX72W.2","action":"ProcessGetUpdates", "result":"Done", "context":{"dataType":"History", "deleted":"0", "process_failed_to_decrypt":"0", "process_pending_decryption":"0", "process_success":"250", "total":"250"}}
{"logTime": "0425/194553", "correlationVector":"NrnpQ6n0gfIA+eyiiSX72W.3","action":"GetUpdates Response", "result":"Success", "context":Received 250 update(s). cV=NrnpQ6n0gfIA+eyiiSX72W.0;server=akswtt11300000n;cloudType=Consumer;environment=Prod_westus2_prod-s01-035-nam-westus2;migrationStage=NotStarted Some updates remain.}
{"logTime": "0425/194553", "correlationVector":"5E47s8XKvTCkVrKlvmCnz9","action":"Initial GetUpdates", "result":"", "context":Reason: NEWLY_SUPPORTED_DATATYPE. cV=5E47s8XKvTCkVrKlvmCnz9}
{"logTime": "0425/194554", "correlationVector":"5E47s8XKvTCkVrKlvmCnz9.1","action":"SyncServerConnectionManagerRequest", "result":"SYNC_SERVER_OK", "context":{"environment":"Prod_westus2_prod-s01-035-nam-westus2", "migrationStage":"NotStarted", "server":"akswtt11300000c"}}
{"logTime": "0425/194554", "correlationVector":"5E47s8XKvTCkVrKlvmCnz9.2","action":"ProcessGetUpdates", "result":"Done", "context":{"dataType":"History", "deleted":"0", "process_failed_to_decrypt":"0", "process_pending_decryption":"0", "process_success":"250", "total":"250"}}
{"logTime": "0425/194554", "correlationVector":"5E47s8XKvTCkVrKlvmCnz9.3","action":"GetUpdates Response", "result":"Success", "context":Received 250 update(s). cV=5E47s8XKvTCkVrKlvmCnz9.0;server=akswtt11300000c;cloudType=Consumer;environment=Prod_westus2_prod-s01-035-nam-westus2;migrationStage=NotStarted Some updates remain.}
{"logTime": "0425/194554", "correlationVector":"ixmUPc0St1PFs0yZlbSdp6","action":"Initial GetUpdates", "result":"", "context":Reason: NEWLY_SUPPORTED_DATATYPE. cV=ixmUPc0St1PFs0yZlbSdp6}
{"logTime": "0425/194554", "correlationVector":"ixmUPc0St1PFs0yZlbSdp6.1","action":"SyncServerConnectionManagerRequest", "result":"SYNC_SERVER_OK", "context":{"environment":"Prod_westus2_prod-s01-035-nam-westus2", "migrationStage":"NotStarted", "server":"akswtt11300000m"}}
{"logTime": "0425/194554", "correlationVector":"ixmUPc0St1PFs0yZlbSdp6.2","action":"ProcessGetUpdates", "result":"Done", "context":{"dataType":"History", "deleted":"0", "process_failed_to_decrypt":"0", "process_pending_decryption":"0", "process_success":"250", "total":"250"}}
{"logTime": "0425/194554", "correlationVector":"ixmUPc0St1PFs0yZlbSdp6.3","action":"GetUpdates Response", "result":"Success", "context":Received 250 update(s). cV=ixmUPc0St1PFs0yZlbSdp6.0;server=akswtt11300000m;cloudType=Consumer;environment=Prod_westus2_prod-s01-035-nam-westus2;migrationStage=NotStarted Some updates remain.}
{"logTime": "0425/194554", "correlationVector":"uM0ujkwLV12eFRG+y7/m2v","action":"Initial GetUpdates", "result":"", "context":Reason: NEWLY_SUPPORTED_DATATYPE. cV=uM0ujkwLV12eFRG+y7/m2v}
{"logTime": "0425/194554", "correlationVector":"uM0ujkwLV12eFRG+y7/m2v.1","action":"SyncServerConnectionManagerRequest", "result":"SYNC_SERVER_OK", "context":{"environment":"Prod_westus2_prod-s01-035-nam-westus2", "migrationStage":"NotStarted", "server":"akswtt11300000a"}}
{"logTime": "0425/194554", "correlationVector":"uM0ujkwLV12eFRG+y7/m2v.2","action":"ProcessGetUpdates", "result":"Done", "context":{"dataType":"History", "deleted":"0", "process_failed_to_decrypt":"0", "process_pending_decryption":"0", "process_success":"250", "total":"250"}}
{"logTime": "0425/194554", "correlationVector":"uM0ujkwLV12eFRG+y7/m2v.3","action":"GetUpdates Response", "result":"Success", "context":Received 250 update(s). cV=uM0ujkwLV12eFRG+y7/m2v.0;server=akswtt11300000a;cloudType=Consumer;environment=Prod_westus2_prod-s01-035-nam-westus2;migrationStage=NotStarted Some updates remain.}
{"logTime": "0425/194554", "correlationVector":"2y3DqM3wEdCU0nT99yIoWL","action":"Initial GetUpdates", "result":"", "context":Reason: NEWLY_SUPPORTED_DATATYPE. cV=2y3DqM3wEdCU0nT99yIoWL}
{"logTime": "0425/194555", "correlationVector":"2y3DqM3wEdCU0nT99yIoWL.1","action":"SyncServerConnectionManagerRequest", "result":"SYNC_SERVER_OK", "context":{"environment":"Prod_westus2_prod-s01-035-nam-westus2", "migrationStage":"NotStarted", "server":"akswtt11300000m"}}
{"logTime": "0425/194555", "correlationVector":"2y3DqM3wEdCU0nT99yIoWL.2","action":"ProcessGetUpdates", "result":"Done", "context":{"dataType":"History", "deleted":"0", "process_failed_to_decrypt":"0", "process_pending_decryption":"0", "process_success":"17", "total":"17"}}
{"logTime": "0425/194555", "correlationVector":"2y3DqM3wEdCU0nT99yIoWL.3","action":"GetUpdates Response", "result":"Success", "context":Received 17 update(s). cV=2y3DqM3wEdCU0nT99yIoWL.0;server=akswtt11300000m;cloudType=Consumer;environment=Prod_westus2_prod-s01-035-nam-westus2;migrationStage=NotStarted}
{"logTime": "0425/194555", "correlationVector":"iHf8umyRSV4w+zkELCNEsC","action":"Normal GetUpdate request", "result":"", "context":cV=iHf8umyRSV4w+zkELCNEsC
Nudged types: Sessions, Device Info, User Consents, History
Refresh requested types: Bookmarks, Preferences, Passwords, Autofill Profiles, Autofill, Extensions, Sessions, Extension settings, History Delete Directives, Device Info, User Consents, Send Tab To Self, Web Apps, History, Saved Tab Group, WebAuthn Credentials, Collection, Edge E Drop, Edge Hub App Usage, Edge Wallet, Edge Workspace, Encryption Keys}
{"logTime": "0425/194555", "correlationVector":"iHf8umyRSV4w+zkELCNEsC.1","action":"SyncServerConnectionManagerRequest", "result":"SYNC_SERVER_OK", "context":{"environment":"Prod_westus2_prod-s01-035-nam-westus2", "migrationStage":"NotStarted", "server":"akswtt113000003"}}
{"logTime": "0425/194555", "correlationVector":"iHf8umyRSV4w+zkELCNEsC.2","action":"GetUpdates Response", "result":"Success", "context":Received 0 update(s). cV=iHf8umyRSV4w+zkELCNEsC.0;server=akswtt113000003;cloudType=Consumer;environment=Prod_westus2_prod-s01-035-nam-westus2;migrationStage=NotStarted}
{"logTime": "0425/194555", "correlationVector":"aud/DYTR/IBlFmdp1GMvl2","action":"Commit Request", "result":"", "context":Item count: 9
Contributing types: Sessions, Device Info, User Consents, History}
{"logTime": "0425/194555", "correlationVector":"aud/DYTR/IBlFmdp1GMvl2.1","action":"SyncServerConnectionManagerRequest", "result":"SYNC_SERVER_OK", "context":{"environment":"Prod_westus2_prod-s01-035-nam-westus2", "migrationStage":"NotStarted", "server":"akswtt11300000f"}}
{"logTime": "0425/194555", "correlationVector":"aud/DYTR/IBlFmdp1GMvl2.2","action":"Commit Response", "result":"Success", "context":Result: Success. cV=aud/DYTR/IBlFmdp1GMvl2.0;server=akswtt11300000f;cloudType=Consumer;environment=Prod_westus2_prod-s01-035-nam-westus2;migrationStage=NotStarted}
{"logTime": "0425/194557", "correlationVector":"OQHYCgj14F72XOux4M9O5O","action":"Normal GetUpdate request", "result":"", "context":cV=OQHYCgj14F72XOux4M9O5O
Notified types: History}
{"logTime": "0425/194557", "correlationVector":"OQHYCgj14F72XOux4M9O5O.1","action":"SyncServerConnectionManagerRequest", "result":"SYNC_SERVER_OK", "context":{"environment":"Prod_westus2_prod-s01-035-nam-westus2", "migrationStage":"NotStarted", "server":"akswtt11300000c"}}
{"logTime": "0425/194557", "correlationVector":"OQHYCgj14F72XOux4M9O5O.2","action":"ProcessGetUpdates", "result":"Done", "context":{"dataType":"Sessions", "deleted":"0", "process_failed_to_decrypt":"0", "process_pending_decryption":"0", "process_success":"4", "total":"4"}}
{"logTime": "0425/194557", "correlationVector":"OQHYCgj14F72XOux4M9O5O.3","action":"ProcessGetUpdates", "result":"Done", "context":{"dataType":"Device Info", "deleted":"0", "process_failed_to_decrypt":"0", "process_pending_decryption":"0", "process_success":"1", "total":"1"}}
{"logTime": "0425/194557", "correlationVector":"OQHYCgj14F72XOux4M9O5O.4","action":"ProcessGetUpdates", "result":"Done", "context":{"dataType":"History", "deleted":"0", "process_failed_to_decrypt":"0", "process_pending_decryption":"0", "process_success":"9", "total":"9"}}
{"logTime": "0425/194557", "correlationVector":"OQHYCgj14F72XOux4M9O5O.5","action":"GetUpdates Response", "result":"Success", "context":Received 14 update(s). cV=OQHYCgj14F72XOux4M9O5O.0;server=akswtt11300000c;cloudType=Consumer;environment=Prod_westus2_prod-s01-035-nam-westus2;migrationStage=NotStarted}
{"logTime": "0425/194557", "correlationVector":"SVA/Smo4y0xwPRBz3uDqc8","action":"DoCompareDataConsistency requsted types: ", "result":"Bookmarks, Preferences, Passwords, Extensions, Extension settings, History Delete Directives, Send Tab To Self, Web Apps, History, Saved Tab Group, WebAuthn Credentials, Collection, Edge E Drop, Edge Wallet, Edge Workspace, Encryption Keys"}
{"logTime": "0425/194557", "correlationVector":"SVA/Smo4y0xwPRBz3uDqc8.0","action":"CompareDataConsistency result: ", "result":"Compare result: Encryption Keys is consistent. local entities count is: 1 local entities hash is: mnXhMM6uWcTDhSXh+l/E9Dko8pQ="}
{"logTime": "0425/194557", "correlationVector":"SVA/Smo4y0xwPRBz3uDqc8.1","action":"CompareDataConsistency result: ", "result":"Compare result: Bookmarks is consistent. local entities count is: 10 local entities hash is: dRIJ8LTqVVfWU0uUl/z6w63RNiE="}
{"logTime": "0425/194557", "correlationVector":"SVA/Smo4y0xwPRBz3uDqc8.2","action":"CompareDataConsistency result: ", "result":"Compare result: Preferences is consistent. local entities count is: 89 local entities hash is: bZ+mUtNKYg6qEOWYuKzN6yBhk48="}
{"logTime": "0425/194557", "correlationVector":"SVA/Smo4y0xwPRBz3uDqc8.3","action":"CompareDataConsistency result: ", "result":"Compare result: Extensions is consistent. local entities count is: 2 local entities hash is: lJF09PksAwK+l2NzLIAVbQptmSg="}
{"logTime": "0425/194557", "correlationVector":"SVA/Smo4y0xwPRBz3uDqc8.4","action":"CompareDataConsistency result: ", "result":"Compare result: Extension settings is consistent. local entities count is: 0 local entities hash is: "}
{"logTime": "0425/194557", "correlationVector":"SVA/Smo4y0xwPRBz3uDqc8.5","action":"CompareDataConsistency result: ", "result":"Compare result: History Delete Directives is consistent. local entities count is: 0 local entities hash is: "}
{"logTime": "0425/194557", "correlationVector":"SVA/Smo4y0xwPRBz3uDqc8.6","action":"CompareDataConsistency result: ", "result":"Server did not send this Send Tab To Self local entities count is: 0 local entities hash is: "}
{"logTime": "0425/194557", "correlationVector":"SVA/Smo4y0xwPRBz3uDqc8.7","action":"CompareDataConsistency result: ", "result":"Compare result: Web Apps is consistent. local entities count is: 0 local entities hash is: "}
{"logTime": "0425/194557", "correlationVector":"SVA/Smo4y0xwPRBz3uDqc8.8","action":"CompareDataConsistency result: ", "result":"Server did not send this History local entities count is: 0 local entities hash is: "}
{"logTime": "0425/194557", "correlationVector":"SVA/Smo4y0xwPRBz3uDqc8.9","action":"CompareDataConsistency result: ", "result":"Compare result: Saved Tab Group is consistent. local entities count is: 4 local entities hash is: +GFk7KIWm5+J1ieLQgUiX21jXXI="}
{"logTime": "0425/194557", "correlationVector":"SVA/Smo4y0xwPRBz3uDqc8.10","action":"CompareDataConsistency result: ", "result":"Server did not send this WebAuthn Credentials local entities count is: 0 local entities hash is: "}
{"logTime": "0425/194557", "correlationVector":"SVA/Smo4y0xwPRBz3uDqc8.11","action":"CompareDataConsistency result: ", "result":"Compare result: Collection is consistent. local entities count is: 0 local entities hash is: "}
{"logTime": "0425/194557", "correlationVector":"SVA/Smo4y0xwPRBz3uDqc8.12","action":"CompareDataConsistency result: ", "result":"Compare result: Edge E Drop is consistent. local entities count is: 0 local entities hash is: "}
{"logTime": "0425/194557", "correlationVector":"SVA/Smo4y0xwPRBz3uDqc8.13","action":"CompareDataConsistency result: ", "result":"Compare result: Edge Wallet is consistent. local entities count is: 0 local entities hash is: "}
{"logTime": "0425/194557", "correlationVector":"SVA/Smo4y0xwPRBz3uDqc8.14","action":"CompareDataConsistency result: ", "result":"Server did not send this Edge Workspace local entities count is: 0 local entities hash is: "}
{"logTime": "0425/194557", "correlationVector":"SVA/Smo4y0xwPRBz3uDqc8.15","action":"CompareDataConsistency result: ", "result":"Compare result: Passwords is consistent. local entities count is: 52 local entities hash is: 1vk3mu1fhIck/yCL+rw1r53+p6g="}
{"logTime": "0425/194557", "correlationVector":"","action":"DIAGNOSTIC_REQUEST|v1/diagnosticData/Diagnostic.SendCheckResult()|SUCCESS", "result":""}
{"logTime": "0425/194603", "correlationVector":"KFy1piXUVRHVkSYhKhZysF","action":"Normal GetUpdate request", "result":"", "context":cV=KFy1piXUVRHVkSYhKhZysF
Nudged types: Sessions, History
Notified types: Device Info, History}
{"logTime": "0425/194604", "correlationVector":"KFy1piXUVRHVkSYhKhZysF.1","action":"SyncServerConnectionManagerRequest", "result":"SYNC_SERVER_OK", "context":{"environment":"Prod_westus2_prod-s01-035-nam-westus2", "migrationStage":"NotStarted", "server":"akswtt11300000c"}}
{"logTime": "0425/194604", "correlationVector":"KFy1piXUVRHVkSYhKhZysF.2","action":"ProcessGetUpdates", "result":"Done", "context":{"dataType":"Sessions", "deleted":"0", "process_failed_to_decrypt":"0", "process_pending_decryption":"0", "process_success":"3", "total":"3"}}
{"logTime": "0425/194604", "correlationVector":"KFy1piXUVRHVkSYhKhZysF.3","action":"ProcessGetUpdates", "result":"Done", "context":{"dataType":"Device Info", "deleted":"0", "process_failed_to_decrypt":"0", "process_pending_decryption":"0", "process_success":"1", "total":"1"}}
{"logTime": "0425/194604", "correlationVector":"KFy1piXUVRHVkSYhKhZysF.4","action":"ProcessGetUpdates", "result":"Done", "context":{"dataType":"History", "deleted":"0", "process_failed_to_decrypt":"0", "process_pending_decryption":"0", "process_success":"2", "total":"2"}}
{"logTime": "0425/194604", "correlationVector":"KFy1piXUVRHVkSYhKhZysF.5","action":"GetUpdates Response", "result":"Success", "context":Received 6 update(s). cV=KFy1piXUVRHVkSYhKhZysF.0;server=akswtt11300000c;cloudType=Consumer;environment=Prod_westus2_prod-s01-035-nam-westus2;migrationStage=NotStarted}
{"logTime": "0425/194604", "correlationVector":"wKStfOwk3JFCqsFofM1yzr","action":"Commit Request", "result":"", "context":Item count: 3
Contributing types: Sessions, History}
{"logTime": "0425/194604", "correlationVector":"wKStfOwk3JFCqsFofM1yzr.1","action":"SyncServerConnectionManagerRequest", "result":"SYNC_SERVER_OK", "context":{"environment":"Prod_westus2_prod-s01-035-nam-westus2", "migrationStage":"NotStarted", "server":"akswtt11300000n"}}
{"logTime": "0425/194604", "correlationVector":"wKStfOwk3JFCqsFofM1yzr.2","action":"Commit Response", "result":"Success", "context":Result: Success. cV=wKStfOwk3JFCqsFofM1yzr.0;server=akswtt11300000n;cloudType=Consumer;environment=Prod_westus2_prod-s01-035-nam-westus2;migrationStage=NotStarted}
{"logTime": "0425/194630", "correlationVector":"y79LqYwOarHmsvHkkt8yfU","action":"Commit Request", "result":"", "context":Item count: 40
Contributing types: Passwords}
{"logTime": "0425/194633", "correlationVector":"y79LqYwOarHmsvHkkt8yfU.1","action":"SyncServerConnectionManagerRequest", "result":"SYNC_SERVER_OK", "context":{"environment":"Prod_westus2_prod-s01-035-nam-westus2", "migrationStage":"NotStarted", "server":"akswtt113000007"}}
{"logTime": "0425/194633", "correlationVector":"y79LqYwOarHmsvHkkt8yfU.2","action":"Commit Response", "result":"Success", "context":Result: Success. cV=y79LqYwOarHmsvHkkt8yfU.0;server=akswtt113000007;cloudType=Consumer;environment=Prod_westus2_prod-s01-035-nam-westus2;migrationStage=NotStarted}
{"logTime": "0425/194633", "correlationVector":"sL1ju6WhcVRn6E6Qp2jdrn","action":"Commit Request", "result":"", "context":Item count: 15
Contributing types: Passwords, Sessions, History}
{"logTime": "0425/194633", "correlationVector":"sL1ju6WhcVRn6E6Qp2jdrn.1","action":"SyncServerConnectionManagerRequest", "result":"SYNC_SERVER_OK", "context":{"environment":"Prod_westus2_prod-s01-035-nam-westus2", "migrationStage":"NotStarted", "server":"akswtt11300000c"}}
{"logTime": "0425/194633", "correlationVector":"sL1ju6WhcVRn6E6Qp2jdrn.2","action":"Commit Response", "result":"Success", "context":Result: Success. cV=sL1ju6WhcVRn6E6Qp2jdrn.0;server=akswtt11300000c;cloudType=Consumer;environment=Prod_westus2_prod-s01-035-nam-westus2;migrationStage=NotStarted}
{"logTime": "0425/194634", "correlationVector":"p/ckg3dLF1Y6BKat9ddxNq","action":"Normal GetUpdate request", "result":"", "context":cV=p/ckg3dLF1Y6BKat9ddxNq
Notified types: History}
{"logTime": "0425/194634", "correlationVector":"p/ckg3dLF1Y6BKat9ddxNq.1","action":"SyncServerConnectionManagerRequest", "result":"SYNC_SERVER_OK", "context":{"environment":"Prod_westus2_prod-s01-035-nam-westus2", "migrationStage":"NotStarted", "server":"akswtt11300000m"}}
{"logTime": "0425/194634", "correlationVector":"p/ckg3dLF1Y6BKat9ddxNq.2","action":"ProcessGetUpdates", "result":"Done", "context":{"dataType":"Passwords", "deleted":"0", "process_failed_to_decrypt":"0", "process_pending_decryption":"0", "process_success":"51", "total":"51"}}
{"logTime": "0425/194634", "correlationVector":"p/ckg3dLF1Y6BKat9ddxNq.3","action":"ProcessGetUpdates", "result":"Done", "context":{"dataType":"Sessions", "deleted":"0", "process_failed_to_decrypt":"0", "process_pending_decryption":"0", "process_success":"5", "total":"5"}}
{"logTime": "0425/194634", "correlationVector":"p/ckg3dLF1Y6BKat9ddxNq.4","action":"ProcessGetUpdates", "result":"Done", "context":{"dataType":"Device Info", "deleted":"0", "process_failed_to_decrypt":"0", "process_pending_decryption":"0", "process_success":"1", "total":"1"}}
{"logTime": "0425/194634", "correlationVector":"p/ckg3dLF1Y6BKat9ddxNq.5","action":"ProcessGetUpdates", "result":"Done", "context":{"dataType":"History", "deleted":"0", "process_failed_to_decrypt":"0", "process_pending_decryption":"0", "process_success":"9", "total":"9"}}
{"logTime": "0425/194634", "correlationVector":"p/ckg3dLF1Y6BKat9ddxNq.6","action":"GetUpdates Response", "result":"Success", "context":Received 66 update(s). cV=p/ckg3dLF1Y6BKat9ddxNq.0;server=akswtt11300000m;cloudType=Consumer;environment=Prod_westus2_prod-s01-035-nam-westus2;migrationStage=NotStarted}
{"logTime": "0425/194655", "correlationVector":"8Dj79745zrPsbqbtEBewGI","action":"Normal GetUpdate request", "result":"", "context":cV=8Dj79745zrPsbqbtEBewGI
Nudged types: Sessions, History
Notified types: Passwords}
{"logTime": "0425/194655", "correlationVector":"8Dj79745zrPsbqbtEBewGI.1","action":"SyncServerConnectionManagerRequest", "result":"SYNC_SERVER_OK", "context":{"environment":"Prod_westus2_prod-s01-035-nam-westus2", "migrationStage":"NotStarted", "server":"akswtt11300000o"}}
{"logTime": "0425/194655", "correlationVector":"8Dj79745zrPsbqbtEBewGI.2","action":"ProcessGetUpdates", "result":"Done", "context":{"dataType":"Passwords", "deleted":"0", "process_failed_to_decrypt":"0", "process_pending_decryption":"0", "process_success":"44", "total":"44"}}
{"logTime": "0425/194655", "correlationVector":"8Dj79745zrPsbqbtEBewGI.3","action":"GetUpdates Response", "result":"Success", "context":Received 44 update(s). cV=8Dj79745zrPsbqbtEBewGI.0;server=akswtt11300000o;cloudType=Consumer;environment=Prod_westus2_prod-s01-035-nam-westus2;migrationStage=NotStarted}
{"logTime": "0425/194655", "correlationVector":"32qQCYFwXnx1GN6xPRVNqk","action":"Commit Request", "result":"", "context":Item count: 4
Contributing types: Sessions, History}
{"logTime": "0425/194655", "correlationVector":"32qQCYFwXnx1GN6xPRVNqk.1","action":"SyncServerConnectionManagerRequest", "result":"SYNC_SERVER_OK", "context":{"environment":"Prod_westus2_prod-s01-035-nam-westus2", "migrationStage":"NotStarted", "server":"akswtt113000007"}}
{"logTime": "0425/194655", "correlationVector":"32qQCYFwXnx1GN6xPRVNqk.2","action":"Commit Response", "result":"Success", "context":Result: Success. cV=32qQCYFwXnx1GN6xPRVNqk.0;server=akswtt113000007;cloudType=Consumer;environment=Prod_westus2_prod-s01-035-nam-westus2;migrationStage=NotStarted}
{"logTime": "0425/194656", "correlationVector":"Pf2jnazgxOodvAJ0Pxgqo1","action":"Normal GetUpdate request", "result":"", "context":cV=Pf2jnazgxOodvAJ0Pxgqo1
Nudged types: Sessions, History
Notified types: History}
{"logTime": "0425/194656", "correlationVector":"Pf2jnazgxOodvAJ0Pxgqo1.1","action":"SyncServerConnectionManagerRequest", "result":"SYNC_SERVER_OK", "context":{"environment":"Prod_westus2_prod-s01-035-nam-westus2", "migrationStage":"NotStarted", "server":"akswtt11300000n"}}
{"logTime": "0425/194656", "correlationVector":"Pf2jnazgxOodvAJ0Pxgqo1.2","action":"ProcessGetUpdates", "result":"Done", "context":{"dataType":"Passwords", "deleted":"0", "process_failed_to_decrypt":"0", "process_pending_decryption":"0", "process_success":"7", "total":"7"}}
{"logTime": "0425/194656", "correlationVector":"Pf2jnazgxOodvAJ0Pxgqo1.3","action":"ProcessGetUpdates", "result":"Done", "context":{"dataType":"Sessions", "deleted":"0", "process_failed_to_decrypt":"0", "process_pending_decryption":"0", "process_success":"2", "total":"2"}}
{"logTime": "0425/194656", "correlationVector":"Pf2jnazgxOodvAJ0Pxgqo1.4","action":"ProcessGetUpdates", "result":"Done", "context":{"dataType":"History", "deleted":"0", "process_failed_to_decrypt":"0", "process_pending_decryption":"0", "process_success":"4", "total":"4"}}
{"logTime": "0425/194656", "correlationVector":"Pf2jnazgxOodvAJ0Pxgqo1.5","action":"GetUpdates Response", "result":"Success", "context":Received 13 update(s). cV=Pf2jnazgxOodvAJ0Pxgqo1.0;server=akswtt11300000n;cloudType=Consumer;environment=Prod_westus2_prod-s01-035-nam-westus2;migrationStage=NotStarted}
{"logTime": "0425/194657", "correlationVector":"LHB94ci7u9UwJW4MCYSPrI","action":"Normal GetUpdate request", "result":"", "context":cV=LHB94ci7u9UwJW4MCYSPrI
Notified types: Passwords}
{"logTime": "0425/194657", "correlationVector":"LHB94ci7u9UwJW4MCYSPrI.1","action":"SyncServerConnectionManagerRequest", "result":"SYNC_SERVER_OK", "context":{"environment":"Prod_westus2_prod-s01-035-nam-westus2", "migrationStage":"NotStarted", "server":"akswtt11300000m"}}
{"logTime": "0425/194657", "correlationVector":"LHB94ci7u9UwJW4MCYSPrI.2","action":"GetUpdates Response", "result":"Success", "context":Received 0 update(s). cV=LHB94ci7u9UwJW4MCYSPrI.0;server=akswtt11300000m;cloudType=Consumer;environment=Prod_westus2_prod-s01-035-nam-westus2;migrationStage=NotStarted}
{"logTime": "0425/194725", "correlationVector":"8u4NZMcPB/W6Aahgk7DZKA","action":"Normal GetUpdate request", "result":"", "context":cV=8u4NZMcPB/W6Aahgk7DZKA
Nudged types: Sessions, History
Notified types: Passwords}
{"logTime": "0425/194725", "correlationVector":"8u4NZMcPB/W6Aahgk7DZKA.1","action":"SyncServerConnectionManagerRequest", "result":"SYNC_SERVER_OK", "context":{"environment":"Prod_westus2_prod-s01-035-nam-westus2", "migrationStage":"NotStarted", "server":"akswtt11300000a"}}
{"logTime": "0425/194725", "correlationVector":"8u4NZMcPB/W6Aahgk7DZKA.2","action":"ProcessGetUpdates", "result":"Done", "context":{"dataType":"Passwords", "deleted":"0", "process_failed_to_decrypt":"0", "process_pending_decryption":"0", "process_success":"41", "total":"41"}}
{"logTime": "0425/194725", "correlationVector":"8u4NZMcPB/W6Aahgk7DZKA.3","action":"GetUpdates Response", "result":"Success", "context":Received 41 update(s). cV=8u4NZMcPB/W6Aahgk7DZKA.0;server=akswtt11300000a;cloudType=Consumer;environment=Prod_westus2_prod-s01-035-nam-westus2;migrationStage=NotStarted}
{"logTime": "0425/194725", "correlationVector":"eerZAreqbm1OePUjSTTo7Y","action":"Commit Request", "result":"", "context":Item count: 4
Contributing types: Sessions, History}
{"logTime": "0425/194726", "correlationVector":"eerZAreqbm1OePUjSTTo7Y.1","action":"SyncServerConnectionManagerRequest", "result":"SYNC_SERVER_OK", "context":{"environment":"Prod_westus2_prod-s01-035-nam-westus2", "migrationStage":"NotStarted", "server":"akswtt11300000r"}}
{"logTime": "0425/194726", "correlationVector":"eerZAreqbm1OePUjSTTo7Y.2","action":"Commit Response", "result":"Success", "context":Result: Success. cV=eerZAreqbm1OePUjSTTo7Y.0;server=akswtt11300000r;cloudType=Consumer;environment=Prod_westus2_prod-s01-035-nam-westus2;migrationStage=NotStarted}
{"logTime": "0425/194726", "correlationVector":"sLNau4j2aKvqMMKAWmrwlm","action":"Normal GetUpdate request", "result":"", "context":cV=sLNau4j2aKvqMMKAWmrwlm
Nudged types: Sessions, History
Notified types: History}
{"logTime": "0425/194726", "correlationVector":"sLNau4j2aKvqMMKAWmrwlm.1","action":"SyncServerConnectionManagerRequest", "result":"SYNC_SERVER_OK", "context":{"environment":"Prod_westus2_prod-s01-035-nam-westus2", "migrationStage":"NotStarted", "server":"akswtt11300000f"}}
{"logTime": "0425/194726", "correlationVector":"sLNau4j2aKvqMMKAWmrwlm.2","action":"ProcessGetUpdates", "result":"Done", "context":{"dataType":"Passwords", "deleted":"0", "process_failed_to_decrypt":"0", "process_pending_decryption":"0", "process_success":"10", "total":"10"}}
{"logTime": "0425/194726", "correlationVector":"sLNau4j2aKvqMMKAWmrwlm.3","action":"ProcessGetUpdates", "result":"Done", "context":{"dataType":"Sessions", "deleted":"0", "process_failed_to_decrypt":"0", "process_pending_decryption":"0", "process_success":"3", "total":"3"}}
{"logTime": "0425/194726", "correlationVector":"sLNau4j2aKvqMMKAWmrwlm.4","action":"ProcessGetUpdates", "result":"Done", "context":{"dataType":"History", "deleted":"0", "process_failed_to_decrypt":"0", "process_pending_decryption":"0", "process_success":"10", "total":"10"}}
{"logTime": "0425/194726", "correlationVector":"sLNau4j2aKvqMMKAWmrwlm.5","action":"GetUpdates Response", "result":"Success", "context":Received 23 update(s). cV=sLNau4j2aKvqMMKAWmrwlm.0;server=akswtt11300000f;cloudType=Consumer;environment=Prod_westus2_prod-s01-035-nam-westus2;migrationStage=NotStarted}
{"logTime": "0425/194801", "correlationVector":"W1jNbVMBYjRbjfyCCzcrvx","action":"Normal GetUpdate request", "result":"", "context":cV=W1jNbVMBYjRbjfyCCzcrvx
Notified types: Device Info, History}
{"logTime": "0425/194801", "correlationVector":"W1jNbVMBYjRbjfyCCzcrvx.1","action":"SyncServerConnectionManagerRequest", "result":"SYNC_SERVER_OK", "context":{"environment":"Prod_westus2_prod-s01-035-nam-westus2", "migrationStage":"NotStarted", "server":"akswtt11300000r"}}
{"logTime": "0425/194801", "correlationVector":"W1jNbVMBYjRbjfyCCzcrvx.2","action":"ProcessGetUpdates", "result":"Done", "context":{"dataType":"Sessions", "deleted":"0", "process_failed_to_decrypt":"0", "process_pending_decryption":"0", "process_success":"3", "total":"3"}}
{"logTime": "0425/194801", "correlationVector":"W1jNbVMBYjRbjfyCCzcrvx.3","action":"ProcessGetUpdates", "result":"Done", "context":{"dataType":"Device Info", "deleted":"0", "process_failed_to_decrypt":"0", "process_pending_decryption":"0", "process_success":"1", "total":"1"}}
{"logTime": "0425/194801", "correlationVector":"W1jNbVMBYjRbjfyCCzcrvx.4","action":"ProcessGetUpdates", "result":"Done", "context":{"dataType":"History", "deleted":"0", "process_failed_to_decrypt":"0", "process_pending_decryption":"0", "process_success":"2", "total":"2"}}
{"logTime": "0425/194801", "correlationVector":"W1jNbVMBYjRbjfyCCzcrvx.5","action":"GetUpdates Response", "result":"Success", "context":Received 6 update(s). cV=W1jNbVMBYjRbjfyCCzcrvx.0;server=akswtt11300000r;cloudType=Consumer;environment=Prod_westus2_prod-s01-035-nam-westus2;migrationStage=NotStarted}
{"logTime": "0425/194853", "correlationVector":"//wSJUljGIW2DaNxSdtU7d","action":"Normal GetUpdate request", "result":"", "context":cV=//wSJUljGIW2DaNxSdtU7d
Nudged types: Sessions, History
Notified types: Passwords}
{"logTime": "0425/194853", "correlationVector":"//wSJUljGIW2DaNxSdtU7d.1","action":"SyncServerConnectionManagerRequest", "result":"SYNC_SERVER_OK", "context":{"environment":"Prod_westus2_prod-s01-035-nam-westus2", "migrationStage":"NotStarted", "server":"akswtt11300000c"}}
{"logTime": "0425/194853", "correlationVector":"//wSJUljGIW2DaNxSdtU7d.2","action":"ProcessGetUpdates", "result":"Done", "context":{"dataType":"Passwords", "deleted":"0", "process_failed_to_decrypt":"0", "process_pending_decryption":"0", "process_success":"42", "total":"42"}}
{"logTime": "0425/194853", "correlationVector":"//wSJUljGIW2DaNxSdtU7d.3","action":"GetUpdates Response", "result":"Success", "context":Received 42 update(s). cV=//wSJUljGIW2DaNxSdtU7d.0;server=akswtt11300000c;cloudType=Consumer;environment=Prod_westus2_prod-s01-035-nam-westus2;migrationStage=NotStarted}
{"logTime": "0425/194853", "correlationVector":"83j7Fx0RiiNGtfpgwM25cL","action":"Commit Request", "result":"", "context":Item count: 4
Contributing types: Sessions, History}
{"logTime": "0425/194853", "correlationVector":"83j7Fx0RiiNGtfpgwM25cL.1","action":"SyncServerConnectionManagerRequest", "result":"SYNC_SERVER_OK", "context":{"environment":"Prod_westus2_prod-s01-035-nam-westus2", "migrationStage":"NotStarted", "server":"akswtt11300000m"}}
{"logTime": "0425/194853", "correlationVector":"83j7Fx0RiiNGtfpgwM25cL.2","action":"Commit Response", "result":"Success", "context":Result: Success. cV=83j7Fx0RiiNGtfpgwM25cL.0;server=akswtt11300000m;cloudType=Consumer;environment=Prod_westus2_prod-s01-035-nam-westus2;migrationStage=NotStarted}
{"logTime": "0425/194854", "correlationVector":"OK040uMCI4ybtFQtF5zRLs","action":"Normal GetUpdate request", "result":"", "context":cV=OK040uMCI4ybtFQtF5zRLs
Nudged types: Sessions, History
Notified types: Passwords, History}
{"logTime": "0425/194854", "correlationVector":"OK040uMCI4ybtFQtF5zRLs.1","action":"SyncServerConnectionManagerRequest", "result":"SYNC_SERVER_OK", "context":{"environment":"Prod_westus2_prod-s01-035-nam-westus2", "migrationStage":"NotStarted", "server":"akswtt11300000i"}}
{"logTime": "0425/194854", "correlationVector":"OK040uMCI4ybtFQtF5zRLs.2","action":"ProcessGetUpdates", "result":"Done", "context":{"dataType":"Passwords", "deleted":"0", "process_failed_to_decrypt":"0", "process_pending_decryption":"0", "process_success":"9", "total":"9"}}
{"logTime": "0425/194854", "correlationVector":"OK040uMCI4ybtFQtF5zRLs.3","action":"ProcessGetUpdates", "result":"Done", "context":{"dataType":"Sessions", "deleted":"0", "process_failed_to_decrypt":"0", "process_pending_decryption":"0", "process_success":"2", "total":"2"}}
{"logTime": "0425/194854", "correlationVector":"OK040uMCI4ybtFQtF5zRLs.4","action":"ProcessGetUpdates", "result":"Done", "context":{"dataType":"History", "deleted":"0", "process_failed_to_decrypt":"0", "process_pending_decryption":"0", "process_success":"4", "total":"4"}}
{"logTime": "0425/194854", "correlationVector":"OK040uMCI4ybtFQtF5zRLs.5","action":"GetUpdates Response", "result":"Success", "context":Received 15 update(s). cV=OK040uMCI4ybtFQtF5zRLs.0;server=akswtt11300000i;cloudType=Consumer;environment=Prod_westus2_prod-s01-035-nam-westus2;migrationStage=NotStarted}
{"logTime": "0425/194855", "correlationVector":"Fzj6yDfv65nRNdAU5pqccg","action":"Normal GetUpdate request", "result":"", "context":cV=Fzj6yDfv65nRNdAU5pqccg
Notified types: Device Info, History}
{"logTime": "0425/194856", "correlationVector":"Fzj6yDfv65nRNdAU5pqccg.1","action":"SyncServerConnectionManagerRequest", "result":"SYNC_SERVER_OK", "context":{"environment":"Prod_westus2_prod-s01-035-nam-westus2", "migrationStage":"NotStarted", "server":"akswtt11300000m"}}
{"logTime": "0425/194856", "correlationVector":"Fzj6yDfv65nRNdAU5pqccg.2","action":"ProcessGetUpdates", "result":"Done", "context":{"dataType":"Sessions", "deleted":"0", "process_failed_to_decrypt":"0", "process_pending_decryption":"0", "process_success":"6", "total":"6"}}
{"logTime": "0425/194856", "correlationVector":"Fzj6yDfv65nRNdAU5pqccg.3","action":"ProcessGetUpdates", "result":"Done", "context":{"dataType":"Device Info", "deleted":"0", "process_failed_to_decrypt":"0", "process_pending_decryption":"0", "process_success":"2", "total":"2"}}
{"logTime": "0425/194856", "correlationVector":"Fzj6yDfv65nRNdAU5pqccg.4","action":"ProcessGetUpdates", "result":"Done", "context":{"dataType":"History", "deleted":"0", "process_failed_to_decrypt":"0", "process_pending_decryption":"0", "process_success":"2", "total":"2"}}
{"logTime": "0425/194856", "correlationVector":"Fzj6yDfv65nRNdAU5pqccg.5","action":"GetUpdates Response", "result":"Success", "context":Received 10 update(s). cV=Fzj6yDfv65nRNdAU5pqccg.0;server=akswtt11300000m;cloudType=Consumer;environment=Prod_westus2_prod-s01-035-nam-westus2;migrationStage=NotStarted}
{"logTime": "0425/194857", "correlationVector":"HoFfKRbOLQ1mVQJyHB94rY","action":"Normal GetUpdate request", "result":"", "context":cV=HoFfKRbOLQ1mVQJyHB94rY
Notified types: Device Info, History}
{"logTime": "0425/194857", "correlationVector":"HoFfKRbOLQ1mVQJyHB94rY.1","action":"SyncServerConnectionManagerRequest", "result":"SYNC_SERVER_OK", "context":{"environment":"Prod_westus2_prod-s01-035-nam-westus2", "migrationStage":"NotStarted", "server":"akswtt113000009"}}
{"logTime": "0425/194857", "correlationVector":"HoFfKRbOLQ1mVQJyHB94rY.2","action":"GetUpdates Response", "result":"Success", "context":Received 0 update(s). cV=HoFfKRbOLQ1mVQJyHB94rY.0;server=akswtt113000009;cloudType=Consumer;environment=Prod_westus2_prod-s01-035-nam-westus2;migrationStage=NotStarted}
{"logTime": "0425/194904", "correlationVector":"zK7KiDV/tQCWG4SEWStQQr","action":"Normal GetUpdate request", "result":"", "context":cV=zK7KiDV/tQCWG4SEWStQQr
Notified types: Preferences, Device Info}
{"logTime": "0425/194904", "correlationVector":"zK7KiDV/tQCWG4SEWStQQr.1","action":"SyncServerConnectionManagerRequest", "result":"SYNC_SERVER_OK", "context":{"environment":"Prod_westus2_prod-s01-035-nam-westus2", "migrationStage":"NotStarted", "server":"akswtt11300000m"}}
{"logTime": "0425/194904", "correlationVector":"zK7KiDV/tQCWG4SEWStQQr.2","action":"ProcessGetUpdates", "result":"Done", "context":{"dataType":"Preferences", "deleted":"0", "process_failed_to_decrypt":"0", "process_pending_decryption":"0", "process_success":"1", "total":"1"}}
{"logTime": "0425/194904", "correlationVector":"zK7KiDV/tQCWG4SEWStQQr.3","action":"ProcessGetUpdates", "result":"Done", "context":{"dataType":"Device Info", "deleted":"0", "process_failed_to_decrypt":"0", "process_pending_decryption":"0", "process_success":"1", "total":"1"}}
{"logTime": "0425/194904", "correlationVector":"zK7KiDV/tQCWG4SEWStQQr.4","action":"GetUpdates Response", "result":"Success", "context":Received 2 update(s). cV=zK7KiDV/tQCWG4SEWStQQr.0;server=akswtt11300000m;cloudType=Consumer;environment=Prod_westus2_prod-s01-035-nam-westus2;migrationStage=NotStarted}
{"logTime": "0425/194905", "correlationVector":"czBJ1PkMdlfXBC56sMNul2","action":"Normal GetUpdate request", "result":"", "context":cV=czBJ1PkMdlfXBC56sMNul2
Notified types: History}
{"logTime": "0425/194905", "correlationVector":"czBJ1PkMdlfXBC56sMNul2.1","action":"SyncServerConnectionManagerRequest", "result":"SYNC_SERVER_OK", "context":{"environment":"Prod_westus2_prod-s01-035-nam-westus2", "migrationStage":"NotStarted", "server":"akswtt11300000c"}}
{"logTime": "0425/194905", "correlationVector":"czBJ1PkMdlfXBC56sMNul2.2","action":"ProcessGetUpdates", "result":"Done", "context":{"dataType":"Preferences", "deleted":"0", "process_failed_to_decrypt":"0", "process_pending_decryption":"0", "process_success":"1", "total":"1"}}
{"logTime": "0425/194905", "correlationVector":"czBJ1PkMdlfXBC56sMNul2.3","action":"ProcessGetUpdates", "result":"Done", "context":{"dataType":"Sessions", "deleted":"0", "process_failed_to_decrypt":"0", "process_pending_decryption":"0", "process_success":"2", "total":"2"}}
{"logTime": "0425/194905", "correlationVector":"czBJ1PkMdlfXBC56sMNul2.4","action":"ProcessGetUpdates", "result":"Done", "context":{"dataType":"History", "deleted":"0", "process_failed_to_decrypt":"0", "process_pending_decryption":"0", "process_success":"4", "total":"4"}}
{"logTime": "0425/194905", "correlationVector":"czBJ1PkMdlfXBC56sMNul2.5","action":"GetUpdates Response", "result":"Success", "context":Received 7 update(s). cV=czBJ1PkMdlfXBC56sMNul2.0;server=akswtt11300000c;cloudType=Consumer;environment=Prod_westus2_prod-s01-035-nam-westus2;migrationStage=NotStarted}
{"logTime": "0425/194906", "correlationVector":"m3rqlJcHXEqiCX2zWB7gJf","action":"Normal GetUpdate request", "result":"", "context":cV=m3rqlJcHXEqiCX2zWB7gJf
Notified types: Preferences}
{"logTime": "0425/194906", "correlationVector":"m3rqlJcHXEqiCX2zWB7gJf.1","action":"SyncServerConnectionManagerRequest", "result":"SYNC_SERVER_OK", "context":{"environment":"Prod_westus2_prod-s01-035-nam-westus2", "migrationStage":"NotStarted", "server":"akswtt11300000m"}}
{"logTime": "0425/194906", "correlationVector":"m3rqlJcHXEqiCX2zWB7gJf.2","action":"GetUpdates Response", "result":"Success", "context":Received 0 update(s). cV=m3rqlJcHXEqiCX2zWB7gJf.0;server=akswtt11300000m;cloudType=Consumer;environment=Prod_westus2_prod-s01-035-nam-westus2;migrationStage=NotStarted}
