{"logTime": "0425/194944", "correlationVector":"Efn1y5DG22c8sUw8UAELSr.1","action":"SyncServerConnectionManagerRequest", "result":"SYNC_SERVER_OK", "context":{"environment":"Prod_westus2_prod-s01-035-nam-westus2", "migrationStage":"NotStarted", "server":"akswtt113000008"}}
{"logTime": "0425/194944", "correlationVector":"Efn1y5DG22c8sUw8UAELSr.2","action":"ProcessGetUpdates", "result":"Done", "context":{"dataType":"Encryption Keys", "deleted":"0", "process_failed_to_decrypt":"0", "process_pending_decryption":"0", "process_success":"1", "total":"1"}}
{"logTime": "0425/194944", "correlationVector":"omNiwhCtGINVkBQssWZzKC","action":"SyncServerConnectionManagerRequest", "result":"SYNC_SERVER_ERROR", "context":{"environment":"", "error_type":"http_status_code", "error_value":"400", "migrationStage":"", "server":""}}
{"logTime": "0425/194944", "correlationVector":"Efn1y5DG22c8sUw8UAELSr","action":"Initial GetUpdates", "result":"", "context":Reason: NEW_CLIENT. cV=Efn1y5DG22c8sUw8UAELSr}
{"logTime": "0425/194944", "correlationVector":"Efn1y5DG22c8sUw8UAELSr.3","action":"GetUpdates Response", "result":"Success", "context":Received 1 update(s). cV=Efn1y5DG22c8sUw8UAELSr.0;server=akswtt113000008;cloudType=Consumer;environment=Prod_westus2_prod-s01-035-nam-westus2;migrationStage=NotStarted}
{"logTime": "0425/194944", "correlationVector":"MgFway741gvczsl+Ujb5U2","action":"Initial GetUpdates", "result":"", "context":Reason: NEW_CLIENT. cV=MgFway741gvczsl+Ujb5U2}
{"logTime": "0425/194945", "correlationVector":"MgFway741gvczsl+Ujb5U2.1","action":"SyncServerConnectionManagerRequest", "result":"SYNC_SERVER_OK", "context":{"environment":"Prod_westus2_prod-s01-035-nam-westus2", "migrationStage":"NotStarted", "server":"akswtt11300000u"}}
{"logTime": "0425/194945", "correlationVector":"MgFway741gvczsl+Ujb5U2.2","action":"ProcessGetUpdates", "result":"Done", "context":{"dataType":"Preferences", "deleted":"0", "process_failed_to_decrypt":"0", "process_pending_decryption":"0", "process_success":"89", "total":"89"}}
{"logTime": "0425/194945", "correlationVector":"MgFway741gvczsl+Ujb5U2.3","action":"ProcessGetUpdates", "result":"Done", "context":{"dataType":"Device Info", "deleted":"0", "process_failed_to_decrypt":"0", "process_pending_decryption":"0", "process_success":"9", "total":"9"}}
{"logTime": "0425/194945", "correlationVector":"MgFway741gvczsl+Ujb5U2.4","action":"GetUpdates Response", "result":"Success", "context":Received 98 update(s). cV=MgFway741gvczsl+Ujb5U2.0;server=akswtt11300000u;cloudType=Consumer;environment=Prod_westus2_prod-s01-035-nam-westus2;migrationStage=NotStarted}
{"logTime": "0425/194945", "correlationVector":"H7H+OH/ZXtpsO8/ol0mPrZ","action":"SyncServerConnectionManagerRequest", "result":"SYNC_SERVER_ERROR", "context":{"environment":"", "error_type":"http_status_code", "error_value":"400", "migrationStage":"", "server":""}}
{"logTime": "0425/194945", "correlationVector":"gC6YL3DlBTpc71UL5H9Fj3","action":"Initial GetUpdates", "result":"", "context":Reason: NEW_CLIENT. cV=gC6YL3DlBTpc71UL5H9Fj3}
{"logTime": "0425/194945", "correlationVector":"gC6YL3DlBTpc71UL5H9Fj3.1","action":"SyncServerConnectionManagerRequest", "result":"SYNC_SERVER_OK", "context":{"environment":"Prod_westus2_prod-s01-035-nam-westus2", "migrationStage":"NotStarted", "server":"akswtt11300000e"}}
{"logTime": "0425/194945", "correlationVector":"gC6YL3DlBTpc71UL5H9Fj3.2","action":"ProcessGetUpdates", "result":"Done", "context":{"dataType":"Bookmarks", "deleted":"0", "process_failed_to_decrypt":"0", "process_pending_decryption":"0", "process_success":"16", "total":"16"}}
{"logTime": "0425/194945", "correlationVector":"gC6YL3DlBTpc71UL5H9Fj3.3","action":"GetUpdates Response", "result":"Success", "context":Received 16 update(s). cV=gC6YL3DlBTpc71UL5H9Fj3.0;server=akswtt11300000e;cloudType=Consumer;environment=Prod_westus2_prod-s01-035-nam-westus2;migrationStage=NotStarted}
{"logTime": "0425/194945", "correlationVector":"xp+zSlgZhKLlI6OV4+HQLz","action":"SyncServerConnectionManagerRequest", "result":"SYNC_SERVER_ERROR", "context":{"environment":"", "error_type":"http_status_code", "error_value":"400", "migrationStage":"", "server":""}}
{"logTime": "0425/194945", "correlationVector":"4+qHNir5+JRmPDw/Hg8bza","action":"Initial GetUpdates", "result":"", "context":Reason: NEW_CLIENT. cV=4+qHNir5+JRmPDw/Hg8bza}
{"logTime": "0425/194945", "correlationVector":"4+qHNir5+JRmPDw/Hg8bza.1","action":"SyncServerConnectionManagerRequest", "result":"SYNC_SERVER_OK", "context":{"environment":"Prod_westus2_prod-s01-035-nam-westus2", "migrationStage":"NotStarted", "server":"akswtt11300000t"}}
{"logTime": "0425/194945", "correlationVector":"4+qHNir5+JRmPDw/Hg8bza.2","action":"ProcessGetUpdates", "result":"Done", "context":{"dataType":"Edge Hub App Usage", "deleted":"0", "process_failed_to_decrypt":"0", "process_pending_decryption":"0", "process_success":"1", "total":"1"}}
{"logTime": "0425/194945", "correlationVector":"4+qHNir5+JRmPDw/Hg8bza.3","action":"GetUpdates Response", "result":"Success", "context":Received 1 update(s). cV=4+qHNir5+JRmPDw/Hg8bza.0;server=akswtt11300000t;cloudType=Consumer;environment=Prod_westus2_prod-s01-035-nam-westus2;migrationStage=NotStarted Some updates remain.}
{"logTime": "0425/194945", "correlationVector":"6xEeiQZ4fU8T87OpOS576D","action":"Initial GetUpdates", "result":"", "context":Reason: NEW_CLIENT. cV=6xEeiQZ4fU8T87OpOS576D}
{"logTime": "0425/194946", "correlationVector":"6xEeiQZ4fU8T87OpOS576D.1","action":"SyncServerConnectionManagerRequest", "result":"SYNC_SERVER_OK", "context":{"environment":"Prod_westus2_prod-s01-035-nam-westus2", "migrationStage":"NotStarted", "server":"akswtt11300000e"}}
{"logTime": "0425/194946", "correlationVector":"6xEeiQZ4fU8T87OpOS576D.2","action":"ProcessGetUpdates", "result":"Done", "context":{"dataType":"Saved Tab Group", "deleted":"0", "process_failed_to_decrypt":"0", "process_pending_decryption":"0", "process_success":"4", "total":"4"}}
{"logTime": "0425/194946", "correlationVector":"6xEeiQZ4fU8T87OpOS576D.3","action":"GetUpdates Response", "result":"Success", "context":Received 4 update(s). cV=6xEeiQZ4fU8T87OpOS576D.0;server=akswtt11300000e;cloudType=Consumer;environment=Prod_westus2_prod-s01-035-nam-westus2;migrationStage=NotStarted Some updates remain.}
{"logTime": "0425/194946", "correlationVector":"m+ztzFuKkixInFrlhqhSCh","action":"Initial GetUpdates", "result":"", "context":Reason: NEW_CLIENT. cV=m+ztzFuKkixInFrlhqhSCh}
{"logTime": "0425/194946", "correlationVector":"m+ztzFuKkixInFrlhqhSCh.1","action":"SyncServerConnectionManagerRequest", "result":"SYNC_SERVER_OK", "context":{"environment":"Prod_westus2_prod-s01-035-nam-westus2", "migrationStage":"NotStarted", "server":"akswtt11300000t"}}
{"logTime": "0425/194946", "correlationVector":"m+ztzFuKkixInFrlhqhSCh.2","action":"ProcessGetUpdates", "result":"Done", "context":{"dataType":"Extensions", "deleted":"0", "process_failed_to_decrypt":"0", "process_pending_decryption":"0", "process_success":"1", "total":"1"}}
{"logTime": "0425/194946", "correlationVector":"m+ztzFuKkixInFrlhqhSCh.3","action":"GetUpdates Response", "result":"Success", "context":Received 1 update(s). cV=m+ztzFuKkixInFrlhqhSCh.0;server=akswtt11300000t;cloudType=Consumer;environment=Prod_westus2_prod-s01-035-nam-westus2;migrationStage=NotStarted Some updates remain.}
{"logTime": "0425/194946", "correlationVector":"HIjtm1JeH8QMzkiRrpemRp","action":"Initial GetUpdates", "result":"", "context":Reason: NEW_CLIENT. cV=HIjtm1JeH8QMzkiRrpemRp}
{"logTime": "0425/194946", "correlationVector":"HIjtm1JeH8QMzkiRrpemRp.1","action":"SyncServerConnectionManagerRequest", "result":"SYNC_SERVER_OK", "context":{"environment":"Prod_westus2_prod-s01-035-nam-westus2", "migrationStage":"NotStarted", "server":"akswtt11300000e"}}
{"logTime": "0425/194946", "correlationVector":"HIjtm1JeH8QMzkiRrpemRp.2","action":"ProcessGetUpdates", "result":"Done", "context":{"dataType":"Edge Hub App Usage", "deleted":"0", "process_failed_to_decrypt":"0", "process_pending_decryption":"0", "process_success":"1", "total":"1"}}
{"logTime": "0425/194946", "correlationVector":"HIjtm1JeH8QMzkiRrpemRp.3","action":"GetUpdates Response", "result":"Success", "context":Received 1 update(s). cV=HIjtm1JeH8QMzkiRrpemRp.0;server=akswtt11300000e;cloudType=Consumer;environment=Prod_westus2_prod-s01-035-nam-westus2;migrationStage=NotStarted Some updates remain.}
{"logTime": "0425/194946", "correlationVector":"NCRGrf46zaCvq7L7n4/ESG","action":"Initial GetUpdates", "result":"", "context":Reason: NEW_CLIENT. cV=NCRGrf46zaCvq7L7n4/ESG}
{"logTime": "0425/194947", "correlationVector":"NCRGrf46zaCvq7L7n4/ESG.1","action":"SyncServerConnectionManagerRequest", "result":"SYNC_SERVER_OK", "context":{"environment":"Prod_westus2_prod-s01-035-nam-westus2", "migrationStage":"NotStarted", "server":"akswtt11300000g"}}
{"logTime": "0425/194947", "correlationVector":"NCRGrf46zaCvq7L7n4/ESG.2","action":"ProcessGetUpdates", "result":"Done", "context":{"dataType":"Extensions", "deleted":"0", "process_failed_to_decrypt":"0", "process_pending_decryption":"0", "process_success":"1", "total":"1"}}
{"logTime": "0425/194947", "correlationVector":"NCRGrf46zaCvq7L7n4/ESG.3","action":"ProcessGetUpdates", "result":"Done", "context":{"dataType":"Sessions", "deleted":"0", "process_failed_to_decrypt":"0", "process_pending_decryption":"0", "process_success":"29", "total":"29"}}
{"logTime": "0425/194947", "correlationVector":"NCRGrf46zaCvq7L7n4/ESG.4","action":"GetUpdates Response", "result":"Success", "context":Received 30 update(s). cV=NCRGrf46zaCvq7L7n4/ESG.0;server=akswtt11300000g;cloudType=Consumer;environment=Prod_westus2_prod-s01-035-nam-westus2;migrationStage=NotStarted}
{"logTime": "0425/194947", "correlationVector":"4OlJZ88lFCXXqXE7f57UXQ","action":"SyncServerConnectionManagerRequest", "result":"SYNC_SERVER_ERROR", "context":{"environment":"", "error_type":"http_status_code", "error_value":"400", "migrationStage":"", "server":""}}
{"logTime": "0425/194947", "correlationVector":"cRJiy5Ui0wKtJRqYjiBLr/","action":"Initial GetUpdates", "result":"", "context":Reason: NEW_CLIENT. cV=cRJiy5Ui0wKtJRqYjiBLr/}
{"logTime": "0425/194947", "correlationVector":"cRJiy5Ui0wKtJRqYjiBLr/.1","action":"SyncServerConnectionManagerRequest", "result":"SYNC_SERVER_OK", "context":{"environment":"Prod_westus2_prod-s01-035-nam-westus2", "migrationStage":"NotStarted", "server":"akswtt113000008"}}
{"logTime": "0425/194947", "correlationVector":"cRJiy5Ui0wKtJRqYjiBLr/.2","action":"ProcessGetUpdates", "result":"Done", "context":{"dataType":"History", "deleted":"0", "process_failed_to_decrypt":"0", "process_pending_decryption":"0", "process_success":"250", "total":"250"}}
{"logTime": "0425/194947", "correlationVector":"cRJiy5Ui0wKtJRqYjiBLr/.3","action":"GetUpdates Response", "result":"Success", "context":Received 250 update(s). cV=cRJiy5Ui0wKtJRqYjiBLr/.0;server=akswtt113000008;cloudType=Consumer;environment=Prod_westus2_prod-s01-035-nam-westus2;migrationStage=NotStarted Some updates remain.}
{"logTime": "0425/194947", "correlationVector":"u2B/Xqcn9chOCb+c+mZXU4","action":"Initial GetUpdates", "result":"", "context":Reason: NEW_CLIENT. cV=u2B/Xqcn9chOCb+c+mZXU4}
{"logTime": "0425/194947", "correlationVector":"u2B/Xqcn9chOCb+c+mZXU4.1","action":"SyncServerConnectionManagerRequest", "result":"SYNC_SERVER_OK", "context":{"environment":"Prod_westus2_prod-s01-035-nam-westus2", "migrationStage":"NotStarted", "server":"akswtt113000000"}}
{"logTime": "0425/194947", "correlationVector":"u2B/Xqcn9chOCb+c+mZXU4.2","action":"ProcessGetUpdates", "result":"Done", "context":{"dataType":"History", "deleted":"0", "process_failed_to_decrypt":"0", "process_pending_decryption":"0", "process_success":"250", "total":"250"}}
{"logTime": "0425/194947", "correlationVector":"u2B/Xqcn9chOCb+c+mZXU4.3","action":"GetUpdates Response", "result":"Success", "context":Received 250 update(s). cV=u2B/Xqcn9chOCb+c+mZXU4.0;server=akswtt113000000;cloudType=Consumer;environment=Prod_westus2_prod-s01-035-nam-westus2;migrationStage=NotStarted Some updates remain.}
{"logTime": "0425/194947", "correlationVector":"jAqOWA/kn+MVD+RHWiCI8w","action":"Initial GetUpdates", "result":"", "context":Reason: NEW_CLIENT. cV=jAqOWA/kn+MVD+RHWiCI8w}
{"logTime": "0425/194948", "correlationVector":"jAqOWA/kn+MVD+RHWiCI8w.1","action":"SyncServerConnectionManagerRequest", "result":"SYNC_SERVER_OK", "context":{"environment":"Prod_westus2_prod-s01-035-nam-westus2", "migrationStage":"NotStarted", "server":"akswtt113000000"}}
{"logTime": "0425/194948", "correlationVector":"jAqOWA/kn+MVD+RHWiCI8w.2","action":"ProcessGetUpdates", "result":"Done", "context":{"dataType":"History", "deleted":"0", "process_failed_to_decrypt":"0", "process_pending_decryption":"0", "process_success":"250", "total":"250"}}
{"logTime": "0425/194948", "correlationVector":"jAqOWA/kn+MVD+RHWiCI8w.3","action":"GetUpdates Response", "result":"Success", "context":Received 250 update(s). cV=jAqOWA/kn+MVD+RHWiCI8w.0;server=akswtt113000000;cloudType=Consumer;environment=Prod_westus2_prod-s01-035-nam-westus2;migrationStage=NotStarted Some updates remain.}
{"logTime": "0425/194948", "correlationVector":"XbD3WVhDiFaXy2JR42s9r1","action":"Initial GetUpdates", "result":"", "context":Reason: NEW_CLIENT. cV=XbD3WVhDiFaXy2JR42s9r1}
{"logTime": "0425/194948", "correlationVector":"XbD3WVhDiFaXy2JR42s9r1.1","action":"SyncServerConnectionManagerRequest", "result":"SYNC_SERVER_OK", "context":{"environment":"Prod_westus2_prod-s01-035-nam-westus2", "migrationStage":"NotStarted", "server":"akswtt11300000t"}}
{"logTime": "0425/194948", "correlationVector":"XbD3WVhDiFaXy2JR42s9r1.2","action":"ProcessGetUpdates", "result":"Done", "context":{"dataType":"History", "deleted":"0", "process_failed_to_decrypt":"0", "process_pending_decryption":"0", "process_success":"250", "total":"250"}}
{"logTime": "0425/194948", "correlationVector":"XbD3WVhDiFaXy2JR42s9r1.3","action":"GetUpdates Response", "result":"Success", "context":Received 250 update(s). cV=XbD3WVhDiFaXy2JR42s9r1.0;server=akswtt11300000t;cloudType=Consumer;environment=Prod_westus2_prod-s01-035-nam-westus2;migrationStage=NotStarted Some updates remain.}
{"logTime": "0425/194948", "correlationVector":"Sy6MTxlStzNf89JpBXisQx","action":"Initial GetUpdates", "result":"", "context":Reason: NEW_CLIENT. cV=Sy6MTxlStzNf89JpBXisQx}
{"logTime": "0425/194949", "correlationVector":"Sy6MTxlStzNf89JpBXisQx.1","action":"SyncServerConnectionManagerRequest", "result":"SYNC_SERVER_OK", "context":{"environment":"Prod_westus2_prod-s01-035-nam-westus2", "migrationStage":"NotStarted", "server":"akswtt11300000t"}}
{"logTime": "0425/194949", "correlationVector":"Sy6MTxlStzNf89JpBXisQx.2","action":"ProcessGetUpdates", "result":"Done", "context":{"dataType":"History", "deleted":"0", "process_failed_to_decrypt":"0", "process_pending_decryption":"0", "process_success":"250", "total":"250"}}
{"logTime": "0425/194949", "correlationVector":"Sy6MTxlStzNf89JpBXisQx.3","action":"GetUpdates Response", "result":"Success", "context":Received 250 update(s). cV=Sy6MTxlStzNf89JpBXisQx.0;server=akswtt11300000t;cloudType=Consumer;environment=Prod_westus2_prod-s01-035-nam-westus2;migrationStage=NotStarted Some updates remain.}
{"logTime": "0425/194949", "correlationVector":"/85sONzt4ObVwBKIIh/m+c","action":"Initial GetUpdates", "result":"", "context":Reason: NEW_CLIENT. cV=/85sONzt4ObVwBKIIh/m+c}
{"logTime": "0425/194949", "correlationVector":"/85sONzt4ObVwBKIIh/m+c.1","action":"SyncServerConnectionManagerRequest", "result":"SYNC_SERVER_OK", "context":{"environment":"Prod_westus2_prod-s01-035-nam-westus2", "migrationStage":"NotStarted", "server":"akswtt11300000e"}}
{"logTime": "0425/194949", "correlationVector":"/85sONzt4ObVwBKIIh/m+c.2","action":"ProcessGetUpdates", "result":"Done", "context":{"dataType":"History", "deleted":"0", "process_failed_to_decrypt":"0", "process_pending_decryption":"0", "process_success":"250", "total":"250"}}
{"logTime": "0425/194949", "correlationVector":"/85sONzt4ObVwBKIIh/m+c.3","action":"GetUpdates Response", "result":"Success", "context":Received 250 update(s). cV=/85sONzt4ObVwBKIIh/m+c.0;server=akswtt11300000e;cloudType=Consumer;environment=Prod_westus2_prod-s01-035-nam-westus2;migrationStage=NotStarted Some updates remain.}
{"logTime": "0425/194949", "correlationVector":"l/PS7/RaXtThLOv9drPPL7","action":"Initial GetUpdates", "result":"", "context":Reason: NEW_CLIENT. cV=l/PS7/RaXtThLOv9drPPL7}
{"logTime": "0425/194949", "correlationVector":"l/PS7/RaXtThLOv9drPPL7.1","action":"SyncServerConnectionManagerRequest", "result":"SYNC_SERVER_OK", "context":{"environment":"Prod_westus2_prod-s01-035-nam-westus2", "migrationStage":"NotStarted", "server":"akswtt11300000u"}}
{"logTime": "0425/194949", "correlationVector":"l/PS7/RaXtThLOv9drPPL7.2","action":"ProcessGetUpdates", "result":"Done", "context":{"dataType":"History", "deleted":"0", "process_failed_to_decrypt":"0", "process_pending_decryption":"0", "process_success":"250", "total":"250"}}
{"logTime": "0425/194949", "correlationVector":"l/PS7/RaXtThLOv9drPPL7.3","action":"GetUpdates Response", "result":"Success", "context":Received 250 update(s). cV=l/PS7/RaXtThLOv9drPPL7.0;server=akswtt11300000u;cloudType=Consumer;environment=Prod_westus2_prod-s01-035-nam-westus2;migrationStage=NotStarted Some updates remain.}
{"logTime": "0425/194949", "correlationVector":"PUVe4n7fgQ7YfS9UreOWiu","action":"Initial GetUpdates", "result":"", "context":Reason: NEW_CLIENT. cV=PUVe4n7fgQ7YfS9UreOWiu}
{"logTime": "0425/194950", "correlationVector":"PUVe4n7fgQ7YfS9UreOWiu.1","action":"SyncServerConnectionManagerRequest", "result":"SYNC_SERVER_OK", "context":{"environment":"Prod_westus2_prod-s01-035-nam-westus2", "migrationStage":"NotStarted", "server":"akswtt11300000e"}}
{"logTime": "0425/194950", "correlationVector":"PUVe4n7fgQ7YfS9UreOWiu.2","action":"ProcessGetUpdates", "result":"Done", "context":{"dataType":"History", "deleted":"0", "process_failed_to_decrypt":"0", "process_pending_decryption":"0", "process_success":"250", "total":"250"}}
{"logTime": "0425/194950", "correlationVector":"PUVe4n7fgQ7YfS9UreOWiu.3","action":"GetUpdates Response", "result":"Success", "context":Received 250 update(s). cV=PUVe4n7fgQ7YfS9UreOWiu.0;server=akswtt11300000e;cloudType=Consumer;environment=Prod_westus2_prod-s01-035-nam-westus2;migrationStage=NotStarted Some updates remain.}
{"logTime": "0425/194950", "correlationVector":"jKbBFRuQTU98nlz8tf8hpb","action":"Initial GetUpdates", "result":"", "context":Reason: NEW_CLIENT. cV=jKbBFRuQTU98nlz8tf8hpb}
{"logTime": "0425/194950", "correlationVector":"jKbBFRuQTU98nlz8tf8hpb.1","action":"SyncServerConnectionManagerRequest", "result":"SYNC_SERVER_OK", "context":{"environment":"Prod_westus2_prod-s01-035-nam-westus2", "migrationStage":"NotStarted", "server":"akswtt113000003"}}
{"logTime": "0425/194950", "correlationVector":"jKbBFRuQTU98nlz8tf8hpb.2","action":"ProcessGetUpdates", "result":"Done", "context":{"dataType":"History", "deleted":"0", "process_failed_to_decrypt":"0", "process_pending_decryption":"0", "process_success":"250", "total":"250"}}
{"logTime": "0425/194950", "correlationVector":"jKbBFRuQTU98nlz8tf8hpb.3","action":"GetUpdates Response", "result":"Success", "context":Received 250 update(s). cV=jKbBFRuQTU98nlz8tf8hpb.0;server=akswtt113000003;cloudType=Consumer;environment=Prod_westus2_prod-s01-035-nam-westus2;migrationStage=NotStarted Some updates remain.}
{"logTime": "0425/194950", "correlationVector":"4AJVEV2V6DmS02jTvyaLpI","action":"Initial GetUpdates", "result":"", "context":Reason: NEW_CLIENT. cV=4AJVEV2V6DmS02jTvyaLpI}
{"logTime": "0425/194951", "correlationVector":"4AJVEV2V6DmS02jTvyaLpI.1","action":"SyncServerConnectionManagerRequest", "result":"SYNC_SERVER_OK", "context":{"environment":"Prod_westus2_prod-s01-035-nam-westus2", "migrationStage":"NotStarted", "server":"akswtt11300000u"}}
{"logTime": "0425/194951", "correlationVector":"4AJVEV2V6DmS02jTvyaLpI.2","action":"ProcessGetUpdates", "result":"Done", "context":{"dataType":"History", "deleted":"0", "process_failed_to_decrypt":"0", "process_pending_decryption":"0", "process_success":"250", "total":"250"}}
{"logTime": "0425/194951", "correlationVector":"4AJVEV2V6DmS02jTvyaLpI.3","action":"GetUpdates Response", "result":"Success", "context":Received 250 update(s). cV=4AJVEV2V6DmS02jTvyaLpI.0;server=akswtt11300000u;cloudType=Consumer;environment=Prod_westus2_prod-s01-035-nam-westus2;migrationStage=NotStarted Some updates remain.}
{"logTime": "0425/194951", "correlationVector":"stAW+icp+xjc+4bUFC1dJ/","action":"Initial GetUpdates", "result":"", "context":Reason: NEW_CLIENT. cV=stAW+icp+xjc+4bUFC1dJ/}
{"logTime": "0425/194951", "correlationVector":"stAW+icp+xjc+4bUFC1dJ/.1","action":"SyncServerConnectionManagerRequest", "result":"SYNC_SERVER_OK", "context":{"environment":"Prod_westus2_prod-s01-035-nam-westus2", "migrationStage":"NotStarted", "server":"akswtt11300000t"}}
{"logTime": "0425/194951", "correlationVector":"stAW+icp+xjc+4bUFC1dJ/.2","action":"ProcessGetUpdates", "result":"Done", "context":{"dataType":"History", "deleted":"0", "process_failed_to_decrypt":"0", "process_pending_decryption":"0", "process_success":"250", "total":"250"}}
{"logTime": "0425/194951", "correlationVector":"stAW+icp+xjc+4bUFC1dJ/.3","action":"GetUpdates Response", "result":"Success", "context":Received 250 update(s). cV=stAW+icp+xjc+4bUFC1dJ/.0;server=akswtt11300000t;cloudType=Consumer;environment=Prod_westus2_prod-s01-035-nam-westus2;migrationStage=NotStarted Some updates remain.}
{"logTime": "0425/194951", "correlationVector":"6su/GvKTtKpDGzKvBsA56J","action":"Initial GetUpdates", "result":"", "context":Reason: NEW_CLIENT. cV=6su/GvKTtKpDGzKvBsA56J}
{"logTime": "0425/194951", "correlationVector":"6su/GvKTtKpDGzKvBsA56J.1","action":"SyncServerConnectionManagerRequest", "result":"SYNC_SERVER_OK", "context":{"environment":"Prod_westus2_prod-s01-035-nam-westus2", "migrationStage":"NotStarted", "server":"akswtt11300000f"}}
{"logTime": "0425/194951", "correlationVector":"6su/GvKTtKpDGzKvBsA56J.2","action":"ProcessGetUpdates", "result":"Done", "context":{"dataType":"History", "deleted":"0", "process_failed_to_decrypt":"0", "process_pending_decryption":"0", "process_success":"250", "total":"250"}}
{"logTime": "0425/194951", "correlationVector":"6su/GvKTtKpDGzKvBsA56J.3","action":"GetUpdates Response", "result":"Success", "context":Received 250 update(s). cV=6su/GvKTtKpDGzKvBsA56J.0;server=akswtt11300000f;cloudType=Consumer;environment=Prod_westus2_prod-s01-035-nam-westus2;migrationStage=NotStarted Some updates remain.}
{"logTime": "0425/194951", "correlationVector":"X8PRsswqaktn0pvfy7RRCx","action":"Initial GetUpdates", "result":"", "context":Reason: NEW_CLIENT. cV=X8PRsswqaktn0pvfy7RRCx}
{"logTime": "0425/194951", "correlationVector":"X8PRsswqaktn0pvfy7RRCx.1","action":"SyncServerConnectionManagerRequest", "result":"SYNC_SERVER_OK", "context":{"environment":"Prod_westus2_prod-s01-035-nam-westus2", "migrationStage":"NotStarted", "server":"akswtt11300000t"}}
{"logTime": "0425/194951", "correlationVector":"X8PRsswqaktn0pvfy7RRCx.2","action":"ProcessGetUpdates", "result":"Done", "context":{"dataType":"History", "deleted":"0", "process_failed_to_decrypt":"0", "process_pending_decryption":"0", "process_success":"49", "total":"49"}}
{"logTime": "0425/194951", "correlationVector":"X8PRsswqaktn0pvfy7RRCx.3","action":"GetUpdates Response", "result":"Success", "context":Received 49 update(s). cV=X8PRsswqaktn0pvfy7RRCx.0;server=akswtt11300000t;cloudType=Consumer;environment=Prod_westus2_prod-s01-035-nam-westus2;migrationStage=NotStarted}
{"logTime": "0425/194952", "correlationVector":"x8hqzQL/XKrQrE2k2Q7CAD","action":"SyncServerConnectionManagerRequest", "result":"SYNC_SERVER_ERROR", "context":{"environment":"", "error_type":"http_status_code", "error_value":"400", "migrationStage":"", "server":""}}
{"logTime": "0425/194952", "correlationVector":"5LzcAKV4yzJC71bhwK3IhD","action":"Normal GetUpdate request", "result":"", "context":cV=5LzcAKV4yzJC71bhwK3IhD
Nudged types: Sessions, Device Info, User Consents, History
Refresh requested types: Bookmarks, Preferences, Extensions, Sessions, Extension settings, History Delete Directives, Device Info, User Consents, Send Tab To Self, Web Apps, History, Saved Tab Group, WebAuthn Credentials, Collection, Edge E Drop, Edge Hub App Usage, Edge Wallet, Edge Workspace, Encryption Keys}
{"logTime": "0425/194952", "correlationVector":"5LzcAKV4yzJC71bhwK3IhD.1","action":"SyncServerConnectionManagerRequest", "result":"SYNC_SERVER_OK", "context":{"environment":"Prod_westus2_prod-s01-035-nam-westus2", "migrationStage":"NotStarted", "server":"akswtt11300000t"}}
{"logTime": "0425/194952", "correlationVector":"5LzcAKV4yzJC71bhwK3IhD.2","action":"GetUpdates Response", "result":"Success", "context":Received 0 update(s). cV=5LzcAKV4yzJC71bhwK3IhD.0;server=akswtt11300000t;cloudType=Consumer;environment=Prod_westus2_prod-s01-035-nam-westus2;migrationStage=NotStarted}
{"logTime": "0425/194952", "correlationVector":"Fg+9zxOAvLSFuGRipxTvmN","action":"Commit Request", "result":"", "context":Item count: 7
Contributing types: Sessions, Device Info, User Consents, History}
{"logTime": "0425/194952", "correlationVector":"Fg+9zxOAvLSFuGRipxTvmN.1","action":"SyncServerConnectionManagerRequest", "result":"SYNC_SERVER_OK", "context":{"environment":"Prod_westus2_prod-s01-035-nam-westus2", "migrationStage":"NotStarted", "server":"akswtt11300000t"}}
{"logTime": "0425/194952", "correlationVector":"Fg+9zxOAvLSFuGRipxTvmN.2","action":"Commit Response", "result":"Success", "context":Result: Success. cV=Fg+9zxOAvLSFuGRipxTvmN.0;server=akswtt11300000t;cloudType=Consumer;environment=Prod_westus2_prod-s01-035-nam-westus2;migrationStage=NotStarted}
{"logTime": "0425/194952", "correlationVector":"U0Dt/uedfoc23gRLSWseQC","action":"SyncServerConnectionManagerRequest", "result":"SYNC_SERVER_ERROR", "context":{"environment":"", "error_type":"http_status_code", "error_value":"400", "migrationStage":"", "server":""}}
{"logTime": "0425/194954", "correlationVector":"mbhB/NCLH6szsbe8Hyyk9Z","action":"Normal GetUpdate request", "result":"", "context":cV=mbhB/NCLH6szsbe8Hyyk9Z
Notified types: History}
{"logTime": "0425/194954", "correlationVector":"mbhB/NCLH6szsbe8Hyyk9Z.1","action":"SyncServerConnectionManagerRequest", "result":"SYNC_SERVER_OK", "context":{"environment":"Prod_westus2_prod-s01-035-nam-westus2", "migrationStage":"NotStarted", "server":"akswtt113000000"}}
{"logTime": "0425/194954", "correlationVector":"mbhB/NCLH6szsbe8Hyyk9Z.2","action":"ProcessGetUpdates", "result":"Done", "context":{"dataType":"Sessions", "deleted":"0", "process_failed_to_decrypt":"0", "process_pending_decryption":"0", "process_success":"4", "total":"4"}}
{"logTime": "0425/194954", "correlationVector":"mbhB/NCLH6szsbe8Hyyk9Z.3","action":"ProcessGetUpdates", "result":"Done", "context":{"dataType":"Device Info", "deleted":"0", "process_failed_to_decrypt":"0", "process_pending_decryption":"0", "process_success":"1", "total":"1"}}
{"logTime": "0425/194954", "correlationVector":"mbhB/NCLH6szsbe8Hyyk9Z.4","action":"ProcessGetUpdates", "result":"Done", "context":{"dataType":"History", "deleted":"0", "process_failed_to_decrypt":"0", "process_pending_decryption":"0", "process_success":"4", "total":"4"}}
{"logTime": "0425/194954", "correlationVector":"mbhB/NCLH6szsbe8Hyyk9Z.5","action":"GetUpdates Response", "result":"Success", "context":Received 9 update(s). cV=mbhB/NCLH6szsbe8Hyyk9Z.0;server=akswtt113000000;cloudType=Consumer;environment=Prod_westus2_prod-s01-035-nam-westus2;migrationStage=NotStarted}
{"logTime": "0425/194954", "correlationVector":"c2FFZLGbLiigEomHtdacFd","action":"DoCompareDataConsistency requsted types: ", "result":"Bookmarks, Preferences, Extensions, Extension settings, History Delete Directives, Send Tab To Self, Web Apps, History, Saved Tab Group, WebAuthn Credentials, Collection, Edge E Drop, Edge Wallet, Edge Workspace, Encryption Keys"}
{"logTime": "0425/194954", "correlationVector":"c2FFZLGbLiigEomHtdacFd.0","action":"CompareDataConsistency result: ", "result":"Compare result: Encryption Keys is consistent. local entities count is: 1 local entities hash is: mnXhMM6uWcTDhSXh+l/E9Dko8pQ="}
{"logTime": "0425/194954", "correlationVector":"c2FFZLGbLiigEomHtdacFd.1","action":"CompareDataConsistency result: ", "result":"Compare result: Bookmarks is consistent. local entities count is: 10 local entities hash is: dRIJ8LTqVVfWU0uUl/z6w63RNiE="}
{"logTime": "0425/194954", "correlationVector":"c2FFZLGbLiigEomHtdacFd.2","action":"CompareDataConsistency result: ", "result":"Compare result: Preferences is consistent. local entities count is: 89 local entities hash is: 02pdgx4dhk3gmAvuUsbTzjopsKY="}
{"logTime": "0425/194954", "correlationVector":"c2FFZLGbLiigEomHtdacFd.3","action":"CompareDataConsistency result: ", "result":"Compare result: Extensions is consistent. local entities count is: 2 local entities hash is: lJF09PksAwK+l2NzLIAVbQptmSg="}
{"logTime": "0425/194954", "correlationVector":"c2FFZLGbLiigEomHtdacFd.4","action":"CompareDataConsistency result: ", "result":"Compare result: Extension settings is consistent. local entities count is: 0 local entities hash is: "}
{"logTime": "0425/194954", "correlationVector":"c2FFZLGbLiigEomHtdacFd.5","action":"CompareDataConsistency result: ", "result":"Compare result: History Delete Directives is consistent. local entities count is: 0 local entities hash is: "}
{"logTime": "0425/194954", "correlationVector":"c2FFZLGbLiigEomHtdacFd.6","action":"CompareDataConsistency result: ", "result":"Server did not send this Send Tab To Self local entities count is: 0 local entities hash is: "}
{"logTime": "0425/194954", "correlationVector":"c2FFZLGbLiigEomHtdacFd.7","action":"CompareDataConsistency result: ", "result":"Compare result: Web Apps is consistent. local entities count is: 0 local entities hash is: "}
{"logTime": "0425/194954", "correlationVector":"c2FFZLGbLiigEomHtdacFd.8","action":"CompareDataConsistency result: ", "result":"Server did not send this History local entities count is: 0 local entities hash is: "}
{"logTime": "0425/194954", "correlationVector":"c2FFZLGbLiigEomHtdacFd.9","action":"CompareDataConsistency result: ", "result":"Compare result: Saved Tab Group is consistent. local entities count is: 4 local entities hash is: +GFk7KIWm5+J1ieLQgUiX21jXXI="}
{"logTime": "0425/194954", "correlationVector":"c2FFZLGbLiigEomHtdacFd.10","action":"CompareDataConsistency result: ", "result":"Server did not send this WebAuthn Credentials local entities count is: 0 local entities hash is: "}
{"logTime": "0425/194954", "correlationVector":"c2FFZLGbLiigEomHtdacFd.11","action":"CompareDataConsistency result: ", "result":"Compare result: Collection is consistent. local entities count is: 0 local entities hash is: "}
{"logTime": "0425/194954", "correlationVector":"c2FFZLGbLiigEomHtdacFd.12","action":"CompareDataConsistency result: ", "result":"Compare result: Edge E Drop is consistent. local entities count is: 0 local entities hash is: "}
{"logTime": "0425/194954", "correlationVector":"c2FFZLGbLiigEomHtdacFd.13","action":"CompareDataConsistency result: ", "result":"Compare result: Edge Wallet is consistent. local entities count is: 0 local entities hash is: "}
{"logTime": "0425/194954", "correlationVector":"c2FFZLGbLiigEomHtdacFd.14","action":"CompareDataConsistency result: ", "result":"Server did not send this Edge Workspace local entities count is: 0 local entities hash is: "}
{"logTime": "0425/194954", "correlationVector":"c2FFZLGbLiigEomHtdacFd.15","action":"SyncServerConnectionManagerRequest", "result":"SYNC_SERVER_ERROR", "context":{"environment":"", "error_type":"http_status_code", "error_value":"400", "migrationStage":"", "server":""}}
{"logTime": "0425/194954", "correlationVector":"","action":"DIAGNOSTIC_REQUEST|v1/diagnosticData/Diagnostic.SendCheckResult()|SUCCESS", "result":""}
{"logTime": "0425/195000", "correlationVector":"CiGCEFkC49gOJchv77F9GX","action":"Normal GetUpdate request", "result":"", "context":cV=CiGCEFkC49gOJchv77F9GX
Refresh requested types: Encryption Keys}
{"logTime": "0425/195000", "correlationVector":"CiGCEFkC49gOJchv77F9GX.1","action":"SyncServerConnectionManagerRequest", "result":"SYNC_SERVER_OK", "context":{"environment":"Prod_westus2_prod-s01-035-nam-westus2", "migrationStage":"NotStarted", "server":"akswtt113000008"}}
{"logTime": "0425/195000", "correlationVector":"CiGCEFkC49gOJchv77F9GX.2","action":"GetUpdates Response", "result":"Success", "context":Received 0 update(s). cV=CiGCEFkC49gOJchv77F9GX.0;server=akswtt113000008;cloudType=Consumer;environment=Prod_westus2_prod-s01-035-nam-westus2;migrationStage=NotStarted}
{"logTime": "0425/195000", "correlationVector":"x86u/p+GxsVMqJFK6ISety","action":"SyncServerConnectionManagerRequest", "result":"SYNC_SERVER_ERROR", "context":{"environment":"", "error_type":"http_status_code", "error_value":"400", "migrationStage":"", "server":""}}
{"logTime": "0425/195016", "correlationVector":"Q1SryRScCdPKIW30DwaiBz","action":"Normal GetUpdate request", "result":"", "context":cV=Q1SryRScCdPKIW30DwaiBz
Nudged types: Sessions, History
Refresh requested types: Encryption Keys}
{"logTime": "0425/195016", "correlationVector":"Q1SryRScCdPKIW30DwaiBz.1","action":"SyncServerConnectionManagerRequest", "result":"SYNC_SERVER_OK", "context":{"environment":"Prod_westus2_prod-s01-035-nam-westus2", "migrationStage":"NotStarted", "server":"akswtt11300000u"}}
{"logTime": "0425/195016", "correlationVector":"Q1SryRScCdPKIW30DwaiBz.2","action":"GetUpdates Response", "result":"Success", "context":Received 0 update(s). cV=Q1SryRScCdPKIW30DwaiBz.0;server=akswtt11300000u;cloudType=Consumer;environment=Prod_westus2_prod-s01-035-nam-westus2;migrationStage=NotStarted}
{"logTime": "0425/195016", "correlationVector":"z7wBZodt30ClzwPGoxcwza","action":"Commit Request", "result":"", "context":Item count: 3
Contributing types: Sessions, History}
{"logTime": "0425/195017", "correlationVector":"z7wBZodt30ClzwPGoxcwza.1","action":"SyncServerConnectionManagerRequest", "result":"SYNC_SERVER_OK", "context":{"environment":"Prod_westus2_prod-s01-035-nam-westus2", "migrationStage":"NotStarted", "server":"akswtt11300000g"}}
{"logTime": "0425/195017", "correlationVector":"z7wBZodt30ClzwPGoxcwza.2","action":"Commit Response", "result":"Success", "context":Result: Success. cV=z7wBZodt30ClzwPGoxcwza.0;server=akswtt11300000g;cloudType=Consumer;environment=Prod_westus2_prod-s01-035-nam-westus2;migrationStage=NotStarted}
{"logTime": "0425/195017", "correlationVector":"cFPh9vs6wx/vm3G3KUJI3P","action":"SyncServerConnectionManagerRequest", "result":"SYNC_SERVER_ERROR", "context":{"environment":"", "error_type":"http_status_code", "error_value":"400", "migrationStage":"", "server":""}}
{"logTime": "0425/195018", "correlationVector":"/aNvh5+oRzFEs9eJi5RYCu","action":"Normal GetUpdate request", "result":"", "context":cV=/aNvh5+oRzFEs9eJi5RYCu
Nudged types: Sessions, History
Notified types: History}
{"logTime": "0425/195018", "correlationVector":"/aNvh5+oRzFEs9eJi5RYCu.1","action":"SyncServerConnectionManagerRequest", "result":"SYNC_SERVER_OK", "context":{"environment":"Prod_westus2_prod-s01-035-nam-westus2", "migrationStage":"NotStarted", "server":"akswtt11300000u"}}
{"logTime": "0425/195018", "correlationVector":"/aNvh5+oRzFEs9eJi5RYCu.2","action":"ProcessGetUpdates", "result":"Done", "context":{"dataType":"Sessions", "deleted":"0", "process_failed_to_decrypt":"0", "process_pending_decryption":"0", "process_success":"2", "total":"2"}}
{"logTime": "0425/195018", "correlationVector":"/aNvh5+oRzFEs9eJi5RYCu.3","action":"ProcessGetUpdates", "result":"Done", "context":{"dataType":"History", "deleted":"0", "process_failed_to_decrypt":"0", "process_pending_decryption":"0", "process_success":"5", "total":"5"}}
{"logTime": "0425/195018", "correlationVector":"/aNvh5+oRzFEs9eJi5RYCu.4","action":"GetUpdates Response", "result":"Success", "context":Received 7 update(s). cV=/aNvh5+oRzFEs9eJi5RYCu.0;server=akswtt11300000u;cloudType=Consumer;environment=Prod_westus2_prod-s01-035-nam-westus2;migrationStage=NotStarted}
{"logTime": "0425/195018", "correlationVector":"7s/j7iklST8y51aBAfHjum","action":"SyncServerConnectionManagerRequest", "result":"SYNC_SERVER_ERROR", "context":{"environment":"", "error_type":"http_status_code", "error_value":"400", "migrationStage":"", "server":""}}
{"logTime": "0425/195050", "correlationVector":"68bmz4kKwwmaEVMsF7fcxX","action":"Normal GetUpdate request", "result":"", "context":cV=68bmz4kKwwmaEVMsF7fcxX
Refresh requested types: Encryption Keys}
{"logTime": "0425/195050", "correlationVector":"68bmz4kKwwmaEVMsF7fcxX.1","action":"SyncServerConnectionManagerRequest", "result":"SYNC_SERVER_OK", "context":{"environment":"Prod_westus2_prod-s01-035-nam-westus2", "migrationStage":"NotStarted", "server":"akswtt11300000g"}}
{"logTime": "0425/195050", "correlationVector":"68bmz4kKwwmaEVMsF7fcxX.2","action":"GetUpdates Response", "result":"Success", "context":Received 0 update(s). cV=68bmz4kKwwmaEVMsF7fcxX.0;server=akswtt11300000g;cloudType=Consumer;environment=Prod_westus2_prod-s01-035-nam-westus2;migrationStage=NotStarted}
{"logTime": "0425/195050", "correlationVector":"eeaqjz2rXRIIhiK8Kx68kL","action":"SyncServerConnectionManagerRequest", "result":"SYNC_SERVER_OK", "context":{"environment":"", "migrationStage":"", "server":""}}
{"logTime": "0425/195050", "correlationVector":"eeaqjz2rXRIIhiK8Kx68kL.0","action":"EncryptionKeysFetcher.DownloadKeys:", "result":"Success", "context":Key count: 5, Last key timestamp: 2026-04-18T03:48:13Z}
{"logTime": "0425/195050", "correlationVector":"eeaqjz2rXRIIhiK8Kx68kL.1","action":"EncryptionKeysManager::SetEncryptionKeys:", "result":"Success", "context":Key names[5]:[lBLlivP0tL7DaZCLOxY0Ms4GCmsztTwaiZZnWuhIrvxf62WQbQQOrEOZFqDAc6XX8sNCG3UdMSQXoQPb7570QQ==][lVznK7+X4kMFXxOXBoPhpSbjH3WghWADowbo4a72vMU6iWo8i79nPTR5N+6F83VtFpBywxdhc0xV21a2Jm/A6g==][Rkjhz4tCaGQHbFM9iina6dfubiNJH3/8Nb0P3dtJ1SeLsFRspz/UbUDes0Q9ENkkHUncnfUvSXI6M+uJbc+N9w==][qNbI0n6v/hh0ojvUbrBt2zg5a/wjTFo4ReIKDxAcek9QLy5Lb4ncifiaiqLrQxn4dHE7159KCWd7txz5PXG7pA==][EQnJNat9nLGhQ3sWluAQbvJNaL11ABTMNp2x6WBZFViiXC6pyhYenoSQCzCxCCt+LnXbXP/vleqfYDQYpxNb5A==]}
{"logTime": "0425/195050", "correlationVector":"eeaqjz2rXRIIhiK8Kx68kL.2","action":"EncryptionKeysManager::SetEncryptionKeysWithTimestamps:", "result":"Success", "context":Key timestamps[5]:[2024-04-18T22:10:58Z][2024-10-16T20:23:03Z][2025-04-14T23:12:43Z][2025-10-14T00:38:14Z][2026-04-18T03:48:13Z]}
{"logTime": "0425/195050", "correlationVector":"Tt897lPNKd+L6/ns56pr2V","action":"Initial GetUpdates", "result":"", "context":Reason: NEWLY_SUPPORTED_DATATYPE. cV=Tt897lPNKd+L6/ns56pr2V}
{"logTime": "0425/195050", "correlationVector":"Tt897lPNKd+L6/ns56pr2V.1","action":"SyncServerConnectionManagerRequest", "result":"SYNC_SERVER_OK", "context":{"environment":"Prod_westus2_prod-s01-035-nam-westus2", "migrationStage":"NotStarted", "server":"akswtt11300000f"}}
{"logTime": "0425/195050", "correlationVector":"Tt897lPNKd+L6/ns56pr2V.2","action":"ProcessGetUpdates", "result":"Done", "context":{"dataType":"Passwords", "deleted":"0", "process_failed_to_decrypt":"0", "process_pending_decryption":"0", "process_success":"52", "total":"52"}}
{"logTime": "0425/195050", "correlationVector":"Tt897lPNKd+L6/ns56pr2V.3","action":"GetUpdates Response", "result":"Success", "context":Received 52 update(s). cV=Tt897lPNKd+L6/ns56pr2V.0;server=akswtt11300000f;cloudType=Consumer;environment=Prod_westus2_prod-s01-035-nam-westus2;migrationStage=NotStarted}
{"logTime": "0425/195050", "correlationVector":"6/HISR0JK38LUWMJfqNKxf","action":"Initial GetUpdates", "result":"", "context":Reason: NEWLY_SUPPORTED_DATATYPE. cV=6/HISR0JK38LUWMJfqNKxf}
{"logTime": "0425/195051", "correlationVector":"6/HISR0JK38LUWMJfqNKxf.1","action":"SyncServerConnectionManagerRequest", "result":"SYNC_SERVER_OK", "context":{"environment":"Prod_westus2_prod-s01-035-nam-westus2", "migrationStage":"NotStarted", "server":"akswtt11300000g"}}
{"logTime": "0425/195051", "correlationVector":"6/HISR0JK38LUWMJfqNKxf.2","action":"ProcessGetUpdates", "result":"Done", "context":{"dataType":"Autofill Profiles", "deleted":"0", "process_failed_to_decrypt":"0", "process_pending_decryption":"0", "process_success":"10", "total":"10"}}
{"logTime": "0425/195051", "correlationVector":"6/HISR0JK38LUWMJfqNKxf.3","action":"ProcessGetUpdates", "result":"Done", "context":{"dataType":"Autofill", "deleted":"0", "process_failed_to_decrypt":"0", "process_pending_decryption":"0", "process_success":"240", "total":"240"}}
{"logTime": "0425/195051", "correlationVector":"6/HISR0JK38LUWMJfqNKxf.4","action":"GetUpdates Response", "result":"Success", "context":Received 250 update(s). cV=6/HISR0JK38LUWMJfqNKxf.0;server=akswtt11300000g;cloudType=Consumer;environment=Prod_westus2_prod-s01-035-nam-westus2;migrationStage=NotStarted Some updates remain.}
{"logTime": "0425/195051", "correlationVector":"53T/MJs1emev0HGXczLBWI","action":"Initial GetUpdates", "result":"", "context":Reason: NEWLY_SUPPORTED_DATATYPE. cV=53T/MJs1emev0HGXczLBWI}
{"logTime": "0425/195051", "correlationVector":"53T/MJs1emev0HGXczLBWI.1","action":"SyncServerConnectionManagerRequest", "result":"SYNC_SERVER_OK", "context":{"environment":"Prod_westus2_prod-s01-035-nam-westus2", "migrationStage":"NotStarted", "server":"akswtt113000008"}}
{"logTime": "0425/195051", "correlationVector":"53T/MJs1emev0HGXczLBWI.2","action":"ProcessGetUpdates", "result":"Done", "context":{"dataType":"Autofill", "deleted":"0", "process_failed_to_decrypt":"0", "process_pending_decryption":"0", "process_success":"250", "total":"250"}}
{"logTime": "0425/195051", "correlationVector":"53T/MJs1emev0HGXczLBWI.3","action":"GetUpdates Response", "result":"Success", "context":Received 250 update(s). cV=53T/MJs1emev0HGXczLBWI.0;server=akswtt113000008;cloudType=Consumer;environment=Prod_westus2_prod-s01-035-nam-westus2;migrationStage=NotStarted Some updates remain.}
{"logTime": "0425/195051", "correlationVector":"U6qYgR4tNeDDzm89VURaUF","action":"Initial GetUpdates", "result":"", "context":Reason: NEWLY_SUPPORTED_DATATYPE. cV=U6qYgR4tNeDDzm89VURaUF}
{"logTime": "0425/195051", "correlationVector":"U6qYgR4tNeDDzm89VURaUF.1","action":"SyncServerConnectionManagerRequest", "result":"SYNC_SERVER_OK", "context":{"environment":"Prod_westus2_prod-s01-035-nam-westus2", "migrationStage":"NotStarted", "server":"akswtt11300000t"}}
{"logTime": "0425/195051", "correlationVector":"U6qYgR4tNeDDzm89VURaUF.2","action":"ProcessGetUpdates", "result":"Done", "context":{"dataType":"Autofill Profiles", "deleted":"0", "process_failed_to_decrypt":"0", "process_pending_decryption":"0", "process_success":"3", "total":"3"}}
{"logTime": "0425/195051", "correlationVector":"U6qYgR4tNeDDzm89VURaUF.3","action":"ProcessGetUpdates", "result":"Done", "context":{"dataType":"Autofill", "deleted":"0", "process_failed_to_decrypt":"0", "process_pending_decryption":"0", "process_success":"247", "total":"247"}}
{"logTime": "0425/195051", "correlationVector":"U6qYgR4tNeDDzm89VURaUF.4","action":"GetUpdates Response", "result":"Success", "context":Received 250 update(s). cV=U6qYgR4tNeDDzm89VURaUF.0;server=akswtt11300000t;cloudType=Consumer;environment=Prod_westus2_prod-s01-035-nam-westus2;migrationStage=NotStarted Some updates remain.}
{"logTime": "0425/195051", "correlationVector":"Lp9OWiQezNmz6//6hZn6ez","action":"Initial GetUpdates", "result":"", "context":Reason: NEWLY_SUPPORTED_DATATYPE. cV=Lp9OWiQezNmz6//6hZn6ez}
{"logTime": "0425/195052", "correlationVector":"Lp9OWiQezNmz6//6hZn6ez.1","action":"SyncServerConnectionManagerRequest", "result":"SYNC_SERVER_OK", "context":{"environment":"Prod_westus2_prod-s01-035-nam-westus2", "migrationStage":"NotStarted", "server":"akswtt113000008"}}
{"logTime": "0425/195052", "correlationVector":"Lp9OWiQezNmz6//6hZn6ez.2","action":"ProcessGetUpdates", "result":"Done", "context":{"dataType":"Autofill", "deleted":"0", "process_failed_to_decrypt":"0", "process_pending_decryption":"0", "process_success":"12", "total":"12"}}
{"logTime": "0425/195052", "correlationVector":"Lp9OWiQezNmz6//6hZn6ez.3","action":"GetUpdates Response", "result":"Success", "context":Received 12 update(s). cV=Lp9OWiQezNmz6//6hZn6ez.0;server=akswtt113000008;cloudType=Consumer;environment=Prod_westus2_prod-s01-035-nam-westus2;migrationStage=NotStarted}
{"logTime": "0425/195052", "correlationVector":"XkQZZ+o2dTJAwSwFZLh24x","action":"Normal GetUpdate request", "result":"", "context":cV=XkQZZ+o2dTJAwSwFZLh24x
Refresh requested types: Bookmarks, Preferences, Passwords, Autofill Profiles, Autofill, Extensions, Sessions, Extension settings, History Delete Directives, Device Info, User Consents, Send Tab To Self, Web Apps, History, Saved Tab Group, WebAuthn Credentials, Collection, Edge E Drop, Edge Hub App Usage, Edge Wallet, Edge Workspace, Encryption Keys}
{"logTime": "0425/195052", "correlationVector":"XkQZZ+o2dTJAwSwFZLh24x.1","action":"SyncServerConnectionManagerRequest", "result":"SYNC_SERVER_OK", "context":{"environment":"Prod_westus2_prod-s01-035-nam-westus2", "migrationStage":"NotStarted", "server":"akswtt11300000u"}}
{"logTime": "0425/195052", "correlationVector":"XkQZZ+o2dTJAwSwFZLh24x.2","action":"GetUpdates Response", "result":"Success", "context":Received 0 update(s). cV=XkQZZ+o2dTJAwSwFZLh24x.0;server=akswtt11300000u;cloudType=Consumer;environment=Prod_westus2_prod-s01-035-nam-westus2;migrationStage=NotStarted}
