2026-04-25 19:49:41.592: [INFO][Sync] Reset engine, reason: 8
2026-04-25 19:49:41.592: [INFO][Sync] Stopped: Bookmarks
2026-04-25 19:49:41.592: [INFO][Sync] Stopped: Preferences
2026-04-25 19:49:41.592: [INFO][Sync] Stopped: Passwords
2026-04-25 19:49:41.592: [INFO][Sync] Stopped: Autofill Profiles
2026-04-25 19:49:41.592: [INFO][Sync] Stopped: Autofill
2026-04-25 19:49:41.592: [INFO][Sync] Stopped: Extensions
2026-04-25 19:49:41.592: [INFO][Sync] Stopped: Sessions
2026-04-25 19:49:41.592: [INFO][Sync] Stopped: Extension settings
2026-04-25 19:49:41.592: [INFO][Sync] Stopped: History Delete Directives
2026-04-25 19:49:41.592: [INFO][Sync] Stopped: Device Info
2026-04-25 19:49:41.592: [INFO][Sync] Stopped: User Consents
2026-04-25 19:49:41.592: [INFO][Sync] Stopped: Send Tab To Self
2026-04-25 19:49:41.592: [INFO][Sync] Stopped: Web Apps
2026-04-25 19:49:41.592: [INFO][Sync] Stopped: History
2026-04-25 19:49:41.592: [INFO][Sync] Stopped: Saved Tab Group
2026-04-25 19:49:41.592: [INFO][Sync] Stopped: WebAuthn Credentials
2026-04-25 19:49:41.592: [INFO][Sync] Stopped: Collection
2026-04-25 19:49:41.592: [INFO][Sync] Stopped: Edge E Drop
2026-04-25 19:49:41.592: [INFO][Sync] Stopped: Edge Hub App Usage
2026-04-25 19:49:41.592: [INFO][Sync] Stopped: Edge Wallet
2026-04-25 19:49:41.592: [INFO][Sync] Stopped: Edge Workspace
2026-04-25 19:49:41.592: [INFO][Sync] SyncState after authenticated was: NotSignedIn
2026-04-25 19:49:41.716: [INFO][Sync] Reset engine, reason: 8
2026-04-25 19:49:41.716: [INFO][Sync] Stopped: Bookmarks
2026-04-25 19:49:41.716: [INFO][Sync] Stopped: Preferences
2026-04-25 19:49:41.716: [INFO][Sync] Stopped: Passwords
2026-04-25 19:49:41.716: [INFO][Sync] Stopped: Autofill Profiles
2026-04-25 19:49:41.716: [INFO][Sync] Stopped: Autofill
2026-04-25 19:49:41.716: [INFO][Sync] Stopped: Extensions
2026-04-25 19:49:41.716: [INFO][Sync] Stopped: Sessions
2026-04-25 19:49:41.716: [INFO][Sync] Stopped: Extension settings
2026-04-25 19:49:41.716: [INFO][Sync] Stopped: History Delete Directives
2026-04-25 19:49:41.716: [INFO][Sync] Stopped: Device Info
2026-04-25 19:49:41.716: [INFO][Sync] Stopped: User Consents
2026-04-25 19:49:41.716: [INFO][Sync] Stopped: Send Tab To Self
2026-04-25 19:49:41.716: [INFO][Sync] Stopped: Web Apps
2026-04-25 19:49:41.716: [INFO][Sync] Stopped: History
2026-04-25 19:49:41.716: [INFO][Sync] Stopped: Saved Tab Group
2026-04-25 19:49:41.716: [INFO][Sync] Stopped: WebAuthn Credentials
2026-04-25 19:49:41.716: [INFO][Sync] Stopped: Collection
2026-04-25 19:49:41.716: [INFO][Sync] Stopped: Edge E Drop
2026-04-25 19:49:41.716: [INFO][Sync] Stopped: Edge Hub App Usage
2026-04-25 19:49:41.716: [INFO][Sync] Stopped: Edge Wallet
2026-04-25 19:49:41.716: [INFO][Sync] Stopped: Edge Workspace
2026-04-25 19:49:44.367: [INFO][Sync] Try to start sync engine
2026-04-25 19:49:44.368: [INFO][SyncManagerImpl::NudgeForInitialDownload] Initial download nudge for Encryption Keys
2026-04-25 19:49:44.368: [INFO][SyncEngineBackend::LoadAndConnectNigoriController] Load and connect Nigori controller
2026-04-25 19:49:44.368: [INFO][SyncEngineBackend::DoInitialize] Control Types added: Encryption Keys
2026-04-25 19:49:44.368: [INFO][SyncManagerImpl::ConfigureSyncer] Types to download: Encryption Keys with reason: 3
2026-04-25 19:49:44.368: [INFO][SyncSchedulerImpl::DoConfigurationSyncCycleJob] Configure job was blocked
2026-04-25 19:49:44.378: [INFO][SyncAuthManager::SetLastAuthError] Current auth error: None
2026-04-25 19:49:44.378: [INFO][SyncAuthManager::EdgeLogTokenErrorState] Token error with: None for account type: MSA
2026-04-25 19:49:44.378: [INFO][Sync] Credentials changed for: EdgeSyncScopeNew
2026-04-25 19:49:44.399: [INFO][SyncAuthManager::SetLastAuthError] Current auth error: None
2026-04-25 19:49:44.399: [INFO][SyncAuthManager::EdgeLogTokenErrorState] Token error with: None for account type: MSA
2026-04-25 19:49:44.399: [INFO][Sync] Credentials changed for: EdgeSyncKeyDataScope
2026-04-25 19:49:44.399: [INFO][SyncEngineBackend::DoUpdateKeyDataCredentials] Update key data credentials
2026-04-25 19:49:44.399: [INFO][SyncEngineBackend::DoUpdateCredentials] Update credentials
2026-04-25 19:49:44.399: [INFO][SyncSchedulerImpl::DoConfigurationSyncCycleJob] Blocked types:  and types to download: Encryption Keys
2026-04-25 19:49:44.559: [INFO][Sync] Started DataTypeManager configuration, reason: 4
2026-04-25 19:49:44.559: [INFO][Sync] Configuring for: Bookmarks, Preferences, Passwords, Autofill Profiles, Autofill, Extensions, Sessions, Extension settings, History Delete Directives, Device Info, User Consents, Send Tab To Self, Web Apps, History, Saved Tab Group, WebAuthn Credentials, Collection, Edge E Drop, Edge Hub App Usage, Edge Wallet, Edge Workspace, Encryption Keys, reason: 3, current state: 0
2026-04-25 19:49:44.559: [WARN][Sync] Crypto error data types: Passwords, Autofill Profiles, Autofill
2026-04-25 19:49:44.561: [INFO][Sync] Configure, desired: Bookmarks, Preferences, Extensions, Sessions, Extension settings, History Delete Directives, Device Info, User Consents, Send Tab To Self, Web Apps, History, Saved Tab Group, WebAuthn Credentials, Collection, Edge E Drop, Edge Hub App Usage, Edge Wallet, Edge Workspace, Encryption Keys; Allow fail: Passwords, Autofill Profiles, Autofill
2026-04-25 19:49:44.561: [INFO][Sync] Loading: Bookmarks
2026-04-25 19:49:44.561: [INFO][Sync] Loading: Preferences
2026-04-25 19:49:44.561: [INFO][Sync] Loading: Extensions
2026-04-25 19:49:44.561: [INFO][Sync] Loading: Sessions
2026-04-25 19:49:44.561: [INFO][Sync] Loading: Extension settings
2026-04-25 19:49:44.561: [INFO][Sync] Loading: History Delete Directives
2026-04-25 19:49:44.561: [INFO][Sync] Loading: Device Info
2026-04-25 19:49:44.561: [INFO][Sync] Loading: User Consents
2026-04-25 19:49:44.561: [INFO][Sync] Loading: Send Tab To Self
2026-04-25 19:49:44.561: [INFO][Sync] Loading: Web Apps
2026-04-25 19:49:44.561: [INFO][Sync] Loading: History
2026-04-25 19:49:44.561: [INFO][Sync] Loading: Saved Tab Group
2026-04-25 19:49:44.561: [INFO][Sync] Loading: WebAuthn Credentials
2026-04-25 19:49:44.561: [INFO][Sync] Loading: Collection
2026-04-25 19:49:44.561: [INFO][Sync] Loading: Edge E Drop
2026-04-25 19:49:44.561: [INFO][Sync] Loading: Edge Hub App Usage
2026-04-25 19:49:44.561: [INFO][Sync] Loading: Edge Wallet
2026-04-25 19:49:44.561: [INFO][Sync] Loading: Edge Workspace
2026-04-25 19:49:44.566: [INFO][Sync] All data types are ready for configure.
2026-04-25 19:49:44.908: [INFO][Sync] Connection status changed to: 2
2026-04-25 19:49:44.908: [INFO][SyncEngineBackend::DoStartConfiguration] Start configuration
2026-04-25 19:49:44.908: [INFO][SyncManagerImpl::NudgeForInitialDownload] Initial download nudge for Bookmarks
2026-04-25 19:49:44.908: [INFO][SyncManagerImpl::NudgeForInitialDownload] Initial download nudge for Preferences
2026-04-25 19:49:44.908: [INFO][SyncManagerImpl::NudgeForInitialDownload] Initial download nudge for Extensions
2026-04-25 19:49:44.908: [INFO][SyncManagerImpl::NudgeForInitialDownload] Initial download nudge for Sessions
2026-04-25 19:49:44.909: [INFO][SyncManagerImpl::NudgeForInitialDownload] Initial download nudge for Extension settings
2026-04-25 19:49:44.909: [INFO][SyncManagerImpl::NudgeForInitialDownload] Initial download nudge for History Delete Directives
2026-04-25 19:49:44.909: [INFO][SyncManagerImpl::NudgeForInitialDownload] Initial download nudge for Device Info
2026-04-25 19:49:44.909: [INFO][SyncManagerImpl::NudgeForInitialDownload] Initial download nudge for Send Tab To Self
2026-04-25 19:49:44.909: [INFO][SyncManagerImpl::NudgeForInitialDownload] Initial download nudge for Web Apps
2026-04-25 19:49:44.909: [INFO][SyncManagerImpl::NudgeForInitialDownload] Initial download nudge for History
2026-04-25 19:49:44.909: [INFO][SyncManagerImpl::NudgeForInitialDownload] Initial download nudge for Saved Tab Group
2026-04-25 19:49:44.909: [INFO][SyncManagerImpl::NudgeForInitialDownload] Initial download nudge for WebAuthn Credentials
2026-04-25 19:49:44.909: [INFO][SyncManagerImpl::NudgeForInitialDownload] Initial download nudge for Collection
2026-04-25 19:49:44.909: [INFO][SyncManagerImpl::NudgeForInitialDownload] Initial download nudge for Edge E Drop
2026-04-25 19:49:44.909: [INFO][SyncManagerImpl::NudgeForInitialDownload] Initial download nudge for Edge Hub App Usage
2026-04-25 19:49:44.909: [INFO][SyncManagerImpl::NudgeForInitialDownload] Initial download nudge for Edge Wallet
2026-04-25 19:49:44.909: [INFO][SyncManagerImpl::NudgeForInitialDownload] Initial download nudge for Edge Workspace
2026-04-25 19:49:44.909: [INFO][SyncManagerImpl::ConfigureSyncer] Types to download:  with reason: 3
2026-04-25 19:49:44.909: [INFO][SyncEngineBackend::DoFinishConfigureDataTypes] Failed to download types:  and succeeded types: 
2026-04-25 19:49:44.911: [INFO][Sync] ConfigurationDone, failed: , succeeded: , remaining count: 4
2026-04-25 19:49:44.911: [INFO][Sync] Prepare to configure types: Preferences, Device Info, Send Tab To Self, Edge E Drop, Encryption Keys
2026-04-25 19:49:44.911: [INFO][SyncManagerImpl::ConfigureSyncer] Types to download: Preferences, Device Info, Send Tab To Self, Edge E Drop, Encryption Keys with reason: 3
2026-04-25 19:49:44.911: [INFO][SyncSchedulerImpl::DoConfigurationSyncCycleJob] Blocked types:  and types to download: Preferences, Device Info, Send Tab To Self, Edge E Drop, Encryption Keys
2026-04-25 19:49:44.965: [INFO][SyncAuthManager::SetLastAuthError] Current auth error: None
2026-04-25 19:49:44.965: [INFO][SyncAuthManager::EdgeLogTokenErrorState] Token error with: None for account type: MSA
2026-04-25 19:49:44.965: [INFO][Sync] Credentials changed for: EdgeSyncKeyDataScope
2026-04-25 19:49:45.107: [INFO][SyncEngineBackend::DoFinishConfigureDataTypes] Failed to download types:  and succeeded types: Preferences, Device Info, Send Tab To Self, Edge E Drop, Encryption Keys
2026-04-25 19:49:45.112: [INFO][Sync] ConfigurationDone, failed: , succeeded: Preferences, Device Info, Send Tab To Self, Edge E Drop, Encryption Keys, remaining count: 3
2026-04-25 19:49:45.112: [INFO][Sync] Prepare to configure types: Bookmarks, Encryption Keys
2026-04-25 19:49:45.235: [INFO][SyncEngineBackend::DoUpdateKeyDataCredentials] Update key data credentials
2026-04-25 19:49:45.235: [INFO][Sync] Connection status changed to: 2
2026-04-25 19:49:45.235: [INFO][SyncManagerImpl::ConfigureSyncer] Types to download: Bookmarks, Encryption Keys with reason: 3
2026-04-25 19:49:45.235: [INFO][SyncSchedulerImpl::DoConfigurationSyncCycleJob] Blocked types:  and types to download: Bookmarks, Encryption Keys
2026-04-25 19:49:45.358: [INFO][SyncEngineBackend::DoFinishConfigureDataTypes] Failed to download types:  and succeeded types: Bookmarks, Encryption Keys
2026-04-25 19:49:45.362: [INFO][Sync] ConfigurationDone, failed: , succeeded: Bookmarks, Encryption Keys, remaining count: 2
2026-04-25 19:49:45.362: [INFO][Sync] Prepare to configure types: Extensions, Sessions, Extension settings, History Delete Directives, Web Apps, Saved Tab Group, WebAuthn Credentials, Collection, Edge Hub App Usage, Edge Wallet, Edge Workspace, Encryption Keys
2026-04-25 19:49:45.467: [INFO][SyncManagerImpl::ConfigureSyncer] Types to download: Extensions, Sessions, Extension settings, History Delete Directives, Web Apps, Saved Tab Group, WebAuthn Credentials, Collection, Edge Hub App Usage, Edge Wallet, Edge Workspace, Encryption Keys with reason: 3
2026-04-25 19:49:45.467: [INFO][Sync] Connection status changed to: 2
2026-04-25 19:49:45.467: [INFO][SyncSchedulerImpl::DoConfigurationSyncCycleJob] Blocked types:  and types to download: Extensions, Sessions, Extension settings, History Delete Directives, Web Apps, Saved Tab Group, WebAuthn Credentials, Collection, Edge Hub App Usage, Edge Wallet, Edge Workspace, Encryption Keys
2026-04-25 19:49:45.784: [INFO][SyncAuthManager::SetLastAuthError] Current auth error: None
2026-04-25 19:49:45.784: [INFO][SyncAuthManager::EdgeLogTokenErrorState] Token error with: None for account type: MSA
2026-04-25 19:49:45.784: [INFO][Sync] Credentials changed for: EdgeSyncScopeNew
2026-04-25 19:49:47.031: [INFO][SyncEngineBackend::DoFinishConfigureDataTypes] Failed to download types:  and succeeded types: Extensions, Sessions, Extension settings, History Delete Directives, Web Apps, Saved Tab Group, WebAuthn Credentials, Collection, Edge Hub App Usage, Edge Wallet, Edge Workspace, Encryption Keys
2026-04-25 19:49:47.032: [INFO][Sync] ConfigurationDone, failed: , succeeded: Extensions, Sessions, Extension settings, History Delete Directives, Web Apps, Saved Tab Group, WebAuthn Credentials, Collection, Edge Hub App Usage, Edge Wallet, Edge Workspace, Encryption Keys, remaining count: 1
2026-04-25 19:49:47.033: [INFO][Sync] Prepare to configure types: History, Encryption Keys
2026-04-25 19:49:47.147: [INFO][SyncAuthManager::SetLastAuthError] Current auth error: None
2026-04-25 19:49:47.147: [INFO][SyncAuthManager::EdgeLogTokenErrorState] Token error with: None for account type: MSA
2026-04-25 19:49:47.147: [INFO][Sync] Credentials changed for: EdgeSyncKeyDataScope
2026-04-25 19:49:47.166: [INFO][Sync] Connection status changed to: 2
2026-04-25 19:49:47.166: [INFO][SyncManagerImpl::ConfigureSyncer] Types to download: History, Encryption Keys with reason: 3
2026-04-25 19:49:47.166: [INFO][SyncEngineBackend::DoUpdateKeyDataCredentials] Update key data credentials
2026-04-25 19:49:47.166: [INFO][SyncEngineBackend::DoUpdateCredentials] Update credentials
2026-04-25 19:49:47.166: [INFO][SyncSchedulerImpl::DoConfigurationSyncCycleJob] Blocked types:  and types to download: History, Encryption Keys
2026-04-25 19:49:49.023: [INFO][SyncAuthManager::SetLastAuthError] Current auth error: None
2026-04-25 19:49:49.023: [INFO][SyncAuthManager::EdgeLogTokenErrorState] Token error with: None for account type: MSA
2026-04-25 19:49:49.023: [INFO][Sync] Credentials changed for: EdgeSyncScopeNew
2026-04-25 19:49:50.763: [INFO][SyncAuthManager::SetLastAuthError] Current auth error: None
2026-04-25 19:49:50.763: [INFO][SyncAuthManager::EdgeLogTokenErrorState] Token error with: None for account type: MSA
2026-04-25 19:49:50.763: [INFO][Sync] Credentials changed for: EdgeSyncKeyDataScope
2026-04-25 19:49:51.971: [INFO][SyncEngineBackend::DoFinishConfigureDataTypes] Failed to download types:  and succeeded types: History, Encryption Keys
2026-04-25 19:49:51.973: [INFO][Sync] ConfigurationDone, failed: , succeeded: History, Encryption Keys, remaining count: 0
2026-04-25 19:49:51.974: [INFO][Sync]     Configuration completed, state: 3
2026-04-25 19:49:51.974: [INFO][Sync] Configured DataTypeManager: Ok
2026-04-25 19:49:52.166: [INFO][Sync] Connection status changed to: 2
2026-04-25 19:49:52.166: [INFO][SyncEngineBackend::DoUpdateKeyDataCredentials] Update key data credentials
2026-04-25 19:49:52.166: [INFO][SyncEngineBackend::DoUpdateCredentials] Update credentials
2026-04-25 19:49:52.166: [INFO][SyncEngineBackend::DoStartSyncing] Start syncing
2026-04-25 19:49:52.930: [INFO][Sync] Connection status changed to: 2
2026-04-25 19:49:54.520: [INFO][Sync] Connection status changed to: 2
2026-04-25 19:49:55.715: [INFO][SyncAuthManager::SetLastAuthError] Current auth error: None
2026-04-25 19:49:55.715: [INFO][SyncAuthManager::EdgeLogTokenErrorState] Token error with: None for account type: MSA
2026-04-25 19:49:55.715: [INFO][Sync] Credentials changed for: EdgeSyncScopeNew
2026-04-25 19:50:00.103: [INFO][SyncAuthManager::SetLastAuthError] Current auth error: None
2026-04-25 19:50:00.103: [INFO][SyncAuthManager::EdgeLogTokenErrorState] Token error with: None for account type: MSA
2026-04-25 19:50:00.103: [INFO][Sync] Credentials changed for: EdgeSyncKeyDataScope
2026-04-25 19:50:00.103: [INFO][SyncEngineBackend::DoUpdateKeyDataCredentials] Update key data credentials
2026-04-25 19:50:00.103: [INFO][SyncEngineBackend::DoUpdateCredentials] Update credentials
2026-04-25 19:50:00.836: [INFO][Sync] Connection status changed to: 2
2026-04-25 19:50:08.365: [INFO][SyncAuthManager::SetLastAuthError] Current auth error: None
2026-04-25 19:50:08.365: [INFO][SyncAuthManager::EdgeLogTokenErrorState] Token error with: None for account type: MSA
2026-04-25 19:50:08.365: [INFO][Sync] Credentials changed for: EdgeSyncScopeNew
2026-04-25 19:50:16.334: [INFO][SyncAuthManager::SetLastAuthError] Current auth error: None
2026-04-25 19:50:16.334: [INFO][SyncAuthManager::EdgeLogTokenErrorState] Token error with: None for account type: MSA
2026-04-25 19:50:16.334: [INFO][Sync] Credentials changed for: EdgeSyncKeyDataScope
2026-04-25 19:50:16.334: [INFO][SyncEngineBackend::DoUpdateKeyDataCredentials] Update key data credentials
2026-04-25 19:50:16.334: [INFO][SyncEngineBackend::DoUpdateCredentials] Update credentials
2026-04-25 19:50:17.390: [INFO][Sync] Connection status changed to: 2
2026-04-25 19:50:18.555: [INFO][Sync] Connection status changed to: 2
2026-04-25 19:50:31.289: [INFO][SyncAuthManager::SetLastAuthError] Current auth error: None
2026-04-25 19:50:31.289: [INFO][SyncAuthManager::EdgeLogTokenErrorState] Token error with: None for account type: MSA
2026-04-25 19:50:31.289: [INFO][Sync] Credentials changed for: EdgeSyncScopeNew
2026-04-25 19:50:49.874: [INFO][SyncAuthManager::SetLastAuthError] Current auth error: None
2026-04-25 19:50:49.874: [INFO][SyncAuthManager::EdgeLogTokenErrorState] Token error with: None for account type: MSA
2026-04-25 19:50:49.874: [INFO][Sync] Credentials changed for: EdgeSyncKeyDataScope
2026-04-25 19:50:49.874: [INFO][SyncEngineBackend::DoUpdateKeyDataCredentials] Update key data credentials
2026-04-25 19:50:49.874: [INFO][SyncEngineBackend::DoUpdateCredentials] Update credentials
2026-04-25 19:50:50.652: [INFO][Sync] Started DataTypeManager configuration, reason: 5
2026-04-25 19:50:50.652: [INFO][Sync] Configuring for: Bookmarks, Preferences, Passwords, Autofill Profiles, Autofill, Extensions, Sessions, Extension settings, History Delete Directives, Device Info, User Consents, Send Tab To Self, Web Apps, History, Saved Tab Group, WebAuthn Credentials, Collection, Edge E Drop, Edge Hub App Usage, Edge Wallet, Edge Workspace, Encryption Keys, reason: 5, current state: 3
2026-04-25 19:50:50.653: [INFO][Sync] Configure, desired: Bookmarks, Preferences, Passwords, Autofill Profiles, Autofill, Extensions, Sessions, Extension settings, History Delete Directives, Device Info, User Consents, Send Tab To Self, Web Apps, History, Saved Tab Group, WebAuthn Credentials, Collection, Edge E Drop, Edge Hub App Usage, Edge Wallet, Edge Workspace, Encryption Keys; Allow fail: 
2026-04-25 19:50:50.653: [INFO][Sync] Loading: Passwords
2026-04-25 19:50:50.653: [INFO][Sync] Loading: Autofill Profiles
2026-04-25 19:50:50.653: [INFO][Sync] Loading: Autofill
2026-04-25 19:50:50.654: [INFO][Sync] All data types are ready for configure.
2026-04-25 19:50:50.654: [INFO][SyncEngineBackend::DoStartConfiguration] Start configuration
2026-04-25 19:50:50.654: [INFO][SyncManagerImpl::NudgeForInitialDownload] Initial download nudge for Passwords
2026-04-25 19:50:50.654: [INFO][SyncManagerImpl::NudgeForInitialDownload] Initial download nudge for Autofill Profiles
2026-04-25 19:50:50.654: [INFO][SyncManagerImpl::NudgeForInitialDownload] Initial download nudge for Autofill
2026-04-25 19:50:50.654: [INFO][SyncManagerImpl::ConfigureSyncer] Types to download:  with reason: 5
2026-04-25 19:50:50.654: [INFO][SyncEngineBackend::DoFinishConfigureDataTypes] Failed to download types:  and succeeded types: 
2026-04-25 19:50:50.654: [INFO][Sync] ConfigurationDone, failed: , succeeded: , remaining count: 4
2026-04-25 19:50:50.654: [INFO][Sync] Prepare to configure types: Passwords, Encryption Keys
2026-04-25 19:50:50.654: [INFO][SyncManagerImpl::ConfigureSyncer] Types to download: Passwords, Encryption Keys with reason: 5
2026-04-25 19:50:50.654: [INFO][SyncSchedulerImpl::DoConfigurationSyncCycleJob] Blocked types:  and types to download: Passwords, Encryption Keys
2026-04-25 19:50:50.811: [INFO][SyncEngineBackend::DoFinishConfigureDataTypes] Failed to download types:  and succeeded types: Passwords, Encryption Keys
2026-04-25 19:50:50.812: [INFO][Sync] ConfigurationDone, failed: , succeeded: Passwords, Encryption Keys, remaining count: 3
2026-04-25 19:50:50.812: [INFO][SyncManagerImpl::ConfigureSyncer] Types to download:  with reason: 5
2026-04-25 19:50:50.812: [INFO][SyncEngineBackend::DoFinishConfigureDataTypes] Failed to download types:  and succeeded types: 
2026-04-25 19:50:50.815: [INFO][Sync] ConfigurationDone, failed: , succeeded: , remaining count: 2
2026-04-25 19:50:50.815: [INFO][Sync] Prepare to configure types: Autofill Profiles, Autofill, Encryption Keys
2026-04-25 19:50:50.815: [INFO][SyncManagerImpl::ConfigureSyncer] Types to download: Autofill Profiles, Autofill, Encryption Keys with reason: 5
2026-04-25 19:50:50.815: [INFO][SyncSchedulerImpl::DoConfigurationSyncCycleJob] Blocked types:  and types to download: Autofill Profiles, Autofill, Encryption Keys
2026-04-25 19:50:52.083: [INFO][SyncEngineBackend::DoFinishConfigureDataTypes] Failed to download types:  and succeeded types: Autofill Profiles, Autofill, Encryption Keys
2026-04-25 19:50:52.084: [INFO][Sync] ConfigurationDone, failed: , succeeded: Autofill Profiles, Autofill, Encryption Keys, remaining count: 1
2026-04-25 19:50:52.085: [INFO][SyncManagerImpl::ConfigureSyncer] Types to download:  with reason: 5
2026-04-25 19:50:52.085: [INFO][SyncEngineBackend::DoFinishConfigureDataTypes] Failed to download types:  and succeeded types: 
2026-04-25 19:50:52.085: [INFO][Sync] ConfigurationDone, failed: , succeeded: , remaining count: 0
2026-04-25 19:50:52.086: [INFO][Sync]     Configuration completed, state: 3
2026-04-25 19:50:52.086: [INFO][Sync] Configured DataTypeManager: Ok
2026-04-25 19:50:52.087: [INFO][SyncEngineBackend::DoStartSyncing] Start syncing
