{"logTime": "0425/194553", "correlationVector":"W/k0qPlX4O1phrD//88W7z.1","action":"SyncServerConnectionManagerRequest", "result":"SYNC_SERVER_OK", "context":{"environment":"Prod_westus2_prod-s01-035-nam-westus2", "migrationStage":"NotStarted", "server":"akswtt11300000i"}}
{"logTime": "0425/194553", "correlationVector":"W/k0qPlX4O1phrD//88W7z.2","action":"ProcessGetUpdates", "result":"Done", "context":{"dataType":"Encryption Keys", "deleted":"0", "process_failed_to_decrypt":"0", "process_pending_decryption":"0", "process_success":"1", "total":"1"}}
{"logTime": "0425/194553", "correlationVector":"Ya3xTZQv+xcs5VjfLvGwht","action":"SyncServerConnectionManagerRequest", "result":"SYNC_SERVER_OK", "context":{"environment":"", "migrationStage":"", "server":""}}
{"logTime": "0425/194553", "correlationVector":"Ya3xTZQv+xcs5VjfLvGwht.0","action":"EncryptionKeysFetcher.DownloadKeys:", "result":"Success", "context":Key count: 5, Last key timestamp: 2026-04-18T03:48:13Z}
{"logTime": "0425/194553", "correlationVector":"Ya3xTZQv+xcs5VjfLvGwht.1","action":"EncryptionKeysManager::SetEncryptionKeys:", "result":"Success", "context":Key names[5]:[lBLlivP0tL7DaZCLOxY0Ms4GCmsztTwaiZZnWuhIrvxf62WQbQQOrEOZFqDAc6XX8sNCG3UdMSQXoQPb7570QQ==][lVznK7+X4kMFXxOXBoPhpSbjH3WghWADowbo4a72vMU6iWo8i79nPTR5N+6F83VtFpBywxdhc0xV21a2Jm/A6g==][Rkjhz4tCaGQHbFM9iina6dfubiNJH3/8Nb0P3dtJ1SeLsFRspz/UbUDes0Q9ENkkHUncnfUvSXI6M+uJbc+N9w==][qNbI0n6v/hh0ojvUbrBt2zg5a/wjTFo4ReIKDxAcek9QLy5Lb4ncifiaiqLrQxn4dHE7159KCWd7txz5PXG7pA==][EQnJNat9nLGhQ3sWluAQbvJNaL11ABTMNp2x6WBZFViiXC6pyhYenoSQCzCxCCt+LnXbXP/vleqfYDQYpxNb5A==]}
{"logTime": "0425/194553", "correlationVector":"Ya3xTZQv+xcs5VjfLvGwht.2","action":"EncryptionKeysManager::SetEncryptionKeysWithTimestamps:", "result":"Success", "context":Key timestamps[5]:[2024-04-18T22:10:58Z][2024-10-16T20:23:03Z][2025-04-14T23:12:43Z][2025-10-14T00:38:14Z][2026-04-18T03:48:13Z]}
{"logTime": "0425/194553", "correlationVector":"W/k0qPlX4O1phrD//88W7z","action":"Initial GetUpdates", "result":"", "context":Reason: NEW_CLIENT. cV=W/k0qPlX4O1phrD//88W7z}
{"logTime": "0425/194553", "correlationVector":"W/k0qPlX4O1phrD//88W7z.3","action":"GetUpdates Response", "result":"Success", "context":Received 1 update(s). cV=W/k0qPlX4O1phrD//88W7z.0;server=akswtt11300000i;cloudType=Consumer;environment=Prod_westus2_prod-s01-035-nam-westus2;migrationStage=NotStarted}
{"logTime": "0425/194553", "correlationVector":"qZuf+84w8l5ff/gvtRdp0p","action":"Initial GetUpdates", "result":"", "context":Reason: NEWLY_SUPPORTED_DATATYPE. cV=qZuf+84w8l5ff/gvtRdp0p}
{"logTime": "0425/194554", "correlationVector":"qZuf+84w8l5ff/gvtRdp0p.1","action":"SyncServerConnectionManagerRequest", "result":"SYNC_SERVER_OK", "context":{"environment":"Prod_westus2_prod-s01-035-nam-westus2", "migrationStage":"NotStarted", "server":"akswtt11300000n"}}
{"logTime": "0425/194554", "correlationVector":"qZuf+84w8l5ff/gvtRdp0p.2","action":"ProcessGetUpdates", "result":"Done", "context":{"dataType":"Preferences", "deleted":"0", "process_failed_to_decrypt":"0", "process_pending_decryption":"0", "process_success":"89", "total":"89"}}
{"logTime": "0425/194554", "correlationVector":"qZuf+84w8l5ff/gvtRdp0p.3","action":"ProcessGetUpdates", "result":"Done", "context":{"dataType":"Passwords", "deleted":"0", "process_failed_to_decrypt":"0", "process_pending_decryption":"0", "process_success":"52", "total":"52"}}
{"logTime": "0425/194554", "correlationVector":"qZuf+84w8l5ff/gvtRdp0p.4","action":"ProcessGetUpdates", "result":"Done", "context":{"dataType":"Device Info", "deleted":"0", "process_failed_to_decrypt":"0", "process_pending_decryption":"0", "process_success":"2", "total":"2"}}
{"logTime": "0425/194554", "correlationVector":"qZuf+84w8l5ff/gvtRdp0p.5","action":"GetUpdates Response", "result":"Success", "context":Received 143 update(s). cV=qZuf+84w8l5ff/gvtRdp0p.0;server=akswtt11300000n;cloudType=Consumer;environment=Prod_westus2_prod-s01-035-nam-westus2;migrationStage=NotStarted}
{"logTime": "0425/194554", "correlationVector":"zFiZxpyumP/K1yRi1xYSGG","action":"Initial GetUpdates", "result":"", "context":Reason: NEWLY_SUPPORTED_DATATYPE. cV=zFiZxpyumP/K1yRi1xYSGG}
{"logTime": "0425/194554", "correlationVector":"zFiZxpyumP/K1yRi1xYSGG.1","action":"SyncServerConnectionManagerRequest", "result":"SYNC_SERVER_OK", "context":{"environment":"Prod_westus2_prod-s01-035-nam-westus2", "migrationStage":"NotStarted", "server":"akswtt113000003"}}
{"logTime": "0425/194554", "correlationVector":"zFiZxpyumP/K1yRi1xYSGG.2","action":"ProcessGetUpdates", "result":"Done", "context":{"dataType":"Bookmarks", "deleted":"1", "process_failed_to_decrypt":"0", "process_pending_decryption":"0", "process_success":"17", "total":"17"}}
{"logTime": "0425/194554", "correlationVector":"zFiZxpyumP/K1yRi1xYSGG.3","action":"GetUpdates Response", "result":"Success", "context":Received 17 update(s). cV=zFiZxpyumP/K1yRi1xYSGG.0;server=akswtt113000003;cloudType=Consumer;environment=Prod_westus2_prod-s01-035-nam-westus2;migrationStage=NotStarted}
{"logTime": "0425/194554", "correlationVector":"FYYyqw0CVZnviGz+RIgmjk","action":"Initial GetUpdates", "result":"", "context":Reason: NEWLY_SUPPORTED_DATATYPE. cV=FYYyqw0CVZnviGz+RIgmjk}
{"logTime": "0425/194554", "correlationVector":"FYYyqw0CVZnviGz+RIgmjk.1","action":"SyncServerConnectionManagerRequest", "result":"SYNC_SERVER_OK", "context":{"environment":"Prod_westus2_prod-s01-035-nam-westus2", "migrationStage":"NotStarted", "server":"akswtt113000001"}}
{"logTime": "0425/194554", "correlationVector":"FYYyqw0CVZnviGz+RIgmjk.2","action":"ProcessGetUpdates", "result":"Done", "context":{"dataType":"Autofill", "deleted":"0", "process_failed_to_decrypt":"0", "process_pending_decryption":"0", "process_success":"236", "total":"236"}}
{"logTime": "0425/194554", "correlationVector":"FYYyqw0CVZnviGz+RIgmjk.3","action":"ProcessGetUpdates", "result":"Done", "context":{"dataType":"Sessions", "deleted":"14", "process_failed_to_decrypt":"0", "process_pending_decryption":"0", "process_success":"14", "total":"14"}}
{"logTime": "0425/194554", "correlationVector":"FYYyqw0CVZnviGz+RIgmjk.4","action":"GetUpdates Response", "result":"Success", "context":Received 250 update(s). cV=FYYyqw0CVZnviGz+RIgmjk.0;server=akswtt113000001;cloudType=Consumer;environment=Prod_westus2_prod-s01-035-nam-westus2;migrationStage=NotStarted Some updates remain.}
{"logTime": "0425/194554", "correlationVector":"WLLXfbw0HWIr16YuJ31lif","action":"Initial GetUpdates", "result":"", "context":Reason: NEWLY_SUPPORTED_DATATYPE. cV=WLLXfbw0HWIr16YuJ31lif}
{"logTime": "0425/194555", "correlationVector":"WLLXfbw0HWIr16YuJ31lif.1","action":"SyncServerConnectionManagerRequest", "result":"SYNC_SERVER_OK", "context":{"environment":"Prod_westus2_prod-s01-035-nam-westus2", "migrationStage":"NotStarted", "server":"akswtt113000003"}}
{"logTime": "0425/194555", "correlationVector":"WLLXfbw0HWIr16YuJ31lif.2","action":"ProcessGetUpdates", "result":"Done", "context":{"dataType":"Sessions", "deleted":"248", "process_failed_to_decrypt":"0", "process_pending_decryption":"0", "process_success":"248", "total":"248"}}
{"logTime": "0425/194555", "correlationVector":"WLLXfbw0HWIr16YuJ31lif.3","action":"ProcessGetUpdates", "result":"Done", "context":{"dataType":"Edge Hub App Usage", "deleted":"1", "process_failed_to_decrypt":"0", "process_pending_decryption":"0", "process_success":"2", "total":"2"}}
{"logTime": "0425/194555", "correlationVector":"WLLXfbw0HWIr16YuJ31lif.4","action":"GetUpdates Response", "result":"Success", "context":Received 250 update(s). cV=WLLXfbw0HWIr16YuJ31lif.0;server=akswtt113000003;cloudType=Consumer;environment=Prod_westus2_prod-s01-035-nam-westus2;migrationStage=NotStarted Some updates remain.}
{"logTime": "0425/194555", "correlationVector":"rqeEZ+j3s7vBEHUBGqIbmM","action":"Initial GetUpdates", "result":"", "context":Reason: NEWLY_SUPPORTED_DATATYPE. cV=rqeEZ+j3s7vBEHUBGqIbmM}
{"logTime": "0425/194555", "correlationVector":"rqeEZ+j3s7vBEHUBGqIbmM.1","action":"SyncServerConnectionManagerRequest", "result":"SYNC_SERVER_OK", "context":{"environment":"Prod_westus2_prod-s01-035-nam-westus2", "migrationStage":"NotStarted", "server":"akswtt113000001"}}
{"logTime": "0425/194555", "correlationVector":"rqeEZ+j3s7vBEHUBGqIbmM.2","action":"ProcessGetUpdates", "result":"Done", "context":{"dataType":"Sessions", "deleted":"243", "process_failed_to_decrypt":"0", "process_pending_decryption":"0", "process_success":"243", "total":"243"}}
{"logTime": "0425/194555", "correlationVector":"rqeEZ+j3s7vBEHUBGqIbmM.3","action":"ProcessGetUpdates", "result":"Done", "context":{"dataType":"Saved Tab Group", "deleted":"0", "process_failed_to_decrypt":"0", "process_pending_decryption":"0", "process_success":"4", "total":"4"}}
{"logTime": "0425/194555", "correlationVector":"rqeEZ+j3s7vBEHUBGqIbmM.4","action":"ProcessGetUpdates", "result":"Done", "context":{"dataType":"Edge Hub App Usage", "deleted":"3", "process_failed_to_decrypt":"0", "process_pending_decryption":"0", "process_success":"3", "total":"3"}}
{"logTime": "0425/194555", "correlationVector":"rqeEZ+j3s7vBEHUBGqIbmM.5","action":"GetUpdates Response", "result":"Success", "context":Received 250 update(s). cV=rqeEZ+j3s7vBEHUBGqIbmM.0;server=akswtt113000001;cloudType=Consumer;environment=Prod_westus2_prod-s01-035-nam-westus2;migrationStage=NotStarted Some updates remain.}
{"logTime": "0425/194555", "correlationVector":"HXd5Ci+3jJgDy8YG9Gb9nt","action":"Initial GetUpdates", "result":"", "context":Reason: NEWLY_SUPPORTED_DATATYPE. cV=HXd5Ci+3jJgDy8YG9Gb9nt}
{"logTime": "0425/194555", "correlationVector":"HXd5Ci+3jJgDy8YG9Gb9nt.1","action":"SyncServerConnectionManagerRequest", "result":"SYNC_SERVER_OK", "context":{"environment":"Prod_westus2_prod-s01-035-nam-westus2", "migrationStage":"NotStarted", "server":"akswtt11300000u"}}
{"logTime": "0425/194555", "correlationVector":"HXd5Ci+3jJgDy8YG9Gb9nt.2","action":"ProcessGetUpdates", "result":"Done", "context":{"dataType":"Extensions", "deleted":"0", "process_failed_to_decrypt":"0", "process_pending_decryption":"0", "process_success":"1", "total":"1"}}
{"logTime": "0425/194555", "correlationVector":"HXd5Ci+3jJgDy8YG9Gb9nt.3","action":"ProcessGetUpdates", "result":"Done", "context":{"dataType":"Sessions", "deleted":"248", "process_failed_to_decrypt":"0", "process_pending_decryption":"0", "process_success":"248", "total":"248"}}
{"logTime": "0425/194555", "correlationVector":"HXd5Ci+3jJgDy8YG9Gb9nt.4","action":"ProcessGetUpdates", "result":"Done", "context":{"dataType":"Edge Hub App Usage", "deleted":"1", "process_failed_to_decrypt":"0", "process_pending_decryption":"0", "process_success":"1", "total":"1"}}
{"logTime": "0425/194555", "correlationVector":"HXd5Ci+3jJgDy8YG9Gb9nt.5","action":"GetUpdates Response", "result":"Success", "context":Received 250 update(s). cV=HXd5Ci+3jJgDy8YG9Gb9nt.0;server=akswtt11300000u;cloudType=Consumer;environment=Prod_westus2_prod-s01-035-nam-westus2;migrationStage=NotStarted Some updates remain.}
{"logTime": "0425/194555", "correlationVector":"HJbjGrAEq/ansqUKPl1IZ2","action":"Initial GetUpdates", "result":"", "context":Reason: NEWLY_SUPPORTED_DATATYPE. cV=HJbjGrAEq/ansqUKPl1IZ2}
{"logTime": "0425/194556", "correlationVector":"HJbjGrAEq/ansqUKPl1IZ2.1","action":"SyncServerConnectionManagerRequest", "result":"SYNC_SERVER_OK", "context":{"environment":"Prod_westus2_prod-s01-035-nam-westus2", "migrationStage":"NotStarted", "server":"akswtt113000007"}}
{"logTime": "0425/194556", "correlationVector":"HJbjGrAEq/ansqUKPl1IZ2.2","action":"ProcessGetUpdates", "result":"Done", "context":{"dataType":"Sessions", "deleted":"248", "process_failed_to_decrypt":"0", "process_pending_decryption":"0", "process_success":"248", "total":"248"}}
{"logTime": "0425/194556", "correlationVector":"HJbjGrAEq/ansqUKPl1IZ2.3","action":"ProcessGetUpdates", "result":"Done", "context":{"dataType":"Edge Hub App Usage", "deleted":"1", "process_failed_to_decrypt":"0", "process_pending_decryption":"0", "process_success":"2", "total":"2"}}
{"logTime": "0425/194556", "correlationVector":"HJbjGrAEq/ansqUKPl1IZ2.4","action":"GetUpdates Response", "result":"Success", "context":Received 250 update(s). cV=HJbjGrAEq/ansqUKPl1IZ2.0;server=akswtt113000007;cloudType=Consumer;environment=Prod_westus2_prod-s01-035-nam-westus2;migrationStage=NotStarted Some updates remain.}
{"logTime": "0425/194556", "correlationVector":"30TnD81MEiZgLXBHq/jTyJ","action":"Initial GetUpdates", "result":"", "context":Reason: NEWLY_SUPPORTED_DATATYPE. cV=30TnD81MEiZgLXBHq/jTyJ}
{"logTime": "0425/194556", "correlationVector":"30TnD81MEiZgLXBHq/jTyJ.1","action":"SyncServerConnectionManagerRequest", "result":"SYNC_SERVER_OK", "context":{"environment":"Prod_westus2_prod-s01-035-nam-westus2", "migrationStage":"NotStarted", "server":"akswtt113000004"}}
{"logTime": "0425/194556", "correlationVector":"30TnD81MEiZgLXBHq/jTyJ.2","action":"ProcessGetUpdates", "result":"Done", "context":{"dataType":"Autofill Profiles", "deleted":"0", "process_failed_to_decrypt":"0", "process_pending_decryption":"0", "process_success":"10", "total":"10"}}
{"logTime": "0425/194556", "correlationVector":"30TnD81MEiZgLXBHq/jTyJ.3","action":"ProcessGetUpdates", "result":"Done", "context":{"dataType":"Autofill", "deleted":"0", "process_failed_to_decrypt":"0", "process_pending_decryption":"0", "process_success":"215", "total":"215"}}
{"logTime": "0425/194556", "correlationVector":"30TnD81MEiZgLXBHq/jTyJ.4","action":"ProcessGetUpdates", "result":"Done", "context":{"dataType":"Sessions", "deleted":"25", "process_failed_to_decrypt":"0", "process_pending_decryption":"0", "process_success":"25", "total":"25"}}
{"logTime": "0425/194556", "correlationVector":"30TnD81MEiZgLXBHq/jTyJ.5","action":"GetUpdates Response", "result":"Success", "context":Received 250 update(s). cV=30TnD81MEiZgLXBHq/jTyJ.0;server=akswtt113000004;cloudType=Consumer;environment=Prod_westus2_prod-s01-035-nam-westus2;migrationStage=NotStarted Some updates remain.}
{"logTime": "0425/194556", "correlationVector":"UjZIOM5YfOAJJQ3yUQzup6","action":"Initial GetUpdates", "result":"", "context":Reason: NEWLY_SUPPORTED_DATATYPE. cV=UjZIOM5YfOAJJQ3yUQzup6}
{"logTime": "0425/194557", "correlationVector":"UjZIOM5YfOAJJQ3yUQzup6.1","action":"SyncServerConnectionManagerRequest", "result":"SYNC_SERVER_OK", "context":{"environment":"Prod_westus2_prod-s01-035-nam-westus2", "migrationStage":"NotStarted", "server":"akswtt11300000n"}}
{"logTime": "0425/194557", "correlationVector":"UjZIOM5YfOAJJQ3yUQzup6.2","action":"ProcessGetUpdates", "result":"Done", "context":{"dataType":"Autofill Profiles", "deleted":"0", "process_failed_to_decrypt":"0", "process_pending_decryption":"0", "process_success":"1", "total":"1"}}
{"logTime": "0425/194557", "correlationVector":"UjZIOM5YfOAJJQ3yUQzup6.3","action":"ProcessGetUpdates", "result":"Done", "context":{"dataType":"Autofill", "deleted":"0", "process_failed_to_decrypt":"0", "process_pending_decryption":"0", "process_success":"234", "total":"234"}}
{"logTime": "0425/194557", "correlationVector":"UjZIOM5YfOAJJQ3yUQzup6.4","action":"ProcessGetUpdates", "result":"Done", "context":{"dataType":"Sessions", "deleted":"15", "process_failed_to_decrypt":"0", "process_pending_decryption":"0", "process_success":"15", "total":"15"}}
{"logTime": "0425/194557", "correlationVector":"UjZIOM5YfOAJJQ3yUQzup6.5","action":"GetUpdates Response", "result":"Success", "context":Received 250 update(s). cV=UjZIOM5YfOAJJQ3yUQzup6.0;server=akswtt11300000n;cloudType=Consumer;environment=Prod_westus2_prod-s01-035-nam-westus2;migrationStage=NotStarted Some updates remain.}
{"logTime": "0425/194557", "correlationVector":"TZSBg9sA2ggpcDfmq0/i6P","action":"Initial GetUpdates", "result":"", "context":Reason: NEWLY_SUPPORTED_DATATYPE. cV=TZSBg9sA2ggpcDfmq0/i6P}
{"logTime": "0425/194557", "correlationVector":"TZSBg9sA2ggpcDfmq0/i6P.1","action":"SyncServerConnectionManagerRequest", "result":"SYNC_SERVER_OK", "context":{"environment":"Prod_westus2_prod-s01-035-nam-westus2", "migrationStage":"NotStarted", "server":"akswtt11300000u"}}
{"logTime": "0425/194557", "correlationVector":"TZSBg9sA2ggpcDfmq0/i6P.2","action":"ProcessGetUpdates", "result":"Done", "context":{"dataType":"Autofill Profiles", "deleted":"0", "process_failed_to_decrypt":"0", "process_pending_decryption":"0", "process_success":"2", "total":"2"}}
{"logTime": "0425/194557", "correlationVector":"TZSBg9sA2ggpcDfmq0/i6P.3","action":"ProcessGetUpdates", "result":"Done", "context":{"dataType":"Autofill", "deleted":"0", "process_failed_to_decrypt":"0", "process_pending_decryption":"0", "process_success":"64", "total":"64"}}
{"logTime": "0425/194557", "correlationVector":"TZSBg9sA2ggpcDfmq0/i6P.4","action":"ProcessGetUpdates", "result":"Done", "context":{"dataType":"Extensions", "deleted":"0", "process_failed_to_decrypt":"0", "process_pending_decryption":"0", "process_success":"1", "total":"1"}}
{"logTime": "0425/194557", "correlationVector":"TZSBg9sA2ggpcDfmq0/i6P.5","action":"ProcessGetUpdates", "result":"Done", "context":{"dataType":"Sessions", "deleted":"164", "process_failed_to_decrypt":"0", "process_pending_decryption":"0", "process_success":"175", "total":"175"}}
{"logTime": "0425/194557", "correlationVector":"TZSBg9sA2ggpcDfmq0/i6P.6","action":"GetUpdates Response", "result":"Success", "context":Received 242 update(s). cV=TZSBg9sA2ggpcDfmq0/i6P.0;server=akswtt11300000u;cloudType=Consumer;environment=Prod_westus2_prod-s01-035-nam-westus2;migrationStage=NotStarted}
{"logTime": "0425/194557", "correlationVector":"cgvGaGkT4fCVPZ8eGssBbn","action":"Initial GetUpdates", "result":"", "context":Reason: NEWLY_SUPPORTED_DATATYPE. cV=cgvGaGkT4fCVPZ8eGssBbn}
{"logTime": "0425/194557", "correlationVector":"cgvGaGkT4fCVPZ8eGssBbn.1","action":"SyncServerConnectionManagerRequest", "result":"SYNC_SERVER_OK", "context":{"environment":"Prod_westus2_prod-s01-035-nam-westus2", "migrationStage":"NotStarted", "server":"akswtt113000004"}}
{"logTime": "0425/194557", "correlationVector":"cgvGaGkT4fCVPZ8eGssBbn.2","action":"ProcessGetUpdates", "result":"Done", "context":{"dataType":"History", "deleted":"0", "process_failed_to_decrypt":"0", "process_pending_decryption":"0", "process_success":"250", "total":"250"}}
{"logTime": "0425/194557", "correlationVector":"cgvGaGkT4fCVPZ8eGssBbn.3","action":"GetUpdates Response", "result":"Success", "context":Received 250 update(s). cV=cgvGaGkT4fCVPZ8eGssBbn.0;server=akswtt113000004;cloudType=Consumer;environment=Prod_westus2_prod-s01-035-nam-westus2;migrationStage=NotStarted Some updates remain.}
{"logTime": "0425/194557", "correlationVector":"Tda589R+OH2j+p/nr8cSYk","action":"Initial GetUpdates", "result":"", "context":Reason: NEWLY_SUPPORTED_DATATYPE. cV=Tda589R+OH2j+p/nr8cSYk}
{"logTime": "0425/194558", "correlationVector":"Tda589R+OH2j+p/nr8cSYk.1","action":"SyncServerConnectionManagerRequest", "result":"SYNC_SERVER_OK", "context":{"environment":"Prod_westus2_prod-s01-035-nam-westus2", "migrationStage":"NotStarted", "server":"akswtt11300000r"}}
{"logTime": "0425/194558", "correlationVector":"Tda589R+OH2j+p/nr8cSYk.2","action":"ProcessGetUpdates", "result":"Done", "context":{"dataType":"History", "deleted":"0", "process_failed_to_decrypt":"0", "process_pending_decryption":"0", "process_success":"250", "total":"250"}}
{"logTime": "0425/194558", "correlationVector":"Tda589R+OH2j+p/nr8cSYk.3","action":"GetUpdates Response", "result":"Success", "context":Received 250 update(s). cV=Tda589R+OH2j+p/nr8cSYk.0;server=akswtt11300000r;cloudType=Consumer;environment=Prod_westus2_prod-s01-035-nam-westus2;migrationStage=NotStarted Some updates remain.}
{"logTime": "0425/194558", "correlationVector":"9KO+OeJdUiE4boB/2thFBt","action":"Initial GetUpdates", "result":"", "context":Reason: NEWLY_SUPPORTED_DATATYPE. cV=9KO+OeJdUiE4boB/2thFBt}
{"logTime": "0425/194558", "correlationVector":"9KO+OeJdUiE4boB/2thFBt.1","action":"SyncServerConnectionManagerRequest", "result":"SYNC_SERVER_OK", "context":{"environment":"Prod_westus2_prod-s01-035-nam-westus2", "migrationStage":"NotStarted", "server":"akswtt113000002"}}
{"logTime": "0425/194558", "correlationVector":"9KO+OeJdUiE4boB/2thFBt.2","action":"ProcessGetUpdates", "result":"Done", "context":{"dataType":"History", "deleted":"0", "process_failed_to_decrypt":"0", "process_pending_decryption":"0", "process_success":"250", "total":"250"}}
{"logTime": "0425/194558", "correlationVector":"9KO+OeJdUiE4boB/2thFBt.3","action":"GetUpdates Response", "result":"Success", "context":Received 250 update(s). cV=9KO+OeJdUiE4boB/2thFBt.0;server=akswtt113000002;cloudType=Consumer;environment=Prod_westus2_prod-s01-035-nam-westus2;migrationStage=NotStarted Some updates remain.}
{"logTime": "0425/194558", "correlationVector":"agIp5t1H2zKrJG0yNyI5Cm","action":"Initial GetUpdates", "result":"", "context":Reason: NEWLY_SUPPORTED_DATATYPE. cV=agIp5t1H2zKrJG0yNyI5Cm}
{"logTime": "0425/194559", "correlationVector":"agIp5t1H2zKrJG0yNyI5Cm.1","action":"SyncServerConnectionManagerRequest", "result":"SYNC_SERVER_OK", "context":{"environment":"Prod_westus2_prod-s01-035-nam-westus2", "migrationStage":"NotStarted", "server":"akswtt113000005"}}
{"logTime": "0425/194559", "correlationVector":"agIp5t1H2zKrJG0yNyI5Cm.2","action":"ProcessGetUpdates", "result":"Done", "context":{"dataType":"History", "deleted":"0", "process_failed_to_decrypt":"0", "process_pending_decryption":"0", "process_success":"250", "total":"250"}}
{"logTime": "0425/194559", "correlationVector":"agIp5t1H2zKrJG0yNyI5Cm.3","action":"GetUpdates Response", "result":"Success", "context":Received 250 update(s). cV=agIp5t1H2zKrJG0yNyI5Cm.0;server=akswtt113000005;cloudType=Consumer;environment=Prod_westus2_prod-s01-035-nam-westus2;migrationStage=NotStarted Some updates remain.}
{"logTime": "0425/194559", "correlationVector":"Iuzzn491xxUgM5D/TLSkwS","action":"Initial GetUpdates", "result":"", "context":Reason: NEWLY_SUPPORTED_DATATYPE. cV=Iuzzn491xxUgM5D/TLSkwS}
{"logTime": "0425/194559", "correlationVector":"Iuzzn491xxUgM5D/TLSkwS.1","action":"SyncServerConnectionManagerRequest", "result":"SYNC_SERVER_OK", "context":{"environment":"Prod_westus2_prod-s01-035-nam-westus2", "migrationStage":"NotStarted", "server":"akswtt11300000o"}}
{"logTime": "0425/194559", "correlationVector":"Iuzzn491xxUgM5D/TLSkwS.2","action":"ProcessGetUpdates", "result":"Done", "context":{"dataType":"History", "deleted":"0", "process_failed_to_decrypt":"0", "process_pending_decryption":"0", "process_success":"250", "total":"250"}}
{"logTime": "0425/194559", "correlationVector":"Iuzzn491xxUgM5D/TLSkwS.3","action":"GetUpdates Response", "result":"Success", "context":Received 250 update(s). cV=Iuzzn491xxUgM5D/TLSkwS.0;server=akswtt11300000o;cloudType=Consumer;environment=Prod_westus2_prod-s01-035-nam-westus2;migrationStage=NotStarted Some updates remain.}
{"logTime": "0425/194559", "correlationVector":"WOtPcMv+fGuaEVWTP6VtFb","action":"Initial GetUpdates", "result":"", "context":Reason: NEWLY_SUPPORTED_DATATYPE. cV=WOtPcMv+fGuaEVWTP6VtFb}
{"logTime": "0425/194600", "correlationVector":"WOtPcMv+fGuaEVWTP6VtFb.1","action":"SyncServerConnectionManagerRequest", "result":"SYNC_SERVER_OK", "context":{"environment":"Prod_westus2_prod-s01-035-nam-westus2", "migrationStage":"NotStarted", "server":"akswtt11300000r"}}
{"logTime": "0425/194600", "correlationVector":"WOtPcMv+fGuaEVWTP6VtFb.2","action":"ProcessGetUpdates", "result":"Done", "context":{"dataType":"History", "deleted":"0", "process_failed_to_decrypt":"0", "process_pending_decryption":"0", "process_success":"250", "total":"250"}}
{"logTime": "0425/194600", "correlationVector":"WOtPcMv+fGuaEVWTP6VtFb.3","action":"GetUpdates Response", "result":"Success", "context":Received 250 update(s). cV=WOtPcMv+fGuaEVWTP6VtFb.0;server=akswtt11300000r;cloudType=Consumer;environment=Prod_westus2_prod-s01-035-nam-westus2;migrationStage=NotStarted Some updates remain.}
{"logTime": "0425/194600", "correlationVector":"nxDLoClAxHgQ60cyMqufDW","action":"Initial GetUpdates", "result":"", "context":Reason: NEWLY_SUPPORTED_DATATYPE. cV=nxDLoClAxHgQ60cyMqufDW}
{"logTime": "0425/194600", "correlationVector":"nxDLoClAxHgQ60cyMqufDW.1","action":"SyncServerConnectionManagerRequest", "result":"SYNC_SERVER_OK", "context":{"environment":"Prod_westus2_prod-s01-035-nam-westus2", "migrationStage":"NotStarted", "server":"akswtt113000001"}}
{"logTime": "0425/194600", "correlationVector":"nxDLoClAxHgQ60cyMqufDW.2","action":"ProcessGetUpdates", "result":"Done", "context":{"dataType":"History", "deleted":"0", "process_failed_to_decrypt":"0", "process_pending_decryption":"0", "process_success":"250", "total":"250"}}
{"logTime": "0425/194600", "correlationVector":"nxDLoClAxHgQ60cyMqufDW.3","action":"GetUpdates Response", "result":"Success", "context":Received 250 update(s). cV=nxDLoClAxHgQ60cyMqufDW.0;server=akswtt113000001;cloudType=Consumer;environment=Prod_westus2_prod-s01-035-nam-westus2;migrationStage=NotStarted Some updates remain.}
{"logTime": "0425/194600", "correlationVector":"iI2mPIuf2jW9p7Cjk4Y0RV","action":"Initial GetUpdates", "result":"", "context":Reason: NEWLY_SUPPORTED_DATATYPE. cV=iI2mPIuf2jW9p7Cjk4Y0RV}
{"logTime": "0425/194600", "correlationVector":"iI2mPIuf2jW9p7Cjk4Y0RV.1","action":"SyncServerConnectionManagerRequest", "result":"SYNC_SERVER_OK", "context":{"environment":"Prod_westus2_prod-s01-035-nam-westus2", "migrationStage":"NotStarted", "server":"akswtt11300000o"}}
{"logTime": "0425/194600", "correlationVector":"iI2mPIuf2jW9p7Cjk4Y0RV.2","action":"ProcessGetUpdates", "result":"Done", "context":{"dataType":"History", "deleted":"0", "process_failed_to_decrypt":"0", "process_pending_decryption":"0", "process_success":"250", "total":"250"}}
{"logTime": "0425/194600", "correlationVector":"iI2mPIuf2jW9p7Cjk4Y0RV.3","action":"GetUpdates Response", "result":"Success", "context":Received 250 update(s). cV=iI2mPIuf2jW9p7Cjk4Y0RV.0;server=akswtt11300000o;cloudType=Consumer;environment=Prod_westus2_prod-s01-035-nam-westus2;migrationStage=NotStarted Some updates remain.}
{"logTime": "0425/194600", "correlationVector":"1JCrrPOR0KoPhbySttSd0w","action":"Initial GetUpdates", "result":"", "context":Reason: NEWLY_SUPPORTED_DATATYPE. cV=1JCrrPOR0KoPhbySttSd0w}
{"logTime": "0425/194601", "correlationVector":"1JCrrPOR0KoPhbySttSd0w.1","action":"SyncServerConnectionManagerRequest", "result":"SYNC_SERVER_OK", "context":{"environment":"Prod_westus2_prod-s01-035-nam-westus2", "migrationStage":"NotStarted", "server":"akswtt113000005"}}
{"logTime": "0425/194601", "correlationVector":"1JCrrPOR0KoPhbySttSd0w.2","action":"ProcessGetUpdates", "result":"Done", "context":{"dataType":"History", "deleted":"0", "process_failed_to_decrypt":"0", "process_pending_decryption":"0", "process_success":"250", "total":"250"}}
{"logTime": "0425/194601", "correlationVector":"1JCrrPOR0KoPhbySttSd0w.3","action":"GetUpdates Response", "result":"Success", "context":Received 250 update(s). cV=1JCrrPOR0KoPhbySttSd0w.0;server=akswtt113000005;cloudType=Consumer;environment=Prod_westus2_prod-s01-035-nam-westus2;migrationStage=NotStarted Some updates remain.}
{"logTime": "0425/194601", "correlationVector":"NsbawJ5H2Ddgzze79EjgGK","action":"Initial GetUpdates", "result":"", "context":Reason: NEWLY_SUPPORTED_DATATYPE. cV=NsbawJ5H2Ddgzze79EjgGK}
{"logTime": "0425/194601", "correlationVector":"NsbawJ5H2Ddgzze79EjgGK.1","action":"SyncServerConnectionManagerRequest", "result":"SYNC_SERVER_OK", "context":{"environment":"Prod_westus2_prod-s01-035-nam-westus2", "migrationStage":"NotStarted", "server":"akswtt113000001"}}
{"logTime": "0425/194601", "correlationVector":"NsbawJ5H2Ddgzze79EjgGK.2","action":"ProcessGetUpdates", "result":"Done", "context":{"dataType":"History", "deleted":"0", "process_failed_to_decrypt":"0", "process_pending_decryption":"0", "process_success":"250", "total":"250"}}
{"logTime": "0425/194601", "correlationVector":"NsbawJ5H2Ddgzze79EjgGK.3","action":"GetUpdates Response", "result":"Success", "context":Received 250 update(s). cV=NsbawJ5H2Ddgzze79EjgGK.0;server=akswtt113000001;cloudType=Consumer;environment=Prod_westus2_prod-s01-035-nam-westus2;migrationStage=NotStarted Some updates remain.}
{"logTime": "0425/194601", "correlationVector":"zVfA+vQWffSUDrZqsaGJlo","action":"Initial GetUpdates", "result":"", "context":Reason: NEWLY_SUPPORTED_DATATYPE. cV=zVfA+vQWffSUDrZqsaGJlo}
{"logTime": "0425/194602", "correlationVector":"zVfA+vQWffSUDrZqsaGJlo.1","action":"SyncServerConnectionManagerRequest", "result":"SYNC_SERVER_OK", "context":{"environment":"Prod_westus2_prod-s01-035-nam-westus2", "migrationStage":"NotStarted", "server":"akswtt113000004"}}
{"logTime": "0425/194602", "correlationVector":"zVfA+vQWffSUDrZqsaGJlo.2","action":"ProcessGetUpdates", "result":"Done", "context":{"dataType":"History", "deleted":"0", "process_failed_to_decrypt":"0", "process_pending_decryption":"0", "process_success":"250", "total":"250"}}
{"logTime": "0425/194602", "correlationVector":"zVfA+vQWffSUDrZqsaGJlo.3","action":"GetUpdates Response", "result":"Success", "context":Received 250 update(s). cV=zVfA+vQWffSUDrZqsaGJlo.0;server=akswtt113000004;cloudType=Consumer;environment=Prod_westus2_prod-s01-035-nam-westus2;migrationStage=NotStarted Some updates remain.}
{"logTime": "0425/194602", "correlationVector":"lHcRAyZ/18NqOB8ng6/H2m","action":"Initial GetUpdates", "result":"", "context":Reason: NEWLY_SUPPORTED_DATATYPE. cV=lHcRAyZ/18NqOB8ng6/H2m}
{"logTime": "0425/194602", "correlationVector":"lHcRAyZ/18NqOB8ng6/H2m.1","action":"SyncServerConnectionManagerRequest", "result":"SYNC_SERVER_OK", "context":{"environment":"Prod_westus2_prod-s01-035-nam-westus2", "migrationStage":"NotStarted", "server":"akswtt113000005"}}
{"logTime": "0425/194602", "correlationVector":"lHcRAyZ/18NqOB8ng6/H2m.2","action":"ProcessGetUpdates", "result":"Done", "context":{"dataType":"History", "deleted":"0", "process_failed_to_decrypt":"0", "process_pending_decryption":"0", "process_success":"250", "total":"250"}}
{"logTime": "0425/194602", "correlationVector":"lHcRAyZ/18NqOB8ng6/H2m.3","action":"GetUpdates Response", "result":"Success", "context":Received 250 update(s). cV=lHcRAyZ/18NqOB8ng6/H2m.0;server=akswtt113000005;cloudType=Consumer;environment=Prod_westus2_prod-s01-035-nam-westus2;migrationStage=NotStarted Some updates remain.}
{"logTime": "0425/194602", "correlationVector":"L3KQ1CtmvjbTIElA9tnIbN","action":"Initial GetUpdates", "result":"", "context":Reason: NEWLY_SUPPORTED_DATATYPE. cV=L3KQ1CtmvjbTIElA9tnIbN}
{"logTime": "0425/194602", "correlationVector":"L3KQ1CtmvjbTIElA9tnIbN.1","action":"SyncServerConnectionManagerRequest", "result":"SYNC_SERVER_OK", "context":{"environment":"Prod_westus2_prod-s01-035-nam-westus2", "migrationStage":"NotStarted", "server":"akswtt11300000r"}}
{"logTime": "0425/194602", "correlationVector":"L3KQ1CtmvjbTIElA9tnIbN.2","action":"ProcessGetUpdates", "result":"Done", "context":{"dataType":"History", "deleted":"0", "process_failed_to_decrypt":"0", "process_pending_decryption":"0", "process_success":"25", "total":"25"}}
{"logTime": "0425/194602", "correlationVector":"L3KQ1CtmvjbTIElA9tnIbN.3","action":"GetUpdates Response", "result":"Success", "context":Received 25 update(s). cV=L3KQ1CtmvjbTIElA9tnIbN.0;server=akswtt11300000r;cloudType=Consumer;environment=Prod_westus2_prod-s01-035-nam-westus2;migrationStage=NotStarted}
{"logTime": "0425/194602", "correlationVector":"hld4H2zg16jn2bCNfMFdzQ","action":"Normal GetUpdate request", "result":"", "context":cV=hld4H2zg16jn2bCNfMFdzQ
Nudged types: Sessions, Device Info, User Consents, History
Refresh requested types: Bookmarks, Preferences, Passwords, Autofill Profiles, Autofill, Extensions, Sessions, Extension settings, History Delete Directives, Device Info, User Consents, Send Tab To Self, Web Apps, History, Saved Tab Group, WebAuthn Credentials, Collection, Edge E Drop, Edge Hub App Usage, Edge Wallet, Edge Workspace, Encryption Keys}
{"logTime": "0425/194603", "correlationVector":"hld4H2zg16jn2bCNfMFdzQ.1","action":"SyncServerConnectionManagerRequest", "result":"SYNC_SERVER_OK", "context":{"environment":"Prod_westus2_prod-s01-035-nam-westus2", "migrationStage":"NotStarted", "server":"akswtt11300000f"}}
{"logTime": "0425/194603", "correlationVector":"hld4H2zg16jn2bCNfMFdzQ.2","action":"ProcessGetUpdates", "result":"Done", "context":{"dataType":"Device Info", "deleted":"0", "process_failed_to_decrypt":"0", "process_pending_decryption":"0", "process_success":"1", "total":"1"}}
{"logTime": "0425/194603", "correlationVector":"hld4H2zg16jn2bCNfMFdzQ.3","action":"GetUpdates Response", "result":"Success", "context":Received 1 update(s). cV=hld4H2zg16jn2bCNfMFdzQ.0;server=akswtt11300000f;cloudType=Consumer;environment=Prod_westus2_prod-s01-035-nam-westus2;migrationStage=NotStarted}
{"logTime": "0425/194603", "correlationVector":"cSC/15C6bKk4ZpwGcA1JI1","action":"Commit Request", "result":"", "context":Item count: 7
Contributing types: Sessions, Device Info, User Consents, History}
{"logTime": "0425/194603", "correlationVector":"cSC/15C6bKk4ZpwGcA1JI1.1","action":"SyncServerConnectionManagerRequest", "result":"SYNC_SERVER_OK", "context":{"environment":"Prod_westus2_prod-s01-035-nam-westus2", "migrationStage":"NotStarted", "server":"akswtt113000005"}}
{"logTime": "0425/194603", "correlationVector":"cSC/15C6bKk4ZpwGcA1JI1.2","action":"Commit Response", "result":"Success", "context":Result: Success. cV=cSC/15C6bKk4ZpwGcA1JI1.0;server=akswtt113000005;cloudType=Consumer;environment=Prod_westus2_prod-s01-035-nam-westus2;migrationStage=NotStarted}
{"logTime": "0425/194604", "correlationVector":"lecZIBjTTSys4w0y4cwzn9","action":"Normal GetUpdate request", "result":"", "context":cV=lecZIBjTTSys4w0y4cwzn9
Notified types: History}
{"logTime": "0425/194605", "correlationVector":"lecZIBjTTSys4w0y4cwzn9.1","action":"SyncServerConnectionManagerRequest", "result":"SYNC_SERVER_OK", "context":{"environment":"Prod_westus2_prod-s01-035-nam-westus2", "migrationStage":"NotStarted", "server":"akswtt11300000o"}}
{"logTime": "0425/194605", "correlationVector":"lecZIBjTTSys4w0y4cwzn9.2","action":"ProcessGetUpdates", "result":"Done", "context":{"dataType":"Sessions", "deleted":"0", "process_failed_to_decrypt":"0", "process_pending_decryption":"0", "process_success":"4", "total":"4"}}
{"logTime": "0425/194605", "correlationVector":"lecZIBjTTSys4w0y4cwzn9.3","action":"ProcessGetUpdates", "result":"Done", "context":{"dataType":"Device Info", "deleted":"0", "process_failed_to_decrypt":"0", "process_pending_decryption":"0", "process_success":"1", "total":"1"}}
{"logTime": "0425/194605", "correlationVector":"lecZIBjTTSys4w0y4cwzn9.4","action":"ProcessGetUpdates", "result":"Done", "context":{"dataType":"History", "deleted":"0", "process_failed_to_decrypt":"0", "process_pending_decryption":"0", "process_success":"4", "total":"4"}}
{"logTime": "0425/194605", "correlationVector":"lecZIBjTTSys4w0y4cwzn9.5","action":"GetUpdates Response", "result":"Success", "context":Received 9 update(s). cV=lecZIBjTTSys4w0y4cwzn9.0;server=akswtt11300000o;cloudType=Consumer;environment=Prod_westus2_prod-s01-035-nam-westus2;migrationStage=NotStarted}
{"logTime": "0425/194605", "correlationVector":"iGy+nnhRlRi/PZ+TcxZ0Qh","action":"DoCompareDataConsistency requsted types: ", "result":"Bookmarks, Preferences, Passwords, Extensions, Extension settings, History Delete Directives, Send Tab To Self, Web Apps, History, Saved Tab Group, WebAuthn Credentials, Collection, Edge E Drop, Edge Wallet, Edge Workspace, Encryption Keys"}
{"logTime": "0425/194605", "correlationVector":"iGy+nnhRlRi/PZ+TcxZ0Qh.0","action":"CompareDataConsistency result: ", "result":"Compare result: Encryption Keys is consistent. local entities count is: 1 local entities hash is: mnXhMM6uWcTDhSXh+l/E9Dko8pQ="}
{"logTime": "0425/194605", "correlationVector":"iGy+nnhRlRi/PZ+TcxZ0Qh.1","action":"CompareDataConsistency result: ", "result":"Compare result: Bookmarks is consistent. local entities count is: 10 local entities hash is: dRIJ8LTqVVfWU0uUl/z6w63RNiE="}
{"logTime": "0425/194605", "correlationVector":"iGy+nnhRlRi/PZ+TcxZ0Qh.2","action":"CompareDataConsistency result: ", "result":"Compare result: Preferences is consistent. local entities count is: 89 local entities hash is: bZ+mUtNKYg6qEOWYuKzN6yBhk48="}
{"logTime": "0425/194605", "correlationVector":"iGy+nnhRlRi/PZ+TcxZ0Qh.3","action":"CompareDataConsistency result: ", "result":"Compare result: Extensions is consistent. local entities count is: 2 local entities hash is: lJF09PksAwK+l2NzLIAVbQptmSg="}
{"logTime": "0425/194605", "correlationVector":"iGy+nnhRlRi/PZ+TcxZ0Qh.4","action":"CompareDataConsistency result: ", "result":"Compare result: Extension settings is consistent. local entities count is: 0 local entities hash is: "}
{"logTime": "0425/194605", "correlationVector":"iGy+nnhRlRi/PZ+TcxZ0Qh.5","action":"CompareDataConsistency result: ", "result":"Compare result: History Delete Directives is consistent. local entities count is: 0 local entities hash is: "}
{"logTime": "0425/194605", "correlationVector":"iGy+nnhRlRi/PZ+TcxZ0Qh.6","action":"CompareDataConsistency result: ", "result":"Server did not send this Send Tab To Self local entities count is: 0 local entities hash is: "}
{"logTime": "0425/194605", "correlationVector":"iGy+nnhRlRi/PZ+TcxZ0Qh.7","action":"CompareDataConsistency result: ", "result":"Compare result: Web Apps is consistent. local entities count is: 0 local entities hash is: "}
{"logTime": "0425/194605", "correlationVector":"iGy+nnhRlRi/PZ+TcxZ0Qh.8","action":"CompareDataConsistency result: ", "result":"Server did not send this History local entities count is: 0 local entities hash is: "}
{"logTime": "0425/194605", "correlationVector":"iGy+nnhRlRi/PZ+TcxZ0Qh.9","action":"CompareDataConsistency result: ", "result":"Compare result: Saved Tab Group is consistent. local entities count is: 4 local entities hash is: +GFk7KIWm5+J1ieLQgUiX21jXXI="}
{"logTime": "0425/194605", "correlationVector":"iGy+nnhRlRi/PZ+TcxZ0Qh.10","action":"CompareDataConsistency result: ", "result":"Server did not send this WebAuthn Credentials local entities count is: 0 local entities hash is: "}
{"logTime": "0425/194605", "correlationVector":"iGy+nnhRlRi/PZ+TcxZ0Qh.11","action":"CompareDataConsistency result: ", "result":"Compare result: Collection is consistent. local entities count is: 0 local entities hash is: "}
{"logTime": "0425/194605", "correlationVector":"iGy+nnhRlRi/PZ+TcxZ0Qh.12","action":"CompareDataConsistency result: ", "result":"Compare result: Edge E Drop is consistent. local entities count is: 0 local entities hash is: "}
{"logTime": "0425/194605", "correlationVector":"iGy+nnhRlRi/PZ+TcxZ0Qh.13","action":"CompareDataConsistency result: ", "result":"Compare result: Edge Wallet is consistent. local entities count is: 0 local entities hash is: "}
{"logTime": "0425/194605", "correlationVector":"iGy+nnhRlRi/PZ+TcxZ0Qh.14","action":"CompareDataConsistency result: ", "result":"Server did not send this Edge Workspace local entities count is: 0 local entities hash is: "}
{"logTime": "0425/194605", "correlationVector":"iGy+nnhRlRi/PZ+TcxZ0Qh.15","action":"CompareDataConsistency result: ", "result":"Compare result: Passwords is consistent. local entities count is: 52 local entities hash is: 1vk3mu1fhIck/yCL+rw1r53+p6g="}
{"logTime": "0425/194605", "correlationVector":"","action":"DIAGNOSTIC_REQUEST|v1/diagnosticData/Diagnostic.SendCheckResult()|SUCCESS", "result":""}
{"logTime": "0425/194633", "correlationVector":"CIb5T9i6rJaf1XEmq4SIUD","action":"Normal GetUpdate request", "result":"", "context":cV=CIb5T9i6rJaf1XEmq4SIUD
Nudged types: Sessions, History
Notified types: Passwords}
{"logTime": "0425/194633", "correlationVector":"CIb5T9i6rJaf1XEmq4SIUD.1","action":"SyncServerConnectionManagerRequest", "result":"SYNC_SERVER_OK", "context":{"environment":"Prod_westus2_prod-s01-035-nam-westus2", "migrationStage":"NotStarted", "server":"akswtt11300000r"}}
{"logTime": "0425/194633", "correlationVector":"CIb5T9i6rJaf1XEmq4SIUD.2","action":"ProcessGetUpdates", "result":"Done", "context":{"dataType":"Passwords", "deleted":"0", "process_failed_to_decrypt":"0", "process_pending_decryption":"0", "process_success":"45", "total":"45"}}
{"logTime": "0425/194633", "correlationVector":"CIb5T9i6rJaf1XEmq4SIUD.3","action":"GetUpdates Response", "result":"Success", "context":Received 45 update(s). cV=CIb5T9i6rJaf1XEmq4SIUD.0;server=akswtt11300000r;cloudType=Consumer;environment=Prod_westus2_prod-s01-035-nam-westus2;migrationStage=NotStarted}
{"logTime": "0425/194633", "correlationVector":"Yx1t1GtRZjYwXuvUsqaxX5","action":"Commit Request", "result":"", "context":Item count: 5
Contributing types: Sessions, History}
{"logTime": "0425/194634", "correlationVector":"Yx1t1GtRZjYwXuvUsqaxX5.1","action":"SyncServerConnectionManagerRequest", "result":"SYNC_SERVER_OK", "context":{"environment":"Prod_westus2_prod-s01-035-nam-westus2", "migrationStage":"NotStarted", "server":"akswtt113000004"}}
{"logTime": "0425/194634", "correlationVector":"Yx1t1GtRZjYwXuvUsqaxX5.2","action":"Commit Response", "result":"Success", "context":Result: Success. cV=Yx1t1GtRZjYwXuvUsqaxX5.0;server=akswtt113000004;cloudType=Consumer;environment=Prod_westus2_prod-s01-035-nam-westus2;migrationStage=NotStarted}
{"logTime": "0425/194634", "correlationVector":"Fg+IvVgBU4lRfMy/X/g0GT","action":"Normal GetUpdate request", "result":"", "context":cV=Fg+IvVgBU4lRfMy/X/g0GT
Nudged types: Sessions, History
Notified types: Device Info, History}
{"logTime": "0425/194634", "correlationVector":"Fg+IvVgBU4lRfMy/X/g0GT.1","action":"SyncServerConnectionManagerRequest", "result":"SYNC_SERVER_OK", "context":{"environment":"Prod_westus2_prod-s01-035-nam-westus2", "migrationStage":"NotStarted", "server":"akswtt11300000f"}}
{"logTime": "0425/194634", "correlationVector":"Fg+IvVgBU4lRfMy/X/g0GT.2","action":"ProcessGetUpdates", "result":"Done", "context":{"dataType":"Passwords", "deleted":"0", "process_failed_to_decrypt":"0", "process_pending_decryption":"0", "process_success":"6", "total":"6"}}
{"logTime": "0425/194634", "correlationVector":"Fg+IvVgBU4lRfMy/X/g0GT.3","action":"ProcessGetUpdates", "result":"Done", "context":{"dataType":"Sessions", "deleted":"0", "process_failed_to_decrypt":"0", "process_pending_decryption":"0", "process_success":"5", "total":"5"}}
{"logTime": "0425/194634", "correlationVector":"Fg+IvVgBU4lRfMy/X/g0GT.4","action":"ProcessGetUpdates", "result":"Done", "context":{"dataType":"Device Info", "deleted":"0", "process_failed_to_decrypt":"0", "process_pending_decryption":"0", "process_success":"1", "total":"1"}}
{"logTime": "0425/194634", "correlationVector":"Fg+IvVgBU4lRfMy/X/g0GT.5","action":"ProcessGetUpdates", "result":"Done", "context":{"dataType":"History", "deleted":"0", "process_failed_to_decrypt":"0", "process_pending_decryption":"0", "process_success":"9", "total":"9"}}
{"logTime": "0425/194634", "correlationVector":"Fg+IvVgBU4lRfMy/X/g0GT.6","action":"GetUpdates Response", "result":"Success", "context":Received 21 update(s). cV=Fg+IvVgBU4lRfMy/X/g0GT.0;server=akswtt11300000f;cloudType=Consumer;environment=Prod_westus2_prod-s01-035-nam-westus2;migrationStage=NotStarted}
{"logTime": "0425/194635", "correlationVector":"TvHYh2IO5mSndKYYWql1N4","action":"Normal GetUpdate request", "result":"", "context":cV=TvHYh2IO5mSndKYYWql1N4
Notified types: Passwords, History}
{"logTime": "0425/194635", "correlationVector":"TvHYh2IO5mSndKYYWql1N4.1","action":"SyncServerConnectionManagerRequest", "result":"SYNC_SERVER_OK", "context":{"environment":"Prod_westus2_prod-s01-035-nam-westus2", "migrationStage":"NotStarted", "server":"akswtt11300000u"}}
{"logTime": "0425/194635", "correlationVector":"TvHYh2IO5mSndKYYWql1N4.2","action":"GetUpdates Response", "result":"Success", "context":Received 0 update(s). cV=TvHYh2IO5mSndKYYWql1N4.0;server=akswtt11300000u;cloudType=Consumer;environment=Prod_westus2_prod-s01-035-nam-westus2;migrationStage=NotStarted}
{"logTime": "0425/194653", "correlationVector":"KlmXjke3FjG+uGf3IkeF5x","action":"Commit Request", "result":"", "context":Item count: 40
Contributing types: Passwords}
{"logTime": "0425/194654", "correlationVector":"KlmXjke3FjG+uGf3IkeF5x.1","action":"SyncServerConnectionManagerRequest", "result":"SYNC_SERVER_OK", "context":{"environment":"Prod_westus2_prod-s01-035-nam-westus2", "migrationStage":"NotStarted", "server":"akswtt11300000x"}}
{"logTime": "0425/194654", "correlationVector":"KlmXjke3FjG+uGf3IkeF5x.2","action":"Commit Response", "result":"Success", "context":Result: Success. cV=KlmXjke3FjG+uGf3IkeF5x.0;server=akswtt11300000x;cloudType=Consumer;environment=Prod_westus2_prod-s01-035-nam-westus2;migrationStage=NotStarted}
{"logTime": "0425/194654", "correlationVector":"RGvmCq/peB1aTCe7Htkjfm","action":"Commit Request", "result":"", "context":Item count: 11
Contributing types: Passwords}
{"logTime": "0425/194655", "correlationVector":"RGvmCq/peB1aTCe7Htkjfm.1","action":"SyncServerConnectionManagerRequest", "result":"SYNC_SERVER_OK", "context":{"environment":"Prod_westus2_prod-s01-035-nam-westus2", "migrationStage":"NotStarted", "server":"akswtt11300000n"}}
{"logTime": "0425/194655", "correlationVector":"RGvmCq/peB1aTCe7Htkjfm.2","action":"Commit Response", "result":"Success", "context":Result: Success. cV=RGvmCq/peB1aTCe7Htkjfm.0;server=akswtt11300000n;cloudType=Consumer;environment=Prod_westus2_prod-s01-035-nam-westus2;migrationStage=NotStarted}
{"logTime": "0425/194655", "correlationVector":"fy0MIEVDS2JdjFjhSq35LO","action":"Normal GetUpdate request", "result":"", "context":cV=fy0MIEVDS2JdjFjhSq35LO
Notified types: History}
{"logTime": "0425/194656", "correlationVector":"fy0MIEVDS2JdjFjhSq35LO.1","action":"SyncServerConnectionManagerRequest", "result":"SYNC_SERVER_OK", "context":{"environment":"Prod_westus2_prod-s01-035-nam-westus2", "migrationStage":"NotStarted", "server":"akswtt113000004"}}
{"logTime": "0425/194656", "correlationVector":"fy0MIEVDS2JdjFjhSq35LO.2","action":"ProcessGetUpdates", "result":"Done", "context":{"dataType":"Passwords", "deleted":"0", "process_failed_to_decrypt":"0", "process_pending_decryption":"0", "process_success":"51", "total":"51"}}
{"logTime": "0425/194656", "correlationVector":"fy0MIEVDS2JdjFjhSq35LO.3","action":"ProcessGetUpdates", "result":"Done", "context":{"dataType":"Sessions", "deleted":"0", "process_failed_to_decrypt":"0", "process_pending_decryption":"0", "process_success":"2", "total":"2"}}
{"logTime": "0425/194656", "correlationVector":"fy0MIEVDS2JdjFjhSq35LO.4","action":"ProcessGetUpdates", "result":"Done", "context":{"dataType":"History", "deleted":"0", "process_failed_to_decrypt":"0", "process_pending_decryption":"0", "process_success":"4", "total":"4"}}
{"logTime": "0425/194656", "correlationVector":"fy0MIEVDS2JdjFjhSq35LO.5","action":"GetUpdates Response", "result":"Success", "context":Received 57 update(s). cV=fy0MIEVDS2JdjFjhSq35LO.0;server=akswtt113000004;cloudType=Consumer;environment=Prod_westus2_prod-s01-035-nam-westus2;migrationStage=NotStarted}
{"logTime": "0425/194656", "correlationVector":"Z0Aau22+UzGeQ8JIKhKUHL","action":"Normal GetUpdate request", "result":"", "context":cV=Z0Aau22+UzGeQ8JIKhKUHL
Notified types: History}
{"logTime": "0425/194657", "correlationVector":"Z0Aau22+UzGeQ8JIKhKUHL.1","action":"SyncServerConnectionManagerRequest", "result":"SYNC_SERVER_OK", "context":{"environment":"Prod_westus2_prod-s01-035-nam-westus2", "migrationStage":"NotStarted", "server":"akswtt11300000u"}}
{"logTime": "0425/194657", "correlationVector":"Z0Aau22+UzGeQ8JIKhKUHL.2","action":"GetUpdates Response", "result":"Success", "context":Received 0 update(s). cV=Z0Aau22+UzGeQ8JIKhKUHL.0;server=akswtt11300000u;cloudType=Consumer;environment=Prod_westus2_prod-s01-035-nam-westus2;migrationStage=NotStarted}
{"logTime": "0425/194725", "correlationVector":"RzSz60v3j+Lf2YSwZlcqz1","action":"Normal GetUpdate request", "result":"", "context":cV=RzSz60v3j+Lf2YSwZlcqz1
Nudged types: Sessions, History
Notified types: Passwords}
{"logTime": "0425/194725", "correlationVector":"RzSz60v3j+Lf2YSwZlcqz1.1","action":"SyncServerConnectionManagerRequest", "result":"SYNC_SERVER_OK", "context":{"environment":"Prod_westus2_prod-s01-035-nam-westus2", "migrationStage":"NotStarted", "server":"akswtt11300000x"}}
{"logTime": "0425/194725", "correlationVector":"RzSz60v3j+Lf2YSwZlcqz1.2","action":"ProcessGetUpdates", "result":"Done", "context":{"dataType":"Passwords", "deleted":"0", "process_failed_to_decrypt":"0", "process_pending_decryption":"0", "process_success":"42", "total":"42"}}
{"logTime": "0425/194725", "correlationVector":"RzSz60v3j+Lf2YSwZlcqz1.3","action":"GetUpdates Response", "result":"Success", "context":Received 42 update(s). cV=RzSz60v3j+Lf2YSwZlcqz1.0;server=akswtt11300000x;cloudType=Consumer;environment=Prod_westus2_prod-s01-035-nam-westus2;migrationStage=NotStarted}
{"logTime": "0425/194725", "correlationVector":"/aJ4ELdnvMOQr/nF/uxNuq","action":"Commit Request", "result":"", "context":Item count: 5
Contributing types: Sessions, History}
{"logTime": "0425/194726", "correlationVector":"/aJ4ELdnvMOQr/nF/uxNuq.1","action":"SyncServerConnectionManagerRequest", "result":"SYNC_SERVER_OK", "context":{"environment":"Prod_westus2_prod-s01-035-nam-westus2", "migrationStage":"NotStarted", "server":"akswtt11300000r"}}
{"logTime": "0425/194726", "correlationVector":"/aJ4ELdnvMOQr/nF/uxNuq.2","action":"Commit Response", "result":"Success", "context":Result: Success. cV=/aJ4ELdnvMOQr/nF/uxNuq.0;server=akswtt11300000r;cloudType=Consumer;environment=Prod_westus2_prod-s01-035-nam-westus2;migrationStage=NotStarted}
{"logTime": "0425/194726", "correlationVector":"llFsCIbrERWz6UzX2Q5nRJ","action":"Normal GetUpdate request", "result":"", "context":cV=llFsCIbrERWz6UzX2Q5nRJ
Nudged types: Sessions, History
Notified types: History}
{"logTime": "0425/194726", "correlationVector":"llFsCIbrERWz6UzX2Q5nRJ.1","action":"SyncServerConnectionManagerRequest", "result":"SYNC_SERVER_OK", "context":{"environment":"Prod_westus2_prod-s01-035-nam-westus2", "migrationStage":"NotStarted", "server":"akswtt11300000n"}}
{"logTime": "0425/194726", "correlationVector":"llFsCIbrERWz6UzX2Q5nRJ.2","action":"ProcessGetUpdates", "result":"Done", "context":{"dataType":"Passwords", "deleted":"0", "process_failed_to_decrypt":"0", "process_pending_decryption":"0", "process_success":"9", "total":"9"}}
{"logTime": "0425/194726", "correlationVector":"llFsCIbrERWz6UzX2Q5nRJ.3","action":"ProcessGetUpdates", "result":"Done", "context":{"dataType":"Sessions", "deleted":"0", "process_failed_to_decrypt":"0", "process_pending_decryption":"0", "process_success":"3", "total":"3"}}
{"logTime": "0425/194726", "correlationVector":"llFsCIbrERWz6UzX2Q5nRJ.4","action":"ProcessGetUpdates", "result":"Done", "context":{"dataType":"History", "deleted":"0", "process_failed_to_decrypt":"0", "process_pending_decryption":"0", "process_success":"10", "total":"10"}}
{"logTime": "0425/194726", "correlationVector":"llFsCIbrERWz6UzX2Q5nRJ.5","action":"GetUpdates Response", "result":"Success", "context":Received 22 update(s). cV=llFsCIbrERWz6UzX2Q5nRJ.0;server=akswtt11300000n;cloudType=Consumer;environment=Prod_westus2_prod-s01-035-nam-westus2;migrationStage=NotStarted}
{"logTime": "0425/194801", "correlationVector":"IW6PE7ejd0u1kOMOyKLFHa","action":"Normal GetUpdate request", "result":"", "context":cV=IW6PE7ejd0u1kOMOyKLFHa
Notified types: Device Info, History}
{"logTime": "0425/194801", "correlationVector":"IW6PE7ejd0u1kOMOyKLFHa.1","action":"SyncServerConnectionManagerRequest", "result":"SYNC_SERVER_OK", "context":{"environment":"Prod_westus2_prod-s01-035-nam-westus2", "migrationStage":"NotStarted", "server":"akswtt11300000u"}}
{"logTime": "0425/194801", "correlationVector":"IW6PE7ejd0u1kOMOyKLFHa.2","action":"ProcessGetUpdates", "result":"Done", "context":{"dataType":"Sessions", "deleted":"0", "process_failed_to_decrypt":"0", "process_pending_decryption":"0", "process_success":"3", "total":"3"}}
{"logTime": "0425/194801", "correlationVector":"IW6PE7ejd0u1kOMOyKLFHa.3","action":"ProcessGetUpdates", "result":"Done", "context":{"dataType":"Device Info", "deleted":"0", "process_failed_to_decrypt":"0", "process_pending_decryption":"0", "process_success":"1", "total":"1"}}
{"logTime": "0425/194801", "correlationVector":"IW6PE7ejd0u1kOMOyKLFHa.4","action":"ProcessGetUpdates", "result":"Done", "context":{"dataType":"History", "deleted":"0", "process_failed_to_decrypt":"0", "process_pending_decryption":"0", "process_success":"2", "total":"2"}}
{"logTime": "0425/194801", "correlationVector":"IW6PE7ejd0u1kOMOyKLFHa.5","action":"GetUpdates Response", "result":"Success", "context":Received 6 update(s). cV=IW6PE7ejd0u1kOMOyKLFHa.0;server=akswtt11300000u;cloudType=Consumer;environment=Prod_westus2_prod-s01-035-nam-westus2;migrationStage=NotStarted}
{"logTime": "0425/194853", "correlationVector":"6HJbb5OWbtL2ABCIfHeJir","action":"Normal GetUpdate request", "result":"", "context":cV=6HJbb5OWbtL2ABCIfHeJir
Notified types: Passwords}
{"logTime": "0425/194853", "correlationVector":"6HJbb5OWbtL2ABCIfHeJir.1","action":"SyncServerConnectionManagerRequest", "result":"SYNC_SERVER_OK", "context":{"environment":"Prod_westus2_prod-s01-035-nam-westus2", "migrationStage":"NotStarted", "server":"akswtt113000001"}}
{"logTime": "0425/194853", "correlationVector":"6HJbb5OWbtL2ABCIfHeJir.2","action":"ProcessGetUpdates", "result":"Done", "context":{"dataType":"Passwords", "deleted":"0", "process_failed_to_decrypt":"0", "process_pending_decryption":"0", "process_success":"42", "total":"42"}}
{"logTime": "0425/194853", "correlationVector":"6HJbb5OWbtL2ABCIfHeJir.3","action":"GetUpdates Response", "result":"Success", "context":Received 42 update(s). cV=6HJbb5OWbtL2ABCIfHeJir.0;server=akswtt113000001;cloudType=Consumer;environment=Prod_westus2_prod-s01-035-nam-westus2;migrationStage=NotStarted}
{"logTime": "0425/194854", "correlationVector":"J807e8JnrEC8QllnKPCjHm","action":"Normal GetUpdate request", "result":"", "context":cV=J807e8JnrEC8QllnKPCjHm
Notified types: History}
{"logTime": "0425/194854", "correlationVector":"J807e8JnrEC8QllnKPCjHm.1","action":"SyncServerConnectionManagerRequest", "result":"SYNC_SERVER_OK", "context":{"environment":"Prod_westus2_prod-s01-035-nam-westus2", "migrationStage":"NotStarted", "server":"akswtt11300000x"}}
{"logTime": "0425/194854", "correlationVector":"J807e8JnrEC8QllnKPCjHm.2","action":"ProcessGetUpdates", "result":"Done", "context":{"dataType":"Passwords", "deleted":"0", "process_failed_to_decrypt":"0", "process_pending_decryption":"0", "process_success":"9", "total":"9"}}
{"logTime": "0425/194854", "correlationVector":"J807e8JnrEC8QllnKPCjHm.3","action":"ProcessGetUpdates", "result":"Done", "context":{"dataType":"Sessions", "deleted":"0", "process_failed_to_decrypt":"0", "process_pending_decryption":"0", "process_success":"2", "total":"2"}}
{"logTime": "0425/194854", "correlationVector":"J807e8JnrEC8QllnKPCjHm.4","action":"ProcessGetUpdates", "result":"Done", "context":{"dataType":"History", "deleted":"0", "process_failed_to_decrypt":"0", "process_pending_decryption":"0", "process_success":"4", "total":"4"}}
{"logTime": "0425/194854", "correlationVector":"J807e8JnrEC8QllnKPCjHm.5","action":"GetUpdates Response", "result":"Success", "context":Received 15 update(s). cV=J807e8JnrEC8QllnKPCjHm.0;server=akswtt11300000x;cloudType=Consumer;environment=Prod_westus2_prod-s01-035-nam-westus2;migrationStage=NotStarted}
{"logTime": "0425/194855", "correlationVector":"Sf1ZSHNnyhBAYgJt/dvWZg","action":"Normal GetUpdate request", "result":"", "context":cV=Sf1ZSHNnyhBAYgJt/dvWZg
Notified types: Passwords, History}
{"logTime": "0425/194855", "correlationVector":"Sf1ZSHNnyhBAYgJt/dvWZg.1","action":"SyncServerConnectionManagerRequest", "result":"SYNC_SERVER_OK", "context":{"environment":"Prod_westus2_prod-s01-035-nam-westus2", "migrationStage":"NotStarted", "server":"akswtt11300000f"}}
{"logTime": "0425/194855", "correlationVector":"Sf1ZSHNnyhBAYgJt/dvWZg.2","action":"GetUpdates Response", "result":"Success", "context":Received 0 update(s). cV=Sf1ZSHNnyhBAYgJt/dvWZg.0;server=akswtt11300000f;cloudType=Consumer;environment=Prod_westus2_prod-s01-035-nam-westus2;migrationStage=NotStarted}
{"logTime": "0425/194856", "correlationVector":"3lGc5GhL2Ndr1PQWbjQEci","action":"Normal GetUpdate request", "result":"", "context":cV=3lGc5GhL2Ndr1PQWbjQEci
Notified types: Device Info, History}
{"logTime": "0425/194856", "correlationVector":"3lGc5GhL2Ndr1PQWbjQEci.1","action":"SyncServerConnectionManagerRequest", "result":"SYNC_SERVER_OK", "context":{"environment":"Prod_westus2_prod-s01-035-nam-westus2", "migrationStage":"NotStarted", "server":"akswtt11300000f"}}
{"logTime": "0425/194856", "correlationVector":"3lGc5GhL2Ndr1PQWbjQEci.2","action":"ProcessGetUpdates", "result":"Done", "context":{"dataType":"Sessions", "deleted":"0", "process_failed_to_decrypt":"0", "process_pending_decryption":"0", "process_success":"6", "total":"6"}}
{"logTime": "0425/194856", "correlationVector":"3lGc5GhL2Ndr1PQWbjQEci.3","action":"ProcessGetUpdates", "result":"Done", "context":{"dataType":"Device Info", "deleted":"0", "process_failed_to_decrypt":"0", "process_pending_decryption":"0", "process_success":"2", "total":"2"}}
{"logTime": "0425/194856", "correlationVector":"3lGc5GhL2Ndr1PQWbjQEci.4","action":"ProcessGetUpdates", "result":"Done", "context":{"dataType":"History", "deleted":"0", "process_failed_to_decrypt":"0", "process_pending_decryption":"0", "process_success":"2", "total":"2"}}
{"logTime": "0425/194856", "correlationVector":"3lGc5GhL2Ndr1PQWbjQEci.5","action":"GetUpdates Response", "result":"Success", "context":Received 10 update(s). cV=3lGc5GhL2Ndr1PQWbjQEci.0;server=akswtt11300000f;cloudType=Consumer;environment=Prod_westus2_prod-s01-035-nam-westus2;migrationStage=NotStarted}
{"logTime": "0425/194857", "correlationVector":"F5/VbfXJ/INQTCXVVg8U5+","action":"Normal GetUpdate request", "result":"", "context":cV=F5/VbfXJ/INQTCXVVg8U5+
Notified types: Device Info, History}
{"logTime": "0425/194857", "correlationVector":"F5/VbfXJ/INQTCXVVg8U5+.1","action":"SyncServerConnectionManagerRequest", "result":"SYNC_SERVER_OK", "context":{"environment":"Prod_westus2_prod-s01-035-nam-westus2", "migrationStage":"NotStarted", "server":"akswtt11300000f"}}
{"logTime": "0425/194857", "correlationVector":"F5/VbfXJ/INQTCXVVg8U5+.2","action":"GetUpdates Response", "result":"Success", "context":Received 0 update(s). cV=F5/VbfXJ/INQTCXVVg8U5+.0;server=akswtt11300000f;cloudType=Consumer;environment=Prod_westus2_prod-s01-035-nam-westus2;migrationStage=NotStarted}
{"logTime": "0425/194904", "correlationVector":"1255AkP0CQqEIQ4/XLeMAe","action":"Normal GetUpdate request", "result":"", "context":cV=1255AkP0CQqEIQ4/XLeMAe
Notified types: Preferences, Device Info}
{"logTime": "0425/194904", "correlationVector":"1255AkP0CQqEIQ4/XLeMAe.1","action":"SyncServerConnectionManagerRequest", "result":"SYNC_SERVER_OK", "context":{"environment":"Prod_westus2_prod-s01-035-nam-westus2", "migrationStage":"NotStarted", "server":"akswtt113000001"}}
{"logTime": "0425/194904", "correlationVector":"1255AkP0CQqEIQ4/XLeMAe.2","action":"ProcessGetUpdates", "result":"Done", "context":{"dataType":"Preferences", "deleted":"0", "process_failed_to_decrypt":"0", "process_pending_decryption":"0", "process_success":"1", "total":"1"}}
{"logTime": "0425/194904", "correlationVector":"1255AkP0CQqEIQ4/XLeMAe.3","action":"ProcessGetUpdates", "result":"Done", "context":{"dataType":"Device Info", "deleted":"0", "process_failed_to_decrypt":"0", "process_pending_decryption":"0", "process_success":"1", "total":"1"}}
{"logTime": "0425/194904", "correlationVector":"1255AkP0CQqEIQ4/XLeMAe.4","action":"GetUpdates Response", "result":"Success", "context":Received 2 update(s). cV=1255AkP0CQqEIQ4/XLeMAe.0;server=akswtt113000001;cloudType=Consumer;environment=Prod_westus2_prod-s01-035-nam-westus2;migrationStage=NotStarted}
{"logTime": "0425/194905", "correlationVector":"eWVhAQKtXj1zo7chRY8Ola","action":"Normal GetUpdate request", "result":"", "context":cV=eWVhAQKtXj1zo7chRY8Ola
Notified types: History}
{"logTime": "0425/194905", "correlationVector":"eWVhAQKtXj1zo7chRY8Ola.1","action":"SyncServerConnectionManagerRequest", "result":"SYNC_SERVER_OK", "context":{"environment":"Prod_westus2_prod-s01-035-nam-westus2", "migrationStage":"NotStarted", "server":"akswtt113000005"}}
{"logTime": "0425/194905", "correlationVector":"eWVhAQKtXj1zo7chRY8Ola.2","action":"ProcessGetUpdates", "result":"Done", "context":{"dataType":"Preferences", "deleted":"0", "process_failed_to_decrypt":"0", "process_pending_decryption":"0", "process_success":"1", "total":"1"}}
{"logTime": "0425/194905", "correlationVector":"eWVhAQKtXj1zo7chRY8Ola.3","action":"ProcessGetUpdates", "result":"Done", "context":{"dataType":"Sessions", "deleted":"0", "process_failed_to_decrypt":"0", "process_pending_decryption":"0", "process_success":"2", "total":"2"}}
{"logTime": "0425/194905", "correlationVector":"eWVhAQKtXj1zo7chRY8Ola.4","action":"ProcessGetUpdates", "result":"Done", "context":{"dataType":"History", "deleted":"0", "process_failed_to_decrypt":"0", "process_pending_decryption":"0", "process_success":"4", "total":"4"}}
{"logTime": "0425/194905", "correlationVector":"eWVhAQKtXj1zo7chRY8Ola.5","action":"GetUpdates Response", "result":"Success", "context":Received 7 update(s). cV=eWVhAQKtXj1zo7chRY8Ola.0;server=akswtt113000005;cloudType=Consumer;environment=Prod_westus2_prod-s01-035-nam-westus2;migrationStage=NotStarted}
{"logTime": "0425/194906", "correlationVector":"UT/pbsOppMXC8qgCkvdeHj","action":"Normal GetUpdate request", "result":"", "context":cV=UT/pbsOppMXC8qgCkvdeHj
Notified types: Preferences}
{"logTime": "0425/194906", "correlationVector":"UT/pbsOppMXC8qgCkvdeHj.1","action":"SyncServerConnectionManagerRequest", "result":"SYNC_SERVER_OK", "context":{"environment":"Prod_westus2_prod-s01-035-nam-westus2", "migrationStage":"NotStarted", "server":"akswtt113000002"}}
{"logTime": "0425/194906", "correlationVector":"UT/pbsOppMXC8qgCkvdeHj.2","action":"GetUpdates Response", "result":"Success", "context":Received 0 update(s). cV=UT/pbsOppMXC8qgCkvdeHj.0;server=akswtt113000002;cloudType=Consumer;environment=Prod_westus2_prod-s01-035-nam-westus2;migrationStage=NotStarted}
